Args:
  Number of session tables    : 128
  Parameter of LOCA           : 4
  Monitor sleep time (ms) : 100

Started ./src/main with PID: 8
Initializing curve parameters...
Number of sessions (N): 128
Number of secrets (K): 4
06:59:46        8 root      20   0   31264  24516   4064 R 100.0   0.2   0:00.15 main
06:59:47        8 root      20   0   45112  39204   4064 R 100.0   0.2   0:00.42 main
06:59:47        8 root      20   0   65044  54680   4064 R 100.0   0.3   0:00.69 main
06:59:47        8 root      20   0   77428  62012   4064 R 100.0   0.4   0:00.95 main
06:59:47        8 root      20   0   87460  78172   4064 R  93.3   0.5   0:01.21 main
(enter) Call to r1cs_gg_ppzksnark_generator	[             ]	(1747033188.1903s x0.00 from start)
06:59:48        8 root      20   0  196244 176344   4192 R 100.0   1.1   0:01.49 main
  (enter) Call to r1cs_constraint_system::swap_AB_if_beneficial	[             ]	(1747033188.3498s x0.00 from start)
    (enter) Estimate densities                 	[             ]	(1747033188.3499s x0.00 from start)
      * Non-zero A-count (estimate): 95714
      * Non-zero B-count (estimate): 75457
    (leave) Estimate densities                 	[0.0276s x0.99]	(1747033188.3775s x0.00 from start)
    Swap is not beneficial, not performing
  (leave) Call to r1cs_constraint_system::swap_AB_if_beneficial	[0.0277s x0.99]	(1747033188.3775s x0.00 from start)
  (enter) Call to r1cs_to_qap_instance_map_with_evaluation	[             ]	(1747033188.3777s x0.00 from start)
    (enter) Compute evaluations of A, B, C, H at t	[             ]	(1747033188.3889s x0.00 from start)
06:59:48        8 root      20   0  261344 243536   4296 R 100.0   1.5   0:01.75 main
06:59:48        8 root      20   0  261344 243536   4296 R  93.8   1.5   0:02.01 main
06:59:48        8 root      20   0  261344 243536   4296 R 100.0   1.5   0:02.28 main
06:59:49        8 root      20   0  261344 243536   4296 R 100.0   1.5   0:02.55 main
06:59:49        8 root      20   0  261344 243536   4296 R 100.0   1.5   0:02.81 main
06:59:49        8 root      20   0  261344 243536   4296 R 100.0   1.5   0:03.08 main
06:59:49        8 root      20   0  261344 243536   4296 R  93.3   1.5   0:03.35 main
06:59:50        8 root      20   0  261856 244064   4296 R 100.0   1.5   0:03.62 main
06:59:50        8 root      20   0  270560 252776   4296 R 100.0   1.6   0:03.89 main
06:59:50        8 root      20   0  270560 252776   4296 R 100.0   1.6   0:04.16 main
06:59:51        8 root      20   0  270560 252776   4296 R 100.0   1.6   0:04.43 main
06:59:51        8 root      20   0  270560 252776   4296 R 100.0   1.6   0:04.69 main
06:59:51        8 root      20   0  270560 252776   4296 R 100.0   1.6   0:04.97 main
06:59:51        8 root      20   0  270560 252776   4296 R 100.0   1.6   0:05.23 main
06:59:52        8 root      20   0  270560 252776   4296 R 100.0   1.6   0:05.50 main
06:59:52        8 root      20   0  270560 252776   4296 R 100.0   1.6   0:05.77 main
    (leave) Compute evaluations of A, B, C, H at t	[4.3964s x1.00]	(1747033192.7853s x0.00 from start)
  (leave) Call to r1cs_to_qap_instance_map_with_evaluation	[4.4077s x1.00]	(1747033192.7854s x0.00 from start)
  * QAP number of variables: 136422
  * QAP pre degree: 242241
  * QAP degree: 278528
  * QAP number of input variables: 32897
  (enter) Compute query densities            	[             ]	(1747033192.7854s x0.00 from start)
  (leave) Compute query densities            	[0.0029s x1.00]	(1747033192.7883s x0.00 from start)
  (enter) Compute gamma_ABC for R1CS verification key	[             ]	(1747033192.7884s x0.00 from start)
06:59:52        8 root      20   0  270560 261276   4296 R 100.0   1.6   0:06.04 main
  (leave) Compute gamma_ABC for R1CS verification key	[0.0401s x1.00]	(1747033192.8284s x0.00 from start)
  (enter) Compute L query for R1CS proving key	[             ]	(1747033192.8285s x0.00 from start)
  (leave) Compute L query for R1CS proving key	[0.1403s x1.00]	(1747033192.9689s x0.00 from start)
  (enter) Generating G1 MSM window table     	[             ]	(1747033192.9689s x0.00 from start)
06:59:52        8 root      20   0  312712 303636   4296 R  93.3   1.9   0:06.29 main
06:59:53        8 root      20   0  312712 303636   4296 R  93.3   1.9   0:06.56 main
06:59:53        8 root      20   0  312712 303636   4296 R 100.0   1.9   0:06.84 main
06:59:53        8 root      20   0  312712 303636   4296 R 100.0   1.9   0:07.10 main
06:59:53        8 root      20   0  312712 303636   4296 R 100.0   1.9   0:07.36 main
06:59:54        8 root      20   0  312712 303636   4296 R 100.0   1.9   0:07.62 main
06:59:54        8 root      20   0  312712 303636   4296 R 100.0   1.9   0:07.89 main
06:59:54        8 root      20   0  312712 303636   4296 R 100.0   1.9   0:08.17 main
06:59:55        8 root      20   0  312712 303636   4296 R 100.0   1.9   0:08.43 main
06:59:55        8 root      20   0  312712 303636   4296 R 100.0   1.9   0:08.70 main
06:59:55        8 root      20   0  312712 303636   4296 R 100.0   1.9   0:08.97 main
06:59:55        8 root      20   0  312712 303636   4296 R  93.8   1.9   0:09.24 main
    Choosing window size 15 for 307722 elements
    * G1 window: 15
  (leave) Generating G1 MSM window table     	[3.2922s x0.99]	(1747033196.2612s x0.00 from start)
  (enter) Generating G2 MSM window table     	[             ]	(1747033196.2612s x0.00 from start)
06:59:56        8 root      20   0  340360 330036   4296 R 100.0   2.0   0:09.50 main
06:59:56        8 root      20   0  343432 334260   4296 R 100.0   2.1   0:09.78 main
06:59:56        8 root      20   0  343432 334260   4296 R  93.3   2.1   0:10.04 main
06:59:56        8 root      20   0  343432 334260   4296 R  93.8   2.1   0:10.31 main
06:59:57        8 root      20   0  343432 334260   4296 R 100.0   2.1   0:10.58 main
06:59:57        8 root      20   0  343432 334260   4296 R 100.0   2.1   0:10.85 main
06:59:57        8 root      20   0  343432 334260   4296 R 100.0   2.1   0:11.11 main
06:59:58        8 root      20   0  343432 334260   4296 R 100.0   2.1   0:11.38 main
06:59:58        8 root      20   0  343432 334260   4296 R  93.8   2.1   0:11.65 main
06:59:58        8 root      20   0  343432 334260   4296 R 100.0   2.1   0:11.92 main
06:59:58        8 root      20   0  343432 334260   4296 R  93.3   2.1   0:12.18 main
06:59:59        8 root      20   0  343432 334260   4296 R 100.0   2.1   0:12.45 main
06:59:59        8 root      20   0  343432 334260   4296 R 100.0   2.1   0:12.72 main
06:59:59        8 root      20   0  343432 334260   4296 R 100.0   2.1   0:12.99 main
06:59:59        8 root      20   0  343432 334260   4296 R 100.0   2.1   0:13.25 main
07:00:00        8 root      20   0  343432 334260   4296 R 100.0   2.1   0:13.52 main
07:00:00        8 root      20   0  343432 334260   4296 R 100.0   2.1   0:13.79 main
    Choosing window size 13 for 75457 elements
    * G2 window: 13
  (leave) Generating G2 MSM window table     	[4.4103s x1.00]	(1747033200.6716s x0.00 from start)
  (enter) Generate R1CS proving key          	[             ]	(1747033200.6717s x0.00 from start)
    (enter) Generate queries                   	[             ]	(1747033200.6908s x0.00 from start)
      (enter) Compute the A-query                	[             ]	(1747033200.6908s x0.00 from start)
      .07:00:00        8 root      20   0  356224 347120   4296 R 100.0   2.1   0:14.04 main
07:00:00        8 root      20   0  356224 347120   4296 R 100.0   2.1   0:14.31 main
07:00:01        8 root      20   0  356224 347120   4296 R 100.0   2.1   0:14.58 main
07:00:01        8 root      20   0  356224 347120   4296 R 100.0   2.1   0:14.84 main
.07:00:01        8 root      20   0  356224 347120   4296 R 100.0   2.1   0:15.11 main
07:00:02        8 root      20   0  356224 347120   4296 R 100.0   2.1   0:15.38 main
07:00:02        8 root      20   0  356224 347120   4296 R 100.0   2.1   0:15.64 main
07:00:02        8 root      20   0  356224 347120   4296 R 100.0   2.1   0:15.91 main
.07:00:02        8 root      20   0  356224 347120   4296 R  93.8   2.1   0:16.18 main
07:00:03        8 root      20   0  356224 347120   4296 R  93.3   2.1   0:16.45 main
07:00:03        8 root      20   0  356224 347120   4296 R 100.0   2.1   0:16.72 main
07:00:03        8 root      20   0  356224 347120   4296 R 100.0   2.1   0:16.99 main
07:00:03        8 root      20   0  356224 347120   4296 R 100.0   2.1   0:17.26 main
.07:00:04        8 root      20   0  356224 347120   4296 R 100.0   2.1   0:17.54 main
07:00:04        8 root      20   0  356224 347120   4296 R 100.0   2.1   0:17.81 main
07:00:04        8 root      20   0  356224 347120   4296 R 100.0   2.1   0:18.07 main
.07:00:05        8 root      20   0  356224 347120   4296 R 100.0   2.1   0:18.34 main
07:00:05        8 root      20   0  356224 347120   4296 R 100.0   2.1   0:18.61 main
.07:00:05        8 root      20   0  356224 347120   4296 R  93.3   2.1   0:18.87 main
07:00:05        8 root      20   0  356224 347120   4296 R 100.0   2.1   0:19.15 main
07:00:06        8 root      20   0  356224 347120   4296 R 100.0   2.1   0:19.42 main
.07:00:06        8 root      20   0  356224 347120   4296 R  93.8   2.1   0:19.69 main
07:00:06        8 root      20   0  356224 347120   4296 R 100.0   2.1   0:19.96 main
.07:00:06        8 root      20   0  356224 347120   4296 R 100.0   2.1   0:20.22 main
07:00:07        8 root      20   0  356224 347120   4296 R 100.0   2.1   0:20.49 main
07:00:07        8 root      20   0  356224 347120   4296 R 100.0   2.1   0:20.76 main
.07:00:07        8 root      20   0  356224 347120   4296 R 100.0   2.1   0:21.03 main
07:00:07        8 root      20   0  356224 347120   4296 R  93.8   2.1   0:21.29 main
.07:00:08        8 root      20   0  356224 347120   4296 R 100.0   2.1   0:21.56 main
07:00:08        8 root      20   0  356224 347120   4296 R 100.0   2.1   0:21.83 main
07:00:08        8 root      20   0  356224 347120   4296 R 100.0   2.1   0:22.09 main
.07:00:09        8 root      20   0  356224 347120   4296 R 100.0   2.1   0:22.36 main
07:00:09        8 root      20   0  356224 347120   4296 R 100.0   2.1   0:22.63 main
07:00:09        8 root      20   0  356224 347120   4296 R 100.0   2.1   0:22.90 main
.07:00:09        8 root      20   0  356224 347120   4296 R  93.8   2.1   0:23.17 main
07:00:10        8 root      20   0  356224 347120   4296 R 100.0   2.1   0:23.44 main
.07:00:10        8 root      20   0  356224 347120   4296 R 100.0   2.1   0:23.72 main
07:00:10        8 root      20   0  356224 347120   4296 R 100.0   2.1   0:23.99 main
07:00:10        8 root      20   0  356224 347120   4296 R 100.0   2.1   0:24.25 main
.07:00:11        8 root      20   0  356224 347120   4296 R 100.0   2.1   0:24.52 main
07:00:11        8 root      20   0  356224 347120   4296 R  66.7   2.1   0:24.74 main
 DONE!
      (leave) Compute the A-query                	[10.9990s x0.99]	(1747033211.6898s x0.00 from start)
      (enter) Compute the B-query                	[             ]	(1747033211.6899s x0.00 from start)
07:00:11        8 root      20   0  377448 347120   4296 R 100.0   2.1   0:25.01 main
07:00:12        8 root      20   0  377448 347384   4296 R  93.8   2.1   0:25.27 main
07:00:12        8 root      20   0  377448 347384   4296 R 100.0   2.1   0:25.54 main
07:00:12        8 root      20   0  377448 347384   4296 R 100.0   2.1   0:25.81 main
07:00:12        8 root      20   0  377448 347648   4296 R 100.0   2.1   0:26.08 main
07:00:13        8 root      20   0  377448 347648   4296 R  93.8   2.1   0:26.34 main
07:00:13        8 root      20   0  377448 347912   4296 R 100.0   2.1   0:26.61 main
07:00:13        8 root      20   0  377448 347912   4296 R  93.3   2.1   0:26.87 main
07:00:13        8 root      20   0  377448 347912   4296 R 100.0   2.1   0:27.14 main
07:00:14        8 root      20   0  377448 348176   4296 R 100.0   2.1   0:27.41 main
07:00:14        8 root      20   0  377448 348176   4296 R 100.0   2.1   0:27.68 main
07:00:14        8 root      20   0  377448 348440   4296 R 100.0   2.1   0:27.95 main
07:00:14        8 root      20   0  377448 348440   4296 R 100.0   2.1   0:28.21 main
07:00:15        8 root      20   0  377448 350488   4296 R  93.8   2.2   0:28.49 main
07:00:15        8 root      20   0  377448 350488   4296 R 100.0   2.2   0:28.75 main
07:00:15        8 root      20   0  377448 350488   4296 R 100.0   2.2   0:29.02 main
07:00:16        8 root      20   0  377448 350488   4296 R 100.0   2.2   0:29.29 main
07:00:16        8 root      20   0  377448 350488   4296 R 100.0   2.2   0:29.56 main
07:00:16        8 root      20   0  377448 350488   4296 R 100.0   2.2   0:29.83 main
07:00:16        8 root      20   0  377448 350488   4296 R 100.0   2.2   0:30.10 main
07:00:17        8 root      20   0  377448 350488   4296 R  93.8   2.2   0:30.37 main
07:00:17        8 root      20   0  377448 350488   4296 R 100.0   2.2   0:30.66 main
07:00:17        8 root      20   0  377448 350488   4296 R 100.0   2.2   0:30.93 main
07:00:17        8 root      20   0  377448 350488   4296 R  93.8   2.2   0:31.19 main
07:00:18        8 root      20   0  377448 350488   4296 R 100.0   2.2   0:31.46 main
07:00:18        8 root      20   0  377448 350488   4296 R 100.0   2.2   0:31.73 main
07:00:18        8 root      20   0  377448 350488   4296 R 100.0   2.2   0:32.00 main
07:00:19        8 root      20   0  377448 350488   4296 R 100.0   2.2   0:32.26 main
07:00:19        8 root      20   0  377448 350488   4296 R 100.0   2.2   0:32.53 main
07:00:19        8 root      20   0  377448 350488   4296 R 100.0   2.2   0:32.80 main
07:00:19        8 root      20   0  377448 350488   4296 R 100.0   2.2   0:33.07 main
07:00:20        8 root      20   0  377448 352536   4296 R 100.0   2.2   0:33.33 main
07:00:20        8 root      20   0  377448 352536   4296 R  93.8   2.2   0:33.60 main
07:00:20        8 root      20   0  377448 352536   4296 R 100.0   2.2   0:33.86 main
07:00:20        8 root      20   0  377448 352536   4296 R 100.0   2.2   0:34.13 main
07:00:21        8 root      20   0  377448 352536   4296 R 100.0   2.2   0:34.40 main
07:00:21        8 root      20   0  377448 352536   4296 R  93.8   2.2   0:34.67 main
07:00:21        8 root      20   0  377448 352536   4296 R 100.0   2.2   0:34.93 main
07:00:21        8 root      20   0  377448 352536   4296 R 100.0   2.2   0:35.20 main
07:00:22        8 root      20   0  377448 352536   4296 R 100.0   2.2   0:35.47 main
07:00:22        8 root      20   0  377448 352536   4296 R 100.0   2.2   0:35.74 main
07:00:22        8 root      20   0  377448 352536   4296 R 100.0   2.2   0:36.01 main
07:00:23        8 root      20   0  377448 352536   4296 R 100.0   2.2   0:36.28 main
07:00:23        8 root      20   0  377448 352536   4296 R  87.5   2.2   0:36.54 main
07:00:23        8 root      20   0  377448 352536   4296 R 100.0   2.2   0:36.81 main
07:00:23        8 root      20   0  377448 352536   4296 R 100.0   2.2   0:37.08 main
07:00:24        8 root      20   0  377448 352536   4296 R 100.0   2.2   0:37.35 main
07:00:24        8 root      20   0  377448 352536   4296 R  93.3   2.2   0:37.61 main
07:00:24        8 root      20   0  377448 352536   4296 R  93.8   2.2   0:37.88 main
07:00:24        8 root      20   0  377448 352536   4296 R 100.0   2.2   0:38.15 main
07:00:25        8 root      20   0  377448 354584   4296 R 100.0   2.2   0:38.42 main
07:00:25        8 root      20   0  377448 354584   4296 R 100.0   2.2   0:38.70 main
07:00:25        8 root      20   0  377448 354584   4296 R 100.0   2.2   0:38.96 main
07:00:26        8 root      20   0  377448 354584   4296 R 100.0   2.2   0:39.24 main
07:00:26        8 root      20   0  377448 354584   4296 R 100.0   2.2   0:39.51 main
07:00:26        8 root      20   0  377448 354584   4296 R  93.8   2.2   0:39.78 main
07:00:26        8 root      20   0  377448 354584   4296 R  93.3   2.2   0:40.04 main
07:00:27        8 root      20   0  377448 354584   4296 R 100.0   2.2   0:40.31 main
07:00:27        8 root      20   0  377448 354584   4296 R 100.0   2.2   0:40.58 main
07:00:27        8 root      20   0  377448 354584   4296 R 100.0   2.2   0:40.85 main
07:00:27        8 root      20   0  377448 354584   4296 R  93.8   2.2   0:41.11 main
07:00:28        8 root      20   0  377448 354584   4296 R 100.0   2.2   0:41.38 main
07:00:28        8 root      20   0  377448 354584   4296 R 100.0   2.2   0:41.65 main
07:00:28        8 root      20   0  377448 354584   4296 R 100.0   2.2   0:41.92 main
07:00:28        8 root      20   0  377448 354584   4296 R  93.3   2.2   0:42.18 main
07:00:29        8 root      20   0  377448 354584   4296 R  93.3   2.2   0:42.45 main
07:00:29        8 root      20   0  377448 354584   4296 R 100.0   2.2   0:42.71 main
07:00:29        8 root      20   0  377448 354584   4296 R 100.0   2.2   0:42.97 main
07:00:30        8 root      20   0  377448 356632   4296 R  93.8   2.2   0:43.24 main
07:00:30        8 root      20   0  377448 356632   4296 R  93.3   2.2   0:43.50 main
07:00:30        8 root      20   0  377448 356632   4296 R 100.0   2.2   0:43.78 main
07:00:30        8 root      20   0  377448 356632   4296 R 100.0   2.2   0:44.04 main
07:00:31        8 root      20   0  377448 356632   4296 R 100.0   2.2   0:44.31 main
07:00:31        8 root      20   0  377448 356632   4296 R 100.0   2.2   0:44.58 main
07:00:31        8 root      20   0  377448 356632   4296 R 100.0   2.2   0:44.85 main
07:00:31        8 root      20   0  377448 356632   4296 R  93.8   2.2   0:45.12 main
07:00:32        8 root      20   0  377448 356632   4296 R 100.0   2.2   0:45.38 main
07:00:32        8 root      20   0  377448 356632   4296 R 100.0   2.2   0:45.65 main
07:00:32        8 root      20   0  377448 356632   4296 R 100.0   2.2   0:45.92 main
07:00:32        8 root      20   0  377448 356632   4296 R 100.0   2.2   0:46.19 main
07:00:33        8 root      20   0  377448 356632   4296 R 100.0   2.2   0:46.46 main
07:00:33        8 root      20   0  377448 356632   4296 R 100.0   2.2   0:46.73 main
07:00:33        8 root      20   0  377448 356632   4296 R 100.0   2.2   0:46.99 main
07:00:34        8 root      20   0  377448 356632   4296 R  93.8   2.2   0:47.26 main
07:00:34        8 root      20   0  377448 356632   4296 R 100.0   2.2   0:47.53 main
07:00:34        8 root      20   0  377448 356632   4296 R 100.0   2.2   0:47.80 main
07:00:34        8 root      20   0  377448 356632   4296 R 100.0   2.2   0:48.06 main
07:00:35        8 root      20   0  377448 358680   4296 R  93.8   2.2   0:48.33 main
07:00:35        8 root      20   0  377448 358680   4296 R 100.0   2.2   0:48.60 main
07:00:35        8 root      20   0  377448 358680   4296 R 100.0   2.2   0:48.87 main
07:00:35        8 root      20   0  377448 358680   4296 R 100.0   2.2   0:49.13 main
07:00:36        8 root      20   0  377448 358680   4296 R 100.0   2.2   0:49.40 main
07:00:36        8 root      20   0  377448 358680   4296 R 100.0   2.2   0:49.67 main
07:00:36        8 root      20   0  377448 358680   4296 R 100.0   2.2   0:49.93 main
07:00:37        8 root      20   0  377448 358680   4296 R 100.0   2.2   0:50.20 main
07:00:37        8 root      20   0  377448 358680   4296 R 100.0   2.2   0:50.47 main
07:00:37        8 root      20   0  377448 358680   4296 R  93.8   2.2   0:50.74 main
07:00:37        8 root      20   0  377448 358680   4296 R 100.0   2.2   0:51.01 main
07:00:38        8 root      20   0  377448 358680   4296 R 100.0   2.2   0:51.28 main
07:00:38        8 root      20   0  377448 358680   4296 R 100.0   2.2   0:51.54 main
07:00:38        8 root      20   0  377448 358680   4296 R 100.0   2.2   0:51.81 main
07:00:38        8 root      20   0  377448 358680   4296 R  93.8   2.2   0:52.08 main
07:00:39        8 root      20   0  377448 358680   4296 R 100.0   2.2   0:52.35 main
07:00:39        8 root      20   0  377448 358680   4296 R 100.0   2.2   0:52.62 main
07:00:39        8 root      20   0  377448 358680   4296 R  93.8   2.2   0:52.88 main
07:00:39        8 root      20   0  377448 358680   4296 R 100.0   2.2   0:53.15 main
07:00:40        8 root      20   0  377448 360728   4296 R 100.0   2.2   0:53.42 main
07:00:40        8 root      20   0  377448 360728   4296 R 100.0   2.2   0:53.68 main
07:00:40        8 root      20   0  377448 360728   4296 R 100.0   2.2   0:53.95 main
07:00:41        8 root      20   0  377448 360728   4296 R  87.5   2.2   0:54.23 main
07:00:41        8 root      20   0  377448 360728   4296 R 100.0   2.2   0:54.49 main
07:00:41        8 root      20   0  377448 360728   4296 R 100.0   2.2   0:54.76 main
07:00:41        8 root      20   0  377448 360728   4296 R 100.0   2.2   0:55.03 main
07:00:42        8 root      20   0  377448 360728   4296 R 100.0   2.2   0:55.29 main
07:00:42        8 root      20   0  377448 360728   4296 R 100.0   2.2   0:55.56 main
07:00:42        8 root      20   0  377448 360728   4296 R 100.0   2.2   0:55.83 main
07:00:42        8 root      20   0  377448 360728   4296 R  93.3   2.2   0:56.09 main
07:00:43        8 root      20   0  377448 360728   4296 R 100.0   2.2   0:56.36 main
07:00:43        8 root      20   0  377448 360728   4296 R 100.0   2.2   0:56.64 main
07:00:43        8 root      20   0  377448 360728   4296 R 100.0   2.2   0:56.91 main
07:00:44        8 root      20   0  377448 360728   4296 R  93.3   2.2   0:57.17 main
07:00:44        8 root      20   0  377448 360728   4296 R 100.0   2.2   0:57.44 main
07:00:44        8 root      20   0  377448 360728   4296 R 100.0   2.2   0:57.71 main
07:00:44        8 root      20   0  377448 360728   4296 R 100.0   2.2   0:57.98 main
07:00:45        8 root      20   0  377448 362776   4296 R  93.3   2.2   0:58.24 main
07:00:45        8 root      20   0  377448 362776   4296 R 100.0   2.2   0:58.52 main
07:00:45        8 root      20   0  377448 362776   4296 R 100.0   2.2   0:58.79 main
07:00:45        8 root      20   0  377448 362776   4296 R 100.0   2.2   0:59.05 main
07:00:46        8 root      20   0  377448 362776   4296 R  93.8   2.2   0:59.32 main
07:00:46        8 root      20   0  377448 362776   4296 R 100.0   2.2   0:59.59 main
07:00:46        8 root      20   0  377448 362776   4296 R 100.0   2.2   0:59.86 main
07:00:46        8 root      20   0  377448 362776   4296 R 100.0   2.2   1:00.12 main
07:00:47        8 root      20   0  377448 362776   4296 R 100.0   2.2   1:00.39 main
07:00:47        8 root      20   0  377448 362776   4296 R 100.0   2.2   1:00.65 main
07:00:47        8 root      20   0  377448 362776   4296 R 100.0   2.2   1:00.92 main
07:00:48        8 root      20   0  377448 362776   4296 R 100.0   2.2   1:01.19 main
07:00:48        8 root      20   0  377448 362776   4296 R 100.0   2.2   1:01.46 main
07:00:48        8 root      20   0  377448 362776   4296 R  93.8   2.2   1:01.72 main
07:00:48        8 root      20   0  377448 362776   4296 R 100.0   2.2   1:01.99 main
07:00:49        8 root      20   0  377448 362776   4296 R 100.0   2.2   1:02.26 main
07:00:49        8 root      20   0  377448 362776   4296 R 100.0   2.2   1:02.53 main
07:00:49        8 root      20   0  377448 362776   4296 R 100.0   2.2   1:02.79 main
07:00:49        8 root      20   0  377448 362776   4296 R 100.0   2.2   1:03.06 main
07:00:50        8 root      20   0  377448 364824   4296 R 100.0   2.2   1:03.33 main
07:00:50        8 root      20   0  377448 364824   4296 R  93.3   2.2   1:03.60 main
07:00:50        8 root      20   0  377448 364824   4296 R 100.0   2.2   1:03.87 main
07:00:51        8 root      20   0  377448 364824   4296 R 100.0   2.2   1:04.14 main
07:00:51        8 root      20   0  377448 364824   4296 R 100.0   2.2   1:04.41 main
07:00:51        8 root      20   0  377448 364824   4296 R 100.0   2.2   1:04.67 main
07:00:51        8 root      20   0  377448 364824   4296 R 100.0   2.2   1:04.94 main
07:00:52        8 root      20   0  377448 364824   4296 R 100.0   2.2   1:05.21 main
07:00:52        8 root      20   0  377448 364824   4296 R 100.0   2.2   1:05.48 main
07:00:52        8 root      20   0  377448 364824   4296 R 100.0   2.2   1:05.74 main
07:00:52        8 root      20   0  377448 364824   4296 R  93.3   2.2   1:06.00 main
07:00:53        8 root      20   0  377448 364824   4296 R 100.0   2.2   1:06.26 main
07:00:53        8 root      20   0  377448 364824   4296 R 100.0   2.2   1:06.53 main
07:00:53        8 root      20   0  377448 364824   4296 R 100.0   2.2   1:06.80 main
07:00:53        8 root      20   0  377448 364824   4296 R 100.0   2.2   1:07.06 main
07:00:54        8 root      20   0  377448 364824   4296 R 100.0   2.2   1:07.33 main
07:00:54        8 root      20   0  377448 364824   4296 R 100.0   2.2   1:07.60 main
07:00:54        8 root      20   0  377448 364824   4296 R  93.8   2.2   1:07.86 main
07:00:55        8 root      20   0  377448 366872   4296 R 100.0   2.3   1:08.13 main
07:00:55        8 root      20   0  377448 366872   4296 R 100.0   2.3   1:08.40 main
07:00:55        8 root      20   0  377448 366872   4296 R  93.3   2.3   1:08.66 main
07:00:55        8 root      20   0  377448 366872   4296 R  93.8   2.3   1:08.93 main
07:00:56        8 root      20   0  377448 366872   4296 R 100.0   2.3   1:09.20 main
07:00:56        8 root      20   0  377448 366872   4296 R 100.0   2.3   1:09.47 main
07:00:56        8 root      20   0  377448 366872   4296 R 100.0   2.3   1:09.73 main
07:00:56        8 root      20   0  377448 366872   4296 R  93.8   2.3   1:10.00 main
07:00:57        8 root      20   0  377448 366872   4296 R 100.0   2.3   1:10.27 main
07:00:57        8 root      20   0  377448 366872   4296 R 100.0   2.3   1:10.53 main
07:00:57        8 root      20   0  377448 366872   4296 R 100.0   2.3   1:10.80 main
07:00:57        8 root      20   0  377448 366872   4296 R 100.0   2.3   1:11.07 main
07:00:58        8 root      20   0  377448 366872   4296 R 100.0   2.3   1:11.33 main
07:00:58        8 root      20   0  377448 366872   4296 R 100.0   2.3   1:11.60 main
07:00:58        8 root      20   0  377448 366872   4296 R  86.7   2.3   1:11.85 main
07:00:59        8 root      20   0  377448 366872   4296 R  93.8   2.3   1:12.12 main
07:00:59        8 root      20   0  377448 366872   4296 R 100.0   2.3   1:12.39 main
07:00:59        8 root      20   0  377448 366872   4296 R 100.0   2.3   1:12.65 main
07:00:59        8 root      20   0  377448 366872   4296 R  93.8   2.3   1:12.92 main
07:01:00        8 root      20   0  377448 366872   4296 R 100.0   2.3   1:13.19 main
07:01:00        8 root      20   0  377448 367100   4296 R  87.5   2.3   1:13.46 main
07:01:00        8 root      20   0  377448 367100   4296 R 100.0   2.3   1:13.73 main
07:01:00        8 root      20   0  377448 367364   4296 R 100.0   2.3   1:13.99 main
07:01:01        8 root      20   0  377448 367364   4296 R 100.0   2.3   1:14.27 main
07:01:01        8 root      20   0  377448 367628   4296 R 100.0   2.3   1:14.54 main
07:01:01        8 root      20   0  377448 367628   4296 R 100.0   2.3   1:14.80 main
07:01:02        8 root      20   0  377448 367628   4296 R 100.0   2.3   1:15.07 main
07:01:02        8 root      20   0  377448 367892   4296 R 100.0   2.3   1:15.34 main
07:01:02        8 root      20   0  377448 367892   4296 R 100.0   2.3   1:15.60 main
07:01:02        8 root      20   0  377448 368156   4296 R 100.0   2.3   1:15.87 main
07:01:03        8 root      20   0  377448 368156   4296 R 100.0   2.3   1:16.14 main
07:01:03        8 root      20   0  377448 368156   4296 R  93.3   2.3   1:16.40 main
      Non-zero coordinate count: 75457/136423 (55.31%)
      (leave) Compute the B-query               Non-zero coordinate count: 75457/136423 (55.31%)
      (leave) Compute the B-query                	[52.0232s x0.99]	(1747033263.5920s x0.00 from start)
      (enter07:01:03        8 root      20   0  403560 394328   4296 R  93.3   2.4   1:16.66 main
07:01:03        8 root      20   0  403560 394328   4296 R  93.8   2.4   1:16.93 main
07:01:04        8 root      20   0  403560 394328   4296 R  93.8   2.4   1:17.20 main
07:01:04        8 root      20   0  403560 394328   4296 R 100.0   2.4   1:17.47 main
.07:01:04        8 root      20   0  403560 394328   4296 R 100.0   2.4   1:17.74 main
07:01:04        8 root      20   0  403560 394328   4296 R 100.0   2.4   1:18.00 main
07:01:05        8 root      20   0  403560 394328   4296 R 100.0   2.4   1:18.27 main
07:01:05        8 root      20   0  403560 394328   4296 R 100.0   2.4   1:18.54 main
.07:01:05        8 root      20   0  403560 394328   4296 R 100.0   2.4   1:18.81 main
07:01:06        8 root      20   0  403560 394328   4296 R 100.0   2.4   1:19.08 main
07:01:06        8 root      20   0  403560 394328   4296 R 100.0   2.4   1:19.35 main
07:01:06        8 root      20   0  403560 394328   4296 R 100.0   2.4   1:19.61 main
.07:01:06        8 root      20   0  403560 394328   4296 R  93.8   2.4   1:19.88 main
07:01:07        8 root      20   0  403560 394328   4296 R 100.0   2.4   1:20.15 main
07:01:07        8 root      20   0  403560 394328   4296 R 100.0   2.4   1:20.42 main
07:01:07        8 root      20   0  403560 394328   4296 R 100.0   2.4   1:20.69 main
.07:01:07        8 root      20   0  403560 394328   4296 R  93.8   2.4   1:20.95 main
07:01:08        8 root      20   0  403560 394328   4296 R 100.0   2.4   1:21.22 main
07:01:08        8 root      20   0  403560 394328   4296 R 100.0   2.4   1:21.48 main
07:01:08        8 root      20   0  403560 394328   4296 R 100.0   2.4   1:21.75 main
07:01:08        8 root      20   0  403560 394328   4296 R 100.0   2.4   1:22.02 main
.07:01:09        8 root      20   0  403560 394328   4296 R 100.0   2.4   1:22.29 main
07:01:09        8 root      20   0  403560 394328   4296 R 100.0   2.4   1:22.55 main
07:01:09        8 root      20   0  403560 394328   4296 R 100.0   2.4   1:22.82 main
07:01:10        8 root      20   0  403560 394328   4296 R  87.5   2.4   1:23.08 main
.07:01:10        8 root      20   0  403560 394328   4296 R 100.0   2.4   1:23.35 main
07:01:10        8 root      20   0  403560 394328   4296 R 100.0   2.4   1:23.63 main
07:01:10        8 root      20   0  403560 394328   4296 R  73.3   2.4   1:23.86 main
07:01:11        8 root      20   0  403560 394328   4296 R 100.0   2.4   1:24.13 main
.07:01:11        8 root      20   0  403560 394328   4296 R  93.8   2.4   1:24.40 main
07:01:11        8 root      20   0  403560 394328   4296 R 100.0   2.4   1:24.66 main
07:01:11        8 root      20   0  403560 394328   4296 R 100.0   2.4   1:24.93 main
07:01:12        8 root      20   0  403560 394328   4296 R 100.0   2.4   1:25.20 main
.07:01:12        8 root      20   0  403560 394328   4296 R 100.0   2.4   1:25.47 main
07:01:12        8 root      20   0  403560 394328   4296 R 100.0   2.4   1:25.74 main
07:01:13        8 root      20   0  403560 394328   4296 R 100.0   2.4   1:26.01 main
07:01:13        8 root      20   0  403560 394328   4296 R  93.8   2.4   1:26.27 main
07:01:13        8 root      20   0  403560 394328   4296 R 100.0   2.4   1:26.54 main
.07:01:13        8 root      20   0  403560 394328   4296 R 100.0   2.4   1:26.81 main
07:01:14        8 root      20   0  403560 394328   4296 R 100.0   2.4   1:27.08 main
07:01:14        8 root      20   0  403560 394328   4296 R 100.0   2.4   1:27.34 main
07:01:14        8 root      20   0  403560 394328   4296 R  93.8   2.4   1:27.61 main
.07:01:14        8 root      20   0  403560 394328   4296 R 100.0   2.4   1:27.88 main
07:01:15        8 root      20   0  403560 394328   4296 R 100.0   2.4   1:28.14 main
07:01:15        8 root      20   0  403560 394328   4296 R 100.0   2.4   1:28.41 main
07:01:15        8 root      20   0  403560 394328   4296 R  93.8   2.4   1:28.68 main
.07:01:15        8 root      20   0  403560 394328   4296 R 100.0   2.4   1:28.94 main
07:01:16        8 root      20   0  403560 394328   4296 R 100.0   2.4   1:29.21 main
07:01:16        8 root      20   0  403560 394328   4296 R 100.0   2.4   1:29.49 main
07:01:16        8 root      20   0  403560 394328   4296 R  86.7   2.4   1:29.75 main
.07:01:17        8 root      20   0  403560 394328   4296 R 100.0   2.4   1:30.02 main
07:01:17        8 root      20   0  403560 394328   4296 R 100.0   2.4   1:30.29 main
07:01:17        8 root      20   0  403560 394328   4296 R 100.0   2.4   1:30.55 main
07:01:17        8 root      20   0  403560 394328   4296 R 100.0   2.4   1:30.82 main
.07:01:18        8 root      20   0  403560 394328   4296 R 100.0   2.4   1:31.09 main
07:01:18        8 root      20   0  403560 394328   4296 R  93.8   2.4   1:31.35 main
07:01:18        8 root      20   0  403560 394328   4296 R 100.0   2.4   1:31.62 main
07:01:18        8 root      20   0  403560 394328   4296 R 100.0   2.4   1:31.89 main
.07:01:19        8 root      20   0  403560 394328   4296 R 100.0   2.4   1:32.15 main.07:01:19        8 root      20   0  403560 394328   4296 R 100.0   2.4   1:32.42 main
07:01:19        8 root      20   0  403560 394328   4296 R 100.0   2.4   1:32.69 main
07:01:20        8 root      20   0  403560 394328   4296 R 100.0   2.4   1:32.96 main
07:01:20        8 root      20   0  403560 394328   4296 R 100.0   2.4   1:33.22 main
.07:01:20        8 root      20   0  403560 394328   4296 R 100.0   2.4   1:33.49 main
07:01:20        8 root      20   0  403560 394328   4296 R  93.8   2.4   1:33.76 main
07:01:21        8 root      20   0  403560 394328   4296 R 100.0   2.4   1:34.03 main
07:01:21        8 root      20   0  403560 394328   4296 R 100.0   2.4   1:34.29 main
.07:01:21        8 root      20   0  403560 394328   4296 R 100.0   2.4   1:34.56 main
07:01:21        8 root      20   0  403560 394328   4296 R  87.5   2.4   1:34.82 main
07:01:22        8 root      20   0  403560 394328   4296 R 100.0   2.4   1:35.10 main
07:01:22        8 root      20   0  403560 394328   4296 R 100.0   2.4   1:35.36 main
.07:01:22        8 root      20   0  403560 394328   4296 R 100.0   2.4   1:35.63 main
07:01:22        8 root      20   0  403560 394328   4296 R 100.0   2.4   1:35.87 main
07:01:23        8 root      20   0  403560 394328   4296 R  93.8   2.4   1:36.14 main
07:01:23        8 root      20   0  403560 394328   4296 R  93.3   2.4   1:36.40 main
.07:01:23        8 root      20   0  403560 394328   4296 R 100.0   2.4   1:36.67 main
07:01:24        8 root      20   0  403560 394328   4296 R 100.0   2.4   1:36.94 main
07:01:24        8 root      20   0  403560 394328   4296 R 100.0   2.4   1:37.21 main
07:01:24        8 root      20   0  403560 394328   4296 R  93.8   2.4   1:37.47 main
.07:01:24        8 root      20   0  403560 394328   4296 R 100.0   2.4   1:37.74 main.07:01:25        8 root      20   0  403560 394328   4296 R 100.0   2.4   1:38.01 main
07:01:25        8 root      20   0  403560 394328   4296 R 100.0   2.4   1:38.28 main
07:01:25        8 root      20   0  403560 394328   4296 R  93.8   2.4   1:38.54 main
07:01:25        8 root      20   0  403560 394328   4296 R 100.0   2.4   1:38.81 main
.07:01:26        8 root      20   0  403560 394328   4296 R 100.0   2.4   1:39.09 main
07:01:26        8 root      20   0  403560 394328   4296 R 100.0   2.4   1:39.35 main
07:01:26        8 root      20   0  403560 394328   4296 R 100.0   2.4   1:39.62 main
07:01:26        8 root      20   0  403560 394328   4296 R  93.3   2.4   1:39.88 main
.07:01:27        8 root      20   0  403560 394328   4296 R 100.0   2.4   1:40.15 main
07:01:27        8 root      20   0  403560 394328   4296 R 100.0   2.4   1:40.42 main
07:01:27        8 root      20   0  403560 394328   4296 R 100.0   2.4   1:40.69 main
07:01:28        8 root      20   0  403560 394328   4296 R 100.0   2.4   1:40.95 main
.07:01:28        8 root      20   0  403560 394328   4296 R 100.0   2.4   1:41.22 main
07:01:28        8 root      20   0  403560 394328   4296 R 100.0   2.4   1:41.49 main
07:01:28        8 root      20   0  403560 394328   4296 R  86.7   2.4   1:41.73 main
07:01:29        8 root      20   0  403560 394328   4296 R 100.0   2.4   1:42.00 main
.07:01:29        8 root      20   0  403560 394328   4296 R 100.0   2.4   1:42.26 main
07:01:29        8 root      20   0  403560 394328   4296 R 100.0   2.4   1:42.53 main
07:01:29        8 root      20   0  403560 394328   4296 R 100.0   2.4   1:42.80 main
07:01:30        8 root      20   0  403560 394328   4296 R 100.0   2.4   1:43.06 main
.07:01:30        8 root      20   0  403560 394328   4296 R 100.0   2.4   1:43.34 main.07:01:30        8 root      20   0  403560 394328   4296 R  93.3   2.4   1:43.60 main
07:01:31        8 root      20   0  403560 394328   4296 R 100.0   2.4   1:43.87 main
07:01:31        8 root      20   0  403560 394328   4296 R 100.0   2.4   1:44.14 main
07:01:31        8 root      20   0  403560 394328   4296 R 100.0   2.4   1:44.41 main
207:01:31        8 root      20   0  403560 394328   4296 R 100.0   2.4   1:44.67 main
07:01:32        8 root      20   0  403560 394328   4296 R 100.0   2.4   1:44.94 main
07:01:32        8 root      20   0  403560 394328   4296 R  93.3   2.4   1:45.20 main
07:01:32        8 root      20   0  403560 394328   4296 R  93.8   2.4   1:45.47 main
.07:01:32        8 root      20   0  403560 394328   4296 R 100.0   2.4   1:45.74 main
07:01:33        8 root      20   0  403560 394328   4296 R 100.0   2.4   1:46.01 main
07:01:33        8 root      20   0  403560 394328   4296 R  93.3   2.4   1:46.27 main
07:01:33        8 root      20   0  403560 394328   4296 R 100.0   2.4   1:46.54 main
.07:01:33        8 root      20   0  403560 394328   4296 R  93.8   2.4   1:46.81 main
07:01:34        8 root      20   0  403560 394328   4296 R 100.0   2.4   1:47.08 main
07:01:34        8 root      20   0  403560 394328   4296 R 100.0   2.4   1:47.34 main
07:01:34        8 root      20   0  403560 394328   4296 R 100.0   2.4   1:47.61 main
07:01:34        8 root      20   0  403560 394384   4280 R  86.7   2.4   1:47.80 main
 DONE!
      (leave) Compute the H-query                	[31.4095s x0.99]	(1747033295.0016s x0.00 from start)
      (enter07:01:35        8 root      20   0  413264 404088   4296 R 100.0   2.5   1:47.88 main
07:01:35        8 root      20   0  413264 404088   4296 R 100.0   2.5   1:48.15 main
07:01:35        8 root      20   0  413264 404088   4296 R 100.0   2.5   1:48.42 main
07:01:35        8 root      20   0  413264 404088   4296 R 100.0   2.5   1:48.69 main
.07:01:36        8 root      20   0  413264 404088   4296 R 100.0   2.5   1:48.96 main
07:01:36        8 root      20   0  413264 404088   4296 R 100.0   2.5   1:49.22 main
07:01:36        8 root      20   0  413264 404088   4296 R 100.0   2.5   1:49.49 main
07:01:36        8 root      20   0  413264 404088   4296 R  93.3   2.5   1:49.75 main
.07:01:37        8 root      20   0  413264 404088   4296 R 100.0   2.5   1:50.03 main
07:01:37        8 root      20   0  413264 404088   4296 R 100.0   2.5   1:50.29 main
07:01:37        8 root      20   0  413264 404088   4296 R  93.8   2.5   1:50.56 main
07:01:37        8 root      20   0  413264 404088   4296 R  93.8   2.5   1:50.83 main
.07:01:38        8 root      20   0  413264 404088   4296 R 100.0   2.5   1:51.10 main
07:01:38        8 root      20   0  413264 404088   4296 R  93.3   2.5   1:51.36 main
07:01:38        8 root      20   0  413264 404088   4296 R 100.0   2.5   1:51.63 main
07:01:39        8 root      20   0  413264 404088   4296 R  93.8   2.5   1:51.90 main
.07:01:39        8 root      20   0  413264 404088   4296 R 100.0   2.5   1:52.17 main.07:01:39        8 root      20   0  413264 404088   4296 R 100.0   2.5   1:52.44 main
07:01:39        8 root      20   0  413264 404088   4296 R 100.0   2.5   1:52.72 main
07:01:40        8 root      20   0  413264 404088   4296 R 100.0   2.5   1:52.99 main
.07:01:40        8 root      20   0  413264 404088   4296 R  93.8   2.5   1:53.25 main207:01:40        8 root      20   0  413264 404088   4296 R 100.0   2.5   1:53.52 main
07:01:40        8 root      20   0  413264 404088   4296 R 100.0   2.5   1:53.80 main
07:01:41        8 root      20   0  413264 404088   4296 R 100.0   2.5   1:54.07 main
07:01:41        8 root      20   0  413264 404088   4296 R 100.0   2.5   1:54.33 main
207:01:41        8 root      20   0  413264 404088   4296 R  93.8   2.5   1:54.60 main
07:01:42        8 root      20   0  413264 404088   4296 R 100.0   2.5   1:54.87 main
07:01:42        8 root      20   0  413264 404088   4296 R 100.0   2.5   1:55.13 main
07:01:42        8 root      20   0  413264 404088   4296 R 100.0   2.5   1:55.40 main
.07:01:42        8 root      20   0  413264 404088   4296 R  93.8   2.5   1:55.67 main
07:01:43        8 root      20   0  413264 404088   4296 R  93.3   2.5   1:55.93 main
07:01:43        8 root      20   0  413264 404088   4296 R 100.0   2.5   1:56.20 main
07:01:43        8 root      20   0  413264 404088   4296 R 100.0   2.5   1:56.47 main
.07:01:43        8 root      20   0  413264 404088   4296 R 100.0   2.5   1:56.74 main
07:01:44        8 root      20   0  413264 404088   4296 R 100.0   2.5   1:57.00 main
07:01:44        8 root      20   0  413264 404088   4296 R 100.0   2.5   1:57.27 main
07:01:44        8 root      20   0  413264 404088   4296 R 100.0   2.5   1:57.54 main
.07:01:44        8 root      20   0  413264 404088   4296 R 100.0   2.5   1:57.80 main.07:01:45        8 root      20   0  413264 404088   4296 R  93.8   2.5   1:58.08 main
07:01:45        8 root      20   0  413264 404088   4296 R 100.0   2.5   1:58.35 main
07:01:45        8 root      20   0  413264 404088   4296 R 100.0   2.5   1:58.61 main
.07:01:46        8 root      20   0  413264 404088   4296 R 100.0   2.5   1:58.88 main207:01:46        8 root      20   0  413264 404088   4296 R  93.8   2.5   1:59.15 main
 DONE!
      (leave) Compute the L-query                	[11.6430s x1.00]	(1747033306.5599s x0.00 DONE!
      (leave) Compute the L-query                	[11.6537s x0.99]	(1747033306.6554s x0.00 from start)
    (leave) Generate queries                   	[106.0349s x0.99]	(1747033306.6555s x0.00 from start)
  (leave) Generate R1CS proving key          	[106.0536s x0.99]	(1747033306.6555s x0.00 from start)
  (enter) Generate R1CS verification key     	[             ]	(1747033306.6555s x0.00 from start)
    (enter) Call to alt_bn128_ate_reduced_pairing	[             ]	(1747033306.6555s x0.00 from start)
      (enter) Call to alt_bn128_ate_pairing      	[             ]	(1747033306.6555s x0.00 from start)
        (enter) Call to alt_bn128_ate_precompute_G1	[             ]	(1747033306.6556s x0.00 from start)
        (leave) Call to alt_bn128_ate_precompute_G1	[0.0000s x1.10]	(1747033306.6556s x0.00 from start)
        (enter) Call to alt_bn128_ate_precompute_G2	[             ]	(1747033306.6556s x0.00 from start)
        (leave) Call to alt_bn128_ate_precompute_G2	[0.0024s x1.00]	(1747033306.6580s x0.00 from start)
        (enter) Call to alt_bn128_ate_miller_loop  	[             ]	(1747033306.6580s x0.00 from start)
        (leave) Call to alt_bn128_ate_miller_loop  	[0.0058s x1.00]	(1747033306.6639s x0.00 from start)
      (leave) Call to alt_bn128_ate_pairing      	[0.0083s x1.00]	(1747033306.6639s x0.00 from start)
      (enter) Call to alt_bn128_final_exponentiation	[             ]	(1747033306.6639s x0.00 from start)
        (enter) Call to alt_bn128_final_exponentiation_first_chunk	[             ]	(1747033306.6639s x0.00 from start)
        (leave) Call to alt_bn128_final_exponentiation_first_chunk	[0.0002s x1.01]	(1747033306.6642s x0.00 from start)
        (enter) Call to alt_bn128_final_exponentiation_last_chunk	[             ]	(1747033306.6642s x0.00 from start)
          (enter) Call to alt_bn128_exp_by_neg_z     	[             ]	(1747033306.6642s x0.00 from start)
          (leave) Call to alt_bn128_exp_by_neg_z     	[0.0031s x1.00]	(1747033306.6674s x0.00 from start)
          (enter) Call to alt_bn128_exp_by_neg_z     	[             ]	(1747033306.6675s x0.00 from start)
          (leave) Call to alt_bn128_exp_by_neg_z     	[0.0031s x1.00]	(1747033306.6706s x0.00 from start)
          (enter) Call to alt_bn128_exp_by_neg_z     	[             ]	(1747033306.6707s x0.00 from start)
          (leave) Call to alt_bn128_exp_by_neg_z     	[0.0031s x1.00]	(1747033306.6738s x0.00 from start)
        (leave) Call to alt_bn128_final_exponentiation_last_chunk	[0.0102s x1.00]	(1747033306.6743s x0.00 from start)
      (leave) Call to alt_bn128_final_exponentiation	[0.0105s x1.00]	(1747033306.6744s x0.00 from start)
    (leave) Call to alt_bn128_ate_reduced_pairing	[0.0189s x1.00]	(1747033306.6744s x0.00 from start)
    (enter) Encod07:01:46        8 root      20   0  416348 407256   4296 R 100.0   2.5   1:59.41 main
07:01:46        8 root      20   0  416348 407256   4296 R  86.7   2.5   1:59.66 main
07:01:47        8 root      20   0  416348 407256   4296 R 100.0   2.5   1:59.92 main
07:01:47        8 root      20   0  416348 407256   4296 R 100.0   2.5   2:00.19 main
.07:01:47        8 root      20   0  416348 407256   4296 R 100.0   2.5   2:00.45 main
07:01:47        8 root      20   0  416348 407256   4296 R  93.3   2.5   2:00.72 main
07:01:48        8 root      20   0  416348 407256   4296 R 100.0   2.5   2:00.99 main
07:01:48        8 root      20   0  416348 407256   4296 R 100.0   2.5   2:01.26 main
.07:01:48        8 root      20   0  416348 407256   4296 R 100.0   2.5   2:01.53 main.07:01:49        8 root      20   0  416348 407256   4296 R 100.0   2.5   2:01.79 main
07:01:49        8 root      20   0  416348 407256   4296 R  93.8   2.5   2:02.06 main
07:01:49        8 root      20   0  416348 407256   4296 R 100.0   2.5   2:02.33 main
07:01:49        8 root      20   0  416348 407256   4296 R 100.0   2.5   2:02.60 main
207:01:50        8 root      20   0  416348 407256   4296 R 100.0   2.5   2:02.86 main
 DONE!
    (leave) Encode gamma_ABC for R1CS verification key	[3.7229s x0.99]	(1747033310.3084s x DONE!
    (leave) Encode gamma_ABC for R1CS verification key	[3.6948s x0.99]	(1747033310.3765s x0.00 from start)
  (leave) Generate R1CS verification key     	[3.7210s x0.99]	(1747033310.3765s x0.00 from start)
(07:01:50        8 root      20   0  419432 412404   4296 R  93.3   2.5   2:03.13 main
* G1 elements in PK: 654899
* Non-zero G1 elements in PK: 593933
* G2 elements in PK: 136424
* No* G1 elements in PK: 654899
* Non-zero G1 elements in PK: 593933
* G2 elements in PK: 136424
* Non-zero G2 elements in PK: 75458
* PK size in bits: 194690285
* G1 elements in VK: 32897
* G2 elements in VK: 2
* GT elements in VK: 1
* VK size in bits: 10495416
(enter) Call to r1cs_gg_ppzksnark_prover   	[             ]	(1747033310.7975s x0.00 from start)
  (enter) Compute the polynomial H           	[             ]	(1747033310.7976s x0.00 from start)
    (enter) Call to r1cs_to_qap_witness_map    	[             ]	(1747033310.7977s x0.00 from start)
      (enter) Compute evaluation of polynomials A, B on set S	[             ]	(1747033310.8009s x0.00 from start)
07:01:50        8 root      20   0  419432 412404   4296 R  93.3   2.5   2:03.66 main
      (leave) Compute evaluation of polynomials A, B on set S	[0.3679s x1.00]	(1747033311.0990s x      (leave) Compute evaluation of polynomials A, B on set S	[0.3672s x1.00]	(1747033311.1682s x0.00 from start)
      07:01:51        8 root      20   0  419432 412404   4296 R 100.0   2.5   2:03.93 main
07:01:51        8 root      20   0  419432 412404   4296 R 100.0   2.5   2:04.20 main
07:01:51        8 root      20   0  419432 412404   4296 R 100.0   2.5   2:04.46 main
07:01:51        8 root      20   0  419432 412404   4296 R 100.0   2.5   2:04.73 main
07:01:52        8 root      20   0  419432 412404   4296 R 100.0   2.5   2:05.00 main
07:01:52        8 root      20   0  419432 412404   4296 R 100.0   2.5   2:05.26 main
07:01:52        8 root      20   0  419432 412404   4296 R 100.0   2.5   2:05.53 main
07:01:53        8 root      20   0  419432 412404   4296 R 100.0   2.5   2:05.80 main
07:01:53        8 root      20   0  419432 412404   4296 R  93.8   2.5   2:06.06 main
07:01:53        8 root      20   0  419432 413248   4280 R 100.0   2.5   2:06.23 main
      (leave) Compute coefficients of polynomial A	[2.3594s x0.99]	(1747033313.5276s x0.00 from start)
      07:01:53        8 root      20   0  419432 412404   4296 R 100.0   2.5   2:06.33 main
07:01:53        8 root      20   0  419432 412404   4296 R  93.3   2.5   2:06.59 main
07:01:54        8 root      20   0  419432 412404   4296 R 100.0   2.5   2:06.86 main
07:01:54        8 root      20   0  419432 412404   4296 R 100.0   2.5   2:07.13 main
07:01:54        8 root      20   0  419432 412404   4296 R 100.0   2.5   2:07.40 main
07:01:54        8 root      20   0  419432 412404   4296 R  93.8   2.5   2:07.67 main
07:01:55        8 root      20   0  419432 412404   4296 R 100.0   2.5   2:07.94 main
07:01:55        8 root      20   0  419432 412404   4296 R  93.8   2.5   2:08.21 main
      (leave) Compute coefficients of polynomial B	[2.3273s x1.00]	(1747033315.7776s x0.00 from s      (leave) Compute coefficients of polynomial B	[2.3033s x1.00]	(1747033315.8310s x0.00 from start)
     07:01:55        8 root      20   0  419432 412404   4296 R 100.0   2.5   2:08.47 main
      (leave) Compute ZK-patch                   	[0.1812s x1.00]	(1747033315.9589s x0.00 from st      (leave) Compute ZK-patch                   	[0.1811s x1.00]	(1747033316.0122s x0.00 from start)
      (enter)07:01:55        8 root      20   0  419432 412404   4296 R 100.0   2.5   2:08.74 main
07:01:56        8 root      20   0  419432 412404   4296 R 100.0   2.5   2:09.01 main
07:01:56        8 root      20   0  419432 412404   4296 R 100.0   2.5   2:09.28 main
07:01:56        8 root      20   0  419432 412404   4296 R 100.0   2.5   2:09.55 main
07:01:57        8 root      20   0  419432 412404   4296 R 100.0   2.5   2:09.82 main
07:01:57        8 root      20   0  419432 412404   4296 R 100.0   2.5   2:10.08 main
07:01:57        8 root      20   0  419432 412404   4296 R 100.0   2.5   2:10.35 main
07:01:57        8 root      20   0  419432 412404   4296 R 100.0   2.5   2:10.61 main
07:01:58        8 root      20   0  419432 412404   4296 R 100.0   2.5   2:10.88 main
      (leave) Compute evaluation of polynomial A on set T	[2.4423s x1.00]	(1747033318.4012s x0.00      (leave) Compute evaluation of polynomial A on set T	[2.4294s x1.00]	(1747033318.4417s x0.00 from start)
      (enter)07:01:58        8 root      20   0  419432 412404   4296 R 100.0   2.5   2:11.15 main
07:01:58        8 root      20   0  419432 412404   4296 R  73.3   2.5   2:11.38 main
07:01:58        8 root      20   0  419432 412404   4296 R 100.0   2.5   2:11.65 main
07:01:59        8 root      20   0  419432 412404   4296 R 100.0   2.5   2:11.92 main
07:01:59        8 root      20   0  419432 412404   4296 R 100.0   2.5   2:12.18 main
07:01:59        8 root      20   0  419432 412404   4296 R 100.0   2.5   2:12.45 main
07:01:59        8 root      20   0  419432 412404   4296 R 100.0   2.5   2:12.72 main
07:02:00        8 root      20   0  419432 412404   4296 R 100.0   2.5   2:12.98 main
07:02:00        8 root      20   0  419432 412404   4296 R 100.0   2.5   2:13.25 main
      (leave) Compute evaluation of polynomial B on set T	[2.4723s x0.98]	(1747033320.8736s x0.00      (leave) Compute evaluation of polynomial B on set T	[2.4406s x1.00]	(1747033320.8824s x0.00 from start)
      (enter)07:02:00        8 root      20   0  419432 412404   4296 R 100.0   2.5   2:13.51 main
        (enter) Compute evaluation of polynomial C on set S	[             ]	(1747033320.9715s x0.00 from start)
        (leave) Compute evaluation of polynomial C on set S	[0.2217s x1.00]	(1747033321.1852s x0.        (leave) Compute evaluation of polynomial C on set S	[0.2215s x1.00]	(1747033321.1930s x0.00 from start)
        07:02:01        8 root      20   0  419432 412404   4296 R 100.0   2.5   2:13.78 main
07:02:01        8 root      20   0  419432 412404   4296 R  93.8   2.5   2:14.05 main
07:02:01        8 root      20   0  419432 412404   4296 R 100.0   2.5   2:14.31 main
07:02:01        8 root      20   0  419432 412404   4296 R 100.0   2.5   2:14.58 main
07:02:02        8 root      20   0  419432 412404   4296 R 100.0   2.5   2:14.85 main
07:02:02        8 root      20   0  419432 412404   4296 R 100.0   2.5   2:15.11 main
07:02:02        8 root      20   0  419432 412404   4296 R 100.0   2.5   2:15.38 main
07:02:02        8 root      20   0  419432 412404   4296 R 100.0   2.5   2:15.65 main
07:02:03        8 root      20   0  419432 412404   4296 R 100.0   2.5   2:15.91 main
        (leave) Compute coefficients of polynomial C	[2.3125s x1.00]	(1747033323.4979s x0.00 from        (leave) Compute coefficients of polynomial C	[2.3135s x1.00]	(1747033323.5066s x0.00 from start)
        (enter)07:02:03        8 root      20   0  419432 412404   4296 R 100.0   2.5   2:16.18 main
07:02:03        8 root      20   0  419432 412404   4296 R  93.3   2.5   2:16.44 main
07:02:03        8 root      20   0  419432 412404   4296 R 100.0   2.5   2:16.71 main
07:02:04        8 root      20   0  419432 412404   4296 R 100.0   2.5   2:16.98 main
07:02:04        8 root      20   0  419432 412404   4296 R 100.0   2.5   2:17.25 main
07:02:04        8 root      20   0  419432 412404   4296 R 100.0   2.5   2:17.51 main
07:02:05        8 root      20   0  419432 412404   4296 R 100.0   2.5   2:17.78 main
07:02:05        8 root      20   0  419432 412404   4296 R 100.0   2.5   2:18.05 main
07:02:05        8 root      20   0  419432 412404   4296 R 100.0   2.5   2:18.31 main
        (leave) Compute evaluation of polynomial C on set T	[2.4395s x0.99]	(1747033325.9374s x0.        (leave)        (enter) Divide by Z on set T               	[             ]	(1747033325.9603s x0.00 from        07:02:05        8 root      20   0  419432 412404   4296 R  93.3   2.5   2:18.58 main
07:02:06        8 root      20   0  419432 412404   4296 R 100.0   2.5   2:18.85 main
07:02:06        8 root      20   0  419432 412404   4296 R 100.0   2.5   2:19.12 main
07:02:06        8 root      20   0  419432 412404   4296 R 100.0   2.5   2:19.39 main
07:02:06        8 root      20   0  419432 412404   4296 R  93.3   2.5   2:19.65 main
07:02:07        8 root      20   0  419432 412404   4296 R 100.0   2.5   2:19.92 main
07:02:07        8 root      20   0  419432 412404   4296 R 100.0   2.5   2:20.19 main
        (leave) Divide by Z on set T               	[1.7926s x1.00]	(1747033327.7529s x0.00 from         (leave) Divide by Z on set T               	[1.8285s x1.00]	(1747033327.8076s x0.00 from start)
      (leave) Compute evaluation of polynomial H on set T	[6.9252s x1.00]	(1747033327.8077s x0.00 from start)
      07:02:07        8 root      20   0  419432 412404   4296 R 100.0   2.5   2:20.46 main
07:02:08        8 root      20   0  419432 412404   4296 R 100.0   2.5   2:20.72 main
07:02:08        8 root      20   0  419432 412404   4296 R 100.0   2.5   2:20.99 main
07:02:08        8 root      20   0  419432 412404   4296 R 100.0   2.5   2:21.26 main
07:02:08        8 root      20   0  419432 412404   4296 R 100.0   2.5   2:21.52 main
07:02:09        8 root      20   0  419432 412404   4296 R 100.0   2.5   2:21.79 main
07:02:09        8 root      20   0  419432 412404   4296 R 100.0   2.5   2:22.06 main
07:02:09        8 root      20   0  419432 412404   4296 R  93.3   2.5   2:22.32 main
07:02:09        8 root      20   0  419432 412404   4296 R 100.0   2.5   2:22.59 main
      (leave) Compute coefficients of polynomial H	[2.5319s x1.00]	(1747033330.2849s x0.00 from s      (leave) Compute coefficients of polynomial H	[2.5437s x1.00]	(1747033330.3514s x0.00 from start)
      (enter) Compute sum of H and ZK-patch      	[             ]	(1747033330.3515s x0.00 from start)
      (leave) Compute sum of H and ZK-patch      	[0.0133s x1.00]	(1747033330.3648s x0.00 from start)
    (leave) Call to r1cs_to_qap_witness_map    	[19.5672s x1.00]	(1747033330.3649s x0.00 from start)
  (leave) Compute the polynomial H           	[19.5704s x1.00]	(1747033330.3680s x0.00 from start)
  (enter) Compute the proof                  	[             ]	(1747033330.3681s x0.00 from start)
    (enter) Compute evaluation to A-query      	[             ]	(1747033330.3681s x0.00 from start)
    (enter) Process scalar vector              	[             ]	(1747033330.3710s x0.00 from start)
      * Elements of w skipped: 118739 (87.04%)
      * Elements of w processed with special addit      * Elements of w skipped: 118536 (86.89%)
      * Elements of w processed with special addition: 17756 (13.02%)
      * Elements of w remaining: 131 (0.10%)
    (leave) Process scalar vector              	[0.1182s x0.98]	(1747033330.4892s x0.00 from start)
    (leave) Compute evaluation to A-query      	[0.1232s x0.98]	(1747033330.4913s x0.00 from start)
    (enter) Compute evaluation to B-query      	[             ]	(1747033330.4914s x0.00 from start)
    (enter) Process scalar vector              	[             ]	(1747033330.4914s x0.00 from start)
      * Elements of w skipped: 74123 (98.23%)
      * Elements of w processed with special addition: 1207 (1.60%)
      * Elements of w remaining: 127 (0.17%)
    (leave) Process scalar vector              	[0.0440s x1.00]	(1747033330.5354s x0.00 from start)
    (leave) Compute evaluation to B-query      	[0.0519s x1.00]	(1747033330.5433s x0.00 from start)
   07:02:10        8 root      20   0  419432 412404   4296 R 100.0   2.5   2:23.14 main
07:02:10        8 root      20   0  419432 412404   4296 R 100.0   2.5   2:23.40 main
07:02:10        8 root      20   0  419432 412404   4296 R  93.8   2.5   2:23.67 main
07:02:11        8 root      20   0  419432 412404   4296 R 100.0   2.5   2:23.94 main
07:02:11        8 root      20   0  419432 412404   4296 R 100.0   2.5   2:24.20 main
07:02:11        8 root      20   0  419432 412404   4296 R  93.8   2.5   2:24.48 main
07:02:12        8 root      20   0  419432 412404   4296 R 100.0   2.5   2:24.75 main
07:02:12        8 root      20   0  419432 412404   4296 R  93.8   2.5   2:25.02 main
07:02:12        8 root      20   0  419432 412404   4296 R  93.8   2.5   2:25.28 main
07:02:12        8 root      20   0  419432 412404   4296 R 100.0   2.5   2:25.55 main
07:02:13        8 root      20   0  419432 412404   4296 R 100.0   2.5   2:25.82 main
07:02:13        8 root      20   0  419432 412404   4296 R 100.0   2.5   2:26.09 main
07:02:13        8 root      20   0  419432 412404   4296 R  93.3   2.5   2:26.35 main
07:02:13        8 root      20   0  419432 412404   4296 R 100.0   2.5   2:26.63 main
07:02:14        8 root      20   0  419432 412404   4296 R 100.0   2.5   2:26.90 main
07:02:14        8 root      20   0  419432 412404   4296 R 100.0   2.5   2:27.17 main
07:02:14        8 root      20   0  419432 412404   4296 R 100.0   2.5   2:27.44 main
07:02:15        8 root      20   0  419432 412404   4296 R  93.8   2.5   2:27.71 main
07:02:15        8 root      20   0  419432 412404   4296 R 100.0   2.5   2:27.98 main
07:02:15        8 root      20   0  419432 412404   4296 R 100.0   2.5   2:28.25 main
07:02:15        8 root      20   0  419432 412404   4296 R 100.0   2.5   2:28.51 main
07:02:16        8 root      20   0  419432 412404   4296 R 100.0   2.5   2:28.78 main
07:02:16        8 root      20   0  419432 412404   4296 R  86.7   2.5   2:29.04 main
07:02:16        8 root      20   0  419432 412404   4296 R 100.0   2.5   2:29.31 main
07:02:16        8 root      20   0  419432 412404   4296 R  93.8   2.5   2:29.57 main
07:02:17        8 root      20   0  419432 412404   4296 R 100.0   2.5   2:29.84 main
07:02:17        8 root      20   0  419432 412404   4296 R 100.0   2.5   2:30.12 main
07:02:17        8 root      20   0  419432 412404   4296 R  93.8   2.5   2:30.38 main
07:02:18        8 root      20   0  419432 412404   4296 R 100.0   2.5   2:30.65 main
07:02:18        8 root      20   0  419432 412404   4296 R 100.0   2.5   2:30.92 main
07:02:18        8 root      20   0  419432 412404   4296 R 100.0   2.5   2:31.19 main
07:02:18        8 root      20   0  419432 412404   4296 R  93.3   2.5   2:31.45 main
07:02:19        8 root      20   0  419432 412404   4296 R 100.0   2.5   2:31.72 main
07:02:19        8 root      20   0  419432 412404   4296 R  93.8   2.5   2:31.99 main
07:02:19        8 root      20   0  419432 412404   4296 R 100.0   2.5   2:32.26 main
07:02:19        8 root      20   0  419432 412404   4296 R 100.0   2.5   2:32.52 main
07:02:20        8 root      20   0  419432 412404   4296 R 100.0   2.5   2:32.79 main
07:02:20        8 root      20   0  419432 412404   4296 R 100.0   2.5   2:33.06 main
07:02:20        8 root      20   0  419432 412404   4296 R 100.0   2.5   2:33.33 main
07:02:20        8 root      20   0  419432 412404   4296 R 100.0   2.5   2:33.59 main
07:02:21        8 root      20   0  419432 412404   4296 R 100.0   2.5   2:33.86 main
07:02:21        8 root      20   0  419432 412404   4296 R 100.0   2.5   2:34.13 main
07:02:21        8 root      20   0  419432 412404   4296 R 100.0   2.5   2:34.40 main
07:02:22        8 root      20   0  419432 412404   4296 R 100.0   2.5   2:34.67 main
07:02:22        8 root      20   0  419432 412404   4296 R  93.8   2.5   2:34.93 main
07:02:22        8 root      20   0  419432 412404   4296 R 100.0   2.5   2:35.19 main
07:02:22        8 root      20   0  419432 412404   4296 R 100.0   2.5   2:35.46 main
07:02:23        8 root      20   0  419432 412404   4296 R 100.0   2.5   2:35.73 main
07:02:23        8 root      20   0  419432 412404   4296 R 100.0   2.5   2:35.99 main
07:02:23        8 root      20   0  419432 412404   4296 R 100.0   2.5   2:36.27 main
07:02:23        8 root      20   0  419432 412404   4296 R 100.0   2.5   2:36.54 main
07:02:24        8 root      20   0  419432 412404   4296 R 100.0   2.5   2:36.81 main
07:02:24        8 root      20   0  419432 412404   4296 R 100.0   2.5   2:37.08 main
07:02:24        8 root      20   0  419432 412404   4296 R  93.8   2.5   2:37.34 main
07:02:24        8 root      20   0  419432 412404   4296 R 100.0   2.5   2:37.61 main
07:02:25        8 root      20   0  419432 412404   4296 R 100.0   2.5   2:37.88 main
07:02:25        8 root      20   0  419432 412404   4296 R 100.0   2.5   2:38.14 main
07:02:25        8 root      20   0  419432 412404   4296 R  93.8   2.5   2:38.41 main
07:02:26        8 root      20   0  419432 412404   4296 R  93.8   2.5   2:38.68 main
07:02:26        8 root      20   0  419432 412404   4296 R 100.0   2.5   2:38.95 main
07:02:26        8 root      20   0  419432 412404   4296 R 100.0   2.5   2:39.21 main
07:02:26        8 root      20   0  419432 412404   4296 R 100.0   2.5   2:39.48 main
07:02:27        8 root      20   0  419432 412404   4296 R  93.8   2.5   2:39.75 main
07:02:27        8 root      20   0  419432 412404   4296 R 100.0   2.5   2:40.01 main
07:02:27        8 root      20   0  419432 412404   4296 R 100.0   2.5   2:40.28 main
07:02:27        8 root      20   0  419432 412404   4296 R 100.0   2.5   2:40.55 main
07:02:28        8 root      20   0  419432 412404   4296 R 100.0   2.5   2:40.82 main
07:02:28        8 root      20   0  419432 412404   4296 R 100.0   2.5   2:41.07 main
07:02:28        8 root      20   0  419432 412404   4296 R 100.0   2.5   2:41.34 main
07:02:29        8 root      20   0  419432 412404   4296 R 100.0   2.5   2:41.60 main
07:02:29        8 root      20   0  419432 412404   4296 R 100.0   2.5   2:41.87 main
07:02:29        8 root      20   0  419432 412404   4296 R 100.0   2.5   2:42.14 main
07:02:29        8 root      20   0  419432 412404   4296 R  93.8   2.5   2:42.42 main
07:02:30        8 root      20   0  419432 412404   4296 R  93.8   2.5   2:42.68 main
07:02:30        8 root      20   0  419432 412404   4296 R 100.0   2.5   2:42.95 main
07:02:30        8 root      20   0  419432 412404   4296 R 100.0   2.5   2:43.23 main
07:02:30        8 root      20   0  419432 412404   4296 R 100.0   2.5   2:43.50 main
07:02:31        8 root      20   0  419432 412404   4296 R  93.8   2.5   2:43.76 main
07:02:31        8 root      20   0  419432 412404   4296 R  93.8   2.5   2:44.04 main
07:02:31        8 root      20   0  419432 412404   4296 R 100.0   2.5   2:44.31 main
07:02:31        8 root      20   0  419432 412404   4296 R 100.0   2.5   2:44.58 main
07:02:32        8 root      20   0  419432 412404   4296 R 100.0   2.5   2:44.85 main
07:02:32        8 root      20   0  419432 412404   4296 R  93.8   2.5   2:45.12 main
07:02:32        8 root      20   0  419432 412404   4296 R 100.0   2.5   2:45.39 main
07:02:33        8 root      20   0  419432 412404   4296 R 100.0   2.5   2:45.67 main
07:02:33        8 root      20   0  419432 412404   4296 R  93.8   2.5   2:45.94 main
07:02:33        8 root      20   0  419432 412404   4296 R 100.0   2.5   2:46.20 main
07:02:33        8 root      20   0  419432 412404   4296 R 100.0   2.5   2:46.47 main
07:02:34        8 root      20   0  419432 412404   4296 R  86.7   2.5   2:46.73 main
07:02:34        8 root      20   0  419432 412404   4296 R  93.8   2.5   2:47.00 main
07:02:34        8 root      20   0  419432 412404   4296 R 100.0   2.5   2:47.26 main
07:02:34        8 root      20   0  419432 412404   4296 R 100.0   2.5   2:47.53 main
07:02:35        8 root      20   0  419432 412404   4296 R  93.3   2.5   2:47.79 main
07:02:35        8 root      20   0  419432 412404   4296 R 100.0   2.5   2:48.07 main
07:02:35        8 root      20   0  419432 412404   4296 R 100.0   2.5   2:48.34 main
07:02:36        8 root      20   0  419432 412404   4296 R 100.0   2.5   2:48.62 main
07:02:36        8 root      20   0  419432 412404   4296 R 100.0   2.5   2:48.88 main
07:02:36        8 root      20   0  419432 412404   4296 R 100.0   2.5   2:49.15 main
07:02:36        8 root      20   0  419432 412404   4296 R 100.0   2.5   2:49.41 main
07:02:37        8 root      20   0  419432 412404   4296 R 100.0   2.5   2:49.68 main
07:02:37        8 root      20   0  419432 412404   4296 R 100.0   2.5   2:49.95 main
07:02:37        8 root      20   0  419432 412404   4296 R  93.8   2.5   2:50.22 main
07:02:37        8 root      20   0  419432 412404   4296 R  93.3   2.5   2:50.48 main
07:02:38        8 root      20   0  419432 412404   4296 R 100.0   2.5   2:50.75 main
07:02:38        8 root      20   0  419432 412404   4296 R 100.0   2.5   2:51.02 main
07:02:38        8 root      20   0  419432 412404   4296 R 100.0   2.5   2:51.29 main
07:02:39        8 root      20   0  419432 412404   4296 R 100.0   2.5   2:51.56 main
07:02:39        8 root      20   0  419432 412404   4296 R 100.0   2.5   2:51.83 main
07:02:39        8 root      20   0  419432 412404   4296 R 100.0   2.5   2:52.10 main
07:02:39        8 root      20   0  419432 412404   4296 R 100.0   2.5   2:52.37 main
07:02:40        8 root      20   0  419432 412404   4296 R 100.0   2.5   2:52.63 main
07:02:40        8 root      20   0  419432 412404   4296 R 100.0   2.5   2:52.90 main
07:02:40        8 root      20   0  419432 412404   4296 R 100.0   2.5   2:53.16 main
07:02:40        8 root      20   0  419432 412404   4296 R 100.0   2.5   2:53.43 main
07:02:41        8 root      20   0  419432 412404   4296 R 100.0   2.5   2:53.70 main
07:02:41        8 root      20   0  419432 412404   4296 R  93.3   2.5   2:53.96 main
07:02:41        8 root      20   0  419432 412404   4296 R 100.0   2.5   2:54.23 main
07:02:41        8 root      20   0  419432 412404   4296 R 100.0   2.5   2:54.50 main
07:02:42        8 root      20   0  419432 412404   4296 R  93.8   2.5   2:54.76 main
07:02:42        8 root      20   0  419432 412404   4296 R 100.0   2.5   2:55.03 main
07:02:42        8 root      20   0  419432 412404   4296 R 100.0   2.5   2:55.30 main
07:02:43        8 root      20   0  419432 412404   4296 R 100.0   2.5   2:55.57 main
07:02:43        8 root      20   0  419432 412404   4296 R  93.3   2.5   2:55.83 main
07:02:43        8 root      20   0  419432 412404   4296 R 100.0   2.5   2:56.10 main
07:02:43        8 root      20   0  419432 412404   4296 R  93.8   2.5   2:56.37 main
07:02:44        8 root      20   0  419432 412404   4296 R 100.0   2.5   2:56.64 main
07:02:44        8 root      20   0  419432 412404   4296 R 100.0   2.5   2:56.90 main
07:02:44        8 root      20   0  419432 412404   4296 R 100.0   2.5   2:57.17 main
07:02:44        8 root      20   0  419432 412404   4296 R  93.3   2.5   2:57.44 main
07:02:45        8 root      20   0  419432 412404   4296 R 100.0   2.5   2:57.71 main
07:02:45        8 root      20   0  419432 412404   4296 R 100.0   2.5   2:57.98 main
    (leave) Compute evaluation to H-query      	[35.2687s x1.00]	(1747033365.7530s x0.00 from start)
    (enter) Compute evaluation to L-query      	[             ]	(1747033365.7531s x0.00 from start)
    (enter) Process scalar vector              	[             ]	(1747033365.7531s x0.00 from start)
      * Elements of w skipped: 102305 (98.82%)
      * Elements of w processed with special addition: 1216 (1.17%)
      * Elements of w remaining: 4 (0.00%)
    (leave) Process scalar vector              	[0.0097s x1.00]	(1747033365.7628s x0.00 from start)
    (leave) Compute evaluation to L-query      	[0.0099s x1.00]	(1747033365.7630s x0.00 from start)
  (leave) Compute the proof                  	[35.4760s x1.00]	(1747033365.7776s x0.00 from start)
(leave) Call to r1cs_gg_ppzksnark_prover   	[55.0501s x1.00]	(1747033365.7778s x0.00 from start)
* G1 elements in proof: 2
* G2 elements in proof: 1
* Proof size in bits: 1019
(enter) Call to r1cs_gg_ppzksnark_verifier_strong_IC	[             ]	(1747033365.7783s x0.00 from start)
  (enter) Call to r1cs_gg_ppzksnark_verifier_process_vk	[             ]	(1747033365.7783s x0.00 from start)
    (enter) Call to alt_bn128_ate_precompute_G2	[             ]	(1747033365.7783s x0.00 from start)
    (leave) Call to alt_bn128_ate_precompute_G2	[0.0024s x1.00]	(1747033365.7807s x0.00 from start)
    (enter) Call to alt_bn128_ate_precompute_G2	[             ]	(1747033365.7807s x0.00 from start)
    (leave) Call to alt_bn128_ate_precompute_G2	[0.0024s x0.99]	(1747033365.7831s x0.00 from start)
  (leave) Call to r1cs_gg_ppzksnark_verifier_process_vk	[0.0061s x1.00]	(1747033365.7844s x0.00 from start)
  (enter) Call to r1cs_gg_ppzksnark_online_verifier_strong_IC	[             ]	(1747033365.7845s x0.00 from start)
    (enter) Call to r1cs_gg_ppzksnark_online_verifier_weak_IC	[             ]	(1747033365.7845s x0.00 from start)
      (enter) Accumulate input                   	[             ]	(1747033365.7845s x0.00 from start)
07:02:45        8 root      20   0  419432 412404   4296 R 100.0   2.5   2:58.25 main
      (leave) Accumulate input                   	[0.1303s x1.00]	(1747033365.9148s x0.00 from start)
      (enter) Check if the proof is well-formed  	[             ]	(1747033365.9149s x0.00 from start)
      (leave) Check if the proof is well-formed  	[0.0000s x1.03]	(1747033365.9149s x0.00 from start)
      (enter) Online pairing computations        	[             ]	(1747033365.9149s x0.00 from start)
        (enter) Check QAP divisibility             	[             ]	(1747033365.9149s x0.00 from start)
          (enter) Call to alt_bn128_ate_precompute_G1	[             ]	(1747033365.9150s x0.00 from start)
          (leave) Call to alt_bn128_ate_precompute_G1	[0.0000s x1.03]	(1747033365.9150s x0.00 from start)
          (enter) Call to alt_bn128_ate_precompute_G2	[             ]	(1747033365.9150s x0.00 from start)
          (leave) Call to alt_bn128_ate_precompute_G2	[0.0024s x0.99]	(1747033365.9174s x0.00 from start)
          (enter) Call to alt_bn128_ate_precompute_G1	[             ]	(1747033365.9174s x0.00 from start)
          (leave) Call to alt_bn128_ate_precompute_G1	[0.0000s x1.03]	(1747033365.9175s x0.00 from start)
          (enter) Call to alt_bn128_ate_precompute_G1	[             ]	(1747033365.9175s x0.00 from start)
          (leave) Call to alt_bn128_ate_precompute_G1	[0.0000s x1.04]	(1747033365.9175s x0.00 from start)
          (enter) Call to alt_bn128_ate_miller_loop  	[             ]	(1747033365.9175s x0.00 from start)
          (leave) Call to alt_bn128_ate_miller_loop  	[0.0058s x1.00]	(1747033365.9233s x0.00 from start)
          (enter) Call to alt_bn128_ate_double_miller_loop	[             ]	(1747033365.9234s x0.00 from start)
          (leave) Call to alt_bn128_ate_double_miller_loop	[0.0092s x1.00]	(1747033365.9326s x0.00 from start)
          (enter) Call to alt_bn128_final_exponentiation	[             ]	(1747033365.9327s x0.00 from start)
            (enter) Call to alt_bn128_final_exponentiation_first_chunk	[             ]	(1747033365.9327s x0.00 from start)
            (leave) Call to alt_bn128_final_exponentiation_first_chunk	[0.0002s x1.01]	(1747033365.9330s x0.00 from start)
            (enter) Call to alt_bn128_final_exponentiation_last_chunk	[             ]	(1747033365.9330s x0.00 from start)
              (enter) Call to alt_bn128_exp_by_neg_z     	[             ]	(1747033365.9330s x0.00 from start)
              (leave) Call to alt_bn128_exp_by_neg_z     	[0.0031s x1.00]	(1747033365.9361s x0.00 from start)
              (enter) Call to alt_bn128_exp_by_neg_z     	[             ]	(1747033365.9362s x0.00 from start)
              (leave) Call to alt_bn128_exp_by_neg_z     	[0.0031s x1.00]	(1747033365.9393s x0.00 from start)
              (enter) Call to alt_bn128_exp_by_neg_z     	[             ]	(1747033365.9393s x0.00 from start)
              (leave) Call to alt_bn128_exp_by_neg_z     	[0.0031s x1.00]	(1747033365.9424s x0.00 from start)
            (leave) Call to alt_bn128_final_exponentiation_last_chunk	[0.0099s x1.00]	(1747033365.9429s x0.00 from start)
          (leave) Call to alt_bn128_final_exponentiation	[0.0102s x1.00]	(1747033365.9429s x0.00 from start)
          QAP divisibility check failed.
        (leave) Check QAP divisibility             	[0.0280s x1.00]	(1747033365.9430s x0.00 from start)
      (leave) Online pairing computations        	[0.0281s x1.00]	(1747033365.9430s x0.00 from start)
    (leave) Call to r1cs_gg_ppzksnark_online_verifier_weak_IC	[0.1585s x1.00]	(1747033365.9430s x0.00 from start)
  (leave) Call to r1cs_gg_ppzksnark_online_verifier_strong_IC	[0.1586s x1.00]	(1747033365.9430s x0.00 from start)
(leave) Call to r1cs_gg_ppzksnark_verifier_strong_IC	[0.1648s x1.00]	(1747033365.9431s x0.00 from start)
Number of R1CS constraints: 242241
Verification status: FAIL
07:02:45        8 root      20   0  342268 335392   4396 R  93.8   2.1   2:58.51 main
07:02:46        8 root      20   0  306796 301040   4396 R 100.0   1.8   2:58.78 main
07:02:46  ./src/main not found.
src/main process has exited. Monitoring script will terminate.
2 07:02:46  ./src/main not found.
src/main process has exited. Monitoring script will terminate.
