Args:
  Number of session tables    : 128
  Parameter of LOCA           : 1
  Monitor sleep time (ms) : 100

Started ./src/main with PID: 8
Initializing curve parameters...
Number of sessions (N): 128
Number of secrets (K): 1
06:57:41        8 root      20   0   35944  28900   3812 R  93.3   0.2   0:00.14 main
(enter) Call to r1cs_gg_ppzksnark_generator	[             ]	(1747033061.7318s x0.00 from start)
  (enter) Call to r1cs_constraint_system::swap_AB_if_beneficial	[             ]	(1747033061.7549s x0.00 from start)
    (enter) Estimate densities                 	[             ]	(1747033061.7550s x0.00 from start)
      * Non-zero A-count (estimate): 48986
      * Non-zero B-count (estimate): 19345
    (leave) Estimate densities                 	[0.0051s x1.00]	(1747033061.7601s x0.00 from start)
    Swap is not beneficial, not performing
  (leave) Call to r1cs_constraint_system::swap_AB_if_beneficial	[0.0052s x1.00]	(1747033061.7601s x0.00 from start)
  (enter) Call to r1cs_to_qap_instance_map_with_evaluation	[             ]	(1747033061.7603s x0.00 from start)
    (enter) Compute evaluations of A, B, C, H at t	[             ]	(1747033061.7643s x0.00 from start)
06:57:41        8 root      20   0   76384  67552   4168 R 100.0   0.4   0:00.42 main
06:57:42        8 root      20   0   80484  71508   4168 R 100.0   0.4   0:00.69 main
    (leave) Compute evaluations of A, B, C, H at t	[0.6174s x0.98]	(1747033062.3817s x0.00 from start)
  (leave) Call to r1cs_to_qap_instance_map_with_evaluation	[0.6215s x0.98]	(1747033062.3818s x0.00 from start)
  * QAP number of variables: 59355
  * QAP pre degree: 60945
  * QAP degree: 98304
  * QAP number of input variables: 32897
  (enter) Compute query densities            	[             ]	(1747033062.3822s x0.00 from start)
  (leave) Compute query densities            	[0.0010s x1.00]	(1747033062.3831s x0.00 from start)
  (enter) Compute gamma_ABC for R1CS verification key	[             ]	(1747033062.3832s x0.00 from start)
  (leave) Compute gamma_ABC for R1CS verification key	[0.0169s x1.00]	(1747033062.4001s x0.00 from start)
  (enter) Compute L query for R1CS proving key	[             ]	(1747033062.4002s x0.00 from start)
  (leave) Compute L query for R1CS proving key	[0.0142s x1.00]	(1747033062.4144s x0.00 from start)
  (enter) Generating G1 MSM window table     	[             ]	(1747033062.4144s x0.00 from start)
06:57:42        8 root      20   0   92316  86448   4168 R 100.0   0.5   0:00.93 main
06:57:42        8 root      20   0   92316  86448   4168 R 100.0   0.5   0:01.19 main
    Choosing window size 13 for 127815 elements
    * G1 window: 13
  (leave) Generating G1 MSM window table     	[0.4806s x1.00]	(1747033062.8951s x0.00 from start)
  (enter) Generating G2 MSM window table     	[             ]	(1747033062.8951s x0.00 from start)
06:57:42        8 root      20   0  101532  95688   4168 R 100.0   0.6   0:01.46 main
06:57:43        8 root      20   0  101532  95688   4168 R 100.0   0.6   0:01.72 main
06:57:43        8 root      20   0  101532  95688   4168 R 100.0   0.6   0:01.98 main
    Choosing window size 11 for 19345 elements
    * G2 window: 11
  (leave) Generating G2 MSM window table     	[0.6766s x1.00]	(1747033063.5717s x0.00 from start)
  (enter) Generate R1CS proving key          	[             ]	(1747033063.5717s x0.00 from start)
    (enter) Generate queries                   	[             ]	(1747033063.5809s x0.00 from start)
      (enter) Compute the A-query                	[             ]	(1747033063.5809s x0.00 from start)
      .06:57:43        8 root      20   0  107100 101096   4168 R 100.0   0.6   0:02.24 main
06:57:43        8 root      20   0  107100 101096   4168 R 100.0   0.6   0:02.50 main
.06:57:44        8 root      20   0  107100 101096   4168 R 100.0   0.6   0:02.76 main
06:57:44        8 root      20   0  107100 101096   4168 R 100.0   0.6   0:03.02 main
06:57:44        8 root      20   0  107100 101096   4168 R 100.0   0.6   0:03.28 main
.06:57:44        8 root      20   0  107100 101096   4168 R 100.0   0.6   0:03.54 main
06:57:45        8 root      20   0  107100 101096   4168 R 100.0   0.6   0:03.80 main
06:57:45        8 root      20   0  107100 101096   4168 R 100.0   0.6   0:04.06 main
.06:57:45        8 root      20   0  107100 101096   4168 R 100.0   0.6   0:04.32 main
06:57:45        8 root      20   0  107100 101096   4168 R 100.0   0.6   0:04.58 main
.06:57:46        8 root      20   0  107100 101096   4168 R 100.0   0.6   0:04.84 main
06:57:46        8 root      20   0  107100 101096   4168 R 100.0   0.6   0:05.10 main
.06:57:46        8 root      20   0  107100 101096   4168 R 100.0   0.6   0:05.37 main
 DONE!
      (leave) Compute the A-query                	[3.5714s x1.00]	(1747033067.1523s x0.00 from start)
      (enter) Compute the B-query                	[             ]	(1747033067.1524s x0.00 from start)
06:57:47        8 root      20   0  112544 101360   4168 R 100.0   0.6   0:05.63 main
06:57:47        8 root      20   0  112544 101360   4168 R  93.8   0.6   0:05.88 main
06:57:47        8 root      20   0  112544 101624   4168 R  93.3   0.6   0:06.14 main
06:57:47        8 root      20   0  112544 101888   4168 R 100.0   0.6   0:06.40 main
06:57:48        8 root      20   0  112544 101888   4168 R 100.0   0.6   0:06.66 main
06:57:48        8 root      20   0  112544 102152   4168 R 100.0   0.6   0:06.92 main
06:57:48        8 root      20   0  112544 102416   4168 R 100.0   0.6   0:07.18 main
06:57:48        8 root      20   0  112544 102416   4168 R 100.0   0.6   0:07.45 main
06:57:49        8 root      20   0  112544 102680   4168 R 100.0   0.6   0:07.71 main
06:57:49        8 root      20   0  112544 104728   4168 R 100.0   0.6   0:07.97 main
06:57:49        8 root      20   0  112544 104728   4168 R 100.0   0.6   0:08.23 main
06:57:49        8 root      20   0  112544 104728   4168 R 100.0   0.6   0:08.49 main
06:57:50        8 root      20   0  112544 104728   4168 R 100.0   0.6   0:08.74 main
06:57:50        8 root      20   0  112544 104728   4168 R  87.5   0.6   0:09.00 main
06:57:50        8 root      20   0  112544 104728   4168 R  93.3   0.6   0:09.26 main
06:57:50        8 root      20   0  112544 104728   4168 R 100.0   0.6   0:09.53 main
06:57:51        8 root      20   0  112544 104728   4168 R 100.0   0.6   0:09.79 main
06:57:51        8 root      20   0  112544 104728   4168 R 100.0   0.6   0:10.05 main
06:57:51        8 root      20   0  112544 104728   4168 R 100.0   0.6   0:10.31 main
06:57:51        8 root      20   0  112544 104728   4168 R 100.0   0.6   0:10.57 main
06:57:52        8 root      20   0  112544 104728   4168 R  93.8   0.6   0:10.83 main
06:57:52        8 root      20   0  112544 104988   4168 R 100.0   0.6   0:11.09 main
06:57:52        8 root      20   0  112544 104988   4168 R  93.3   0.6   0:11.35 main
06:57:53        8 root      20   0  112544 105252   4168 R 100.0   0.6   0:11.61 main
06:57:53        8 root      20   0  112544 105516   4168 R 100.0   0.6   0:11.88 main
06:57:53        8 root      20   0  112544 105516   4168 R  93.3   0.6   0:12.13 main
06:57:53        8 root      20   0  112544 105780   4168 R  93.3   0.6   0:12.39 main
06:57:54        8 root      20   0  112544 106044   4168 R 100.0   0.7   0:12.66 main
06:57:54        8 root      20   0  112544 106044   4168 R 100.0   0.7   0:12.92 main
06:57:54        8 root      20   0  112544 106308   4168 R 100.0   0.7   0:13.18 main
06:57:54        8 root      20   0  112544 106572   4168 R 100.0   0.7   0:13.44 main
      Non-zero coordinate count: 19345/59356 (32.59%)
      (leave) Compute the B-query                	[8.1177s x1.00]	(1747033075.2701s x0.00 from start)
      (enter) Compute the H-query                	[             ]	(1747033075.2702s x0.00 from start)
      .06:57:55        8 root      20   0  121760 114528   4168 R 100.0   0.7   0:13.70 main
06:57:55        8 root      20   0  121760 115836   4168 R 100.0   0.7   0:13.97 main
06:57:55        8 root      20   0  121760 115836   4168 R  93.8   0.7   0:14.23 main
.06:57:55        8 root      20   0  121760 115836   4168 R 100.0   0.7   0:14.49 main
06:57:56        8 root      20   0  121760 115836   4168 R 100.0   0.7   0:14.75 main
06:57:56        8 root      20   0  121760 115836   4168 R 100.0   0.7   0:15.02 main
.06:57:56        8 root      20   0  121760 115836   4168 R 100.0   0.7   0:15.28 main
06:57:56        8 root      20   0  121760 115836   4168 R 100.0   0.7   0:15.54 main
06:57:57        8 root      20   0  121760 115836   4168 R 100.0   0.7   0:15.80 main
.06:57:57        8 root      20   0  121760 115836   4168 R 100.0   0.7   0:16.06 main
06:57:57        8 root      20   0  121760 115836   4168 R 100.0   0.7   0:16.33 main
.06:57:57        8 root      20   0  121760 115836   4168 R 100.0   0.7   0:16.59 main
06:57:58        8 root      20   0  121760 115836   4168 R 100.0   0.7   0:16.84 main
06:57:58        8 root      20   0  121760 115836   4168 R 100.0   0.7   0:17.10 main
.06:57:58        8 root      20   0  121760 115836   4168 R 100.0   0.7   0:17.37 main
06:57:59        8 root      20   0  121760 115836   4168 R 100.0   0.7   0:17.63 main
06:57:59        8 root      20   0  121760 115836   4168 R 100.0   0.7   0:17.89 main
.06:57:59        8 root      20   0  121760 115836   4168 R 100.0   0.7   0:18.15 main
06:57:59        8 root      20   0  121760 115836   4168 R 100.0   0.7   0:18.41 main
06:58:00        8 root      20   0  121760 115836   4168 R 100.0   0.7   0:18.67 main
.06:58:00        8 root      20   0  121760 115836   4168 R 100.0   0.7   0:18.93 main
06:58:00        8 root      20   0  121760 115836   4168 R 100.0   0.7   0:19.19 main
.06:58:00        8 root      20   0  121760 115836   4168 R 100.0   0.7   0:19.46 main
06:58:01        8 root      20   0  121760 115836   4168 R 100.0   0.7   0:19.72 main
06:58:01        8 root      20   0  121760 115836   4168 R 100.0   0.7   0:19.98 main
.06:58:01        8 root      20   0  121760 115836   4168 R  93.3   0.7   0:20.23 main
06:58:01        8 root      20   0  121760 115836   4168 R  93.3   0.7   0:20.49 main
 DONE!
      (leave) Compute the H-query                	[7.0473s x1.00]	(1747033082.3175s x0.00 from start)
      (enter) Compute the L-query                	[             ]	(1747033082.3176s x0.00 from start)
      .06:58:02        8 root      20   0  124244 118476   4168 R  93.3   0.7   0:20.75 main
06:58:02        8 root      20   0  124244 118476   4168 R 100.0   0.7   0:21.02 main
06:58:02        8 root      20   0  124244 118476   4168 R 100.0   0.7   0:21.28 main
.06:58:02        8 root      20   0  124244 118476   4168 R 100.0   0.7   0:21.54 main
06:58:03        8 root      20   0  124244 118476   4168 R 100.0   0.7   0:21.80 main
06:58:03        8 root      20   0  124244 118476   4168 R 100.0   0.7   0:22.06 main
.06:58:03        8 root      20   0  124244 118476   4168 R 100.0   0.7   0:22.32 main
06:58:04        8 root      20   0  124244 118476   4168 R 100.0   0.7   0:22.58 main
 DONE!
      (leave) Compute the L-query                	[1.8959s x1.00]	(1747033084.2135s x0.00 from start)
    (leave) Generate queries                   	[20.6327s x1.00]	(1747033084.2136s x0.00 from start)
  (leave) Generate R1CS proving key          	[20.6418s x1.00]	(1747033084.2136s x0.00 from start)
  (enter) Generate R1CS verification key     	[             ]	(1747033084.2136s x0.00 from start)
    (enter) Call to alt_bn128_ate_reduced_pairing	[             ]	(1747033084.2136s x0.00 from start)
      (enter) Call to alt_bn128_ate_pairing      	[             ]	(1747033084.2136s x0.00 from start)
        (enter) Call to alt_bn128_ate_precompute_G1	[             ]	(1747033084.2136s x0.00 from start)
        (leave) Call to alt_bn128_ate_precompute_G1	[0.0000s x1.12]	(1747033084.2136s x0.00 from start)
        (enter) Call to alt_bn128_ate_precompute_G2	[             ]	(1747033084.2136s x0.00 from start)
        (leave) Call to alt_bn128_ate_precompute_G2	[0.0012s x1.00]	(1747033084.2148s x0.00 from start)
        (enter) Call to alt_bn128_ate_miller_loop  	[             ]	(1747033084.2148s x0.00 from start)
        (leave) Call to alt_bn128_ate_miller_loop  	[0.0029s x1.00]	(1747033084.2177s x0.00 from start)
      (leave) Call to alt_bn128_ate_pairing      	[0.0042s x1.00]	(1747033084.2178s x0.00 from start)
      (enter) Call to alt_bn128_final_exponentiation	[             ]	(1747033084.2178s x0.00 from start)
        (enter) Call to alt_bn128_final_exponentiation_first_chunk	[             ]	(1747033084.2178s x0.00 from start)
        (leave) Call to alt_bn128_final_exponentiation_first_chunk	[0.0001s x1.01]	(1747033084.2179s x0.00 from start)
        (enter) Call to alt_bn128_final_exponentiation_last_chunk	[             ]	(1747033084.2179s x0.00 from start)
          (enter) Call to alt_bn128_exp_by_neg_z     	[             ]	(1747033084.2179s x0.00 from start)
          (leave) Call to alt_bn128_exp_by_neg_z     	[0.0015s x1.00]	(1747033084.2195s x0.00 from start)
          (enter) Call to alt_bn128_exp_by_neg_z     	[             ]	(1747033084.2195s x0.00 from start)
          (leave) Call to alt_bn128_exp_by_neg_z     	[0.0015s x1.00]	(1747033084.2211s x0.00 from start)
          (enter) Call to alt_bn128_exp_by_neg_z     	[             ]	(1747033084.2211s x0.00 from start)
          (leave) Call to alt_bn128_exp_by_neg_z     	[0.0015s x1.00]	(1747033084.2226s x0.00 from start)
        (leave) Call to alt_bn128_final_exponentiation_last_chunk	[0.0050s x1.00]	(1747033084.2229s x0.00 from start)
      (leave) Call to alt_bn128_final_exponentiation	[0.0052s x1.00]	(1747033084.2229s x0.00 from start)
    (leave) Call to alt_bn128_ate_reduced_pairing	[0.0093s x1.00]	(1747033084.2229s x0.00 from start)
    (enter) Encode gamma_ABC for R1CS verification key	[             ]	(1747033084.2265s x0.00 from start)
      .06:58:04        8 root      20   0  127328 121576   4172 R  93.3   0.7   0:22.83 main
06:58:04        8 root      20   0  127328 121576   4172 R 100.0   0.7   0:23.09 main
.06:58:04        8 root      20   0  127328 121576   4172 R 100.0   0.7   0:23.35 main
06:58:05        8 root      20   0  127328 121576   4172 R  93.3   0.7   0:23.60 main
06:58:05        8 root      20   0  127328 121576   4172 R  93.8   0.7   0:23.87 main
.06:58:05        8 root      20   0  127328 121576   4172 R 100.0   0.7   0:24.13 main
06:58:05        8 root      20   0  127328 121576   4172 R 100.0   0.7   0:24.39 main
06:58:06        8 root      20   0  127328 121576   4172 R 100.0   0.7   0:24.66 main
.06:58:06        8 root      20   0  127328 121576   4172 R 100.0   0.7   0:24.92 main
 DONE!
    (leave) Encode gamma_ABC for R1CS verification key	[2.3417s x0.99]	(1747033086.5682s x0.00 from start)
  (leave) Generate R1CS verification key     	[2.3547s x0.99]	(1747033086.5683s x0.00 from start)
(leave) Call to r1cs_gg_ppzksnark_generator	[24.8366s x1.00]	(1747033086.5683s x0.00 from start)
* G1 elements in PK: 243474
* Non-zero G1 elements in PK: 203463
* G2 elements in PK: 59357
* Non-zero G2 elements in PK: 19346
* PK size in bits: 62968259
* G1 elements in VK: 32897
* G2 elements in VK: 2
* GT elements in VK: 1
* VK size in bits: 10495416
(enter) Call to r1cs_gg_ppzksnark_prover   	[             ]	(1747033086.6355s x0.00 from start)
  (enter) Compute the polynomial H           	[             ]	(1747033086.6356s x0.00 from start)
    (enter) Call to r1cs_to_qap_witness_map    	[             ]	(1747033086.6356s x0.00 from start)
      (enter) Compute evaluation of polynomials A, B on set S	[             ]	(1747033086.6367s x0.00 from start)
      (leave) Compute evaluation of polynomials A, B on set S	[0.0498s x1.00]	(1747033086.6865s x0.00 from start)
      (enter) Compute coefficients of polynomial A	[             ]	(1747033086.6866s x0.00 from start)
06:58:06        8 root      20   0  125540 120068   4232 R  93.8   0.7   0:25.18 main
06:58:06        8 root      20   0  125540 120068   4232 R 100.0   0.7   0:25.44 main
      (leave) Compute coefficients of polynomial A	[0.3873s x1.00]	(1747033087.0739s x0.00 from start)
      (enter) Compute coefficients of polynomial B	[             ]	(1747033087.0740s x0.00 from start)
06:58:07        8 root      20   0  125540 120068   4232 R 100.0   0.7   0:25.70 main
      (leave) Compute coefficients of polynomial B	[0.3762s x1.00]	(1747033087.4501s x0.00 from start)
      (enter) Compute ZK-patch                   	[             ]	(1747033087.4502s x0.00 from start)
      (leave) Compute ZK-patch                   	[0.0478s x1.00]	(1747033087.4980s x0.00 from start)
      (enter) Compute evaluation of polynomial A on set T	[             ]	(1747033087.4980s x0.00 from start)
06:58:07        8 root      20   0  125540 120068   4232 R 100.0   0.7   0:25.96 main
06:58:07        8 root      20   0  125540 120068   4232 R 100.0   0.7   0:26.22 main
      (leave) Compute evaluation of polynomial A on set T	[0.3837s x1.00]	(1747033087.8817s x0.00 from start)
      (enter) Compute evaluation of polynomial B on set T	[             ]	(1747033087.8818s x0.00 from start)
06:58:07        8 root      20   0  125540 120068   4232 R 100.0   0.7   0:26.48 main
      (leave) Compute evaluation of polynomial B on set T	[0.3950s x1.00]	(1747033088.2768s x0.00 from start)
      (enter) Compute evaluation of polynomial H on set T	[             ]	(1747033088.2769s x0.00 from start)
        (enter) Compute evaluation of polynomial C on set S	[             ]	(1747033088.2931s x0.00 from start)
        (leave) Compute evaluation of polynomial C on set S	[0.0316s x1.00]	(1747033088.3247s x0.00 from start)
        (enter) Compute coefficients of polynomial C	[             ]	(1747033088.3248s x0.00 from start)
06:58:08        8 root      20   0  125540 120068   4232 R  93.3   0.7   0:26.74 main
06:58:08        8 root      20   0  125540 120068   4232 R 100.0   0.7   0:27.00 main
        (leave) Compute coefficients of polynomial C	[0.3772s x1.00]	(1747033088.7020s x0.00 from start)
        (enter) Compute evaluation of polynomial C on set T	[             ]	(1747033088.7021s x0.00 from start)
06:58:08        8 root      20   0  125540 120068   4232 R 100.0   0.7   0:27.26 main
        (leave) Compute evaluation of polynomial C on set T	[0.3873s x1.00]	(1747033089.0893s x0.00 from start)
        (enter) Divide by Z on set T               	[             ]	(1747033089.0939s x0.00 from start)
06:58:08        8 root      20   0  125540 120068   4232 R 100.0   0.7   0:27.52 main
        (leave) Divide by Z on set T               	[0.1624s x1.00]	(1747033089.2563s x0.00 from start)
      (leave) Compute evaluation of polynomial H on set T	[0.9794s x1.00]	(1747033089.2563s x0.00 from start)
      (enter) Compute coefficients of polynomial H	[             ]	(1747033089.2564s x0.00 from start)
06:58:09        8 root      20   0  125540 120068   4232 R 100.0   0.7   0:27.79 main
06:58:09        8 root      20   0  125540 120068   4232 R 100.0   0.7   0:28.04 main
      (leave) Compute coefficients of polynomial H	[0.4277s x1.00]	(1747033089.6840s x0.00 from start)
      (enter) Compute sum of H and ZK-patch      	[             ]	(1747033089.6841s x0.00 from start)
      (leave) Compute sum of H and ZK-patch      	[0.0024s x1.00]	(1747033089.6865s x0.00 from start)
    (leave) Call to r1cs_to_qap_witness_map    	[3.0509s x1.00]	(1747033089.6865s x0.00 from start)
  (leave) Compute the polynomial H           	[3.0519s x1.00]	(1747033089.6874s x0.00 from start)
  (enter) Compute the proof                  	[             ]	(1747033089.6875s x0.00 from start)
    (enter) Compute evaluation to A-query      	[             ]	(1747033089.6875s x0.00 from start)
    (enter) Process scalar vector              	[             ]	(1747033089.6883s x0.00 from start)
      * Elements of w skipped: 42525 (71.64%)
      * Elements of w processed with special addition: 16703 (28.14%)
      * Elements of w remaining: 128 (0.22%)
    (leave) Process scalar vector              	[0.0556s x1.00]	(1747033089.7439s x0.00 from start)
    (leave) Compute evaluation to A-query      	[0.0573s x1.00]	(1747033089.7449s x0.00 from start)
    (enter) Compute evaluation to B-query      	[             ]	(1747033089.7449s x0.00 from start)
    (enter) Process scalar vector              	[             ]	(1747033089.7449s x0.00 from start)
      * Elements of w skipped: 18820 (97.29%)
      * Elements of w processed with special addition: 398 (2.06%)
      * Elements of w remaining: 127 (0.66%)
    (leave) Process scalar vector              	[0.0076s x1.00]	(1747033089.7525s x0.00 from start)
    (leave) Compute evaluation to B-query      	[0.0116s x1.00]	(1747033089.7565s x0.00 from start)
    (enter) Compute evaluation to H-query      	[             ]	(1747033089.7565s x0.00 from start)
06:58:09        8 root      20   0  125540 120068   4232 R 100.0   0.7   0:28.30 main
06:58:10        8 root      20   0  125540 120068   4232 R 100.0   0.7   0:28.56 main
06:58:10        8 root      20   0  125540 120068   4232 R 100.0   0.7   0:28.82 main
06:58:10        8 root      20   0  125540 120068   4232 R 100.0   0.7   0:29.08 main
06:58:10        8 root      20   0  125540 120068   4232 R  93.8   0.7   0:29.34 main
06:58:11        8 root      20   0  125540 120068   4232 R  93.8   0.7   0:29.60 main
06:58:11        8 root      20   0  125540 120068   4232 R 100.0   0.7   0:29.86 main
06:58:11        8 root      20   0  125540 120068   4232 R 100.0   0.7   0:30.12 main
06:58:11        8 root      20   0  125540 120068   4232 R 100.0   0.7   0:30.38 main
06:58:12        8 root      20   0  125540 120068   4232 R 100.0   0.7   0:30.65 main
06:58:12        8 root      20   0  125540 120068   4232 R  93.8   0.7   0:30.91 main
06:58:12        8 root      20   0  125540 120068   4232 R  93.8   0.7   0:31.17 main
06:58:12        8 root      20   0  125540 120068   4232 R  93.8   0.7   0:31.43 main
06:58:13        8 root      20   0  125540 120068   4232 R 100.0   0.7   0:31.69 main
06:58:13        8 root      20   0  125540 120068   4232 R 100.0   0.7   0:31.95 main
06:58:13        8 root      20   0  125540 120068   4232 R 100.0   0.7   0:32.21 main
06:58:13        8 root      20   0  125540 120068   4232 R 100.0   0.7   0:32.47 main
06:58:14        8 root      20   0  125540 120068   4232 R 100.0   0.7   0:32.74 main
06:58:14        8 root      20   0  125540 120068   4232 R 100.0   0.7   0:33.01 main
06:58:14        8 root      20   0  125540 120068   4232 R 100.0   0.7   0:33.27 main
06:58:15        8 root      20   0  125540 120068   4232 R 100.0   0.7   0:33.53 main
06:58:15        8 root      20   0  125540 120068   4232 R  80.0   0.7   0:33.76 main
06:58:15        8 root      20   0  125540 120068   4232 R 100.0   0.7   0:34.02 main
06:58:15        8 root      20   0  125540 120068   4232 R 100.0   0.7   0:34.28 main
06:58:16        8 root      20   0  125540 120068   4232 R  93.8   0.7   0:34.54 main
06:58:16        8 root      20   0  125540 120068   4232 R 100.0   0.7   0:34.80 main
06:58:16        8 root      20   0  125540 120068   4232 R 100.0   0.7   0:35.06 main
06:58:16        8 root      20   0  125540 120068   4232 R 100.0   0.7   0:35.32 main
    (leave) Compute evaluation to H-query      	[7.3157s x0.99]	(1747033097.0723s x0.00 from start)
    (enter) Compute evaluation to L-query      	[             ]	(1747033097.0723s x0.00 from start)
    (enter) Process scalar vector              	[             ]	(1747033097.0723s x0.00 from start)
      * Elements of w skipped: 25933 (98.02%)
      * Elements of w processed with special addition: 524 (1.98%)
      * Elements of w remaining: 1 (0.00%)
    (leave) Process scalar vector              	[0.0020s x1.00]	(1747033097.0743s x0.00 from start)
    (leave) Compute evaluation to L-query      	[0.0021s x1.00]	(1747033097.0744s x0.00 from start)
  (leave) Compute the proof                  	[7.3943s x0.99]	(1747033097.0818s x0.00 from start)
(leave) Call to r1cs_gg_ppzksnark_prover   	[10.4463s x0.99]	(1747033097.0818s x0.00 from start)
* G1 elements in proof: 2
* G2 elements in proof: 1
* Proof size in bits: 1019
(enter) Call to r1cs_gg_ppzksnark_verifier_strong_IC	[             ]	(1747033097.0822s x0.00 from start)
  (enter) Call to r1cs_gg_ppzksnark_verifier_process_vk	[             ]	(1747033097.0822s x0.00 from start)
    (enter) Call to alt_bn128_ate_precompute_G2	[             ]	(1747033097.0822s x0.00 from start)
    (leave) Call to alt_bn128_ate_precompute_G2	[0.0012s x1.00]	(1747033097.0834s x0.00 from start)
    (enter) Call to alt_bn128_ate_precompute_G2	[             ]	(1747033097.0834s x0.00 from start)
    (leave) Call to alt_bn128_ate_precompute_G2	[0.0012s x1.00]	(1747033097.0846s x0.00 from start)
  (leave) Call to r1cs_gg_ppzksnark_verifier_process_vk	[0.0037s x1.00]	(1747033097.0859s x0.00 from start)
  (enter) Call to r1cs_gg_ppzksnark_online_verifier_strong_IC	[             ]	(1747033097.0859s x0.00 from start)
    (enter) Call to r1cs_gg_ppzksnark_online_verifier_weak_IC	[             ]	(1747033097.0860s x0.00 from start)
      (enter) Accumulate input                   	[             ]	(1747033097.0860s x0.00 from start)
      (leave) Accumulate input                   	[0.0743s x1.00]	(1747033097.1602s x0.00 from start)
      (enter) Check if the proof is well-formed  	[             ]	(1747033097.1603s x0.00 from start)
      (leave) Check if the proof is well-formed  	[0.0000s x1.03]	(1747033097.1603s x0.00 from start)
      (enter) Online pairing computations        	[             ]	(1747033097.1603s x0.00 from start)
        (enter) Check QAP divisibility             	[             ]	(1747033097.1603s x0.00 from start)
          (enter) Call to alt_bn128_ate_precompute_G1	[             ]	(1747033097.1604s x0.00 from start)
          (leave) Call to alt_bn128_ate_precompute_G1	[0.0000s x1.03]	(1747033097.1604s x0.00 from start)
          (enter) Call to alt_bn128_ate_precompute_G2	[             ]	(1747033097.1604s x0.00 from start)
          (leave) Call to alt_bn128_ate_precompute_G2	[0.0012s x0.99]	(1747033097.1616s x0.00 from start)
          (enter) Call to alt_bn128_ate_precompute_G1	[             ]	(1747033097.1616s x0.00 from start)
          (leave) Call to alt_bn128_ate_precompute_G1	[0.0000s x1.02]	(1747033097.1616s x0.00 from start)
          (enter) Call to alt_bn128_ate_precompute_G1	[             ]	(1747033097.1616s x0.00 from start)
          (leave) Call to alt_bn128_ate_precompute_G1	[0.0000s x1.02]	(1747033097.1616s x0.00 from start)
          (enter) Call to alt_bn128_ate_miller_loop  	[             ]	(1747033097.1617s x0.00 from start)
          (leave) Call to alt_bn128_ate_miller_loop  	[0.0029s x1.00]	(1747033097.1645s x0.00 from start)
          (enter) Call to alt_bn128_ate_double_miller_loop	[             ]	(1747033097.1646s x0.00 from start)
          (leave) Call to alt_bn128_ate_double_miller_loop	[0.0047s x1.00]	(1747033097.1692s x0.00 from start)
          (enter) Call to alt_bn128_final_exponentiation	[             ]	(1747033097.1693s x0.00 from start)
            (enter) Call to alt_bn128_final_exponentiation_first_chunk	[             ]	(1747033097.1693s x0.00 from start)
            (leave) Call to alt_bn128_final_exponentiation_first_chunk	[0.0001s x1.01]	(1747033097.1694s x0.00 from start)
            (enter) Call to alt_bn128_final_exponentiation_last_chunk	[             ]	(1747033097.1695s x0.00 from start)
              (enter) Call to alt_bn128_exp_by_neg_z     	[             ]	(1747033097.1695s x0.00 from start)
              (leave) Call to alt_bn128_exp_by_neg_z     	[0.0015s x1.00]	(1747033097.1710s x0.00 from start)
              (enter) Call to alt_bn128_exp_by_neg_z     	[             ]	(1747033097.1711s x0.00 from start)
              (leave) Call to alt_bn128_exp_by_neg_z     	[0.0015s x1.00]	(1747033097.1726s x0.00 from start)
              (enter) Call to alt_bn128_exp_by_neg_z     	[             ]	(1747033097.1726s x0.00 from start)
              (leave) Call to alt_bn128_exp_by_neg_z     	[0.0015s x0.99]	(1747033097.1742s x0.00 from start)
            (leave) Call to alt_bn128_final_exponentiation_last_chunk	[0.0050s x1.00]	(1747033097.1744s x0.00 from start)
          (leave) Call to alt_bn128_final_exponentiation	[0.0052s x1.00]	(1747033097.1745s x0.00 from start)
          QAP divisibility check failed.
        (leave) Check QAP divisibility             	[0.0141s x1.00]	(1747033097.1745s x0.00 from start)
      (leave) Online pairing computations        	[0.0142s x1.00]	(1747033097.1745s x0.00 from start)
    (leave) Call to r1cs_gg_ppzksnark_online_verifier_weak_IC	[0.0885s x1.00]	(1747033097.1745s x0.00 from start)
  (leave) Call to r1cs_gg_ppzksnark_online_verifier_strong_IC	[0.0886s x1.00]	(1747033097.1745s x0.00 from start)
(leave) Call to r1cs_gg_ppzksnark_verifier_strong_IC	[0.0923s x1.00]	(1747033097.1745s x0.00 from start)
Number of R1CS constraints: 60945
Verification status: FAIL
06:58:17        8 root      20   0   96736  91364   4332 R 100.0   0.6   0:35.58 main
src/main process has exited. Monitoring script will terminate.
