Args:
  Number of session tables    : 512
  Parameter of LOCA           : 128
  Monitor sleep time (ms) : 100

Started ./src/main with PID: 8
Initializing curve parameters...
Number of sessions (N): 512
Number of secrets (K): 128
06:57:46        8 root      20   0   40544  32328   3984 R 100.0   0.2   0:00.15 main
06:57:46        8 root      20   0   63492  55348   3984 R 100.0   0.3   0:00.41 main
06:57:47        8 root      20   0   97664  77144   3984 R 100.0   0.5   0:00.68 main
06:57:47        8 root      20   0  114560 102216   3984 R 100.0   0.6   0:00.95 main
06:57:47        8 root      20   0  147908 123144   3984 R 100.0   0.8   0:01.21 main
06:57:48        8 root      20   0  162164 141748   3984 R 100.0   0.9   0:01.46 main
06:57:48        8 root      20   0  176552 160884   3984 R 100.0   1.0   0:01.73 main
06:57:48        8 root      20   0  207192 181764   3984 R 100.0   1.1   0:01.99 main
06:57:48        8 root      20   0  222900 203472   3984 R 100.0   1.2   0:02.25 main
06:57:49        8 root      20   0  273624 223480   3984 R 100.0   1.4   0:02.52 main
06:57:49        8 root      20   0  289332 245452   3984 R 100.0   1.5   0:02.77 main
06:57:49        8 root      20   0  305040 265116   3984 R  93.3   1.6   0:03.03 main
06:57:49        8 root      20   0  321540 287616   3984 R 100.0   1.8   0:03.31 main
06:57:50        8 root      20   0  337380 309852   3984 R 100.0   1.9   0:03.57 main
06:57:50        8 root      20   0  351768 330240   3984 R  93.3   2.0   0:03.83 main
06:57:50        8 root      20   0  366288 351160   3984 R 100.0   2.2   0:04.10 main
06:57:50        8 root      20   0  380676 369500   3984 R 100.0   2.3   0:04.36 main
06:57:51        8 root      20   0  427832 390988   3984 R 100.0   2.4   0:04.62 main
06:57:51        8 root      20   0  515816 409288   3984 R 100.0   2.5   0:04.89 main
06:57:51        8 root      20   0  530204 429940   3984 R 100.0   2.6   0:05.14 main
06:57:51        8 root      20   0  544592 448284   3984 R 100.0   2.8   0:05.41 main
06:57:52        8 root      20   0  558848 468672   3984 R  93.3   2.9   0:05.66 main
06:57:52        8 root      20   0  573236 489328   3984 R 100.0   3.0   0:05.93 main
06:57:52        8 root      20   0  588680 508724   3984 R 100.0   3.1   0:06.19 main
06:57:53        8 root      20   0  603860 530168   3984 R 100.0   3.3   0:06.44 main
06:57:53        8 root      20   0  618644 551084   3984 R  93.3   3.4   0:06.70 main
06:57:53        8 root      20   0  633824 572528   3984 R 100.0   3.5   0:06.96 main
06:57:53        8 root      20   0  648740 593444   3984 R 100.0   3.6   0:07.22 main
06:57:54        8 root      20   0  663920 612844   3984 R  93.8   3.8   0:07.49 main
06:57:54        8 root      20   0  679760 634816   3984 R 100.0   3.9   0:07.75 main
06:57:54        8 root      20   0  694940 655996   3984 R 100.0   4.0   0:08.01 main
06:57:54        8 root      20   0  709988 677176   3984 R 100.0   4.2   0:08.28 main
06:57:55        8 root      20   0  724376 695784   3984 R 100.0   4.3   0:08.54 main
06:57:55        8 root      20   0  738764 716172   3984 R  87.5   4.4   0:08.80 main
06:57:55        8 root      20   0  753680 737352   3984 R 100.0   4.5   0:09.07 main
06:57:55        8 root      20   0  769388 759324   3984 R 100.0   4.7   0:09.34 main
06:57:56        8 root      20   0  784040 776944   3984 R 100.0   4.8   0:09.59 main
06:57:56        8 root      20   0 1004952 791000   3984 R  93.8   4.9   0:09.85 main
06:57:56        8 root      20   0 1020000 812180   3984 R 100.0   5.0   0:10.11 main
06:57:56        8 root      20   0 1035048 831316   3984 R 100.0   5.1   0:10.38 main
06:57:57        8 root      20   0 1050360 852760   3984 R 100.0   5.2   0:10.64 main
06:57:57        8 root      20   0 1065540 874204   3984 R 100.0   5.4   0:10.90 main
06:57:57        8 root      20   0 1080852 895648   3984 R 100.0   5.5   0:11.16 main
06:57:58        8 root      20   0 1095108 911948   3984 R 100.0   5.6   0:11.42 main
06:57:58        8 root      20   0 1109496 932336   3984 R 100.0   5.7   0:11.68 main
06:57:58        8 root      20   0 1123884 952988   3984 R  93.3   5.9   0:11.94 main
06:57:58        8 root      20   0 1138140 973376   3984 R 100.0   6.0   0:12.20 main
06:57:59        8 root      20   0 1152528 993768   3984 R  87.5   6.1   0:12.46 main
06:57:59        8 root      20   0 1166916 990.6m   3984 R 100.0   6.2   0:12.73 main
06:57:59        8 root      20   0 1181832   1.0g   3984 R 100.0   6.3   0:12.99 main
06:57:59        8 root      20   0 1196484   1.0g   3984 R  93.3   6.5   0:13.25 main
06:58:00        8 root      20   0 1211400   1.0g   3984 R 100.0   6.6   0:13.52 main
06:58:00        8 root      20   0 1227636   1.0g   3984 R  93.3   6.7   0:13.79 main
06:58:00        8 root      20   0 1243080   1.1g   3984 R  93.3   6.9   0:14.05 main
06:58:00        8 root      20   0 1258392   1.1g   3984 R 100.0   7.0   0:14.32 main
06:58:01        8 root      20   0 1274364   1.1g   3984 R 100.0   7.1   0:14.57 main
06:58:01        8 root      20   0 1288752   1.1g   3984 R 100.0   7.3   0:14.84 main
06:58:01        8 root      20   0 1303140   1.1g   3984 R  93.3   7.4   0:15.10 main
06:58:01        8 root      20   0 1317528   1.2g   3984 R  93.3   7.5   0:15.36 main
06:58:02        8 root      20   0 1331784   1.2g   3984 R  93.8   7.6   0:15.63 main
06:58:02        8 root      20   0 1346172   1.2g   3984 R 100.0   7.7   0:15.89 main
06:58:02        8 root      20   0 1360560   1.2g   3984 R  93.3   7.9   0:16.14 main
06:58:03        8 root      20   0 1374288   1.2g   3984 R  93.3   8.0   0:16.41 main
06:58:03        8 root      20   0 1403724   1.3g   3984 R 100.0   8.2   0:16.68 main
06:58:03        8 root      20   0 1433028   1.3g   3984 R  93.8   8.5   0:16.94 main
06:58:03        8 root      20   0 1462728   1.4g   3984 R 100.0   8.7   0:17.21 main
06:58:04        8 root      20   0 2077240   1.5g   3984 R 100.0   9.4   0:17.47 main
06:58:04        8 root      20   0 1796580   1.4g   3984 R 100.0   9.1   0:17.73 main
06:58:04        8 root      20   0 1826280   1.4g   3984 R 100.0   9.3   0:17.99 main
06:58:04        8 root      20   0 1855584   1.5g   3984 R 100.0   9.6   0:18.25 main
06:58:05        8 root      20   0 1885152   1.5g   3984 R 100.0   9.8   0:18.51 main
06:58:05        8 root      20   0 1914456   1.6g   3984 R 100.0  10.1   0:18.77 main
06:58:05        8 root      20   0 1943496   1.6g   3984 R 100.0  10.3   0:19.03 main
06:58:05        8 root      20   0 1972536   1.6g   3984 R  93.3  10.6   0:19.29 main
06:58:06        8 root      20   0 2001312   1.7g   3984 R 100.0  10.8   0:19.56 main
06:58:06        8 root      20   0 2030616   1.7g   3984 R 100.0  11.1   0:19.82 main
06:58:06        8 root      20   0 2059920   1.8g   3984 R  93.3  11.3   0:20.07 main
06:58:06        8 root      20   0 2089092   1.8g   3984 R 100.0  11.5   0:20.34 main
06:58:07        8 root      20   0 2118396   1.8g   3984 R 100.0  11.8   0:20.60 main
06:58:07        8 root      20   0 2147304   1.9g   3984 R 100.0  12.0   0:20.86 main
06:58:07        8 root      20   0 2176476   1.9g   3984 R 100.0  12.3   0:21.12 main
06:58:08        8 root      20   0 2205384   1.9g   3984 R  93.3  12.5   0:21.37 main
06:58:08        8 root      20   0 2234688   2.0g   3984 R 100.0  12.8   0:21.64 main
06:58:08        8 root      20   0 2264124   2.0g   3984 R 100.0  13.0   0:21.90 main
06:58:08        8 root      20   0 2293296   2.1g   3984 R 100.0  13.3   0:22.16 main
06:58:09        8 root      20   0 2322468   2.1g   3984 R 100.0  13.5   0:22.43 main
06:58:09        8 root      20   0 2351640   2.1g   3984 R 100.0  13.8   0:22.68 main
06:58:09        8 root      20   0 2380812   2.2g   3984 R 100.0  14.0   0:22.94 main
06:58:09        8 root      20   0 2411040   2.2g   3984 R 100.0  14.3   0:23.21 main
06:58:10        8 root      20   0 2440872   2.3g   3984 R 100.0  14.5   0:23.48 main
06:58:10        8 root      20   0 2470044   2.3g   3984 R 100.0  14.8   0:23.74 main
06:58:10        8 root      20   0 2499612   2.3g   3984 R 100.0  15.0   0:24.00 main
06:58:10        8 root      20   0 2528916   2.4g   3984 R 100.0  15.3   0:24.26 main
06:58:11        8 root      20   0 2558484   2.4g   3984 R 100.0  15.5   0:24.52 main
06:58:11        8 root      20   0 3746848   2.7g   3984 R 100.0  17.5   0:24.79 main
06:58:11        8 root      20   0 3167448   2.4g   3984 R 100.0  15.7   0:25.04 main
06:58:11        8 root      20   0 3197016   2.5g   3984 R 100.0  15.9   0:25.30 main
06:58:12        8 root      20   0 3224604   2.5g   3984 R 100.0  16.2   0:25.55 main
06:58:12        8 root      20   0 3254436   2.6g   3984 R 100.0  16.4   0:25.82 main
06:58:12        8 root      20   0 3283740   2.6g   3984 R  93.3  16.7   0:26.07 main
06:58:13        8 root      20   0 3313176   2.6g   3984 R  93.8  16.9   0:26.34 main
06:58:13        8 root      20   0 3342348   2.7g   3984 R  93.8  17.2   0:26.60 main
06:58:13        8 root      20   0 3371520   2.7g   3984 R 100.0  17.4   0:26.86 main
06:58:13        8 root      20   0 3400692   2.7g   3984 R 100.0  17.7   0:27.12 main
06:58:14        8 root      20   0 3430392   2.8g   3984 R 100.0  17.9   0:27.38 main
06:58:14        8 root      20   0 3460620   2.8g   3984 R 100.0  18.2   0:27.65 main
06:58:14        8 root      20   0 3490320   2.9g   3984 R  93.3  18.4   0:27.91 main
06:58:14        8 root      20   0 3519492   2.9g   3984 R 100.0  18.7   0:28.18 main
06:58:15        8 root      20   0 3548796   2.9g   3984 R  93.3  18.9   0:28.43 main
06:58:15        8 root      20   0 3577968   3.0g   3984 R 100.0  19.1   0:28.69 main
06:58:15        8 root      20   0 3607404   3.0g   3984 R 100.0  19.4   0:28.96 main
06:58:15        8 root      20   0 3636840   3.1g   3984 R 100.0  19.6   0:29.22 main
06:58:16        8 root      20   0 3665880   3.1g   3984 R 100.0  19.9   0:29.48 main
06:58:16        8 root      20   0 3695844   3.1g   3984 R 100.0  20.1   0:29.74 main
06:58:16        8 root      20   0 3724884   3.2g   3984 R 100.0  20.4   0:30.00 main
06:58:16        8 root      20   0 3754056   3.2g   3984 R 100.0  20.6   0:30.26 main
06:58:17        8 root      20   0 3783624   3.2g   3984 R  93.3  20.9   0:30.52 main
06:58:17        8 root      20   0 3812796   3.3g   3984 R 100.0  21.1   0:30.79 main
06:58:17        8 root      20   0 3841968   3.3g   3984 R 100.0  21.4   0:31.04 main
06:58:18        8 root      20   0 3871536   3.4g   3984 R 100.0  21.6   0:31.31 main
06:58:18        8 root      20   0 3900840   3.4g   3984 R 100.0  21.9   0:31.57 main
06:58:18        8 root      20   0 3930408   3.4g   3984 R 100.0  22.1   0:31.83 main
06:58:18        8 root      20   0 3960108   3.5g   3984 R 100.0  22.4   0:32.10 main
06:58:19        8 root      20   0 3989148   3.5g   3984 R 100.0  22.6   0:32.36 main
06:58:19        8 root      20   0 4018584   3.6g   3984 R 100.0  22.9   0:32.62 main
06:58:19        8 root      20   0 4047624   3.6g   3984 R  93.3  23.1   0:32.87 main
06:58:19        8 root      20   0 4077324   3.6g   3984 R 100.0  23.4   0:33.14 main
06:58:20        8 root      20   0 4106760   3.7g   3984 R 100.0  23.6   0:33.41 main
06:58:20        8 root      20   0 4136328   3.7g   3984 R 100.0  23.9   0:33.66 main
06:58:20        8 root      20   0 4165764   3.7g   3984 R 100.0  24.1   0:33.93 main
06:58:20        8 root      20   0 4195068   3.8g   3984 R 100.0  24.4   0:34.19 main
06:58:21        8 root      20   0 4224372   3.8g   3984 R 100.0  24.6   0:34.46 main
06:58:21        8 root      20   0 4253808   3.9g   3984 R 100.0  24.9   0:34.71 main
06:58:21        8 root      20   0 4282980   3.9g   3984 R  93.3  25.1   0:34.97 main
06:58:21        8 root      20   0 4312284   3.9g   3984 R  93.3  25.4   0:35.23 main
06:58:22        8 root      20   0 4341456   4.0g   3984 R 100.0  25.6   0:35.50 main
06:58:22        8 root      20   0 4371156   4.0g   3984 R 100.0  25.9   0:35.76 main
06:58:22        8 root      20   0 4400328   4.1g   3984 R 100.0  26.1   0:36.02 main
06:58:22        8 root      20   0 4429896   4.1g   3984 R 100.0  26.4   0:36.28 main
06:58:23        8 root      20   0 4459596   4.1g   3984 R 100.0  26.6   0:36.54 main
06:58:23        8 root      20   0 4489428   4.2g   3984 R  93.3  26.9   0:36.80 main
06:58:23        8 root      20   0 4518468   4.2g   3984 R  93.8  27.1   0:37.07 main
06:58:24        8 root      20   0 4547904   4.2g   3984 R 100.0  27.4   0:37.33 main
06:58:24        8 root      20   0 4576812   4.3g   3984 R 100.0  27.6   0:37.59 main
06:58:24        8 root      20   0 4606116   4.3g   3984 R 100.0  27.8   0:37.86 main
06:58:24        8 root      20   0 4635420   4.4g   3984 R  93.8  28.1   0:38.11 main
06:58:25        8 root      20   0 4664724   4.4g   3984 R 100.0  28.3   0:38.37 main
06:58:25        8 root      20   0 4693764   4.4g   3984 R  93.3  28.6   0:38.63 main
06:58:25        8 root      20   0 4723068   4.5g   3984 R 100.0  28.8   0:38.90 main
06:58:25        8 root      20   0 7086064   4.9g   3984 R  93.3  31.2   0:39.15 main
06:58:26        8 root      20   0 7086064   5.3g   3984 R  93.3  33.9   0:39.41 main
06:58:26        8 root      20   0 5910768   4.5g   3984 R 100.0  28.9   0:39.68 main
06:58:26        8 root      20   0 5940072   4.5g   3984 R 100.0  29.1   0:39.94 main
06:58:26        8 root      20   0 5969772   4.6g   3984 R 100.0  29.4   0:40.21 main
06:58:27        8 root      20   0 5999076   4.6g   3984 R 100.0  29.7   0:40.46 main
06:58:27        8 root      20   0 6028512   4.6g   3984 R 100.0  29.9   0:40.72 main
06:58:27        8 root      20   0 6057816   4.7g   3984 R  93.3  30.2   0:40.98 main
06:58:27        8 root      20   0 6087120   4.7g   3984 R 100.0  30.4   0:41.25 main
06:58:28        8 root      20   0 6116556   4.8g   3984 R 100.0  30.7   0:41.51 main
06:58:28        8 root      20   0 6145596   4.8g   3984 R 100.0  30.9   0:41.77 main
06:58:28        8 root      20   0 6172260   4.8g   3984 R 100.0  31.1   0:42.01 main
06:58:29        8 root      20   0 6201696   4.9g   3984 R 100.0  31.4   0:42.27 main
06:58:29        8 root      20   0 6231528   4.9g   3984 R 100.0  31.6   0:42.54 main
06:58:29        8 root      20   0 6260832   5.0g   3984 R 100.0  31.9   0:42.80 main
06:58:29        8 root      20   0 6290400   5.0g   3984 R 100.0  32.1   0:43.05 main
06:58:30        8 root      20   0 6319836   5.0g   3984 R 100.0  32.4   0:43.32 main
06:58:30        8 root      20   0 6349008   5.1g   3984 R  93.3  32.6   0:43.57 main
06:58:30        8 root      20   0 6378708   5.1g   3984 R 100.0  32.9   0:43.84 main
06:58:30        8 root      20   0 6407748   5.1g   3984 R 100.0  33.1   0:44.10 main
06:58:31        8 root      20   0 6437976   5.2g   3984 R 100.0  33.4   0:44.37 main
06:58:31        8 root      20   0 6467016   5.2g   3984 R 100.0  33.6   0:44.63 main
06:58:31        8 root      20   0 6496452   5.3g   3984 R 100.0  33.9   0:44.89 main
06:58:31        8 root      20   0 6526548   5.3g   3984 R 100.0  34.1   0:45.16 main
06:58:32        8 root      20   0 6555720   5.3g   3984 R 100.0  34.4   0:45.42 main
06:58:32        8 root      20   0 6585552   5.4g   3984 R 100.0  34.6   0:45.69 main
06:58:32        8 root      20   0 8138212   5.5g   3984 R 100.0  35.5   0:45.95 main
06:58:32        8 root      20   0 8308624   5.7g   3984 R  93.8  36.8   0:46.21 main
06:58:33        8 root      20   0 8476660   5.9g   3984 R 100.0  38.2   0:46.47 main
06:58:33        8 root      20   0 8645092   6.1g   3984 R 100.0  39.5   0:46.73 main
06:58:33        8 root      20   0 8813392   6.3g   3984 R 100.0  40.8   0:46.99 main
06:58:34        8 root      20   0 8977732   6.5g   3984 R  93.3  42.1   0:47.25 main
06:58:34        8 root      20   0 9126100   6.7g   3984 R  93.8  43.3   0:47.51 main
06:58:34        8 root      20   0 9276052   6.9g   3984 R 100.0  44.6   0:47.77 main
06:58:34        8 root      20   0 9425080   7.1g   3984 R 100.0  45.9   0:48.03 main
06:58:35        8 root      20   0 9573448   7.3g   3984 R 100.0  47.1   0:48.29 main
06:58:35        8 root      20   0 9724192   7.5g   3984 R 100.0  48.4   0:48.55 main
06:58:35        8 root      20   0 9872032   7.7g   3984 R 100.0  49.6   0:48.82 main
06:58:35        8 root      20   0 9785.5m   7.9g   3984 R  93.8  50.9   0:49.07 main
06:58:36        8 root      20   0 9930.3m   8.1g   3984 R  87.5  52.1   0:49.33 main
06:58:36        8 root      20   0    9.8g   8.3g   3984 R 100.0  53.4   0:49.59 main
06:58:36        8 root      20   0   10.0g   8.5g   3984 R 100.0  54.6   0:49.85 main
06:58:36        8 root      20   0   10.1g   8.7g   3984 R 100.0  55.9   0:50.12 main
06:58:37        8 root      20   0   10.3g   8.9g   3984 R 100.0  57.2   0:50.37 main
06:58:37        8 root      20   0   10.4g   9.1g   3984 R 100.0  58.4   0:50.64 main
06:58:37        8 root      20   0   10.6g   9.3g   3984 R  93.3  59.7   0:50.89 main
06:58:37        8 root      20   0   10.7g   9.5g   3984 R 100.0  60.9   0:51.15 main
06:58:38        8 root      20   0   10.8g   9.7g   3984 R 100.0  62.2   0:51.42 main
06:58:38        8 root      20   0   11.0g   9.9g   3984 R 100.0  63.5   0:51.67 main
06:58:38        8 root      20   0   11.1g  10.1g   3984 R 100.0  64.7   0:51.93 main
06:58:38        8 root      20   0   11.3g  10.2g   3984 R 100.0  66.0   0:52.19 main
06:58:39        8 root      20   0   11.4g  10.4g   3984 R 100.0  67.3   0:52.46 main
06:58:39        8 root      20   0   11.6g  10.6g   3984 R  87.5  68.6   0:52.72 main
(enter) Call to r1cs_gg_ppzksnark_generator	[             ]	(1747033119.7162s x0.00 from start)
06:58:39        8 root      20   0   13.1g  10.9g   4112 R 100.0  69.9   0:52.99 main
06:58:40        8 root      20   0   13.3g  11.1g   4112 R 100.0  71.2   0:53.25 main
06:58:40        8 root      20   0   13.4g  11.3g   4112 R 100.0  72.6   0:53.52 main
06:58:40        8 root      20   0   13.6g  11.5g   4112 R  87.5  74.0   0:53.77 main
06:58:40        8 root      20   0   13.8g  11.7g   4112 R 100.0  75.4   0:54.04 main
06:58:41        8 root      20   0   13.9g  11.9g   4112 R 100.0  76.7   0:54.30 main
06:58:41        8 root      20   0   14.1g  12.1g   4112 R  87.5  77.9   0:54.56 main
06:58:41        8 root      20   0   14.2g  12.3g   4112 R 100.0  79.2   0:54.83 main
06:58:41        8 root      20   0   14.3g  12.4g   4112 R  93.3  80.1   0:55.09 main
06:58:42        8 root      20   0   14.3g  12.5g   4112 R  87.5  80.4   0:55.34 main
06:58:42        8 root      20   0   14.4g  12.6g   4112 R  86.7  80.9   0:55.58 main
06:58:42        8 root      20   0   14.5g  12.7g   4112 R  86.7  81.6   0:55.85 main
06:58:43        8 root      20   0   14.5g  12.8g   4112 R  87.5  82.3   0:56.10 main
06:58:43        8 root      20   0   14.6g  12.9g   4112 R  86.7  83.1   0:56.36 main
06:58:43        8 root      20   0   14.7g  13.0g   4112 R  93.3  83.8   0:56.62 main
06:58:43        8 root      20   0   14.8g  13.1g   4112 R  86.7  84.6   0:56.87 main
06:58:44        8 root      20   0   14.9g  13.3g   4112 R 100.0  85.4   0:57.13 main
06:58:44        8 root      20   0   15.0g  13.4g   4112 R 100.0  86.3   0:57.39 main
06:58:44        8 root      20   0   15.1g  13.5g   4112 R  81.2  87.1   0:57.64 main
06:58:44        8 root      20   0   15.2g  13.6g   4112 R  93.8  87.9   0:57.91 main
06:58:45        8 root      20   0   15.3g  13.8g   4112 R  93.3  88.7   0:58.15 main
06:58:45        8 root      20   0   15.4g  13.9g   4112 R 100.0  89.6   0:58.41 main
06:58:45        8 root      20   0   15.5g  14.1g   4112 R 100.0  90.7   0:58.66 main
06:58:46        8 root      20   0   15.6g  14.3g   4112 R 100.0  91.8   0:58.92 main
06:58:46        8 root      20   0   15.7g  14.4g   4112 R  87.5  92.9   0:59.17 main
06:58:46        8 root      20   0   15.9g  14.6g   4112 R 100.0  94.0   0:59.44 main
06:58:46        8 root      20   0   16.0g  14.8g   2860 R 100.0  95.2   0:59.71 main
06:58:47        8 root      20   0       0      0      0 R 100.0   0.0   1:00.87 main
06:58:50        8 root      20   0       0      0      0 R 100.0   0.0   1:01.49 main
06:58:50        8 root      20   0       0      0      0 R 100.0   0.0   1:01.75 main
06:58:51  ./src/main not found.
src/main process has exited. Monitoring script will terminate.
