Args:
  Field size              : 2748779069441
  l                       : 32
  t                       : 0
  Number of parties        : 4096
  Number of repeats        : 1
  Monitor sleep time (ms) : 1

Started ./MicroBench with PID: 8
07:09:23        8 root      20   0   15736  10356   6568 R  87.5   0.1   0:00.14 MicroBench
07:09:23        8 root      20   0   16000  10620   6568 R 100.0   0.1   0:00.32 MicroBench
07:09:23        8 root      20   0   16000  10620   6568 R 100.0   0.1   0:00.48 MicroBench
07:09:24        8 root      20   0   16096  10864   6568 R 100.0   0.1   0:00.64 MicroBench
07:09:24        8 root      20   0   16096  10864   6568 R 100.0   0.1   0:00.80 MicroBench
07:09:24        8 root      20   0   16096  10864   6568 R 100.0   0.1   0:00.97 MicroBench
07:09:24        8 root      20   0   16228  10864   6568 R  93.8   0.1   0:01.13 MicroBench
07:09:24        8 root      20   0   16172  10928   6568 R 100.0   0.1   0:01.30 MicroBench
07:09:24        8 root      20   0   16156  10928   6568 R 100.0   0.1   0:01.46 MicroBench
07:09:25        8 root      20   0   16156  10928   6568 R 100.0   0.1   0:01.62 MicroBench
07:09:25        8 root      20   0   16156  10928   6568 R 100.0   0.1   0:01.79 MicroBench
07:09:25        8 root      20   0   16156  10928   6568 R 100.0   0.1   0:01.95 MicroBench
07:09:25        8 root      20   0   16156  10928   6568 R  93.3   0.1   0:02.11 MicroBench
07:09:25        8 root      20   0   16156  10928   6568 R 100.0   0.1   0:02.28 MicroBench
07:09:25        8 root      20   0   16288  10928   6568 R 100.0   0.1   0:02.44 MicroBench
07:09:26        8 root      20   0   16232  10992   6568 R 100.0   0.1   0:02.61 MicroBench
07:09:26        8 root      20   0   15928  10744   6568 R 100.0   0.1   0:02.77 MicroBench
07:09:26        8 root      20   0   15928  10744   6568 R 100.0   0.1   0:02.94 MicroBench
07:09:26        8 root      20   0   16060  10744   6568 R 100.0   0.1   0:03.10 MicroBench
07:09:26        8 root      20   0   16192  10744   6568 R 100.0   0.1   0:03.26 MicroBench
07:09:26        8 root      20   0   16000  10816   6568 R 100.0   0.1   0:03.43 MicroBench
07:09:27        8 root      20   0   16132  10816   6568 R 100.0   0.1   0:03.59 MicroBench
07:09:27        8 root      20   0   16132  10816   6568 R 100.0   0.1   0:03.75 MicroBench
07:09:27        8 root      20   0   16264  10816   6568 R 100.0   0.1   0:03.91 MicroBench
07:09:27        8 root      20   0   15928  10744   6568 R 100.0   0.1   0:04.07 MicroBench
07:09:27        8 root      20   0   16060  10744   6568 R 100.0   0.1   0:04.24 MicroBench
07:09:27        8 root      20   0   16192  10744   6568 R 100.0   0.1   0:04.40 MicroBench
07:09:28        8 root      20   0   16192  10744   6568 R 100.0   0.1   0:04.56 MicroBench
07:09:28        8 root      20   0   15952  10768   6568 R 100.0   0.1   0:04.73 MicroBench
07:09:28        8 root      20   0   16216  10768   6568 R 100.0   0.1   0:04.90 MicroBench
07:09:28        8 root      20   0   16216  10768   6568 R 100.0   0.1   0:05.06 MicroBench
07:09:28        8 root      20   0   16348  11028   6568 R  93.8   0.1   0:05.22 MicroBench
07:09:28        8 root      20   0   15952  10768   6568 R 100.0   0.1   0:05.39 MicroBench
07:09:29        8 root      20   0   15952  10768   6568 R 100.0   0.1   0:05.55 MicroBench
07:09:29        8 root      20   0   16084  10768   6568 R 100.0   0.1   0:05.71 MicroBench
07:09:29        8 root      20   0   16216  10768   6568 R 100.0   0.1   0:05.88 MicroBench
07:09:29        8 root      20   0   16216  10768   6568 R 100.0   0.1   0:06.04 MicroBench
07:09:29        8 root      20   0   15972  10788   6568 R 100.0   0.1   0:06.20 MicroBench
07:09:29        8 root      20   0   16104  10788   6568 R  93.8   0.1   0:06.36 MicroBench
07:09:29        8 root      20   0   16236  10788   6568 R 100.0   0.1   0:06.53 MicroBench
07:09:30        8 root      20   0   16368  11048   6568 R  93.8   0.1   0:06.69 MicroBench
07:09:30        8 root      20   0   16368  11048   6568 R 100.0   0.1   0:06.86 MicroBench
07:09:30        8 root      20   0   16120  10804   6568 R  93.8   0.1   0:07.02 MicroBench
07:09:30        8 root      20   0   16252  10804   6568 R 100.0   0.1   0:07.18 MicroBench
07:09:30        8 root      20   0   16252  10804   6568 R 100.0   0.1   0:07.36 MicroBench
07:09:30        8 root      20   0   16020  10836   6568 R 100.0   0.1   0:07.53 MicroBench
07:09:31        8 root      20   0   16152  10836   6568 R 100.0   0.1   0:07.69 MicroBench
07:09:31        8 root      20   0   16284  10836   6568 R 100.0   0.1   0:07.85 MicroBench
07:09:31        8 root      20   0   16440  11096   6568 R 100.0   0.1   0:08.02 MicroBench
07:09:31        8 root      20   0   15988  10804   6568 R 100.0   0.1   0:08.18 MicroBench
07:09:31        8 root      20   0   15936  10752   6568 R  93.8   0.1   0:08.35 MicroBench
07:09:31        8 root      20   0   24912  19516   6632 R 100.0   0.1   0:08.51 MicroBench
07:09:32        8 root      20   0   24912  19516   6632 R 100.0   0.1   0:08.68 MicroBench
07:09:32        8 root      20   0   24912  19516   6632 R 100.0   0.1   0:08.84 MicroBench
07:09:32        8 root      20   0   24912  19516   6632 R 100.0   0.1   0:09.00 MicroBench
07:09:32        8 root      20   0   24912  19516   6632 R  93.3   0.1   0:09.16 MicroBench
07:09:32        8 root      20   0   24912  19516   6632 R  93.8   0.1   0:09.33 MicroBench
07:09:32        8 root      20   0   24912  19516   6632 R 100.0   0.1   0:09.49 MicroBench
07:09:33        8 root      20   0   24912  19516   6632 R 100.0   0.1   0:09.65 MicroBench
07:09:33        8 root      20   0   24912  19516   6632 R 100.0   0.1   0:09.81 MicroBench
07:09:33        8 root      20   0   24912  19516   6632 R 100.0   0.1   0:09.97 MicroBench
07:09:33        8 root      20   0   24912  19516   6632 R 100.0   0.1   0:10.14 MicroBench
07:09:33        8 root      20   0   24912  19516   6632 R 100.0   0.1   0:10.30 MicroBench
07:09:33        8 root      20   0   24912  19516   6632 R 100.0   0.1   0:10.46 MicroBench
07:09:34        8 root      20   0   24912  19516   6632 R 100.0   0.1   0:10.63 MicroBench
07:09:34        8 root      20   0   24912  19516   6632 R 100.0   0.1   0:10.79 MicroBench
07:09:34        8 root      20   0   24912  19516   6632 R  93.8   0.1   0:10.95 MicroBench
07:09:34        8 root      20   0   24912  19516   6632 R 100.0   0.1   0:11.12 MicroBench
07:09:34        8 root      20   0   24912  19516   6632 R  93.8   0.1   0:11.28 MicroBench
07:09:34        8 root      20   0   24912  19516   6632 R 100.0   0.1   0:11.45 MicroBench
07:09:35        8 root      20   0   24912  19516   6632 R 100.0   0.1   0:11.62 MicroBench
07:09:35        8 root      20   0   24912  19516   6632 R 100.0   0.1   0:11.78 MicroBench
07:09:35        8 root      20   0   24912  19516   6632 R  93.3   0.1   0:11.93 MicroBench
07:09:35        8 root      20   0   24912  19516   6632 R 100.0   0.1   0:12.10 MicroBench
07:09:35        8 root      20   0   24912  19516   6632 R 100.0   0.1   0:12.26 MicroBench
07:09:35        8 root      20   0   24912  19516   6632 R 100.0   0.1   0:12.43 MicroBench
07:09:36        8 root      20   0   24912  19516   6632 R 100.0   0.1   0:12.59 MicroBench
07:09:36        8 root      20   0   24912  19516   6632 R 100.0   0.1   0:12.75 MicroBench
07:09:36        8 root      20   0   24912  19516   6632 R 100.0   0.1   0:12.92 MicroBench
07:09:36        8 root      20   0   24912  19516   6632 R 100.0   0.1   0:13.09 MicroBench
07:09:36        8 root      20   0   24912  19516   6632 R 100.0   0.1   0:13.25 MicroBench
07:09:36        8 root      20   0   24912  19516   6632 R 100.0   0.1   0:13.41 MicroBench
07:09:37        8 root      20   0   24912  19516   6632 R 100.0   0.1   0:13.58 MicroBench
07:09:37        8 root      20   0   24912  19516   6632 R 100.0   0.1   0:13.74 MicroBench
07:09:37        8 root      20   0   24912  19516   6632 R  93.3   0.1   0:13.90 MicroBench
07:09:37        8 root      20   0   24912  19516   6632 R 100.0   0.1   0:14.07 MicroBench
07:09:37        8 root      20   0   24912  19516   6632 R 100.0   0.1   0:14.24 MicroBench
07:09:37        8 root      20   0   24912  19516   6632 R 100.0   0.1   0:14.40 MicroBench
07:09:38        8 root      20   0   24912  19516   6632 R 100.0   0.1   0:14.56 MicroBench
07:09:38        8 root      20   0   24912  19516   6632 R  93.8   0.1   0:14.73 MicroBench
07:09:38        8 root      20   0   24912  19516   6632 R 100.0   0.1   0:14.90 MicroBench
07:09:38        8 root      20   0   24912  19516   6632 R 100.0   0.1   0:15.09 MicroBench
07:09:38        8 root      20   0   24912  19516   6632 R 100.0   0.1   0:15.25 MicroBench
07:09:38        8 root      20   0   24912  19516   6632 R 100.0   0.1   0:15.41 MicroBench
07:09:39        8 root      20   0   24912  19516   6632 R 100.0   0.1   0:15.58 MicroBench
07:09:39        8 root      20   0   24912  19516   6632 R  93.3   0.1   0:15.74 MicroBench
07:09:39        8 root      20   0   24912  19516   6632 R 100.0   0.1   0:15.91 MicroBench
07:09:39        8 root      20   0   24912  19516   6632 R 100.0   0.1   0:16.07 MicroBench
07:09:39        8 root      20   0   24912  19516   6632 R 100.0   0.1   0:16.24 MicroBench
07:09:39        8 root      20   0   24912  19516   6632 R 100.0   0.1   0:16.41 MicroBench
07:09:40        8 root      20   0   24912  19516   6632 R 100.0   0.1   0:16.58 MicroBench
07:09:40        8 root      20   0   24912  19516   6632 R 100.0   0.1   0:16.74 MicroBench
07:09:40        8 root      20   0   24912  19516   6632 R 100.0   0.1   0:16.90 MicroBench
07:09:40        8 root      20   0   24912  19516   6632 R 100.0   0.1   0:17.06 MicroBench
07:09:40        8 root      20   0   24912  19516   6632 R 100.0   0.1   0:17.23 MicroBench
07:09:40        8 root      20   0   24912  19516   6632 R 100.0   0.1   0:17.39 MicroBench
07:09:41        8 root      20   0   24912  19516   6632 R 100.0   0.1   0:17.55 MicroBench
07:09:41        8 root      20   0   24912  19516   6632 R 100.0   0.1   0:17.72 MicroBench
07:09:41        8 root      20   0   24912  19516   6632 R 100.0   0.1   0:17.88 MicroBench
07:09:41        8 root      20   0   24912  19516   6632 R 100.0   0.1   0:18.05 MicroBench
07:09:41        8 root      20   0   24912  19516   6632 R 100.0   0.1   0:18.22 MicroBench
07:09:41        8 root      20   0   24912  19516   6632 R 100.0   0.1   0:18.38 MicroBench
07:09:42        8 root      20   0   24912  19516   6632 R  93.8   0.1   0:18.54 MicroBench
07:09:42        8 root      20   0   24912  19516   6632 R 100.0   0.1   0:18.71 MicroBench
07:09:42        8 root      20   0   24912  19516   6632 R 100.0   0.1   0:18.87 MicroBench
07:09:42        8 root      20   0   24912  19516   6632 R 100.0   0.1   0:19.03 MicroBench
07:09:42        8 root      20   0   24912  19516   6632 R 100.0   0.1   0:19.19 MicroBench
07:09:42        8 root      20   0   24912  19516   6632 R 100.0   0.1   0:19.36 MicroBench
07:09:42        8 root      20   0   24912  19516   6632 R 100.0   0.1   0:19.52 MicroBench
07:09:43        8 root      20   0   24912  19516   6632 R 100.0   0.1   0:19.68 MicroBench
07:09:43        8 root      20   0   24912  19516   6632 R  93.3   0.1   0:19.84 MicroBench
07:09:43        8 root      20   0   24912  19516   6632 R 100.0   0.1   0:20.01 MicroBench
07:09:43        8 root      20   0   24912  19516   6632 R  93.3   0.1   0:20.18 MicroBench
07:09:43        8 root      20   0   24912  19516   6632 R 100.0   0.1   0:20.35 MicroBench
07:09:43        8 root      20   0   24912  19516   6632 R 100.0   0.1   0:20.51 MicroBench
07:09:44        8 root      20   0   24912  19516   6632 R 100.0   0.1   0:20.67 MicroBench
07:09:44        8 root      20   0   24912  19516   6632 R 100.0   0.1   0:20.83 MicroBench
07:09:44        8 root      20   0   24912  19516   6632 R 100.0   0.1   0:20.99 MicroBench
07:09:44        8 root      20   0   24912  19516   6632 R  93.3   0.1   0:21.15 MicroBench
07:09:44        8 root      20   0   24912  19516   6632 R 100.0   0.1   0:21.32 MicroBench
07:09:44        8 root      20   0   24912  19516   6632 R 100.0   0.1   0:21.48 MicroBench
07:09:45        8 root      20   0   24912  19516   6632 R 100.0   0.1   0:21.64 MicroBench
07:09:45        8 root      20   0   24912  19516   6632 R  93.3   0.1   0:21.80 MicroBench
07:09:45        8 root      20   0   24912  19516   6632 R 100.0   0.1   0:21.97 MicroBench
07:09:45        8 root      20   0   24912  19516   6632 R 100.0   0.1   0:22.13 MicroBench
07:09:45        8 root      20   0   24912  19516   6632 R 100.0   0.1   0:22.30 MicroBench
07:09:45        8 root      20   0   24912  19516   6632 R 100.0   0.1   0:22.46 MicroBench
07:09:46        8 root      20   0   24912  19516   6632 R  93.3   0.1   0:22.62 MicroBench
07:09:46        8 root      20   0   24912  19516   6632 R 100.0   0.1   0:22.79 MicroBench
07:09:46        8 root      20   0   24912  19516   6632 R 100.0   0.1   0:22.95 MicroBench
07:09:46        8 root      20   0   24912  19516   6632 R  93.8   0.1   0:23.11 MicroBench
07:09:46        8 root      20   0   24912  19516   6632 R 100.0   0.1   0:23.28 MicroBench
07:09:46        8 root      20   0   24912  19516   6632 R 100.0   0.1   0:23.43 MicroBench
07:09:47        8 root      20   0   24912  19516   6632 R 100.0   0.1   0:23.60 MicroBench
07:09:47        8 root      20   0   24912  19516   6632 R 100.0   0.1   0:23.77 MicroBench
07:09:47        8 root      20   0   24912  19516   6632 R  93.3   0.1   0:23.93 MicroBench
07:09:47        8 root      20   0   24912  19516   6632 R 100.0   0.1   0:24.10 MicroBench
07:09:47        8 root      20   0   24912  19516   6632 R 100.0   0.1   0:24.26 MicroBench
07:09:47        8 root      20   0   24912  19516   6632 R 100.0   0.1   0:24.42 MicroBench
07:09:48        8 root      20   0   24912  19516   6632 R 100.0   0.1   0:24.59 MicroBench
07:09:48        8 root      20   0   24912  19516   6632 R 100.0   0.1   0:24.75 MicroBench
07:09:48        8 root      20   0   24912  19516   6632 R 100.0   0.1   0:24.91 MicroBench
07:09:48        8 root      20   0   24912  19516   6632 R  93.3   0.1   0:25.07 MicroBench
07:09:48        8 root      20   0   24912  19516   6632 R 100.0   0.1   0:25.24 MicroBench
07:09:48        8 root      20   0   24912  19516   6632 R  93.8   0.1   0:25.40 MicroBench
07:09:49        8 root      20   0   24912  19516   6632 R  93.3   0.1   0:25.56 MicroBench
07:09:49        8 root      20   0   24912  19516   6632 R 100.0   0.1   0:25.73 MicroBench
07:09:49        8 root      20   0   35472  30076   6632 R  93.3   0.2   0:25.88 MicroBench
07:09:49        8 root      20   0   35472  30076   6632 R  86.7   0.2   0:26.03 MicroBench
07:09:49        8 root      20   0   35472  30076   6632 R 100.0   0.2   0:26.19 MicroBench
07:09:49        8 root      20   0   35472  30076   6632 R 100.0   0.2   0:26.36 MicroBench
07:09:50        8 root      20   0   35472  30076   6632 R 100.0   0.2   0:26.52 MicroBench
07:09:50        8 root      20   0   35472  30076   6632 R  93.3   0.2   0:26.68 MicroBench
07:09:50        8 root      20   0   35472  30076   6632 R 100.0   0.2   0:26.85 MicroBench
07:09:50        8 root      20   0   35472  30076   6632 R 100.0   0.2   0:27.01 MicroBench
07:09:50        8 root      20   0   35472  30076   6632 R 100.0   0.2   0:27.17 MicroBench
07:09:50        8 root      20   0   35472  30076   6632 R  93.8   0.2   0:27.34 MicroBench
07:09:51        8 root      20   0   35472  30076   6632 R 100.0   0.2   0:27.51 MicroBench
07:09:51        8 root      20   0   35472  30076   6632 R 100.0   0.2   0:27.67 MicroBench
07:09:51        8 root      20   0   35472  30076   6632 R 100.0   0.2   0:27.83 MicroBench
07:09:51        8 root      20   0   35472  30076   6632 R 100.0   0.2   0:27.99 MicroBench
07:09:51        8 root      20   0   35472  30076   6632 R 100.0   0.2   0:28.16 MicroBench
07:09:51        8 root      20   0   35472  30076   6632 R 100.0   0.2   0:28.32 MicroBench
07:09:51        8 root      20   0   35472  30076   6632 R 100.0   0.2   0:28.49 MicroBench
07:09:52        8 root      20   0   35472  30076   6632 R 100.0   0.2   0:28.65 MicroBench
07:09:52        8 root      20   0   35472  30076   6632 R 100.0   0.2   0:28.81 MicroBench
07:09:52        8 root      20   0   35472  30076   6632 R 100.0   0.2   0:28.98 MicroBench
07:09:52        8 root      20   0   35472  30076   6632 R 100.0   0.2   0:29.14 MicroBench
07:09:52        8 root      20   0   35472  30076   6632 R 100.0   0.2   0:29.30 MicroBench
07:09:52        8 root      20   0   35472  30076   6632 R  93.8   0.2   0:29.46 MicroBench
07:09:53        8 root      20   0   35472  30076   6632 R 100.0   0.2   0:29.63 MicroBench
07:09:53        8 root      20   0   35472  30076   6632 R 100.0   0.2   0:29.79 MicroBench
07:09:53        8 root      20   0   35472  30076   6632 R  93.8   0.2   0:29.95 MicroBench
07:09:53        8 root      20   0   35472  30076   6632 R 100.0   0.2   0:30.11 MicroBench
07:09:53        8 root      20   0   35472  30076   6632 R 100.0   0.2   0:30.28 MicroBench
07:09:53        8 root      20   0   35472  30076   6632 R 100.0   0.2   0:30.44 MicroBench
07:09:54        8 root      20   0   35472  30076   6632 R 100.0   0.2   0:30.61 MicroBench
07:09:54        8 root      20   0   35472  30076   6632 R 100.0   0.2   0:30.77 MicroBench
07:09:54        8 root      20   0   35472  30076   6632 R 100.0   0.2   0:30.93 MicroBench
07:09:54        8 root      20   0   35472  30076   6632 R 100.0   0.2   0:31.10 MicroBench
07:09:54        8 root      20   0   35472  30076   6632 R 100.0   0.2   0:31.26 MicroBench
07:09:54        8 root      20   0   35472  30076   6632 R 100.0   0.2   0:31.42 MicroBench
07:09:55        8 root      20   0   35472  30076   6632 R  93.8   0.2   0:31.60 MicroBench
07:09:55        8 root      20   0   35472  30076   6632 R  93.3   0.2   0:31.76 MicroBench
07:09:55        8 root      20   0   35472  30076   6632 R 100.0   0.2   0:31.93 MicroBench
07:09:55        8 root      20   0   35472  30076   6632 R 100.0   0.2   0:32.09 MicroBench
07:09:55        8 root      20   0   35472  30076   6632 R 100.0   0.2   0:32.26 MicroBench
07:09:55        8 root      20   0   35472  30076   6632 R 100.0   0.2   0:32.42 MicroBench
07:09:56        8 root      20   0   35472  30076   6632 R 100.0   0.2   0:32.58 MicroBench
07:09:56        8 root      20   0   35472  30076   6632 R 100.0   0.2   0:32.74 MicroBench
07:09:56        8 root      20   0   35472  30076   6632 R 100.0   0.2   0:32.90 MicroBench
07:09:56        8 root      20   0   35472  30076   6632 R 100.0   0.2   0:33.06 MicroBench
07:09:56        8 root      20   0   35472  30076   6632 R 100.0   0.2   0:33.24 MicroBench
07:09:56        8 root      20   0   35472  30076   6632 R 100.0   0.2   0:33.40 MicroBench
07:09:57        8 root      20   0   35472  30076   6632 R 100.0   0.2   0:33.57 MicroBench
07:09:57        8 root      20   0   35472  30076   6632 R 100.0   0.2   0:33.73 MicroBench
07:09:57        8 root      20   0   35472  30076   6632 R  93.8   0.2   0:33.89 MicroBench
07:09:57        8 root      20   0   35472  30076   6632 R 100.0   0.2   0:34.05 MicroBench
07:09:57        8 root      20   0   35472  30076   6632 R  93.3   0.2   0:34.21 MicroBench
07:09:57        8 root      20   0   35472  30076   6632 R 100.0   0.2   0:34.38 MicroBench
07:09:58        8 root      20   0   35472  30076   6632 R 100.0   0.2   0:34.54 MicroBench
07:09:58        8 root      20   0   35472  30076   6632 R 100.0   0.2   0:34.71 MicroBench
07:09:58        8 root      20   0   35472  30076   6632 R 100.0   0.2   0:34.87 MicroBench
07:09:58        8 root      20   0   35472  30076   6632 R 100.0   0.2   0:35.04 MicroBench
07:09:58        8 root      20   0   35472  30076   6632 R 100.0   0.2   0:35.20 MicroBench
07:09:58        8 root      20   0   35472  30076   6632 R 100.0   0.2   0:35.36 MicroBench
07:09:59        8 root      20   0   35472  30076   6632 R 100.0   0.2   0:35.53 MicroBench
07:09:59        8 root      20   0   35472  30076   6632 R 100.0   0.2   0:35.69 MicroBench
07:09:59        8 root      20   0   35472  30076   6632 R 100.0   0.2   0:35.86 MicroBench
07:09:59        8 root      20   0   35472  30076   6632 R 100.0   0.2   0:36.02 MicroBench
07:09:59        8 root      20   0   35472  30076   6632 R 100.0   0.2   0:36.18 MicroBench
07:09:59        8 root      20   0   35472  30076   6632 R  93.3   0.2   0:36.34 MicroBench
07:10:00        8 root      20   0   35472  30076   6632 R 100.0   0.2   0:36.51 MicroBench
07:10:00        8 root      20   0   35472  30076   6632 R 100.0   0.2   0:36.67 MicroBench
07:10:00        8 root      20   0   35472  30076   6632 R  93.3   0.2   0:36.83 MicroBench
07:10:00        8 root      20   0   35472  30076   6632 R  93.3   0.2   0:37.02 MicroBench
07:10:00        8 root      20   0   35472  30076   6632 R 100.0   0.2   0:37.18 MicroBench
07:10:00        8 root      20   0   35472  30076   6632 R 100.0   0.2   0:37.34 MicroBench
07:10:01        8 root      20   0   35472  30076   6632 R  93.3   0.2   0:37.50 MicroBench
07:10:01        8 root      20   0   35472  30076   6632 R 100.0   0.2   0:37.67 MicroBench
07:10:01        8 root      20   0   35472  30076   6632 R 100.0   0.2   0:37.83 MicroBench
07:10:01        8 root      20   0   35472  30076   6632 R 100.0   0.2   0:37.99 MicroBench
07:10:01        8 root      20   0   35472  30076   6632 R 100.0   0.2   0:38.16 MicroBench
07:10:01        8 root      20   0   35472  30076   6632 R 100.0   0.2   0:38.32 MicroBench
07:10:02        8 root      20   0   35472  30076   6632 R  93.3   0.2   0:38.48 MicroBench
07:10:02        8 root      20   0   35472  30076   6632 R 100.0   0.2   0:38.65 MicroBench
07:10:02        8 root      20   0   35472  30076   6632 R  93.3   0.2   0:38.81 MicroBench
07:10:02        8 root      20   0   35472  30076   6632 R  93.8   0.2   0:38.98 MicroBench
07:10:02        8 root      20   0   35472  30076   6632 R 100.0   0.2   0:39.14 MicroBench
07:10:02        8 root      20   0   35472  30076   6632 R 100.0   0.2   0:39.31 MicroBench
07:10:03        8 root      20   0   35472  30076   6632 R 100.0   0.2   0:39.47 MicroBench
07:10:03        8 root      20   0   35472  30076   6632 R 100.0   0.2   0:39.63 MicroBench
07:10:03        8 root      20   0   35472  30076   6632 R 100.0   0.2   0:39.79 MicroBench
07:10:03        8 root      20   0   35472  30076   6632 R 100.0   0.2   0:39.96 MicroBench
07:10:03        8 root      20   0   35472  30076   6632 R 100.0   0.2   0:40.12 MicroBench
07:10:03        8 root      20   0   35472  30076   6632 R  93.3   0.2   0:40.28 MicroBench
07:10:03        8 root      20   0   35472  30076   6632 R  93.8   0.2   0:40.45 MicroBench
07:10:04        8 root      20   0   35472  30076   6632 R 100.0   0.2   0:40.61 MicroBench
07:10:04        8 root      20   0   35472  30076   6632 R 100.0   0.2   0:40.77 MicroBench
07:10:04        8 root      20   0   35472  30076   6632 R 100.0   0.2   0:40.93 MicroBench
07:10:04        8 root      20   0   35472  30076   6632 R 100.0   0.2   0:41.09 MicroBench
07:10:04        8 root      20   0   35472  30076   6632 R  93.8   0.2   0:41.26 MicroBench
07:10:04        8 root      20   0   35472  30076   6632 R 100.0   0.2   0:41.42 MicroBench
07:10:05        8 root      20   0   35472  30076   6632 R 100.0   0.2   0:41.58 MicroBench
07:10:05        8 root      20   0   35472  30076   6632 R 100.0   0.2   0:41.75 MicroBench
07:10:05        8 root      20   0   35472  30076   6632 R 100.0   0.2   0:41.91 MicroBench
07:10:05        8 root      20   0   35472  30076   6632 R 100.0   0.2   0:42.07 MicroBench
07:10:05        8 root      20   0   35472  30076   6632 R  93.3   0.2   0:42.23 MicroBench
07:10:05        8 root      20   0   35472  30076   6632 R  93.3   0.2   0:42.39 MicroBench
07:10:06        8 root      20   0   35472  30076   6632 R 100.0   0.2   0:42.55 MicroBench
07:10:06        8 root      20   0   35472  30076   6632 R 100.0   0.2   0:42.71 MicroBench
07:10:06        8 root      20   0   35472  30076   6632 R 100.0   0.2   0:42.88 MicroBench
07:10:06        8 root      20   0   35472  30076   6632 R 100.0   0.2   0:43.05 MicroBench
07:10:06        8 root      20   0   35472  30076   6632 R 100.0   0.2   0:43.21 MicroBench
07:10:06        8 root      20   0   35472  30076   6632 R 100.0   0.2   0:43.37 MicroBench
07:10:07        8 root      20   0   35604  30340   6632 R 100.0   0.2   0:43.54 MicroBench
07:10:07        8 root      20   0   37188  31924   6632 R 100.0   0.2   0:43.70 MicroBench
Avg reg. time: 110197333
Avg opt. time: 157736396
Median reg. time: 110197333
Median opt. time: 157736396
07:10:07  MicroBench not found.
MicroBench process has exited. Monitoring script will terminate.
