Args:
  Field size              : 2748779069441
  l                       : 32
  t                       : 20
  Number of parties        : 4096
  Number of repeats        : 1
  Monitor sleep time (ms) : 1

Started ./MicroBench with PID: 8
07:11:05        8 root      20   0   15748  10600   6624 R 100.0   0.1   0:00.15 MicroBench
07:11:05        8 root      20   0   15880  10600   6624 R 100.0   0.1   0:00.31 MicroBench
07:11:05        8 root      20   0   15912  10784   6624 R 100.0   0.1   0:00.48 MicroBench
07:11:06        8 root      20   0   16044  10784   6624 R 100.0   0.1   0:00.64 MicroBench
07:11:06        8 root      20   0   16044  10784   6624 R 100.0   0.1   0:00.80 MicroBench
07:11:06        8 root      20   0   15912  10784   6624 R 100.0   0.1   0:00.97 MicroBench
07:11:06        8 root      20   0   15932  10672   6624 R 100.0   0.1   0:01.14 MicroBench
07:11:06        8 root      20   0   15932  10672   6624 R 100.0   0.1   0:01.31 MicroBench
07:11:06        8 root      20   0   16064  10672   6624 R  86.7   0.1   0:01.45 MicroBench
07:11:07        8 root      20   0   15996  10736   6624 R  93.8   0.1   0:01.61 MicroBench
07:11:07        8 root      20   0   15996  10736   6624 R 100.0   0.1   0:01.77 MicroBench
07:11:07        8 root      20   0   16260  10996   6624 R 100.0   0.1   0:01.93 MicroBench
07:11:07        8 root      20   0   16260  10996   6624 R 100.0   0.1   0:02.10 MicroBench
07:11:07        8 root      20   0   15800  10672   6624 R  93.3   0.1   0:02.25 MicroBench
07:11:07        8 root      20   0   15932  10672   6624 R  93.3   0.1   0:02.41 MicroBench
07:11:08        8 root      20   0   16064  10672   6624 R 100.0   0.1   0:02.58 MicroBench
07:11:08        8 root      20   0   15932  10672   6624 R 100.0   0.1   0:02.75 MicroBench
07:11:08        8 root      20   0   16064  10672   6624 R 100.0   0.1   0:02.91 MicroBench
07:11:08        8 root      20   0   16196  10932   6624 R 100.0   0.1   0:03.08 MicroBench
07:11:08        8 root      20   0   15800  10672   6624 R 100.0   0.1   0:03.24 MicroBench
07:11:08        8 root      20   0   15932  10672   6624 R 100.0   0.1   0:03.40 MicroBench
07:11:09        8 root      20   0   16064  10672   6624 R  93.8   0.1   0:03.56 MicroBench
07:11:09        8 root      20   0   15928  10800   6624 R 100.0   0.1   0:03.72 MicroBench
07:11:09        8 root      20   0   16060  10800   6624 R 100.0   0.1   0:03.89 MicroBench
07:11:09        8 root      20   0   16192  10800   6624 R 100.0   0.1   0:04.05 MicroBench
07:11:09        8 root      20   0   15928  10800   6624 R 100.0   0.1   0:04.22 MicroBench
07:11:09        8 root      20   0   15928  10800   6624 R 100.0   0.1   0:04.38 MicroBench
07:11:10        8 root      20   0   15928  10800   6624 R 100.0   0.1   0:04.54 MicroBench
07:11:10        8 root      20   0   15928  10800   6624 R 100.0   0.1   0:04.71 MicroBench
07:11:10        8 root      20   0   16060  10800   6624 R 100.0   0.1   0:04.88 MicroBench
07:11:10        8 root      20   0   16192  10800   6624 R 100.0   0.1   0:05.04 MicroBench
07:11:10        8 root      20   0   16184  10988   6624 R 100.0   0.1   0:05.20 MicroBench
07:11:10        8 root      20   0   16184  10988   6624 R  93.3   0.1   0:05.36 MicroBench
07:11:11        8 root      20   0   16184  10988   6624 R 100.0   0.1   0:05.53 MicroBench
07:11:11        8 root      20   0   16184  10988   6624 R 100.0   0.1   0:05.69 MicroBench
07:11:11        8 root      20   0   15956  10828   6624 R 100.0   0.1   0:05.85 MicroBench
07:11:11        8 root      20   0   16088  10828   6624 R 100.0   0.1   0:06.01 MicroBench
07:11:11        8 root      20   0   16220  10828   6624 R 100.0   0.1   0:06.18 MicroBench
07:11:11        8 root      20   0   16220  10828   6624 R 100.0   0.1   0:06.34 MicroBench
07:11:12        8 root      20   0   16220  10828   6624 R 100.0   0.1   0:06.51 MicroBench
07:11:12        8 root      20   0   16220  10828   6624 R 100.0   0.1   0:06.67 MicroBench
07:11:12        8 root      20   0   16220  10828   6624 R 100.0   0.1   0:06.83 MicroBench
07:11:12        8 root      20   0   16352  11088   6624 R 100.0   0.1   0:07.01 MicroBench
07:11:12        8 root      20   0   15988  10860   6624 R 100.0   0.1   0:07.17 MicroBench
07:11:12        8 root      20   0   15984  10856   6624 R 100.0   0.1   0:07.34 MicroBench
07:11:13        8 root      20   0   16112  10852   6624 R 100.0   0.1   0:07.51 MicroBench
07:11:13        8 root      20   0   16244  10852   6624 R 100.0   0.1   0:07.67 MicroBench
07:11:13        8 root      20   0   16244  10852   6624 R  93.3   0.1   0:07.83 MicroBench
07:11:13        8 root      20   0   15980  10852   6624 R 100.0   0.1   0:08.00 MicroBench
07:11:13        8 root      20   0   16112  10852   6624 R 100.0   0.1   0:08.16 MicroBench
07:11:13        8 root      20   0   16244  10852   6624 R  93.8   0.1   0:08.33 MicroBench
07:11:13        8 root      20   0   16376  11112   6624 R 100.0   0.1   0:08.49 MicroBench
07:11:14        8 root      20   0   16344  11124   6624 R 100.0   0.1   0:08.65 MicroBench
07:11:14        8 root      20   0   16112  10852   6624 R 100.0   0.1   0:08.81 MicroBench
07:11:14        8 root      20   0   16244  10852   6624 R 100.0   0.1   0:08.98 MicroBench
07:11:14        8 root      20   0   16244  10852   6624 R 100.0   0.1   0:09.14 MicroBench
07:11:14        8 root      20   0   16008  10880   6624 R 100.0   0.1   0:09.30 MicroBench
07:11:14        8 root      20   0   16140  10880   6624 R  93.8   0.1   0:09.46 MicroBench
07:11:15        8 root      20   0   16272  10880   6624 R 100.0   0.1   0:09.64 MicroBench
07:11:15        8 root      20   0   16380  11252   6624 R 100.0   0.1   0:09.80 MicroBench
07:11:15        8 root      20   0   16104  10976   6624 R 100.0   0.1   0:09.96 MicroBench
07:11:15        8 root      20   0   15980  10852   6624 R 100.0   0.1   0:10.12 MicroBench
07:11:15        8 root      20   0   28124  22788   6688 R 100.0   0.1   0:10.29 MicroBench
07:11:15        8 root      20   0   28124  22788   6688 R 100.0   0.1   0:10.46 MicroBench
07:11:16        8 root      20   0   28124  22788   6688 R 100.0   0.1   0:10.62 MicroBench
07:11:16        8 root      20   0   28124  22788   6688 R 100.0   0.1   0:10.78 MicroBench
07:11:16        8 root      20   0   28124  22788   6688 R 100.0   0.1   0:10.94 MicroBench
07:11:16        8 root      20   0   28124  22788   6688 R 100.0   0.1   0:11.11 MicroBench
07:11:16        8 root      20   0   28124  22788   6688 R 100.0   0.1   0:11.27 MicroBench
07:11:16        8 root      20   0   28124  22788   6688 R 100.0   0.1   0:11.43 MicroBench
07:11:17        8 root      20   0   28124  22788   6688 R  93.8   0.1   0:11.59 MicroBench
07:11:17        8 root      20   0   28124  22788   6688 R 100.0   0.1   0:11.76 MicroBench
07:11:17        8 root      20   0   28124  22788   6688 R  93.8   0.1   0:11.92 MicroBench
07:11:17        8 root      20   0   28124  22788   6688 R 100.0   0.1   0:12.09 MicroBench
07:11:17        8 root      20   0   28124  22788   6688 R 100.0   0.1   0:12.26 MicroBench
07:11:17        8 root      20   0   28124  22788   6688 R 100.0   0.1   0:12.42 MicroBench
07:11:18        8 root      20   0   28124  22788   6688 R 100.0   0.1   0:12.59 MicroBench
07:11:18        8 root      20   0   28124  22788   6688 R 100.0   0.1   0:12.76 MicroBench
07:11:18        8 root      20   0   28124  22788   6688 R 100.0   0.1   0:12.92 MicroBench
07:11:18        8 root      20   0   28124  22788   6688 R 100.0   0.1   0:13.09 MicroBench
07:11:18        8 root      20   0   28124  22788   6688 R 100.0   0.1   0:13.26 MicroBench
07:11:18        8 root      20   0   28124  22788   6688 R 100.0   0.1   0:13.43 MicroBench
07:11:19        8 root      20   0   28124  22788   6688 R  93.8   0.1   0:13.60 MicroBench
07:11:19        8 root      20   0   28124  22788   6688 R 100.0   0.1   0:13.77 MicroBench
07:11:19        8 root      20   0   28124  22788   6688 R 100.0   0.1   0:13.93 MicroBench
07:11:19        8 root      20   0   28124  22788   6688 R 100.0   0.1   0:14.10 MicroBench
07:11:19        8 root      20   0   28124  22788   6688 R 100.0   0.1   0:14.27 MicroBench
07:11:19        8 root      20   0   28124  22788   6688 R 100.0   0.1   0:14.44 MicroBench
07:11:20        8 root      20   0   28124  22788   6688 R  93.3   0.1   0:14.60 MicroBench
07:11:20        8 root      20   0   28124  22788   6688 R 100.0   0.1   0:14.78 MicroBench
07:11:20        8 root      20   0   28124  22788   6688 R 100.0   0.1   0:14.94 MicroBench
07:11:20        8 root      20   0   28124  22788   6688 R 100.0   0.1   0:15.11 MicroBench
07:11:20        8 root      20   0   28124  22788   6688 R 100.0   0.1   0:15.28 MicroBench
07:11:20        8 root      20   0   28124  22788   6688 R 100.0   0.1   0:15.45 MicroBench
07:11:21        8 root      20   0   28124  22788   6688 R  93.3   0.1   0:15.61 MicroBench
07:11:21        8 root      20   0   28124  22788   6688 R 100.0   0.1   0:15.78 MicroBench
07:11:21        8 root      20   0   28124  22788   6688 R  93.8   0.1   0:15.95 MicroBench
07:11:21        8 root      20   0   28124  22788   6688 R 100.0   0.1   0:16.12 MicroBench
07:11:21        8 root      20   0   28124  22788   6688 R 100.0   0.1   0:16.29 MicroBench
07:11:21        8 root      20   0   28124  22788   6688 R 100.0   0.1   0:16.46 MicroBench
07:11:22        8 root      20   0   28124  22788   6688 R 100.0   0.1   0:16.62 MicroBench
07:11:22        8 root      20   0   28124  22788   6688 R 100.0   0.1   0:16.79 MicroBench
07:11:22        8 root      20   0   28124  22788   6688 R 100.0   0.1   0:16.96 MicroBench
07:11:22        8 root      20   0   28124  22788   6688 R 100.0   0.1   0:17.13 MicroBench
07:11:22        8 root      20   0   28124  22788   6688 R 100.0   0.1   0:17.30 MicroBench
07:11:22        8 root      20   0   28124  22788   6688 R 100.0   0.1   0:17.47 MicroBench
07:11:23        8 root      20   0   28124  22788   6688 R 100.0   0.1   0:17.63 MicroBench
07:11:23        8 root      20   0   28124  22788   6688 R 100.0   0.1   0:17.80 MicroBench
07:11:23        8 root      20   0   28124  22788   6688 R 100.0   0.1   0:17.97 MicroBench
07:11:23        8 root      20   0   28124  22788   6688 R  93.8   0.1   0:18.14 MicroBench
07:11:23        8 root      20   0   28124  22788   6688 R 100.0   0.1   0:18.31 MicroBench
07:11:23        8 root      20   0   28124  22788   6688 R 100.0   0.1   0:18.47 MicroBench
07:11:24        8 root      20   0   28124  22788   6688 R 100.0   0.1   0:18.65 MicroBench
07:11:24        8 root      20   0   28124  22788   6688 R  93.8   0.1   0:18.82 MicroBench
07:11:24        8 root      20   0   28124  22788   6688 R 100.0   0.1   0:18.99 MicroBench
07:11:24        8 root      20   0   28124  22788   6688 R 100.0   0.1   0:19.16 MicroBench
07:11:24        8 root      20   0   28124  22788   6688 R 100.0   0.1   0:19.33 MicroBench
07:11:25        8 root      20   0   28124  22788   6688 R  93.8   0.1   0:19.50 MicroBench
07:11:25        8 root      20   0   28124  22788   6688 R 100.0   0.1   0:19.67 MicroBench
07:11:25        8 root      20   0   28124  22788   6688 R 100.0   0.1   0:19.83 MicroBench
07:11:25        8 root      20   0   28124  22788   6688 R 100.0   0.1   0:20.01 MicroBench
07:11:25        8 root      20   0   28124  22788   6688 R 100.0   0.1   0:20.18 MicroBench
07:11:25        8 root      20   0   28124  22788   6688 R 100.0   0.1   0:20.35 MicroBench
07:11:26        8 root      20   0   28124  22788   6688 R 100.0   0.1   0:20.51 MicroBench
07:11:26        8 root      20   0   28124  22788   6688 R 100.0   0.1   0:20.68 MicroBench
07:11:26        8 root      20   0   28124  22788   6688 R 100.0   0.1   0:20.85 MicroBench
07:11:26        8 root      20   0   28124  22788   6688 R 100.0   0.1   0:21.02 MicroBench
07:11:26        8 root      20   0   28124  22788   6688 R 100.0   0.1   0:21.19 MicroBench
07:11:26        8 root      20   0   28124  22788   6688 R 100.0   0.1   0:21.36 MicroBench
07:11:27        8 root      20   0   28124  22788   6688 R 100.0   0.1   0:21.53 MicroBench
07:11:27        8 root      20   0   28124  22788   6688 R 100.0   0.1   0:21.70 MicroBench
07:11:27        8 root      20   0   28124  22788   6688 R 100.0   0.1   0:21.86 MicroBench
07:11:27        8 root      20   0   28124  22788   6688 R 100.0   0.1   0:22.03 MicroBench
07:11:27        8 root      20   0   28124  22788   6688 R 100.0   0.1   0:22.20 MicroBench
07:11:27        8 root      20   0   28124  22788   6688 R 100.0   0.1   0:22.37 MicroBench
07:11:28        8 root      20   0   28124  22788   6688 R 100.0   0.1   0:22.54 MicroBench
07:11:28        8 root      20   0   28124  22788   6688 R 100.0   0.1   0:22.71 MicroBench
07:11:28        8 root      20   0   28124  22788   6688 R 100.0   0.1   0:22.88 MicroBench
07:11:28        8 root      20   0   28124  22788   6688 R 100.0   0.1   0:23.04 MicroBench
07:11:28        8 root      20   0   28124  22788   6688 R  93.8   0.1   0:23.22 MicroBench
07:11:28        8 root      20   0   28124  22788   6688 R 100.0   0.1   0:23.39 MicroBench
07:11:29        8 root      20   0   28124  22788   6688 R 100.0   0.1   0:23.56 MicroBench
07:11:29        8 root      20   0   28124  22788   6688 R  93.3   0.1   0:23.72 MicroBench
07:11:29        8 root      20   0   28124  22788   6688 R 100.0   0.1   0:23.90 MicroBench
07:11:29        8 root      20   0   28124  22788   6688 R 100.0   0.1   0:24.07 MicroBench
07:11:29        8 root      20   0   28124  22788   6688 R  93.3   0.1   0:24.23 MicroBench
07:11:29        8 root      20   0   28124  22788   6688 R 100.0   0.1   0:24.41 MicroBench
07:11:30        8 root      20   0   28124  22788   6688 R 100.0   0.1   0:24.57 MicroBench
07:11:30        8 root      20   0   28124  22788   6688 R 100.0   0.1   0:24.74 MicroBench
07:11:30        8 root      20   0   28124  22788   6688 R 100.0   0.1   0:24.91 MicroBench
07:11:30        8 root      20   0   28124  22788   6688 R 100.0   0.1   0:25.08 MicroBench
07:11:30        8 root      20   0   28124  22788   6688 R  87.5   0.1   0:25.25 MicroBench
07:11:30        8 root      20   0   28124  22788   6688 R 100.0   0.1   0:25.43 MicroBench
07:11:31        8 root      20   0   28124  22788   6688 R 100.0   0.1   0:25.59 MicroBench
07:11:31        8 root      20   0   28124  22788   6688 R 100.0   0.1   0:25.76 MicroBench
07:11:31        8 root      20   0   28124  22788   6688 R 100.0   0.1   0:25.93 MicroBench
07:11:31        8 root      20   0   28124  22788   6688 R 100.0   0.1   0:26.10 MicroBench
07:11:31        8 root      20   0   28124  22788   6688 R 100.0   0.1   0:26.27 MicroBench
07:11:31        8 root      20   0   28124  22788   6688 R 100.0   0.1   0:26.44 MicroBench
07:11:32        8 root      20   0   28124  22788   6688 R 100.0   0.1   0:26.61 MicroBench
07:11:32        8 root      20   0   28124  22788   6688 R 100.0   0.1   0:26.78 MicroBench
07:11:32        8 root      20   0   28124  22788   6688 R  93.3   0.1   0:26.94 MicroBench
07:11:32        8 root      20   0   28124  22788   6688 R 100.0   0.1   0:27.11 MicroBench
07:11:32        8 root      20   0   28124  22788   6688 R  93.8   0.1   0:27.28 MicroBench
07:11:32        8 root      20   0   28124  22788   6688 R 100.0   0.1   0:27.45 MicroBench
07:11:33        8 root      20   0   28124  22788   6688 R  93.8   0.1   0:27.62 MicroBench
07:11:33        8 root      20   0   28124  22788   6688 R  93.8   0.1   0:27.79 MicroBench
07:11:33        8 root      20   0   28124  22788   6688 R 100.0   0.1   0:27.96 MicroBench
07:11:33        8 root      20   0   28124  22788   6688 R  93.3   0.1   0:28.12 MicroBench
07:11:33        8 root      20   0   28124  22788   6688 R 100.0   0.1   0:28.30 MicroBench
07:11:34        8 root      20   0   28124  22788   6688 R 100.0   0.1   0:28.46 MicroBench
07:11:34        8 root      20   0   28124  22788   6688 R 100.0   0.1   0:28.63 MicroBench
07:11:34        8 root      20   0   28124  22788   6688 R 100.0   0.1   0:28.80 MicroBench
07:11:34        8 root      20   0   28124  22788   6688 R  93.8   0.1   0:28.97 MicroBench
07:11:34        8 root      20   0   28124  22788   6688 R 100.0   0.1   0:29.14 MicroBench
07:11:34        8 root      20   0   28124  22788   6688 R 100.0   0.1   0:29.31 MicroBench
07:11:35        8 root      20   0   28124  22788   6688 R 100.0   0.1   0:29.47 MicroBench
07:11:35        8 root      20   0   28124  22788   6688 R 100.0   0.1   0:29.65 MicroBench
07:11:35        8 root      20   0   28124  22788   6688 R  93.8   0.1   0:29.82 MicroBench
07:11:35        8 root      20   0   28124  22788   6688 R 100.0   0.1   0:29.99 MicroBench
07:11:35        8 root      20   0   28124  22788   6688 R 100.0   0.1   0:30.15 MicroBench
07:11:35        8 root      20   0   28124  22788   6688 R 100.0   0.1   0:30.32 MicroBench
07:11:36        8 root      20   0   28124  22788   6688 R 100.0   0.1   0:30.50 MicroBench
07:11:36        8 root      20   0   28124  22788   6688 R 100.0   0.1   0:30.68 MicroBench
07:11:36        8 root      20   0   28124  22788   6688 R 100.0   0.1   0:30.84 MicroBench
07:11:36        8 root      20   0   28124  22788   6688 R 100.0   0.1   0:31.01 MicroBench
07:11:36        8 root      20   0   28124  22788   6688 R  93.8   0.1   0:31.18 MicroBench
07:11:36        8 root      20   0   28124  22788   6688 R 100.0   0.1   0:31.35 MicroBench
07:11:37        8 root      20   0   28124  22788   6688 R 100.0   0.1   0:31.52 MicroBench
07:11:37        8 root      20   0   28124  22788   6688 R 100.0   0.1   0:31.69 MicroBench
07:11:37        8 root      20   0   28124  22788   6688 R 100.0   0.1   0:31.86 MicroBench
07:11:37        8 root      20   0   28124  22788   6688 R  93.8   0.1   0:32.03 MicroBench
07:11:37        8 root      20   0   28124  22788   6688 R 100.0   0.1   0:32.20 MicroBench
07:11:37        8 root      20   0   28124  22788   6688 R  93.8   0.1   0:32.37 MicroBench
07:11:38        8 root      20   0   28124  22788   6688 R 100.0   0.1   0:32.54 MicroBench
07:11:38        8 root      20   0   28124  22788   6688 R 100.0   0.1   0:32.71 MicroBench
07:11:38        8 root      20   0   28124  22788   6688 R  87.5   0.1   0:32.87 MicroBench
07:11:38        8 root      20   0   28124  22788   6688 R 100.0   0.1   0:33.04 MicroBench
07:11:38        8 root      20   0   28124  22788   6688 R 100.0   0.1   0:33.21 MicroBench
07:11:38        8 root      20   0   28124  22788   6688 R 100.0   0.1   0:33.39 MicroBench
07:11:39        8 root      20   0   28124  22788   6688 R 100.0   0.1   0:33.56 MicroBench
07:11:39        8 root      20   0   28124  22788   6688 R 100.0   0.1   0:33.73 MicroBench
07:11:39        8 root      20   0   28124  22788   6688 R 100.0   0.1   0:33.90 MicroBench
07:11:39        8 root      20   0   28124  22788   6688 R 100.0   0.1   0:34.07 MicroBench
07:11:39        8 root      20   0   28124  22788   6688 R 100.0   0.1   0:34.24 MicroBench
07:11:39        8 root      20   0   28124  22788   6688 R 100.0   0.1   0:34.41 MicroBench
07:11:40        8 root      20   0   28124  22788   6688 R 100.0   0.1   0:34.58 MicroBench
07:11:40        8 root      20   0   28124  22788   6688 R 100.0   0.1   0:34.75 MicroBench
07:11:40        8 root      20   0   28124  22788   6688 R  93.8   0.1   0:34.92 MicroBench
07:11:40        8 root      20   0   28124  22788   6688 R 100.0   0.1   0:35.11 MicroBench
07:11:40        8 root      20   0   28124  22788   6688 R 100.0   0.1   0:35.29 MicroBench
07:11:41        8 root      20   0   28124  22788   6688 R  93.8   0.1   0:35.47 MicroBench
07:11:41        8 root      20   0   28124  22788   6688 R 100.0   0.1   0:35.64 MicroBench
07:11:41        8 root      20   0   28124  22788   6688 R  93.8   0.1   0:35.82 MicroBench
07:11:41        8 root      20   0   28124  22788   6688 R 100.0   0.1   0:35.99 MicroBench
07:11:41        8 root      20   0   28124  22788   6688 R 100.0   0.1   0:36.16 MicroBench
07:11:41        8 root      20   0   28124  22788   6688 R 100.0   0.1   0:36.32 MicroBench
07:11:42        8 root      20   0   28124  22788   6688 R 100.0   0.1   0:36.49 MicroBench
07:11:42        8 root      20   0   28124  22788   6688 R  93.3   0.1   0:36.65 MicroBench
07:11:42        8 root      20   0   28124  22788   6688 R 100.0   0.1   0:36.82 MicroBench
07:11:42        8 root      20   0   28124  22788   6688 R 100.0   0.1   0:36.99 MicroBench
07:11:42        8 root      20   0   28124  22788   6688 R 100.0   0.1   0:37.17 MicroBench
07:11:42        8 root      20   0   28124  22788   6688 R 100.0   0.1   0:37.34 MicroBench
07:11:43        8 root      20   0   28124  22788   6688 R  93.3   0.1   0:37.50 MicroBench
07:11:43        8 root      20   0   28124  22788   6688 R 100.0   0.1   0:37.69 MicroBench
07:11:43        8 root      20   0   28124  22788   6688 R 100.0   0.1   0:37.86 MicroBench
07:11:43        8 root      20   0   28124  22788   6688 R 100.0   0.1   0:38.03 MicroBench
07:11:43        8 root      20   0   28124  22788   6688 R  93.8   0.1   0:38.20 MicroBench
07:11:43        8 root      20   0   28124  22788   6688 R 100.0   0.1   0:38.37 MicroBench
07:11:44        8 root      20   0   28124  22788   6688 R 100.0   0.1   0:38.54 MicroBench
07:11:44        8 root      20   0   28124  22788   6688 R 100.0   0.1   0:38.71 MicroBench
07:11:44        8 root      20   0   28124  22788   6688 R 100.0   0.1   0:38.88 MicroBench
07:11:44        8 root      20   0   28124  22788   6688 R 100.0   0.1   0:39.05 MicroBench
07:11:44        8 root      20   0   28124  22788   6688 R 100.0   0.1   0:39.22 MicroBench
07:11:44        8 root      20   0   28124  22788   6688 R 100.0   0.1   0:39.38 MicroBench
07:11:45        8 root      20   0   28124  22788   6688 R 100.0   0.1   0:39.55 MicroBench
07:11:45        8 root      20   0   28124  22788   6688 R 100.0   0.1   0:39.72 MicroBench
07:11:45        8 root      20   0   28124  22788   6688 R 100.0   0.1   0:39.89 MicroBench
07:11:45        8 root      20   0   28124  22788   6688 R 100.0   0.1   0:40.06 MicroBench
07:11:45        8 root      20   0   28124  22788   6688 R 100.0   0.1   0:40.23 MicroBench
07:11:45        8 root      20   0   28124  22788   6688 R 100.0   0.1   0:40.40 MicroBench
07:11:46        8 root      20   0   28124  22788   6688 R 100.0   0.1   0:40.57 MicroBench
07:11:46        8 root      20   0   28124  22788   6688 R 100.0   0.1   0:40.74 MicroBench
07:11:46        8 root      20   0   28124  22788   6688 R 100.0   0.1   0:40.91 MicroBench
07:11:46        8 root      20   0   28124  22788   6688 R 100.0   0.1   0:41.08 MicroBench
07:11:46        8 root      20   0   28124  22788   6688 R 100.0   0.1   0:41.26 MicroBench
07:11:47        8 root      20   0   28124  22788   6688 R  93.3   0.1   0:41.42 MicroBench
07:11:47        8 root      20   0   28124  22788   6688 R 100.0   0.1   0:41.60 MicroBench
07:11:47        8 root      20   0   28124  22788   6688 R  93.8   0.1   0:41.76 MicroBench
07:11:47        8 root      20   0   28124  22788   6688 R 100.0   0.1   0:41.93 MicroBench
07:11:47        8 root      20   0   28124  22788   6688 R 100.0   0.1   0:42.10 MicroBench
07:11:47        8 root      20   0   28124  22788   6688 R  86.7   0.1   0:42.24 MicroBench
07:11:48        8 root      20   0   28124  22788   6688 R 100.0   0.1   0:42.41 MicroBench
07:11:48        8 root      20   0   28124  22788   6688 R 100.0   0.1   0:42.57 MicroBench
07:11:48        8 root      20   0   28124  22788   6688 R  93.8   0.1   0:42.74 MicroBench
07:11:48        8 root      20   0   28124  22788   6688 R  93.8   0.1   0:42.91 MicroBench
07:11:48        8 root      20   0   28124  22788   6688 R 100.0   0.1   0:43.08 MicroBench
07:11:48        8 root      20   0   28124  22788   6688 R 100.0   0.1   0:43.26 MicroBench
07:11:49        8 root      20   0   28124  22788   6688 R 100.0   0.1   0:43.42 MicroBench
07:11:49        8 root      20   0   28124  22788   6688 R 100.0   0.1   0:43.60 MicroBench
07:11:49        8 root      20   0   28124  22788   6688 R 100.0   0.1   0:43.77 MicroBench
07:11:49        8 root      20   0   28124  22788   6688 R 100.0   0.1   0:43.94 MicroBench
07:11:49        8 root      20   0   28124  22788   6688 R 100.0   0.1   0:44.10 MicroBench
07:11:49        8 root      20   0   28124  22788   6688 R 100.0   0.1   0:44.27 MicroBench
07:11:50        8 root      20   0   28124  22788   6688 R  93.8   0.1   0:44.44 MicroBench
07:11:50        8 root      20   0   28124  22788   6688 R  93.8   0.1   0:44.61 MicroBench
07:11:50        8 root      20   0   28124  22788   6688 R 100.0   0.1   0:44.78 MicroBench
07:11:50        8 root      20   0   28124  22788   6688 R 100.0   0.1   0:44.95 MicroBench
07:11:50        8 root      20   0   28124  22788   6688 R 100.0   0.1   0:45.11 MicroBench
07:11:50        8 root      20   0   28124  22788   6688 R 100.0   0.1   0:45.28 MicroBench
07:11:51        8 root      20   0   28124  22788   6688 R 100.0   0.1   0:45.46 MicroBench
07:11:51        8 root      20   0   28124  22788   6688 R  93.8   0.1   0:45.63 MicroBench
07:11:51        8 root      20   0   28124  22788   6688 R 100.0   0.1   0:45.80 MicroBench
07:11:51        8 root      20   0   28124  22788   6688 R 100.0   0.1   0:45.96 MicroBench
07:11:51        8 root      20   0   28124  22788   6688 R 100.0   0.1   0:46.14 MicroBench
07:11:51        8 root      20   0   28124  22788   6688 R 100.0   0.1   0:46.30 MicroBench
07:11:52        8 root      20   0   28124  22788   6688 R 100.0   0.1   0:46.47 MicroBench
07:11:52        8 root      20   0   28124  22788   6688 R 100.0   0.1   0:46.65 MicroBench
07:11:52        8 root      20   0   28124  22788   6688 R 100.0   0.1   0:46.82 MicroBench
07:11:52        8 root      20   0   28124  22788   6688 R 100.0   0.1   0:47.00 MicroBench
07:11:52        8 root      20   0   28124  22788   6688 R 100.0   0.1   0:47.17 MicroBench
07:11:52        8 root      20   0   28124  22788   6688 R 100.0   0.1   0:47.34 MicroBench
07:11:53        8 root      20   0   28124  22788   6688 R 100.0   0.1   0:47.51 MicroBench
07:11:53        8 root      20   0   28124  22788   6688 R 100.0   0.1   0:47.68 MicroBench
07:11:53        8 root      20   0   28124  22788   6688 R 100.0   0.1   0:47.84 MicroBench
07:11:53        8 root      20   0   28124  22788   6688 R  81.2   0.1   0:47.99 MicroBench
07:11:53        8 root      20   0   28124  22788   6688 R 100.0   0.1   0:48.16 MicroBench
07:11:53        8 root      20   0   28124  22788   6688 R 100.0   0.1   0:48.33 MicroBench
07:11:54        8 root      20   0   28124  22788   6688 R 100.0   0.1   0:48.50 MicroBench
07:11:54        8 root      20   0   28124  22788   6688 R 100.0   0.1   0:48.67 MicroBench
07:11:54        8 root      20   0   28124  22788   6688 R  93.8   0.1   0:48.84 MicroBench
07:11:54        8 root      20   0   28124  22788   6688 R 100.0   0.1   0:49.01 MicroBench
07:11:54        8 root      20   0   28124  22788   6688 R 100.0   0.1   0:49.18 MicroBench
07:11:55        8 root      20   0   28124  22788   6688 R 100.0   0.1   0:49.36 MicroBench
07:11:55        8 root      20   0   28124  22788   6688 R  93.3   0.1   0:49.53 MicroBench
07:11:55        8 root      20   0   28124  22788   6688 R 100.0   0.1   0:49.71 MicroBench
07:11:55        8 root      20   0   28124  22788   6688 R 100.0   0.1   0:49.88 MicroBench
07:11:55        8 root      20   0   28124  22788   6688 R 100.0   0.1   0:50.05 MicroBench
07:11:55        8 root      20   0   28124  22788   6688 R 100.0   0.1   0:50.22 MicroBench
07:11:56        8 root      20   0   28124  22788   6688 R 100.0   0.1   0:50.38 MicroBench
07:11:56        8 root      20   0   28124  22788   6688 R 100.0   0.1   0:50.56 MicroBench
07:11:56        8 root      20   0   28124  22788   6688 R 100.0   0.1   0:50.73 MicroBench
07:11:56        8 root      20   0   28124  22788   6688 R  93.3   0.1   0:50.89 MicroBench
07:11:56        8 root      20   0   28124  22788   6688 R 100.0   0.1   0:51.07 MicroBench
07:11:56        8 root      20   0   28124  22788   6688 R 100.0   0.1   0:51.23 MicroBench
07:11:57        8 root      20   0   28124  22788   6688 R  93.8   0.1   0:51.41 MicroBench
07:11:57        8 root      20   0   28124  22788   6688 R 100.0   0.1   0:51.58 MicroBench
07:11:57        8 root      20   0   28124  22788   6688 R 100.0   0.1   0:51.75 MicroBench
07:11:57        8 root      20   0   28124  22788   6688 R 100.0   0.1   0:51.92 MicroBench
07:11:57        8 root      20   0   28124  22788   6688 R 100.0   0.1   0:52.09 MicroBench
07:11:57        8 root      20   0   28124  22788   6688 R 100.0   0.1   0:52.26 MicroBench
07:11:58        8 root      20   0   28124  22788   6688 R  93.8   0.1   0:52.43 MicroBench
07:11:58        8 root      20   0   28124  22788   6688 R 100.0   0.1   0:52.60 MicroBench
07:11:58        8 root      20   0   28124  22788   6688 R 100.0   0.1   0:52.77 MicroBench
07:11:58        8 root      20   0   28124  22788   6688 R  93.8   0.1   0:52.93 MicroBench
07:11:58        8 root      20   0   28124  22788   6688 R 100.0   0.1   0:53.10 MicroBench
07:11:58        8 root      20   0   28124  22788   6688 R 100.0   0.1   0:53.28 MicroBench
07:11:59        8 root      20   0   28124  22788   6688 R 100.0   0.1   0:53.45 MicroBench
07:11:59        8 root      20   0   28124  22788   6688 R 100.0   0.1   0:53.61 MicroBench
07:11:59        8 root      20   0   28124  22788   6688 R 100.0   0.1   0:53.78 MicroBench
07:11:59        8 root      20   0   28124  22788   6688 R  86.7   0.1   0:53.93 MicroBench
07:11:59        8 root      20   0   28124  22788   6688 R  93.8   0.1   0:54.10 MicroBench
07:11:59        8 root      20   0   28124  22788   6688 R  93.3   0.1   0:54.26 MicroBench
07:12:00        8 root      20   0   28124  22788   6688 R 100.0   0.1   0:54.44 MicroBench
07:12:00        8 root      20   0   28124  22788   6688 R 100.0   0.1   0:54.60 MicroBench
07:12:00        8 root      20   0   28124  22788   6688 R 100.0   0.1   0:54.77 MicroBench
07:12:00        8 root      20   0   28124  22788   6688 R  93.8   0.1   0:54.94 MicroBench
07:12:00        8 root      20   0   28124  22788   6688 R 100.0   0.1   0:55.11 MicroBench
07:12:00        8 root      20   0   28124  22788   6688 R 100.0   0.1   0:55.28 MicroBench
07:12:01        8 root      20   0   28124  22788   6688 R  93.8   0.1   0:55.46 MicroBench
07:12:01        8 root      20   0   28124  22788   6688 R 100.0   0.1   0:55.63 MicroBench
07:12:01        8 root      20   0   28124  22788   6688 R  93.3   0.1   0:55.79 MicroBench
07:12:01        8 root      20   0   28124  22788   6688 R 100.0   0.1   0:55.96 MicroBench
07:12:01        8 root      20   0   28124  22788   6688 R 100.0   0.1   0:56.13 MicroBench
07:12:01        8 root      20   0   28124  22788   6688 R 100.0   0.1   0:56.30 MicroBench
07:12:02        8 root      20   0   28124  22788   6688 R 100.0   0.1   0:56.47 MicroBench
07:12:02        8 root      20   0   28124  22788   6688 R 100.0   0.1   0:56.64 MicroBench
07:12:02        8 root      20   0   28124  22788   6688 R 100.0   0.1   0:56.81 MicroBench
07:12:02        8 root      20   0   28124  22788   6688 R 100.0   0.1   0:56.98 MicroBench
07:12:02        8 root      20   0   28124  22788   6688 R 100.0   0.1   0:57.15 MicroBench
07:12:03        8 root      20   0   28124  22788   6688 R  93.3   0.1   0:57.31 MicroBench
07:12:03        8 root      20   0   28124  22788   6688 R 100.0   0.1   0:57.49 MicroBench
07:12:03        8 root      20   0   28124  22788   6688 R  93.8   0.1   0:57.65 MicroBench
07:12:03        8 root      20   0   28124  22788   6688 R 100.0   0.1   0:57.82 MicroBench
07:12:03        8 root      20   0   28124  22788   6688 R 100.0   0.1   0:57.99 MicroBench
07:12:03        8 root      20   0   28124  22788   6688 R 100.0   0.1   0:58.16 MicroBench
07:12:04        8 root      20   0   28124  22788   6688 R  93.3   0.1   0:58.32 MicroBench
07:12:04        8 root      20   0   28124  22788   6688 R  93.8   0.1   0:58.50 MicroBench
07:12:04        8 root      20   0   28124  22788   6688 R 100.0   0.1   0:58.67 MicroBench
07:12:04        8 root      20   0   28124  22788   6688 R 100.0   0.1   0:58.84 MicroBench
07:12:04        8 root      20   0   28124  22788   6688 R 100.0   0.1   0:59.01 MicroBench
07:12:04        8 root      20   0   28124  22788   6688 R 100.0   0.1   0:59.17 MicroBench
07:12:05        8 root      20   0   28124  22788   6688 R 100.0   0.1   0:59.34 MicroBench
07:12:05        8 root      20   0   28124  22788   6688 R 100.0   0.1   0:59.51 MicroBench
07:12:05        8 root      20   0   28124  22788   6688 R  94.1   0.1   0:59.69 MicroBench
07:12:05        8 root      20   0   28124  22788   6688 R  93.8   0.1   0:59.90 MicroBench
07:12:05        8 root      20   0   28124  22788   6688 R 100.0   0.1   1:00.07 MicroBench
07:12:05        8 root      20   0   28124  22788   6688 R 100.0   0.1   1:00.24 MicroBench
07:12:06        8 root      20   0   28124  22788   6688 R 100.0   0.1   1:00.40 MicroBench
07:12:06        8 root      20   0   28124  22788   6688 R  93.8   0.1   1:00.57 MicroBench
07:12:06        8 root      20   0   28124  22788   6688 R 100.0   0.1   1:00.74 MicroBench
07:12:06        8 root      20   0   28124  22788   6688 R 100.0   0.1   1:00.91 MicroBench
07:12:06        8 root      20   0   28124  22788   6688 R 100.0   0.1   1:01.08 MicroBench
07:12:06        8 root      20   0   28124  22788   6688 R  93.3   0.1   1:01.24 MicroBench
07:12:07        8 root      20   0   28124  22788   6688 R 100.0   0.1   1:01.41 MicroBench
07:12:07        8 root      20   0   28124  22788   6688 R  93.8   0.1   1:01.58 MicroBench
07:12:07        8 root      20   0   28124  22788   6688 R  93.8   0.1   1:01.76 MicroBench
07:12:07        8 root      20   0   28124  22788   6688 R 100.0   0.1   1:01.93 MicroBench
07:12:07        8 root      20   0   28124  22788   6688 R 100.0   0.1   1:02.10 MicroBench
07:12:07        8 root      20   0   28124  22788   6688 R 100.0   0.1   1:02.26 MicroBench
07:12:08        8 root      20   0   28124  22788   6688 R 100.0   0.1   1:02.43 MicroBench
07:12:08        8 root      20   0   28124  22788   6688 R 100.0   0.1   1:02.60 MicroBench
07:12:08        8 root      20   0   28124  22788   6688 R 100.0   0.1   1:02.77 MicroBench
07:12:08        8 root      20   0   28124  22788   6688 R  93.8   0.1   1:02.94 MicroBench
07:12:08        8 root      20   0   28124  22788   6688 R 100.0   0.1   1:03.11 MicroBench
07:12:08        8 root      20   0   28124  22788   6688 R 100.0   0.1   1:03.27 MicroBench
07:12:09        8 root      20   0   28124  22788   6688 R 100.0   0.1   1:03.45 MicroBench
07:12:09        8 root      20   0   28124  22788   6688 R 100.0   0.1   1:03.62 MicroBench
07:12:09        8 root      20   0   28124  22788   6688 R 100.0   0.1   1:03.79 MicroBench
07:12:09        8 root      20   0   28124  22788   6688 R  93.8   0.1   1:03.96 MicroBench
07:12:09        8 root      20   0   28124  22788   6688 R 100.0   0.1   1:04.13 MicroBench
07:12:10        8 root      20   0   28124  22788   6688 R 100.0   0.1   1:04.29 MicroBench
07:12:10        8 root      20   0   28124  22788   6688 R 100.0   0.1   1:04.46 MicroBench
07:12:10        8 root      20   0   28124  22788   6688 R 100.0   0.1   1:04.63 MicroBench
07:12:10        8 root      20   0   28124  22788   6688 R 100.0   0.1   1:04.80 MicroBench
07:12:10        8 root      20   0   28124  22788   6688 R 100.0   0.1   1:04.97 MicroBench
07:12:10        8 root      20   0   28124  22788   6688 R 100.0   0.1   1:05.14 MicroBench
07:12:11        8 root      20   0   28124  22788   6688 R 100.0   0.1   1:05.31 MicroBench
07:12:11        8 root      20   0   28124  22788   6688 R 100.0   0.1   1:05.48 MicroBench
07:12:11        8 root      20   0   28124  22788   6688 R 100.0   0.1   1:05.64 MicroBench
07:12:11        8 root      20   0   28124  22788   6688 R  93.8   0.1   1:05.81 MicroBench
07:12:11        8 root      20   0   28124  22788   6688 R 100.0   0.1   1:05.98 MicroBench
07:12:11        8 root      20   0   28124  22788   6688 R 100.0   0.1   1:06.15 MicroBench
07:12:12        8 root      20   0   28124  22788   6688 R 100.0   0.1   1:06.32 MicroBench
07:12:12        8 root      20   0   28124  22788   6688 R  93.8   0.1   1:06.49 MicroBench
07:12:12        8 root      20   0   28124  22788   6688 R 100.0   0.1   1:06.66 MicroBench
07:12:12        8 root      20   0   28124  22788   6688 R 100.0   0.1   1:06.82 MicroBench
07:12:12        8 root      20   0   28124  22788   6688 R 100.0   0.1   1:06.99 MicroBench
07:12:12        8 root      20   0   28124  22788   6688 R 100.0   0.1   1:07.16 MicroBench
07:12:13        8 root      20   0   28124  22788   6688 R 100.0   0.1   1:07.33 MicroBench
07:12:13        8 root      20   0   28124  22788   6688 R 100.0   0.1   1:07.50 MicroBench
07:12:13        8 root      20   0   28124  22788   6688 R  93.8   0.1   1:07.67 MicroBench
07:12:13        8 root      20   0   28124  22788   6688 R 100.0   0.1   1:07.84 MicroBench
07:12:13        8 root      20   0   28124  22788   6688 R 100.0   0.1   1:08.01 MicroBench
07:12:13        8 root      20   0   28124  22788   6688 R 100.0   0.1   1:08.18 MicroBench
07:12:14        8 root      20   0   28124  22788   6688 R 100.0   0.1   1:08.35 MicroBench
07:12:14        8 root      20   0   28124  22788   6688 R 100.0   0.1   1:08.51 MicroBench
07:12:14        8 root      20   0   28124  22788   6688 R 100.0   0.1   1:08.68 MicroBench
07:12:14        8 root      20   0   28124  22788   6688 R 100.0   0.1   1:08.85 MicroBench
07:12:14        8 root      20   0   41588  36252   6688 R 100.0   0.2   1:09.02 MicroBench
07:12:14        8 root      20   0   41588  36252   6688 R 100.0   0.2   1:09.19 MicroBench
07:12:15        8 root      20   0   41588  36252   6688 R 100.0   0.2   1:09.35 MicroBench
07:12:15        8 root      20   0   41588  36252   6688 R 100.0   0.2   1:09.52 MicroBench
07:12:15        8 root      20   0   41588  36252   6688 R  93.8   0.2   1:09.69 MicroBench
07:12:15        8 root      20   0   41588  36252   6688 R 100.0   0.2   1:09.86 MicroBench
07:12:15        8 root      20   0   41588  36252   6688 R  93.8   0.2   1:10.03 MicroBench
07:12:15        8 root      20   0   41588  36252   6688 R  93.8   0.2   1:10.20 MicroBench
07:12:16        8 root      20   0   41588  36252   6688 R 100.0   0.2   1:10.37 MicroBench
07:12:16        8 root      20   0   41588  36252   6688 R 100.0   0.2   1:10.54 MicroBench
07:12:16        8 root      20   0   41588  36252   6688 R 100.0   0.2   1:10.70 MicroBench
07:12:16        8 root      20   0   41588  36252   6688 R 100.0   0.2   1:10.87 MicroBench
07:12:16        8 root      20   0   41588  36252   6688 R 100.0   0.2   1:11.04 MicroBench
07:12:16        8 root      20   0   41588  36252   6688 R 100.0   0.2   1:11.21 MicroBench
07:12:17        8 root      20   0   41588  36252   6688 R 100.0   0.2   1:11.38 MicroBench
07:12:17        8 root      20   0   41588  36252   6688 R  93.8   0.2   1:11.56 MicroBench
07:12:17        8 root      20   0   41588  36252   6688 R  93.8   0.2   1:11.73 MicroBench
07:12:17        8 root      20   0   41588  36252   6688 R  93.8   0.2   1:11.90 MicroBench
07:12:17        8 root      20   0   41588  36252   6688 R 100.0   0.2   1:12.08 MicroBench
07:12:17        8 root      20   0   41588  36252   6688 R 100.0   0.2   1:12.25 MicroBench
07:12:18        8 root      20   0   41588  36252   6688 R 100.0   0.2   1:12.41 MicroBench
07:12:18        8 root      20   0   41588  36252   6688 R  93.8   0.2   1:12.58 MicroBench
07:12:18        8 root      20   0   41588  36252   6688 R 100.0   0.2   1:12.75 MicroBench
07:12:18        8 root      20   0   41588  36252   6688 R 100.0   0.2   1:12.92 MicroBench
07:12:18        8 root      20   0   41588  36252   6688 R 100.0   0.2   1:13.09 MicroBench
07:12:18        8 root      20   0   41588  36252   6688 R 100.0   0.2   1:13.26 MicroBench
07:12:19        8 root      20   0   41588  36252   6688 R  93.3   0.2   1:13.42 MicroBench
07:12:19        8 root      20   0   41588  36252   6688 R 100.0   0.2   1:13.59 MicroBench
07:12:19        8 root      20   0   41588  36252   6688 R 100.0   0.2   1:13.76 MicroBench
07:12:19        8 root      20   0   41588  36252   6688 R 100.0   0.2   1:13.93 MicroBench
07:12:19        8 root      20   0   41588  36252   6688 R  93.8   0.2   1:14.10 MicroBench
07:12:20        8 root      20   0   41588  36252   6688 R 100.0   0.2   1:14.27 MicroBench
07:12:20        8 root      20   0   41588  36252   6688 R  93.3   0.2   1:14.43 MicroBench
07:12:20        8 root      20   0   41588  36252   6688 R 100.0   0.2   1:14.60 MicroBench
07:12:20        8 root      20   0   41588  36252   6688 R 100.0   0.2   1:14.78 MicroBench
07:12:20        8 root      20   0   41588  36252   6688 R 100.0   0.2   1:14.95 MicroBench
07:12:20        8 root      20   0   41588  36252   6688 R 100.0   0.2   1:15.12 MicroBench
07:12:21        8 root      20   0   41588  36252   6688 R 100.0   0.2   1:15.28 MicroBench
07:12:21        8 root      20   0   41588  36252   6688 R 100.0   0.2   1:15.45 MicroBench
07:12:21        8 root      20   0   41588  36252   6688 R 100.0   0.2   1:15.62 MicroBench
07:12:21        8 root      20   0   41588  36252   6688 R 100.0   0.2   1:15.79 MicroBench
07:12:21        8 root      20   0   41588  36252   6688 R 100.0   0.2   1:15.96 MicroBench
07:12:21        8 root      20   0   41588  36252   6688 R 100.0   0.2   1:16.13 MicroBench
07:12:22        8 root      20   0   41588  36252   6688 R 100.0   0.2   1:16.29 MicroBench
07:12:22        8 root      20   0   41588  36252   6688 R 100.0   0.2   1:16.47 MicroBench
07:12:22        8 root      20   0   41588  36252   6688 R 100.0   0.2   1:16.64 MicroBench
07:12:22        8 root      20   0   41588  36252   6688 R 100.0   0.2   1:16.80 MicroBench
07:12:22        8 root      20   0   41588  36252   6688 R 100.0   0.2   1:16.98 MicroBench
07:12:22        8 root      20   0   41588  36252   6688 R 100.0   0.2   1:17.15 MicroBench
07:12:23        8 root      20   0   41588  36252   6688 R  93.3   0.2   1:17.31 MicroBench
07:12:23        8 root      20   0   41588  36252   6688 R 100.0   0.2   1:17.49 MicroBench
07:12:23        8 root      20   0   41588  36252   6688 R 100.0   0.2   1:17.65 MicroBench
07:12:23        8 root      20   0   41588  36252   6688 R 100.0   0.2   1:17.82 MicroBench
07:12:23        8 root      20   0   41588  36252   6688 R 100.0   0.2   1:17.99 MicroBench
07:12:23        8 root      20   0   41588  36252   6688 R 100.0   0.2   1:18.16 MicroBench
07:12:24        8 root      20   0   41588  36252   6688 R 100.0   0.2   1:18.33 MicroBench
07:12:24        8 root      20   0   41588  36252   6688 R 100.0   0.2   1:18.50 MicroBench
07:12:24        8 root      20   0   41588  36252   6688 R  87.5   0.2   1:18.66 MicroBench
07:12:24        8 root      20   0   41588  36252   6688 R 100.0   0.2   1:18.84 MicroBench
07:12:24        8 root      20   0   41588  36252   6688 R 100.0   0.2   1:19.00 MicroBench
07:12:24        8 root      20   0   41588  36252   6688 R 100.0   0.2   1:19.17 MicroBench
07:12:25        8 root      20   0   41588  36252   6688 R 100.0   0.2   1:19.34 MicroBench
07:12:25        8 root      20   0   41588  36252   6688 R 100.0   0.2   1:19.51 MicroBench
07:12:25        8 root      20   0   41588  36252   6688 R  93.3   0.2   1:19.67 MicroBench
07:12:25        8 root      20   0   41588  36252   6688 R  93.8   0.2   1:19.84 MicroBench
07:12:25        8 root      20   0   41588  36252   6688 R 100.0   0.2   1:20.01 MicroBench
07:12:25        8 root      20   0   41588  36252   6688 R 100.0   0.2   1:20.18 MicroBench
07:12:26        8 root      20   0   41588  36252   6688 R 100.0   0.2   1:20.35 MicroBench
07:12:26        8 root      20   0   41588  36252   6688 R 100.0   0.2   1:20.52 MicroBench
07:12:26        8 root      20   0   41588  36252   6688 R 100.0   0.2   1:20.68 MicroBench
07:12:26        8 root      20   0   41588  36252   6688 R 100.0   0.2   1:20.85 MicroBench
07:12:26        8 root      20   0   41588  36252   6688 R  93.8   0.2   1:21.02 MicroBench
07:12:26        8 root      20   0   41588  36252   6688 R 100.0   0.2   1:21.19 MicroBench
07:12:27        8 root      20   0   41588  36252   6688 R  93.3   0.2   1:21.35 MicroBench
07:12:27        8 root      20   0   41588  36252   6688 R 100.0   0.2   1:21.53 MicroBench
07:12:27        8 root      20   0   41588  36252   6688 R 100.0   0.2   1:21.69 MicroBench
07:12:27        8 root      20   0   41588  36252   6688 R  93.8   0.2   1:21.87 MicroBench
07:12:27        8 root      20   0   41588  36252   6688 R 100.0   0.2   1:22.04 MicroBench
07:12:27        8 root      20   0   41588  36252   6688 R  93.3   0.2   1:22.20 MicroBench
07:12:28        8 root      20   0   41588  36252   6688 R 100.0   0.2   1:22.38 MicroBench
07:12:28        8 root      20   0   41588  36252   6688 R 100.0   0.2   1:22.54 MicroBench
07:12:28        8 root      20   0   41588  36252   6688 R 100.0   0.2   1:22.71 MicroBench
07:12:28        8 root      20   0   41588  36252   6688 R 100.0   0.2   1:22.88 MicroBench
07:12:28        8 root      20   0   41588  36252   6688 R  93.8   0.2   1:23.05 MicroBench
07:12:28        8 root      20   0   41588  36252   6688 R  81.2   0.2   1:23.20 MicroBench
07:12:29        8 root      20   0   41588  36512   6688 R 100.0   0.2   1:23.37 MicroBench
07:12:29        8 root      20   0   41588  36512   6688 R 100.0   0.2   1:23.54 MicroBench
07:12:29        8 root      20   0   41588  36512   6688 R  93.8   0.2   1:23.71 MicroBench
07:12:29        8 root      20   0   41588  36512   6688 R 100.0   0.2   1:23.88 MicroBench
07:12:29        8 root      20   0   41588  36512   6688 R 100.0   0.2   1:24.05 MicroBench
07:12:29        8 root      20   0   41588  36512   6688 R 100.0   0.2   1:24.22 MicroBench
07:12:30        8 root      20   0   41588  36512   6688 R 100.0   0.2   1:24.39 MicroBench
07:12:30        8 root      20   0   41588  36512   6688 R  93.8   0.2   1:24.55 MicroBench
07:12:30        8 root      20   0   41588  36512   6688 R 100.0   0.2   1:24.72 MicroBench
07:12:30        8 root      20   0   41588  36512   6688 R  87.5   0.2   1:24.89 MicroBench
07:12:30        8 root      20   0   41588  36512   6688 R 100.0   0.2   1:25.06 MicroBench
07:12:31        8 root      20   0   41588  36512   6688 R 100.0   0.2   1:25.23 MicroBench
07:12:31        8 root      20   0   41588  36512   6688 R 100.0   0.2   1:25.40 MicroBench
07:12:31        8 root      20   0   41588  36512   6688 R 100.0   0.2   1:25.57 MicroBench
07:12:31        8 root      20   0   41588  36512   6688 R 100.0   0.2   1:25.74 MicroBench
07:12:31        8 root      20   0   41588  36512   6688 R 100.0   0.2   1:25.91 MicroBench
07:12:31        8 root      20   0   41588  36512   6688 R 100.0   0.2   1:26.08 MicroBench
07:12:32        8 root      20   0   41588  36512   6688 R 100.0   0.2   1:26.25 MicroBench
07:12:32        8 root      20   0   41588  36512   6688 R 100.0   0.2   1:26.42 MicroBench
07:12:32        8 root      20   0   41588  36512   6688 R 100.0   0.2   1:26.60 MicroBench
07:12:32        8 root      20   0   41588  36512   6688 R 100.0   0.2   1:26.77 MicroBench
07:12:32        8 root      20   0   41588  36512   6688 R 100.0   0.2   1:26.93 MicroBench
07:12:32        8 root      20   0   41588  36512   6688 R 100.0   0.2   1:27.10 MicroBench
07:12:33        8 root      20   0   41588  36512   6688 R  93.8   0.2   1:27.27 MicroBench
07:12:33        8 root      20   0   41588  36512   6688 R 100.0   0.2   1:27.44 MicroBench
07:12:33        8 root      20   0   41588  36512   6688 R 100.0   0.2   1:27.61 MicroBench
07:12:33        8 root      20   0   41588  36512   6688 R 100.0   0.2   1:27.78 MicroBench
07:12:33        8 root      20   0   41588  36512   6688 R 100.0   0.2   1:27.94 MicroBench
07:12:33        8 root      20   0   41588  36512   6688 R 100.0   0.2   1:28.11 MicroBench
07:12:34        8 root      20   0   41588  36512   6688 R 100.0   0.2   1:28.28 MicroBench
07:12:34        8 root      20   0   41588  36512   6688 R 100.0   0.2   1:28.45 MicroBench
07:12:34        8 root      20   0   41588  36512   6688 R  93.8   0.2   1:28.62 MicroBench
07:12:34        8 root      20   0   41588  36512   6688 R 100.0   0.2   1:28.79 MicroBench
07:12:34        8 root      20   0   41588  36512   6688 R 100.0   0.2   1:28.95 MicroBench
07:12:34        8 root      20   0   41588  36512   6688 R 100.0   0.2   1:29.14 MicroBench
07:12:35        8 root      20   0   41588  36512   6688 R 100.0   0.2   1:29.31 MicroBench
07:12:35        8 root      20   0   41588  36512   6688 R 100.0   0.2   1:29.48 MicroBench
07:12:35        8 root      20   0   41588  36512   6688 R 100.0   0.2   1:29.64 MicroBench
07:12:35        8 root      20   0   41588  36512   6688 R 100.0   0.2   1:29.81 MicroBench
07:12:35        8 root      20   0   41588  36512   6688 R  93.8   0.2   1:29.98 MicroBench
07:12:35        8 root      20   0   41588  36512   6688 R 100.0   0.2   1:30.15 MicroBench
07:12:36        8 root      20   0   41588  36512   6688 R 100.0   0.2   1:30.32 MicroBench
07:12:36        8 root      20   0   41588  36512   6688 R 100.0   0.2   1:30.49 MicroBench
07:12:36        8 root      20   0   41588  36512   6688 R  93.8   0.2   1:30.66 MicroBench
07:12:36        8 root      20   0   41588  36512   6688 R  93.3   0.2   1:30.82 MicroBench
07:12:36        8 root      20   0   41588  36512   6688 R 100.0   0.2   1:31.00 MicroBench
07:12:36        8 root      20   0   41588  36512   6688 R 100.0   0.2   1:31.17 MicroBench
07:12:37        8 root      20   0   41588  36512   6688 R 100.0   0.2   1:31.34 MicroBench
07:12:37        8 root      20   0   41588  36512   6688 R 100.0   0.2   1:31.51 MicroBench
07:12:37        8 root      20   0   41588  36512   6688 R 100.0   0.2   1:31.68 MicroBench
07:12:37        8 root      20   0   41588  36512   6688 R 100.0   0.2   1:31.85 MicroBench
07:12:37        8 root      20   0   41588  36512   6688 R 100.0   0.2   1:32.01 MicroBench
07:12:37        8 root      20   0   41588  36512   6688 R 100.0   0.2   1:32.18 MicroBench
07:12:38        8 root      20   0   41588  36512   6688 R 100.0   0.2   1:32.35 MicroBench
07:12:38        8 root      20   0   41588  36512   6688 R 100.0   0.2   1:32.52 MicroBench
07:12:38        8 root      20   0   41588  36512   6688 R 100.0   0.2   1:32.69 MicroBench
07:12:38        8 root      20   0   41588  36512   6688 R  87.5   0.2   1:32.85 MicroBench
07:12:38        8 root      20   0   41588  36512   6688 R  93.8   0.2   1:33.02 MicroBench
07:12:38        8 root      20   0   41588  36512   6688 R 100.0   0.2   1:33.19 MicroBench
07:12:39        8 root      20   0   41588  36512   6688 R 100.0   0.2   1:33.36 MicroBench
07:12:39        8 root      20   0   41588  36512   6688 R 100.0   0.2   1:33.53 MicroBench
07:12:39        8 root      20   0   41588  36512   6688 R  93.3   0.2   1:33.69 MicroBench
07:12:39        8 root      20   0   41588  36512   6688 R 100.0   0.2   1:33.86 MicroBench
07:12:39        8 root      20   0   41588  36512   6688 R 100.0   0.2   1:34.03 MicroBench
07:12:40        8 root      20   0   41588  36512   6688 R 100.0   0.2   1:34.19 MicroBench
07:12:40        8 root      20   0   41588  36512   6688 R 100.0   0.2   1:34.36 MicroBench
07:12:40        8 root      20   0   41588  36512   6688 R 100.0   0.2   1:34.53 MicroBench
07:12:40        8 root      20   0   41588  36512   6688 R 100.0   0.2   1:34.70 MicroBench
07:12:40        8 root      20   0   41588  36512   6688 R  93.3   0.2   1:34.86 MicroBench
07:12:40        8 root      20   0   41588  36512   6688 R 100.0   0.2   1:35.06 MicroBench
07:12:41        8 root      20   0   41588  36512   6688 R 100.0   0.2   1:35.22 MicroBench
07:12:41        8 root      20   0   41588  36512   6688 R 100.0   0.2   1:35.39 MicroBench
07:12:41        8 root      20   0   41588  36512   6688 R 100.0   0.2   1:35.56 MicroBench
07:12:41        8 root      20   0   41588  36512   6688 R 100.0   0.2   1:35.73 MicroBench
07:12:41        8 root      20   0   41588  36512   6688 R  93.8   0.2   1:35.90 MicroBench
07:12:41        8 root      20   0   41588  36512   6688 R 100.0   0.2   1:36.07 MicroBench
07:12:42        8 root      20   0   41588  36512   6688 R  93.3   0.2   1:36.23 MicroBench
07:12:42        8 root      20   0   41588  36512   6688 R 100.0   0.2   1:36.40 MicroBench
07:12:42        8 root      20   0   41588  36512   6688 R 100.0   0.2   1:36.57 MicroBench
07:12:42        8 root      20   0   41588  36512   6688 R 100.0   0.2   1:36.74 MicroBench
07:12:42        8 root      20   0   41588  36512   6688 R 100.0   0.2   1:36.91 MicroBench
07:12:42        8 root      20   0   41588  36512   6688 R 100.0   0.2   1:37.08 MicroBench
07:12:43        8 root      20   0   41588  36512   6688 R 100.0   0.2   1:37.25 MicroBench
07:12:43        8 root      20   0   41588  36512   6688 R  93.8   0.2   1:37.41 MicroBench
07:12:43        8 root      20   0   41588  36512   6688 R 100.0   0.2   1:37.59 MicroBench
07:12:43        8 root      20   0   41588  36512   6688 R 100.0   0.2   1:37.76 MicroBench
07:12:43        8 root      20   0   41588  36512   6688 R 100.0   0.2   1:37.93 MicroBench
07:12:43        8 root      20   0   41588  36512   6688 R 100.0   0.2   1:38.09 MicroBench
07:12:44        8 root      20   0   41588  36512   6688 R 100.0   0.2   1:38.26 MicroBench
07:12:44        8 root      20   0   41588  36512   6688 R 100.0   0.2   1:38.43 MicroBench
07:12:44        8 root      20   0   41588  36512   6688 R 100.0   0.2   1:38.60 MicroBench
07:12:44        8 root      20   0   41588  36512   6688 R 100.0   0.2   1:38.76 MicroBench
07:12:44        8 root      20   0   41588  36512   6688 R 100.0   0.2   1:38.94 MicroBench
07:12:44        8 root      20   0   41588  36512   6688 R 100.0   0.2   1:39.11 MicroBench
07:12:45        8 root      20   0   41588  36512   6688 R 100.0   0.2   1:39.28 MicroBench
07:12:45        8 root      20   0   41588  36512   6688 R  93.8   0.2   1:39.45 MicroBench
07:12:45        8 root      20   0   41588  36512   6688 R  93.8   0.2   1:39.62 MicroBench
07:12:45        8 root      20   0   41588  36512   6688 R 100.0   0.2   1:39.79 MicroBench
07:12:45        8 root      20   0   41588  36512   6688 R 100.0   0.2   1:39.96 MicroBench
07:12:45        8 root      20   0   41588  36512   6688 R 100.0   0.2   1:40.13 MicroBench
07:12:46        8 root      20   0   41588  36512   6688 R  93.3   0.2   1:40.29 MicroBench
07:12:46        8 root      20   0   41588  36512   6688 R 100.0   0.2   1:40.46 MicroBench
07:12:46        8 root      20   0   41588  36512   6688 R  93.8   0.2   1:40.63 MicroBench
07:12:46        8 root      20   0   41588  36512   6688 R  86.7   0.2   1:40.77 MicroBench
07:12:46        8 root      20   0   41588  36512   6688 R 100.0   0.2   1:40.94 MicroBench
07:12:46        8 root      20   0   41588  36512   6688 R 100.0   0.2   1:41.10 MicroBench
07:12:47        8 root      20   0   41588  36512   6688 R 100.0   0.2   1:41.27 MicroBench
07:12:47        8 root      20   0   41588  36512   6688 R  93.8   0.2   1:41.44 MicroBench
07:12:47        8 root      20   0   41588  36512   6688 R 100.0   0.2   1:41.61 MicroBench
07:12:47        8 root      20   0   41588  36512   6688 R 100.0   0.2   1:41.78 MicroBench
07:12:47        8 root      20   0   41588  36512   6688 R 100.0   0.2   1:41.95 MicroBench
07:12:47        8 root      20   0   41588  36512   6688 R 100.0   0.2   1:42.11 MicroBench
07:12:48        8 root      20   0   41588  36512   6688 R 100.0   0.2   1:42.28 MicroBench
07:12:48        8 root      20   0   41588  36512   6688 R 100.0   0.2   1:42.45 MicroBench
07:12:48        8 root      20   0   41588  36512   6688 R 100.0   0.2   1:42.62 MicroBench
07:12:48        8 root      20   0   41588  36512   6688 R  93.8   0.2   1:42.79 MicroBench
07:12:48        8 root      20   0   41588  36512   6688 R 100.0   0.2   1:42.96 MicroBench
07:12:48        8 root      20   0   41588  36512   6688 R 100.0   0.2   1:43.12 MicroBench
07:12:49        8 root      20   0   41588  36512   6688 R 100.0   0.2   1:43.29 MicroBench
07:12:49        8 root      20   0   41588  36512   6688 R 100.0   0.2   1:43.46 MicroBench
07:12:49        8 root      20   0   41588  36512   6688 R 100.0   0.2   1:43.63 MicroBench
07:12:49        8 root      20   0   41588  36512   6688 R 100.0   0.2   1:43.80 MicroBench
07:12:49        8 root      20   0   41588  36512   6688 R 100.0   0.2   1:43.97 MicroBench
07:12:49        8 root      20   0   41588  36512   6688 R 100.0   0.2   1:44.14 MicroBench
07:12:50        8 root      20   0   41588  36512   6688 R 100.0   0.2   1:44.30 MicroBench
07:12:50        8 root      20   0   41588  36512   6688 R  93.8   0.2   1:44.47 MicroBench
07:12:50        8 root      20   0   41588  36512   6688 R 100.0   0.2   1:44.64 MicroBench
07:12:50        8 root      20   0   41588  36512   6688 R 100.0   0.2   1:44.82 MicroBench
07:12:50        8 root      20   0   41588  36512   6688 R 100.0   0.2   1:44.99 MicroBench
07:12:51        8 root      20   0   41588  36512   6688 R 100.0   0.2   1:45.16 MicroBench
07:12:51        8 root      20   0   41588  36512   6688 R 100.0   0.2   1:45.33 MicroBench
07:12:51        8 root      20   0   41588  36512   6688 R 100.0   0.2   1:45.50 MicroBench
07:12:51        8 root      20   0   41588  36512   6688 R 100.0   0.2   1:45.67 MicroBench
07:12:51        8 root      20   0   41588  36512   6688 R 100.0   0.2   1:45.83 MicroBench
07:12:51        8 root      20   0   41588  36512   6688 R 100.0   0.2   1:46.00 MicroBench
07:12:52        8 root      20   0   41588  36512   6688 R 100.0   0.2   1:46.18 MicroBench
07:12:52        8 root      20   0   41588  36512   6688 R 100.0   0.2   1:46.35 MicroBench
07:12:52        8 root      20   0   41588  36512   6688 R  93.8   0.2   1:46.52 MicroBench
07:12:52        8 root      20   0   41588  36512   6688 R  93.8   0.2   1:46.71 MicroBench
07:12:52        8 root      20   0   41588  36512   6688 R 100.0   0.2   1:46.87 MicroBench
07:12:52        8 root      20   0   41588  36512   6688 R 100.0   0.2   1:47.04 MicroBench
07:12:53        8 root      20   0   41588  36512   6688 R 100.0   0.2   1:47.21 MicroBench
07:12:53        8 root      20   0   41588  36512   6688 R 100.0   0.2   1:47.38 MicroBench
07:12:53        8 root      20   0   41588  36512   6688 R 100.0   0.2   1:47.55 MicroBench
07:12:53        8 root      20   0   41588  36512   6688 R 100.0   0.2   1:47.72 MicroBench
07:12:53        8 root      20   0   41588  36512   6688 R  93.8   0.2   1:47.88 MicroBench
07:12:53        8 root      20   0   41588  36512   6688 R 100.0   0.2   1:48.05 MicroBench
07:12:54        8 root      20   0   41588  36512   6688 R 100.0   0.2   1:48.22 MicroBench
07:12:54        8 root      20   0   41588  36512   6688 R 100.0   0.2   1:48.39 MicroBench
07:12:54        8 root      20   0   41588  36512   6688 R 100.0   0.2   1:48.56 MicroBench
07:12:54        8 root      20   0   41588  36512   6688 R 100.0   0.2   1:48.73 MicroBench
07:12:54        8 root      20   0   41588  36512   6688 R 100.0   0.2   1:48.90 MicroBench
07:12:54        8 root      20   0   41588  36512   6688 R 100.0   0.2   1:49.07 MicroBench
07:12:55        8 root      20   0   41588  36512   6688 R 100.0   0.2   1:49.24 MicroBench
07:12:55        8 root      20   0   41588  36512   6688 R  93.8   0.2   1:49.41 MicroBench
07:12:55        8 root      20   0   41588  36512   6688 R  93.8   0.2   1:49.58 MicroBench
07:12:55        8 root      20   0   41588  36512   6688 R 100.0   0.2   1:49.76 MicroBench
07:12:55        8 root      20   0   41588  36512   6688 R 100.0   0.2   1:49.92 MicroBench
07:12:55        8 root      20   0   41588  36512   6688 R 100.0   0.2   1:50.09 MicroBench
07:12:56        8 root      20   0   41588  36512   6688 R 100.0   0.2   1:50.26 MicroBench
07:12:56        8 root      20   0   41588  36512   6688 R  93.8   0.2   1:50.43 MicroBench
07:12:56        8 root      20   0   41588  36512   6688 R 100.0   0.2   1:50.60 MicroBench
07:12:56        8 root      20   0   41588  36512   6688 R 100.0   0.2   1:50.77 MicroBench
07:12:56        8 root      20   0   41588  36512   6688 R 100.0   0.2   1:50.93 MicroBench
07:12:56        8 root      20   0   41588  36512   6688 R 100.0   0.2   1:51.10 MicroBench
07:12:57        8 root      20   0   41588  36512   6688 R 100.0   0.2   1:51.27 MicroBench
07:12:57        8 root      20   0   41588  36512   6688 R 100.0   0.2   1:51.44 MicroBench
07:12:57        8 root      20   0   41588  36512   6688 R 100.0   0.2   1:51.61 MicroBench
07:12:57        8 root      20   0   41588  36512   6688 R 100.0   0.2   1:51.78 MicroBench
07:12:57        8 root      20   0   41588  36512   6688 R 100.0   0.2   1:51.95 MicroBench
07:12:58        8 root      20   0   41588  36512   6688 R 100.0   0.2   1:52.12 MicroBench
07:12:58        8 root      20   0   41588  36512   6688 R 100.0   0.2   1:52.29 MicroBench
07:12:58        8 root      20   0   41588  36512   6688 R  93.3   0.2   1:52.45 MicroBench
07:12:58        8 root      20   0   41588  36512   6688 R  93.8   0.2   1:52.62 MicroBench
07:12:58        8 root      20   0   41588  36512   6688 R 100.0   0.2   1:52.79 MicroBench
07:12:58        8 root      20   0   41588  36512   6688 R 100.0   0.2   1:52.96 MicroBench
07:12:59        8 root      20   0   41588  36512   6688 R 100.0   0.2   1:53.13 MicroBench
07:12:59        8 root      20   0   41588  36512   6688 R 100.0   0.2   1:53.30 MicroBench
07:12:59        8 root      20   0   41588  36512   6688 R 100.0   0.2   1:53.46 MicroBench
07:12:59        8 root      20   0   41588  36512   6688 R 100.0   0.2   1:53.63 MicroBench
07:12:59        8 root      20   0   41588  36512   6688 R 100.0   0.2   1:53.80 MicroBench
07:12:59        8 root      20   0   41588  36512   6688 R  93.8   0.2   1:53.97 MicroBench
07:13:00        8 root      20   0   41588  36512   6688 R  93.8   0.2   1:54.14 MicroBench
07:13:00        8 root      20   0   41588  36512   6688 R 100.0   0.2   1:54.31 MicroBench
07:13:00        8 root      20   0   41588  36512   6688 R 100.0   0.2   1:54.48 MicroBench
07:13:00        8 root      20   0   41588  36512   6688 R 100.0   0.2   1:54.65 MicroBench
07:13:00        8 root      20   0   41588  36512   6688 R  93.8   0.2   1:54.82 MicroBench
07:13:00        8 root      20   0   41588  36512   6688 R 100.0   0.2   1:54.99 MicroBench
07:13:01        8 root      20   0   41588  36512   6688 R 100.0   0.2   1:55.15 MicroBench
07:13:01        8 root      20   0   41588  36512   6688 R 100.0   0.2   1:55.32 MicroBench
07:13:01        8 root      20   0   41588  36512   6688 R 100.0   0.2   1:55.49 MicroBench
07:13:01        8 root      20   0   41588  36512   6688 R  87.5   0.2   1:55.66 MicroBench
07:13:01        8 root      20   0   41588  36512   6688 R 100.0   0.2   1:55.83 MicroBench
07:13:01        8 root      20   0   41588  36512   6688 R 100.0   0.2   1:56.00 MicroBench
07:13:02        8 root      20   0   41588  36512   6688 R  93.8   0.2   1:56.17 MicroBench
07:13:02        8 root      20   0   41588  36512   6688 R  93.8   0.2   1:56.34 MicroBench
07:13:02        8 root      20   0   41588  36512   6688 R  93.8   0.2   1:56.51 MicroBench
07:13:02        8 root      20   0   41588  36512   6688 R 100.0   0.2   1:56.68 MicroBench
07:13:02        8 root      20   0   41588  36512   6688 R 100.0   0.2   1:56.85 MicroBench
07:13:02        8 root      20   0   41588  36512   6688 R 100.0   0.2   1:57.02 MicroBench
07:13:03        8 root      20   0   41588  36512   6688 R 100.0   0.2   1:57.19 MicroBench
07:13:03        8 root      20   0   41588  36512   6688 R 100.0   0.2   1:57.35 MicroBench
07:13:03        8 root      20   0   41588  36512   6688 R 100.0   0.2   1:57.52 MicroBench
07:13:03        8 root      20   0   41588  36512   6688 R  93.8   0.2   1:57.69 MicroBench
07:13:03        8 root      20   0   41588  36512   6688 R 100.0   0.2   1:57.87 MicroBench
07:13:03        8 root      20   0   41588  36512   6688 R 100.0   0.2   1:58.04 MicroBench
07:13:04        8 root      20   0   41588  36512   6688 R 100.0   0.2   1:58.20 MicroBench
07:13:04        8 root      20   0   41588  36512   6688 R 100.0   0.2   1:58.38 MicroBench
07:13:04        8 root      20   0   41588  36512   6688 R 100.0   0.2   1:58.55 MicroBench
07:13:04        8 root      20   0   41588  36512   6688 R 100.0   0.2   1:58.71 MicroBench
07:13:04        8 root      20   0   41588  36512   6688 R 100.0   0.2   1:58.88 MicroBench
07:13:04        8 root      20   0   41588  36512   6688 R 100.0   0.2   1:59.05 MicroBench
07:13:05        8 root      20   0   41588  36512   6688 R 100.0   0.2   1:59.22 MicroBench
07:13:05        8 root      20   0   41588  36512   6688 R 100.0   0.2   1:59.39 MicroBench
07:13:05        8 root      20   0   41588  36512   6688 R 100.0   0.2   1:59.55 MicroBench
07:13:05        8 root      20   0   41588  36512   6688 R 100.0   0.2   1:59.73 MicroBench
07:13:05        8 root      20   0   41588  36512   6688 R 100.0   0.2   1:59.90 MicroBench
07:13:05        8 root      20   0   41588  36512   6688 R 100.0   0.2   2:00.06 MicroBench
07:13:06        8 root      20   0   41588  36512   6688 R 100.0   0.2   2:00.23 MicroBench
07:13:06        8 root      20   0   41588  36512   6688 R 100.0   0.2   2:00.40 MicroBench
07:13:06        8 root      20   0   41588  36512   6688 R 100.0   0.2   2:00.57 MicroBench
07:13:06        8 root      20   0   41588  36512   6688 R  93.8   0.2   2:00.74 MicroBench
07:13:06        8 root      20   0   41588  36512   6688 R 100.0   0.2   2:00.91 MicroBench
07:13:06        8 root      20   0   41588  36512   6688 R 100.0   0.2   2:01.07 MicroBench
07:13:07        8 root      20   0   41588  36512   6688 R 100.0   0.2   2:01.25 MicroBench
07:13:07        8 root      20   0   41588  36512   6688 R  93.3   0.2   2:01.41 MicroBench
07:13:07        8 root      20   0   41588  36512   6688 R 100.0   0.2   2:01.58 MicroBench
07:13:07        8 root      20   0   41588  36512   6688 R 100.0   0.2   2:01.75 MicroBench
07:13:07        8 root      20   0   41588  36512   6688 R 100.0   0.2   2:01.92 MicroBench
07:13:07        8 root      20   0   41588  36512   6688 R 100.0   0.2   2:02.09 MicroBench
07:13:08        8 root      20   0   41588  36512   6688 R 100.0   0.2   2:02.26 MicroBench
07:13:08        8 root      20   0   41588  36512   6688 R 100.0   0.2   2:02.43 MicroBench
07:13:08        8 root      20   0   41588  36512   6688 R  93.8   0.2   2:02.59 MicroBench
07:13:08        8 root      20   0   41588  36512   6688 R 100.0   0.2   2:02.76 MicroBench
07:13:08        8 root      20   0   41588  36512   6688 R 100.0   0.2   2:02.93 MicroBench
07:13:09        8 root      20   0   41588  36512   6688 R 100.0   0.2   2:03.10 MicroBench
07:13:09        8 root      20   0   41588  36512   6688 R 100.0   0.2   2:03.27 MicroBench
07:13:09        8 root      20   0   41588  36512   6688 R 100.0   0.2   2:03.43 MicroBench
07:13:09        8 root      20   0   41588  36512   6688 R  93.8   0.2   2:03.60 MicroBench
07:13:09        8 root      20   0   41588  36512   6688 R 100.0   0.2   2:03.77 MicroBench
07:13:09        8 root      20   0   41588  36512   6688 R 100.0   0.2   2:03.94 MicroBench
07:13:10        8 root      20   0   41588  36512   6688 R  93.3   0.2   2:04.10 MicroBench
07:13:10        8 root      20   0   41588  36512   6688 R  86.7   0.2   2:04.26 MicroBench
07:13:10        8 root      20   0   41588  36512   6688 R 100.0   0.2   2:04.43 MicroBench
07:13:10        8 root      20   0   41588  36512   6688 R 100.0   0.2   2:04.60 MicroBench
07:13:10        8 root      20   0   41588  36512   6688 R  93.8   0.2   2:04.77 MicroBench
07:13:10        8 root      20   0   41588  36512   6688 R 100.0   0.2   2:04.94 MicroBench
07:13:11        8 root      20   0   41588  36512   6688 R  87.5   0.2   2:05.11 MicroBench
07:13:11        8 root      20   0   41588  36512   6688 R 100.0   0.2   2:05.28 MicroBench
07:13:11        8 root      20   0   41588  36512   6688 R 100.0   0.2   2:05.45 MicroBench
07:13:11        8 root      20   0   41588  36512   6688 R 100.0   0.2   2:05.62 MicroBench
07:13:11        8 root      20   0   41588  36512   6688 R 100.0   0.2   2:05.79 MicroBench
07:13:11        8 root      20   0   41588  36512   6688 R 100.0   0.2   2:05.96 MicroBench
07:13:12        8 root      20   0   41588  36512   6688 R 100.0   0.2   2:06.12 MicroBench
07:13:12        8 root      20   0   41588  36512   6688 R 100.0   0.2   2:06.29 MicroBench
07:13:12        8 root      20   0   41588  36512   6688 R 100.0   0.2   2:06.46 MicroBench
07:13:12        8 root      20   0   41588  36512   6688 R 100.0   0.2   2:06.63 MicroBench
07:13:12        8 root      20   0   41588  36512   6688 R 100.0   0.2   2:06.80 MicroBench
07:13:12        8 root      20   0   41588  36512   6688 R 100.0   0.2   2:06.97 MicroBench
07:13:13        8 root      20   0   41588  36512   6688 R 100.0   0.2   2:07.13 MicroBench
07:13:13        8 root      20   0   41588  36512   6688 R 100.0   0.2   2:07.30 MicroBench
07:13:13        8 root      20   0   41588  36512   6688 R 100.0   0.2   2:07.47 MicroBench
07:13:13        8 root      20   0   41588  36512   6688 R 100.0   0.2   2:07.65 MicroBench
07:13:13        8 root      20   0   41588  36512   6688 R 100.0   0.2   2:07.81 MicroBench
07:13:13        8 root      20   0   41588  36512   6688 R 100.0   0.2   2:07.98 MicroBench
07:13:14        8 root      20   0   41588  36512   6688 R 100.0   0.2   2:08.15 MicroBench
07:13:14        8 root      20   0   41588  36512   6688 R  93.8   0.2   2:08.32 MicroBench
07:13:14        8 root      20   0   41744  36512   6688 R 100.0   0.2   2:08.49 MicroBench
07:13:14        8 root      20   0   41876  36512   6688 R 100.0   0.2   2:08.66 MicroBench
07:13:14        8 root      20   0   42292  37028   6688 R 100.0   0.2   2:08.83 MicroBench
07:13:14        8 root      20   0   43364  38084   6688 R  93.8   0.2   2:09.00 MicroBench
Avg reg. time: 295015167
Avg opt. time: 325785562
Median reg. time: 295015167
Median opt. time: 325785562
07:13:15  MicroBench not found.
MicroBench process has exited. Monitoring script will terminate.
