Args:
  Field size              : 2748779069441
  l                       : 32
  t                       : 30
  Number of parties        : 4096
  Number of repeats        : 1
  Monitor sleep time (ms) : 1

Started ./MicroBench with PID: 8
07:13:16        8 root      20   0   15176   9812   6628 R  80.0   0.1   0:00.12 MicroBench
07:13:16        8 root      20   0   15752  10604   6628 R 100.0   0.1   0:00.29 MicroBench
07:13:16        8 root      20   0   15884  10604   6628 R 100.0   0.1   0:00.47 MicroBench
07:13:16        8 root      20   0   15884  10604   6628 R 100.0   0.1   0:00.64 MicroBench
07:13:16        8 root      20   0   16016  10604   6628 R 100.0   0.1   0:00.80 MicroBench
07:13:16        8 root      20   0   16148  10868   6628 R 100.0   0.1   0:00.97 MicroBench
07:13:17        8 root      20   0   15924  10804   6628 R  93.8   0.1   0:01.16 MicroBench
07:13:17        8 root      20   0   16056  10804   6628 R 100.0   0.1   0:01.34 MicroBench
07:13:17        8 root      20   0   16188  10804   6628 R 100.0   0.1   0:01.51 MicroBench
07:13:17        8 root      20   0   16188  10804   6628 R 100.0   0.1   0:01.71 MicroBench
07:13:17        8 root      20   0   16188  10804   6628 R 100.0   0.1   0:01.87 MicroBench
07:13:17        8 root      20   0   16188  10804   6628 R 100.0   0.1   0:02.04 MicroBench
07:13:18        8 root      20   0   16188  10804   6628 R 100.0   0.1   0:02.21 MicroBench
07:13:18        8 root      20   0   15924  10804   6628 R 100.0   0.1   0:02.38 MicroBench
07:13:18        8 root      20   0   15936  10684   6628 R  93.8   0.1   0:02.55 MicroBench
07:13:18        8 root      20   0   15936  10684   6628 R 100.0   0.1   0:02.72 MicroBench
07:13:18        8 root      20   0   16068  10684   6628 R 100.0   0.1   0:02.88 MicroBench
07:13:18        8 root      20   0   16068  10684   6628 R 100.0   0.1   0:03.06 MicroBench
07:13:19        8 root      20   0   16068  10684   6628 R 100.0   0.1   0:03.22 MicroBench
07:13:19        8 root      20   0   16200  10944   6628 R 100.0   0.1   0:03.39 MicroBench
07:13:19        8 root      20   0   16200  10944   6628 R 100.0   0.1   0:03.56 MicroBench
07:13:19        8 root      20   0   16044  10924   6628 R  87.5   0.1   0:03.73 MicroBench
07:13:19        8 root      20   0   16044  10924   6628 R 100.0   0.1   0:03.90 MicroBench
07:13:19        8 root      20   0   16044  10924   6628 R 100.0   0.1   0:04.07 MicroBench
07:13:20        8 root      20   0   16176  10924   6628 R 100.0   0.1   0:04.24 MicroBench
07:13:20        8 root      20   0   16176  10924   6628 R  93.3   0.1   0:04.40 MicroBench
07:13:20        8 root      20   0   16176  10924   6628 R 100.0   0.1   0:04.58 MicroBench
07:13:20        8 root      20   0   16308  10924   6628 R  93.8   0.1   0:04.74 MicroBench
07:13:20        8 root      20   0   16208  11072   6628 R 100.0   0.1   0:04.91 MicroBench
07:13:21        8 root      20   0   15916  10796   6628 R  93.3   0.1   0:05.08 MicroBench
07:13:21        8 root      20   0   15884  10764   6628 R 100.0   0.1   0:05.26 MicroBench
07:13:21        8 root      20   0   15884  10764   6628 R 100.0   0.1   0:05.42 MicroBench
07:13:21        8 root      20   0   16016  10764   6628 R  93.8   0.1   0:05.59 MicroBench
07:13:21        8 root      20   0   16016  10764   6628 R 100.0   0.1   0:05.76 MicroBench
07:13:21        8 root      20   0   16016  10764   6628 R  73.3   0.1   0:05.89 MicroBench
07:13:22        8 root      20   0   16148  10764   6628 R 100.0   0.1   0:06.06 MicroBench
07:13:22        8 root      20   0   15884  10764   6628 R  93.8   0.1   0:06.23 MicroBench
07:13:22        8 root      20   0   15884  10764   6628 R 100.0   0.1   0:06.40 MicroBench
07:13:22        8 root      20   0   16016  10764   6628 R 100.0   0.1   0:06.57 MicroBench
07:13:22        8 root      20   0   16148  10764   6628 R 100.0   0.1   0:06.74 MicroBench
07:13:22        8 root      20   0   16148  10764   6628 R 100.0   0.1   0:06.91 MicroBench
07:13:23        8 root      20   0   16148  10764   6628 R 100.0   0.1   0:07.08 MicroBench
07:13:23        8 root      20   0   16280  11024   6628 R  93.8   0.1   0:07.24 MicroBench
07:13:23        8 root      20   0   16280  11024   6628 R 100.0   0.1   0:07.41 MicroBench
07:13:23        8 root      20   0   16196  11076   6628 R 100.0   0.1   0:07.58 MicroBench
07:13:23        8 root      20   0   16152  11032   6628 R 100.0   0.1   0:07.75 MicroBench
07:13:23        8 root      20   0   16152  11032   6628 R  93.3   0.1   0:07.91 MicroBench
07:13:24        8 root      20   0   16152  11032   6628 R 100.0   0.1   0:08.09 MicroBench
07:13:24        8 root      20   0   16152  11032   6628 R 100.0   0.1   0:08.25 MicroBench
07:13:24        8 root      20   0   16152  11032   6628 R  93.8   0.1   0:08.42 MicroBench
07:13:24        8 root      20   0   16152  11032   6628 R 100.0   0.1   0:08.60 MicroBench
07:13:24        8 root      20   0   16284  11032   6628 R 100.0   0.1   0:08.76 MicroBench
07:13:24        8 root      20   0   16156  11036   6628 R 100.0   0.1   0:08.93 MicroBench
07:13:25        8 root      20   0   16156  11036   6628 R  93.3   0.1   0:09.09 MicroBench
07:13:25        8 root      20   0   16156  11036   6628 R 100.0   0.1   0:09.27 MicroBench
07:13:25        8 root      20   0   16288  11036   6628 R 100.0   0.1   0:09.43 MicroBench
07:13:25        8 root      20   0   16288  11036   6628 R 100.0   0.1   0:09.60 MicroBench
07:13:25        8 root      20   0   16288  11036   6628 R 100.0   0.1   0:09.77 MicroBench
07:13:25        8 root      20   0   16288  11036   6628 R 100.0   0.1   0:09.94 MicroBench
07:13:26        8 root      20   0   16156  11036   6628 R 100.0   0.1   0:10.11 MicroBench
07:13:26        8 root      20   0   16156  11036   6628 R 100.0   0.1   0:10.28 MicroBench
07:13:26        8 root      20   0   16156  11036   6628 R  93.8   0.1   0:10.44 MicroBench
07:13:26        8 root      20   0   16152  11032   6628 R 100.0   0.1   0:10.61 MicroBench
07:13:26        8 root      20   0   16152  11032   6628 R 100.0   0.1   0:10.78 MicroBench
07:13:26        8 root      20   0   16152  11032   6628 R 100.0   0.1   0:10.95 MicroBench
07:13:27        8 root      20   0   16152  11032   6628 R  93.8   0.1   0:11.12 MicroBench
07:13:27        8 root      20   0   16152  11032   6628 R 100.0   0.1   0:11.29 MicroBench
07:13:27        8 root      20   0   16152  11032   6628 R 100.0   0.1   0:11.46 MicroBench
07:13:27        8 root      20   0   16152  11032   6628 R 100.0   0.1   0:11.63 MicroBench
07:13:27        8 root      20   0   16152  11032   6628 R 100.0   0.1   0:11.80 MicroBench
07:13:27        8 root      20   0   16152  11032   6628 R 100.0   0.1   0:11.97 MicroBench
07:13:28        8 root      20   0   16152  11032   6628 R 100.0   0.1   0:12.14 MicroBench
07:13:28        8 root      20   0   16152  11032   6628 R 100.0   0.1   0:12.30 MicroBench
07:13:28        8 root      20   0   16152  11032   6628 R 100.0   0.1   0:12.48 MicroBench
07:13:28        8 root      20   0   16152  11032   6628 R  93.8   0.1   0:12.65 MicroBench
07:13:28        8 root      20   0   16152  11032   6628 R 100.0   0.1   0:12.82 MicroBench
07:13:28        8 root      20   0   16284  11032   6628 R 100.0   0.1   0:12.98 MicroBench
07:13:29        8 root      20   0   16184  11064   6628 R 100.0   0.1   0:13.15 MicroBench
07:13:29        8 root      20   0   16156  11036   6628 R 100.0   0.1   0:13.32 MicroBench
07:13:29        8 root      20   0   16156  11036   6628 R 100.0   0.1   0:13.49 MicroBench
07:13:29        8 root      20   0   16156  11036   6628 R  87.5   0.1   0:13.65 MicroBench
07:13:29        8 root      20   0   16156  11036   6628 R 100.0   0.1   0:13.82 MicroBench
07:13:29        8 root      20   0   16156  11036   6628 R 100.0   0.1   0:13.99 MicroBench
07:13:30        8 root      20   0   16156  11036   6628 R 100.0   0.1   0:14.16 MicroBench
07:13:30        8 root      20   0   16312  11036   6628 R 100.0   0.1   0:14.33 MicroBench
07:13:30        8 root      20   0   16312  11036   6628 R 100.0   0.1   0:14.50 MicroBench
07:13:30        8 root      20   0   16156  11036   6628 R 100.0   0.1   0:14.67 MicroBench
07:13:30        8 root      20   0   16156  11036   6628 R 100.0   0.1   0:14.84 MicroBench
07:13:30        8 root      20   0   16288  11036   6628 R  93.3   0.1   0:15.00 MicroBench
07:13:31        8 root      20   0   16288  11036   6628 R 100.0   0.1   0:15.17 MicroBench
07:13:31        8 root      20   0   16288  11036   6628 R 100.0   0.1   0:15.34 MicroBench
07:13:31        8 root      20   0   16288  11036   6628 R 100.0   0.1   0:15.51 MicroBench
07:13:31        8 root      20   0   16288  11036   6628 R 100.0   0.1   0:15.68 MicroBench
07:13:31        8 root      20   0   16156  11036   6628 R 100.0   0.1   0:15.85 MicroBench
07:13:31        8 root      20   0   16156  11036   6628 R 100.0   0.1   0:16.02 MicroBench
07:13:32        8 root      20   0   16148  11028   6628 R 100.0   0.1   0:16.19 MicroBench
07:13:32        8 root      20   0   16148  11028   6628 R  93.3   0.1   0:16.35 MicroBench
07:13:32        8 root      20   0   16148  11028   6628 R 100.0   0.1   0:16.53 MicroBench
07:13:32        8 root      20   0   16148  11028   6628 R 100.0   0.1   0:16.69 MicroBench
07:13:32        8 root      20   0   16148  11028   6628 R 100.0   0.1   0:16.86 MicroBench
07:13:33        8 root      20   0   16148  11028   6628 R 100.0   0.1   0:17.03 MicroBench
07:13:33        8 root      20   0   16148  11028   6628 R 100.0   0.1   0:17.20 MicroBench
07:13:33        8 root      20   0   16280  11028   6628 R  93.8   0.1   0:17.36 MicroBench
07:13:33        8 root      20   0   16280  11028   6628 R 100.0   0.1   0:17.53 MicroBench
07:13:33        8 root      20   0   16148  11028   6628 R 100.0   0.1   0:17.70 MicroBench
07:13:33        8 root      20   0   16148  11028   6628 R 100.0   0.1   0:17.87 MicroBench
07:13:34        8 root      20   0   16280  11028   6628 R 100.0   0.1   0:18.03 MicroBench
07:13:34        8 root      20   0   16280  11028   6628 R 100.0   0.1   0:18.21 MicroBench
07:13:34        8 root      20   0   16280  11028   6628 R 100.0   0.1   0:18.38 MicroBench
07:13:34        8 root      20   0   16280  11028   6628 R 100.0   0.1   0:18.54 MicroBench
07:13:34        8 root      20   0   16280  11028   6628 R 100.0   0.1   0:18.71 MicroBench
07:13:34        8 root      20   0   16148  11028   6628 R  93.8   0.1   0:18.88 MicroBench
07:13:35        8 root      20   0   16148  11028   6628 R 100.0   0.1   0:19.05 MicroBench
07:13:35        8 root      20   0   16148  11028   6628 R 100.0   0.1   0:19.21 MicroBench
07:13:35        8 root      20   0   16148  11028   6628 R 100.0   0.1   0:19.39 MicroBench
07:13:35        8 root      20   0   16280  11028   6628 R 100.0   0.1   0:19.56 MicroBench
07:13:35        8 root      20   0   16280  11028   6628 R 100.0   0.1   0:19.73 MicroBench
07:13:35        8 root      20   0   16280  11028   6628 R 100.0   0.1   0:19.90 MicroBench
07:13:36        8 root      20   0   16280  11028   6628 R 100.0   0.1   0:20.06 MicroBench
07:13:36        8 root      20   0   16280  11028   6628 R 100.0   0.1   0:20.23 MicroBench
07:13:36        8 root      20   0   16280  11028   6628 R 100.0   0.1   0:20.40 MicroBench
07:13:36        8 root      20   0   16280  11028   6628 R 100.0   0.1   0:20.57 MicroBench
07:13:36        8 root      20   0   16280  11028   6628 R 100.0   0.1   0:20.73 MicroBench
07:13:36        8 root      20   0   16280  11028   6628 R  93.8   0.1   0:20.90 MicroBench
07:13:37        8 root      20   0   16280  11028   6628 R 100.0   0.1   0:21.07 MicroBench
07:13:37        8 root      20   0   16444  11028   6628 R 100.0   0.1   0:21.24 MicroBench
07:13:37        8 root      20   0   16352  11196   6628 R 100.0   0.1   0:21.40 MicroBench
07:13:37        8 root      20   0   16316  11196   6628 R 100.0   0.1   0:21.57 MicroBench
07:13:37        8 root      20   0   16148  11028   6628 R  93.8   0.1   0:21.74 MicroBench
07:13:37        8 root      20   0   16148  11028   6628 R 100.0   0.1   0:21.91 MicroBench
07:13:38        8 root      20   0   16148  11028   6628 R 100.0   0.1   0:22.08 MicroBench
07:13:38        8 root      20   0   29744  24548   6692 R 100.0   0.2   0:22.24 MicroBench
07:13:38        8 root      20   0   29744  24548   6692 R 100.0   0.2   0:22.41 MicroBench
07:13:38        8 root      20   0   29744  24548   6692 R 100.0   0.2   0:22.58 MicroBench
07:13:38        8 root      20   0   29744  24548   6692 R 100.0   0.2   0:22.74 MicroBench
07:13:38        8 root      20   0   29744  24548   6692 R  93.8   0.2   0:22.91 MicroBench
07:13:39        8 root      20   0   29744  24548   6692 R 100.0   0.2   0:23.08 MicroBench
07:13:39        8 root      20   0   29744  24548   6692 R 100.0   0.2   0:23.25 MicroBench
07:13:39        8 root      20   0   29744  24548   6692 R 100.0   0.2   0:23.42 MicroBench
07:13:39        8 root      20   0   29744  24548   6692 R 100.0   0.2   0:23.59 MicroBench
07:13:39        8 root      20   0   29744  24548   6692 R 100.0   0.2   0:23.75 MicroBench
07:13:39        8 root      20   0   29744  24548   6692 R 100.0   0.2   0:23.92 MicroBench
07:13:40        8 root      20   0   29744  24548   6692 R 100.0   0.2   0:24.09 MicroBench
07:13:40        8 root      20   0   29744  24548   6692 R 100.0   0.2   0:24.26 MicroBench
07:13:40        8 root      20   0   29744  24548   6692 R 100.0   0.2   0:24.42 MicroBench
07:13:40        8 root      20   0   29744  24548   6692 R 100.0   0.2   0:24.59 MicroBench
07:13:40        8 root      20   0   29744  24548   6692 R 100.0   0.2   0:24.76 MicroBench
07:13:40        8 root      20   0   29744  24548   6692 R 100.0   0.2   0:24.93 MicroBench
07:13:41        8 root      20   0   29744  24548   6692 R  93.8   0.2   0:25.10 MicroBench
07:13:41        8 root      20   0   29744  24548   6692 R 100.0   0.2   0:25.27 MicroBench
07:13:41        8 root      20   0   29744  24548   6692 R 100.0   0.2   0:25.43 MicroBench
07:13:41        8 root      20   0   29744  24548   6692 R 100.0   0.2   0:25.60 MicroBench
07:13:41        8 root      20   0   29744  24548   6692 R 100.0   0.2   0:25.77 MicroBench
07:13:41        8 root      20   0   29744  24548   6692 R 100.0   0.2   0:25.94 MicroBench
07:13:42        8 root      20   0   29744  24548   6692 R  87.5   0.2   0:26.10 MicroBench
07:13:42        8 root      20   0   29744  24548   6692 R 100.0   0.2   0:26.28 MicroBench
07:13:42        8 root      20   0   29744  24548   6692 R 100.0   0.2   0:26.44 MicroBench
07:13:42        8 root      20   0   29744  24548   6692 R 100.0   0.2   0:26.62 MicroBench
07:13:42        8 root      20   0   29744  24548   6692 R  93.3   0.2   0:26.78 MicroBench
07:13:42        8 root      20   0   29744  24548   6692 R 100.0   0.2   0:26.95 MicroBench
07:13:43        8 root      20   0   29744  24548   6692 R 100.0   0.2   0:27.12 MicroBench
07:13:43        8 root      20   0   29744  24548   6692 R 100.0   0.2   0:27.29 MicroBench
07:13:43        8 root      20   0   29744  24548   6692 R 100.0   0.2   0:27.46 MicroBench
07:13:43        8 root      20   0   29744  24548   6692 R 100.0   0.2   0:27.63 MicroBench
07:13:43        8 root      20   0   29744  24548   6692 R  93.3   0.2   0:27.79 MicroBench
07:13:43        8 root      20   0   29744  24548   6692 R 100.0   0.2   0:27.97 MicroBench
07:13:44        8 root      20   0   29744  24548   6692 R 100.0   0.2   0:28.14 MicroBench
07:13:44        8 root      20   0   29744  24548   6692 R 100.0   0.2   0:28.31 MicroBench
07:13:44        8 root      20   0   29744  24548   6692 R 100.0   0.2   0:28.48 MicroBench
07:13:44        8 root      20   0   29744  24548   6692 R 100.0   0.2   0:28.64 MicroBench
07:13:44        8 root      20   0   29744  24548   6692 R 100.0   0.2   0:28.81 MicroBench
07:13:44        8 root      20   0   29744  24548   6692 R  93.8   0.2   0:28.98 MicroBench
07:13:45        8 root      20   0   29744  24548   6692 R 100.0   0.2   0:29.15 MicroBench
07:13:45        8 root      20   0   29744  24548   6692 R  93.8   0.2   0:29.32 MicroBench
07:13:45        8 root      20   0   29744  24548   6692 R 100.0   0.2   0:29.49 MicroBench
07:13:45        8 root      20   0   29744  24548   6692 R  93.3   0.2   0:29.67 MicroBench
07:13:45        8 root      20   0   29744  24548   6692 R 100.0   0.2   0:29.84 MicroBench
07:13:46        8 root      20   0   29744  24548   6692 R 100.0   0.2   0:30.01 MicroBench
07:13:46        8 root      20   0   29744  24548   6692 R 100.0   0.2   0:30.18 MicroBench
07:13:46        8 root      20   0   29744  24548   6692 R 100.0   0.2   0:30.35 MicroBench
07:13:46        8 root      20   0   29744  24548   6692 R  93.8   0.2   0:30.52 MicroBench
07:13:46        8 root      20   0   29744  24548   6692 R 100.0   0.2   0:30.69 MicroBench
07:13:46        8 root      20   0   29744  24548   6692 R 100.0   0.2   0:30.86 MicroBench
07:13:47        8 root      20   0   29744  24548   6692 R 100.0   0.2   0:31.03 MicroBench
07:13:47        8 root      20   0   29744  24548   6692 R  93.8   0.2   0:31.20 MicroBench
07:13:47        8 root      20   0   29744  24548   6692 R 100.0   0.2   0:31.37 MicroBench
07:13:47        8 root      20   0   29744  24548   6692 R 100.0   0.2   0:31.54 MicroBench
07:13:47        8 root      20   0   29744  24548   6692 R 100.0   0.2   0:31.71 MicroBench
07:13:47        8 root      20   0   29744  24548   6692 R 100.0   0.2   0:31.88 MicroBench
07:13:48        8 root      20   0   29744  24548   6692 R 100.0   0.2   0:32.06 MicroBench
07:13:48        8 root      20   0   29744  24548   6692 R  93.3   0.2   0:32.22 MicroBench
07:13:48        8 root      20   0   29744  24548   6692 R 100.0   0.2   0:32.40 MicroBench
07:13:48        8 root      20   0   29744  24548   6692 R 100.0   0.2   0:32.56 MicroBench
07:13:48        8 root      20   0   29744  24548   6692 R 100.0   0.2   0:32.73 MicroBench
07:13:48        8 root      20   0   29744  24548   6692 R 100.0   0.2   0:32.91 MicroBench
07:13:49        8 root      20   0   29744  24548   6692 R 100.0   0.2   0:33.07 MicroBench
07:13:49        8 root      20   0   29744  24548   6692 R 100.0   0.2   0:33.24 MicroBench
07:13:49        8 root      20   0   29744  24548   6692 R 100.0   0.2   0:33.41 MicroBench
07:13:49        8 root      20   0   29744  24548   6692 R 100.0   0.2   0:33.58 MicroBench
07:13:49        8 root      20   0   29744  24548   6692 R 100.0   0.2   0:33.75 MicroBench
07:13:49        8 root      20   0   29744  24548   6692 R  93.3   0.2   0:33.91 MicroBench
07:13:50        8 root      20   0   29744  24548   6692 R 100.0   0.2   0:34.08 MicroBench
07:13:50        8 root      20   0   29744  24548   6692 R 100.0   0.2   0:34.25 MicroBench
07:13:50        8 root      20   0   29744  24548   6692 R 100.0   0.2   0:34.42 MicroBench
07:13:50        8 root      20   0   29744  24548   6692 R 100.0   0.2   0:34.59 MicroBench
07:13:50        8 root      20   0   29744  24548   6692 R  93.8   0.2   0:34.76 MicroBench
07:13:50        8 root      20   0   29744  24548   6692 R 100.0   0.2   0:34.93 MicroBench
07:13:51        8 root      20   0   29744  24548   6692 R 100.0   0.2   0:35.10 MicroBench
07:13:51        8 root      20   0   29744  24548   6692 R 100.0   0.2   0:35.27 MicroBench
07:13:51        8 root      20   0   29744  24548   6692 R 100.0   0.2   0:35.44 MicroBench
07:13:51        8 root      20   0   29744  24548   6692 R 100.0   0.2   0:35.61 MicroBench
07:13:51        8 root      20   0   29744  24548   6692 R  93.8   0.2   0:35.77 MicroBench
07:13:51        8 root      20   0   29744  24548   6692 R  93.8   0.2   0:35.94 MicroBench
07:13:52        8 root      20   0   29744  24548   6692 R 100.0   0.2   0:36.12 MicroBench
07:13:52        8 root      20   0   29744  24548   6692 R 100.0   0.2   0:36.29 MicroBench
07:13:52        8 root      20   0   29744  24548   6692 R 100.0   0.2   0:36.46 MicroBench
07:13:52        8 root      20   0   29744  24548   6692 R  93.3   0.2   0:36.62 MicroBench
07:13:52        8 root      20   0   29744  24548   6692 R 100.0   0.2   0:36.80 MicroBench
07:13:52        8 root      20   0   29744  24548   6692 R 100.0   0.2   0:36.96 MicroBench
07:13:53        8 root      20   0   29744  24548   6692 R 100.0   0.2   0:37.14 MicroBench
07:13:53        8 root      20   0   29744  24548   6692 R 100.0   0.2   0:37.31 MicroBench
07:13:53        8 root      20   0   29744  24548   6692 R 100.0   0.2   0:37.47 MicroBench
07:13:53        8 root      20   0   29744  24548   6692 R 100.0   0.2   0:37.64 MicroBench
07:13:53        8 root      20   0   29744  24548   6692 R 100.0   0.2   0:37.81 MicroBench
07:13:54        8 root      20   0   29744  24548   6692 R  93.8   0.2   0:37.98 MicroBench
07:13:54        8 root      20   0   29744  24548   6692 R  93.3   0.2   0:38.14 MicroBench
07:13:54        8 root      20   0   29744  24548   6692 R 100.0   0.2   0:38.32 MicroBench
07:13:54        8 root      20   0   29744  24548   6692 R  93.3   0.2   0:38.48 MicroBench
07:13:54        8 root      20   0   29744  24548   6692 R 100.0   0.2   0:38.66 MicroBench
07:13:54        8 root      20   0   29744  24548   6692 R 100.0   0.2   0:38.82 MicroBench
07:13:55        8 root      20   0   29744  24548   6692 R 100.0   0.2   0:38.99 MicroBench
07:13:55        8 root      20   0   29744  24548   6692 R 100.0   0.2   0:39.16 MicroBench
07:13:55        8 root      20   0   29744  24548   6692 R 100.0   0.2   0:39.33 MicroBench
07:13:55        8 root      20   0   29744  24548   6692 R  87.5   0.2   0:39.49 MicroBench
07:13:55        8 root      20   0   29744  24548   6692 R 100.0   0.2   0:39.67 MicroBench
07:13:55        8 root      20   0   29744  24548   6692 R 100.0   0.2   0:39.83 MicroBench
07:13:56        8 root      20   0   29744  24548   6692 R 100.0   0.2   0:40.00 MicroBench
07:13:56        8 root      20   0   29744  24548   6692 R 100.0   0.2   0:40.17 MicroBench
07:13:56        8 root      20   0   29744  24548   6692 R 100.0   0.2   0:40.34 MicroBench
07:13:56        8 root      20   0   29744  24548   6692 R 100.0   0.2   0:40.51 MicroBench
07:13:56        8 root      20   0   29744  24548   6692 R  93.8   0.2   0:40.68 MicroBench
07:13:56        8 root      20   0   29744  24548   6692 R 100.0   0.2   0:40.86 MicroBench
07:13:57        8 root      20   0   29744  24548   6692 R  93.8   0.2   0:41.02 MicroBench
07:13:57        8 root      20   0   29744  24548   6692 R 100.0   0.2   0:41.19 MicroBench
07:13:57        8 root      20   0   29744  24548   6692 R  93.3   0.2   0:41.36 MicroBench
07:13:57        8 root      20   0   29744  24548   6692 R 100.0   0.2   0:41.53 MicroBench
07:13:57        8 root      20   0   29744  24548   6692 R 100.0   0.2   0:41.70 MicroBench
07:13:57        8 root      20   0   29744  24548   6692 R 100.0   0.2   0:41.86 MicroBench
07:13:58        8 root      20   0   29744  24548   6692 R 100.0   0.2   0:42.03 MicroBench
07:13:58        8 root      20   0   29744  24548   6692 R  93.8   0.2   0:42.21 MicroBench
07:13:58        8 root      20   0   29744  24548   6692 R 100.0   0.2   0:42.38 MicroBench
07:13:58        8 root      20   0   29744  24548   6692 R 100.0   0.2   0:42.55 MicroBench
07:13:58        8 root      20   0   29744  24548   6692 R 100.0   0.2   0:42.71 MicroBench
07:13:58        8 root      20   0   29744  24548   6692 R 100.0   0.2   0:42.88 MicroBench
07:13:59        8 root      20   0   29744  24548   6692 R 100.0   0.2   0:43.05 MicroBench
07:13:59        8 root      20   0   29744  24548   6692 R  93.8   0.2   0:43.22 MicroBench
07:13:59        8 root      20   0   29744  24548   6692 R 100.0   0.2   0:43.39 MicroBench
07:13:59        8 root      20   0   29744  24548   6692 R 100.0   0.2   0:43.56 MicroBench
07:13:59        8 root      20   0   29744  24548   6692 R 100.0   0.2   0:43.73 MicroBench
07:13:59        8 root      20   0   29744  24548   6692 R 100.0   0.2   0:43.89 MicroBench
07:14:00        8 root      20   0   29744  24548   6692 R 100.0   0.2   0:44.06 MicroBench
07:14:00        8 root      20   0   29744  24548   6692 R 100.0   0.2   0:44.23 MicroBench
07:14:00        8 root      20   0   29744  24548   6692 R 100.0   0.2   0:44.40 MicroBench
07:14:00        8 root      20   0   29744  24548   6692 R 100.0   0.2   0:44.57 MicroBench
07:14:00        8 root      20   0   29744  24548   6692 R 100.0   0.2   0:44.74 MicroBench
07:14:00        8 root      20   0   29744  24548   6692 R 100.0   0.2   0:44.91 MicroBench
07:14:01        8 root      20   0   29744  24548   6692 R 100.0   0.2   0:45.07 MicroBench
07:14:01        8 root      20   0   29744  24548   6692 R 100.0   0.2   0:45.24 MicroBench
07:14:01        8 root      20   0   29744  24548   6692 R 100.0   0.2   0:45.41 MicroBench
07:14:01        8 root      20   0   29744  24548   6692 R 100.0   0.2   0:45.58 MicroBench
07:14:01        8 root      20   0   29744  24548   6692 R 100.0   0.2   0:45.75 MicroBench
07:14:01        8 root      20   0   29744  24548   6692 R 100.0   0.2   0:45.92 MicroBench
07:14:02        8 root      20   0   29744  24548   6692 R 100.0   0.2   0:46.09 MicroBench
07:14:02        8 root      20   0   29744  24548   6692 R  93.3   0.2   0:46.26 MicroBench
07:14:02        8 root      20   0   29744  24548   6692 R 100.0   0.2   0:46.44 MicroBench
07:14:02        8 root      20   0   29744  24548   6692 R  93.8   0.2   0:46.60 MicroBench
07:14:02        8 root      20   0   29744  24548   6692 R 100.0   0.2   0:46.77 MicroBench
07:14:03        8 root      20   0   29744  24548   6692 R 100.0   0.2   0:46.94 MicroBench
07:14:03        8 root      20   0   29744  24548   6692 R 100.0   0.2   0:47.11 MicroBench
07:14:03        8 root      20   0   29744  24548   6692 R 100.0   0.2   0:47.27 MicroBench
07:14:03        8 root      20   0   29744  24548   6692 R 100.0   0.2   0:47.45 MicroBench
07:14:03        8 root      20   0   29744  24548   6692 R 100.0   0.2   0:47.62 MicroBench
07:14:03        8 root      20   0   29744  24548   6692 R 100.0   0.2   0:47.79 MicroBench
07:14:04        8 root      20   0   29744  24548   6692 R  93.3   0.2   0:47.96 MicroBench
07:14:04        8 root      20   0   29744  24548   6692 R 100.0   0.2   0:48.14 MicroBench
07:14:04        8 root      20   0   29744  24548   6692 R 100.0   0.2   0:48.30 MicroBench
07:14:04        8 root      20   0   29744  24548   6692 R 100.0   0.2   0:48.47 MicroBench
07:14:04        8 root      20   0   29744  24548   6692 R 100.0   0.2   0:48.64 MicroBench
07:14:04        8 root      20   0   29744  24548   6692 R  93.8   0.2   0:48.81 MicroBench
07:14:05        8 root      20   0   29744  24548   6692 R  93.3   0.2   0:48.97 MicroBench
07:14:05        8 root      20   0   29744  24548   6692 R 100.0   0.2   0:49.15 MicroBench
07:14:05        8 root      20   0   29744  24548   6692 R 100.0   0.2   0:49.31 MicroBench
07:14:05        8 root      20   0   29744  24548   6692 R 100.0   0.2   0:49.48 MicroBench
07:14:05        8 root      20   0   29744  24548   6692 R 100.0   0.2   0:49.65 MicroBench
07:14:05        8 root      20   0   29744  24548   6692 R 100.0   0.2   0:49.82 MicroBench
07:14:06        8 root      20   0   29744  24548   6692 R 100.0   0.2   0:49.99 MicroBench
07:14:06        8 root      20   0   29744  24548   6692 R 100.0   0.2   0:50.16 MicroBench
07:14:06        8 root      20   0   29744  24548   6692 R 100.0   0.2   0:50.33 MicroBench
07:14:06        8 root      20   0   29744  24548   6692 R 100.0   0.2   0:50.50 MicroBench
07:14:06        8 root      20   0   29744  24548   6692 R 100.0   0.2   0:50.67 MicroBench
07:14:06        8 root      20   0   29744  24548   6692 R 100.0   0.2   0:50.84 MicroBench
07:14:07        8 root      20   0   29744  24548   6692 R 100.0   0.2   0:51.01 MicroBench
07:14:07        8 root      20   0   29744  24548   6692 R 100.0   0.2   0:51.17 MicroBench
07:14:07        8 root      20   0   29744  24548   6692 R  93.8   0.2   0:51.34 MicroBench
07:14:07        8 root      20   0   29744  24548   6692 R 100.0   0.2   0:51.51 MicroBench
07:14:07        8 root      20   0   29744  24548   6692 R 100.0   0.2   0:51.68 MicroBench
07:14:07        8 root      20   0   29744  24548   6692 R 100.0   0.2   0:51.85 MicroBench
07:14:08        8 root      20   0   29744  24548   6692 R 100.0   0.2   0:52.02 MicroBench
07:14:08        8 root      20   0   29744  24548   6692 R 100.0   0.2   0:52.19 MicroBench
07:14:08        8 root      20   0   29744  24548   6692 R 100.0   0.2   0:52.36 MicroBench
07:14:08        8 root      20   0   29744  24548   6692 R 100.0   0.2   0:52.52 MicroBench
07:14:08        8 root      20   0   29744  24548   6692 R 100.0   0.2   0:52.69 MicroBench
07:14:08        8 root      20   0   29744  24548   6692 R  93.8   0.2   0:52.86 MicroBench
07:14:09        8 root      20   0   29744  24548   6692 R  93.3   0.2   0:53.02 MicroBench
07:14:09        8 root      20   0   29744  24548   6692 R 100.0   0.2   0:53.19 MicroBench
07:14:09        8 root      20   0   29744  24548   6692 R 100.0   0.2   0:53.36 MicroBench
07:14:09        8 root      20   0   29744  24548   6692 R 100.0   0.2   0:53.53 MicroBench
07:14:09        8 root      20   0   29744  24548   6692 R 100.0   0.2   0:53.70 MicroBench
07:14:09        8 root      20   0   29744  24548   6692 R 100.0   0.2   0:53.87 MicroBench
07:14:10        8 root      20   0   29744  24548   6692 R 100.0   0.2   0:54.03 MicroBench
07:14:10        8 root      20   0   29744  24548   6692 R 100.0   0.2   0:54.20 MicroBench
07:14:10        8 root      20   0   29744  24548   6692 R 100.0   0.2   0:54.37 MicroBench
07:14:10        8 root      20   0   29744  24548   6692 R 100.0   0.2   0:54.54 MicroBench
07:14:10        8 root      20   0   29744  24548   6692 R 100.0   0.2   0:54.71 MicroBench
07:14:10        8 root      20   0   29744  24548   6692 R 100.0   0.2   0:54.88 MicroBench
07:14:11        8 root      20   0   29744  24548   6692 R 100.0   0.2   0:55.04 MicroBench
07:14:11        8 root      20   0   29744  24548   6692 R  93.8   0.2   0:55.21 MicroBench
07:14:11        8 root      20   0   29744  24548   6692 R 100.0   0.2   0:55.38 MicroBench
07:14:11        8 root      20   0   29744  24548   6692 R 100.0   0.2   0:55.55 MicroBench
07:14:11        8 root      20   0   29744  24548   6692 R 100.0   0.2   0:55.73 MicroBench
07:14:11        8 root      20   0   29744  24548   6692 R 100.0   0.2   0:55.90 MicroBench
07:14:12        8 root      20   0   29744  24548   6692 R 100.0   0.2   0:56.07 MicroBench
07:14:12        8 root      20   0   29744  24548   6692 R 100.0   0.2   0:56.23 MicroBench
07:14:12        8 root      20   0   29744  24548   6692 R 100.0   0.2   0:56.41 MicroBench
07:14:12        8 root      20   0   29744  24548   6692 R 100.0   0.2   0:56.57 MicroBench
07:14:12        8 root      20   0   29744  24548   6692 R 100.0   0.2   0:56.74 MicroBench
07:14:12        8 root      20   0   29744  24548   6692 R  93.8   0.2   0:56.91 MicroBench
07:14:13        8 root      20   0   29744  24548   6692 R 100.0   0.2   0:57.08 MicroBench
07:14:13        8 root      20   0   29744  24548   6692 R 100.0   0.2   0:57.25 MicroBench
07:14:13        8 root      20   0   29744  24548   6692 R 100.0   0.2   0:57.42 MicroBench
07:14:13        8 root      20   0   29744  24548   6692 R 100.0   0.2   0:57.58 MicroBench
07:14:13        8 root      20   0   29744  24548   6692 R 100.0   0.2   0:57.75 MicroBench
07:14:14        8 root      20   0   29744  24548   6692 R 100.0   0.2   0:57.92 MicroBench
07:14:14        8 root      20   0   29744  24548   6692 R 100.0   0.2   0:58.09 MicroBench
07:14:14        8 root      20   0   29744  24548   6692 R  93.8   0.2   0:58.26 MicroBench
07:14:14        8 root      20   0   29744  24548   6692 R 100.0   0.2   0:58.43 MicroBench
07:14:14        8 root      20   0   29744  24548   6692 R 100.0   0.2   0:58.59 MicroBench
07:14:14        8 root      20   0   29744  24548   6692 R 100.0   0.2   0:58.76 MicroBench
07:14:15        8 root      20   0   29744  24548   6692 R  93.8   0.2   0:58.94 MicroBench
07:14:15        8 root      20   0   29744  24548   6692 R 100.0   0.2   0:59.12 MicroBench
07:14:15        8 root      20   0   29744  24548   6692 R 100.0   0.2   0:59.29 MicroBench
07:14:15        8 root      20   0   29744  24548   6692 R 100.0   0.2   0:59.46 MicroBench
07:14:15        8 root      20   0   29744  24548   6692 R 100.0   0.2   0:59.63 MicroBench
07:14:15        8 root      20   0   29744  24548   6692 R  93.8   0.2   0:59.80 MicroBench
07:14:16        8 root      20   0   29744  24548   6692 R 100.0   0.2   0:59.97 MicroBench
07:14:16        8 root      20   0   29744  24548   6692 R 100.0   0.2   1:00.14 MicroBench
07:14:16        8 root      20   0   29744  24548   6692 R 100.0   0.2   1:00.31 MicroBench
07:14:16        8 root      20   0   29744  24548   6692 R 100.0   0.2   1:00.48 MicroBench
07:14:16        8 root      20   0   29744  24548   6692 R 100.0   0.2   1:00.64 MicroBench
07:14:16        8 root      20   0   29744  24548   6692 R 100.0   0.2   1:00.81 MicroBench
07:14:17        8 root      20   0   29744  24548   6692 R  93.8   0.2   1:00.98 MicroBench
07:14:17        8 root      20   0   29744  24548   6692 R  93.8   0.2   1:01.15 MicroBench
07:14:17        8 root      20   0   29744  24548   6692 R  93.8   0.2   1:01.32 MicroBench
07:14:17        8 root      20   0   29744  24548   6692 R 100.0   0.2   1:01.49 MicroBench
07:14:17        8 root      20   0   29744  24548   6692 R 100.0   0.2   1:01.66 MicroBench
07:14:17        8 root      20   0   29744  24548   6692 R  93.8   0.2   1:01.83 MicroBench
07:14:18        8 root      20   0   29744  24548   6692 R 100.0   0.2   1:02.00 MicroBench
07:14:18        8 root      20   0   29744  24548   6692 R 100.0   0.2   1:02.17 MicroBench
07:14:18        8 root      20   0   29744  24548   6692 R 100.0   0.2   1:02.34 MicroBench
07:14:18        8 root      20   0   29744  24548   6692 R 100.0   0.2   1:02.51 MicroBench
07:14:18        8 root      20   0   29744  24548   6692 R 100.0   0.2   1:02.68 MicroBench
07:14:18        8 root      20   0   29744  24548   6692 R 100.0   0.2   1:02.85 MicroBench
07:14:19        8 root      20   0   29744  24548   6692 R  93.3   0.2   1:03.01 MicroBench
07:14:19        8 root      20   0   29744  24548   6692 R 100.0   0.2   1:03.19 MicroBench
07:14:19        8 root      20   0   29744  24548   6692 R 100.0   0.2   1:03.35 MicroBench
07:14:19        8 root      20   0   29744  24548   6692 R 100.0   0.2   1:03.52 MicroBench
07:14:19        8 root      20   0   29744  24548   6692 R  87.5   0.2   1:03.69 MicroBench
07:14:19        8 root      20   0   29744  24548   6692 R 100.0   0.2   1:03.86 MicroBench
07:14:20        8 root      20   0   29744  24548   6692 R 100.0   0.2   1:04.03 MicroBench
07:14:20        8 root      20   0   29744  24548   6692 R 100.0   0.2   1:04.20 MicroBench
07:14:20        8 root      20   0   29744  24548   6692 R 100.0   0.2   1:04.37 MicroBench
07:14:20        8 root      20   0   29744  24548   6692 R 100.0   0.2   1:04.54 MicroBench
07:14:20        8 root      20   0   29744  24548   6692 R 100.0   0.2   1:04.70 MicroBench
07:14:20        8 root      20   0   29744  24548   6692 R  93.3   0.2   1:04.87 MicroBench
07:14:21        8 root      20   0   29744  24548   6692 R 100.0   0.2   1:05.05 MicroBench
07:14:21        8 root      20   0   29744  24548   6692 R 100.0   0.2   1:05.21 MicroBench
07:14:21        8 root      20   0   29744  24548   6692 R 100.0   0.2   1:05.38 MicroBench
07:14:21        8 root      20   0   29744  24548   6692 R 100.0   0.2   1:05.55 MicroBench
07:14:21        8 root      20   0   29744  24548   6692 R 100.0   0.2   1:05.72 MicroBench
07:14:21        8 root      20   0   29744  24548   6692 R  93.8   0.2   1:05.88 MicroBench
07:14:22        8 root      20   0   29744  24548   6692 R 100.0   0.2   1:06.05 MicroBench
07:14:22        8 root      20   0   29744  24548   6692 R 100.0   0.2   1:06.22 MicroBench
07:14:22        8 root      20   0   29744  24548   6692 R 100.0   0.2   1:06.39 MicroBench
07:14:22        8 root      20   0   29744  24548   6692 R 100.0   0.2   1:06.56 MicroBench
07:14:22        8 root      20   0   29744  24548   6692 R 100.0   0.2   1:06.73 MicroBench
07:14:23        8 root      20   0   29744  24548   6692 R 100.0   0.2   1:06.90 MicroBench
07:14:23        8 root      20   0   29744  24548   6692 R 100.0   0.2   1:07.07 MicroBench
07:14:23        8 root      20   0   29744  24548   6692 R 100.0   0.2   1:07.23 MicroBench
07:14:23        8 root      20   0   29744  24548   6692 R 100.0   0.2   1:07.40 MicroBench
07:14:23        8 root      20   0   29744  24548   6692 R 100.0   0.2   1:07.57 MicroBench
07:14:23        8 root      20   0   29744  24548   6692 R 100.0   0.2   1:07.74 MicroBench
07:14:24        8 root      20   0   29744  24548   6692 R  93.3   0.2   1:07.90 MicroBench
07:14:24        8 root      20   0   29744  24548   6692 R 100.0   0.2   1:08.07 MicroBench
07:14:24        8 root      20   0   29744  24548   6692 R 100.0   0.2   1:08.24 MicroBench
07:14:24        8 root      20   0   29744  24548   6692 R 100.0   0.2   1:08.41 MicroBench
07:14:24        8 root      20   0   29744  24548   6692 R 100.0   0.2   1:08.58 MicroBench
07:14:24        8 root      20   0   29744  24548   6692 R 100.0   0.2   1:08.75 MicroBench
07:14:25        8 root      20   0   29744  24548   6692 R  93.8   0.2   1:08.92 MicroBench
07:14:25        8 root      20   0   29744  24548   6692 R 100.0   0.2   1:09.09 MicroBench
07:14:25        8 root      20   0   29744  24548   6692 R 100.0   0.2   1:09.26 MicroBench
07:14:25        8 root      20   0   29744  24548   6692 R 100.0   0.2   1:09.43 MicroBench
07:14:25        8 root      20   0   29744  24548   6692 R 100.0   0.2   1:09.60 MicroBench
07:14:25        8 root      20   0   29744  24548   6692 R 100.0   0.2   1:09.78 MicroBench
07:14:26        8 root      20   0   29744  24548   6692 R 100.0   0.2   1:09.95 MicroBench
07:14:26        8 root      20   0   29744  24548   6692 R 100.0   0.2   1:10.12 MicroBench
07:14:26        8 root      20   0   29744  24548   6692 R 100.0   0.2   1:10.29 MicroBench
07:14:26        8 root      20   0   29744  24548   6692 R  87.5   0.2   1:10.45 MicroBench
07:14:26        8 root      20   0   29744  24548   6692 R  93.3   0.2   1:10.62 MicroBench
07:14:26        8 root      20   0   29744  24548   6692 R 100.0   0.2   1:10.79 MicroBench
07:14:27        8 root      20   0   29744  24548   6692 R 100.0   0.2   1:10.95 MicroBench
07:14:27        8 root      20   0   29744  24548   6692 R 100.0   0.2   1:11.12 MicroBench
07:14:27        8 root      20   0   29744  24548   6692 R 100.0   0.2   1:11.29 MicroBench
07:14:27        8 root      20   0   29744  24548   6692 R 100.0   0.2   1:11.46 MicroBench
07:14:27        8 root      20   0   29744  24548   6692 R 100.0   0.2   1:11.63 MicroBench
07:14:27        8 root      20   0   29744  24548   6692 R 100.0   0.2   1:11.80 MicroBench
07:14:28        8 root      20   0   29744  24548   6692 R 100.0   0.2   1:11.97 MicroBench
07:14:28        8 root      20   0   29744  24548   6692 R 100.0   0.2   1:12.14 MicroBench
07:14:28        8 root      20   0   29744  24548   6692 R 100.0   0.2   1:12.31 MicroBench
07:14:28        8 root      20   0   29744  24548   6692 R 100.0   0.2   1:12.48 MicroBench
07:14:28        8 root      20   0   29744  24548   6692 R 100.0   0.2   1:12.65 MicroBench
07:14:28        8 root      20   0   29744  24548   6692 R 100.0   0.2   1:12.82 MicroBench
07:14:29        8 root      20   0   29744  24548   6692 R 100.0   0.2   1:12.99 MicroBench
07:14:29        8 root      20   0   29744  24548   6692 R 100.0   0.2   1:13.16 MicroBench
07:14:29        8 root      20   0   29744  24548   6692 R 100.0   0.2   1:13.33 MicroBench
07:14:29        8 root      20   0   29744  24548   6692 R 100.0   0.2   1:13.50 MicroBench
07:14:29        8 root      20   0   29744  24548   6692 R 100.0   0.2   1:13.67 MicroBench
07:14:29        8 root      20   0   29744  24548   6692 R 100.0   0.2   1:13.84 MicroBench
07:14:30        8 root      20   0   29744  24548   6692 R 100.0   0.2   1:14.01 MicroBench
07:14:30        8 root      20   0   29744  24548   6692 R 100.0   0.2   1:14.18 MicroBench
07:14:30        8 root      20   0   29744  24548   6692 R 100.0   0.2   1:14.35 MicroBench
07:14:30        8 root      20   0   29744  24548   6692 R 100.0   0.2   1:14.52 MicroBench
07:14:30        8 root      20   0   29744  24548   6692 R 100.0   0.2   1:14.69 MicroBench
07:14:30        8 root      20   0   29744  24548   6692 R 100.0   0.2   1:14.86 MicroBench
07:14:31        8 root      20   0   29744  24548   6692 R 100.0   0.2   1:15.03 MicroBench
07:14:31        8 root      20   0   29744  24548   6692 R 100.0   0.2   1:15.19 MicroBench
07:14:31        8 root      20   0   29744  24548   6692 R 100.0   0.2   1:15.36 MicroBench
07:14:31        8 root      20   0   29744  24548   6692 R  93.8   0.2   1:15.53 MicroBench
07:14:31        8 root      20   0   29744  24548   6692 R 100.0   0.2   1:15.70 MicroBench
07:14:32        8 root      20   0   29744  24548   6692 R  93.3   0.2   1:15.86 MicroBench
07:14:32        8 root      20   0   29744  24548   6692 R 100.0   0.2   1:16.04 MicroBench
07:14:32        8 root      20   0   29744  24548   6692 R 100.0   0.2   1:16.20 MicroBench
07:14:32        8 root      20   0   29744  24548   6692 R 100.0   0.2   1:16.38 MicroBench
07:14:32        8 root      20   0   29744  24548   6692 R 100.0   0.2   1:16.55 MicroBench
07:14:32        8 root      20   0   29744  24548   6692 R 100.0   0.2   1:16.72 MicroBench
07:14:33        8 root      20   0   29744  24548   6692 R 100.0   0.2   1:16.89 MicroBench
07:14:33        8 root      20   0   29744  24548   6692 R 100.0   0.2   1:17.06 MicroBench
07:14:33        8 root      20   0   29744  24548   6692 R  93.8   0.2   1:17.22 MicroBench
07:14:33        8 root      20   0   29744  24548   6692 R 100.0   0.2   1:17.39 MicroBench
07:14:33        8 root      20   0   29744  24548   6692 R 100.0   0.2   1:17.56 MicroBench
07:14:33        8 root      20   0   29744  24548   6692 R 100.0   0.2   1:17.73 MicroBench
07:14:34        8 root      20   0   29744  24548   6692 R 100.0   0.2   1:17.90 MicroBench
07:14:34        8 root      20   0   29744  24548   6692 R 100.0   0.2   1:18.07 MicroBench
07:14:34        8 root      20   0   29744  24548   6692 R  93.8   0.2   1:18.23 MicroBench
07:14:34        8 root      20   0   29744  24548   6692 R 100.0   0.2   1:18.41 MicroBench
07:14:34        8 root      20   0   29744  24548   6692 R 100.0   0.2   1:18.58 MicroBench
07:14:34        8 root      20   0   29744  24548   6692 R 100.0   0.2   1:18.74 MicroBench
07:14:35        8 root      20   0   29744  24548   6692 R 100.0   0.2   1:18.91 MicroBench
07:14:35        8 root      20   0   29744  24548   6692 R 100.0   0.2   1:19.08 MicroBench
07:14:35        8 root      20   0   29744  24548   6692 R 100.0   0.2   1:19.25 MicroBench
07:14:35        8 root      20   0   29744  24548   6692 R  93.8   0.2   1:19.42 MicroBench
07:14:35        8 root      20   0   29744  24548   6692 R 100.0   0.2   1:19.60 MicroBench
07:14:35        8 root      20   0   29744  24548   6692 R 100.0   0.2   1:19.76 MicroBench
07:14:36        8 root      20   0   29744  24548   6692 R 100.0   0.2   1:19.93 MicroBench
07:14:36        8 root      20   0   29744  24548   6692 R  93.8   0.2   1:20.10 MicroBench
07:14:36        8 root      20   0   29744  24548   6692 R 100.0   0.2   1:20.27 MicroBench
07:14:36        8 root      20   0   29744  24548   6692 R  93.3   0.2   1:20.43 MicroBench
07:14:36        8 root      20   0   29744  24548   6692 R 100.0   0.2   1:20.61 MicroBench
07:14:36        8 root      20   0   29744  24548   6692 R  93.8   0.2   1:20.78 MicroBench
07:14:37        8 root      20   0   29744  24548   6692 R 100.0   0.2   1:20.95 MicroBench
07:14:37        8 root      20   0   29744  24548   6692 R 100.0   0.2   1:21.12 MicroBench
07:14:37        8 root      20   0   29744  24548   6692 R 100.0   0.2   1:21.29 MicroBench
07:14:37        8 root      20   0   29744  24548   6692 R 100.0   0.2   1:21.46 MicroBench
07:14:37        8 root      20   0   29744  24548   6692 R  93.8   0.2   1:21.63 MicroBench
07:14:37        8 root      20   0   29744  24548   6692 R 100.0   0.2   1:21.80 MicroBench
07:14:38        8 root      20   0   29744  24548   6692 R 100.0   0.2   1:21.96 MicroBench
07:14:38        8 root      20   0   29744  24548   6692 R 100.0   0.2   1:22.13 MicroBench
07:14:38        8 root      20   0   29744  24548   6692 R 100.0   0.2   1:22.30 MicroBench
07:14:38        8 root      20   0   29744  24548   6692 R 100.0   0.2   1:22.47 MicroBench
07:14:38        8 root      20   0   29744  24548   6692 R 100.0   0.2   1:22.63 MicroBench
07:14:38        8 root      20   0   29744  24548   6692 R 100.0   0.2   1:22.81 MicroBench
07:14:39        8 root      20   0   29744  24548   6692 R 100.0   0.2   1:22.98 MicroBench
07:14:39        8 root      20   0   29744  24548   6692 R 100.0   0.2   1:23.15 MicroBench
07:14:39        8 root      20   0   29744  24548   6692 R 100.0   0.2   1:23.32 MicroBench
07:14:39        8 root      20   0   29744  24548   6692 R 100.0   0.2   1:23.49 MicroBench
07:14:39        8 root      20   0   29744  24548   6692 R 100.0   0.2   1:23.66 MicroBench
07:14:39        8 root      20   0   29744  24548   6692 R  93.3   0.2   1:23.82 MicroBench
07:14:40        8 root      20   0   29744  24548   6692 R 100.0   0.2   1:23.99 MicroBench
07:14:40        8 root      20   0   29744  24548   6692 R 100.0   0.2   1:24.16 MicroBench
07:14:40        8 root      20   0   29744  24548   6692 R 100.0   0.2   1:24.33 MicroBench
07:14:40        8 root      20   0   29744  24548   6692 R 100.0   0.2   1:24.50 MicroBench
07:14:40        8 root      20   0   29744  24548   6692 R 100.0   0.2   1:24.67 MicroBench
07:14:41        8 root      20   0   29744  24548   6692 R  93.8   0.2   1:24.84 MicroBench
07:14:41        8 root      20   0   29744  24548   6692 R 100.0   0.2   1:25.01 MicroBench
07:14:41        8 root      20   0   29744  24548   6692 R 100.0   0.2   1:25.18 MicroBench
07:14:41        8 root      20   0   29744  24548   6692 R 100.0   0.2   1:25.35 MicroBench
07:14:41        8 root      20   0   29744  24548   6692 R 100.0   0.2   1:25.52 MicroBench
07:14:41        8 root      20   0   29744  24548   6692 R 100.0   0.2   1:25.69 MicroBench
07:14:42        8 root      20   0   29744  24548   6692 R 100.0   0.2   1:25.87 MicroBench
07:14:42        8 root      20   0   29744  24548   6692 R 100.0   0.2   1:26.04 MicroBench
07:14:42        8 root      20   0   29744  24548   6692 R 100.0   0.2   1:26.20 MicroBench
07:14:42        8 root      20   0   29744  24548   6692 R 100.0   0.2   1:26.37 MicroBench
07:14:42        8 root      20   0   29744  24548   6692 R  93.8   0.2   1:26.54 MicroBench
07:14:42        8 root      20   0   29744  24548   6692 R 100.0   0.2   1:26.71 MicroBench
07:14:43        8 root      20   0   29744  24548   6692 R 100.0   0.2   1:26.87 MicroBench
07:14:43        8 root      20   0   29744  24548   6692 R 100.0   0.2   1:27.05 MicroBench
07:14:43        8 root      20   0   29744  24548   6692 R 100.0   0.2   1:27.21 MicroBench
07:14:43        8 root      20   0   29744  24548   6692 R 100.0   0.2   1:27.38 MicroBench
07:14:43        8 root      20   0   29744  24548   6692 R 100.0   0.2   1:27.55 MicroBench
07:14:43        8 root      20   0   29744  24548   6692 R 100.0   0.2   1:27.72 MicroBench
07:14:44        8 root      20   0   29744  24548   6692 R 100.0   0.2   1:27.89 MicroBench
07:14:44        8 root      20   0   29744  24548   6692 R 100.0   0.2   1:28.06 MicroBench
07:14:44        8 root      20   0   29744  24548   6692 R 100.0   0.2   1:28.24 MicroBench
07:14:44        8 root      20   0   29744  24548   6692 R 100.0   0.2   1:28.41 MicroBench
07:14:44        8 root      20   0   29744  24548   6692 R  93.8   0.2   1:28.58 MicroBench
07:14:44        8 root      20   0   29744  24548   6692 R 100.0   0.2   1:28.75 MicroBench
07:14:45        8 root      20   0   29744  24548   6692 R  93.3   0.2   1:28.91 MicroBench
07:14:45        8 root      20   0   29744  24548   6692 R 100.0   0.2   1:29.08 MicroBench
07:14:45        8 root      20   0   29744  24548   6692 R 100.0   0.2   1:29.25 MicroBench
07:14:45        8 root      20   0   29744  24548   6692 R 100.0   0.2   1:29.42 MicroBench
07:14:45        8 root      20   0   29744  24548   6692 R 100.0   0.2   1:29.59 MicroBench
07:14:45        8 root      20   0   29744  24548   6692 R  93.8   0.2   1:29.76 MicroBench
07:14:46        8 root      20   0   29744  24548   6692 R  93.3   0.2   1:29.92 MicroBench
07:14:46        8 root      20   0   29744  24548   6692 R 100.0   0.2   1:30.09 MicroBench
07:14:46        8 root      20   0   29744  24548   6692 R 100.0   0.2   1:30.27 MicroBench
07:14:46        8 root      20   0   29744  24548   6692 R  93.8   0.2   1:30.44 MicroBench
07:14:46        8 root      20   0   29744  24548   6692 R  93.8   0.2   1:30.61 MicroBench
07:14:46        8 root      20   0   29744  24548   6692 R 100.0   0.2   1:30.78 MicroBench
07:14:47        8 root      20   0   29744  24548   6692 R 100.0   0.2   1:30.94 MicroBench
07:14:47        8 root      20   0   29744  24548   6692 R 100.0   0.2   1:31.11 MicroBench
07:14:47        8 root      20   0   29744  24548   6692 R 100.0   0.2   1:31.28 MicroBench
07:14:47        8 root      20   0   29744  24548   6692 R 100.0   0.2   1:31.45 MicroBench
07:14:47        8 root      20   0   29744  24548   6692 R  87.5   0.2   1:31.61 MicroBench
07:14:47        8 root      20   0   29744  24548   6692 R 100.0   0.2   1:31.79 MicroBench
07:14:48        8 root      20   0   29744  24548   6692 R 100.0   0.2   1:31.96 MicroBench
07:14:48        8 root      20   0   29744  24548   6692 R  93.3   0.2   1:32.12 MicroBench
07:14:48        8 root      20   0   29744  24548   6692 R 100.0   0.2   1:32.29 MicroBench
07:14:48        8 root      20   0   29744  24548   6692 R  93.8   0.2   1:32.46 MicroBench
07:14:48        8 root      20   0   29744  24548   6692 R 100.0   0.2   1:32.63 MicroBench
07:14:48        8 root      20   0   29744  24548   6692 R 100.0   0.2   1:32.80 MicroBench
07:14:49        8 root      20   0   29744  24548   6692 R 100.0   0.2   1:32.97 MicroBench
07:14:49        8 root      20   0   29744  24548   6692 R  93.3   0.2   1:33.13 MicroBench
07:14:49        8 root      20   0   29744  24548   6692 R 100.0   0.2   1:33.31 MicroBench
07:14:49        8 root      20   0   29744  24548   6692 R 100.0   0.2   1:33.47 MicroBench
07:14:49        8 root      20   0   29744  24548   6692 R  93.8   0.2   1:33.64 MicroBench
07:14:49        8 root      20   0   29744  24548   6692 R  93.8   0.2   1:33.81 MicroBench
07:14:50        8 root      20   0   29744  24548   6692 R 100.0   0.2   1:33.98 MicroBench
07:14:50        8 root      20   0   29744  24548   6692 R 100.0   0.2   1:34.14 MicroBench
07:14:50        8 root      20   0   29744  24548   6692 R 100.0   0.2   1:34.31 MicroBench
07:14:50        8 root      20   0   29744  24548   6692 R 100.0   0.2   1:34.49 MicroBench
07:14:50        8 root      20   0   29744  24548   6692 R 100.0   0.2   1:34.67 MicroBench
07:14:51        8 root      20   0   29744  24548   6692 R 100.0   0.2   1:34.84 MicroBench
07:14:51        8 root      20   0   29744  24548   6692 R 100.0   0.2   1:35.00 MicroBench
07:14:51        8 root      20   0   29744  24548   6692 R 100.0   0.2   1:35.18 MicroBench
07:14:51        8 root      20   0   29744  24548   6692 R 100.0   0.2   1:35.35 MicroBench
07:14:51        8 root      20   0   29744  24548   6692 R 100.0   0.2   1:35.52 MicroBench
07:14:51        8 root      20   0   29744  24548   6692 R 100.0   0.2   1:35.69 MicroBench
07:14:52        8 root      20   0   29744  24548   6692 R 100.0   0.2   1:35.86 MicroBench
07:14:52        8 root      20   0   29744  24548   6692 R  93.8   0.2   1:36.03 MicroBench
07:14:52        8 root      20   0   29744  24548   6692 R 100.0   0.2   1:36.20 MicroBench
07:14:52        8 root      20   0   29744  24548   6692 R 100.0   0.2   1:36.36 MicroBench
07:14:52        8 root      20   0   29744  24548   6692 R 100.0   0.2   1:36.53 MicroBench
07:14:52        8 root      20   0   29744  24548   6692 R 100.0   0.2   1:36.70 MicroBench
07:14:53        8 root      20   0   29744  24548   6692 R 100.0   0.2   1:36.88 MicroBench
07:14:53        8 root      20   0   29744  24548   6692 R  93.8   0.2   1:37.04 MicroBench
07:14:53        8 root      20   0   29744  24548   6692 R 100.0   0.2   1:37.22 MicroBench
07:14:53        8 root      20   0   31328  26132   6692 R 100.0   0.2   1:37.39 MicroBench
07:14:53        8 root      20   0   44792  39596   6692 R 100.0   0.2   1:37.55 MicroBench
07:14:53        8 root      20   0   44792  39596   6692 R 100.0   0.2   1:37.72 MicroBench
07:14:54        8 root      20   0   44792  39596   6692 R 100.0   0.2   1:37.89 MicroBench
07:14:54        8 root      20   0   44792  39596   6692 R  93.3   0.2   1:38.05 MicroBench
07:14:54        8 root      20   0   44792  39596   6692 R 100.0   0.2   1:38.23 MicroBench
07:14:54        8 root      20   0   44792  39596   6692 R  93.8   0.2   1:38.39 MicroBench
07:14:54        8 root      20   0   44792  39596   6692 R 100.0   0.2   1:38.56 MicroBench
07:14:54        8 root      20   0   44792  39596   6692 R 100.0   0.2   1:38.73 MicroBench
07:14:55        8 root      20   0   44792  39596   6692 R 100.0   0.2   1:38.90 MicroBench
07:14:55        8 root      20   0   44792  39596   6692 R 100.0   0.2   1:39.07 MicroBench
07:14:55        8 root      20   0   44792  39596   6692 R  93.8   0.2   1:39.24 MicroBench
07:14:55        8 root      20   0   44792  39596   6692 R 100.0   0.2   1:39.41 MicroBench
07:14:55        8 root      20   0   44792  39596   6692 R 100.0   0.2   1:39.58 MicroBench
07:14:55        8 root      20   0   44792  39596   6692 R 100.0   0.2   1:39.75 MicroBench
07:14:56        8 root      20   0   44792  39596   6692 R 100.0   0.2   1:39.91 MicroBench
07:14:56        8 root      20   0   44792  39596   6692 R 100.0   0.2   1:40.08 MicroBench
07:14:56        8 root      20   0   44792  39596   6692 R 100.0   0.2   1:40.24 MicroBench
07:14:56        8 root      20   0   44792  39596   6692 R 100.0   0.2   1:40.41 MicroBench
07:14:56        8 root      20   0   44792  39596   6692 R  93.8   0.2   1:40.59 MicroBench
07:14:56        8 root      20   0   44792  39596   6692 R 100.0   0.2   1:40.77 MicroBench
07:14:57        8 root      20   0   44792  39596   6692 R 100.0   0.2   1:40.95 MicroBench
07:14:57        8 root      20   0   44792  39596   6692 R 100.0   0.2   1:41.12 MicroBench
07:14:57        8 root      20   0   44792  39596   6692 R 100.0   0.2   1:41.29 MicroBench
07:14:57        8 root      20   0   44792  39596   6692 R 100.0   0.2   1:41.46 MicroBench
07:14:57        8 root      20   0   44792  39596   6692 R 100.0   0.2   1:41.64 MicroBench
07:14:58        8 root      20   0   44792  39596   6692 R 100.0   0.2   1:41.81 MicroBench
07:14:58        8 root      20   0   44792  39596   6692 R 100.0   0.2   1:41.97 MicroBench
07:14:58        8 root      20   0   44792  39596   6692 R 100.0   0.2   1:42.14 MicroBench
07:14:58        8 root      20   0   44792  39596   6692 R 100.0   0.2   1:42.31 MicroBench
07:14:58        8 root      20   0   44792  39596   6692 R 100.0   0.2   1:42.48 MicroBench
07:14:58        8 root      20   0   44792  39596   6692 R  93.8   0.2   1:42.65 MicroBench
07:14:59        8 root      20   0   44792  39596   6692 R 100.0   0.2   1:42.82 MicroBench
07:14:59        8 root      20   0   44792  39596   6692 R  93.3   0.2   1:42.98 MicroBench
07:14:59        8 root      20   0   44792  39596   6692 R 100.0   0.2   1:43.16 MicroBench
07:14:59        8 root      20   0   44792  39596   6692 R 100.0   0.2   1:43.32 MicroBench
07:14:59        8 root      20   0   44792  39596   6692 R 100.0   0.2   1:43.49 MicroBench
07:14:59        8 root      20   0   44792  39596   6692 R 100.0   0.2   1:43.66 MicroBench
07:15:00        8 root      20   0   44792  39596   6692 R  93.8   0.2   1:43.83 MicroBench
07:15:00        8 root      20   0   44792  39596   6692 R  93.3   0.2   1:43.99 MicroBench
07:15:00        8 root      20   0   44792  39596   6692 R 100.0   0.2   1:44.17 MicroBench
07:15:00        8 root      20   0   44792  39596   6692 R 100.0   0.2   1:44.33 MicroBench
07:15:00        8 root      20   0   44792  39596   6692 R 100.0   0.2   1:44.51 MicroBench
07:15:00        8 root      20   0   44792  39596   6692 R 100.0   0.2   1:44.68 MicroBench
07:15:01        8 root      20   0   44792  39596   6692 R 100.0   0.2   1:44.85 MicroBench
07:15:01        8 root      20   0   44792  39596   6692 R 100.0   0.2   1:45.02 MicroBench
07:15:01        8 root      20   0   44792  39596   6692 R 100.0   0.2   1:45.19 MicroBench
07:15:01        8 root      20   0   44792  39596   6692 R 100.0   0.2   1:45.36 MicroBench
07:15:01        8 root      20   0   44792  39596   6692 R 100.0   0.2   1:45.52 MicroBench
07:15:01        8 root      20   0   44792  39596   6692 R 100.0   0.2   1:45.69 MicroBench
07:15:02        8 root      20   0   44792  39596   6692 R 100.0   0.2   1:45.87 MicroBench
07:15:02        8 root      20   0   44792  39596   6692 R 100.0   0.2   1:46.04 MicroBench
07:15:02        8 root      20   0   44792  39596   6692 R 100.0   0.2   1:46.21 MicroBench
07:15:02        8 root      20   0   44792  39596   6692 R 100.0   0.2   1:46.38 MicroBench
07:15:02        8 root      20   0   44792  39596   6692 R 100.0   0.2   1:46.55 MicroBench
07:15:02        8 root      20   0   44792  39596   6692 R 100.0   0.2   1:46.72 MicroBench
07:15:03        8 root      20   0   44792  39596   6692 R 100.0   0.2   1:46.88 MicroBench
07:15:03        8 root      20   0   44792  39596   6692 R 100.0   0.2   1:47.05 MicroBench
07:15:03        8 root      20   0   44792  39596   6692 R  93.8   0.2   1:47.22 MicroBench
07:15:03        8 root      20   0   44792  39596   6692 R 100.0   0.2   1:47.39 MicroBench
07:15:03        8 root      20   0   44792  39596   6692 R 100.0   0.2   1:47.56 MicroBench
07:15:03        8 root      20   0   44792  39596   6692 R 100.0   0.2   1:47.73 MicroBench
07:15:04        8 root      20   0   44792  39596   6692 R  93.3   0.2   1:47.89 MicroBench
07:15:04        8 root      20   0   44792  39596   6692 R 100.0   0.2   1:48.06 MicroBench
07:15:04        8 root      20   0   44792  39596   6692 R 100.0   0.2   1:48.23 MicroBench
07:15:04        8 root      20   0   44792  39596   6692 R 100.0   0.2   1:48.41 MicroBench
07:15:04        8 root      20   0   44792  39596   6692 R 100.0   0.2   1:48.57 MicroBench
07:15:04        8 root      20   0   44792  39596   6692 R 100.0   0.2   1:48.74 MicroBench
07:15:05        8 root      20   0   44792  39596   6692 R 100.0   0.2   1:48.91 MicroBench
07:15:05        8 root      20   0   44792  39596   6692 R 100.0   0.2   1:49.08 MicroBench
07:15:05        8 root      20   0   44792  39596   6692 R 100.0   0.2   1:49.25 MicroBench
07:15:05        8 root      20   0   44792  39596   6692 R 100.0   0.2   1:49.42 MicroBench
07:15:05        8 root      20   0   44792  39596   6692 R 100.0   0.2   1:49.59 MicroBench
07:15:05        8 root      20   0   44792  39596   6692 R  93.8   0.2   1:49.76 MicroBench
07:15:06        8 root      20   0   44792  39596   6692 R  93.3   0.2   1:49.92 MicroBench
07:15:06        8 root      20   0   44792  39596   6692 R 100.0   0.2   1:50.09 MicroBench
07:15:06        8 root      20   0   44792  39596   6692 R 100.0   0.2   1:50.26 MicroBench
07:15:06        8 root      20   0   44792  39596   6692 R 100.0   0.2   1:50.43 MicroBench
07:15:06        8 root      20   0   44792  39596   6692 R 100.0   0.2   1:50.60 MicroBench
07:15:06        8 root      20   0   44792  39596   6692 R 100.0   0.2   1:50.77 MicroBench
07:15:07        8 root      20   0   44792  39596   6692 R 100.0   0.2   1:50.94 MicroBench
07:15:07        8 root      20   0   44792  39596   6692 R  93.8   0.2   1:51.10 MicroBench
07:15:07        8 root      20   0   44792  39596   6692 R 100.0   0.2   1:51.27 MicroBench
07:15:07        8 root      20   0   44792  39596   6692 R 100.0   0.2   1:51.45 MicroBench
07:15:07        8 root      20   0   44792  39596   6692 R 100.0   0.2   1:51.61 MicroBench
07:15:08        8 root      20   0   44792  39596   6692 R  93.8   0.2   1:51.78 MicroBench
07:15:08        8 root      20   0   44792  39596   6692 R 100.0   0.2   1:51.95 MicroBench
07:15:08        8 root      20   0   44792  39596   6692 R 100.0   0.2   1:52.11 MicroBench
07:15:08        8 root      20   0   44792  39596   6692 R 100.0   0.2   1:52.28 MicroBench
07:15:08        8 root      20   0   44792  39596   6692 R 100.0   0.2   1:52.45 MicroBench
07:15:08        8 root      20   0   44792  39596   6692 R 100.0   0.2   1:52.62 MicroBench
07:15:09        8 root      20   0   44792  39596   6692 R 100.0   0.2   1:52.79 MicroBench
07:15:09        8 root      20   0   44792  39596   6692 R 100.0   0.2   1:52.96 MicroBench
07:15:09        8 root      20   0   44792  39596   6692 R 100.0   0.2   1:53.13 MicroBench
07:15:09        8 root      20   0   44792  39596   6692 R 100.0   0.2   1:53.30 MicroBench
07:15:09        8 root      20   0   44792  39596   6692 R 100.0   0.2   1:53.47 MicroBench
07:15:09        8 root      20   0   44792  39596   6692 R  93.8   0.2   1:53.63 MicroBench
07:15:10        8 root      20   0   44792  39596   6692 R 100.0   0.2   1:53.80 MicroBench
07:15:10        8 root      20   0   44792  39596   6692 R 100.0   0.2   1:53.98 MicroBench
07:15:10        8 root      20   0   44792  39596   6692 R 100.0   0.2   1:54.15 MicroBench
07:15:10        8 root      20   0   44792  39596   6692 R  93.3   0.2   1:54.31 MicroBench
07:15:10        8 root      20   0   44792  39596   6692 R 100.0   0.2   1:54.48 MicroBench
07:15:10        8 root      20   0   44792  39596   6692 R  93.8   0.2   1:54.65 MicroBench
07:15:11        8 root      20   0   44792  39596   6692 R 100.0   0.2   1:54.83 MicroBench
07:15:11        8 root      20   0   44792  39596   6692 R 100.0   0.2   1:55.00 MicroBench
07:15:11        8 root      20   0   44792  39596   6692 R 100.0   0.2   1:55.16 MicroBench
07:15:11        8 root      20   0   44792  39596   6692 R 100.0   0.2   1:55.33 MicroBench
07:15:11        8 root      20   0   44792  39596   6692 R 100.0   0.2   1:55.50 MicroBench
07:15:11        8 root      20   0   44792  39596   6692 R  93.8   0.2   1:55.67 MicroBench
07:15:12        8 root      20   0   44792  39596   6692 R  93.8   0.2   1:55.85 MicroBench
07:15:12        8 root      20   0   44792  39596   6692 R 100.0   0.2   1:56.02 MicroBench
07:15:12        8 root      20   0   44792  39596   6692 R 100.0   0.2   1:56.19 MicroBench
07:15:12        8 root      20   0   44792  39596   6692 R  93.3   0.2   1:56.35 MicroBench
07:15:12        8 root      20   0   44792  39596   6692 R 100.0   0.2   1:56.52 MicroBench
07:15:12        8 root      20   0   44792  39596   6692 R 100.0   0.2   1:56.69 MicroBench
07:15:13        8 root      20   0   44792  39596   6692 R 100.0   0.2   1:56.86 MicroBench
07:15:13        8 root      20   0   44792  39596   6692 R  93.8   0.2   1:57.03 MicroBench
07:15:13        8 root      20   0   44792  39596   6692 R 100.0   0.2   1:57.20 MicroBench
07:15:13        8 root      20   0   44792  39596   6692 R 100.0   0.2   1:57.36 MicroBench
07:15:13        8 root      20   0   44792  39596   6692 R 100.0   0.2   1:57.54 MicroBench
07:15:13        8 root      20   0   44792  39596   6692 R 100.0   0.2   1:57.71 MicroBench
07:15:14        8 root      20   0   44792  39596   6692 R 100.0   0.2   1:57.87 MicroBench
07:15:14        8 root      20   0   44792  39596   6692 R 100.0   0.2   1:58.04 MicroBench
07:15:14        8 root      20   0   44792  39596   6692 R 100.0   0.2   1:58.21 MicroBench
07:15:14        8 root      20   0   44792  39596   6692 R  93.3   0.2   1:58.38 MicroBench
07:15:14        8 root      20   0   44792  39596   6692 R 100.0   0.2   1:58.56 MicroBench
07:15:14        8 root      20   0   44792  39596   6692 R  93.8   0.2   1:58.72 MicroBench
07:15:15        8 root      20   0   44792  39596   6692 R 100.0   0.2   1:58.89 MicroBench
07:15:15        8 root      20   0   44792  39596   6692 R 100.0   0.2   1:59.06 MicroBench
07:15:15        8 root      20   0   44792  39596   6692 R 100.0   0.2   1:59.23 MicroBench
07:15:15        8 root      20   0   44792  39596   6692 R  93.8   0.2   1:59.40 MicroBench
07:15:15        8 root      20   0   44792  39596   6692 R  93.8   0.2   1:59.57 MicroBench
07:15:15        8 root      20   0   44792  39596   6692 R 100.0   0.2   1:59.74 MicroBench
07:15:16        8 root      20   0   44792  39596   6692 R 100.0   0.2   1:59.91 MicroBench
07:15:16        8 root      20   0   44792  39596   6692 R 100.0   0.2   2:00.08 MicroBench
07:15:16        8 root      20   0   44792  39596   6692 R 100.0   0.2   2:00.24 MicroBench
07:15:16        8 root      20   0   44792  39596   6692 R 100.0   0.2   2:00.41 MicroBench
07:15:16        8 root      20   0   44792  39596   6692 R 100.0   0.2   2:00.58 MicroBench
07:15:16        8 root      20   0   44792  39596   6692 R  93.8   0.2   2:00.75 MicroBench
07:15:17        8 root      20   0   44792  39596   6692 R 100.0   0.2   2:00.92 MicroBench
07:15:17        8 root      20   0   44792  39596   6692 R  93.3   0.2   2:01.08 MicroBench
07:15:17        8 root      20   0   44792  39596   6692 R 100.0   0.2   2:01.25 MicroBench
07:15:17        8 root      20   0   44792  39596   6692 R 100.0   0.2   2:01.42 MicroBench
07:15:17        8 root      20   0   44792  39596   6692 R 100.0   0.2   2:01.59 MicroBench
07:15:18        8 root      20   0   44792  39596   6692 R 100.0   0.2   2:01.77 MicroBench
07:15:18        8 root      20   0   44792  39596   6692 R 100.0   0.2   2:01.93 MicroBench
07:15:18        8 root      20   0   44792  39596   6692 R 100.0   0.2   2:02.10 MicroBench
07:15:18        8 root      20   0   44792  39596   6692 R 100.0   0.2   2:02.27 MicroBench
07:15:18        8 root      20   0   44792  39596   6692 R 100.0   0.2   2:02.44 MicroBench
07:15:18        8 root      20   0   44792  39596   6692 R 100.0   0.2   2:02.61 MicroBench
07:15:19        8 root      20   0   44792  39596   6692 R 100.0   0.2   2:02.78 MicroBench
07:15:19        8 root      20   0   44792  39596   6692 R 100.0   0.2   2:02.94 MicroBench
07:15:19        8 root      20   0   44792  39596   6692 R 100.0   0.2   2:03.11 MicroBench
07:15:19        8 root      20   0   44792  39596   6692 R 100.0   0.2   2:03.28 MicroBench
07:15:19        8 root      20   0   44792  39596   6692 R 100.0   0.2   2:03.46 MicroBench
07:15:19        8 root      20   0   44792  39596   6692 R 100.0   0.2   2:03.63 MicroBench
07:15:20        8 root      20   0   44792  39596   6692 R 100.0   0.2   2:03.80 MicroBench
07:15:20        8 root      20   0   44792  39596   6692 R 100.0   0.2   2:03.97 MicroBench
07:15:20        8 root      20   0   44792  39596   6692 R 100.0   0.2   2:04.13 MicroBench
07:15:20        8 root      20   0   44792  39596   6692 R 100.0   0.2   2:04.30 MicroBench
07:15:20        8 root      20   0   44792  39596   6692 R 100.0   0.2   2:04.47 MicroBench
07:15:20        8 root      20   0   44792  39596   6692 R 100.0   0.2   2:04.64 MicroBench
07:15:21        8 root      20   0   44792  39596   6692 R 100.0   0.2   2:04.81 MicroBench
07:15:21        8 root      20   0   44792  39596   6692 R 100.0   0.2   2:04.98 MicroBench
07:15:21        8 root      20   0   44792  39596   6692 R 100.0   0.2   2:05.14 MicroBench
07:15:21        8 root      20   0   44792  39596   6692 R 100.0   0.2   2:05.32 MicroBench
07:15:21        8 root      20   0   44792  39596   6692 R 100.0   0.2   2:05.49 MicroBench
07:15:21        8 root      20   0   44792  39596   6692 R  87.5   0.2   2:05.65 MicroBench
07:15:22        8 root      20   0   44792  39596   6692 R 100.0   0.2   2:05.82 MicroBench
07:15:22        8 root      20   0   44792  39596   6692 R 100.0   0.2   2:05.99 MicroBench
07:15:22        8 root      20   0   44792  39596   6692 R 100.0   0.2   2:06.17 MicroBench
07:15:22        8 root      20   0   44792  39596   6692 R 100.0   0.2   2:06.34 MicroBench
07:15:22        8 root      20   0   44792  39596   6692 R 100.0   0.2   2:06.51 MicroBench
07:15:22        8 root      20   0   44792  39596   6692 R 100.0   0.2   2:06.68 MicroBench
07:15:23        8 root      20   0   44792  39596   6692 R  93.8   0.2   2:06.85 MicroBench
07:15:23        8 root      20   0   44792  39596   6692 R 100.0   0.2   2:07.02 MicroBench
07:15:23        8 root      20   0   44792  39596   6692 R 100.0   0.2   2:07.19 MicroBench
07:15:23        8 root      20   0   44792  39596   6692 R 100.0   0.2   2:07.36 MicroBench
07:15:23        8 root      20   0   44792  39596   6692 R 100.0   0.2   2:07.53 MicroBench
07:15:23        8 root      20   0   44792  39596   6692 R 100.0   0.2   2:07.70 MicroBench
07:15:24        8 root      20   0   44792  39596   6692 R 100.0   0.2   2:07.86 MicroBench
07:15:24        8 root      20   0   44792  39596   6692 R  93.8   0.2   2:08.03 MicroBench
07:15:24        8 root      20   0   44792  39596   6692 R 100.0   0.2   2:08.20 MicroBench
07:15:24        8 root      20   0   44792  39596   6692 R 100.0   0.2   2:08.37 MicroBench
07:15:24        8 root      20   0   44792  39596   6692 R 100.0   0.2   2:08.54 MicroBench
07:15:24        8 root      20   0   44792  39596   6692 R 100.0   0.2   2:08.71 MicroBench
07:15:25        8 root      20   0   44792  39596   6692 R 100.0   0.2   2:08.87 MicroBench
07:15:25        8 root      20   0   44792  39596   6692 R 100.0   0.2   2:09.04 MicroBench
07:15:25        8 root      20   0   44792  39596   6692 R 100.0   0.2   2:09.21 MicroBench
07:15:25        8 root      20   0   44792  39596   6692 R 100.0   0.2   2:09.38 MicroBench
07:15:25        8 root      20   0   44792  39596   6692 R 100.0   0.2   2:09.55 MicroBench
07:15:25        8 root      20   0   44792  39596   6692 R 100.0   0.2   2:09.72 MicroBench
07:15:26        8 root      20   0   44792  39596   6692 R 100.0   0.2   2:09.89 MicroBench
07:15:26        8 root      20   0   44792  39596   6692 R 100.0   0.2   2:10.06 MicroBench
07:15:26        8 root      20   0   44792  39596   6692 R 100.0   0.2   2:10.23 MicroBench
07:15:26        8 root      20   0   44792  39596   6692 R 100.0   0.2   2:10.39 MicroBench
07:15:26        8 root      20   0   44792  39596   6692 R 100.0   0.2   2:10.56 MicroBench
07:15:27        8 root      20   0   44792  39596   6692 R 100.0   0.2   2:10.73 MicroBench
07:15:27        8 root      20   0   44792  39596   6692 R 100.0   0.2   2:10.90 MicroBench
07:15:27        8 root      20   0   44792  39596   6692 R 100.0   0.2   2:11.07 MicroBench
07:15:27        8 root      20   0   44792  39596   6692 R 100.0   0.2   2:11.24 MicroBench
07:15:27        8 root      20   0   44792  39596   6692 R 100.0   0.2   2:11.40 MicroBench
07:15:27        8 root      20   0   44792  39596   6692 R 100.0   0.2   2:11.57 MicroBench
07:15:28        8 root      20   0   44792  39596   6692 R 100.0   0.2   2:11.74 MicroBench
07:15:28        8 root      20   0   44792  39596   6692 R 100.0   0.2   2:11.91 MicroBench
07:15:28        8 root      20   0   44792  39596   6692 R 100.0   0.2   2:12.08 MicroBench
07:15:28        8 root      20   0   44792  39596   6692 R 100.0   0.2   2:12.25 MicroBench
07:15:28        8 root      20   0   44792  39596   6692 R 100.0   0.2   2:12.42 MicroBench
07:15:28        8 root      20   0   44792  39596   6692 R 100.0   0.2   2:12.59 MicroBench
07:15:29        8 root      20   0   44792  39596   6692 R 100.0   0.2   2:12.76 MicroBench
07:15:29        8 root      20   0   44792  39596   6692 R 100.0   0.2   2:12.92 MicroBench
07:15:29        8 root      20   0   44792  39596   6692 R 100.0   0.2   2:13.09 MicroBench
07:15:29        8 root      20   0   44792  39596   6692 R  93.8   0.2   2:13.26 MicroBench
07:15:29        8 root      20   0   44792  39596   6692 R 100.0   0.2   2:13.43 MicroBench
07:15:29        8 root      20   0   44792  39596   6692 R 100.0   0.2   2:13.60 MicroBench
07:15:30        8 root      20   0   44792  39596   6692 R  93.3   0.2   2:13.76 MicroBench
07:15:30        8 root      20   0   44792  39596   6692 R 100.0   0.2   2:13.93 MicroBench
07:15:30        8 root      20   0   44792  39596   6692 R 100.0   0.2   2:14.10 MicroBench
07:15:30        8 root      20   0   44792  39596   6692 R 100.0   0.2   2:14.28 MicroBench
07:15:30        8 root      20   0   44792  39596   6692 R 100.0   0.2   2:14.45 MicroBench
07:15:30        8 root      20   0   44792  39596   6692 R 100.0   0.2   2:14.62 MicroBench
07:15:31        8 root      20   0   44792  39596   6692 R 100.0   0.2   2:14.79 MicroBench
07:15:31        8 root      20   0   44792  39596   6692 R  93.8   0.2   2:14.96 MicroBench
07:15:31        8 root      20   0   44792  39596   6692 R 100.0   0.2   2:15.13 MicroBench
07:15:31        8 root      20   0   44792  39596   6692 R 100.0   0.2   2:15.30 MicroBench
07:15:31        8 root      20   0   44792  39596   6692 R 100.0   0.2   2:15.47 MicroBench
07:15:31        8 root      20   0   44792  39596   6692 R 100.0   0.2   2:15.64 MicroBench
07:15:32        8 root      20   0   44792  39596   6692 R 100.0   0.2   2:15.81 MicroBench
07:15:32        8 root      20   0   44792  39596   6692 R 100.0   0.2   2:15.98 MicroBench
07:15:32        8 root      20   0   44792  39596   6692 R 100.0   0.2   2:16.15 MicroBench
07:15:32        8 root      20   0   44792  39596   6692 R 100.0   0.2   2:16.31 MicroBench
07:15:32        8 root      20   0   44792  39596   6692 R 100.0   0.2   2:16.48 MicroBench
07:15:32        8 root      20   0   44792  39596   6692 R 100.0   0.2   2:16.66 MicroBench
07:15:33        8 root      20   0   44792  39596   6692 R 100.0   0.2   2:16.83 MicroBench
07:15:33        8 root      20   0   44792  39596   6692 R 100.0   0.2   2:17.00 MicroBench
07:15:33        8 root      20   0   44792  39596   6692 R  93.8   0.2   2:17.17 MicroBench
07:15:33        8 root      20   0   44792  39596   6692 R 100.0   0.2   2:17.34 MicroBench
07:15:33        8 root      20   0   44792  39596   6692 R 100.0   0.2   2:17.52 MicroBench
07:15:33        8 root      20   0   44792  39596   6692 R 100.0   0.2   2:17.68 MicroBench
07:15:34        8 root      20   0   44792  39596   6692 R 100.0   0.2   2:17.85 MicroBench
07:15:34        8 root      20   0   44792  39596   6692 R 100.0   0.2   2:18.02 MicroBench
07:15:34        8 root      20   0   44792  39596   6692 R 100.0   0.2   2:18.19 MicroBench
07:15:34        8 root      20   0   44792  39596   6692 R 100.0   0.2   2:18.35 MicroBench
07:15:34        8 root      20   0   44792  39596   6692 R 100.0   0.2   2:18.52 MicroBench
07:15:34        8 root      20   0   44792  39596   6692 R  93.8   0.2   2:18.70 MicroBench
07:15:35        8 root      20   0   44792  39596   6692 R 100.0   0.2   2:18.87 MicroBench
07:15:35        8 root      20   0   44792  39596   6692 R 100.0   0.2   2:19.03 MicroBench
07:15:35        8 root      20   0   44792  39596   6692 R 100.0   0.2   2:19.20 MicroBench
07:15:35        8 root      20   0   44792  39596   6692 R 100.0   0.2   2:19.37 MicroBench
07:15:35        8 root      20   0   44792  39596   6692 R 100.0   0.2   2:19.54 MicroBench
07:15:35        8 root      20   0   44792  39596   6692 R  93.8   0.2   2:19.71 MicroBench
07:15:36        8 root      20   0   44792  39596   6692 R 100.0   0.2   2:19.88 MicroBench
07:15:36        8 root      20   0   44792  39596   6692 R 100.0   0.2   2:20.05 MicroBench
07:15:36        8 root      20   0   44792  39596   6692 R 100.0   0.2   2:20.21 MicroBench
07:15:36        8 root      20   0   44792  39596   6692 R  93.8   0.2   2:20.38 MicroBench
07:15:36        8 root      20   0   44792  39596   6692 R 100.0   0.2   2:20.55 MicroBench
07:15:37        8 root      20   0   44792  39596   6692 R 100.0   0.2   2:20.72 MicroBench
07:15:37        8 root      20   0   44792  39596   6692 R 100.0   0.2   2:20.89 MicroBench
07:15:37        8 root      20   0   44792  39596   6692 R 100.0   0.2   2:21.07 MicroBench
07:15:37        8 root      20   0   44792  39596   6692 R 100.0   0.2   2:21.23 MicroBench
07:15:37        8 root      20   0   44792  39596   6692 R 100.0   0.2   2:21.40 MicroBench
07:15:37        8 root      20   0   44792  39596   6692 R 100.0   0.2   2:21.57 MicroBench
07:15:38        8 root      20   0   44792  39596   6692 R 100.0   0.2   2:21.74 MicroBench
07:15:38        8 root      20   0   44792  39596   6692 R 100.0   0.2   2:21.91 MicroBench
07:15:38        8 root      20   0   44792  39596   6692 R 100.0   0.2   2:22.08 MicroBench
07:15:38        8 root      20   0   44792  39596   6692 R 100.0   0.2   2:22.25 MicroBench
07:15:38        8 root      20   0   44792  39596   6692 R 100.0   0.2   2:22.42 MicroBench
07:15:38        8 root      20   0   44792  39596   6692 R 100.0   0.2   2:22.58 MicroBench
07:15:39        8 root      20   0   44792  39596   6692 R  93.8   0.2   2:22.75 MicroBench
07:15:39        8 root      20   0   44792  39596   6692 R 100.0   0.2   2:22.92 MicroBench
07:15:39        8 root      20   0   44792  39596   6692 R 100.0   0.2   2:23.09 MicroBench
07:15:39        8 root      20   0   44792  39596   6692 R 100.0   0.2   2:23.26 MicroBench
07:15:39        8 root      20   0   44792  39596   6692 R 100.0   0.2   2:23.43 MicroBench
07:15:39        8 root      20   0   44792  39596   6692 R 100.0   0.2   2:23.59 MicroBench
07:15:40        8 root      20   0   44792  39596   6692 R 100.0   0.2   2:23.77 MicroBench
07:15:40        8 root      20   0   44792  39596   6692 R 100.0   0.2   2:23.94 MicroBench
07:15:40        8 root      20   0   44792  39596   6692 R  93.3   0.2   2:24.10 MicroBench
07:15:40        8 root      20   0   44792  39596   6692 R 100.0   0.2   2:24.27 MicroBench
07:15:40        8 root      20   0   44792  39596   6692 R 100.0   0.2   2:24.44 MicroBench
07:15:40        8 root      20   0   44792  39596   6692 R 100.0   0.2   2:24.61 MicroBench
07:15:41        8 root      20   0   44792  39596   6692 R 100.0   0.2   2:24.78 MicroBench
07:15:41        8 root      20   0   44792  39596   6692 R  93.8   0.2   2:24.95 MicroBench
07:15:41        8 root      20   0   44792  39596   6692 R 100.0   0.2   2:25.12 MicroBench
07:15:41        8 root      20   0   44792  39596   6692 R 100.0   0.2   2:25.29 MicroBench
07:15:41        8 root      20   0   44792  39596   6692 R 100.0   0.2   2:25.45 MicroBench
07:15:41        8 root      20   0   44792  39596   6692 R 100.0   0.2   2:25.62 MicroBench
07:15:42        8 root      20   0   44792  39596   6692 R 100.0   0.2   2:25.79 MicroBench
07:15:42        8 root      20   0   44792  39596   6692 R 100.0   0.2   2:25.96 MicroBench
07:15:42        8 root      20   0   44792  39596   6692 R 100.0   0.2   2:26.13 MicroBench
07:15:42        8 root      20   0   44792  39596   6692 R 100.0   0.2   2:26.30 MicroBench
07:15:42        8 root      20   0   44792  39596   6692 R 100.0   0.2   2:26.47 MicroBench
07:15:42        8 root      20   0   44792  39596   6692 R 100.0   0.2   2:26.64 MicroBench
07:15:43        8 root      20   0   44792  39596   6692 R 100.0   0.2   2:26.81 MicroBench
07:15:43        8 root      20   0   44792  39596   6692 R  93.8   0.2   2:26.97 MicroBench
07:15:43        8 root      20   0   44792  39596   6692 R 100.0   0.2   2:27.14 MicroBench
07:15:43        8 root      20   0   44792  39596   6692 R 100.0   0.2   2:27.31 MicroBench
07:15:43        8 root      20   0   44792  39596   6692 R 100.0   0.2   2:27.48 MicroBench
07:15:43        8 root      20   0   44792  39596   6692 R 100.0   0.2   2:27.64 MicroBench
07:15:44        8 root      20   0   44792  39596   6692 R 100.0   0.2   2:27.81 MicroBench
07:15:44        8 root      20   0   44792  39596   6692 R 100.0   0.2   2:27.98 MicroBench
07:15:44        8 root      20   0   44792  39596   6692 R 100.0   0.2   2:28.15 MicroBench
07:15:44        8 root      20   0   44792  39596   6692 R 100.0   0.2   2:28.32 MicroBench
07:15:44        8 root      20   0   44792  39596   6692 R 100.0   0.2   2:28.48 MicroBench
07:15:44        8 root      20   0   44792  39596   6692 R 100.0   0.2   2:28.65 MicroBench
07:15:45        8 root      20   0   44792  39596   6692 R 100.0   0.2   2:28.82 MicroBench
07:15:45        8 root      20   0   44792  39596   6692 R 100.0   0.2   2:28.99 MicroBench
07:15:45        8 root      20   0   44792  39596   6692 R 100.0   0.2   2:29.16 MicroBench
07:15:45        8 root      20   0   44792  39596   6692 R 100.0   0.2   2:29.33 MicroBench
07:15:45        8 root      20   0   44792  39596   6692 R  93.8   0.2   2:29.51 MicroBench
07:15:45        8 root      20   0   44792  39596   6692 R 100.0   0.2   2:29.68 MicroBench
07:15:46        8 root      20   0   44792  39596   6692 R 100.0   0.2   2:29.84 MicroBench
07:15:46        8 root      20   0   44792  39596   6692 R 100.0   0.2   2:30.01 MicroBench
07:15:46        8 root      20   0   44792  39596   6692 R 100.0   0.2   2:30.19 MicroBench
07:15:46        8 root      20   0   44792  39596   6692 R 100.0   0.2   2:30.36 MicroBench
07:15:46        8 root      20   0   44792  39596   6692 R 100.0   0.2   2:30.53 MicroBench
07:15:47        8 root      20   0   44792  39596   6692 R  87.5   0.2   2:30.69 MicroBench
07:15:47        8 root      20   0   44792  39596   6692 R 100.0   0.2   2:30.86 MicroBench
07:15:47        8 root      20   0   44792  39596   6692 R 100.0   0.2   2:31.04 MicroBench
07:15:47        8 root      20   0   44792  39596   6692 R 100.0   0.2   2:31.21 MicroBench
07:15:47        8 root      20   0   44792  39596   6692 R 100.0   0.2   2:31.38 MicroBench
07:15:47        8 root      20   0   44792  39596   6692 R 100.0   0.2   2:31.55 MicroBench
07:15:48        8 root      20   0   44792  39596   6692 R  93.8   0.2   2:31.71 MicroBench
07:15:48        8 root      20   0   44792  39596   6692 R 100.0   0.2   2:31.88 MicroBench
07:15:48        8 root      20   0   44792  39596   6692 R 100.0   0.2   2:32.05 MicroBench
07:15:48        8 root      20   0   44792  39596   6692 R 100.0   0.2   2:32.22 MicroBench
07:15:48        8 root      20   0   44792  39596   6692 R  93.3   0.2   2:32.38 MicroBench
07:15:48        8 root      20   0   44792  39596   6692 R 100.0   0.2   2:32.56 MicroBench
07:15:49        8 root      20   0   44792  39596   6692 R  75.0   0.2   2:32.69 MicroBench
07:15:49        8 root      20   0   44792  39596   6692 R 100.0   0.2   2:32.87 MicroBench
07:15:49        8 root      20   0   44792  39596   6692 R 100.0   0.2   2:33.05 MicroBench
07:15:49        8 root      20   0   44792  39596   6692 R 100.0   0.2   2:33.22 MicroBench
07:15:49        8 root      20   0   44792  39596   6692 R 100.0   0.2   2:33.40 MicroBench
07:15:49        8 root      20   0   44792  39596   6692 R 100.0   0.2   2:33.58 MicroBench
07:15:50        8 root      20   0   44792  39596   6692 R 100.0   0.2   2:33.74 MicroBench
07:15:50        8 root      20   0   44792  39596   6692 R 100.0   0.2   2:33.96 MicroBench
07:15:50        8 root      20   0   44792  39596   6692 R 100.0   0.2   2:34.13 MicroBench
07:15:50        8 root      20   0   44792  39596   6692 R 100.0   0.2   2:34.30 MicroBench
07:15:50        8 root      20   0   44792  39596   6692 R 100.0   0.2   2:34.48 MicroBench
07:15:51        8 root      20   0   44792  39596   6692 R 100.0   0.2   2:34.66 MicroBench
07:15:51        8 root      20   0   44792  39596   6692 R 100.0   0.2   2:34.84 MicroBench
07:15:51        8 root      20   0   44792  39596   6692 R 100.0   0.2   2:35.01 MicroBench
07:15:51        8 root      20   0   44792  39596   6692 R 100.0   0.2   2:35.18 MicroBench
07:15:51        8 root      20   0   44792  39596   6692 R 100.0   0.2   2:35.35 MicroBench
07:15:51        8 root      20   0   44792  39596   6692 R 100.0   0.2   2:35.53 MicroBench
07:15:52        8 root      20   0   44792  39596   6692 R 100.0   0.2   2:35.69 MicroBench
07:15:52        8 root      20   0   44792  39596   6692 R  93.8   0.2   2:35.88 MicroBench
07:15:52        8 root      20   0   44792  39596   6692 R  93.3   0.2   2:36.04 MicroBench
07:15:52        8 root      20   0   44792  39596   6692 R 100.0   0.2   2:36.22 MicroBench
07:15:52        8 root      20   0   44792  39596   6692 R 100.0   0.2   2:36.39 MicroBench
07:15:52        8 root      20   0   44792  39596   6692 R 100.0   0.2   2:36.56 MicroBench
07:15:53        8 root      20   0   44792  39596   6692 R 100.0   0.2   2:36.74 MicroBench
07:15:53        8 root      20   0   44792  39596   6692 R 100.0   0.2   2:36.91 MicroBench
07:15:53        8 root      20   0   44792  39596   6692 R  93.8   0.2   2:37.08 MicroBench
07:15:53        8 root      20   0   44792  39596   6692 R  93.8   0.2   2:37.25 MicroBench
07:15:53        8 root      20   0   44792  39596   6692 R 100.0   0.2   2:37.42 MicroBench
07:15:53        8 root      20   0   44792  39596   6692 R 100.0   0.2   2:37.59 MicroBench
07:15:54        8 root      20   0   44792  39596   6692 R 100.0   0.2   2:37.77 MicroBench
07:15:54        8 root      20   0   44792  39596   6692 R 100.0   0.2   2:37.94 MicroBench
07:15:54        8 root      20   0   44792  39596   6692 R 100.0   0.2   2:38.11 MicroBench
07:15:54        8 root      20   0   44792  39596   6692 R 100.0   0.2   2:38.28 MicroBench
07:15:54        8 root      20   0   44792  39596   6692 R 100.0   0.2   2:38.45 MicroBench
07:15:54        8 root      20   0   44792  39596   6692 R 100.0   0.2   2:38.64 MicroBench
07:15:55        8 root      20   0   44792  39596   6692 R 100.0   0.2   2:38.81 MicroBench
07:15:55        8 root      20   0   44792  39596   6692 R 100.0   0.2   2:38.98 MicroBench
07:15:55        8 root      20   0   44792  39596   6692 R  93.8   0.2   2:39.15 MicroBench
07:15:55        8 root      20   0   44792  39596   6692 R  93.8   0.2   2:39.32 MicroBench
07:15:55        8 root      20   0   44792  39596   6692 R  93.8   0.2   2:39.49 MicroBench
07:15:56        8 root      20   0   44792  39596   6692 R  93.8   0.2   2:39.66 MicroBench
07:15:56        8 root      20   0   44792  39596   6692 R 100.0   0.2   2:39.83 MicroBench
07:15:56        8 root      20   0   44792  39596   6692 R 100.0   0.2   2:40.01 MicroBench
07:15:56        8 root      20   0   44792  39596   6692 R 100.0   0.2   2:40.19 MicroBench
07:15:56        8 root      20   0   44792  39596   6692 R  93.8   0.2   2:40.36 MicroBench
07:15:56        8 root      20   0   44792  39596   6692 R 100.0   0.2   2:40.53 MicroBench
07:15:57        8 root      20   0   44792  39596   6692 R 100.0   0.2   2:40.70 MicroBench
07:15:57        8 root      20   0   44792  39596   6692 R 100.0   0.2   2:40.87 MicroBench
07:15:57        8 root      20   0   44792  39596   6692 R 100.0   0.2   2:41.06 MicroBench
07:15:57        8 root      20   0   44792  39596   6692 R 100.0   0.2   2:41.23 MicroBench
07:15:57        8 root      20   0   44792  39596   6692 R 100.0   0.2   2:41.40 MicroBench
07:15:57        8 root      20   0   44792  39596   6692 R 100.0   0.2   2:41.58 MicroBench
07:15:58        8 root      20   0   44792  39596   6692 R 100.0   0.2   2:41.75 MicroBench
07:15:58        8 root      20   0   44792  39596   6692 R 100.0   0.2   2:41.92 MicroBench
07:15:58        8 root      20   0   44792  39596   6692 R  93.8   0.2   2:42.09 MicroBench
07:15:58        8 root      20   0   44792  39596   6692 R 100.0   0.2   2:42.27 MicroBench
07:15:58        8 root      20   0   44792  39596   6692 R 100.0   0.2   2:42.43 MicroBench
07:15:58        8 root      20   0   44792  39596   6692 R 100.0   0.2   2:42.60 MicroBench
07:15:59        8 root      20   0   44792  39596   6692 R  93.8   0.2   2:42.77 MicroBench
07:15:59        8 root      20   0   44792  39596   6692 R 100.0   0.2   2:42.96 MicroBench
07:15:59        8 root      20   0   44792  39596   6692 R 100.0   0.2   2:43.14 MicroBench
07:15:59        8 root      20   0   44792  39596   6692 R 100.0   0.2   2:43.31 MicroBench
07:15:59        8 root      20   0   44792  39596   6692 R 100.0   0.2   2:43.49 MicroBench
07:16:00        8 root      20   0   44792  39596   6692 R  93.3   0.2   2:43.66 MicroBench
07:16:00        8 root      20   0   44792  39596   6692 R  93.8   0.2   2:43.85 MicroBench
07:16:00        8 root      20   0   44792  39596   6692 R 100.0   0.2   2:44.02 MicroBench
07:16:00        8 root      20   0   44792  39596   6692 R 100.0   0.2   2:44.19 MicroBench
07:16:00        8 root      20   0   44792  39596   6692 R 100.0   0.2   2:44.35 MicroBench
07:16:00        8 root      20   0   44792  39596   6692 R 100.0   0.2   2:44.53 MicroBench
07:16:01        8 root      20   0   44792  39596   6692 R 100.0   0.2   2:44.70 MicroBench
07:16:01        8 root      20   0   44792  39596   6692 R 100.0   0.2   2:44.87 MicroBench
07:16:01        8 root      20   0   44792  39596   6692 R 100.0   0.2   2:45.04 MicroBench
07:16:01        8 root      20   0   44792  39596   6692 R 100.0   0.2   2:45.21 MicroBench
07:16:01        8 root      20   0   44792  39596   6692 R  93.3   0.2   2:45.38 MicroBench
07:16:01        8 root      20   0   44792  39596   6692 R 100.0   0.2   2:45.57 MicroBench
07:16:02        8 root      20   0   44792  39596   6692 R 100.0   0.2   2:45.74 MicroBench
07:16:02        8 root      20   0   44792  39596   6692 R 100.0   0.2   2:45.91 MicroBench
07:16:02        8 root      20   0   44792  39596   6692 R 100.0   0.2   2:46.08 MicroBench
07:16:02        8 root      20   0   44792  39596   6692 R 100.0   0.2   2:46.24 MicroBench
07:16:02        8 root      20   0   44792  39596   6692 R  93.8   0.2   2:46.41 MicroBench
07:16:02        8 root      20   0   44792  39596   6692 R 100.0   0.2   2:46.59 MicroBench
07:16:03        8 root      20   0   44792  39596   6692 R 100.0   0.2   2:46.76 MicroBench
07:16:03        8 root      20   0   44792  39596   6692 R 100.0   0.2   2:46.93 MicroBench
07:16:03        8 root      20   0   44792  39596   6692 R 100.0   0.2   2:47.10 MicroBench
07:16:03        8 root      20   0   44792  39596   6692 R 100.0   0.2   2:47.27 MicroBench
07:16:03        8 root      20   0   44792  39596   6692 R 100.0   0.2   2:47.44 MicroBench
07:16:03        8 root      20   0   44792  39596   6692 R 100.0   0.2   2:47.61 MicroBench
07:16:04        8 root      20   0   44792  39596   6692 R  93.8   0.2   2:47.78 MicroBench
07:16:04        8 root      20   0   44792  39596   6692 R 100.0   0.2   2:47.96 MicroBench
07:16:04        8 root      20   0   44792  39596   6692 R 100.0   0.2   2:48.12 MicroBench
07:16:04        8 root      20   0   44792  39596   6692 R 100.0   0.2   2:48.29 MicroBench
07:16:04        8 root      20   0   44792  39596   6692 R 100.0   0.2   2:48.47 MicroBench
07:16:05        8 root      20   0   44792  39596   6692 R  93.3   0.2   2:48.63 MicroBench
07:16:05        8 root      20   0   44792  39596   6692 R 100.0   0.2   2:48.81 MicroBench
07:16:05        8 root      20   0   44792  39596   6692 R 100.0   0.2   2:48.97 MicroBench
07:16:05        8 root      20   0   44792  39596   6692 R 100.0   0.2   2:49.14 MicroBench
07:16:05        8 root      20   0   44792  39596   6692 R 100.0   0.2   2:49.31 MicroBench
07:16:05        8 root      20   0   44792  39596   6692 R 100.0   0.2   2:49.48 MicroBench
07:16:06        8 root      20   0   44792  39596   6692 R  93.8   0.2   2:49.66 MicroBench
07:16:06        8 root      20   0   44792  39596   6692 R 100.0   0.2   2:49.82 MicroBench
07:16:06        8 root      20   0   44792  39596   6692 R 100.0   0.2   2:49.99 MicroBench
07:16:06        8 root      20   0   44792  39596   6692 R 100.0   0.2   2:50.16 MicroBench
07:16:06        8 root      20   0   44792  39596   6692 R 100.0   0.2   2:50.34 MicroBench
07:16:06        8 root      20   0   44792  39596   6692 R  93.3   0.2   2:50.50 MicroBench
07:16:07        8 root      20   0   44792  39596   6692 R 100.0   0.2   2:50.67 MicroBench
07:16:07        8 root      20   0   44792  39596   6692 R 100.0   0.2   2:50.84 MicroBench
07:16:07        8 root      20   0   44792  39596   6692 R 100.0   0.2   2:51.02 MicroBench
07:16:07        8 root      20   0   44792  39596   6692 R 100.0   0.2   2:51.19 MicroBench
07:16:07        8 root      20   0   44792  39596   6692 R 100.0   0.2   2:51.36 MicroBench
07:16:07        8 root      20   0   44792  39596   6692 R  93.3   0.2   2:51.52 MicroBench
07:16:08        8 root      20   0   44792  39596   6692 R 100.0   0.2   2:51.70 MicroBench
07:16:08        8 root      20   0   44792  39596   6692 R 100.0   0.2   2:51.86 MicroBench
07:16:08        8 root      20   0   44792  39596   6692 R 100.0   0.2   2:52.03 MicroBench
07:16:08        8 root      20   0   44792  39596   6692 R 100.0   0.2   2:52.21 MicroBench
07:16:08        8 root      20   0   44792  39596   6692 R 100.0   0.2   2:52.37 MicroBench
07:16:08        8 root      20   0   44924  39860   6692 R 100.0   0.2   2:52.54 MicroBench
07:16:09        8 root      20   0   45188  39860   6692 R 100.0   0.2   2:52.71 MicroBench
07:16:09        8 root      20   0   46112  40916   6692 R 100.0   0.3   2:52.90 MicroBench
Avg reg. time: 318441125
Avg opt. time: 310943937
Median reg. time: 318441125
Median opt. time: 310943937
07:16:09        8 root      20   0       0      0      0 R 100.0   0.0   2:53.08 MicroBench
07:16:09  MicroBench not found.
MicroBench process has exited. Monitoring script will terminate.
