Args:
  Field size              : 2748779069441
  l                       : 32
  t                       : 10
  Number of parties        : 4096
  Number of repeats        : 1
  Monitor sleep time (ms) : 1

Started ./MicroBench with PID: 8
07:10:08        8 root      20   0   15744  10600   6620 R  93.8   0.1   0:00.15 MicroBench
07:10:08        8 root      20   0   16008  10600   6620 R 100.0   0.1   0:00.31 MicroBench
07:10:08        8 root      20   0   15856  10728   6620 R 100.0   0.1   0:00.47 MicroBench
07:10:08        8 root      20   0   16120  10728   6620 R 100.0   0.1   0:00.64 MicroBench
07:10:08        8 root      20   0   15924  10796   6620 R 100.0   0.1   0:00.80 MicroBench
07:10:08        8 root      20   0   15928  10668   6620 R 100.0   0.1   0:00.96 MicroBench
07:10:09        8 root      20   0   16060  10668   6620 R 100.0   0.1   0:01.12 MicroBench
07:10:09        8 root      20   0   16060  10668   6620 R 100.0   0.1   0:01.28 MicroBench
07:10:09        8 root      20   0   16060  10668   6620 R 100.0   0.1   0:01.45 MicroBench
07:10:09        8 root      20   0   16060  10668   6620 R 100.0   0.1   0:01.62 MicroBench
07:10:09        8 root      20   0   15796  10668   6620 R 100.0   0.1   0:01.78 MicroBench
07:10:09        8 root      20   0   15928  10668   6620 R 100.0   0.1   0:01.94 MicroBench
07:10:10        8 root      20   0   16060  10668   6620 R 100.0   0.1   0:02.10 MicroBench
07:10:10        8 root      20   0   16056  10796   6620 R  93.3   0.1   0:02.26 MicroBench
07:10:10        8 root      20   0   16188  10796   6620 R  93.8   0.1   0:02.43 MicroBench
07:10:10        8 root      20   0   15860  10732   6620 R 100.0   0.1   0:02.59 MicroBench
07:10:10        8 root      20   0   15992  10732   6620 R 100.0   0.1   0:02.75 MicroBench
07:10:10        8 root      20   0   15988  10860   6620 R 100.0   0.1   0:02.92 MicroBench
07:10:11        8 root      20   0   16120  10860   6620 R 100.0   0.1   0:03.08 MicroBench
07:10:11        8 root      20   0   16120  10860   6620 R 100.0   0.1   0:03.24 MicroBench
07:10:11        8 root      20   0   16024  10896   6620 R 100.0   0.1   0:03.41 MicroBench
07:10:11        8 root      20   0   15860  10732   6620 R  93.3   0.1   0:03.56 MicroBench
07:10:11        8 root      20   0   15796  10668   6620 R 100.0   0.1   0:03.73 MicroBench
07:10:11        8 root      20   0   16060  10668   6620 R 100.0   0.1   0:03.89 MicroBench
07:10:12        8 root      20   0   16060  10668   6620 R 100.0   0.1   0:04.05 MicroBench
07:10:12        8 root      20   0   16192  10928   6620 R 100.0   0.1   0:04.22 MicroBench
07:10:12        8 root      20   0   16184  10988   6620 R 100.0   0.1   0:04.38 MicroBench
07:10:12        8 root      20   0   16184  10988   6620 R 100.0   0.1   0:04.54 MicroBench
07:10:12        8 root      20   0   16184  10988   6620 R 100.0   0.1   0:04.71 MicroBench
07:10:12        8 root      20   0   16184  10988   6620 R  93.8   0.1   0:04.87 MicroBench
07:10:13        8 root      20   0   15924  10796   6620 R 100.0   0.1   0:05.03 MicroBench
07:10:13        8 root      20   0   16188  10796   6620 R  93.3   0.1   0:05.19 MicroBench
07:10:13        8 root      20   0   16188  10796   6620 R 100.0   0.1   0:05.36 MicroBench
07:10:13        8 root      20   0   16188  10796   6620 R  93.8   0.1   0:05.52 MicroBench
07:10:13        8 root      20   0   15988  10860   6620 R 100.0   0.1   0:05.68 MicroBench
07:10:13        8 root      20   0   16252  10860   6620 R  93.3   0.1   0:05.84 MicroBench
07:10:13        8 root      20   0   16252  10860   6620 R 100.0   0.1   0:06.01 MicroBench
07:10:14        8 root      20   0   15988  10860   6620 R 100.0   0.1   0:06.18 MicroBench
07:10:14        8 root      20   0   15988  10860   6620 R  93.8   0.1   0:06.34 MicroBench
07:10:14        8 root      20   0   15924  10796   6620 R  93.8   0.1   0:06.50 MicroBench
07:10:14        8 root      20   0   16056  10796   6620 R 100.0   0.1   0:06.66 MicroBench
07:10:14        8 root      20   0   16188  10796   6620 R 100.0   0.1   0:06.82 MicroBench
07:10:14        8 root      20   0   16188  10796   6620 R 100.0   0.1   0:06.99 MicroBench
07:10:15        8 root      20   0   15976  10848   6620 R 100.0   0.1   0:07.15 MicroBench
07:10:15        8 root      20   0   16240  10848   6620 R 100.0   0.1   0:07.31 MicroBench
07:10:15        8 root      20   0   16240  10848   6620 R 100.0   0.1   0:07.48 MicroBench
07:10:15        8 root      20   0   16372  11108   6620 R 100.0   0.1   0:07.64 MicroBench
07:10:15        8 root      20   0   15976  10848   6620 R  93.8   0.1   0:07.80 MicroBench
07:10:15        8 root      20   0   16108  10848   6620 R 100.0   0.1   0:07.97 MicroBench
07:10:16        8 root      20   0   16240  10848   6620 R 100.0   0.1   0:08.13 MicroBench
07:10:16        8 root      20   0   16372  11108   6620 R 100.0   0.1   0:08.29 MicroBench
07:10:16        8 root      20   0   16108  10848   6620 R 100.0   0.1   0:08.46 MicroBench
07:10:16        8 root      20   0   16372  11108   6620 R 100.0   0.1   0:08.62 MicroBench
07:10:16        8 root      20   0   16372  11108   6620 R 100.0   0.1   0:08.78 MicroBench
07:10:16        8 root      20   0   16372  11108   6620 R 100.0   0.1   0:08.94 MicroBench
07:10:17        8 root      20   0   16056  10928   6620 R 100.0   0.1   0:09.11 MicroBench
07:10:17        8 root      20   0   15984  10856   6620 R  93.3   0.1   0:09.27 MicroBench
07:10:17        8 root      20   0   26616  21412   6684 R 100.0   0.1   0:09.43 MicroBench
07:10:17        8 root      20   0   26616  21412   6684 R 100.0   0.1   0:09.59 MicroBench
07:10:17        8 root      20   0   26616  21412   6684 R 100.0   0.1   0:09.76 MicroBench
07:10:17        8 root      20   0   26616  21412   6684 R 100.0   0.1   0:09.92 MicroBench
07:10:18        8 root      20   0   26616  21412   6684 R 100.0   0.1   0:10.08 MicroBench
07:10:18        8 root      20   0   26616  21412   6684 R  93.3   0.1   0:10.24 MicroBench
07:10:18        8 root      20   0   26616  21412   6684 R 100.0   0.1   0:10.41 MicroBench
07:10:18        8 root      20   0   26616  21412   6684 R 100.0   0.1   0:10.57 MicroBench
07:10:18        8 root      20   0   26616  21412   6684 R 100.0   0.1   0:10.74 MicroBench
07:10:18        8 root      20   0   26616  21412   6684 R 100.0   0.1   0:10.90 MicroBench
07:10:19        8 root      20   0   26616  21412   6684 R 100.0   0.1   0:11.07 MicroBench
07:10:19        8 root      20   0   26616  21412   6684 R 100.0   0.1   0:11.24 MicroBench
07:10:19        8 root      20   0   26616  21412   6684 R 100.0   0.1   0:11.40 MicroBench
07:10:19        8 root      20   0   26616  21412   6684 R 100.0   0.1   0:11.56 MicroBench
07:10:19        8 root      20   0   26616  21412   6684 R 100.0   0.1   0:11.73 MicroBench
07:10:19        8 root      20   0   26616  21412   6684 R 100.0   0.1   0:11.89 MicroBench
07:10:20        8 root      20   0   26616  21412   6684 R  93.8   0.1   0:12.05 MicroBench
07:10:20        8 root      20   0   26616  21412   6684 R  93.3   0.1   0:12.21 MicroBench
07:10:20        8 root      20   0   26616  21412   6684 R 100.0   0.1   0:12.38 MicroBench
07:10:20        8 root      20   0   26616  21412   6684 R 100.0   0.1   0:12.54 MicroBench
07:10:20        8 root      20   0   26616  21412   6684 R 100.0   0.1   0:12.71 MicroBench
07:10:20        8 root      20   0   26616  21412   6684 R 100.0   0.1   0:12.87 MicroBench
07:10:21        8 root      20   0   26616  21412   6684 R 100.0   0.1   0:13.03 MicroBench
07:10:21        8 root      20   0   26616  21412   6684 R 100.0   0.1   0:13.19 MicroBench
07:10:21        8 root      20   0   26616  21412   6684 R 100.0   0.1   0:13.36 MicroBench
07:10:21        8 root      20   0   26616  21412   6684 R 100.0   0.1   0:13.52 MicroBench
07:10:21        8 root      20   0   26616  21412   6684 R 100.0   0.1   0:13.68 MicroBench
07:10:21        8 root      20   0   26616  21412   6684 R 100.0   0.1   0:13.85 MicroBench
07:10:22        8 root      20   0   26616  21412   6684 R 100.0   0.1   0:14.01 MicroBench
07:10:22        8 root      20   0   26616  21412   6684 R 100.0   0.1   0:14.18 MicroBench
07:10:22        8 root      20   0   26616  21412   6684 R 100.0   0.1   0:14.34 MicroBench
07:10:22        8 root      20   0   26616  21412   6684 R 100.0   0.1   0:14.50 MicroBench
07:10:22        8 root      20   0   26616  21412   6684 R 100.0   0.1   0:14.66 MicroBench
07:10:22        8 root      20   0   26616  21412   6684 R 100.0   0.1   0:14.82 MicroBench
07:10:22        8 root      20   0   26616  21412   6684 R 100.0   0.1   0:14.98 MicroBench
07:10:23        8 root      20   0   26616  21412   6684 R  93.3   0.1   0:15.14 MicroBench
07:10:23        8 root      20   0   26616  21412   6684 R 100.0   0.1   0:15.31 MicroBench
07:10:23        8 root      20   0   26616  21412   6684 R 100.0   0.1   0:15.47 MicroBench
07:10:23        8 root      20   0   26616  21412   6684 R 100.0   0.1   0:15.64 MicroBench
07:10:23        8 root      20   0   26616  21412   6684 R 100.0   0.1   0:15.80 MicroBench
07:10:23        8 root      20   0   26616  21412   6684 R  93.8   0.1   0:15.97 MicroBench
07:10:24        8 root      20   0   26616  21412   6684 R 100.0   0.1   0:16.13 MicroBench
07:10:24        8 root      20   0   26616  21412   6684 R 100.0   0.1   0:16.29 MicroBench
07:10:24        8 root      20   0   26616  21412   6684 R 100.0   0.1   0:16.45 MicroBench
07:10:24        8 root      20   0   26616  21412   6684 R 100.0   0.1   0:16.62 MicroBench
07:10:24        8 root      20   0   26616  21412   6684 R 100.0   0.1   0:16.78 MicroBench
07:10:24        8 root      20   0   26616  21412   6684 R 100.0   0.1   0:16.94 MicroBench
07:10:25        8 root      20   0   26616  21412   6684 R 100.0   0.1   0:17.11 MicroBench
07:10:25        8 root      20   0   26616  21412   6684 R 100.0   0.1   0:17.27 MicroBench
07:10:25        8 root      20   0   26616  21412   6684 R 100.0   0.1   0:17.43 MicroBench
07:10:25        8 root      20   0   26616  21412   6684 R 100.0   0.1   0:17.59 MicroBench
07:10:25        8 root      20   0   26616  21412   6684 R 100.0   0.1   0:17.75 MicroBench
07:10:25        8 root      20   0   26616  21412   6684 R 100.0   0.1   0:17.92 MicroBench
07:10:26        8 root      20   0   26616  21412   6684 R 100.0   0.1   0:18.09 MicroBench
07:10:26        8 root      20   0   26616  21412   6684 R 100.0   0.1   0:18.26 MicroBench
07:10:26        8 root      20   0   26616  21412   6684 R 100.0   0.1   0:18.42 MicroBench
07:10:26        8 root      20   0   26616  21412   6684 R 100.0   0.1   0:18.58 MicroBench
07:10:26        8 root      20   0   26616  21412   6684 R 100.0   0.1   0:18.74 MicroBench
07:10:26        8 root      20   0   26616  21412   6684 R  93.8   0.1   0:18.90 MicroBench
07:10:27        8 root      20   0   26616  21412   6684 R 100.0   0.1   0:19.07 MicroBench
07:10:27        8 root      20   0   26616  21412   6684 R 100.0   0.1   0:19.24 MicroBench
07:10:27        8 root      20   0   26616  21412   6684 R 100.0   0.1   0:19.40 MicroBench
07:10:27        8 root      20   0   26616  21412   6684 R  93.3   0.1   0:19.56 MicroBench
07:10:27        8 root      20   0   26616  21412   6684 R 100.0   0.1   0:19.73 MicroBench
07:10:27        8 root      20   0   26616  21412   6684 R 100.0   0.1   0:19.89 MicroBench
07:10:28        8 root      20   0   26616  21412   6684 R 100.0   0.1   0:20.05 MicroBench
07:10:28        8 root      20   0   26616  21412   6684 R 100.0   0.1   0:20.21 MicroBench
07:10:28        8 root      20   0   26616  21412   6684 R 100.0   0.1   0:20.37 MicroBench
07:10:28        8 root      20   0   26616  21412   6684 R 100.0   0.1   0:20.54 MicroBench
07:10:28        8 root      20   0   26616  21412   6684 R 100.0   0.1   0:20.71 MicroBench
07:10:28        8 root      20   0   26616  21412   6684 R 100.0   0.1   0:20.87 MicroBench
07:10:29        8 root      20   0   26616  21412   6684 R 100.0   0.1   0:21.03 MicroBench
07:10:29        8 root      20   0   26616  21412   6684 R 100.0   0.1   0:21.20 MicroBench
07:10:29        8 root      20   0   26616  21412   6684 R  93.8   0.1   0:21.36 MicroBench
07:10:29        8 root      20   0   26616  21412   6684 R 100.0   0.1   0:21.52 MicroBench
07:10:29        8 root      20   0   26616  21412   6684 R  93.3   0.1   0:21.68 MicroBench
07:10:29        8 root      20   0   26616  21412   6684 R 100.0   0.1   0:21.85 MicroBench
07:10:30        8 root      20   0   26616  21412   6684 R 100.0   0.1   0:22.01 MicroBench
07:10:30        8 root      20   0   26616  21412   6684 R 100.0   0.1   0:22.18 MicroBench
07:10:30        8 root      20   0   26616  21412   6684 R  93.3   0.1   0:22.34 MicroBench
07:10:30        8 root      20   0   26616  21412   6684 R  93.8   0.1   0:22.51 MicroBench
07:10:30        8 root      20   0   26616  21412   6684 R 100.0   0.1   0:22.67 MicroBench
07:10:30        8 root      20   0   26616  21412   6684 R 100.0   0.1   0:22.83 MicroBench
07:10:31        8 root      20   0   26616  21412   6684 R 100.0   0.1   0:22.99 MicroBench
07:10:31        8 root      20   0   26616  21412   6684 R 100.0   0.1   0:23.15 MicroBench
07:10:31        8 root      20   0   26616  21412   6684 R 100.0   0.1   0:23.32 MicroBench
07:10:31        8 root      20   0   26616  21412   6684 R 100.0   0.1   0:23.48 MicroBench
07:10:31        8 root      20   0   26616  21412   6684 R 100.0   0.1   0:23.64 MicroBench
07:10:31        8 root      20   0   26616  21412   6684 R 100.0   0.1   0:23.81 MicroBench
07:10:31        8 root      20   0   26616  21412   6684 R 100.0   0.1   0:23.97 MicroBench
07:10:32        8 root      20   0   26616  21412   6684 R 100.0   0.1   0:24.13 MicroBench
07:10:32        8 root      20   0   26616  21412   6684 R  93.3   0.1   0:24.29 MicroBench
07:10:32        8 root      20   0   26616  21412   6684 R 100.0   0.1   0:24.46 MicroBench
07:10:32        8 root      20   0   26616  21412   6684 R 100.0   0.1   0:24.62 MicroBench
07:10:32        8 root      20   0   26616  21412   6684 R  93.3   0.1   0:24.78 MicroBench
07:10:32        8 root      20   0   26616  21412   6684 R 100.0   0.1   0:24.95 MicroBench
07:10:33        8 root      20   0   26616  21412   6684 R 100.0   0.1   0:25.12 MicroBench
07:10:33        8 root      20   0   26616  21412   6684 R 100.0   0.1   0:25.28 MicroBench
07:10:33        8 root      20   0   26616  21412   6684 R  93.3   0.1   0:25.44 MicroBench
07:10:33        8 root      20   0   26616  21412   6684 R 100.0   0.1   0:25.61 MicroBench
07:10:33        8 root      20   0   26616  21412   6684 R 100.0   0.1   0:25.77 MicroBench
07:10:33        8 root      20   0   26616  21412   6684 R 100.0   0.1   0:25.94 MicroBench
07:10:34        8 root      20   0   26616  21412   6684 R 100.0   0.1   0:26.10 MicroBench
07:10:34        8 root      20   0   26616  21412   6684 R 100.0   0.1   0:26.26 MicroBench
07:10:34        8 root      20   0   26616  21412   6684 R 100.0   0.1   0:26.42 MicroBench
07:10:34        8 root      20   0   26616  21412   6684 R 100.0   0.1   0:26.58 MicroBench
07:10:34        8 root      20   0   26616  21412   6684 R 100.0   0.1   0:26.75 MicroBench
07:10:34        8 root      20   0   26616  21412   6684 R 100.0   0.1   0:26.91 MicroBench
07:10:35        8 root      20   0   26616  21412   6684 R 100.0   0.1   0:27.08 MicroBench
07:10:35        8 root      20   0   26616  21412   6684 R 100.0   0.1   0:27.24 MicroBench
07:10:35        8 root      20   0   26616  21412   6684 R 100.0   0.1   0:27.40 MicroBench
07:10:35        8 root      20   0   26616  21412   6684 R 100.0   0.1   0:27.57 MicroBench
07:10:35        8 root      20   0   26616  21412   6684 R  93.8   0.1   0:27.73 MicroBench
07:10:35        8 root      20   0   26616  21412   6684 R 100.0   0.1   0:27.89 MicroBench
07:10:36        8 root      20   0   26616  21412   6684 R  93.3   0.1   0:28.05 MicroBench
07:10:36        8 root      20   0   26616  21412   6684 R 100.0   0.1   0:28.22 MicroBench
07:10:36        8 root      20   0   26616  21412   6684 R 100.0   0.1   0:28.39 MicroBench
07:10:36        8 root      20   0   26616  21412   6684 R 100.0   0.1   0:28.55 MicroBench
07:10:36        8 root      20   0   26616  21412   6684 R 100.0   0.1   0:28.71 MicroBench
07:10:36        8 root      20   0   26616  21412   6684 R 100.0   0.1   0:28.87 MicroBench
07:10:37        8 root      20   0   26616  21412   6684 R 100.0   0.1   0:29.04 MicroBench
07:10:37        8 root      20   0   26616  21412   6684 R 100.0   0.1   0:29.20 MicroBench
07:10:37        8 root      20   0   26616  21412   6684 R 100.0   0.1   0:29.36 MicroBench
07:10:37        8 root      20   0   26616  21412   6684 R 100.0   0.1   0:29.53 MicroBench
07:10:37        8 root      20   0   26616  21412   6684 R 100.0   0.1   0:29.70 MicroBench
07:10:37        8 root      20   0   26616  21412   6684 R 100.0   0.1   0:29.86 MicroBench
07:10:38        8 root      20   0   26616  21412   6684 R  93.8   0.1   0:30.03 MicroBench
07:10:38        8 root      20   0   26616  21412   6684 R 100.0   0.1   0:30.19 MicroBench
07:10:38        8 root      20   0   26616  21412   6684 R 100.0   0.1   0:30.35 MicroBench
07:10:38        8 root      20   0   26616  21412   6684 R 100.0   0.1   0:30.51 MicroBench
07:10:38        8 root      20   0   26616  21412   6684 R 100.0   0.1   0:30.67 MicroBench
07:10:38        8 root      20   0   26616  21412   6684 R 100.0   0.1   0:30.83 MicroBench
07:10:39        8 root      20   0   26616  21412   6684 R  93.3   0.1   0:30.99 MicroBench
07:10:39        8 root      20   0   26616  21412   6684 R 100.0   0.1   0:31.16 MicroBench
07:10:39        8 root      20   0   26616  21412   6684 R 100.0   0.1   0:31.32 MicroBench
07:10:39        8 root      20   0   26616  21412   6684 R  80.0   0.1   0:31.46 MicroBench
07:10:39        8 root      20   0   26616  21412   6684 R 100.0   0.1   0:31.62 MicroBench
07:10:39        8 root      20   0   26616  21412   6684 R 100.0   0.1   0:31.79 MicroBench
07:10:40        8 root      20   0   26616  21412   6684 R 100.0   0.1   0:31.95 MicroBench
07:10:40        8 root      20   0   26616  21412   6684 R 100.0   0.1   0:32.12 MicroBench
07:10:40        8 root      20   0   26616  21412   6684 R 100.0   0.1   0:32.28 MicroBench
07:10:40        8 root      20   0   26616  21412   6684 R 100.0   0.1   0:32.45 MicroBench
07:10:40        8 root      20   0   38628  33292   6684 R 100.0   0.2   0:32.61 MicroBench
07:10:40        8 root      20   0   38628  33292   6684 R 100.0   0.2   0:32.78 MicroBench
07:10:41        8 root      20   0   38628  33292   6684 R  93.3   0.2   0:32.94 MicroBench
07:10:41        8 root      20   0   38628  33292   6684 R 100.0   0.2   0:33.11 MicroBench
07:10:41        8 root      20   0   38628  33292   6684 R 100.0   0.2   0:33.28 MicroBench
07:10:41        8 root      20   0   38628  33292   6684 R 100.0   0.2   0:33.44 MicroBench
07:10:41        8 root      20   0   38628  33292   6684 R 100.0   0.2   0:33.61 MicroBench
07:10:41        8 root      20   0   38628  33292   6684 R 100.0   0.2   0:33.77 MicroBench
07:10:42        8 root      20   0   38628  33292   6684 R 100.0   0.2   0:33.94 MicroBench
07:10:42        8 root      20   0   38628  33292   6684 R 100.0   0.2   0:34.10 MicroBench
07:10:42        8 root      20   0   38628  33292   6684 R 100.0   0.2   0:34.26 MicroBench
07:10:42        8 root      20   0   38628  33292   6684 R 100.0   0.2   0:34.42 MicroBench
07:10:42        8 root      20   0   38628  33292   6684 R  93.8   0.2   0:34.58 MicroBench
07:10:42        8 root      20   0   38628  33292   6684 R 100.0   0.2   0:34.75 MicroBench
07:10:42        8 root      20   0   38628  33292   6684 R 100.0   0.2   0:34.91 MicroBench
07:10:43        8 root      20   0   38628  33292   6684 R 100.0   0.2   0:35.08 MicroBench
07:10:43        8 root      20   0   38628  33292   6684 R 100.0   0.2   0:35.24 MicroBench
07:10:43        8 root      20   0   38628  33292   6684 R 100.0   0.2   0:35.40 MicroBench
07:10:43        8 root      20   0   38628  33292   6684 R 100.0   0.2   0:35.56 MicroBench
07:10:43        8 root      20   0   38628  33292   6684 R 100.0   0.2   0:35.73 MicroBench
07:10:43        8 root      20   0   38628  33292   6684 R 100.0   0.2   0:35.89 MicroBench
07:10:44        8 root      20   0   38628  33292   6684 R 100.0   0.2   0:36.05 MicroBench
07:10:44        8 root      20   0   38628  33292   6684 R  93.8   0.2   0:36.22 MicroBench
07:10:44        8 root      20   0   38628  33292   6684 R 100.0   0.2   0:36.38 MicroBench
07:10:44        8 root      20   0   38628  33292   6684 R 100.0   0.2   0:36.54 MicroBench
07:10:44        8 root      20   0   38628  33292   6684 R  93.8   0.2   0:36.71 MicroBench
07:10:44        8 root      20   0   38628  33292   6684 R 100.0   0.2   0:36.87 MicroBench
07:10:45        8 root      20   0   38628  33292   6684 R 100.0   0.2   0:37.03 MicroBench
07:10:45        8 root      20   0   38628  33292   6684 R 100.0   0.2   0:37.19 MicroBench
07:10:45        8 root      20   0   38628  33292   6684 R 100.0   0.2   0:37.36 MicroBench
07:10:45        8 root      20   0   38628  33292   6684 R 100.0   0.2   0:37.52 MicroBench
07:10:45        8 root      20   0   38628  33292   6684 R 100.0   0.2   0:37.68 MicroBench
07:10:45        8 root      20   0   38628  33292   6684 R 100.0   0.2   0:37.84 MicroBench
07:10:46        8 root      20   0   38628  33292   6684 R 100.0   0.2   0:38.01 MicroBench
07:10:46        8 root      20   0   38628  33292   6684 R 100.0   0.2   0:38.17 MicroBench
07:10:46        8 root      20   0   38628  33292   6684 R 100.0   0.2   0:38.33 MicroBench
07:10:46        8 root      20   0   38628  33292   6684 R 100.0   0.2   0:38.50 MicroBench
07:10:46        8 root      20   0   38628  33292   6684 R 100.0   0.2   0:38.67 MicroBench
07:10:46        8 root      20   0   38628  33292   6684 R 100.0   0.2   0:38.83 MicroBench
07:10:47        8 root      20   0   38628  33292   6684 R 100.0   0.2   0:39.00 MicroBench
07:10:47        8 root      20   0   38628  33292   6684 R 100.0   0.2   0:39.16 MicroBench
07:10:47        8 root      20   0   38628  33292   6684 R 100.0   0.2   0:39.33 MicroBench
07:10:47        8 root      20   0   38628  33292   6684 R 100.0   0.2   0:39.49 MicroBench
07:10:47        8 root      20   0   38628  33292   6684 R 100.0   0.2   0:39.65 MicroBench
07:10:47        8 root      20   0   38628  33292   6684 R 100.0   0.2   0:39.82 MicroBench
07:10:48        8 root      20   0   38628  33292   6684 R 100.0   0.2   0:39.98 MicroBench
07:10:48        8 root      20   0   38628  33292   6684 R 100.0   0.2   0:40.14 MicroBench
07:10:48        8 root      20   0   38628  33292   6684 R  93.3   0.2   0:40.30 MicroBench
07:10:48        8 root      20   0   38628  33292   6684 R  93.3   0.2   0:40.46 MicroBench
07:10:48        8 root      20   0   38628  33292   6684 R 100.0   0.2   0:40.63 MicroBench
07:10:48        8 root      20   0   38628  33292   6684 R 100.0   0.2   0:40.79 MicroBench
07:10:49        8 root      20   0   38628  33292   6684 R 100.0   0.2   0:40.96 MicroBench
07:10:49        8 root      20   0   38628  33292   6684 R 100.0   0.2   0:41.12 MicroBench
07:10:49        8 root      20   0   38628  33292   6684 R 100.0   0.2   0:41.29 MicroBench
07:10:49        8 root      20   0   38628  33292   6684 R 100.0   0.2   0:41.45 MicroBench
07:10:49        8 root      20   0   38628  33292   6684 R 100.0   0.2   0:41.61 MicroBench
07:10:49        8 root      20   0   38628  33292   6684 R  93.3   0.2   0:41.77 MicroBench
07:10:50        8 root      20   0   38628  33292   6684 R 100.0   0.2   0:41.94 MicroBench
07:10:50        8 root      20   0   38628  33292   6684 R 100.0   0.2   0:42.11 MicroBench
07:10:50        8 root      20   0   38628  33292   6684 R 100.0   0.2   0:42.27 MicroBench
07:10:50        8 root      20   0   38628  33292   6684 R 100.0   0.2   0:42.46 MicroBench
07:10:50        8 root      20   0   38628  33292   6684 R 100.0   0.2   0:42.62 MicroBench
07:10:50        8 root      20   0   38628  33292   6684 R  93.3   0.2   0:42.78 MicroBench
07:10:51        8 root      20   0   38628  33292   6684 R 100.0   0.2   0:42.95 MicroBench
07:10:51        8 root      20   0   38628  33292   6684 R 100.0   0.2   0:43.11 MicroBench
07:10:51        8 root      20   0   38628  33292   6684 R 100.0   0.2   0:43.27 MicroBench
07:10:51        8 root      20   0   38628  33292   6684 R 100.0   0.2   0:43.44 MicroBench
07:10:51        8 root      20   0   38628  33292   6684 R 100.0   0.2   0:43.60 MicroBench
07:10:51        8 root      20   0   38628  33292   6684 R 100.0   0.2   0:43.76 MicroBench
07:10:52        8 root      20   0   38628  33292   6684 R 100.0   0.2   0:43.93 MicroBench
07:10:52        8 root      20   0   38628  33292   6684 R 100.0   0.2   0:44.09 MicroBench
07:10:52        8 root      20   0   38628  33292   6684 R  93.8   0.2   0:44.25 MicroBench
07:10:52        8 root      20   0   38628  33292   6684 R 100.0   0.2   0:44.42 MicroBench
07:10:52        8 root      20   0   38628  33292   6684 R 100.0   0.2   0:44.59 MicroBench
07:10:52        8 root      20   0   38628  33292   6684 R 100.0   0.2   0:44.75 MicroBench
07:10:52        8 root      20   0   38628  33292   6684 R 100.0   0.2   0:44.91 MicroBench
07:10:53        8 root      20   0   38628  33292   6684 R 100.0   0.2   0:45.07 MicroBench
07:10:53        8 root      20   0   38628  33292   6684 R 100.0   0.2   0:45.24 MicroBench
07:10:53        8 root      20   0   38628  33292   6684 R  93.3   0.2   0:45.40 MicroBench
07:10:53        8 root      20   0   38628  33292   6684 R 100.0   0.2   0:45.57 MicroBench
07:10:53        8 root      20   0   38628  33292   6684 R 100.0   0.2   0:45.73 MicroBench
07:10:53        8 root      20   0   38628  33292   6684 R 100.0   0.2   0:45.89 MicroBench
07:10:54        8 root      20   0   38628  33292   6684 R 100.0   0.2   0:46.05 MicroBench
07:10:54        8 root      20   0   38628  33292   6684 R 100.0   0.2   0:46.22 MicroBench
07:10:54        8 root      20   0   38628  33292   6684 R 100.0   0.2   0:46.38 MicroBench
07:10:54        8 root      20   0   38628  33292   6684 R  93.3   0.2   0:46.54 MicroBench
07:10:54        8 root      20   0   38628  33292   6684 R 100.0   0.2   0:46.71 MicroBench
07:10:54        8 root      20   0   38628  33292   6684 R 100.0   0.2   0:46.87 MicroBench
07:10:55        8 root      20   0   38628  33292   6684 R 100.0   0.2   0:47.03 MicroBench
07:10:55        8 root      20   0   38628  33292   6684 R 100.0   0.2   0:47.21 MicroBench
07:10:55        8 root      20   0   38628  33292   6684 R  93.8   0.2   0:47.37 MicroBench
07:10:55        8 root      20   0   38628  33292   6684 R 100.0   0.2   0:47.53 MicroBench
07:10:55        8 root      20   0   38628  33292   6684 R 100.0   0.2   0:47.69 MicroBench
07:10:55        8 root      20   0   38628  33292   6684 R  93.3   0.2   0:47.85 MicroBench
07:10:56        8 root      20   0   38628  33292   6684 R 100.0   0.2   0:48.01 MicroBench
07:10:56        8 root      20   0   38628  33292   6684 R 100.0   0.2   0:48.18 MicroBench
07:10:56        8 root      20   0   38628  33292   6684 R 100.0   0.2   0:48.34 MicroBench
07:10:56        8 root      20   0   38628  33292   6684 R 100.0   0.2   0:48.50 MicroBench
07:10:56        8 root      20   0   38628  33292   6684 R 100.0   0.2   0:48.66 MicroBench
07:10:56        8 root      20   0   38628  33292   6684 R 100.0   0.2   0:48.83 MicroBench
07:10:57        8 root      20   0   38628  33292   6684 R  93.3   0.2   0:48.99 MicroBench
07:10:57        8 root      20   0   38628  33292   6684 R 100.0   0.2   0:49.16 MicroBench
07:10:57        8 root      20   0   38628  33292   6684 R  93.8   0.2   0:49.32 MicroBench
07:10:57        8 root      20   0   38628  33292   6684 R 100.0   0.2   0:49.49 MicroBench
07:10:57        8 root      20   0   38628  33292   6684 R 100.0   0.2   0:49.65 MicroBench
07:10:57        8 root      20   0   38628  33292   6684 R 100.0   0.2   0:49.81 MicroBench
07:10:58        8 root      20   0   38628  33292   6684 R 100.0   0.2   0:49.98 MicroBench
07:10:58        8 root      20   0   38628  33292   6684 R 100.0   0.2   0:50.15 MicroBench
07:10:58        8 root      20   0   38628  33292   6684 R 100.0   0.2   0:50.31 MicroBench
07:10:58        8 root      20   0   38628  33292   6684 R 100.0   0.2   0:50.47 MicroBench
07:10:58        8 root      20   0   38628  33292   6684 R 100.0   0.2   0:50.64 MicroBench
07:10:58        8 root      20   0   38628  33292   6684 R 100.0   0.2   0:50.80 MicroBench
07:10:59        8 root      20   0   38628  33292   6684 R  93.3   0.2   0:50.96 MicroBench
07:10:59        8 root      20   0   38628  33292   6684 R 100.0   0.2   0:51.13 MicroBench
07:10:59        8 root      20   0   38628  33292   6684 R 100.0   0.2   0:51.30 MicroBench
07:10:59        8 root      20   0   38628  33292   6684 R 100.0   0.2   0:51.46 MicroBench
07:10:59        8 root      20   0   38628  33292   6684 R 100.0   0.2   0:51.63 MicroBench
07:10:59        8 root      20   0   38628  33292   6684 R 100.0   0.2   0:51.79 MicroBench
07:11:00        8 root      20   0   38628  33292   6684 R 100.0   0.2   0:51.96 MicroBench
07:11:00        8 root      20   0   38628  33292   6684 R  93.3   0.2   0:52.12 MicroBench
07:11:00        8 root      20   0   38628  33292   6684 R 100.0   0.2   0:52.29 MicroBench
07:11:00        8 root      20   0   38628  33292   6684 R 100.0   0.2   0:52.45 MicroBench
07:11:00        8 root      20   0   38628  33292   6684 R 100.0   0.2   0:52.61 MicroBench
07:11:00        8 root      20   0   38628  33292   6684 R 100.0   0.2   0:52.78 MicroBench
07:11:01        8 root      20   0   38628  33292   6684 R 100.0   0.2   0:52.95 MicroBench
07:11:01        8 root      20   0   38628  33292   6684 R 100.0   0.2   0:53.11 MicroBench
07:11:01        8 root      20   0   38628  33292   6684 R 100.0   0.2   0:53.27 MicroBench
07:11:01        8 root      20   0   38628  33292   6684 R 100.0   0.2   0:53.44 MicroBench
07:11:01        8 root      20   0   38628  33292   6684 R 100.0   0.2   0:53.60 MicroBench
07:11:01        8 root      20   0   38628  33292   6684 R 100.0   0.2   0:53.76 MicroBench
07:11:02        8 root      20   0   38628  33292   6684 R 100.0   0.2   0:53.93 MicroBench
07:11:02        8 root      20   0   38628  33292   6684 R 100.0   0.2   0:54.10 MicroBench
07:11:02        8 root      20   0   38628  33292   6684 R 100.0   0.2   0:54.27 MicroBench
07:11:02        8 root      20   0   38628  33292   6684 R 100.0   0.2   0:54.43 MicroBench
07:11:02        8 root      20   0   38628  33292   6684 R 100.0   0.2   0:54.60 MicroBench
07:11:02        8 root      20   0   38628  33292   6684 R 100.0   0.2   0:54.76 MicroBench
07:11:03        8 root      20   0   38628  33292   6684 R 100.0   0.2   0:54.92 MicroBench
07:11:03        8 root      20   0   38628  33292   6684 R 100.0   0.2   0:55.09 MicroBench
07:11:03        8 root      20   0   38628  33292   6684 R 100.0   0.2   0:55.25 MicroBench
07:11:03        8 root      20   0   38628  33292   6684 R 100.0   0.2   0:55.41 MicroBench
07:11:03        8 root      20   0   38628  33292   6684 R  93.8   0.2   0:55.57 MicroBench
07:11:03        8 root      20   0   38900  33556   6684 R  93.3   0.2   0:55.73 MicroBench
07:11:04        8 root      20   0   40384  35140   6684 R 100.0   0.2   0:55.90 MicroBench
Avg reg. time: 131484292
Avg opt. time: 158371562
Median reg. time: 131484292
Median opt. time: 158371562
07:11:04  MicroBench not found.
MicroBench process has exited. Monitoring script will terminate.
