Args:
  Field size              : 2748779069441
  l                       : 32
  t                       : 40
  Number of parties        : 2048
  Number of repeats        : 1
  Monitor sleep time (ms) : 1

Started ./MicroBench with PID: 8
06:58:33        8 root      20   0   14700   9300   6568 R 100.0   0.1   0:00.15 MicroBench
06:58:34        8 root      20   0   14832   9300   6568 R 100.0   0.1   0:00.32 MicroBench
06:58:34        8 root      20   0   14832   9300   6568 R  93.8   0.1   0:00.48 MicroBench
06:58:34        8 root      20   0   14832   9564   6568 R 100.0   0.1   0:00.64 MicroBench
06:58:34        8 root      20   0   14832   9564   6568 R 100.0   0.1   0:00.81 MicroBench
06:58:34        8 root      20   0   14832   9564   6568 R 100.0   0.1   0:00.97 MicroBench
06:58:34        8 root      20   0   14832   9564   6568 R 100.0   0.1   0:01.13 MicroBench
06:58:35        8 root      20   0   14832   9564   6568 R 100.0   0.1   0:01.29 MicroBench
06:58:35        8 root      20   0   14828   9612   6568 R  93.3   0.1   0:01.45 MicroBench
06:58:35        8 root      20   0   14828   9612   6568 R 100.0   0.1   0:01.62 MicroBench
06:58:35        8 root      20   0   14828   9612   6568 R 100.0   0.1   0:01.78 MicroBench
06:58:35        8 root      20   0   14828   9612   6568 R 100.0   0.1   0:01.95 MicroBench
06:58:35        8 root      20   0   14828   9612   6568 R 100.0   0.1   0:02.11 MicroBench
06:58:36        8 root      20   0   14828   9612   6568 R 100.0   0.1   0:02.28 MicroBench
06:58:36        8 root      20   0   14828   9612   6568 R 100.0   0.1   0:02.44 MicroBench
06:58:36        8 root      20   0   14828   9612   6568 R 100.0   0.1   0:02.60 MicroBench
06:58:36        8 root      20   0   14920   9676   6568 R 100.0   0.1   0:02.76 MicroBench
06:58:36        8 root      20   0   14920   9676   6568 R 100.0   0.1   0:02.92 MicroBench
06:58:36        8 root      20   0   14920   9676   6568 R  93.8   0.1   0:03.08 MicroBench
06:58:37        8 root      20   0   14920   9676   6568 R 100.0   0.1   0:03.25 MicroBench
06:58:37        8 root      20   0   14920   9676   6568 R 100.0   0.1   0:03.41 MicroBench
06:58:37        8 root      20   0   14872   9676   6568 R  93.3   0.1   0:03.57 MicroBench
06:58:37        8 root      20   0   14872   9676   6568 R 100.0   0.1   0:03.74 MicroBench
06:58:37        8 root      20   0   14872   9676   6568 R 100.0   0.1   0:03.90 MicroBench
06:58:37        8 root      20   0   14872   9676   6568 R 100.0   0.1   0:04.07 MicroBench
06:58:38        8 root      20   0   14872   9676   6568 R 100.0   0.1   0:04.23 MicroBench
06:58:38        8 root      20   0   14872   9676   6568 R 100.0   0.1   0:04.40 MicroBench
06:58:38        8 root      20   0   14756   9576   6568 R 100.0   0.1   0:04.56 MicroBench
06:58:38        8 root      20   0   14912   9576   6568 R  93.3   0.1   0:04.72 MicroBench
06:58:38        8 root      20   0   14756   9576   6568 R 100.0   0.1   0:04.89 MicroBench
06:58:38        8 root      20   0   14912   9576   6568 R 100.0   0.1   0:05.05 MicroBench
06:58:39        8 root      20   0   14816   9636   6568 R 100.0   0.1   0:05.22 MicroBench
06:58:39        8 root      20   0   14880   9668   6568 R 100.0   0.1   0:05.38 MicroBench
06:58:39        8 root      20   0   14772   9592   6568 R 100.0   0.1   0:05.54 MicroBench
06:58:39        8 root      20   0   22164  16772   6632 R  93.3   0.1   0:05.69 MicroBench
06:58:39        8 root      20   0   22164  16772   6632 R 100.0   0.1   0:05.86 MicroBench
06:58:39        8 root      20   0   22164  16772   6632 R 100.0   0.1   0:06.02 MicroBench
06:58:40        8 root      20   0   22164  16772   6632 R  93.8   0.1   0:06.18 MicroBench
06:58:40        8 root      20   0   22164  16772   6632 R 100.0   0.1   0:06.34 MicroBench
06:58:40        8 root      20   0   22164  16772   6632 R 100.0   0.1   0:06.51 MicroBench
06:58:40        8 root      20   0   22164  16772   6632 R 100.0   0.1   0:06.67 MicroBench
06:58:40        8 root      20   0   22164  16772   6632 R  93.3   0.1   0:06.82 MicroBench
06:58:40        8 root      20   0   22164  16772   6632 R  93.8   0.1   0:06.99 MicroBench
06:58:40        8 root      20   0   22164  16772   6632 R 100.0   0.1   0:07.15 MicroBench
06:58:41        8 root      20   0   22164  16772   6632 R 100.0   0.1   0:07.31 MicroBench
06:58:41        8 root      20   0   22164  16772   6632 R 100.0   0.1   0:07.47 MicroBench
06:58:41        8 root      20   0   22164  16772   6632 R 100.0   0.1   0:07.64 MicroBench
06:58:41        8 root      20   0   22164  16772   6632 R 100.0   0.1   0:07.80 MicroBench
06:58:41        8 root      20   0   22164  16772   6632 R  93.3   0.1   0:07.96 MicroBench
06:58:41        8 root      20   0   22164  16772   6632 R 100.0   0.1   0:08.13 MicroBench
06:58:42        8 root      20   0   22164  16772   6632 R 100.0   0.1   0:08.30 MicroBench
06:58:42        8 root      20   0   22164  16772   6632 R 100.0   0.1   0:08.46 MicroBench
06:58:42        8 root      20   0   22164  16772   6632 R 100.0   0.1   0:08.63 MicroBench
06:58:42        8 root      20   0   22164  16772   6632 R 100.0   0.1   0:08.80 MicroBench
06:58:42        8 root      20   0   22164  16772   6632 R  93.8   0.1   0:08.97 MicroBench
06:58:42        8 root      20   0   22164  16772   6632 R 100.0   0.1   0:09.14 MicroBench
06:58:43        8 root      20   0   22164  16772   6632 R 100.0   0.1   0:09.30 MicroBench
06:58:43        8 root      20   0   22164  16772   6632 R 100.0   0.1   0:09.47 MicroBench
06:58:43        8 root      20   0   22164  16772   6632 R 100.0   0.1   0:09.64 MicroBench
06:58:43        8 root      20   0   22164  16772   6632 R  86.7   0.1   0:09.78 MicroBench
06:58:43        8 root      20   0   22164  16772   6632 R  93.3   0.1   0:09.93 MicroBench
06:58:43        8 root      20   0   22164  16772   6632 R  93.8   0.1   0:10.10 MicroBench
06:58:44        8 root      20   0   22164  16772   6632 R 100.0   0.1   0:10.26 MicroBench
06:58:44        8 root      20   0   22164  16772   6632 R 100.0   0.1   0:10.43 MicroBench
06:58:44        8 root      20   0   22164  16772   6632 R 100.0   0.1   0:10.59 MicroBench
06:58:44        8 root      20   0   22164  16772   6632 R 100.0   0.1   0:10.75 MicroBench
06:58:44        8 root      20   0   22164  16772   6632 R 100.0   0.1   0:10.92 MicroBench
06:58:44        8 root      20   0   22164  16772   6632 R  93.8   0.1   0:11.08 MicroBench
06:58:45        8 root      20   0   22164  16772   6632 R  93.8   0.1   0:11.25 MicroBench
06:58:45        8 root      20   0   22164  16772   6632 R 100.0   0.1   0:11.41 MicroBench
06:58:45        8 root      20   0   22164  16772   6632 R 100.0   0.1   0:11.57 MicroBench
06:58:45        8 root      20   0   22164  16772   6632 R 100.0   0.1   0:11.74 MicroBench
06:58:45        8 root      20   0   22164  16772   6632 R 100.0   0.1   0:11.90 MicroBench
06:58:45        8 root      20   0   22164  16772   6632 R  93.3   0.1   0:12.06 MicroBench
06:58:46        8 root      20   0   22164  16772   6632 R 100.0   0.1   0:12.23 MicroBench
06:58:46        8 root      20   0   22164  16772   6632 R 100.0   0.1   0:12.39 MicroBench
06:58:46        8 root      20   0   22164  16772   6632 R 100.0   0.1   0:12.56 MicroBench
06:58:46        8 root      20   0   22164  16772   6632 R 100.0   0.1   0:12.72 MicroBench
06:58:46        8 root      20   0   22164  16772   6632 R  93.3   0.1   0:12.88 MicroBench
06:58:46        8 root      20   0   22164  16772   6632 R 100.0   0.1   0:13.05 MicroBench
06:58:47        8 root      20   0   22164  16772   6632 R 100.0   0.1   0:13.21 MicroBench
06:58:47        8 root      20   0   22164  16772   6632 R 100.0   0.1   0:13.37 MicroBench
06:58:47        8 root      20   0   22164  16772   6632 R  93.3   0.1   0:13.53 MicroBench
06:58:47        8 root      20   0   22164  16772   6632 R 100.0   0.1   0:13.70 MicroBench
06:58:47        8 root      20   0   22164  16772   6632 R  93.8   0.1   0:13.86 MicroBench
06:58:47        8 root      20   0   22164  16772   6632 R 100.0   0.1   0:14.02 MicroBench
06:58:48        8 root      20   0   22164  16772   6632 R 100.0   0.1   0:14.19 MicroBench
06:58:48        8 root      20   0   22164  16772   6632 R 100.0   0.1   0:14.35 MicroBench
06:58:48        8 root      20   0   22164  16772   6632 R 100.0   0.1   0:14.51 MicroBench
06:58:48        8 root      20   0   22164  16772   6632 R 100.0   0.1   0:14.68 MicroBench
06:58:48        8 root      20   0   22164  16772   6632 R 100.0   0.1   0:14.84 MicroBench
06:58:48        8 root      20   0   22164  16772   6632 R 100.0   0.1   0:15.00 MicroBench
06:58:49        8 root      20   0   22164  16772   6632 R 100.0   0.1   0:15.17 MicroBench
06:58:49        8 root      20   0   22164  16772   6632 R 100.0   0.1   0:15.33 MicroBench
06:58:49        8 root      20   0   22164  16772   6632 R 100.0   0.1   0:15.50 MicroBench
06:58:49        8 root      20   0   22164  16772   6632 R  93.3   0.1   0:15.66 MicroBench
06:58:49        8 root      20   0   22164  16772   6632 R  93.3   0.1   0:15.82 MicroBench
06:58:49        8 root      20   0   22164  16772   6632 R 100.0   0.1   0:15.99 MicroBench
06:58:50        8 root      20   0   22164  16772   6632 R 100.0   0.1   0:16.15 MicroBench
06:58:50        8 root      20   0   22164  16772   6632 R  93.8   0.1   0:16.31 MicroBench
06:58:50        8 root      20   0   22164  16772   6632 R 100.0   0.1   0:16.48 MicroBench
06:58:50        8 root      20   0   22164  16772   6632 R 100.0   0.1   0:16.65 MicroBench
06:58:50        8 root      20   0   22164  16772   6632 R 100.0   0.1   0:16.81 MicroBench
06:58:50        8 root      20   0   22164  16772   6632 R 100.0   0.1   0:16.97 MicroBench
06:58:50        8 root      20   0   22164  16772   6632 R 100.0   0.1   0:17.13 MicroBench
06:58:51        8 root      20   0   22164  16772   6632 R  87.5   0.1   0:17.29 MicroBench
06:58:51        8 root      20   0   22164  16772   6632 R 100.0   0.1   0:17.46 MicroBench
06:58:51        8 root      20   0   22164  16772   6632 R 100.0   0.1   0:17.62 MicroBench
06:58:51        8 root      20   0   22164  16772   6632 R 100.0   0.1   0:17.78 MicroBench
06:58:51        8 root      20   0   22164  16772   6632 R  93.3   0.1   0:17.94 MicroBench
06:58:51        8 root      20   0   22164  16772   6632 R 100.0   0.1   0:18.11 MicroBench
06:58:52        8 root      20   0   22164  16772   6632 R  93.8   0.1   0:18.27 MicroBench
06:58:52        8 root      20   0   22164  16772   6632 R 100.0   0.1   0:18.43 MicroBench
06:58:52        8 root      20   0   22164  16772   6632 R 100.0   0.1   0:18.60 MicroBench
06:58:52        8 root      20   0   22164  16772   6632 R  93.3   0.1   0:18.76 MicroBench
06:58:52        8 root      20   0   22164  16772   6632 R 100.0   0.1   0:18.93 MicroBench
06:58:52        8 root      20   0   22164  16772   6632 R 100.0   0.1   0:19.09 MicroBench
06:58:53        8 root      20   0   22164  16772   6632 R 100.0   0.1   0:19.25 MicroBench
06:58:53        8 root      20   0   22164  16772   6632 R 100.0   0.1   0:19.41 MicroBench
06:58:53        8 root      20   0   22164  16772   6632 R 100.0   0.1   0:19.57 MicroBench
06:58:53        8 root      20   0   22164  16772   6632 R 100.0   0.1   0:19.74 MicroBench
06:58:53        8 root      20   0   22164  16772   6632 R  93.8   0.1   0:19.90 MicroBench
06:58:53        8 root      20   0   22164  16772   6632 R 100.0   0.1   0:20.06 MicroBench
06:58:54        8 root      20   0   22164  16772   6632 R 100.0   0.1   0:20.23 MicroBench
06:58:54        8 root      20   0   22164  16772   6632 R 100.0   0.1   0:20.39 MicroBench
06:58:54        8 root      20   0   22164  16772   6632 R 100.0   0.1   0:20.55 MicroBench
06:58:54        8 root      20   0   22164  16772   6632 R  93.3   0.1   0:20.70 MicroBench
06:58:54        8 root      20   0   22164  16772   6632 R 100.0   0.1   0:20.86 MicroBench
06:58:54        8 root      20   0   22164  16772   6632 R 100.0   0.1   0:21.02 MicroBench
06:58:55        8 root      20   0   22164  16772   6632 R 100.0   0.1   0:21.19 MicroBench
06:58:55        8 root      20   0   22164  16772   6632 R 100.0   0.1   0:21.35 MicroBench
06:58:55        8 root      20   0   22164  16772   6632 R 100.0   0.1   0:21.51 MicroBench
06:58:55        8 root      20   0   22164  16772   6632 R 100.0   0.1   0:21.68 MicroBench
06:58:55        8 root      20   0   22164  16772   6632 R 100.0   0.1   0:21.84 MicroBench
06:58:55        8 root      20   0   22164  16772   6632 R  93.8   0.1   0:22.00 MicroBench
06:58:56        8 root      20   0   22164  16772   6632 R 100.0   0.1   0:22.16 MicroBench
06:58:56        8 root      20   0   22164  16772   6632 R  93.3   0.1   0:22.32 MicroBench
06:58:56        8 root      20   0   22164  16772   6632 R 100.0   0.1   0:22.49 MicroBench
06:58:56        8 root      20   0   22164  16772   6632 R 100.0   0.1   0:22.65 MicroBench
06:58:56        8 root      20   0   22164  16772   6632 R 100.0   0.1   0:22.81 MicroBench
06:58:56        8 root      20   0   22164  16772   6632 R 100.0   0.1   0:22.98 MicroBench
06:58:57        8 root      20   0   22164  16772   6632 R 100.0   0.1   0:23.15 MicroBench
06:58:57        8 root      20   0   22164  16772   6632 R 100.0   0.1   0:23.31 MicroBench
06:58:57        8 root      20   0   22164  16772   6632 R 100.0   0.1   0:23.47 MicroBench
06:58:57        8 root      20   0   22164  16772   6632 R 100.0   0.1   0:23.63 MicroBench
06:58:57        8 root      20   0   22164  16772   6632 R 100.0   0.1   0:23.79 MicroBench
06:58:57        8 root      20   0   22164  16772   6632 R 100.0   0.1   0:23.97 MicroBench
06:58:58        8 root      20   0   22164  16772   6632 R 100.0   0.1   0:24.13 MicroBench
06:58:58        8 root      20   0   22164  16772   6632 R 100.0   0.1   0:24.29 MicroBench
06:58:58        8 root      20   0   22164  16772   6632 R 100.0   0.1   0:24.46 MicroBench
06:58:58        8 root      20   0   22164  16772   6632 R 100.0   0.1   0:24.62 MicroBench
06:58:58        8 root      20   0   22164  16772   6632 R  93.8   0.1   0:24.79 MicroBench
06:58:58        8 root      20   0   22164  16772   6632 R 100.0   0.1   0:24.95 MicroBench
06:58:58        8 root      20   0   22164  16772   6632 R 100.0   0.1   0:25.11 MicroBench
06:58:59        8 root      20   0   22164  16772   6632 R 100.0   0.1   0:25.28 MicroBench
06:58:59        8 root      20   0   22164  16772   6632 R 100.0   0.1   0:25.44 MicroBench
06:58:59        8 root      20   0   22164  16772   6632 R 100.0   0.1   0:25.61 MicroBench
06:58:59        8 root      20   0   22164  16772   6632 R 100.0   0.1   0:25.78 MicroBench
06:58:59        8 root      20   0   22164  16772   6632 R  87.5   0.1   0:25.93 MicroBench
06:58:59        8 root      20   0   22164  16772   6632 R 100.0   0.1   0:26.10 MicroBench
06:59:00        8 root      20   0   22164  16772   6632 R 100.0   0.1   0:26.27 MicroBench
06:59:00        8 root      20   0   22164  16772   6632 R 100.0   0.1   0:26.43 MicroBench
06:59:00        8 root      20   0   22164  16772   6632 R  93.3   0.1   0:26.59 MicroBench
06:59:00        8 root      20   0   22164  16772   6632 R 100.0   0.1   0:26.76 MicroBench
06:59:00        8 root      20   0   22164  16772   6632 R 100.0   0.1   0:26.92 MicroBench
06:59:00        8 root      20   0   22164  16772   6632 R 100.0   0.1   0:27.08 MicroBench
06:59:01        8 root      20   0   22164  16772   6632 R 100.0   0.1   0:27.26 MicroBench
06:59:01        8 root      20   0   22164  16772   6632 R 100.0   0.1   0:27.42 MicroBench
06:59:01        8 root      20   0   22164  16772   6632 R 100.0   0.1   0:27.58 MicroBench
06:59:01        8 root      20   0   22164  16772   6632 R  93.3   0.1   0:27.74 MicroBench
06:59:01        8 root      20   0   22164  16772   6632 R  93.3   0.1   0:27.90 MicroBench
06:59:01        8 root      20   0   22164  16772   6632 R 100.0   0.1   0:28.07 MicroBench
06:59:02        8 root      20   0   30348  24956   6632 R 100.0   0.2   0:28.24 MicroBench
06:59:02        8 root      20   0   30348  24956   6632 R 100.0   0.2   0:28.41 MicroBench
06:59:02        8 root      20   0   30348  24956   6632 R 100.0   0.2   0:28.57 MicroBench
06:59:02        8 root      20   0   30348  24956   6632 R 100.0   0.2   0:28.74 MicroBench
06:59:02        8 root      20   0   30348  24956   6632 R 100.0   0.2   0:28.90 MicroBench
06:59:02        8 root      20   0   30348  24956   6632 R 100.0   0.2   0:29.07 MicroBench
06:59:03        8 root      20   0   30348  24956   6632 R 100.0   0.2   0:29.23 MicroBench
06:59:03        8 root      20   0   30348  24956   6632 R 100.0   0.2   0:29.40 MicroBench
06:59:03        8 root      20   0   30348  24956   6632 R 100.0   0.2   0:29.57 MicroBench
06:59:03        8 root      20   0   30348  24956   6632 R 100.0   0.2   0:29.73 MicroBench
06:59:03        8 root      20   0   30348  24956   6632 R 100.0   0.2   0:29.89 MicroBench
06:59:03        8 root      20   0   30348  24956   6632 R 100.0   0.2   0:30.05 MicroBench
06:59:04        8 root      20   0   30348  24956   6632 R 100.0   0.2   0:30.21 MicroBench
06:59:04        8 root      20   0   30348  24956   6632 R 100.0   0.2   0:30.38 MicroBench
06:59:04        8 root      20   0   30348  24956   6632 R 100.0   0.2   0:30.54 MicroBench
06:59:04        8 root      20   0   30348  24956   6632 R 100.0   0.2   0:30.71 MicroBench
06:59:04        8 root      20   0   30348  24956   6632 R 100.0   0.2   0:30.87 MicroBench
06:59:04        8 root      20   0   30348  24956   6632 R 100.0   0.2   0:31.03 MicroBench
06:59:05        8 root      20   0   30348  24956   6632 R 100.0   0.2   0:31.19 MicroBench
06:59:05        8 root      20   0   30348  24956   6632 R 100.0   0.2   0:31.35 MicroBench
06:59:05        8 root      20   0   30348  24956   6632 R  93.3   0.2   0:31.51 MicroBench
06:59:05        8 root      20   0   30348  24956   6632 R 100.0   0.2   0:31.68 MicroBench
06:59:05        8 root      20   0   30348  24956   6632 R 100.0   0.2   0:31.84 MicroBench
06:59:05        8 root      20   0   30348  24956   6632 R 100.0   0.2   0:32.00 MicroBench
06:59:06        8 root      20   0   30348  24956   6632 R 100.0   0.2   0:32.16 MicroBench
06:59:06        8 root      20   0   30348  24956   6632 R 100.0   0.2   0:32.32 MicroBench
06:59:06        8 root      20   0   30348  24956   6632 R 100.0   0.2   0:32.48 MicroBench
06:59:06        8 root      20   0   30348  24956   6632 R 100.0   0.2   0:32.65 MicroBench
06:59:06        8 root      20   0   30348  24956   6632 R 100.0   0.2   0:32.81 MicroBench
06:59:06        8 root      20   0   30348  24956   6632 R 100.0   0.2   0:32.97 MicroBench
06:59:07        8 root      20   0   30348  24956   6632 R 100.0   0.2   0:33.13 MicroBench
06:59:07        8 root      20   0   30348  24956   6632 R 100.0   0.2   0:33.29 MicroBench
06:59:07        8 root      20   0   30348  24956   6632 R 100.0   0.2   0:33.45 MicroBench
06:59:07        8 root      20   0   30348  24956   6632 R 100.0   0.2   0:33.61 MicroBench
06:59:07        8 root      20   0   30348  24956   6632 R 100.0   0.2   0:33.78 MicroBench
06:59:07        8 root      20   0   30348  24956   6632 R 100.0   0.2   0:33.94 MicroBench
06:59:07        8 root      20   0   30348  24956   6632 R 100.0   0.2   0:34.11 MicroBench
06:59:08        8 root      20   0   30348  24956   6632 R 100.0   0.2   0:34.27 MicroBench
06:59:08        8 root      20   0   30348  24956   6632 R 100.0   0.2   0:34.43 MicroBench
06:59:08        8 root      20   0   30348  24956   6632 R 100.0   0.2   0:34.60 MicroBench
06:59:08        8 root      20   0   30348  24956   6632 R 100.0   0.2   0:34.76 MicroBench
06:59:08        8 root      20   0   30348  24956   6632 R 100.0   0.2   0:34.92 MicroBench
06:59:08        8 root      20   0   30348  24956   6632 R  93.8   0.2   0:35.08 MicroBench
06:59:09        8 root      20   0   30348  24956   6632 R 100.0   0.2   0:35.24 MicroBench
06:59:09        8 root      20   0   30348  24956   6632 R 100.0   0.2   0:35.40 MicroBench
06:59:09        8 root      20   0   30348  24956   6632 R 100.0   0.2   0:35.58 MicroBench
06:59:09        8 root      20   0   30348  24956   6632 R 100.0   0.2   0:35.74 MicroBench
06:59:09        8 root      20   0   30348  24956   6632 R 100.0   0.2   0:35.90 MicroBench
06:59:09        8 root      20   0   30348  24956   6632 R 100.0   0.2   0:36.06 MicroBench
06:59:10        8 root      20   0   30348  24956   6632 R 100.0   0.2   0:36.22 MicroBench
06:59:10        8 root      20   0   30348  24956   6632 R 100.0   0.2   0:36.39 MicroBench
06:59:10        8 root      20   0   30348  24956   6632 R 100.0   0.2   0:36.55 MicroBench
06:59:10        8 root      20   0   30348  24956   6632 R 100.0   0.2   0:36.71 MicroBench
06:59:10        8 root      20   0   30348  24956   6632 R 100.0   0.2   0:36.87 MicroBench
06:59:10        8 root      20   0   30348  24956   6632 R  93.3   0.2   0:37.03 MicroBench
06:59:11        8 root      20   0   30348  24956   6632 R  93.3   0.2   0:37.19 MicroBench
06:59:11        8 root      20   0   30348  24956   6632 R  93.3   0.2   0:37.35 MicroBench
06:59:11        8 root      20   0   30348  24956   6632 R 100.0   0.2   0:37.52 MicroBench
06:59:11        8 root      20   0   30348  24956   6632 R 100.0   0.2   0:37.69 MicroBench
06:59:11        8 root      20   0   30348  24956   6632 R 100.0   0.2   0:37.85 MicroBench
06:59:11        8 root      20   0   30348  24956   6632 R 100.0   0.2   0:38.02 MicroBench
06:59:12        8 root      20   0   30348  24956   6632 R 100.0   0.2   0:38.18 MicroBench
06:59:12        8 root      20   0   30348  24956   6632 R 100.0   0.2   0:38.34 MicroBench
06:59:12        8 root      20   0   30348  24956   6632 R 100.0   0.2   0:38.51 MicroBench
06:59:12        8 root      20   0   30348  24956   6632 R 100.0   0.2   0:38.67 MicroBench
06:59:12        8 root      20   0   30348  24956   6632 R 100.0   0.2   0:38.83 MicroBench
06:59:12        8 root      20   0   30348  24956   6632 R 100.0   0.2   0:38.99 MicroBench
06:59:13        8 root      20   0   30348  24956   6632 R 100.0   0.2   0:39.15 MicroBench
06:59:13        8 root      20   0   30348  24956   6632 R 100.0   0.2   0:39.32 MicroBench
06:59:13        8 root      20   0   30348  24956   6632 R 100.0   0.2   0:39.48 MicroBench
06:59:13        8 root      20   0   30348  24956   6632 R 100.0   0.2   0:39.64 MicroBench
06:59:13        8 root      20   0   30348  24956   6632 R 100.0   0.2   0:39.80 MicroBench
06:59:13        8 root      20   0   30348  24956   6632 R  93.8   0.2   0:39.97 MicroBench
06:59:14        8 root      20   0   30348  24956   6632 R 100.0   0.2   0:40.13 MicroBench
06:59:14        8 root      20   0   30348  24956   6632 R 100.0   0.2   0:40.30 MicroBench
06:59:14        8 root      20   0   30348  24956   6632 R 100.0   0.2   0:40.47 MicroBench
06:59:14        8 root      20   0   30348  24956   6632 R  93.8   0.2   0:40.63 MicroBench
06:59:14        8 root      20   0   30348  24956   6632 R 100.0   0.2   0:40.79 MicroBench
06:59:14        8 root      20   0   30348  24956   6632 R 100.0   0.2   0:40.95 MicroBench
06:59:15        8 root      20   0   30348  24956   6632 R  93.3   0.2   0:41.11 MicroBench
06:59:15        8 root      20   0   30348  24956   6632 R 100.0   0.2   0:41.28 MicroBench
06:59:15        8 root      20   0   30348  24956   6632 R 100.0   0.2   0:41.45 MicroBench
06:59:15        8 root      20   0   30348  24956   6632 R 100.0   0.2   0:41.61 MicroBench
06:59:15        8 root      20   0   30348  24956   6632 R 100.0   0.2   0:41.77 MicroBench
06:59:15        8 root      20   0   30348  24956   6632 R  93.3   0.2   0:41.93 MicroBench
06:59:16        8 root      20   0   30348  24956   6632 R 100.0   0.2   0:42.10 MicroBench
06:59:16        8 root      20   0   30348  24956   6632 R 100.0   0.2   0:42.26 MicroBench
06:59:16        8 root      20   0   30348  24956   6632 R 100.0   0.2   0:42.42 MicroBench
06:59:16        8 root      20   0   30348  24956   6632 R 100.0   0.2   0:42.59 MicroBench
06:59:16        8 root      20   0   30348  24956   6632 R  93.3   0.2   0:42.76 MicroBench
06:59:16        8 root      20   0   30348  24956   6632 R 100.0   0.2   0:42.92 MicroBench
06:59:17        8 root      20   0   30348  24956   6632 R 100.0   0.2   0:43.09 MicroBench
06:59:17        8 root      20   0   30348  24956   6632 R 100.0   0.2   0:43.25 MicroBench
06:59:17        8 root      20   0   30348  24956   6632 R 100.0   0.2   0:43.41 MicroBench
06:59:17        8 root      20   0   30348  24956   6632 R 100.0   0.2   0:43.57 MicroBench
06:59:17        8 root      20   0   30348  24956   6632 R 100.0   0.2   0:43.74 MicroBench
06:59:17        8 root      20   0   30348  24956   6632 R 100.0   0.2   0:43.90 MicroBench
06:59:17        8 root      20   0   30348  24956   6632 R 100.0   0.2   0:44.06 MicroBench
06:59:18        8 root      20   0   30348  24956   6632 R  93.8   0.2   0:44.22 MicroBench
06:59:18        8 root      20   0   30348  24956   6632 R 100.0   0.2   0:44.39 MicroBench
06:59:18        8 root      20   0   30348  24956   6632 R 100.0   0.2   0:44.55 MicroBench
06:59:18        8 root      20   0   30348  24956   6632 R 100.0   0.2   0:44.71 MicroBench
06:59:18        8 root      20   0   30348  24956   6632 R 100.0   0.2   0:44.88 MicroBench
06:59:18        8 root      20   0   30348  24956   6632 R 100.0   0.2   0:45.04 MicroBench
06:59:19        8 root      20   0   30348  24956   6632 R 100.0   0.2   0:45.20 MicroBench
06:59:19        8 root      20   0   30348  24956   6632 R 100.0   0.2   0:45.37 MicroBench
06:59:19        8 root      20   0   30348  24956   6632 R 100.0   0.2   0:45.53 MicroBench
06:59:19        8 root      20   0   30348  24956   6632 R 100.0   0.2   0:45.69 MicroBench
06:59:19        8 root      20   0   30348  24956   6632 R 100.0   0.2   0:45.85 MicroBench
06:59:19        8 root      20   0   30348  24956   6632 R 100.0   0.2   0:46.02 MicroBench
06:59:20        8 root      20   0   30348  24956   6632 R 100.0   0.2   0:46.19 MicroBench
06:59:20        8 root      20   0   30348  24956   6632 R 100.0   0.2   0:46.35 MicroBench
06:59:20        8 root      20   0   30348  24956   6632 R 100.0   0.2   0:46.51 MicroBench
06:59:20        8 root      20   0   30348  24956   6632 R 100.0   0.2   0:46.67 MicroBench
06:59:20        8 root      20   0   30348  24956   6632 R 100.0   0.2   0:46.84 MicroBench
06:59:20        8 root      20   0   30348  24956   6632 R 100.0   0.2   0:47.00 MicroBench
06:59:21        8 root      20   0   30348  24956   6632 R  93.8   0.2   0:47.16 MicroBench
06:59:21        8 root      20   0   30348  24956   6632 R 100.0   0.2   0:47.32 MicroBench
06:59:21        8 root      20   0   30348  24956   6632 R 100.0   0.2   0:47.48 MicroBench
06:59:21        8 root      20   0   30348  24956   6632 R 100.0   0.2   0:47.65 MicroBench
06:59:21        8 root      20   0   30348  24956   6632 R 100.0   0.2   0:47.81 MicroBench
06:59:21        8 root      20   0   30348  24956   6632 R 100.0   0.2   0:47.97 MicroBench
06:59:22        8 root      20   0   30348  24956   6632 R  93.3   0.2   0:48.13 MicroBench
06:59:22        8 root      20   0   30348  24956   6632 R  93.8   0.2   0:48.29 MicroBench
06:59:22        8 root      20   0   30348  24956   6632 R 100.0   0.2   0:48.46 MicroBench
06:59:22        8 root      20   0   30348  24956   6632 R 100.0   0.2   0:48.63 MicroBench
06:59:22        8 root      20   0   30348  24956   6632 R 100.0   0.2   0:48.79 MicroBench
06:59:22        8 root      20   0   30348  24956   6632 R 100.0   0.2   0:48.95 MicroBench
06:59:23        8 root      20   0   30348  24956   6632 R 100.0   0.2   0:49.11 MicroBench
06:59:23        8 root      20   0   30348  24956   6632 R  93.8   0.2   0:49.27 MicroBench
06:59:23        8 root      20   0   30348  24956   6632 R  93.3   0.2   0:49.43 MicroBench
06:59:23        8 root      20   0   30348  24956   6632 R 100.0   0.2   0:49.60 MicroBench
06:59:23        8 root      20   0   30348  24956   6632 R 100.0   0.2   0:49.76 MicroBench
06:59:23        8 root      20   0   30348  24956   6632 R 100.0   0.2   0:49.92 MicroBench
06:59:24        8 root      20   0   30348  24956   6632 R 100.0   0.2   0:50.09 MicroBench
06:59:24        8 root      20   0   30348  24956   6632 R 100.0   0.2   0:50.26 MicroBench
06:59:24        8 root      20   0   30348  24956   6632 R  93.8   0.2   0:50.42 MicroBench
06:59:24        8 root      20   0   30348  24956   6632 R  93.3   0.2   0:50.58 MicroBench
06:59:24        8 root      20   0   31168  26012   6632 R 100.0   0.2   0:50.75 MicroBench
Avg reg. time: 88028396
Avg opt. time: 74645125
Median reg. time: 88028396
Median opt. time: 74645125
06:59:24  MicroBench not found.
MicroBench process has exited. Monitoring script will terminate.
