Args:
  Field size              : 2748779069441
  l                       : 64
  t                       : 0
  Number of parties        : 2048
  Number of repeats        : 1
  Monitor sleep time (ms) : 1

Started ./MicroBench with PID: 8
06:59:25        8 root      20   0   14696   9548   6628 R 100.0   0.1   0:00.15 MicroBench
06:59:25        8 root      20   0   14828   9548   6628 R 100.0   0.1   0:00.31 MicroBench
06:59:25        8 root      20   0   14828   9548   6628 R 100.0   0.1   0:00.48 MicroBench
06:59:26        8 root      20   0   14828   9548   6628 R 100.0   0.1   0:00.64 MicroBench
06:59:26        8 root      20   0   14828   9548   6628 R 100.0   0.1   0:00.80 MicroBench
06:59:26        8 root      20   0   14720   9600   6628 R  93.3   0.1   0:00.96 MicroBench
06:59:26        8 root      20   0   14852   9600   6628 R 100.0   0.1   0:01.13 MicroBench
06:59:26        8 root      20   0   14852   9600   6628 R  93.8   0.1   0:01.29 MicroBench
06:59:26        8 root      20   0   14852   9600   6628 R 100.0   0.1   0:01.46 MicroBench
06:59:27        8 root      20   0   14852   9600   6628 R 100.0   0.1   0:01.62 MicroBench
06:59:27        8 root      20   0   14852   9600   6628 R 100.0   0.1   0:01.78 MicroBench
06:59:27        8 root      20   0   14852   9600   6628 R 100.0   0.1   0:01.94 MicroBench
06:59:27        8 root      20   0   14852   9600   6628 R 100.0   0.1   0:02.10 MicroBench
06:59:27        8 root      20   0   14852   9600   6628 R 100.0   0.1   0:02.26 MicroBench
06:59:27        8 root      20   0   14852   9600   6628 R 100.0   0.1   0:02.43 MicroBench
06:59:28        8 root      20   0   14776   9656   6628 R  93.8   0.1   0:02.60 MicroBench
06:59:28        8 root      20   0   14776   9656   6628 R 100.0   0.1   0:02.77 MicroBench
06:59:28        8 root      20   0   14720   9600   6628 R 100.0   0.1   0:02.93 MicroBench
06:59:28        8 root      20   0   14852   9600   6628 R 100.0   0.1   0:03.09 MicroBench
06:59:28        8 root      20   0   14720   9600   6628 R 100.0   0.1   0:03.25 MicroBench
06:59:28        8 root      20   0   14852   9600   6628 R 100.0   0.1   0:03.42 MicroBench
06:59:29        8 root      20   0   14792   9672   6628 R 100.0   0.1   0:03.58 MicroBench
06:59:29        8 root      20   0   14952   9672   6628 R 100.0   0.1   0:03.75 MicroBench
06:59:29        8 root      20   0   14720   9600   6628 R 100.0   0.1   0:03.91 MicroBench
06:59:29        8 root      20   0   14852   9600   6628 R 100.0   0.1   0:04.07 MicroBench
06:59:29        8 root      20   0   14852   9600   6628 R 100.0   0.1   0:04.24 MicroBench
06:59:29        8 root      20   0   14852   9600   6628 R 100.0   0.1   0:04.41 MicroBench
06:59:30        8 root      20   0   14752   9632   6628 R 100.0   0.1   0:04.57 MicroBench
06:59:30        8 root      20   0   14888   9632   6628 R  93.8   0.1   0:04.73 MicroBench
06:59:30        8 root      20   0   14848   9704   6628 R 100.0   0.1   0:04.89 MicroBench
06:59:30        8 root      20   0   14848   9728   6628 R 100.0   0.1   0:05.06 MicroBench
06:59:30        8 root      20   0   14720   9600   6628 R  93.8   0.1   0:05.22 MicroBench
06:59:30        8 root      20   0   14852   9600   6628 R 100.0   0.1   0:05.39 MicroBench
06:59:30        8 root      20   0   14852   9600   6628 R 100.0   0.1   0:05.56 MicroBench
06:59:31        8 root      20   0   14852   9600   6628 R 100.0   0.1   0:05.72 MicroBench
06:59:31        8 root      20   0   14752   9632   6628 R 100.0   0.1   0:05.88 MicroBench
06:59:31        8 root      20   0   14896   9632   6628 R  93.3   0.1   0:06.04 MicroBench
06:59:31        8 root      20   0   14896   9632   6628 R 100.0   0.1   0:06.21 MicroBench
06:59:31        8 root      20   0   14896   9632   6628 R 100.0   0.1   0:06.38 MicroBench
06:59:31        8 root      20   0   14752   9632   6628 R  93.8   0.1   0:06.54 MicroBench
06:59:32        8 root      20   0   14896   9632   6628 R 100.0   0.1   0:06.70 MicroBench
06:59:32        8 root      20   0   14896   9632   6628 R 100.0   0.1   0:06.87 MicroBench
06:59:32        8 root      20   0   14896   9632   6628 R 100.0   0.1   0:07.03 MicroBench
06:59:32        8 root      20   0   14888   9768   6628 R 100.0   0.1   0:07.19 MicroBench
06:59:32        8 root      20   0   15024   9768   6628 R 100.0   0.1   0:07.36 MicroBench
06:59:32        8 root      20   0   15024   9744   6628 R 100.0   0.1   0:07.52 MicroBench
06:59:33        8 root      20   0   14928   9776   6628 R  93.8   0.1   0:07.68 MicroBench
06:59:33        8 root      20   0   14752   9632   6628 R 100.0   0.1   0:07.87 MicroBench
06:59:33        8 root      20   0   24124  18928   6692 R 100.0   0.1   0:08.03 MicroBench
06:59:33        8 root      20   0   24124  18928   6692 R 100.0   0.1   0:08.20 MicroBench
06:59:33        8 root      20   0   24124  18928   6692 R 100.0   0.1   0:08.37 MicroBench
06:59:33        8 root      20   0   24124  18928   6692 R 100.0   0.1   0:08.53 MicroBench
06:59:34        8 root      20   0   24124  18928   6692 R 100.0   0.1   0:08.69 MicroBench
06:59:34        8 root      20   0   24124  18928   6692 R 100.0   0.1   0:08.85 MicroBench
06:59:34        8 root      20   0   24124  18928   6692 R 100.0   0.1   0:09.01 MicroBench
06:59:34        8 root      20   0   24124  18928   6692 R 100.0   0.1   0:09.18 MicroBench
06:59:34        8 root      20   0   24124  18928   6692 R 100.0   0.1   0:09.34 MicroBench
06:59:34        8 root      20   0   24124  18928   6692 R 100.0   0.1   0:09.50 MicroBench
06:59:35        8 root      20   0   24124  18928   6692 R 100.0   0.1   0:09.67 MicroBench
06:59:35        8 root      20   0   24124  18928   6692 R 100.0   0.1   0:09.83 MicroBench
06:59:35        8 root      20   0   24124  18928   6692 R 100.0   0.1   0:10.00 MicroBench
06:59:35        8 root      20   0   24124  18928   6692 R  93.3   0.1   0:10.16 MicroBench
06:59:35        8 root      20   0   24124  18928   6692 R 100.0   0.1   0:10.34 MicroBench
06:59:35        8 root      20   0   24124  18928   6692 R  93.3   0.1   0:10.49 MicroBench
06:59:36        8 root      20   0   24124  18928   6692 R 100.0   0.1   0:10.66 MicroBench
06:59:36        8 root      20   0   24124  18928   6692 R 100.0   0.1   0:10.82 MicroBench
06:59:36        8 root      20   0   24124  18928   6692 R 100.0   0.1   0:10.99 MicroBench
06:59:36        8 root      20   0   24124  18928   6692 R 100.0   0.1   0:11.15 MicroBench
06:59:36        8 root      20   0   24124  18928   6692 R 100.0   0.1   0:11.32 MicroBench
06:59:36        8 root      20   0   24124  18928   6692 R 100.0   0.1   0:11.48 MicroBench
06:59:37        8 root      20   0   24124  18928   6692 R 100.0   0.1   0:11.65 MicroBench
06:59:37        8 root      20   0   24124  18928   6692 R 100.0   0.1   0:11.82 MicroBench
06:59:37        8 root      20   0   24124  18928   6692 R 100.0   0.1   0:11.98 MicroBench
06:59:37        8 root      20   0   24124  18928   6692 R 100.0   0.1   0:12.14 MicroBench
06:59:37        8 root      20   0   24124  18928   6692 R 100.0   0.1   0:12.31 MicroBench
06:59:37        8 root      20   0   24124  18928   6692 R 100.0   0.1   0:12.48 MicroBench
06:59:38        8 root      20   0   24124  18928   6692 R 100.0   0.1   0:12.65 MicroBench
06:59:38        8 root      20   0   24124  18928   6692 R 100.0   0.1   0:12.81 MicroBench
06:59:38        8 root      20   0   24124  18928   6692 R 100.0   0.1   0:12.97 MicroBench
06:59:38        8 root      20   0   24124  18928   6692 R 100.0   0.1   0:13.13 MicroBench
06:59:38        8 root      20   0   24124  18928   6692 R  93.3   0.1   0:13.33 MicroBench
06:59:38        8 root      20   0   24124  18928   6692 R  93.3   0.1   0:13.49 MicroBench
06:59:39        8 root      20   0   24124  18928   6692 R 100.0   0.1   0:13.66 MicroBench
06:59:39        8 root      20   0   24124  18928   6692 R 100.0   0.1   0:13.82 MicroBench
06:59:39        8 root      20   0   24124  18928   6692 R 100.0   0.1   0:13.98 MicroBench
06:59:39        8 root      20   0   24124  18928   6692 R 100.0   0.1   0:14.15 MicroBench
06:59:39        8 root      20   0   24124  18928   6692 R 100.0   0.1   0:14.31 MicroBench
06:59:39        8 root      20   0   24124  18928   6692 R  93.8   0.1   0:14.48 MicroBench
06:59:40        8 root      20   0   24124  18928   6692 R 100.0   0.1   0:14.64 MicroBench
06:59:40        8 root      20   0   24124  18928   6692 R 100.0   0.1   0:14.80 MicroBench
06:59:40        8 root      20   0   24124  18928   6692 R 100.0   0.1   0:14.96 MicroBench
06:59:40        8 root      20   0   24124  18928   6692 R 100.0   0.1   0:15.13 MicroBench
06:59:40        8 root      20   0   24124  18928   6692 R 100.0   0.1   0:15.29 MicroBench
06:59:40        8 root      20   0   24124  18928   6692 R 100.0   0.1   0:15.45 MicroBench
06:59:41        8 root      20   0   24124  18928   6692 R 100.0   0.1   0:15.61 MicroBench
06:59:41        8 root      20   0   24124  18928   6692 R 100.0   0.1   0:15.78 MicroBench
06:59:41        8 root      20   0   24124  18928   6692 R 100.0   0.1   0:15.94 MicroBench
06:59:41        8 root      20   0   24124  18928   6692 R 100.0   0.1   0:16.11 MicroBench
06:59:41        8 root      20   0   24124  18928   6692 R 100.0   0.1   0:16.27 MicroBench
06:59:41        8 root      20   0   24124  18928   6692 R  93.8   0.1   0:16.43 MicroBench
06:59:42        8 root      20   0   24124  18928   6692 R 100.0   0.1   0:16.61 MicroBench
06:59:42        8 root      20   0   24124  18928   6692 R 100.0   0.1   0:16.78 MicroBench
06:59:42        8 root      20   0   24124  18928   6692 R 100.0   0.1   0:16.95 MicroBench
06:59:42        8 root      20   0   24124  18928   6692 R  93.3   0.1   0:17.11 MicroBench
06:59:42        8 root      20   0   24124  18928   6692 R 100.0   0.1   0:17.28 MicroBench
06:59:42        8 root      20   0   24124  18928   6692 R  93.3   0.1   0:17.44 MicroBench
06:59:43        8 root      20   0   24124  18928   6692 R 100.0   0.1   0:17.61 MicroBench
06:59:43        8 root      20   0   24124  18928   6692 R  93.8   0.1   0:17.77 MicroBench
06:59:43        8 root      20   0   24124  18928   6692 R 100.0   0.1   0:17.94 MicroBench
06:59:43        8 root      20   0   24124  18928   6692 R  93.8   0.1   0:18.10 MicroBench
06:59:43        8 root      20   0   24124  18928   6692 R 100.0   0.1   0:18.27 MicroBench
06:59:43        8 root      20   0   24124  18928   6692 R 100.0   0.1   0:18.43 MicroBench
06:59:44        8 root      20   0   24124  18928   6692 R 100.0   0.1   0:18.59 MicroBench
06:59:44        8 root      20   0   24124  18928   6692 R 100.0   0.1   0:18.77 MicroBench
06:59:44        8 root      20   0   24124  18928   6692 R 100.0   0.1   0:18.94 MicroBench
06:59:44        8 root      20   0   24124  18928   6692 R 100.0   0.1   0:19.10 MicroBench
06:59:44        8 root      20   0   24124  18928   6692 R 100.0   0.1   0:19.26 MicroBench
06:59:44        8 root      20   0   24124  18928   6692 R 100.0   0.1   0:19.42 MicroBench
06:59:45        8 root      20   0   24124  18928   6692 R 100.0   0.1   0:19.58 MicroBench
06:59:45        8 root      20   0   24124  18928   6692 R 100.0   0.1   0:19.74 MicroBench
06:59:45        8 root      20   0   24124  18928   6692 R  93.3   0.1   0:19.90 MicroBench
06:59:45        8 root      20   0   24124  18928   6692 R 100.0   0.1   0:20.07 MicroBench
06:59:45        8 root      20   0   24124  18928   6692 R 100.0   0.1   0:20.23 MicroBench
06:59:45        8 root      20   0   24124  18928   6692 R 100.0   0.1   0:20.40 MicroBench
06:59:46        8 root      20   0   24124  18928   6692 R  93.8   0.1   0:20.56 MicroBench
06:59:46        8 root      20   0   24124  18928   6692 R 100.0   0.1   0:20.72 MicroBench
06:59:46        8 root      20   0   24124  18928   6692 R 100.0   0.1   0:20.88 MicroBench
06:59:46        8 root      20   0   24124  18928   6692 R 100.0   0.1   0:21.05 MicroBench
06:59:46        8 root      20   0   24124  18928   6692 R  93.8   0.1   0:21.21 MicroBench
06:59:46        8 root      20   0   24124  18928   6692 R 100.0   0.1   0:21.37 MicroBench
06:59:47        8 root      20   0   24124  18928   6692 R  93.8   0.1   0:21.54 MicroBench
06:59:47        8 root      20   0   24124  18928   6692 R 100.0   0.1   0:21.70 MicroBench
06:59:47        8 root      20   0   24124  18928   6692 R 100.0   0.1   0:21.87 MicroBench
06:59:47        8 root      20   0   24124  18928   6692 R 100.0   0.1   0:22.03 MicroBench
06:59:47        8 root      20   0   24124  18928   6692 R 100.0   0.1   0:22.19 MicroBench
06:59:47        8 root      20   0   24124  18928   6692 R  93.3   0.1   0:22.35 MicroBench
06:59:47        8 root      20   0   24124  18928   6692 R 100.0   0.1   0:22.52 MicroBench
06:59:48        8 root      20   0   24124  18928   6692 R 100.0   0.1   0:22.68 MicroBench
06:59:48        8 root      20   0   24124  18928   6692 R 100.0   0.1   0:22.84 MicroBench
06:59:48        8 root      20   0   24124  18928   6692 R 100.0   0.1   0:23.00 MicroBench
06:59:48        8 root      20   0   24124  18928   6692 R  93.8   0.1   0:23.16 MicroBench
06:59:48        8 root      20   0   24124  18928   6692 R 100.0   0.1   0:23.33 MicroBench
06:59:48        8 root      20   0   24124  18928   6692 R 100.0   0.1   0:23.49 MicroBench
06:59:49        8 root      20   0   24124  18928   6692 R 100.0   0.1   0:23.66 MicroBench
06:59:49        8 root      20   0   24124  18928   6692 R 100.0   0.1   0:23.82 MicroBench
06:59:49        8 root      20   0   24124  18928   6692 R 100.0   0.1   0:23.98 MicroBench
06:59:49        8 root      20   0   24124  18928   6692 R 100.0   0.1   0:24.15 MicroBench
06:59:49        8 root      20   0   24124  18928   6692 R  93.3   0.1   0:24.30 MicroBench
06:59:49        8 root      20   0   24124  18928   6692 R 100.0   0.1   0:24.48 MicroBench
06:59:50        8 root      20   0   24124  18928   6692 R  93.8   0.1   0:24.64 MicroBench
06:59:50        8 root      20   0   24124  18928   6692 R 100.0   0.1   0:24.80 MicroBench
06:59:50        8 root      20   0   24124  18928   6692 R 100.0   0.1   0:24.96 MicroBench
06:59:50        8 root      20   0   24124  18928   6692 R 100.0   0.1   0:25.13 MicroBench
06:59:50        8 root      20   0   24124  18928   6692 R 100.0   0.1   0:25.29 MicroBench
06:59:50        8 root      20   0   24124  18928   6692 R 100.0   0.1   0:25.45 MicroBench
06:59:51        8 root      20   0   24124  18928   6692 R 100.0   0.1   0:25.62 MicroBench
06:59:51        8 root      20   0   24124  18928   6692 R 100.0   0.1   0:25.78 MicroBench
06:59:51        8 root      20   0   24124  18928   6692 R 100.0   0.1   0:25.95 MicroBench
06:59:51        8 root      20   0   24124  18928   6692 R 100.0   0.1   0:26.11 MicroBench
06:59:51        8 root      20   0   24124  18928   6692 R 100.0   0.1   0:26.27 MicroBench
06:59:51        8 root      20   0   24124  18928   6692 R 100.0   0.1   0:26.43 MicroBench
06:59:52        8 root      20   0   24124  18928   6692 R  93.3   0.1   0:26.59 MicroBench
06:59:52        8 root      20   0   24124  18928   6692 R  93.8   0.1   0:26.76 MicroBench
06:59:52        8 root      20   0   24124  18928   6692 R 100.0   0.1   0:26.92 MicroBench
06:59:52        8 root      20   0   24124  18928   6692 R 100.0   0.1   0:27.08 MicroBench
06:59:52        8 root      20   0   24124  18928   6692 R 100.0   0.1   0:27.24 MicroBench
06:59:52        8 root      20   0   24124  18928   6692 R 100.0   0.1   0:27.41 MicroBench
06:59:53        8 root      20   0   24124  18928   6692 R  93.8   0.1   0:27.58 MicroBench
06:59:53        8 root      20   0   24124  18928   6692 R 100.0   0.1   0:27.74 MicroBench
06:59:53        8 root      20   0   24124  18928   6692 R  93.3   0.1   0:27.90 MicroBench
06:59:53        8 root      20   0   24124  18928   6692 R 100.0   0.1   0:28.07 MicroBench
06:59:53        8 root      20   0   24124  18928   6692 R 100.0   0.1   0:28.23 MicroBench
06:59:53        8 root      20   0   24124  18928   6692 R 100.0   0.1   0:28.39 MicroBench
06:59:54        8 root      20   0   24124  18928   6692 R 100.0   0.1   0:28.56 MicroBench
06:59:54        8 root      20   0   24124  18928   6692 R 100.0   0.1   0:28.72 MicroBench
06:59:54        8 root      20   0   24124  18928   6692 R 100.0   0.1   0:28.88 MicroBench
06:59:54        8 root      20   0   24124  18928   6692 R 100.0   0.1   0:29.05 MicroBench
06:59:54        8 root      20   0   24124  18928   6692 R 100.0   0.1   0:29.21 MicroBench
06:59:54        8 root      20   0   24124  18928   6692 R  93.8   0.1   0:29.37 MicroBench
06:59:55        8 root      20   0   24124  18928   6692 R 100.0   0.1   0:29.54 MicroBench
06:59:55        8 root      20   0   24124  18928   6692 R 100.0   0.1   0:29.70 MicroBench
06:59:55        8 root      20   0   24124  18928   6692 R 100.0   0.1   0:29.86 MicroBench
06:59:55        8 root      20   0   24124  18928   6692 R  93.8   0.1   0:30.02 MicroBench
06:59:55        8 root      20   0   24124  18928   6692 R 100.0   0.1   0:30.19 MicroBench
06:59:55        8 root      20   0   24124  18928   6692 R 100.0   0.1   0:30.35 MicroBench
06:59:55        8 root      20   0   24124  18928   6692 R 100.0   0.1   0:30.51 MicroBench
06:59:56        8 root      20   0   24124  18928   6692 R 100.0   0.1   0:30.67 MicroBench
06:59:56        8 root      20   0   24124  18928   6692 R 100.0   0.1   0:30.83 MicroBench
06:59:56        8 root      20   0   24124  18928   6692 R 100.0   0.1   0:30.99 MicroBench
06:59:56        8 root      20   0   24124  18928   6692 R 100.0   0.1   0:31.15 MicroBench
06:59:56        8 root      20   0   24124  18928   6692 R 100.0   0.1   0:31.31 MicroBench
06:59:56        8 root      20   0   24124  18928   6692 R 100.0   0.1   0:31.48 MicroBench
06:59:57        8 root      20   0   24124  18928   6692 R  93.8   0.1   0:31.64 MicroBench
06:59:57        8 root      20   0   24124  18928   6692 R 100.0   0.1   0:31.80 MicroBench
06:59:57        8 root      20   0   24124  18928   6692 R 100.0   0.1   0:31.97 MicroBench
06:59:57        8 root      20   0   24124  18928   6692 R 100.0   0.1   0:32.13 MicroBench
06:59:57        8 root      20   0   24124  18928   6692 R 100.0   0.1   0:32.29 MicroBench
06:59:57        8 root      20   0   24124  18928   6692 R 100.0   0.1   0:32.46 MicroBench
06:59:58        8 root      20   0   24124  18928   6692 R 100.0   0.1   0:32.62 MicroBench
06:59:58        8 root      20   0   24124  18928   6692 R 100.0   0.1   0:32.78 MicroBench
06:59:58        8 root      20   0   24124  18928   6692 R 100.0   0.1   0:32.94 MicroBench
06:59:58        8 root      20   0   24124  18928   6692 R  93.3   0.1   0:33.10 MicroBench
06:59:58        8 root      20   0   24124  18928   6692 R 100.0   0.1   0:33.27 MicroBench
06:59:58        8 root      20   0   24124  18928   6692 R 100.0   0.1   0:33.43 MicroBench
06:59:59        8 root      20   0   24124  18928   6692 R 100.0   0.1   0:33.60 MicroBench
06:59:59        8 root      20   0   24124  18928   6692 R 100.0   0.1   0:33.76 MicroBench
06:59:59        8 root      20   0   24124  18928   6692 R  93.3   0.1   0:33.92 MicroBench
06:59:59        8 root      20   0   24124  18928   6692 R 100.0   0.1   0:34.09 MicroBench
06:59:59        8 root      20   0   24124  18928   6692 R 100.0   0.1   0:34.25 MicroBench
06:59:59        8 root      20   0   24124  18928   6692 R 100.0   0.1   0:34.41 MicroBench
07:00:00        8 root      20   0   24124  18928   6692 R 100.0   0.1   0:34.57 MicroBench
07:00:00        8 root      20   0   24124  18928   6692 R 100.0   0.1   0:34.73 MicroBench
07:00:00        8 root      20   0   24124  18928   6692 R 100.0   0.1   0:34.89 MicroBench
07:00:00        8 root      20   0   24124  18928   6692 R 100.0   0.1   0:35.06 MicroBench
07:00:00        8 root      20   0   24124  18928   6692 R 100.0   0.1   0:35.23 MicroBench
07:00:00        8 root      20   0   24124  18928   6692 R  93.3   0.1   0:35.39 MicroBench
07:00:01        8 root      20   0   24124  18928   6692 R  93.3   0.1   0:35.55 MicroBench
07:00:01        8 root      20   0   24124  18928   6692 R 100.0   0.1   0:35.72 MicroBench
07:00:01        8 root      20   0   24124  18928   6692 R 100.0   0.1   0:35.88 MicroBench
07:00:01        8 root      20   0   24124  18928   6692 R 100.0   0.1   0:36.04 MicroBench
07:00:01        8 root      20   0   24124  18928   6692 R 100.0   0.1   0:36.20 MicroBench
07:00:01        8 root      20   0   24124  18928   6692 R 100.0   0.1   0:36.37 MicroBench
07:00:02        8 root      20   0   24124  18928   6692 R  93.8   0.1   0:36.53 MicroBench
07:00:02        8 root      20   0   24124  18928   6692 R 100.0   0.1   0:36.70 MicroBench
07:00:02        8 root      20   0   24124  18928   6692 R 100.0   0.1   0:36.86 MicroBench
07:00:02        8 root      20   0   24124  18928   6692 R 100.0   0.1   0:37.02 MicroBench
07:00:02        8 root      20   0   24124  18928   6692 R 100.0   0.1   0:37.18 MicroBench
07:00:02        8 root      20   0   24124  18928   6692 R 100.0   0.1   0:37.35 MicroBench
07:00:03        8 root      20   0   24124  18928   6692 R 100.0   0.1   0:37.51 MicroBench
07:00:03        8 root      20   0   24124  18928   6692 R 100.0   0.1   0:37.67 MicroBench
07:00:03        8 root      20   0   24124  18928   6692 R 100.0   0.1   0:37.83 MicroBench
07:00:03        8 root      20   0   24124  18928   6692 R  93.8   0.1   0:38.00 MicroBench
07:00:03        8 root      20   0   24124  18928   6692 R 100.0   0.1   0:38.16 MicroBench
07:00:03        8 root      20   0   24124  18928   6692 R 100.0   0.1   0:38.33 MicroBench
07:00:03        8 root      20   0   24124  18928   6692 R 100.0   0.1   0:38.49 MicroBench
07:00:04        8 root      20   0   24124  18928   6692 R 100.0   0.1   0:38.65 MicroBench
07:00:04        8 root      20   0   24124  18928   6692 R 100.0   0.1   0:38.82 MicroBench
07:00:04        8 root      20   0   24124  18928   6692 R  93.8   0.1   0:38.98 MicroBench
07:00:04        8 root      20   0   24124  18928   6692 R 100.0   0.1   0:39.14 MicroBench
07:00:04        8 root      20   0   24124  18928   6692 R 100.0   0.1   0:39.30 MicroBench
07:00:04        8 root      20   0   24124  18928   6692 R 100.0   0.1   0:39.47 MicroBench
07:00:05        8 root      20   0   24124  18928   6692 R 100.0   0.1   0:39.63 MicroBench
07:00:05        8 root      20   0   24124  18928   6692 R 100.0   0.1   0:39.80 MicroBench
07:00:05        8 root      20   0   24124  18928   6692 R 100.0   0.1   0:39.97 MicroBench
07:00:05        8 root      20   0   24124  18928   6692 R 100.0   0.1   0:40.13 MicroBench
07:00:05        8 root      20   0   24124  18928   6692 R 100.0   0.1   0:40.30 MicroBench
07:00:05        8 root      20   0   24124  18928   6692 R 100.0   0.1   0:40.46 MicroBench
07:00:06        8 root      20   0   24124  18928   6692 R 100.0   0.1   0:40.62 MicroBench
07:00:06        8 root      20   0   24124  18928   6692 R  93.3   0.1   0:40.78 MicroBench
07:00:06        8 root      20   0   24124  18928   6692 R 100.0   0.1   0:40.94 MicroBench
07:00:06        8 root      20   0   24124  18928   6692 R 100.0   0.1   0:41.11 MicroBench
07:00:06        8 root      20   0   24124  18928   6692 R 100.0   0.1   0:41.27 MicroBench
07:00:06        8 root      20   0   24124  18928   6692 R 100.0   0.1   0:41.44 MicroBench
07:00:07        8 root      20   0   24124  18928   6692 R 100.0   0.1   0:41.60 MicroBench
07:00:07        8 root      20   0   24124  18928   6692 R 100.0   0.1   0:41.76 MicroBench
07:00:07        8 root      20   0   24124  18928   6692 R 100.0   0.1   0:41.93 MicroBench
07:00:07        8 root      20   0   24124  18928   6692 R 100.0   0.1   0:42.09 MicroBench
07:00:07        8 root      20   0   34156  28960   6692 R 100.0   0.2   0:42.27 MicroBench
07:00:07        8 root      20   0   34156  28960   6692 R 100.0   0.2   0:42.43 MicroBench
07:00:08        8 root      20   0   34156  28960   6692 R 100.0   0.2   0:42.59 MicroBench
07:00:08        8 root      20   0   34156  28960   6692 R 100.0   0.2   0:42.75 MicroBench
07:00:08        8 root      20   0   34156  28960   6692 R 100.0   0.2   0:42.91 MicroBench
07:00:08        8 root      20   0   34156  28960   6692 R 100.0   0.2   0:43.08 MicroBench
07:00:08        8 root      20   0   34156  28960   6692 R 100.0   0.2   0:43.25 MicroBench
07:00:08        8 root      20   0   34156  28960   6692 R 100.0   0.2   0:43.41 MicroBench
07:00:09        8 root      20   0   34156  28960   6692 R 100.0   0.2   0:43.57 MicroBench
07:00:09        8 root      20   0   34156  28960   6692 R  93.3   0.2   0:43.73 MicroBench
07:00:09        8 root      20   0   34156  28960   6692 R 100.0   0.2   0:43.90 MicroBench
07:00:09        8 root      20   0   34156  28960   6692 R  93.8   0.2   0:44.06 MicroBench
07:00:09        8 root      20   0   34156  28960   6692 R 100.0   0.2   0:44.22 MicroBench
07:00:09        8 root      20   0   34156  28960   6692 R 100.0   0.2   0:44.39 MicroBench
07:00:10        8 root      20   0   34156  28960   6692 R 100.0   0.2   0:44.55 MicroBench
07:00:10        8 root      20   0   34156  28960   6692 R 100.0   0.2   0:44.72 MicroBench
07:00:10        8 root      20   0   34156  28960   6692 R 100.0   0.2   0:44.88 MicroBench
07:00:10        8 root      20   0   34156  28960   6692 R 100.0   0.2   0:45.04 MicroBench
07:00:10        8 root      20   0   34156  28960   6692 R 100.0   0.2   0:45.20 MicroBench
07:00:10        8 root      20   0   34156  28960   6692 R 100.0   0.2   0:45.37 MicroBench
07:00:11        8 root      20   0   34156  28960   6692 R 100.0   0.2   0:45.53 MicroBench
07:00:11        8 root      20   0   34156  28960   6692 R 100.0   0.2   0:45.70 MicroBench
07:00:11        8 root      20   0   34156  28960   6692 R 100.0   0.2   0:45.86 MicroBench
07:00:11        8 root      20   0   34156  28960   6692 R 100.0   0.2   0:46.02 MicroBench
07:00:11        8 root      20   0   34156  28960   6692 R 100.0   0.2   0:46.18 MicroBench
07:00:11        8 root      20   0   34156  28960   6692 R  87.5   0.2   0:46.33 MicroBench
07:00:12        8 root      20   0   34156  28960   6692 R 100.0   0.2   0:46.49 MicroBench
07:00:12        8 root      20   0   34156  28960   6692 R 100.0   0.2   0:46.65 MicroBench
07:00:12        8 root      20   0   34156  28960   6692 R  93.3   0.2   0:46.81 MicroBench
07:00:12        8 root      20   0   34156  28960   6692 R 100.0   0.2   0:46.98 MicroBench
07:00:12        8 root      20   0   34156  28960   6692 R 100.0   0.2   0:47.15 MicroBench
07:00:12        8 root      20   0   34156  28960   6692 R  93.3   0.2   0:47.31 MicroBench
07:00:13        8 root      20   0   34156  28960   6692 R  93.8   0.2   0:47.48 MicroBench
07:00:13        8 root      20   0   34156  28960   6692 R 100.0   0.2   0:47.64 MicroBench
07:00:13        8 root      20   0   34156  28960   6692 R 100.0   0.2   0:47.80 MicroBench
07:00:13        8 root      20   0   34156  28960   6692 R 100.0   0.2   0:47.96 MicroBench
07:00:13        8 root      20   0   34156  28960   6692 R 100.0   0.2   0:48.12 MicroBench
07:00:13        8 root      20   0   34156  28960   6692 R 100.0   0.2   0:48.29 MicroBench
07:00:13        8 root      20   0   34156  28960   6692 R 100.0   0.2   0:48.45 MicroBench
07:00:14        8 root      20   0   34156  28960   6692 R 100.0   0.2   0:48.61 MicroBench
07:00:14        8 root      20   0   34156  28960   6692 R 100.0   0.2   0:48.77 MicroBench
07:00:14        8 root      20   0   34156  28960   6692 R 100.0   0.2   0:48.93 MicroBench
07:00:14        8 root      20   0   34156  28960   6692 R 100.0   0.2   0:49.10 MicroBench
07:00:14        8 root      20   0   34156  28960   6692 R 100.0   0.2   0:49.26 MicroBench
07:00:14        8 root      20   0   34156  28960   6692 R 100.0   0.2   0:49.42 MicroBench
07:00:15        8 root      20   0   34156  28960   6692 R 100.0   0.2   0:49.59 MicroBench
07:00:15        8 root      20   0   34156  28960   6692 R 100.0   0.2   0:49.75 MicroBench
07:00:15        8 root      20   0   34156  28960   6692 R 100.0   0.2   0:49.91 MicroBench
07:00:15        8 root      20   0   34156  28960   6692 R  93.8   0.2   0:50.07 MicroBench
07:00:15        8 root      20   0   34156  28960   6692 R 100.0   0.2   0:50.23 MicroBench
07:00:15        8 root      20   0   34156  28960   6692 R 100.0   0.2   0:50.40 MicroBench
07:00:16        8 root      20   0   34156  28960   6692 R 100.0   0.2   0:50.56 MicroBench
07:00:16        8 root      20   0   34156  28960   6692 R 100.0   0.2   0:50.73 MicroBench
07:00:16        8 root      20   0   34156  28960   6692 R 100.0   0.2   0:50.89 MicroBench
07:00:16        8 root      20   0   34156  28960   6692 R  93.3   0.2   0:51.04 MicroBench
07:00:16        8 root      20   0   34156  28960   6692 R 100.0   0.2   0:51.21 MicroBench
07:00:16        8 root      20   0   34156  28960   6692 R 100.0   0.2   0:51.37 MicroBench
07:00:17        8 root      20   0   34156  28960   6692 R 100.0   0.2   0:51.54 MicroBench
07:00:17        8 root      20   0   34156  28960   6692 R 100.0   0.2   0:51.70 MicroBench
07:00:17        8 root      20   0   34156  28960   6692 R 100.0   0.2   0:51.86 MicroBench
07:00:17        8 root      20   0   34156  28960   6692 R 100.0   0.2   0:52.03 MicroBench
07:00:17        8 root      20   0   34156  28960   6692 R  93.8   0.2   0:52.19 MicroBench
07:00:17        8 root      20   0   34156  28960   6692 R 100.0   0.2   0:52.36 MicroBench
07:00:18        8 root      20   0   34156  28960   6692 R 100.0   0.2   0:52.51 MicroBench
07:00:18        8 root      20   0   34156  28960   6692 R 100.0   0.2   0:52.68 MicroBench
07:00:18        8 root      20   0   34156  28960   6692 R 100.0   0.2   0:52.85 MicroBench
07:00:18        8 root      20   0   34156  28960   6692 R 100.0   0.2   0:53.01 MicroBench
07:00:18        8 root      20   0   34156  28960   6692 R  93.3   0.2   0:53.17 MicroBench
07:00:18        8 root      20   0   34156  28960   6692 R 100.0   0.2   0:53.34 MicroBench
07:00:19        8 root      20   0   34156  28960   6692 R 100.0   0.2   0:53.50 MicroBench
07:00:19        8 root      20   0   34156  28960   6692 R 100.0   0.2   0:53.66 MicroBench
07:00:19        8 root      20   0   34156  28960   6692 R 100.0   0.2   0:53.83 MicroBench
07:00:19        8 root      20   0   34156  28960   6692 R 100.0   0.2   0:53.99 MicroBench
07:00:19        8 root      20   0   34156  28960   6692 R 100.0   0.2   0:54.15 MicroBench
07:00:19        8 root      20   0   34156  28960   6692 R 100.0   0.2   0:54.32 MicroBench
07:00:20        8 root      20   0   34156  28960   6692 R 100.0   0.2   0:54.48 MicroBench
07:00:20        8 root      20   0   34156  28960   6692 R 100.0   0.2   0:54.64 MicroBench
07:00:20        8 root      20   0   34156  28960   6692 R 100.0   0.2   0:54.80 MicroBench
07:00:20        8 root      20   0   34156  28960   6692 R  93.3   0.2   0:54.96 MicroBench
07:00:20        8 root      20   0   34156  28960   6692 R 100.0   0.2   0:55.13 MicroBench
07:00:20        8 root      20   0   34156  28960   6692 R 100.0   0.2   0:55.29 MicroBench
07:00:21        8 root      20   0   34156  28960   6692 R 100.0   0.2   0:55.46 MicroBench
07:00:21        8 root      20   0   34156  28960   6692 R 100.0   0.2   0:55.62 MicroBench
07:00:21        8 root      20   0   34156  28960   6692 R 100.0   0.2   0:55.78 MicroBench
07:00:21        8 root      20   0   34156  28960   6692 R 100.0   0.2   0:55.94 MicroBench
07:00:21        8 root      20   0   34156  28960   6692 R 100.0   0.2   0:56.10 MicroBench
07:00:21        8 root      20   0   34156  28960   6692 R 100.0   0.2   0:56.27 MicroBench
07:00:21        8 root      20   0   34156  28960   6692 R 100.0   0.2   0:56.43 MicroBench
07:00:22        8 root      20   0   34156  28960   6692 R  93.8   0.2   0:56.59 MicroBench
07:00:22        8 root      20   0   34156  28960   6692 R 100.0   0.2   0:56.76 MicroBench
07:00:22        8 root      20   0   34156  28960   6692 R 100.0   0.2   0:56.92 MicroBench
07:00:22        8 root      20   0   34156  28960   6692 R 100.0   0.2   0:57.08 MicroBench
07:00:22        8 root      20   0   34156  28960   6692 R  93.3   0.2   0:57.24 MicroBench
07:00:22        8 root      20   0   34156  28960   6692 R 100.0   0.2   0:57.41 MicroBench
07:00:23        8 root      20   0   34156  28960   6692 R 100.0   0.2   0:57.57 MicroBench
07:00:23        8 root      20   0   34156  28960   6692 R 100.0   0.2   0:57.74 MicroBench
07:00:23        8 root      20   0   34156  28960   6692 R 100.0   0.2   0:57.90 MicroBench
07:00:23        8 root      20   0   34156  28960   6692 R 100.0   0.2   0:58.06 MicroBench
07:00:23        8 root      20   0   34156  28960   6692 R 100.0   0.2   0:58.22 MicroBench
07:00:23        8 root      20   0   34156  28960   6692 R  93.3   0.2   0:58.38 MicroBench
07:00:24        8 root      20   0   34156  28960   6692 R 100.0   0.2   0:58.55 MicroBench
07:00:24        8 root      20   0   34156  28960   6692 R 100.0   0.2   0:58.71 MicroBench
07:00:24        8 root      20   0   34156  28960   6692 R 100.0   0.2   0:58.88 MicroBench
07:00:24        8 root      20   0   34156  28960   6692 R 100.0   0.2   0:59.04 MicroBench
07:00:24        8 root      20   0   34156  28960   6692 R  93.8   0.2   0:59.21 MicroBench
07:00:24        8 root      20   0   34156  28960   6692 R 100.0   0.2   0:59.38 MicroBench
07:00:25        8 root      20   0   34156  28960   6692 R 100.0   0.2   0:59.54 MicroBench
07:00:25        8 root      20   0   34156  28960   6692 R 100.0   0.2   0:59.71 MicroBench
07:00:25        8 root      20   0   34156  28960   6692 R 100.0   0.2   0:59.87 MicroBench
07:00:25        8 root      20   0   34156  28960   6692 R 100.0   0.2   1:00.03 MicroBench
07:00:25        8 root      20   0   34156  28960   6692 R  93.3   0.2   1:00.19 MicroBench
07:00:25        8 root      20   0   34156  28960   6692 R 100.0   0.2   1:00.36 MicroBench
07:00:26        8 root      20   0   34156  28960   6692 R 100.0   0.2   1:00.52 MicroBench
07:00:26        8 root      20   0   34156  28960   6692 R 100.0   0.2   1:00.69 MicroBench
07:00:26        8 root      20   0   34156  28960   6692 R 100.0   0.2   1:00.85 MicroBench
07:00:26        8 root      20   0   34156  28960   6692 R 100.0   0.2   1:01.02 MicroBench
07:00:26        8 root      20   0   34156  28960   6692 R 100.0   0.2   1:01.19 MicroBench
07:00:26        8 root      20   0   34156  28960   6692 R 100.0   0.2   1:01.36 MicroBench
07:00:27        8 root      20   0   34156  28960   6692 R 100.0   0.2   1:01.52 MicroBench
07:00:27        8 root      20   0   34156  28960   6692 R 100.0   0.2   1:01.68 MicroBench
07:00:27        8 root      20   0   34156  28960   6692 R 100.0   0.2   1:01.84 MicroBench
07:00:27        8 root      20   0   34156  28960   6692 R 100.0   0.2   1:02.01 MicroBench
07:00:27        8 root      20   0   34156  28960   6692 R 100.0   0.2   1:02.18 MicroBench
07:00:27        8 root      20   0   34156  28960   6692 R 100.0   0.2   1:02.34 MicroBench
07:00:28        8 root      20   0   34156  28960   6692 R 100.0   0.2   1:02.50 MicroBench
07:00:28        8 root      20   0   34156  28960   6692 R 100.0   0.2   1:02.66 MicroBench
07:00:28        8 root      20   0   34156  28960   6692 R 100.0   0.2   1:02.84 MicroBench
07:00:28        8 root      20   0   34156  28960   6692 R 100.0   0.2   1:03.00 MicroBench
07:00:28        8 root      20   0   34156  28960   6692 R 100.0   0.2   1:03.16 MicroBench
07:00:28        8 root      20   0   34156  28960   6692 R 100.0   0.2   1:03.32 MicroBench
07:00:29        8 root      20   0   34156  28960   6692 R  93.3   0.2   1:03.48 MicroBench
07:00:29        8 root      20   0   34156  28960   6692 R 100.0   0.2   1:03.65 MicroBench
07:00:29        8 root      20   0   34156  28960   6692 R 100.0   0.2   1:03.81 MicroBench
07:00:29        8 root      20   0   34156  28960   6692 R 100.0   0.2   1:03.98 MicroBench
07:00:29        8 root      20   0   34156  28960   6692 R 100.0   0.2   1:04.14 MicroBench
07:00:29        8 root      20   0   34156  28960   6692 R 100.0   0.2   1:04.30 MicroBench
07:00:30        8 root      20   0   34156  28960   6692 R 100.0   0.2   1:04.47 MicroBench
07:00:30        8 root      20   0   34156  28960   6692 R 100.0   0.2   1:04.63 MicroBench
07:00:30        8 root      20   0   34156  28960   6692 R 100.0   0.2   1:04.80 MicroBench
07:00:30        8 root      20   0   34156  28960   6692 R 100.0   0.2   1:04.96 MicroBench
07:00:30        8 root      20   0   34156  28960   6692 R 100.0   0.2   1:05.12 MicroBench
07:00:30        8 root      20   0   34156  28960   6692 R 100.0   0.2   1:05.28 MicroBench
07:00:31        8 root      20   0   34156  28960   6692 R 100.0   0.2   1:05.44 MicroBench
07:00:31        8 root      20   0   34156  28960   6692 R 100.0   0.2   1:05.61 MicroBench
07:00:31        8 root      20   0   34156  28960   6692 R 100.0   0.2   1:05.77 MicroBench
07:00:31        8 root      20   0   34156  28960   6692 R 100.0   0.2   1:05.93 MicroBench
07:00:31        8 root      20   0   34156  28960   6692 R 100.0   0.2   1:06.10 MicroBench
07:00:31        8 root      20   0   34156  28960   6692 R  93.8   0.2   1:06.26 MicroBench
07:00:31        8 root      20   0   34156  28960   6692 R 100.0   0.2   1:06.42 MicroBench
07:00:32        8 root      20   0   34156  28960   6692 R 100.0   0.2   1:06.59 MicroBench
07:00:32        8 root      20   0   34156  28960   6692 R 100.0   0.2   1:06.74 MicroBench
07:00:32        8 root      20   0   34156  28960   6692 R  93.8   0.2   1:06.91 MicroBench
07:00:32        8 root      20   0   34156  28960   6692 R 100.0   0.2   1:07.07 MicroBench
07:00:32        8 root      20   0   34156  28960   6692 R 100.0   0.2   1:07.23 MicroBench
07:00:32        8 root      20   0   34156  28960   6692 R 100.0   0.2   1:07.40 MicroBench
07:00:33        8 root      20   0   34156  28960   6692 R 100.0   0.2   1:07.56 MicroBench
07:00:33        8 root      20   0   34156  28960   6692 R 100.0   0.2   1:07.72 MicroBench
07:00:33        8 root      20   0   34156  28960   6692 R 100.0   0.2   1:07.88 MicroBench
07:00:33        8 root      20   0   34156  28960   6692 R  93.8   0.2   1:08.05 MicroBench
07:00:33        8 root      20   0   34156  28960   6692 R 100.0   0.2   1:08.21 MicroBench
07:00:33        8 root      20   0   34156  28960   6692 R 100.0   0.2   1:08.39 MicroBench
07:00:34        8 root      20   0   34156  28960   6692 R 100.0   0.2   1:08.55 MicroBench
07:00:34        8 root      20   0   34156  28960   6692 R 100.0   0.2   1:08.72 MicroBench
07:00:34        8 root      20   0   34156  28960   6692 R  93.8   0.2   1:08.88 MicroBench
07:00:34        8 root      20   0   34156  28960   6692 R 100.0   0.2   1:09.05 MicroBench
07:00:34        8 root      20   0   34156  28960   6692 R 100.0   0.2   1:09.21 MicroBench
07:00:34        8 root      20   0   34156  28960   6692 R  93.8   0.2   1:09.37 MicroBench
07:00:35        8 root      20   0   34156  28960   6692 R  93.3   0.2   1:09.53 MicroBench
07:00:35        8 root      20   0   34156  28960   6692 R 100.0   0.2   1:09.70 MicroBench
07:00:35        8 root      20   0   34156  28960   6692 R 100.0   0.2   1:09.86 MicroBench
07:00:35        8 root      20   0   34156  28960   6692 R 100.0   0.2   1:10.03 MicroBench
07:00:35        8 root      20   0   34156  28960   6692 R 100.0   0.2   1:10.19 MicroBench
07:00:35        8 root      20   0   34156  28960   6692 R 100.0   0.2   1:10.35 MicroBench
07:00:36        8 root      20   0   34156  28960   6692 R 100.0   0.2   1:10.51 MicroBench
07:00:36        8 root      20   0   34156  28960   6692 R 100.0   0.2   1:10.68 MicroBench
07:00:36        8 root      20   0   34156  28960   6692 R 100.0   0.2   1:10.84 MicroBench
07:00:36        8 root      20   0   34156  28960   6692 R 100.0   0.2   1:11.00 MicroBench
07:00:36        8 root      20   0   34156  28960   6692 R 100.0   0.2   1:11.17 MicroBench
07:00:36        8 root      20   0   34156  28960   6692 R 100.0   0.2   1:11.34 MicroBench
07:00:37        8 root      20   0   34156  28960   6692 R  93.8   0.2   1:11.50 MicroBench
07:00:37        8 root      20   0   34156  28960   6692 R  93.3   0.2   1:11.66 MicroBench
07:00:37        8 root      20   0   34156  28960   6692 R 100.0   0.2   1:11.83 MicroBench
07:00:37        8 root      20   0   34156  28960   6692 R 100.0   0.2   1:11.99 MicroBench
07:00:37        8 root      20   0   34156  28960   6692 R 100.0   0.2   1:12.15 MicroBench
07:00:37        8 root      20   0   34156  28960   6692 R 100.0   0.2   1:12.31 MicroBench
07:00:38        8 root      20   0   34156  28960   6692 R 100.0   0.2   1:12.47 MicroBench
07:00:38        8 root      20   0   34156  28960   6692 R  93.3   0.2   1:12.63 MicroBench
07:00:38        8 root      20   0   34156  28960   6692 R 100.0   0.2   1:12.80 MicroBench
07:00:38        8 root      20   0   34156  28960   6692 R 100.0   0.2   1:12.97 MicroBench
07:00:38        8 root      20   0   34156  28960   6692 R 100.0   0.2   1:13.13 MicroBench
07:00:38        8 root      20   0   34156  28960   6692 R  93.3   0.2   1:13.29 MicroBench
07:00:39        8 root      20   0   34156  28960   6692 R 100.0   0.2   1:13.46 MicroBench
07:00:39        8 root      20   0   34156  28960   6692 R  93.8   0.2   1:13.63 MicroBench
07:00:39        8 root      20   0   34156  28960   6692 R  93.3   0.2   1:13.78 MicroBench
07:00:39        8 root      20   0   34156  28960   6692 R 100.0   0.2   1:13.95 MicroBench
07:00:39        8 root      20   0   34156  28960   6692 R 100.0   0.2   1:14.12 MicroBench
07:00:39        8 root      20   0   34156  28960   6692 R 100.0   0.2   1:14.28 MicroBench
07:00:40        8 root      20   0   34156  28960   6692 R 100.0   0.2   1:14.44 MicroBench
07:00:40        8 root      20   0   34156  28960   6692 R 100.0   0.2   1:14.60 MicroBench
07:00:40        8 root      20   0   34156  28960   6692 R 100.0   0.2   1:14.77 MicroBench
07:00:40        8 root      20   0   34156  28960   6692 R 100.0   0.2   1:14.93 MicroBench
07:00:40        8 root      20   0   34156  28960   6692 R 100.0   0.2   1:15.09 MicroBench
07:00:40        8 root      20   0   34156  28960   6692 R 100.0   0.2   1:15.26 MicroBench
07:00:41        8 root      20   0   34156  28960   6692 R 100.0   0.2   1:15.42 MicroBench
07:00:41        8 root      20   0   34156  28960   6692 R 100.0   0.2   1:15.58 MicroBench
07:00:41        8 root      20   0   34156  28960   6692 R 100.0   0.2   1:15.74 MicroBench
07:00:41        8 root      20   0   34156  28960   6692 R 100.0   0.2   1:15.90 MicroBench
07:00:41        8 root      20   0   34156  28960   6692 R 100.0   0.2   1:16.06 MicroBench
07:00:41        8 root      20   0   34156  28960   6692 R  93.3   0.2   1:16.22 MicroBench
Avg reg. time: 106956667
Avg opt. time: 76854021
Median reg. time: 106956667
Median opt. time: 76854021
07:00:41        8 root      20   0   34968  29752   6692 R 100.0   0.2   1:16.39 MicroBench
07:00:42  MicroBench not found.
MicroBench process has exited. Monitoring script will terminate.
