Args:
  Field size              : 2748779069441
  l                       : 64
  t                       : 10
  Number of parties        : 2048
  Number of repeats        : 1
  Monitor sleep time (ms) : 1

Started ./MicroBench with PID: 8
07:00:42        8 root      20   0   14700   9544   6620 R 100.0   0.1   0:00.15 MicroBench
07:00:42        8 root      20   0   14832   9544   6620 R 100.0   0.1   0:00.31 MicroBench
07:00:43        8 root      20   0   14832   9544   6620 R  93.8   0.1   0:00.47 MicroBench
07:00:43        8 root      20   0   14832   9544   6620 R 100.0   0.1   0:00.63 MicroBench
07:00:43        8 root      20   0   14756   9628   6620 R 100.0   0.1   0:00.80 MicroBench
07:00:43        8 root      20   0   14888   9628   6620 R  93.8   0.1   0:00.96 MicroBench
07:00:43        8 root      20   0   14820   9628   6620 R 100.0   0.1   0:01.13 MicroBench
07:00:43        8 root      20   0   14820   9628   6620 R 100.0   0.1   0:01.29 MicroBench
07:00:44        8 root      20   0   14820   9628   6620 R 100.0   0.1   0:01.45 MicroBench
07:00:44        8 root      20   0   14820   9628   6620 R 100.0   0.1   0:01.61 MicroBench
07:00:44        8 root      20   0   14820   9628   6620 R 100.0   0.1   0:01.77 MicroBench
07:00:44        8 root      20   0   14820   9628   6620 R 100.0   0.1   0:01.94 MicroBench
07:00:44        8 root      20   0   14820   9628   6620 R 100.0   0.1   0:02.10 MicroBench
07:00:44        8 root      20   0   14820   9628   6620 R  73.3   0.1   0:02.22 MicroBench
07:00:45        8 root      20   0   14820   9628   6620 R 100.0   0.1   0:02.38 MicroBench
07:00:45        8 root      20   0   14820   9628   6620 R 100.0   0.1   0:02.55 MicroBench
07:00:45        8 root      20   0   14820   9628   6620 R 100.0   0.1   0:02.71 MicroBench
07:00:45        8 root      20   0   14956   9628   6620 R 100.0   0.1   0:02.87 MicroBench
07:00:45        8 root      20   0   14956   9628   6620 R 100.0   0.1   0:03.04 MicroBench
07:00:45        8 root      20   0   14956   9628   6620 R 100.0   0.1   0:03.20 MicroBench
07:00:46        8 root      20   0   14956   9628   6620 R  93.8   0.1   0:03.36 MicroBench
07:00:46        8 root      20   0   14956   9628   6620 R 100.0   0.1   0:03.52 MicroBench
07:00:46        8 root      20   0   14956   9628   6620 R 100.0   0.1   0:03.68 MicroBench
07:00:46        8 root      20   0   14956   9628   6620 R 100.0   0.1   0:03.84 MicroBench
07:00:46        8 root      20   0   14892   9700   6620 R 100.0   0.1   0:04.01 MicroBench
07:00:46        8 root      20   0   14892   9700   6620 R 100.0   0.1   0:04.17 MicroBench
07:00:47        8 root      20   0   14860   9732   6620 R 100.0   0.1   0:04.34 MicroBench
07:00:47        8 root      20   0   14860   9732   6620 R 100.0   0.1   0:04.51 MicroBench
07:00:47        8 root      20   0   14860   9732   6620 R 100.0   0.1   0:04.67 MicroBench
07:00:47        8 root      20   0   14860   9732   6620 R 100.0   0.1   0:04.83 MicroBench
07:00:47        8 root      20   0   14860   9732   6620 R  93.8   0.1   0:04.99 MicroBench
07:00:47        8 root      20   0   14860   9732   6620 R 100.0   0.1   0:05.16 MicroBench
07:00:48        8 root      20   0   14860   9732   6620 R  93.8   0.1   0:05.32 MicroBench
07:00:48        8 root      20   0   14892   9764   6620 R 100.0   0.1   0:05.48 MicroBench
07:00:48        8 root      20   0   14836   9708   6620 R 100.0   0.1   0:05.65 MicroBench
07:00:48        8 root      20   0   14836   9708   6620 R 100.0   0.1   0:05.81 MicroBench
07:00:48        8 root      20   0   14836   9708   6620 R 100.0   0.1   0:05.98 MicroBench
07:00:48        8 root      20   0   14836   9708   6620 R 100.0   0.1   0:06.14 MicroBench
07:00:49        8 root      20   0   14836   9708   6620 R 100.0   0.1   0:06.30 MicroBench
07:00:49        8 root      20   0   14836   9708   6620 R 100.0   0.1   0:06.47 MicroBench
07:00:49        8 root      20   0   14836   9708   6620 R 100.0   0.1   0:06.63 MicroBench
07:00:49        8 root      20   0   14964   9772   6620 R 100.0   0.1   0:06.80 MicroBench
07:00:49        8 root      20   0   14836   9708   6620 R 100.0   0.1   0:06.96 MicroBench
07:00:49        8 root      20   0   14836   9708   6620 R 100.0   0.1   0:07.12 MicroBench
07:00:49        8 root      20   0   14836   9708   6620 R 100.0   0.1   0:07.28 MicroBench
07:00:50        8 root      20   0   14996   9708   6620 R 100.0   0.1   0:07.45 MicroBench
07:00:50        8 root      20   0   14836   9708   6620 R 100.0   0.1   0:07.61 MicroBench
07:00:50        8 root      20   0   14996   9708   6620 R 100.0   0.1   0:07.77 MicroBench
07:00:50        8 root      20   0   15028   9740   6620 R  93.3   0.1   0:07.94 MicroBench
07:00:50        8 root      20   0   14932   9772   6620 R 100.0   0.1   0:08.11 MicroBench
07:00:50        8 root      20   0   14836   9708   6620 R 100.0   0.1   0:08.27 MicroBench
07:00:51        8 root      20   0   24824  19532   6684 R 100.0   0.1   0:08.43 MicroBench
07:00:51        8 root      20   0   24824  19532   6684 R 100.0   0.1   0:08.59 MicroBench
07:00:51        8 root      20   0   24824  19532   6684 R  93.3   0.1   0:08.75 MicroBench
07:00:51        8 root      20   0   24824  19532   6684 R 100.0   0.1   0:08.92 MicroBench
07:00:51        8 root      20   0   24824  19532   6684 R 100.0   0.1   0:09.08 MicroBench
07:00:51        8 root      20   0   24824  19532   6684 R 100.0   0.1   0:09.24 MicroBench
07:00:52        8 root      20   0   24824  19532   6684 R 100.0   0.1   0:09.40 MicroBench
07:00:52        8 root      20   0   24824  19532   6684 R 100.0   0.1   0:09.56 MicroBench
07:00:52        8 root      20   0   24824  19532   6684 R 100.0   0.1   0:09.73 MicroBench
07:00:52        8 root      20   0   24824  19532   6684 R 100.0   0.1   0:09.89 MicroBench
07:00:52        8 root      20   0   24824  19532   6684 R 100.0   0.1   0:10.05 MicroBench
07:00:52        8 root      20   0   24824  19532   6684 R 100.0   0.1   0:10.22 MicroBench
07:00:53        8 root      20   0   24824  19532   6684 R 100.0   0.1   0:10.38 MicroBench
07:00:53        8 root      20   0   24824  19532   6684 R 100.0   0.1   0:10.54 MicroBench
07:00:53        8 root      20   0   24824  19532   6684 R 100.0   0.1   0:10.71 MicroBench
07:00:53        8 root      20   0   24824  19532   6684 R 100.0   0.1   0:10.87 MicroBench
07:00:53        8 root      20   0   24824  19532   6684 R 100.0   0.1   0:11.04 MicroBench
07:00:53        8 root      20   0   24824  19532   6684 R 100.0   0.1   0:11.20 MicroBench
07:00:54        8 root      20   0   24824  19532   6684 R 100.0   0.1   0:11.36 MicroBench
07:00:54        8 root      20   0   24824  19532   6684 R  93.3   0.1   0:11.52 MicroBench
07:00:54        8 root      20   0   24824  19532   6684 R 100.0   0.1   0:11.69 MicroBench
07:00:54        8 root      20   0   24824  19532   6684 R 100.0   0.1   0:11.85 MicroBench
07:00:54        8 root      20   0   24824  19532   6684 R  93.8   0.1   0:12.01 MicroBench
07:00:54        8 root      20   0   24824  19532   6684 R  93.8   0.1   0:12.17 MicroBench
07:00:55        8 root      20   0   24824  19532   6684 R 100.0   0.1   0:12.33 MicroBench
07:00:55        8 root      20   0   24824  19532   6684 R 100.0   0.1   0:12.49 MicroBench
07:00:55        8 root      20   0   24824  19532   6684 R  93.3   0.1   0:12.65 MicroBench
07:00:55        8 root      20   0   24824  19532   6684 R 100.0   0.1   0:12.82 MicroBench
07:00:55        8 root      20   0   24824  19532   6684 R 100.0   0.1   0:12.98 MicroBench
07:00:55        8 root      20   0   24824  19532   6684 R 100.0   0.1   0:13.14 MicroBench
07:00:56        8 root      20   0   24824  19532   6684 R 100.0   0.1   0:13.31 MicroBench
07:00:56        8 root      20   0   24824  19532   6684 R 100.0   0.1   0:13.46 MicroBench
07:00:56        8 root      20   0   24824  19532   6684 R 100.0   0.1   0:13.62 MicroBench
07:00:56        8 root      20   0   24824  19532   6684 R 100.0   0.1   0:13.79 MicroBench
07:00:56        8 root      20   0   24824  19532   6684 R 100.0   0.1   0:13.95 MicroBench
07:00:56        8 root      20   0   24824  19532   6684 R 100.0   0.1   0:14.12 MicroBench
07:00:57        8 root      20   0   24824  19532   6684 R 100.0   0.1   0:14.28 MicroBench
07:00:57        8 root      20   0   24824  19532   6684 R 100.0   0.1   0:14.44 MicroBench
07:00:57        8 root      20   0   24824  19532   6684 R  93.8   0.1   0:14.61 MicroBench
07:00:57        8 root      20   0   24824  19532   6684 R 100.0   0.1   0:14.78 MicroBench
07:00:57        8 root      20   0   24824  19532   6684 R 100.0   0.1   0:14.94 MicroBench
07:00:57        8 root      20   0   24824  19532   6684 R  93.3   0.1   0:15.10 MicroBench
07:00:57        8 root      20   0   24824  19532   6684 R 100.0   0.1   0:15.27 MicroBench
07:00:58        8 root      20   0   24824  19532   6684 R 100.0   0.1   0:15.43 MicroBench
07:00:58        8 root      20   0   24824  19532   6684 R 100.0   0.1   0:15.60 MicroBench
07:00:58        8 root      20   0   24824  19532   6684 R 100.0   0.1   0:15.76 MicroBench
07:00:58        8 root      20   0   24824  19532   6684 R 100.0   0.1   0:15.92 MicroBench
07:00:58        8 root      20   0   24824  19532   6684 R 100.0   0.1   0:16.08 MicroBench
07:00:58        8 root      20   0   24824  19532   6684 R 100.0   0.1   0:16.25 MicroBench
07:00:59        8 root      20   0   24824  19532   6684 R 100.0   0.1   0:16.41 MicroBench
07:00:59        8 root      20   0   24824  19532   6684 R 100.0   0.1   0:16.57 MicroBench
07:00:59        8 root      20   0   24824  19532   6684 R  87.5   0.1   0:16.73 MicroBench
07:00:59        8 root      20   0   24824  19532   6684 R 100.0   0.1   0:16.90 MicroBench
07:00:59        8 root      20   0   24824  19532   6684 R 100.0   0.1   0:17.06 MicroBench
07:00:59        8 root      20   0   24824  19532   6684 R  93.8   0.1   0:17.22 MicroBench
07:01:00        8 root      20   0   24824  19532   6684 R 100.0   0.1   0:17.39 MicroBench
07:01:00        8 root      20   0   24824  19532   6684 R 100.0   0.1   0:17.56 MicroBench
07:01:00        8 root      20   0   24824  19532   6684 R 100.0   0.1   0:17.72 MicroBench
07:01:00        8 root      20   0   24824  19532   6684 R 100.0   0.1   0:17.88 MicroBench
07:01:00        8 root      20   0   24824  19532   6684 R 100.0   0.1   0:18.06 MicroBench
07:01:00        8 root      20   0   24824  19532   6684 R 100.0   0.1   0:18.22 MicroBench
07:01:01        8 root      20   0   24824  19532   6684 R 100.0   0.1   0:18.39 MicroBench
07:01:01        8 root      20   0   24824  19532   6684 R 100.0   0.1   0:18.55 MicroBench
07:01:01        8 root      20   0   24824  19532   6684 R 100.0   0.1   0:18.71 MicroBench
07:01:01        8 root      20   0   24824  19532   6684 R 100.0   0.1   0:18.88 MicroBench
07:01:01        8 root      20   0   24824  19532   6684 R  93.8   0.1   0:19.07 MicroBench
07:01:01        8 root      20   0   24824  19532   6684 R 100.0   0.1   0:19.23 MicroBench
07:01:02        8 root      20   0   24824  19532   6684 R 100.0   0.1   0:19.39 MicroBench
07:01:02        8 root      20   0   24824  19532   6684 R 100.0   0.1   0:19.56 MicroBench
07:01:02        8 root      20   0   24824  19532   6684 R 100.0   0.1   0:19.72 MicroBench
07:01:02        8 root      20   0   24824  19532   6684 R 100.0   0.1   0:19.88 MicroBench
07:01:02        8 root      20   0   24824  19532   6684 R 100.0   0.1   0:20.05 MicroBench
07:01:02        8 root      20   0   24824  19532   6684 R 100.0   0.1   0:20.21 MicroBench
07:01:03        8 root      20   0   24824  19532   6684 R 100.0   0.1   0:20.37 MicroBench
07:01:03        8 root      20   0   24824  19532   6684 R  93.8   0.1   0:20.54 MicroBench
07:01:03        8 root      20   0   24824  19532   6684 R 100.0   0.1   0:20.70 MicroBench
07:01:03        8 root      20   0   24824  19532   6684 R 100.0   0.1   0:20.86 MicroBench
07:01:03        8 root      20   0   24824  19532   6684 R 100.0   0.1   0:21.02 MicroBench
07:01:03        8 root      20   0   24824  19532   6684 R  93.3   0.1   0:21.18 MicroBench
07:01:04        8 root      20   0   24824  19532   6684 R 100.0   0.1   0:21.35 MicroBench
07:01:04        8 root      20   0   24824  19532   6684 R 100.0   0.1   0:21.52 MicroBench
07:01:04        8 root      20   0   24824  19532   6684 R 100.0   0.1   0:21.68 MicroBench
07:01:04        8 root      20   0   24824  19532   6684 R 100.0   0.1   0:21.84 MicroBench
07:01:04        8 root      20   0   24824  19532   6684 R 100.0   0.1   0:22.00 MicroBench
07:01:04        8 root      20   0   24824  19532   6684 R 100.0   0.1   0:22.17 MicroBench
07:01:05        8 root      20   0   24824  19532   6684 R 100.0   0.1   0:22.33 MicroBench
07:01:05        8 root      20   0   24824  19532   6684 R 100.0   0.1   0:22.49 MicroBench
07:01:05        8 root      20   0   24824  19532   6684 R 100.0   0.1   0:22.66 MicroBench
07:01:05        8 root      20   0   24824  19532   6684 R 100.0   0.1   0:22.81 MicroBench
07:01:05        8 root      20   0   24824  19532   6684 R  93.3   0.1   0:22.97 MicroBench
07:01:05        8 root      20   0   24824  19532   6684 R 100.0   0.1   0:23.14 MicroBench
07:01:06        8 root      20   0   24824  19532   6684 R 100.0   0.1   0:23.30 MicroBench
07:01:06        8 root      20   0   24824  19532   6684 R  93.8   0.1   0:23.46 MicroBench
07:01:06        8 root      20   0   24824  19532   6684 R 100.0   0.1   0:23.62 MicroBench
07:01:06        8 root      20   0   24824  19532   6684 R 100.0   0.1   0:23.79 MicroBench
07:01:06        8 root      20   0   24824  19532   6684 R 100.0   0.1   0:23.95 MicroBench
07:01:06        8 root      20   0   24824  19532   6684 R 100.0   0.1   0:24.11 MicroBench
07:01:07        8 root      20   0   24824  19532   6684 R  93.3   0.1   0:24.27 MicroBench
07:01:07        8 root      20   0   24824  19532   6684 R 100.0   0.1   0:24.44 MicroBench
07:01:07        8 root      20   0   24824  19532   6684 R 100.0   0.1   0:24.60 MicroBench
07:01:07        8 root      20   0   24824  19532   6684 R  93.3   0.1   0:24.75 MicroBench
07:01:07        8 root      20   0   24824  19532   6684 R 100.0   0.1   0:24.93 MicroBench
07:01:07        8 root      20   0   24824  19532   6684 R 100.0   0.1   0:25.09 MicroBench
07:01:07        8 root      20   0   24824  19532   6684 R 100.0   0.1   0:25.25 MicroBench
07:01:08        8 root      20   0   24824  19532   6684 R 100.0   0.1   0:25.41 MicroBench
07:01:08        8 root      20   0   24824  19532   6684 R 100.0   0.1   0:25.57 MicroBench
07:01:08        8 root      20   0   24824  19532   6684 R 100.0   0.1   0:25.73 MicroBench
07:01:08        8 root      20   0   24824  19532   6684 R 100.0   0.1   0:25.90 MicroBench
07:01:08        8 root      20   0   24824  19532   6684 R 100.0   0.1   0:26.06 MicroBench
07:01:08        8 root      20   0   24824  19532   6684 R 100.0   0.1   0:26.22 MicroBench
07:01:09        8 root      20   0   24824  19532   6684 R  93.3   0.1   0:26.38 MicroBench
07:01:09        8 root      20   0   24824  19532   6684 R 100.0   0.1   0:26.55 MicroBench
07:01:09        8 root      20   0   24824  19532   6684 R 100.0   0.1   0:26.72 MicroBench
07:01:09        8 root      20   0   24824  19532   6684 R 100.0   0.1   0:26.88 MicroBench
07:01:09        8 root      20   0   24824  19532   6684 R 100.0   0.1   0:27.04 MicroBench
07:01:09        8 root      20   0   24824  19532   6684 R  93.3   0.1   0:27.20 MicroBench
07:01:10        8 root      20   0   24824  19532   6684 R  93.8   0.1   0:27.37 MicroBench
07:01:10        8 root      20   0   24824  19532   6684 R 100.0   0.1   0:27.53 MicroBench
07:01:10        8 root      20   0   24824  19532   6684 R 100.0   0.1   0:27.70 MicroBench
07:01:10        8 root      20   0   24824  19532   6684 R  93.8   0.1   0:27.86 MicroBench
07:01:10        8 root      20   0   24824  19532   6684 R 100.0   0.1   0:28.02 MicroBench
07:01:10        8 root      20   0   24824  19532   6684 R 100.0   0.1   0:28.18 MicroBench
07:01:11        8 root      20   0   24824  19532   6684 R 100.0   0.1   0:28.35 MicroBench
07:01:11        8 root      20   0   24824  19532   6684 R 100.0   0.1   0:28.51 MicroBench
07:01:11        8 root      20   0   24824  19532   6684 R 100.0   0.1   0:28.67 MicroBench
07:01:11        8 root      20   0   24824  19532   6684 R 100.0   0.1   0:28.83 MicroBench
07:01:11        8 root      20   0   24824  19532   6684 R 100.0   0.1   0:29.00 MicroBench
07:01:11        8 root      20   0   24824  19532   6684 R 100.0   0.1   0:29.16 MicroBench
07:01:12        8 root      20   0   24824  19532   6684 R 100.0   0.1   0:29.32 MicroBench
07:01:12        8 root      20   0   24824  19532   6684 R 100.0   0.1   0:29.49 MicroBench
07:01:12        8 root      20   0   24824  19532   6684 R 100.0   0.1   0:29.66 MicroBench
07:01:12        8 root      20   0   24824  19532   6684 R 100.0   0.1   0:29.82 MicroBench
07:01:12        8 root      20   0   24824  19532   6684 R 100.0   0.1   0:29.98 MicroBench
07:01:12        8 root      20   0   24824  19532   6684 R 100.0   0.1   0:30.15 MicroBench
07:01:13        8 root      20   0   24824  19532   6684 R  93.3   0.1   0:30.31 MicroBench
07:01:13        8 root      20   0   24824  19532   6684 R 100.0   0.1   0:30.48 MicroBench
07:01:13        8 root      20   0   24824  19532   6684 R  93.3   0.1   0:30.64 MicroBench
07:01:13        8 root      20   0   24824  19532   6684 R 100.0   0.1   0:30.81 MicroBench
07:01:13        8 root      20   0   24824  19532   6684 R 100.0   0.1   0:30.98 MicroBench
07:01:13        8 root      20   0   24824  19532   6684 R 100.0   0.1   0:31.15 MicroBench
07:01:14        8 root      20   0   24824  19532   6684 R 100.0   0.1   0:31.31 MicroBench
07:01:14        8 root      20   0   24824  19532   6684 R 100.0   0.1   0:31.47 MicroBench
07:01:14        8 root      20   0   24824  19532   6684 R 100.0   0.1   0:31.63 MicroBench
07:01:14        8 root      20   0   24824  19532   6684 R 100.0   0.1   0:31.80 MicroBench
07:01:14        8 root      20   0   24824  19532   6684 R 100.0   0.1   0:31.96 MicroBench
07:01:14        8 root      20   0   24824  19532   6684 R 100.0   0.1   0:32.12 MicroBench
07:01:15        8 root      20   0   24824  19532   6684 R 100.0   0.1   0:32.28 MicroBench
07:01:15        8 root      20   0   24824  19532   6684 R 100.0   0.1   0:32.45 MicroBench
07:01:15        8 root      20   0   24824  19532   6684 R 100.0   0.1   0:32.61 MicroBench
07:01:15        8 root      20   0   24824  19532   6684 R 100.0   0.1   0:32.78 MicroBench
07:01:15        8 root      20   0   24824  19532   6684 R 100.0   0.1   0:32.94 MicroBench
07:01:15        8 root      20   0   24824  19532   6684 R 100.0   0.1   0:33.10 MicroBench
07:01:16        8 root      20   0   24824  19532   6684 R 100.0   0.1   0:33.26 MicroBench
07:01:16        8 root      20   0   24824  19532   6684 R 100.0   0.1   0:33.42 MicroBench
07:01:16        8 root      20   0   24824  19532   6684 R 100.0   0.1   0:33.58 MicroBench
07:01:16        8 root      20   0   24824  19532   6684 R 100.0   0.1   0:33.74 MicroBench
07:01:16        8 root      20   0   24824  19532   6684 R 100.0   0.1   0:33.90 MicroBench
07:01:16        8 root      20   0   24824  19532   6684 R  93.3   0.1   0:34.06 MicroBench
07:01:16        8 root      20   0   24824  19532   6684 R 100.0   0.1   0:34.23 MicroBench
07:01:17        8 root      20   0   24824  19532   6684 R 100.0   0.1   0:34.39 MicroBench
07:01:17        8 root      20   0   24824  19532   6684 R 100.0   0.1   0:34.55 MicroBench
07:01:17        8 root      20   0   24824  19532   6684 R 100.0   0.1   0:34.72 MicroBench
07:01:17        8 root      20   0   24824  19532   6684 R 100.0   0.1   0:34.88 MicroBench
07:01:17        8 root      20   0   24824  19532   6684 R 100.0   0.1   0:35.04 MicroBench
07:01:17        8 root      20   0   24824  19532   6684 R  87.5   0.1   0:35.20 MicroBench
07:01:18        8 root      20   0   24824  19532   6684 R 100.0   0.1   0:35.37 MicroBench
07:01:18        8 root      20   0   24824  19532   6684 R 100.0   0.1   0:35.53 MicroBench
07:01:18        8 root      20   0   24824  19532   6684 R 100.0   0.1   0:35.71 MicroBench
07:01:18        8 root      20   0   24824  19532   6684 R 100.0   0.1   0:35.88 MicroBench
07:01:18        8 root      20   0   24824  19532   6684 R 100.0   0.1   0:36.05 MicroBench
07:01:18        8 root      20   0   24824  19532   6684 R  93.3   0.1   0:36.20 MicroBench
07:01:19        8 root      20   0   24824  19532   6684 R  93.3   0.1   0:36.36 MicroBench
07:01:19        8 root      20   0   24824  19532   6684 R 100.0   0.1   0:36.53 MicroBench
07:01:19        8 root      20   0   24824  19532   6684 R 100.0   0.1   0:36.69 MicroBench
07:01:19        8 root      20   0   24824  19532   6684 R 100.0   0.1   0:36.85 MicroBench
07:01:19        8 root      20   0   24824  19532   6684 R 100.0   0.1   0:37.02 MicroBench
07:01:19        8 root      20   0   24824  19532   6684 R 100.0   0.1   0:37.18 MicroBench
07:01:20        8 root      20   0   24824  19532   6684 R 100.0   0.1   0:37.34 MicroBench
07:01:20        8 root      20   0   24824  19532   6684 R 100.0   0.1   0:37.51 MicroBench
07:01:20        8 root      20   0   24824  19532   6684 R 100.0   0.1   0:37.67 MicroBench
07:01:20        8 root      20   0   24824  19532   6684 R 100.0   0.1   0:37.83 MicroBench
07:01:20        8 root      20   0   24824  19532   6684 R 100.0   0.1   0:37.99 MicroBench
07:01:20        8 root      20   0   24824  19532   6684 R 100.0   0.1   0:38.16 MicroBench
07:01:21        8 root      20   0   24824  19532   6684 R  93.8   0.1   0:38.32 MicroBench
07:01:21        8 root      20   0   24824  19532   6684 R 100.0   0.1   0:38.49 MicroBench
07:01:21        8 root      20   0   24824  19532   6684 R 100.0   0.1   0:38.65 MicroBench
07:01:21        8 root      20   0   24824  19532   6684 R  93.3   0.1   0:38.81 MicroBench
07:01:21        8 root      20   0   24824  19532   6684 R 100.0   0.1   0:38.98 MicroBench
07:01:21        8 root      20   0   24824  19532   6684 R 100.0   0.1   0:39.14 MicroBench
07:01:22        8 root      20   0   24824  19532   6684 R 100.0   0.1   0:39.31 MicroBench
07:01:22        8 root      20   0   24824  19532   6684 R  93.3   0.1   0:39.46 MicroBench
07:01:22        8 root      20   0   24824  19532   6684 R 100.0   0.1   0:39.63 MicroBench
07:01:22        8 root      20   0   24824  19532   6684 R  93.8   0.1   0:39.80 MicroBench
07:01:22        8 root      20   0   24824  19532   6684 R 100.0   0.1   0:39.96 MicroBench
07:01:22        8 root      20   0   24824  19532   6684 R  93.8   0.1   0:40.13 MicroBench
07:01:23        8 root      20   0   24824  19532   6684 R 100.0   0.1   0:40.29 MicroBench
07:01:23        8 root      20   0   24824  19532   6684 R 100.0   0.1   0:40.46 MicroBench
07:01:23        8 root      20   0   24824  19532   6684 R 100.0   0.1   0:40.62 MicroBench
07:01:23        8 root      20   0   24824  19532   6684 R 100.0   0.1   0:40.78 MicroBench
07:01:23        8 root      20   0   24824  19532   6684 R 100.0   0.1   0:40.94 MicroBench
07:01:23        8 root      20   0   24824  19532   6684 R  93.3   0.1   0:41.10 MicroBench
07:01:24        8 root      20   0   24824  19532   6684 R 100.0   0.1   0:41.27 MicroBench
07:01:24        8 root      20   0   24824  19532   6684 R 100.0   0.1   0:41.43 MicroBench
07:01:24        8 root      20   0   24824  19532   6684 R 100.0   0.1   0:41.59 MicroBench
07:01:24        8 root      20   0   24824  19532   6684 R 100.0   0.1   0:41.75 MicroBench
07:01:24        8 root      20   0   24824  19532   6684 R 100.0   0.1   0:41.92 MicroBench
07:01:24        8 root      20   0   24824  19532   6684 R 100.0   0.1   0:42.08 MicroBench
07:01:25        8 root      20   0   24824  19532   6684 R  93.3   0.1   0:42.24 MicroBench
07:01:25        8 root      20   0   24824  19532   6684 R 100.0   0.1   0:42.41 MicroBench
07:01:25        8 root      20   0   24824  19532   6684 R 100.0   0.1   0:42.57 MicroBench
07:01:25        8 root      20   0   24824  19532   6684 R 100.0   0.1   0:42.73 MicroBench
07:01:25        8 root      20   0   24824  19532   6684 R 100.0   0.1   0:42.89 MicroBench
07:01:25        8 root      20   0   24824  19532   6684 R 100.0   0.1   0:43.05 MicroBench
07:01:25        8 root      20   0   24824  19532   6684 R 100.0   0.1   0:43.21 MicroBench
07:01:26        8 root      20   0   24824  19532   6684 R 100.0   0.1   0:43.38 MicroBench
07:01:26        8 root      20   0   24824  19532   6684 R 100.0   0.1   0:43.54 MicroBench
07:01:26        8 root      20   0   24824  19532   6684 R 100.0   0.1   0:43.70 MicroBench
07:01:26        8 root      20   0   24824  19532   6684 R 100.0   0.1   0:43.86 MicroBench
07:01:26        8 root      20   0   24824  19532   6684 R 100.0   0.1   0:44.03 MicroBench
07:01:26        8 root      20   0   24824  19532   6684 R 100.0   0.1   0:44.19 MicroBench
07:01:27        8 root      20   0   24824  19532   6684 R 100.0   0.1   0:44.35 MicroBench
07:01:27        8 root      20   0   24824  19532   6684 R 100.0   0.1   0:44.52 MicroBench
07:01:27        8 root      20   0   24824  19532   6684 R 100.0   0.1   0:44.69 MicroBench
07:01:27        8 root      20   0   24824  19532   6684 R 100.0   0.1   0:44.85 MicroBench
07:01:27        8 root      20   0   24824  19532   6684 R 100.0   0.1   0:45.01 MicroBench
07:01:27        8 root      20   0   24824  19532   6684 R 100.0   0.1   0:45.18 MicroBench
07:01:28        8 root      20   0   24824  19532   6684 R 100.0   0.1   0:45.34 MicroBench
07:01:28        8 root      20   0   24824  19532   6684 R 100.0   0.1   0:45.50 MicroBench
07:01:28        8 root      20   0   24824  19532   6684 R  93.3   0.1   0:45.66 MicroBench
07:01:28        8 root      20   0   24824  19532   6684 R 100.0   0.1   0:45.83 MicroBench
07:01:28        8 root      20   0   24824  19532   6684 R 100.0   0.1   0:45.99 MicroBench
07:01:28        8 root      20   0   24824  19532   6684 R 100.0   0.1   0:46.16 MicroBench
07:01:29        8 root      20   0   24824  19532   6684 R  93.3   0.1   0:46.32 MicroBench
07:01:29        8 root      20   0   24824  19532   6684 R 100.0   0.1   0:46.49 MicroBench
07:01:29        8 root      20   0   24824  19532   6684 R 100.0   0.1   0:46.67 MicroBench
07:01:29        8 root      20   0   24824  19532   6684 R 100.0   0.1   0:46.83 MicroBench
07:01:29        8 root      20   0   24824  19532   6684 R 100.0   0.1   0:46.99 MicroBench
07:01:29        8 root      20   0   24824  19532   6684 R 100.0   0.1   0:47.15 MicroBench
07:01:30        8 root      20   0   24824  19532   6684 R 100.0   0.1   0:47.31 MicroBench
07:01:30        8 root      20   0   24824  19532   6684 R 100.0   0.1   0:47.48 MicroBench
07:01:30        8 root      20   0   24824  19532   6684 R 100.0   0.1   0:47.64 MicroBench
07:01:30        8 root      20   0   24824  19532   6684 R 100.0   0.1   0:47.80 MicroBench
07:01:30        8 root      20   0   24824  19532   6684 R 100.0   0.1   0:47.96 MicroBench
07:01:30        8 root      20   0   35632  30356   6684 R 100.0   0.2   0:48.13 MicroBench
07:01:31        8 root      20   0   35632  30356   6684 R 100.0   0.2   0:48.30 MicroBench
07:01:31        8 root      20   0   35632  30356   6684 R 100.0   0.2   0:48.47 MicroBench
07:01:31        8 root      20   0   35632  30356   6684 R 100.0   0.2   0:48.63 MicroBench
07:01:31        8 root      20   0   35632  30356   6684 R 100.0   0.2   0:48.79 MicroBench
07:01:31        8 root      20   0   35632  30356   6684 R 100.0   0.2   0:48.96 MicroBench
07:01:31        8 root      20   0   35632  30356   6684 R 100.0   0.2   0:49.13 MicroBench
07:01:32        8 root      20   0   35632  30356   6684 R 100.0   0.2   0:49.29 MicroBench
07:01:32        8 root      20   0   35632  30356   6684 R 100.0   0.2   0:49.45 MicroBench
07:01:32        8 root      20   0   35632  30356   6684 R  93.8   0.2   0:49.61 MicroBench
07:01:32        8 root      20   0   35632  30356   6684 R 100.0   0.2   0:49.77 MicroBench
07:01:32        8 root      20   0   35632  30356   6684 R 100.0   0.2   0:49.94 MicroBench
07:01:32        8 root      20   0   35632  30356   6684 R  93.8   0.2   0:50.10 MicroBench
07:01:33        8 root      20   0   35632  30356   6684 R 100.0   0.2   0:50.26 MicroBench
07:01:33        8 root      20   0   35632  30356   6684 R  93.3   0.2   0:50.42 MicroBench
07:01:33        8 root      20   0   35632  30356   6684 R 100.0   0.2   0:50.59 MicroBench
07:01:33        8 root      20   0   35632  30356   6684 R 100.0   0.2   0:50.76 MicroBench
07:01:33        8 root      20   0   35632  30356   6684 R 100.0   0.2   0:50.92 MicroBench
07:01:33        8 root      20   0   35632  30356   6684 R 100.0   0.2   0:51.08 MicroBench
07:01:34        8 root      20   0   35632  30356   6684 R 100.0   0.2   0:51.25 MicroBench
07:01:34        8 root      20   0   35632  30356   6684 R 100.0   0.2   0:51.41 MicroBench
07:01:34        8 root      20   0   35632  30356   6684 R 100.0   0.2   0:51.57 MicroBench
07:01:34        8 root      20   0   35632  30356   6684 R  93.8   0.2   0:51.73 MicroBench
07:01:34        8 root      20   0   35632  30356   6684 R 100.0   0.2   0:51.89 MicroBench
07:01:34        8 root      20   0   35632  30356   6684 R 100.0   0.2   0:52.06 MicroBench
07:01:35        8 root      20   0   35632  30356   6684 R 100.0   0.2   0:52.22 MicroBench
07:01:35        8 root      20   0   35632  30356   6684 R 100.0   0.2   0:52.38 MicroBench
07:01:35        8 root      20   0   35632  30356   6684 R 100.0   0.2   0:52.55 MicroBench
07:01:35        8 root      20   0   35632  30356   6684 R 100.0   0.2   0:52.71 MicroBench
07:01:35        8 root      20   0   35632  30356   6684 R 100.0   0.2   0:52.88 MicroBench
07:01:35        8 root      20   0   35632  30356   6684 R 100.0   0.2   0:53.04 MicroBench
07:01:35        8 root      20   0   35632  30356   6684 R  93.3   0.2   0:53.20 MicroBench
07:01:36        8 root      20   0   35632  30356   6684 R 100.0   0.2   0:53.37 MicroBench
07:01:36        8 root      20   0   35632  30356   6684 R 100.0   0.2   0:53.54 MicroBench
07:01:36        8 root      20   0   35632  30356   6684 R 100.0   0.2   0:53.70 MicroBench
07:01:36        8 root      20   0   35632  30356   6684 R 100.0   0.2   0:53.87 MicroBench
07:01:36        8 root      20   0   35632  30356   6684 R 100.0   0.2   0:54.04 MicroBench
07:01:36        8 root      20   0   35632  30356   6684 R 100.0   0.2   0:54.20 MicroBench
07:01:37        8 root      20   0   35632  30356   6684 R 100.0   0.2   0:54.36 MicroBench
07:01:37        8 root      20   0   35632  30356   6684 R 100.0   0.2   0:54.52 MicroBench
07:01:37        8 root      20   0   35632  30356   6684 R 100.0   0.2   0:54.69 MicroBench
07:01:37        8 root      20   0   35632  30356   6684 R 100.0   0.2   0:54.85 MicroBench
07:01:37        8 root      20   0   35632  30356   6684 R  87.5   0.2   0:55.01 MicroBench
07:01:37        8 root      20   0   35632  30356   6684 R  93.3   0.2   0:55.17 MicroBench
07:01:38        8 root      20   0   35632  30356   6684 R 100.0   0.2   0:55.34 MicroBench
07:01:38        8 root      20   0   35632  30356   6684 R 100.0   0.2   0:55.50 MicroBench
07:01:38        8 root      20   0   35632  30356   6684 R 100.0   0.2   0:55.66 MicroBench
07:01:38        8 root      20   0   35632  30356   6684 R 100.0   0.2   0:55.82 MicroBench
07:01:38        8 root      20   0   35632  30356   6684 R 100.0   0.2   0:55.99 MicroBench
07:01:38        8 root      20   0   35632  30356   6684 R 100.0   0.2   0:56.16 MicroBench
07:01:39        8 root      20   0   35632  30356   6684 R 100.0   0.2   0:56.33 MicroBench
07:01:39        8 root      20   0   35632  30356   6684 R  93.3   0.2   0:56.48 MicroBench
07:01:39        8 root      20   0   35632  30356   6684 R 100.0   0.2   0:56.65 MicroBench
07:01:39        8 root      20   0   35632  30356   6684 R 100.0   0.2   0:56.81 MicroBench
07:01:39        8 root      20   0   35632  30356   6684 R 100.0   0.2   0:56.98 MicroBench
07:01:39        8 root      20   0   35632  30356   6684 R 100.0   0.2   0:57.14 MicroBench
07:01:40        8 root      20   0   35632  30356   6684 R 100.0   0.2   0:57.31 MicroBench
07:01:40        8 root      20   0   35632  30356   6684 R 100.0   0.2   0:57.47 MicroBench
07:01:40        8 root      20   0   35632  30356   6684 R 100.0   0.2   0:57.64 MicroBench
07:01:40        8 root      20   0   35632  30356   6684 R 100.0   0.2   0:57.80 MicroBench
07:01:40        8 root      20   0   35632  30356   6684 R 100.0   0.2   0:57.97 MicroBench
07:01:40        8 root      20   0   35632  30356   6684 R 100.0   0.2   0:58.14 MicroBench
07:01:41        8 root      20   0   35632  30356   6684 R 100.0   0.2   0:58.31 MicroBench
07:01:41        8 root      20   0   35632  30356   6684 R 100.0   0.2   0:58.47 MicroBench
07:01:41        8 root      20   0   35632  30356   6684 R 100.0   0.2   0:58.64 MicroBench
07:01:41        8 root      20   0   35632  30356   6684 R 100.0   0.2   0:58.80 MicroBench
07:01:41        8 root      20   0   35632  30356   6684 R 100.0   0.2   0:58.97 MicroBench
07:01:41        8 root      20   0   35632  30356   6684 R  93.3   0.2   0:59.13 MicroBench
07:01:42        8 root      20   0   35632  30356   6684 R 100.0   0.2   0:59.30 MicroBench
07:01:42        8 root      20   0   35632  30356   6684 R 100.0   0.2   0:59.46 MicroBench
07:01:42        8 root      20   0   35632  30356   6684 R 100.0   0.2   0:59.62 MicroBench
07:01:42        8 root      20   0   35632  30356   6684 R  93.3   0.2   0:59.78 MicroBench
07:01:42        8 root      20   0   35632  30356   6684 R 100.0   0.2   0:59.95 MicroBench
07:01:42        8 root      20   0   35632  30356   6684 R 100.0   0.2   1:00.11 MicroBench
07:01:43        8 root      20   0   35632  30356   6684 R 100.0   0.2   1:00.27 MicroBench
07:01:43        8 root      20   0   35632  30356   6684 R 100.0   0.2   1:00.44 MicroBench
07:01:43        8 root      20   0   35632  30356   6684 R 100.0   0.2   1:00.60 MicroBench
07:01:43        8 root      20   0   35632  30356   6684 R 100.0   0.2   1:00.76 MicroBench
07:01:43        8 root      20   0   35632  30356   6684 R 100.0   0.2   1:00.93 MicroBench
07:01:43        8 root      20   0   35632  30356   6684 R 100.0   0.2   1:01.09 MicroBench
07:01:44        8 root      20   0   35632  30356   6684 R 100.0   0.2   1:01.25 MicroBench
07:01:44        8 root      20   0   35632  30356   6684 R  93.8   0.2   1:01.42 MicroBench
07:01:44        8 root      20   0   35632  30356   6684 R 100.0   0.2   1:01.58 MicroBench
07:01:44        8 root      20   0   35632  30356   6684 R 100.0   0.2   1:01.74 MicroBench
07:01:44        8 root      20   0   35632  30356   6684 R 100.0   0.2   1:01.91 MicroBench
07:01:44        8 root      20   0   35632  30356   6684 R 100.0   0.2   1:02.08 MicroBench
07:01:45        8 root      20   0   35632  30356   6684 R 100.0   0.2   1:02.25 MicroBench
07:01:45        8 root      20   0   35632  30356   6684 R 100.0   0.2   1:02.41 MicroBench
07:01:45        8 root      20   0   35632  30356   6684 R 100.0   0.2   1:02.57 MicroBench
07:01:45        8 root      20   0   35632  30356   6684 R  93.3   0.2   1:02.73 MicroBench
07:01:45        8 root      20   0   35632  30356   6684 R 100.0   0.2   1:02.90 MicroBench
07:01:45        8 root      20   0   35632  30356   6684 R  86.7   0.2   1:03.04 MicroBench
07:01:46        8 root      20   0   35632  30356   6684 R  93.3   0.2   1:03.20 MicroBench
07:01:46        8 root      20   0   35632  30356   6684 R 100.0   0.2   1:03.37 MicroBench
07:01:46        8 root      20   0   35632  30356   6684 R 100.0   0.2   1:03.53 MicroBench
07:01:46        8 root      20   0   35632  30356   6684 R 100.0   0.2   1:03.69 MicroBench
07:01:46        8 root      20   0   35632  30356   6684 R 100.0   0.2   1:03.86 MicroBench
07:01:46        8 root      20   0   35632  30356   6684 R 100.0   0.2   1:04.02 MicroBench
07:01:47        8 root      20   0   35632  30356   6684 R 100.0   0.2   1:04.18 MicroBench
07:01:47        8 root      20   0   35632  30356   6684 R 100.0   0.2   1:04.34 MicroBench
07:01:47        8 root      20   0   35632  30356   6684 R 100.0   0.2   1:04.51 MicroBench
07:01:47        8 root      20   0   35632  30356   6684 R 100.0   0.2   1:04.67 MicroBench
07:01:47        8 root      20   0   35632  30356   6684 R 100.0   0.2   1:04.83 MicroBench
07:01:47        8 root      20   0   35632  30356   6684 R 100.0   0.2   1:04.99 MicroBench
07:01:47        8 root      20   0   35632  30356   6684 R 100.0   0.2   1:05.15 MicroBench
07:01:48        8 root      20   0   35632  30356   6684 R 100.0   0.2   1:05.32 MicroBench
07:01:48        8 root      20   0   35632  30356   6684 R 100.0   0.2   1:05.48 MicroBench
07:01:48        8 root      20   0   35632  30356   6684 R  93.8   0.2   1:05.64 MicroBench
07:01:48        8 root      20   0   35632  30356   6684 R 100.0   0.2   1:05.80 MicroBench
07:01:48        8 root      20   0   35632  30356   6684 R 100.0   0.2   1:05.96 MicroBench
07:01:48        8 root      20   0   35632  30356   6684 R 100.0   0.2   1:06.13 MicroBench
07:01:49        8 root      20   0   35632  30356   6684 R  93.8   0.2   1:06.29 MicroBench
07:01:49        8 root      20   0   35632  30356   6684 R 100.0   0.2   1:06.45 MicroBench
07:01:49        8 root      20   0   35632  30356   6684 R 100.0   0.2   1:06.62 MicroBench
07:01:49        8 root      20   0   35632  30356   6684 R 100.0   0.2   1:06.78 MicroBench
07:01:49        8 root      20   0   35632  30356   6684 R 100.0   0.2   1:06.94 MicroBench
07:01:49        8 root      20   0   35632  30356   6684 R 100.0   0.2   1:07.11 MicroBench
07:01:50        8 root      20   0   35632  30356   6684 R 100.0   0.2   1:07.27 MicroBench
07:01:50        8 root      20   0   35632  30356   6684 R 100.0   0.2   1:07.43 MicroBench
07:01:50        8 root      20   0   35632  30356   6684 R 100.0   0.2   1:07.59 MicroBench
07:01:50        8 root      20   0   35632  30356   6684 R 100.0   0.2   1:07.76 MicroBench
07:01:50        8 root      20   0   35632  30356   6684 R 100.0   0.2   1:07.92 MicroBench
07:01:50        8 root      20   0   35632  30356   6684 R 100.0   0.2   1:08.08 MicroBench
07:01:51        8 root      20   0   35632  30356   6684 R 100.0   0.2   1:08.24 MicroBench
07:01:51        8 root      20   0   35632  30356   6684 R 100.0   0.2   1:08.41 MicroBench
07:01:51        8 root      20   0   35632  30356   6684 R 100.0   0.2   1:08.57 MicroBench
07:01:51        8 root      20   0   35632  30356   6684 R 100.0   0.2   1:08.74 MicroBench
07:01:51        8 root      20   0   35632  30356   6684 R 100.0   0.2   1:08.90 MicroBench
07:01:51        8 root      20   0   35632  30356   6684 R 100.0   0.2   1:09.06 MicroBench
07:01:52        8 root      20   0   35632  30356   6684 R 100.0   0.2   1:09.22 MicroBench
07:01:52        8 root      20   0   35632  30356   6684 R 100.0   0.2   1:09.39 MicroBench
07:01:52        8 root      20   0   35632  30356   6684 R 100.0   0.2   1:09.55 MicroBench
07:01:52        8 root      20   0   35632  30356   6684 R 100.0   0.2   1:09.72 MicroBench
07:01:52        8 root      20   0   35632  30356   6684 R 100.0   0.2   1:09.88 MicroBench
07:01:52        8 root      20   0   35632  30356   6684 R 100.0   0.2   1:10.04 MicroBench
07:01:53        8 root      20   0   35632  30356   6684 R  93.3   0.2   1:10.20 MicroBench
07:01:53        8 root      20   0   35632  30356   6684 R 100.0   0.2   1:10.37 MicroBench
07:01:53        8 root      20   0   35632  30356   6684 R 100.0   0.2   1:10.53 MicroBench
07:01:53        8 root      20   0   35632  30356   6684 R 100.0   0.2   1:10.70 MicroBench
07:01:53        8 root      20   0   35632  30356   6684 R 100.0   0.2   1:10.86 MicroBench
07:01:53        8 root      20   0   35632  30356   6684 R 100.0   0.2   1:11.03 MicroBench
07:01:54        8 root      20   0   35632  30356   6684 R 100.0   0.2   1:11.19 MicroBench
07:01:54        8 root      20   0   35632  30356   6684 R 100.0   0.2   1:11.35 MicroBench
07:01:54        8 root      20   0   35632  30356   6684 R 100.0   0.2   1:11.52 MicroBench
07:01:54        8 root      20   0   35632  30356   6684 R 100.0   0.2   1:11.68 MicroBench
07:01:54        8 root      20   0   35632  30356   6684 R 100.0   0.2   1:11.84 MicroBench
07:01:54        8 root      20   0   35632  30356   6684 R 100.0   0.2   1:12.00 MicroBench
07:01:54        8 root      20   0   35632  30356   6684 R 100.0   0.2   1:12.16 MicroBench
07:01:55        8 root      20   0   35632  30356   6684 R 100.0   0.2   1:12.32 MicroBench
07:01:55        8 root      20   0   35632  30356   6684 R 100.0   0.2   1:12.49 MicroBench
07:01:55        8 root      20   0   35632  30356   6684 R 100.0   0.2   1:12.66 MicroBench
07:01:55        8 root      20   0   35632  30356   6684 R 100.0   0.2   1:12.82 MicroBench
07:01:55        8 root      20   0   35632  30356   6684 R 100.0   0.2   1:12.98 MicroBench
07:01:55        8 root      20   0   35632  30356   6684 R 100.0   0.2   1:13.15 MicroBench
07:01:56        8 root      20   0   35632  30356   6684 R 100.0   0.2   1:13.31 MicroBench
07:01:56        8 root      20   0   35632  30356   6684 R 100.0   0.2   1:13.48 MicroBench
07:01:56        8 root      20   0   35632  30356   6684 R  93.3   0.2   1:13.63 MicroBench
07:01:56        8 root      20   0   35632  30356   6684 R 100.0   0.2   1:13.80 MicroBench
07:01:56        8 root      20   0   35632  30356   6684 R 100.0   0.2   1:13.96 MicroBench
07:01:56        8 root      20   0   35632  30356   6684 R 100.0   0.2   1:14.12 MicroBench
07:01:57        8 root      20   0   35632  30356   6684 R  93.3   0.2   1:14.28 MicroBench
07:01:57        8 root      20   0   35632  30356   6684 R 100.0   0.2   1:14.45 MicroBench
07:01:57        8 root      20   0   35632  30356   6684 R 100.0   0.2   1:14.62 MicroBench
07:01:57        8 root      20   0   35632  30356   6684 R 100.0   0.2   1:14.78 MicroBench
07:01:57        8 root      20   0   35632  30356   6684 R 100.0   0.2   1:14.94 MicroBench
07:01:57        8 root      20   0   35632  30356   6684 R 100.0   0.2   1:15.10 MicroBench
07:01:58        8 root      20   0   35632  30356   6684 R  93.8   0.2   1:15.26 MicroBench
07:01:58        8 root      20   0   35632  30356   6684 R 100.0   0.2   1:15.42 MicroBench
07:01:58        8 root      20   0   35632  30356   6684 R  93.3   0.2   1:15.58 MicroBench
07:01:58        8 root      20   0   35632  30356   6684 R 100.0   0.2   1:15.74 MicroBench
07:01:58        8 root      20   0   35632  30356   6684 R 100.0   0.2   1:15.91 MicroBench
07:01:58        8 root      20   0   35632  30356   6684 R 100.0   0.2   1:16.07 MicroBench
07:01:59        8 root      20   0   35632  30356   6684 R  93.8   0.2   1:16.24 MicroBench
07:01:59        8 root      20   0   35632  30356   6684 R 100.0   0.2   1:16.40 MicroBench
07:01:59        8 root      20   0   35632  30356   6684 R 100.0   0.2   1:16.57 MicroBench
07:01:59        8 root      20   0   35632  30356   6684 R  93.8   0.2   1:16.73 MicroBench
07:01:59        8 root      20   0   35632  30356   6684 R 100.0   0.2   1:16.89 MicroBench
07:01:59        8 root      20   0   35632  30356   6684 R 100.0   0.2   1:17.06 MicroBench
07:02:00        8 root      20   0   35632  30356   6684 R 100.0   0.2   1:17.22 MicroBench
07:02:00        8 root      20   0   35632  30356   6684 R 100.0   0.2   1:17.38 MicroBench
07:02:00        8 root      20   0   35632  30356   6684 R 100.0   0.2   1:17.54 MicroBench
07:02:00        8 root      20   0   35632  30356   6684 R 100.0   0.2   1:17.70 MicroBench
07:02:00        8 root      20   0   35632  30356   6684 R 100.0   0.2   1:17.87 MicroBench
07:02:00        8 root      20   0   35632  30356   6684 R 100.0   0.2   1:18.04 MicroBench
07:02:01        8 root      20   0   35632  30356   6684 R  93.8   0.2   1:18.20 MicroBench
07:02:01        8 root      20   0   35632  30356   6684 R 100.0   0.2   1:18.36 MicroBench
07:02:01        8 root      20   0   35632  30356   6684 R 100.0   0.2   1:18.52 MicroBench
07:02:01        8 root      20   0   35632  30356   6684 R 100.0   0.2   1:18.68 MicroBench
07:02:01        8 root      20   0   35632  30356   6684 R 100.0   0.2   1:18.84 MicroBench
07:02:01        8 root      20   0   35632  30356   6684 R  93.3   0.2   1:19.00 MicroBench
07:02:02        8 root      20   0   35632  30356   6684 R 100.0   0.2   1:19.17 MicroBench
07:02:02        8 root      20   0   35632  30356   6684 R 100.0   0.2   1:19.34 MicroBench
07:02:02        8 root      20   0   35632  30356   6684 R 100.0   0.2   1:19.50 MicroBench
07:02:02        8 root      20   0   35632  30356   6684 R 100.0   0.2   1:19.66 MicroBench
07:02:02        8 root      20   0   35632  30356   6684 R 100.0   0.2   1:19.82 MicroBench
07:02:02        8 root      20   0   35632  30356   6684 R  93.8   0.2   1:19.98 MicroBench
07:02:03        8 root      20   0   35632  30356   6684 R 100.0   0.2   1:20.15 MicroBench
07:02:03        8 root      20   0   35632  30356   6684 R 100.0   0.2   1:20.31 MicroBench
07:02:03        8 root      20   0   35632  30356   6684 R 100.0   0.2   1:20.47 MicroBench
07:02:03        8 root      20   0   35632  30356   6684 R 100.0   0.2   1:20.63 MicroBench
07:02:03        8 root      20   0   35632  30356   6684 R 100.0   0.2   1:20.79 MicroBench
07:02:03        8 root      20   0   35632  30356   6684 R 100.0   0.2   1:20.95 MicroBench
07:02:03        8 root      20   0   35632  30356   6684 R  93.3   0.2   1:21.11 MicroBench
07:02:04        8 root      20   0   35632  30356   6684 R 100.0   0.2   1:21.28 MicroBench
07:02:04        8 root      20   0   35632  30356   6684 R 100.0   0.2   1:21.44 MicroBench
07:02:04        8 root      20   0   35632  30356   6684 R 100.0   0.2   1:21.61 MicroBench
07:02:04        8 root      20   0   35632  30356   6684 R  93.8   0.2   1:21.77 MicroBench
07:02:04        8 root      20   0   35632  30356   6684 R 100.0   0.2   1:21.93 MicroBench
07:02:04        8 root      20   0   35632  30356   6684 R  93.8   0.2   1:22.10 MicroBench
07:02:05        8 root      20   0   35632  30356   6684 R 100.0   0.2   1:22.26 MicroBench
07:02:05        8 root      20   0   35632  30356   6684 R  93.3   0.2   1:22.42 MicroBench
07:02:05        8 root      20   0   35632  30356   6684 R 100.0   0.2   1:22.59 MicroBench
07:02:05        8 root      20   0   35632  30356   6684 R 100.0   0.2   1:22.76 MicroBench
07:02:05        8 root      20   0   35632  30356   6684 R 100.0   0.2   1:22.92 MicroBench
07:02:05        8 root      20   0   35632  30356   6684 R  93.3   0.2   1:23.08 MicroBench
07:02:06        8 root      20   0   35632  30356   6684 R 100.0   0.2   1:23.26 MicroBench
07:02:06        8 root      20   0   35632  30356   6684 R  93.8   0.2   1:23.42 MicroBench
07:02:06        8 root      20   0   35632  30356   6684 R 100.0   0.2   1:23.59 MicroBench
07:02:06        8 root      20   0   35632  30356   6684 R 100.0   0.2   1:23.75 MicroBench
07:02:06        8 root      20   0   35632  30356   6684 R 100.0   0.2   1:23.91 MicroBench
07:02:06        8 root      20   0   35632  30356   6684 R 100.0   0.2   1:24.07 MicroBench
07:02:07        8 root      20   0   35632  30356   6684 R  93.8   0.2   1:24.24 MicroBench
07:02:07        8 root      20   0   35632  30356   6684 R 100.0   0.2   1:24.40 MicroBench
07:02:07        8 root      20   0   35632  30356   6684 R 100.0   0.2   1:24.56 MicroBench
07:02:07        8 root      20   0   35632  30356   6684 R 100.0   0.2   1:24.73 MicroBench
07:02:07        8 root      20   0   35632  30356   6684 R 100.0   0.2   1:24.89 MicroBench
07:02:07        8 root      20   0   35632  30356   6684 R 100.0   0.2   1:25.05 MicroBench
07:02:08        8 root      20   0   35632  30356   6684 R  93.3   0.2   1:25.23 MicroBench
07:02:08        8 root      20   0   35632  30356   6684 R 100.0   0.2   1:25.40 MicroBench
07:02:08        8 root      20   0   35632  30356   6684 R 100.0   0.2   1:25.56 MicroBench
07:02:08        8 root      20   0   35632  30356   6684 R 100.0   0.2   1:25.72 MicroBench
07:02:08        8 root      20   0   35632  30356   6684 R  93.3   0.2   1:25.88 MicroBench
07:02:08        8 root      20   0   35632  30356   6684 R  93.8   0.2   1:26.05 MicroBench
07:02:09        8 root      20   0   35632  30356   6684 R 100.0   0.2   1:26.21 MicroBench
07:02:09        8 root      20   0   35632  30356   6684 R 100.0   0.2   1:26.37 MicroBench
07:02:09        8 root      20   0   35632  30356   6684 R 100.0   0.2   1:26.54 MicroBench
07:02:09        8 root      20   0   35632  30356   6684 R 100.0   0.2   1:26.70 MicroBench
07:02:09        8 root      20   0   35632  30356   6684 R 100.0   0.2   1:26.86 MicroBench
07:02:09        8 root      20   0   35632  30356   6684 R 100.0   0.2   1:27.02 MicroBench
07:02:10        8 root      20   0   35632  30356   6684 R  93.3   0.2   1:27.18 MicroBench
07:02:10        8 root      20   0   35632  30356   6684 R  93.3   0.2   1:27.34 MicroBench
07:02:10        8 root      20   0   35632  30356   6684 R 100.0   0.2   1:27.51 MicroBench
07:02:10        8 root      20   0   35632  30356   6684 R  87.5   0.2   1:27.67 MicroBench
07:02:10        8 root      20   0   35632  30356   6684 R 100.0   0.2   1:27.84 MicroBench
07:02:10        8 root      20   0   35772  30620   6684 R 100.0   0.2   1:28.00 MicroBench
Avg reg. time: 112848438
Avg opt. time: 75508708
Median reg. time: 112848438
Median opt. time: 75508708
07:02:11  MicroBench not found.
MicroBench process has exited. Monitoring script will terminate.
