Args:
  Number of session tables    : 256
  Parameter of LOCA           : 2
  Monitor sleep time (ms) : 100

Started ./src/main with PID: 8
Initializing curve parameters...
Number of sessions (N): 256
Number of secrets (K): 2
07:14:45        8 root      20   0   31816  25284   4064 R 100.0   0.2   0:00.15 main
07:14:45        8 root      20   0   45404  38716   4064 R 100.0   0.2   0:00.43 main
07:14:46        8 root      20   0   61472  47940   4064 R 100.0   0.3   0:00.70 main
07:14:46        8 root      20   0  110612  95908   4064 R 100.0   0.6   0:00.96 main
(enter) Call to r1cs_gg_ppzksnark_generator	[             ]	(1747034086.4956s x0.00 from start)
  (enter) Call to r1cs_constraint_system::swap_AB_if_beneficial	[             ]	(1747034086.6249s x0.00 from start)
    (enter) Estimate densities                 	[             ]	(1747034086.6249s x0.00 from start)
      * Non-zero A-count (estimate): 98482
      * Non-zero B-count (estimate): 38945
    (leave) Estimate densities                 	[0.0213s x1.00]	(1747034086.6462s x0.00 from start)
    Swap is not beneficial, not performing
  (leave) Call to r1cs_constraint_system::swap_AB_if_beneficial	[0.0214s x1.00]	(1747034086.6463s x0.00 from start)
  (enter) Call to r1cs_to_qap_instance_map_with_evaluation	[             ]	(1747034086.6465s x0.00 from start)
    (enter) Compute evaluations of A, B, C, H at t	[             ]	(1747034086.6584s x0.00 from start)
07:14:46        8 root      20   0  204836 187436   4296 R  93.8   1.2   0:01.23 main
07:14:46        8 root      20   0  204836 187436   4296 R 100.0   1.2   0:01.50 main
07:14:47        8 root      20   0  204836 187436   4296 R 100.0   1.2   0:01.77 main
07:14:47        8 root      20   0  204836 187436   4296 R  93.8   1.2   0:02.03 main
07:14:47        8 root      20   0  204836 187436   4296 R 100.0   1.2   0:02.30 main
07:14:47        8 root      20   0  204836 187436   4296 R 100.0   1.2   0:02.57 main
07:14:48        8 root      20   0  204836 187436   4296 R 100.0   1.2   0:02.85 main
07:14:48        8 root      20   0  204836 187436   4296 R 100.0   1.2   0:03.12 main
07:14:48        8 root      20   0  204836 187436   4296 R 100.0   1.2   0:03.38 main
    (leave) Compute evaluations of A, B, C, H at t	[2.3602s x1.00]	(1747034089.0186s x0.00 from start)
  (leave) Call to r1cs_to_qap_instance_map_with_evaluation	[2.3722s x1.00]	(1747034089.0187s x0.00 from start)
  * QAP number of variables: 119220
  * QAP pre degree: 188193
  * QAP degree: 262144
  * QAP number of input variables: 65793
  (enter) Compute query densities            	[             ]	(1747034089.0187s x0.00 from start)
  (leave) Compute query densities            	[0.0026s x1.00]	(1747034089.0213s x0.00 from start)
  (enter) Compute gamma_ABC for R1CS verification key	[             ]	(1747034089.0214s x0.00 from start)
  (leave) Compute gamma_ABC for R1CS verification key	[0.0700s x0.96]	(1747034089.0914s x0.00 from start)
  (enter) Compute L query for R1CS proving key	[             ]	(1747034089.0916s x0.00 from start)
  (leave) Compute L query for R1CS proving key	[0.0609s x0.94]	(1747034089.1525s x0.00 from start)
  (enter) Generating G1 MSM window table     	[             ]	(1747034089.1527s x0.00 from start)
07:14:48        8 root      20   0  204836 195416   4296 R  93.8   1.2   0:03.66 main
07:14:49        8 root      20   0  255668 246352   4296 R 100.0   1.5   0:03.92 main
07:14:49        8 root      20   0  255668 246352   4296 R 100.0   1.5   0:04.19 main
07:14:49        8 root      20   0  255668 246352   4296 R 100.0   1.5   0:04.45 main
07:14:50        8 root      20   0  255668 246352   4296 R 100.0   1.5   0:04.72 main
07:14:50        8 root      20   0  255668 246352   4296 R  93.8   1.5   0:04.99 main
07:14:50        8 root      20   0  255668 246352   4296 R  93.3   1.5   0:05.25 main
07:14:50        8 root      20   0  255668 246352   4296 R 100.0   1.5   0:05.52 main
07:14:51        8 root      20   0  255668 246352   4296 R 100.0   1.5   0:05.79 main
07:14:51        8 root      20   0  255668 246352   4296 R 100.0   1.5   0:06.06 main
07:14:51        8 root      20   0  255668 246352   4296 R 100.0   1.5   0:06.32 main
07:14:51        8 root      20   0  255668 246352   4296 R 100.0   1.5   0:06.60 main
07:14:52        8 root      20   0  255668 246352   4296 R 100.0   1.5   0:06.86 main
    Choosing window size 15 for 256904 elements
    * G1 window: 15
  (leave) Generating G1 MSM window table     	[3.2745s x1.00]	(1747034092.4272s x0.00 from start)
  (enter) Generating G2 MSM window table     	[             ]	(1747034092.4273s x0.00 from start)
07:14:52        8 root      20   0  271028 261664   4296 R 100.0   1.6   0:07.14 main
07:14:52        8 root      20   0  271028 261664   4296 R 100.0   1.6   0:07.40 main
07:14:53        8 root      20   0  271028 261664   4296 R 100.0   1.6   0:07.67 main
07:14:53        8 root      20   0  271028 261664   4296 R 100.0   1.6   0:07.94 main
07:14:53        8 root      20   0  271028 261664   4296 R 100.0   1.6   0:08.21 main
07:14:53        8 root      20   0  271028 261664   4296 R 100.0   1.6   0:08.49 main
07:14:54        8 root      20   0  271028 261664   4296 R 100.0   1.6   0:08.76 main
07:14:54        8 root      20   0  271028 261664   4296 R 100.0   1.6   0:09.03 main
07:14:54        8 root      20   0  271028 261664   4296 R 100.0   1.6   0:09.30 main
    Choosing window size 12 for 38945 elements
    * G2 window: 12
  (leave) Generating G2 MSM window table     	[2.4712s x1.00]	(1747034094.8985s x0.00 from start)
  (enter) Generate R1CS proving key          	[             ]	(1747034094.8986s x0.00 from start)
    (enter) Generate queries                   	[             ]	(1747034094.9172s x0.00 from start)
      (enter) Compute the A-query                	[             ]	(1747034094.9173s x0.00 from start)
      .07:14:54        8 root      20   0  282208 272940   4296 R  93.8   1.7   0:09.57 main
07:14:55        8 root      20   0  282208 272940   4296 R 100.0   1.7   0:09.84 main
07:14:55        8 root      20   0  282208 272940   4296 R 100.0   1.7   0:10.10 main
07:14:55        8 root      20   0  282208 272940   4296 R 100.0   1.7   0:10.37 main
.07:14:55        8 root      20   0  282208 272940   4296 R 100.0   1.7   0:10.64 main
07:14:56        8 root      20   0  282208 272940   4296 R 100.0   1.7   0:10.91 main
07:14:56        8 root      20   0  282208 272940   4296 R 100.0   1.7   0:11.17 main
07:14:56        8 root      20   0  282208 272940   4296 R 100.0   1.7   0:11.44 main
.07:14:57        8 root      20   0  282208 272940   4296 R 100.0   1.7   0:11.71 main
07:14:57        8 root      20   0  282208 272940   4296 R 100.0   1.7   0:11.98 main
07:14:57        8 root      20   0  282208 272940   4296 R  93.8   1.7   0:12.24 main
07:14:57        8 root      20   0  282208 272940   4296 R 100.0   1.7   0:12.51 main
07:14:58        8 root      20   0  282208 272940   4296 R 100.0   1.7   0:12.78 main
.07:14:58        8 root      20   0  282208 272940   4296 R  93.8   1.7   0:13.05 main
07:14:58        8 root      20   0  282208 272940   4296 R 100.0   1.7   0:13.32 main
07:14:58        8 root      20   0  282208 272940   4296 R 100.0   1.7   0:13.59 main
07:14:59        8 root      20   0  282208 272940   4296 R 100.0   1.7   0:13.86 main
.07:14:59        8 root      20   0  282208 272940   4296 R  93.8   1.7   0:14.13 main
07:14:59        8 root      20   0  282208 272940   4296 R 100.0   1.7   0:14.39 main
07:15:00        8 root      20   0  282208 272940   4296 R 100.0   1.7   0:14.66 main
07:15:00        8 root      20   0  282208 272940   4296 R 100.0   1.7   0:14.93 main
.07:15:00        8 root      20   0  282208 272940   4296 R 100.0   1.7   0:15.20 main
07:15:00        8 root      20   0  282208 272940   4296 R 100.0   1.7   0:15.46 main
07:15:01        8 root      20   0  282208 272940   4296 R 100.0   1.7   0:15.73 main
07:15:01        8 root      20   0  282208 272940   4296 R 100.0   1.7   0:16.01 main
.07:15:01        8 root      20   0  282208 272940   4296 R 100.0   1.7   0:16.28 main
07:15:01        8 root      20   0  282208 272940   4296 R 100.0   1.7   0:16.54 main
07:15:02        8 root      20   0  282208 272940   4296 R  93.8   1.7   0:16.81 main
07:15:02        8 root      20   0  282208 272940   4296 R 100.0   1.7   0:17.08 main
.07:15:02        8 root      20   0  282208 272940   4296 R 100.0   1.7   0:17.34 main
07:15:02        8 root      20   0  282208 272940   4296 R 100.0   1.7   0:17.61 main
07:15:03        8 root      20   0  282208 272940   4296 R 100.0   1.7   0:17.88 main
.07:15:03        8 root      20   0  282208 272940   4296 R 100.0   1.7   0:18.15 main
07:15:03        8 root      20   0  282208 272940   4296 R  93.8   1.7   0:18.41 main
.07:15:04        8 root      20   0  282208 272940   4296 R 100.0   1.7   0:18.69 main
07:15:04        8 root      20   0  282208 272940   4296 R 100.0   1.7   0:18.96 main
07:15:04        8 root      20   0  282208 272940   4296 R  93.8   1.7   0:19.22 main
.07:15:04        8 root      20   0  282208 272940   4296 R 100.0   1.7   0:19.49 main
07:15:05        8 root      20   0  282208 272940   4296 R 100.0   1.7   0:19.76 main
.07:15:05        8 root      20   0  282208 272940   4296 R  93.8   1.7   0:20.03 main
07:15:05        8 root      20   0  282208 272940   4296 R 100.0   1.7   0:20.30 main
07:15:05        8 root      20   0  282208 272940   4296 R 100.0   1.7   0:20.57 main
 DONE!
      (leave) Compute the A-query                	[11.3674s x1.00]	(1747034106.2847s x0.00 from start)
      (enter) Compute the B-query                	[             ]	(1747034106.2848s x0.00 from start)
07:15:06        8 root      20   0  293164 272940   4296 R 100.0   1.7   0:20.83 main
07:15:06        8 root      20   0  293164 272940   4296 R  93.8   1.7   0:21.10 main
07:15:06        8 root      20   0  293164 273204   4296 R 100.0   1.7   0:21.37 main
07:15:07        8 root      20   0  293164 273204   4296 R 100.0   1.7   0:21.64 main
07:15:07        8 root      20   0  293164 273204   4296 R 100.0   1.7   0:21.91 main
07:15:07        8 root      20   0  293164 273468   4296 R 100.0   1.7   0:22.18 main
07:15:07        8 root      20   0  293164 273468   4296 R 100.0   1.7   0:22.44 main
07:15:08        8 root      20   0  293164 273732   4296 R  93.8   1.7   0:22.71 main
07:15:08        8 root      20   0  293164 273732   4296 R 100.0   1.7   0:22.98 main
07:15:08        8 root      20   0  293164 275780   4296 R 100.0   1.7   0:23.24 main
07:15:08        8 root      20   0  293164 275780   4296 R 100.0   1.7   0:23.51 main
07:15:09        8 root      20   0  293164 275780   4296 R 100.0   1.7   0:23.78 main
07:15:09        8 root      20   0  293164 275780   4296 R 100.0   1.7   0:24.05 main
07:15:09        8 root      20   0  293164 275780   4296 R 100.0   1.7   0:24.31 main
07:15:09        8 root      20   0  293164 275780   4296 R 100.0   1.7   0:24.58 main
07:15:10        8 root      20   0  293164 275780   4296 R  93.8   1.7   0:24.85 main
07:15:10        8 root      20   0  293164 275780   4296 R 100.0   1.7   0:25.12 main
07:15:10        8 root      20   0  293164 275780   4296 R 100.0   1.7   0:25.38 main
07:15:11        8 root      20   0  293164 275780   4296 R 100.0   1.7   0:25.65 main
07:15:11        8 root      20   0  293164 275780   4296 R 100.0   1.7   0:25.92 main
07:15:11        8 root      20   0  293164 275780   4296 R 100.0   1.7   0:26.18 main
07:15:11        8 root      20   0  293164 275780   4296 R 100.0   1.7   0:26.45 main
07:15:12        8 root      20   0  293164 275780   4296 R 100.0   1.7   0:26.73 main
07:15:12        8 root      20   0  293164 275780   4296 R 100.0   1.7   0:27.00 main
07:15:12        8 root      20   0  293164 275780   4296 R 100.0   1.7   0:27.26 main
07:15:12        8 root      20   0  293164 275780   4296 R 100.0   1.7   0:27.53 main
07:15:13        8 root      20   0  293164 275780   4296 R  93.8   1.7   0:27.80 main
07:15:13        8 root      20   0  293164 275780   4296 R 100.0   1.7   0:28.07 main
07:15:13        8 root      20   0  293164 275780   4296 R 100.0   1.7   0:28.34 main
07:15:13        8 root      20   0  293164 277828   4296 R 100.0   1.7   0:28.62 main
07:15:14        8 root      20   0  293164 277828   4296 R 100.0   1.7   0:28.88 main
07:15:14        8 root      20   0  293164 277828   4296 R 100.0   1.7   0:29.15 main
07:15:14        8 root      20   0  293164 277828   4296 R  93.8   1.7   0:29.42 main
07:15:15        8 root      20   0  293164 277828   4296 R 100.0   1.7   0:29.69 main
07:15:15        8 root      20   0  293164 277828   4296 R 100.0   1.7   0:29.96 main
07:15:15        8 root      20   0  293164 277828   4296 R 100.0   1.7   0:30.24 main
07:15:15        8 root      20   0  293164 277828   4296 R 100.0   1.7   0:30.50 main
07:15:16        8 root      20   0  293164 277828   4296 R 100.0   1.7   0:30.77 main
07:15:16        8 root      20   0  293164 277828   4296 R 100.0   1.7   0:31.04 main
07:15:16        8 root      20   0  293164 277828   4296 R 100.0   1.7   0:31.31 main
07:15:16        8 root      20   0  293164 277828   4296 R 100.0   1.7   0:31.58 main
07:15:17        8 root      20   0  293164 277828   4296 R 100.0   1.7   0:31.85 main
07:15:17        8 root      20   0  293164 277828   4296 R 100.0   1.7   0:32.12 main
07:15:17        8 root      20   0  293164 277828   4296 R 100.0   1.7   0:32.39 main
07:15:18        8 root      20   0  293164 277828   4296 R 100.0   1.7   0:32.66 main
07:15:18        8 root      20   0  293164 277828   4296 R 100.0   1.7   0:32.92 main
07:15:18        8 root      20   0  293164 277828   4296 R  93.3   1.7   0:33.19 main
07:15:18        8 root      20   0  293164 277828   4296 R 100.0   1.7   0:33.46 main
07:15:19        8 root      20   0  293164 277828   4296 R 100.0   1.7   0:33.73 main
07:15:19        8 root      20   0  293164 279876   4296 R 100.0   1.7   0:34.00 main
07:15:19        8 root      20   0  293164 279876   4296 R 100.0   1.7   0:34.27 main
07:15:19        8 root      20   0  293164 279876   4296 R  93.8   1.7   0:34.55 main
07:15:20        8 root      20   0  293164 279876   4296 R 100.0   1.7   0:34.82 main
07:15:20        8 root      20   0  293164 279876   4296 R  93.8   1.7   0:35.10 main
07:15:20        8 root      20   0  293164 279876   4296 R 100.0   1.7   0:35.37 main
07:15:21        8 root      20   0  293164 279876   4296 R 100.0   1.7   0:35.65 main
07:15:21        8 root      20   0  293164 279876   4296 R 100.0   1.7   0:35.91 main
07:15:21        8 root      20   0  293164 279876   4296 R 100.0   1.7   0:36.18 main
07:15:21        8 root      20   0  293164 279876   4296 R 100.0   1.7   0:36.46 main
07:15:22        8 root      20   0  293164 279876   4296 R 100.0   1.7   0:36.73 main
07:15:22        8 root      20   0  293164 279876   4296 R 100.0   1.7   0:37.00 main
07:15:22        8 root      20   0  293164 279876   4296 R 100.0   1.7   0:37.27 main
07:15:22        8 root      20   0  293164 279876   4296 R 100.0   1.7   0:37.54 main
07:15:23        8 root      20   0  293164 279876   4296 R 100.0   1.7   0:37.81 main
07:15:23        8 root      20   0  293164 279876   4296 R 100.0   1.7   0:38.08 main
07:15:23        8 root      20   0  293164 279876   4296 R 100.0   1.7   0:38.35 main
07:15:24        8 root      20   0  293164 279876   4296 R 100.0   1.7   0:38.62 main
07:15:24        8 root      20   0  293164 279876   4296 R 100.0   1.7   0:38.89 main
07:15:24        8 root      20   0  293164 279876   4296 R 100.0   1.7   0:39.15 main
07:15:24        8 root      20   0  293164 281924   4296 R 100.0   1.7   0:39.42 main
07:15:25        8 root      20   0  293164 281924   4296 R 100.0   1.7   0:39.68 main
07:15:25        8 root      20   0  293164 281924   4296 R  93.3   1.7   0:39.95 main
07:15:25        8 root      20   0  293164 281924   4296 R 100.0   1.7   0:40.22 main
07:15:25        8 root      20   0  293164 281924   4296 R 100.0   1.7   0:40.49 main
07:15:26        8 root      20   0  293164 281924   4296 R  93.8   1.7   0:40.76 main
07:15:26        8 root      20   0  293164 281924   4296 R 100.0   1.7   0:41.03 main
07:15:26        8 root      20   0  293164 281924   4296 R  93.8   1.7   0:41.31 main
07:15:27        8 root      20   0  293164 281924   4296 R 100.0   1.7   0:41.58 main
07:15:27        8 root      20   0  293164 281924   4296 R 100.0   1.7   0:41.84 main
07:15:27        8 root      20   0  293164 281924   4296 R 100.0   1.7   0:42.11 main
07:15:27        8 root      20   0  293164 281924   4296 R  93.3   1.7   0:42.37 main
07:15:28        8 root      20   0  293164 281924   4296 R 100.0   1.7   0:42.65 main
07:15:28        8 root      20   0  293164 281924   4296 R  93.8   1.7   0:42.92 main
07:15:28        8 root      20   0  293164 281924   4296 R 100.0   1.7   0:43.19 main
07:15:28        8 root      20   0  293164 281924   4296 R 100.0   1.7   0:43.46 main
07:15:29        8 root      20   0  293164 281924   4296 R 100.0   1.7   0:43.73 main
07:15:29        8 root      20   0  293164 281924   4296 R 100.0   1.7   0:43.99 main
07:15:29        8 root      20   0  293164 281924   4296 R  93.8   1.7   0:44.26 main
07:15:29        8 root      20   0  293164 281924   4296 R  93.8   1.7   0:44.54 main
07:15:30        8 root      20   0  293164 281924   4296 R 100.0   1.7   0:44.81 main
07:15:30        8 root      20   0  293164 282172   4296 R 100.0   1.7   0:45.07 main
07:15:30        8 root      20   0  293164 282172   4296 R 100.0   1.7   0:45.35 main
07:15:31        8 root      20   0  293164 282436   4296 R 100.0   1.7   0:45.62 main
07:15:31        8 root      20   0  293164 282436   4296 R 100.0   1.7   0:45.88 main
07:15:31        8 root      20   0  293164 282436   4296 R 100.0   1.7   0:46.15 main
07:15:31        8 root      20   0  293164 282700   4296 R 100.0   1.7   0:46.43 main
07:15:32        8 root      20   0  293164 282700   4296 R 100.0   1.7   0:46.70 main
07:15:32        8 root      20   0  293164 282964   4296 R  93.8   1.7   0:46.98 main
07:15:32        8 root      20   0  293164 282964   4296 R 100.0   1.7   0:47.25 main
07:15:32        8 root      20   0  293164 282964   4296 R 100.0   1.7   0:47.52 main
07:15:33        8 root      20   0  293164 283228   4296 R 100.0   1.7   0:47.79 main
07:15:33        8 root      20   0  293164 283228   4296 R 100.0   1.7   0:48.06 main
07:15:33        8 root      20   0  293164 283492   4296 R  93.8   1.7   0:48.32 main
07:15:34        8 root      20   0  293164 283492   4296 R 100.0   1.7   0:48.60 main
07:15:34        8 root      20   0  293164 283492   4296 R 100.0   1.7   0:48.86 main
07:15:34        8 root      20   0  293164 283756   4296 R  93.8   1.7   0:49.13 main
07:15:34        8 root      20   0  293164 283756   4296 R  93.8   1.7   0:49.40 main
      Non-zero coordinate count: 38945/119221 (32.67%)
      (leave) Compute the B-query                	[28.8289s x1.00]	(1747034135.1136s x0.00 from start)
      (enter) Compute the H-query                	[             ]	(1747034135.1137s x0.00 from start)
      .07:15:35        8 root      20   0  317740 308284   4296 R  93.3   1.9   0:49.66 main
07:15:35        8 root      20   0  317740 308284   4296 R 100.0   1.9   0:49.93 main
07:15:35        8 root      20   0  317740 308284   4296 R 100.0   1.9   0:50.21 main
07:15:35        8 root      20   0  317740 308284   4296 R 100.0   1.9   0:50.49 main
.07:15:36        8 root      20   0  317740 308284   4296 R 100.0   1.9   0:50.76 main
07:15:36        8 root      20   0  317740 308284   4296 R  93.8   1.9   0:51.02 main
07:15:36        8 root      20   0  317740 308284   4296 R 100.0   1.9   0:51.29 main
07:15:37        8 root      20   0  317740 308284   4296 R 100.0   1.9   0:51.57 main
.07:15:37        8 root      20   0  317740 308284   4296 R 100.0   1.9   0:51.83 main
07:15:37        8 root      20   0  317740 308284   4296 R 100.0   1.9   0:52.10 main
07:15:37        8 root      20   0  317740 308284   4296 R 100.0   1.9   0:52.37 main
07:15:38        8 root      20   0  317740 308284   4296 R 100.0   1.9   0:52.64 main
07:15:38        8 root      20   0  317740 308284   4296 R 100.0   1.9   0:52.91 main
.07:15:38        8 root      20   0  317740 308284   4296 R 100.0   1.9   0:53.18 main
07:15:38        8 root      20   0  317740 308284   4296 R 100.0   1.9   0:53.44 main
07:15:39        8 root      20   0  317740 308284   4296 R 100.0   1.9   0:53.71 main
07:15:39        8 root      20   0  317740 308284   4296 R 100.0   1.9   0:53.98 main
.07:15:39        8 root      20   0  317740 308284   4296 R 100.0   1.9   0:54.24 main
07:15:39        8 root      20   0  317740 308284   4296 R 100.0   1.9   0:54.51 main
07:15:40        8 root      20   0  317740 308284   4296 R 100.0   1.9   0:54.79 main
07:15:40        8 root      20   0  317740 308284   4296 R 100.0   1.9   0:55.05 main
.07:15:40        8 root      20   0  317740 308284   4296 R 100.0   1.9   0:55.32 main
07:15:41        8 root      20   0  317740 308284   4296 R  93.8   1.9   0:55.59 main
07:15:41        8 root      20   0  317740 308284   4296 R 100.0   1.9   0:55.86 main
07:15:41        8 root      20   0  317740 308284   4296 R 100.0   1.9   0:56.12 main
07:15:41        8 root      20   0  317740 308284   4296 R 100.0   1.9   0:56.39 main
.07:15:42        8 root      20   0  317740 308284   4296 R  93.8   1.9   0:56.65 main
07:15:42        8 root      20   0  317740 308284   4296 R 100.0   1.9   0:56.93 main
07:15:42        8 root      20   0  317740 308284   4296 R 100.0   1.9   0:57.19 main
07:15:42        8 root      20   0  317740 308284   4296 R 100.0   1.9   0:57.46 main
.07:15:43        8 root      20   0  317740 308284   4296 R 100.0   1.9   0:57.73 main
07:15:43        8 root      20   0  317740 308284   4296 R 100.0   1.9   0:58.00 main
07:15:43        8 root      20   0  317740 308284   4296 R  93.8   1.9   0:58.27 main
07:15:44        8 root      20   0  317740 308284   4296 R 100.0   1.9   0:58.55 main
.07:15:44        8 root      20   0  317740 308284   4296 R 100.0   1.9   0:58.81 main
07:15:44        8 root      20   0  317740 308284   4296 R 100.0   1.9   0:59.08 main
07:15:44        8 root      20   0  317740 308284   4296 R 100.0   1.9   0:59.35 main
07:15:45        8 root      20   0  317740 308284   4296 R 100.0   1.9   0:59.61 main
.07:15:45        8 root      20   0  317740 308284   4296 R 100.0   1.9   0:59.88 main
07:15:45        8 root      20   0  317740 308284   4296 R  93.8   1.9   1:00.15 main
07:15:45        8 root      20   0  317740 308284   4296 R  93.3   1.9   1:00.41 main
07:15:46        8 root      20   0  317740 308284   4296 R 100.0   1.9   1:00.68 main
07:15:46        8 root      20   0  317740 308284   4296 R 100.0   1.9   1:00.95 main
.07:15:46        8 root      20   0  317740 308284   4296 R 100.0   1.9   1:01.22 main
07:15:46        8 root      20   0  317740 308284   4296 R 100.0   1.9   1:01.48 main
07:15:47        8 root      20   0  317740 308284   4296 R 100.0   1.9   1:01.75 main
07:15:47        8 root      20   0  317740 308284   4296 R 100.0   1.9   1:02.02 main
.07:15:47        8 root      20   0  317740 308284   4296 R 100.0   1.9   1:02.28 main
07:15:48        8 root      20   0  317740 308284   4296 R  93.3   1.9   1:02.54 main
07:15:48        8 root      20   0  317740 308284   4296 R 100.0   1.9   1:02.81 main
07:15:48        8 root      20   0  317740 308284   4296 R 100.0   1.9   1:03.07 main
.07:15:48        8 root      20   0  317740 308284   4296 R 100.0   1.9   1:03.35 main
07:15:49        8 root      20   0  317740 308284   4296 R 100.0   1.9   1:03.62 main
07:15:49        8 root      20   0  317740 308284   4296 R  93.3   1.9   1:03.88 main
07:15:49        8 root      20   0  317740 308284   4296 R 100.0   1.9   1:04.15 main
.07:15:49        8 root      20   0  317740 308284   4296 R 100.0   1.9   1:04.42 main
07:15:50        8 root      20   0  317740 308284   4296 R  93.8   1.9   1:04.69 main
07:15:50        8 root      20   0  317740 308284   4296 R 100.0   1.9   1:04.95 main
07:15:50        8 root      20   0  317740 308284   4296 R 100.0   1.9   1:05.22 main
07:15:50        8 root      20   0  317740 308284   4296 R 100.0   1.9   1:05.49 main
.07:15:51        8 root      20   0  317740 308284   4296 R 100.0   1.9   1:05.76 main
07:15:51        8 root      20   0  317740 308284   4296 R 100.0   1.9   1:06.02 main
07:15:51        8 root      20   0  317740 308284   4296 R 100.0   1.9   1:06.29 main
07:15:52        8 root      20   0  317740 308284   4296 R  93.3   1.9   1:06.55 main
.07:15:52        8 root      20   0  317740 308284   4296 R 100.0   1.9   1:06.83 main
07:15:52        8 root      20   0  317740 308284   4296 R 100.0   1.9   1:07.09 main
07:15:52        8 root      20   0  317740 308284   4296 R 100.0   1.9   1:07.36 main
07:15:53        8 root      20   0  317740 308284   4296 R 100.0   1.9   1:07.63 main
.07:15:53        8 root      20   0  317740 308284   4296 R 100.0   1.9   1:07.89 main
07:15:53        8 root      20   0  317740 308284   4296 R 100.0   1.9   1:08.16 main
07:15:53        8 root      20   0  317740 308284   4296 R 100.0   1.9   1:08.43 main
07:15:54        8 root      20   0  317740 308284   4296 R 100.0   1.9   1:08.68 main
07:15:54        8 root      20   0  317740 308284   4296 R 100.0   1.9   1:08.95 main
.07:15:54        8 root      20   0  317740 308284   4296 R 100.0   1.9   1:09.21 main
07:15:55        8 root      20   0  317740 308284   4296 R  93.8   1.9   1:09.48 main
07:15:55        8 root      20   0  317740 308284   4296 R 100.0   1.9   1:09.75 main
07:15:55        8 root      20   0  317740 308284   4296 R  93.3   1.9   1:10.01 main
.07:15:55        8 root      20   0  317740 308284   4296 R 100.0   1.9   1:10.28 main
07:15:56        8 root      20   0  317740 308284   4296 R 100.0   1.9   1:10.55 main
07:15:56        8 root      20   0  317740 308284   4296 R  93.8   1.9   1:10.82 main
07:15:56        8 root      20   0  317740 308284   4296 R  93.3   1.9   1:11.08 main
.07:15:56        8 root      20   0  317740 308284   4296 R 100.0   1.9   1:11.35 main
07:15:57        8 root      20   0  317740 308284   4296 R  93.8   1.9   1:11.63 main
07:15:57        8 root      20   0  317740 308284   4296 R 100.0   1.9   1:11.89 main
07:15:57        8 root      20   0  317740 308284   4296 R 100.0   1.9   1:12.16 main
07:15:57        8 root      20   0  317740 308284   4296 R 100.0   1.9   1:12.43 main
.07:15:58        8 root      20   0  317740 308284   4296 R 100.0   1.9   1:12.70 main
07:15:58        8 root      20   0  317740 308284   4296 R  93.8   1.9   1:12.96 main
07:15:58        8 root      20   0  317740 308284   4296 R 100.0   1.9   1:13.23 main
07:15:59        8 root      20   0  317740 308284   4296 R  93.3   1.9   1:13.49 main
.07:15:59        8 root      20   0  317740 308284   4296 R 100.0   1.9   1:13.76 main
07:15:59        8 root      20   0  317740 308284   4296 R  93.8   1.9   1:14.03 main
07:15:59        8 root      20   0  317740 308284   4296 R 100.0   1.9   1:14.30 main
07:16:00        8 root      20   0  317740 308284   4296 R 100.0   1.9   1:14.57 main
.07:16:00        8 root      20   0  317740 308284   4296 R 100.0   1.9   1:14.84 main
07:16:00        8 root      20   0  317740 308284   4296 R 100.0   1.9   1:15.10 main
07:16:00        8 root      20   0  317740 308284   4296 R  93.3   1.9   1:15.37 main
07:16:01        8 root      20   0  317740 308284   4296 R 100.0   1.9   1:15.64 main
07:16:01        8 root      20   0  317740 308284   4296 R 100.0   1.9   1:15.91 main
.07:16:01        8 root      20   0  317740 308284   4296 R 100.0   1.9   1:16.18 main
07:16:01        8 root      20   0  317740 308284   4296 R 100.0   1.9   1:16.45 main
07:16:02        8 root      20   0  317740 308284   4296 R 100.0   1.9   1:16.71 main
07:16:02        8 root      20   0  317740 308284   4296 R 100.0   1.9   1:16.98 main
.07:16:02        8 root      20   0  317740 308284   4296 R  93.8   1.9   1:17.25 main
07:16:03        8 root      20   0  317740 308284   4296 R 100.0   1.9   1:17.52 main
07:16:03        8 root      20   0  317740 308284   4296 R 100.0   1.9   1:17.79 main
07:16:03        8 root      20   0  317740 308284   4296 R  93.8   1.9   1:18.06 main
.07:16:03        8 root      20   0  317740 308284   4296 R 100.0   1.9   1:18.33 main
07:16:04        8 root      20   0  317740 308284   4296 R 100.0   1.9   1:18.59 main
07:16:04        8 root      20   0  317740 308284   4296 R 100.0   1.9   1:18.87 main
07:16:04        8 root      20   0  317740 308284   4296 R  93.3   1.9   1:19.13 main
07:16:04        8 root      20   0  317740 308284   4296 R 100.0   1.9   1:19.40 main
.07:16:05        8 root      20   0  317740 308284   4296 R 100.0   1.9   1:19.67 main
 DONE!
      (leave) Compute the H-query                	[30.2853s x1.00]	(1747034165.3990s x0.00 from start)
      (enter) Compute the L-query                	[             ]	(1747034165.3991s x0.00 from start)
      .07:16:05        8 root      20   0  322748 313496   4296 R 100.0   1.9   1:19.94 main
07:16:05        8 root      20   0  322748 313496   4296 R 100.0   1.9   1:20.21 main
07:16:06        8 root      20   0  322748 313496   4296 R 100.0   1.9   1:20.47 main
07:16:06        8 root      20   0  322748 313496   4296 R 100.0   1.9   1:20.74 main
.07:16:06        8 root      20   0  322748 313496   4296 R  93.8   1.9   1:21.01 main
07:16:06        8 root      20   0  322748 313496   4296 R 100.0   1.9   1:21.28 main
07:16:07        8 root      20   0  322748 313496   4296 R 100.0   1.9   1:21.54 main
07:16:07        8 root      20   0  322748 313496   4296 R 100.0   1.9   1:21.81 main
.07:16:07        8 root      20   0  322748 313496   4296 R  93.3   1.9   1:22.07 main
07:16:07        8 root      20   0  322748 313496   4296 R 100.0   1.9   1:22.34 main
07:16:08        8 root      20   0  322748 313496   4296 R 100.0   1.9   1:22.61 main
07:16:08        8 root      20   0  322748 313496   4296 R 100.0   1.9   1:22.88 main
.07:16:08        8 root      20   0  322748 313496   4296 R 100.0   1.9   1:23.15 main
07:16:08        8 root      20   0  322748 313496   4296 R  93.3   1.9   1:23.42 main
07:16:09        8 root      20   0  322748 313496   4296 R 100.0   1.9   1:23.69 main
07:16:09        8 root      20   0  322748 313496   4296 R 100.0   1.9   1:23.97 main
.07:16:09        8 root      20   0  322748 313496   4296 R  93.8   1.9   1:24.24 main
07:16:10        8 root      20   0  322748 313496   4296 R 100.0   1.9   1:24.51 main
07:16:10        8 root      20   0  322748 313496   4296 R 100.0   1.9   1:24.78 main
07:16:10        8 root      20   0  322748 313496   4296 R 100.0   1.9   1:25.04 main
07:16:10        8 root      20   0  322748 313496   4296 R 100.0   1.9   1:25.31 main
.07:16:11        8 root      20   0  322748 313496   4296 R  93.8   1.9   1:25.58 main
 DONE!
      (leave) Compute the L-query                	[6.0822s x1.00]	(1747034171.4813s x0.00 from start)
    (leave) Generate queries                   	[76.5642s x1.00]	(1747034171.4814s x0.00 from start)
  (leave) Generate R1CS proving key          	[76.5828s x1.00]	(1747034171.4814s x0.00 from start)
  (enter) Generate R1CS verification key     	[             ]	(1747034171.4815s x0.00 from start)
    (enter) Call to alt_bn128_ate_reduced_pairing	[             ]	(1747034171.4815s x0.00 from start)
      (enter) Call to alt_bn128_ate_pairing      	[             ]	(1747034171.4815s x0.00 from start)
        (enter) Call to alt_bn128_ate_precompute_G1	[             ]	(1747034171.4815s x0.00 from start)
        (leave) Call to alt_bn128_ate_precompute_G1	[0.0000s x1.08]	(1747034171.4815s x0.00 from start)
        (enter) Call to alt_bn128_ate_precompute_G2	[             ]	(1747034171.4816s x0.00 from start)
        (leave) Call to alt_bn128_ate_precompute_G2	[0.0024s x1.00]	(1747034171.4839s x0.00 from start)
        (enter) Call to alt_bn128_ate_miller_loop  	[             ]	(1747034171.4840s x0.00 from start)
        (leave) Call to alt_bn128_ate_miller_loop  	[0.0058s x1.00]	(1747034171.4898s x0.00 from start)
      (leave) Call to alt_bn128_ate_pairing      	[0.0083s x1.00]	(1747034171.4898s x0.00 from start)
      (enter) Call to alt_bn128_final_exponentiation	[             ]	(1747034171.4898s x0.00 from start)
        (enter) Call to alt_bn128_final_exponentiation_first_chunk	[             ]	(1747034171.4899s x0.00 from start)
        (leave) Call to alt_bn128_final_exponentiation_first_chunk	[0.0002s x1.01]	(1747034171.4901s x0.00 from start)
        (enter) Call to alt_bn128_final_exponentiation_last_chunk	[             ]	(1747034171.4901s x0.00 from start)
          (enter) Call to alt_bn128_exp_by_neg_z     	[             ]	(1747034171.4902s x0.00 from start)
          (leave) Call to alt_bn128_exp_by_neg_z     	[0.0031s x1.00]	(1747034171.4933s x0.00 from start)
          (enter) Call to alt_bn128_exp_by_neg_z     	[             ]	(1747034171.4934s x0.00 from start)
          (leave) Call to alt_bn128_exp_by_neg_z     	[0.0031s x1.00]	(1747034171.4966s x0.00 from start)
          (enter) Call to alt_bn128_exp_by_neg_z     	[             ]	(1747034171.4966s x0.00 from start)
          (leave) Call to alt_bn128_exp_by_neg_z     	[0.0031s x1.00]	(1747034171.4997s x0.00 from start)
        (leave) Call to alt_bn128_final_exponentiation_last_chunk	[0.0101s x1.00]	(1747034171.5003s x0.00 from start)
      (leave) Call to alt_bn128_final_exponentiation	[0.0105s x1.00]	(1747034171.5003s x0.00 from start)
    (leave) Call to alt_bn128_ate_reduced_pairing	[0.0189s x1.00]	(1747034171.5003s x0.00 from start)
    (enter) Encode gamma_ABC for R1CS verification key	[             ]	(1747034171.5075s x0.00 from start)
      .07:16:11        8 root      20   0  328916 319696   4296 R 100.0   2.0   1:25.84 main
07:16:11        8 root      20   0  328916 319696   4296 R 100.0   2.0   1:26.11 main
07:16:11        8 root      20   0  328916 319696   4296 R  93.3   2.0   1:26.37 main
07:16:12        8 root      20   0  328916 319696   4296 R 100.0   2.0   1:26.65 main
.07:16:12        8 root      20   0  328916 319696   4296 R 100.0   2.0   1:26.92 main
07:16:12        8 root      20   0  328916 319696   4296 R  93.8   2.0   1:27.18 main
07:16:13        8 root      20   0  328916 319696   4296 R 100.0   2.0   1:27.45 main
07:16:13        8 root      20   0  328916 319696   4296 R 100.0   2.0   1:27.71 main
07:16:13        8 root      20   0  328916 319696   4296 R 100.0   2.0   1:27.98 main
.07:16:13        8 root      20   0  328916 319696   4296 R 100.0   2.0   1:28.26 main
07:16:14        8 root      20   0  328916 319696   4296 R 100.0   2.0   1:28.53 main
07:16:14        8 root      20   0  328916 319696   4296 R 100.0   2.0   1:28.80 main
07:16:14        8 root      20   0  328916 319696   4296 R 100.0   2.0   1:29.07 main
.07:16:14        8 root      20   0  328916 319696   4296 R 100.0   2.0   1:29.34 main
07:16:15        8 root      20   0  328916 319696   4296 R  93.8   2.0   1:29.60 main
07:16:15        8 root      20   0  328916 319696   4296 R 100.0   2.0   1:29.87 main
07:16:15        8 root      20   0  328916 319696   4296 R 100.0   2.0   1:30.14 main
.07:16:15        8 root      20   0  328916 319696   4296 R 100.0   2.0   1:30.41 main
07:16:16        8 root      20   0  328916 319696   4296 R 100.0   2.0   1:30.67 main
07:16:16        8 root      20   0  328916 319696   4296 R  93.8   2.0   1:30.94 main
07:16:16        8 root      20   0  328916 319696   4296 R  93.3   2.0   1:31.21 main
07:16:17        8 root      20   0  328916 319696   4296 R 100.0   2.0   1:31.48 main
.07:16:17        8 root      20   0  328916 319696   4296 R 100.0   2.0   1:31.76 main
07:16:17        8 root      20   0  328916 319696   4296 R  93.3   2.0   1:32.02 main
07:16:17        8 root      20   0  328916 319696   4296 R 100.0   2.0   1:32.29 main
07:16:18        8 root      20   0  328916 319696   4296 R 100.0   2.0   1:32.56 main
.07:16:18        8 root      20   0  328916 319696   4296 R 100.0   2.0   1:32.82 main
07:16:18        8 root      20   0  328916 319696   4296 R 100.0   2.0   1:33.09 main
 DONE!
    (leave) Encode gamma_ABC for R1CS verification key	[7.5296s x0.99]	(1747034179.0371s x0.00 from start)
  (leave) Generate R1CS verification key     	[7.5557s x0.99]	(1747034179.0371s x0.00 from start)
(leave) Call to r1cs_gg_ppzksnark_generator	[92.5416s x1.00]	(1747034179.0372s x0.00 from start)
07:16:18        8 root      20   0  331496 322768   4296 R 100.0   2.0   1:33.36 main
* G1 elements in PK: 554013
* Non-zero G1 elements in PK: 473737
* G2 elements in PK: 119222
* Non-zero G2 elements in PK: 38946
* PK size in bits: 143118929
* G1 elements in VK: 65793
* G2 elements in VK: 2
* GT elements in VK: 1
* VK size in bits: 20989240
(enter) Call to r1cs_gg_ppzksnark_prover   	[             ]	(1747034179.2661s x0.00 from start)
  (enter) Compute the polynomial H           	[             ]	(1747034179.2662s x0.00 from start)
    (enter) Call to r1cs_to_qap_witness_map    	[             ]	(1747034179.2662s x0.00 from start)
      (enter) Compute evaluation of polynomials A, B on set S	[             ]	(1747034179.2693s x0.00 from start)
07:16:19        8 root      20   0  331496 322768   4296 R  93.8   2.0   1:33.63 main
      (leave) Compute evaluation of polynomials A, B on set S	[0.2818s x1.00]	(1747034179.5511s x0.00 from start)
      (enter) Compute coefficients of polynomial A	[             ]	(1747034179.5512s x0.00 from start)
07:16:19        8 root      20   0  331496 322768   4296 R 100.0   2.0   1:33.90 main
07:16:19        8 root      20   0  331496 322768   4296 R 100.0   2.0   1:34.16 main
07:16:20        8 root      20   0  331496 322768   4296 R 100.0   2.0   1:34.43 main
07:16:20        8 root      20   0  331496 322768   4296 R  93.8   2.0   1:34.69 main
07:16:20        8 root      20   0  331496 322768   4296 R 100.0   2.0   1:34.96 main
07:16:20        8 root      20   0  331496 322768   4296 R 100.0   2.0   1:35.23 main
07:16:21        8 root      20   0  331496 322768   4296 R 100.0   2.0   1:35.49 main
07:16:21        8 root      20   0  331496 322768   4296 R  93.3   2.0   1:35.76 main
      (leave) Compute coefficients of polynomial A	[2.0223s x1.00]	(1747034181.5735s x0.00 from start)
      (enter) Compute coefficients of polynomial B	[             ]	(1747034181.5736s x0.00 from start)
07:16:21        8 root      20   0  331496 322768   4296 R 100.0   2.0   1:36.03 main
07:16:21        8 root      20   0  331496 322768   4296 R 100.0   2.0   1:36.30 main
07:16:22        8 root      20   0  331496 322768   4296 R 100.0   2.0   1:36.57 main
07:16:22        8 root      20   0  331496 322768   4296 R 100.0   2.0   1:36.83 main
07:16:22        8 root      20   0  331496 322768   4296 R 100.0   2.0   1:37.10 main
07:16:22        8 root      20   0  331496 322768   4296 R 100.0   2.0   1:37.36 main
07:16:23        8 root      20   0  331496 322768   4296 R 100.0   2.0   1:37.63 main
      (leave) Compute coefficients of polynomial B	[2.0383s x1.00]	(1747034183.6119s x0.00 from start)
      (enter) Compute ZK-patch                   	[             ]	(1747034183.6120s x0.00 from start)
07:16:23        8 root      20   0  331496 322768   4296 R  93.8   2.0   1:37.90 main
      (leave) Compute ZK-patch                   	[0.1719s x1.00]	(1747034183.7838s x0.00 from start)
      (enter) Compute evaluation of polynomial A on set T	[             ]	(1747034183.7839s x0.00 from start)
07:16:23        8 root      20   0  331496 322768   4296 R 100.0   2.0   1:38.17 main
07:16:24        8 root      20   0  331496 322768   4296 R 100.0   2.0   1:38.44 main
07:16:24        8 root      20   0  331496 322768   4296 R 100.0   2.0   1:38.72 main
07:16:24        8 root      20   0  331496 322768   4296 R 100.0   2.0   1:38.98 main
07:16:24        8 root      20   0  331496 322768   4296 R 100.0   2.0   1:39.25 main
07:16:25        8 root      20   0  331496 322768   4296 R 100.0   2.0   1:39.51 main
07:16:25        8 root      20   0  331496 322768   4296 R 100.0   2.0   1:39.78 main
07:16:25        8 root      20   0  331496 322768   4296 R 100.0   2.0   1:40.05 main
      (leave) Compute evaluation of polynomial A on set T	[2.0971s x1.00]	(1747034185.8810s x0.00 from start)
      (enter) Compute evaluation of polynomial B on set T	[             ]	(1747034185.8811s x0.00 from start)
07:16:25        8 root      20   0  331496 322768   4296 R 100.0   2.0   1:40.32 main
07:16:26        8 root      20   0  331496 322768   4296 R  93.8   2.0   1:40.58 main
07:16:26        8 root      20   0  331496 322768   4296 R 100.0   2.0   1:40.85 main
07:16:26        8 root      20   0  331496 322768   4296 R 100.0   2.0   1:41.12 main
07:16:27        8 root      20   0  331496 322768   4296 R 100.0   2.0   1:41.38 main
07:16:27        8 root      20   0  331496 322768   4296 R  93.8   2.0   1:41.65 main
07:16:27        8 root      20   0  331496 322768   4296 R  93.3   2.0   1:41.91 main
07:16:27        8 root      20   0  331496 322768   4296 R 100.0   2.0   1:42.18 main
      (leave) Compute evaluation of polynomial B on set T	[2.1417s x1.00]	(1747034188.0228s x0.00 from start)
      (enter) Compute evaluation of polynomial H on set T	[             ]	(1747034188.0228s x0.00 from start)
        (enter) Compute evaluation of polynomial C on set S	[             ]	(1747034188.1082s x0.00 from start)
07:16:28        8 root      20   0  331496 322768   4296 R 100.0   2.0   1:42.46 main
        (leave) Compute evaluation of polynomial C on set S	[0.1670s x1.00]	(1747034188.2752s x0.00 from start)
        (enter) Compute coefficients of polynomial C	[             ]	(1747034188.2753s x0.00 from start)
07:16:28        8 root      20   0  331496 322768   4296 R  93.8   2.0   1:42.73 main
07:16:28        8 root      20   0  331496 322768   4296 R 100.0   2.0   1:42.99 main
07:16:28        8 root      20   0  331496 322768   4296 R 100.0   2.0   1:43.27 main
07:16:29        8 root      20   0  331496 322768   4296 R 100.0   2.0   1:43.53 main
07:16:29        8 root      20   0  331496 322768   4296 R 100.0   2.0   1:43.80 main
07:16:29        8 root      20   0  331496 322768   4296 R 100.0   2.0   1:44.06 main
07:16:29        8 root      20   0  331496 322768   4296 R 100.0   2.0   1:44.33 main
        (leave) Compute coefficients of polynomial C	[2.0323s x0.99]	(1747034190.3076s x0.00 from start)
        (enter) Compute evaluation of polynomial C on set T	[             ]	(1747034190.3077s x0.00 from start)
07:16:30        8 root      20   0  331496 322768   4296 R 100.0   2.0   1:44.59 main
07:16:30        8 root      20   0  331496 322768   4296 R 100.0   2.0   1:44.86 main
07:16:30        8 root      20   0  331496 322768   4296 R 100.0   2.0   1:45.13 main
07:16:31        8 root      20   0  331496 322768   4296 R 100.0   2.0   1:45.39 main
07:16:31        8 root      20   0  331496 322768   4296 R 100.0   2.0   1:45.66 main
07:16:31        8 root      20   0  331496 322768   4296 R  93.8   2.0   1:45.93 main
07:16:31        8 root      20   0  331496 322768   4296 R 100.0   2.0   1:46.20 main
07:16:32        8 root      20   0  331496 322768   4296 R 100.0   2.0   1:46.47 main
        (leave) Compute evaluation of polynomial C on set T	[2.1586s x1.00]	(1747034192.4663s x0.00 from start)
        (enter) Divide by Z on set T               	[             ]	(1747034192.4883s x0.00 from start)
07:16:32        8 root      20   0  331496 322768   4296 R  93.3   2.0   1:46.74 main
        (leave) Divide by Z on set T               	[0.0806s x1.00]	(1747034192.5689s x0.00 from start)
      (leave) Compute evaluation of polynomial H on set T	[4.5462s x1.00]	(1747034192.5690s x0.00 from start)
      (enter) Compute coefficients of polynomial H	[             ]	(1747034192.5690s x0.00 from start)
07:16:32        8 root      20   0  331496 322768   4296 R 100.0   2.0   1:47.01 main
07:16:32        8 root      20   0  331496 322768   4296 R 100.0   2.0   1:47.28 main
07:16:33        8 root      20   0  331496 322768   4296 R 100.0   2.0   1:47.55 main
07:16:33        8 root      20   0  331496 322768   4296 R  93.3   2.0   1:47.81 main
07:16:33        8 root      20   0  331496 322768   4296 R 100.0   2.0   1:48.08 main
07:16:33        8 root      20   0  331496 322768   4296 R  93.8   2.0   1:48.35 main
07:16:34        8 root      20   0  331496 322768   4296 R 100.0   2.0   1:48.61 main
07:16:34        8 root      20   0  331496 322768   4296 R 100.0   2.0   1:48.88 main
      (leave) Compute coefficients of polynomial H	[2.1991s x1.00]	(1747034194.7681s x0.00 from start)
      (enter) Compute sum of H and ZK-patch      	[             ]	(1747034194.7682s x0.00 from start)
      (leave) Compute sum of H and ZK-patch      	[0.0127s x0.99]	(1747034194.7809s x0.00 from start)
    (leave) Call to r1cs_to_qap_witness_map    	[15.5147s x1.00]	(1747034194.7810s x0.00 from start)
  (leave) Compute the polynomial H           	[15.5170s x1.00]	(1747034194.7832s x0.00 from start)
  (enter) Compute the proof                  	[             ]	(1747034194.7833s x0.00 from start)
    (enter) Compute evaluation to A-query      	[             ]	(1747034194.7833s x0.00 from start)
    (enter) Process scalar vector              	[             ]	(1747034194.7852s x0.00 from start)
07:16:34        8 root      20   0  331496 322768   4296 R 100.0   2.0   1:49.15 main
      * Elements of w skipped: 85077 (71.36%)
      * Elements of w processed with special addition: 33889 (28.43%)
      * Elements of w remaining: 255 (0.21%)
    (leave) Process scalar vector              	[0.2215s x1.00]	(1747034195.0067s x0.00 from start)
    (leave) Compute evaluation to A-query      	[0.2264s x1.00]	(1747034195.0098s x0.00 from start)
    (enter) Compute evaluation to B-query      	[             ]	(1747034195.0098s x0.00 from start)
    (enter) Process scalar vector              	[             ]	(1747034195.0098s x0.00 from start)
      * Elements of w skipped: 37962 (97.48%)
      * Elements of w processed with special addition: 730 (1.87%)
      * Elements of w remaining: 253 (0.65%)
    (leave) Process scalar vector              	[0.0278s x1.00]	(1747034195.0377s x0.00 from start)
    (leave) Compute evaluation to B-query      	[0.0402s x1.00]	(1747034195.0501s x0.00 from start)
    (enter) Compute evaluation to H-query      	[             ]	(1747034195.0501s x0.00 from start)
07:16:35        8 root      20   0  331496 322768   4296 R 100.0   2.0   1:49.41 main
07:16:35        8 root      20   0  331496 322768   4296 R 100.0   2.0   1:49.68 main
07:16:35        8 root      20   0  331496 322768   4296 R 100.0   2.0   1:49.95 main
07:16:35        8 root      20   0  331496 322768   4296 R 100.0   2.0   1:50.22 main
07:16:36        8 root      20   0  331496 322768   4296 R 100.0   2.0   1:50.49 main
07:16:36        8 root      20   0  331496 322768   4296 R 100.0   2.0   1:50.76 main
07:16:36        8 root      20   0  331496 322768   4296 R 100.0   2.0   1:51.03 main
07:16:36        8 root      20   0  331496 322768   4296 R  93.8   2.0   1:51.30 main
07:16:37        8 root      20   0  331496 322768   4296 R 100.0   2.0   1:51.57 main
07:16:37        8 root      20   0  331496 322768   4296 R 100.0   2.0   1:51.84 main
07:16:37        8 root      20   0  331496 322768   4296 R 100.0   2.0   1:52.11 main
07:16:38        8 root      20   0  331496 322768   4296 R  93.8   2.0   1:52.37 main
07:16:38        8 root      20   0  331496 322768   4296 R 100.0   2.0   1:52.64 main
07:16:38        8 root      20   0  331496 322768   4296 R 100.0   2.0   1:52.91 main
07:16:38        8 root      20   0  331496 322768   4296 R 100.0   2.0   1:53.19 main
07:16:39        8 root      20   0  331496 322768   4296 R 100.0   2.0   1:53.46 main
07:16:39        8 root      20   0  331496 322768   4296 R 100.0   2.0   1:53.73 main
07:16:39        8 root      20   0  331496 322768   4296 R 100.0   2.0   1:54.00 main
07:16:39        8 root      20   0  331496 322768   4296 R 100.0   2.0   1:54.26 main
07:16:40        8 root      20   0  331496 322768   4296 R 100.0   2.0   1:54.53 main
07:16:40        8 root      20   0  331496 322768   4296 R 100.0   2.0   1:54.80 main
07:16:40        8 root      20   0  331496 322768   4296 R 100.0   2.0   1:55.07 main
07:16:40        8 root      20   0  331496 322768   4296 R 100.0   2.0   1:55.33 main
07:16:41        8 root      20   0  331496 322768   4296 R 100.0   2.0   1:55.60 main
07:16:41        8 root      20   0  331496 322768   4296 R 100.0   2.0   1:55.87 main
07:16:41        8 root      20   0  331496 322768   4296 R 100.0   2.0   1:56.14 main
07:16:42        8 root      20   0  331496 322768   4296 R 100.0   2.0   1:56.41 main
07:16:42        8 root      20   0  331496 322768   4296 R 100.0   2.0   1:56.67 main
07:16:42        8 root      20   0  331496 322768   4296 R 100.0   2.0   1:56.94 main
07:16:42        8 root      20   0  331496 322768   4296 R 100.0   2.0   1:57.21 main
07:16:43        8 root      20   0  331496 322768   4296 R 100.0   2.0   1:57.48 main
07:16:43        8 root      20   0  331496 322768   4296 R 100.0   2.0   1:57.75 main
07:16:43        8 root      20   0  331496 322768   4296 R 100.0   2.0   1:58.02 main
07:16:43        8 root      20   0  331496 322768   4296 R  93.8   2.0   1:58.28 main
07:16:44        8 root      20   0  331496 322768   4296 R 100.0   2.0   1:58.55 main
07:16:44        8 root      20   0  331496 322768   4296 R 100.0   2.0   1:58.82 main
07:16:44        8 root      20   0  331496 322768   4296 R 100.0   2.0   1:59.09 main
07:16:45        8 root      20   0  331496 322768   4296 R 100.0   2.0   1:59.36 main
07:16:45        8 root      20   0  331496 322768   4296 R 100.0   2.0   1:59.62 main
07:16:45        8 root      20   0  331496 322768   4296 R 100.0   2.0   1:59.89 main
07:16:45        8 root      20   0  331496 322768   4296 R  93.8   2.0   2:00.16 main
07:16:46        8 root      20   0  331496 322768   4296 R 100.0   2.0   2:00.43 main
07:16:46        8 root      20   0  331496 322768   4296 R 100.0   2.0   2:00.70 main
07:16:46        8 root      20   0  331496 322768   4296 R 100.0   2.0   2:00.97 main
07:16:46        8 root      20   0  331496 322768   4296 R 100.0   2.0   2:01.23 main
07:16:47        8 root      20   0  331496 322768   4296 R 100.0   2.0   2:01.50 main
07:16:47        8 root      20   0  331496 322768   4296 R  93.8   2.0   2:01.76 main
07:16:47        8 root      20   0  331496 322768   4296 R 100.0   2.0   2:02.03 main
07:16:47        8 root      20   0  331496 322768   4296 R 100.0   2.0   2:02.30 main
07:16:48        8 root      20   0  331496 322768   4296 R 100.0   2.0   2:02.57 main
07:16:48        8 root      20   0  331496 322768   4296 R  93.8   2.0   2:02.83 main
07:16:48        8 root      20   0  331496 322768   4296 R 100.0   2.0   2:03.10 main
07:16:49        8 root      20   0  331496 322768   4296 R 100.0   2.0   2:03.37 main
07:16:49        8 root      20   0  331496 322768   4296 R 100.0   2.0   2:03.64 main
07:16:49        8 root      20   0  331496 322768   4296 R 100.0   2.0   2:03.90 main
07:16:49        8 root      20   0  331496 322768   4296 R 100.0   2.0   2:04.17 main
07:16:50        8 root      20   0  331496 322768   4296 R 100.0   2.0   2:04.44 main
07:16:50        8 root      20   0  331496 322768   4296 R  93.8   2.0   2:04.71 main
07:16:50        8 root      20   0  331496 322768   4296 R 100.0   2.0   2:04.98 main
07:16:50        8 root      20   0  331496 322768   4296 R 100.0   2.0   2:05.24 main
07:16:51        8 root      20   0  331496 322768   4296 R 100.0   2.0   2:05.51 main
07:16:51        8 root      20   0  331496 322768   4296 R 100.0   2.0   2:05.78 main
07:16:51        8 root      20   0  331496 322768   4296 R  93.3   2.0   2:06.04 main
07:16:52        8 root      20   0  331496 322768   4296 R 100.0   2.0   2:06.31 main
07:16:52        8 root      20   0  331496 322768   4296 R 100.0   2.0   2:06.59 main
07:16:52        8 root      20   0  331496 322768   4296 R  87.5   2.0   2:06.85 main
07:16:52        8 root      20   0  331496 322768   4296 R 100.0   2.0   2:07.12 main
07:16:53        8 root      20   0  331496 322768   4296 R 100.0   2.0   2:07.39 main
07:16:53        8 root      20   0  331496 322768   4296 R  93.8   2.0   2:07.66 main
07:16:53        8 root      20   0  331496 322768   4296 R 100.0   2.0   2:07.92 main
07:16:53        8 root      20   0  331496 322768   4296 R 100.0   2.0   2:08.19 main
07:16:54        8 root      20   0  331496 322768   4296 R 100.0   2.0   2:08.46 main
07:16:54        8 root      20   0  331496 322768   4296 R 100.0   2.0   2:08.73 main
07:16:54        8 root      20   0  331496 322768   4296 R 100.0   2.0   2:09.00 main
07:16:54        8 root      20   0  331496 322768   4296 R 100.0   2.0   2:09.26 main
07:16:55        8 root      20   0  331496 322768   4296 R 100.0   2.0   2:09.53 main
07:16:55        8 root      20   0  331496 322768   4296 R 100.0   2.0   2:09.80 main
07:16:55        8 root      20   0  331496 322768   4296 R  93.3   2.0   2:10.06 main
07:16:56        8 root      20   0  331496 322768   4296 R 100.0   2.0   2:10.33 main
07:16:56        8 root      20   0  331496 322768   4296 R  93.8   2.0   2:10.60 main
07:16:56        8 root      20   0  331496 322768   4296 R 100.0   2.0   2:10.87 main
07:16:56        8 root      20   0  331496 322768   4296 R  93.8   2.0   2:11.14 main
07:16:57        8 root      20   0  331496 322768   4296 R 100.0   2.0   2:11.40 main
07:16:57        8 root      20   0  331496 322768   4296 R 100.0   2.0   2:11.67 main
07:16:57        8 root      20   0  331496 322768   4296 R 100.0   2.0   2:11.94 main
07:16:57        8 root      20   0  331496 322768   4296 R 100.0   2.0   2:12.21 main
07:16:58        8 root      20   0  331496 322768   4296 R  93.8   2.0   2:12.47 main
07:16:58        8 root      20   0  331496 322768   4296 R 100.0   2.0   2:12.74 main
07:16:58        8 root      20   0  331496 322768   4296 R 100.0   2.0   2:13.02 main
07:16:58        8 root      20   0  331496 322768   4296 R 100.0   2.0   2:13.29 main
07:16:59        8 root      20   0  331496 322768   4296 R 100.0   2.0   2:13.56 main
07:16:59        8 root      20   0  331496 322768   4296 R  93.8   2.0   2:13.82 main
07:16:59        8 root      20   0  331496 322768   4296 R 100.0   2.0   2:14.09 main
07:17:00        8 root      20   0  331496 322768   4296 R 100.0   2.0   2:14.36 main
07:17:00        8 root      20   0  331496 322768   4296 R 100.0   2.0   2:14.62 main
07:17:00        8 root      20   0  331496 322768   4296 R 100.0   2.0   2:14.89 main
07:17:00        8 root      20   0  331496 322768   4296 R 100.0   2.0   2:15.16 main
07:17:01        8 root      20   0  331496 322768   4296 R 100.0   2.0   2:15.42 main
07:17:01        8 root      20   0  331496 322768   4296 R 100.0   2.0   2:15.69 main
07:17:01        8 root      20   0  331496 322768   4296 R 100.0   2.0   2:15.96 main
07:17:01        8 root      20   0  331496 322768   4296 R 100.0   2.0   2:16.23 main
07:17:02        8 root      20   0  331496 322768   4296 R 100.0   2.0   2:16.50 main
07:17:02        8 root      20   0  331496 322768   4296 R 100.0   2.0   2:16.77 main
07:17:02        8 root      20   0  331496 322768   4296 R  93.8   2.0   2:17.04 main
07:17:03        8 root      20   0  331496 322768   4296 R  87.5   2.0   2:17.30 main
07:17:03        8 root      20   0  331496 322768   4296 R 100.0   2.0   2:17.57 main
07:17:03        8 root      20   0  331496 322768   4296 R 100.0   2.0   2:17.84 main
07:17:03        8 root      20   0  331496 322768   4296 R 100.0   2.0   2:18.11 main
07:17:04        8 root      20   0  331496 322768   4296 R 100.0   2.0   2:18.38 main
07:17:04        8 root      20   0  331496 322768   4296 R 100.0   2.0   2:18.65 main
07:17:04        8 root      20   0  331496 322768   4296 R 100.0   2.0   2:18.92 main
07:17:04        8 root      20   0  331496 322768   4296 R 100.0   2.0   2:19.20 main
07:17:05        8 root      20   0  331496 322768   4296 R 100.0   2.0   2:19.47 main
07:17:05        8 root      20   0  331496 322768   4296 R  88.2   2.0   2:19.75 main
07:17:05        8 root      20   0  331496 322768   4296 R 100.0   2.0   2:20.02 main
07:17:06        8 root      20   0  331496 322768   4296 R 100.0   2.0   2:20.29 main
07:17:06        8 root      20   0  331496 322768   4296 R  93.8   2.0   2:20.56 main
07:17:06        8 root      20   0  331496 322768   4296 R  93.8   2.0   2:20.83 main
07:17:06        8 root      20   0  331496 322768   4296 R 100.0   2.0   2:21.10 main
07:17:07        8 root      20   0  331496 322768   4296 R 100.0   2.0   2:21.36 main
07:17:07        8 root      20   0  331496 322768   4296 R 100.0   2.0   2:21.63 main
07:17:07        8 root      20   0  331496 322768   4296 R 100.0   2.0   2:21.90 main
07:17:07        8 root      20   0  331496 322768   4296 R 100.0   2.0   2:22.17 main
07:17:08        8 root      20   0  331496 322768   4296 R 100.0   2.0   2:22.44 main
07:17:08        8 root      20   0  331496 322768   4296 R 100.0   2.0   2:22.71 main
07:17:08        8 root      20   0  331496 322768   4296 R 100.0   2.0   2:22.98 main
07:17:08        8 root      20   0  331496 322768   4296 R 100.0   2.0   2:23.24 main
    (leave) Compute evaluation to H-query      	[34.3295s x1.00]	(1747034229.3796s x0.00 from start)
    (enter) Compute evaluation to L-query      	[             ]	(1747034229.3797s x0.00 from start)
    (enter) Process scalar vector              	[             ]	(1747034229.3797s x0.00 from start)
      * Elements of w skipped: 52443 (98.16%)
      * Elements of w processed with special addition: 982 (1.84%)
      * Elements of w remaining: 2 (0.00%)
    (leave) Process scalar vector              	[0.0076s x1.00]	(1747034229.3873s x0.00 from start)
    (leave) Compute evaluation to L-query      	[0.0077s x1.00]	(1747034229.3874s x0.00 from start)
  (leave) Compute the proof                  	[34.6188s x1.00]	(1747034229.4021s x0.00 from start)
(leave) Call to r1cs_gg_ppzksnark_prover   	[50.1361s x1.00]	(1747034229.4022s x0.00 from start)
* G1 elements in proof: 2
* G2 elements in proof: 1
* Proof size in bits: 1019
(enter) Call to r1cs_gg_ppzksnark_verifier_strong_IC	[             ]	(1747034229.4030s x0.00 from start)
  (enter) Call to r1cs_gg_ppzksnark_verifier_process_vk	[             ]	(1747034229.4031s x0.00 from start)
    (enter) Call to alt_bn128_ate_precompute_G2	[             ]	(1747034229.4031s x0.00 from start)
    (leave) Call to alt_bn128_ate_precompute_G2	[0.0024s x1.00]	(1747034229.4055s x0.00 from start)
    (enter) Call to alt_bn128_ate_precompute_G2	[             ]	(1747034229.4055s x0.00 from start)
    (leave) Call to alt_bn128_ate_precompute_G2	[0.0024s x1.00]	(1747034229.4079s x0.00 from start)
  (leave) Call to r1cs_gg_ppzksnark_verifier_process_vk	[0.0073s x1.00]	(1747034229.4104s x0.00 from start)
  (enter) Call to r1cs_gg_ppzksnark_online_verifier_strong_IC	[             ]	(1747034229.4105s x0.00 from start)
    (enter) Call to r1cs_gg_ppzksnark_online_verifier_weak_IC	[             ]	(1747034229.4105s x0.00 from start)
      (enter) Accumulate input                   	[             ]	(1747034229.4105s x0.00 from start)
07:17:09        8 root      20   0  331496 322768   4296 R 100.0   2.0   2:23.52 main
      (leave) Accumulate input                   	[0.2754s x1.00]	(1747034229.6860s x0.00 from start)
      (enter) Check if the proof is well-formed  	[             ]	(1747034229.6860s x0.00 from start)
      (leave) Check if the proof is well-formed  	[0.0000s x0.99]	(1747034229.6861s x0.00 from start)
      (enter) Online pairing computations        	[             ]	(1747034229.6861s x0.00 from start)
        (enter) Check QAP divisibility             	[             ]	(1747034229.6861s x0.00 from start)
          (enter) Call to alt_bn128_ate_precompute_G1	[             ]	(1747034229.6861s x0.00 from start)
          (leave) Call to alt_bn128_ate_precompute_G1	[0.0000s x1.03]	(1747034229.6862s x0.00 from start)
          (enter) Call to alt_bn128_ate_precompute_G2	[             ]	(1747034229.6862s x0.00 from start)
          (leave) Call to alt_bn128_ate_precompute_G2	[0.0024s x1.00]	(1747034229.6886s x0.00 from start)
          (enter) Call to alt_bn128_ate_precompute_G1	[             ]	(1747034229.6886s x0.00 from start)
          (leave) Call to alt_bn128_ate_precompute_G1	[0.0000s x1.01]	(1747034229.6886s x0.00 from start)
          (enter) Call to alt_bn128_ate_precompute_G1	[             ]	(1747034229.6886s x0.00 from start)
          (leave) Call to alt_bn128_ate_precompute_G1	[0.0000s x1.03]	(1747034229.6887s x0.00 from start)
          (enter) Call to alt_bn128_ate_miller_loop  	[             ]	(1747034229.6887s x0.00 from start)
          (leave) Call to alt_bn128_ate_miller_loop  	[0.0058s x1.00]	(1747034229.6945s x0.00 from start)
          (enter) Call to alt_bn128_ate_double_miller_loop	[             ]	(1747034229.6945s x0.00 from start)
          (leave) Call to alt_bn128_ate_double_miller_loop	[0.0093s x1.00]	(1747034229.7038s x0.00 from start)
          (enter) Call to alt_bn128_final_exponentiation	[             ]	(1747034229.7039s x0.00 from start)
            (enter) Call to alt_bn128_final_exponentiation_first_chunk	[             ]	(1747034229.7039s x0.00 from start)
            (leave) Call to alt_bn128_final_exponentiation_first_chunk	[0.0002s x1.01]	(1747034229.7041s x0.00 from start)
            (enter) Call to alt_bn128_final_exponentiation_last_chunk	[             ]	(1747034229.7041s x0.00 from start)
              (enter) Call to alt_bn128_exp_by_neg_z     	[             ]	(1747034229.7042s x0.00 from start)
              (leave) Call to alt_bn128_exp_by_neg_z     	[0.0031s x1.00]	(1747034229.7072s x0.00 from start)
              (enter) Call to alt_bn128_exp_by_neg_z     	[             ]	(1747034229.7074s x0.00 from start)
              (leave) Call to alt_bn128_exp_by_neg_z     	[0.0031s x1.00]	(1747034229.7105s x0.00 from start)
              (enter) Call to alt_bn128_exp_by_neg_z     	[             ]	(1747034229.7105s x0.00 from start)
07:17:09        8 root      20   0  331496 322768   4296 R 100.0   2.0   2:23.79 main
              (leave) Call to alt_bn128_exp_by_neg_z     	[0.0031s x1.00]	(1747034229.7136s x0.00 from start)
            (leave) Call to alt_bn128_final_exponentiation_last_chunk	[0.0100s x1.00]	(1747034229.7141s x0.00 from start)
          (leave) Call to alt_bn128_final_exponentiation	[0.0103s x1.00]	(1747034229.7142s x0.00 from start)
          QAP divisibility check failed.
        (leave) Check QAP divisibility             	[0.0281s x1.00]	(1747034229.7142s x0.00 from start)
      (leave) Online pairing computations        	[0.0281s x1.00]	(1747034229.7142s x0.00 from start)
    (leave) Call to r1cs_gg_ppzksnark_online_verifier_weak_IC	[0.3037s x1.00]	(1747034229.7143s x0.00 from start)
  (leave) Call to r1cs_gg_ppzksnark_online_verifier_strong_IC	[0.3038s x1.00]	(1747034229.7143s x0.00 from start)
(leave) Call to r1cs_gg_ppzksnark_verifier_strong_IC	[0.3113s x1.00]	(1747034229.7143s x0.00 from start)
Number of R1CS constraints: 188193
Verification status: FAIL
07:17:09        8 root      20   0  258312 249684   4396 R 100.0   1.5   2:24.06 main
07:17:10  ./src/main not found.
src/main process has exited. Monitoring script will terminate.
