130|lmi:/data/local/tmp $ ./bin/speed_test-e78c73d13e2fde86  --bench                        
Gnuplot not found, using plotters backend
Benchmarking protocol/blind/2048: Collecting 100 samples in estimated 5.8320 s (15k iteration
protocol/blind/2048     time:   [384.05 µs 384.15 µs 384.27 µs]
Found 15 outliers among 100 measurements (15.00%)
  2 (2.00%) low severe
  1 (1.00%) low mild
  6 (6.00%) high mild
  6 (6.00%) high severe
Benchmarking protocol/blind_sign/2048: Collecting 100 samples in estimated 5.1702 s (2200 ite
protocol/blind_sign/2048
                        time:   [2.3112 ms 2.3142 ms 2.3185 ms]
Found 5 outliers among 100 measurements (5.00%)
  5 (5.00%) high severe
Benchmarking protocol/finalize/2048: Collecting 100 samples in estimated 5.0022 s (20k iterat
protocol/finalize/2048  time:   [246.09 µs 246.17 µs 246.28 µs]
Found 10 outliers among 100 measurements (10.00%)
  1 (1.00%) low mild
  5 (5.00%) high mild
  4 (4.00%) high severe
Token size: 256 bytes
Benchmarking protocol/verify/2048: Collecting 100 samples in estimated 6.0284 s (25k iteratio
protocol/verify/2048    time:   [238.21 µs 238.26 µs 238.32 µs]
Found 15 outliers among 100 measurements (15.00%)
  1 (1.00%) low severe
  2 (2.00%) low mild
  3 (3.00%) high mild
  9 (9.00%) high severe

lmi:/data/local/tmp $ /data/local/tmp/bin/blind_rsa_signatures-30ee9c19c39ff043 --bench

running 0 tests

test result: ok. 0 passed; 0 failed; 0 ignored; 0 measured; 0 filtered out; finished in 0.00s