Args:
  Field size              : 2748779069441
  l                       : 16
  t                       : 30
  Number of parties        : 1024
  Number of repeats        : 1
  Monitor sleep time (ms) : 1

Started ./MicroBench with PID: 9
06:59:54        9 root      20   0   14028   8744   6612 R 100.0   0.1   0:00.15 MicroBench
06:59:54        9 root      20   0   14028   8744   6612 R 100.0   0.1   0:00.31 MicroBench
06:59:54        9 root      20   0   14160   8744   6612 R 100.0   0.1   0:00.48 MicroBench
06:59:54        9 root      20   0   14160   8744   6612 R 100.0   0.1   0:00.64 MicroBench
06:59:54        9 root      20   0   14160   8744   6612 R 100.0   0.1   0:00.80 MicroBench
06:59:54        9 root      20   0   14160   8744   6612 R 100.0   0.1   0:00.96 MicroBench
06:59:55        9 root      20   0   14160   8744   6612 R 100.0   0.1   0:01.12 MicroBench
06:59:55        9 root      20   0   14160   8744   6612 R 100.0   0.1   0:01.29 MicroBench
06:59:55        9 root      20   0   14160   8744   6612 R 100.0   0.1   0:01.45 MicroBench
06:59:55        9 root      20   0   16140  10916   6676 R 100.0   0.1   0:01.61 MicroBench
06:59:55        9 root      20   0   16140  10916   6676 R 100.0   0.1   0:01.77 MicroBench
06:59:55        9 root      20   0   16140  10916   6676 R  93.3   0.1   0:01.93 MicroBench
06:59:56        9 root      20   0   16140  10916   6676 R 100.0   0.1   0:02.10 MicroBench
06:59:56        9 root      20   0   16140  10916   6676 R 100.0   0.1   0:02.26 MicroBench
06:59:56        9 root      20   0   16140  10916   6676 R  93.8   0.1   0:02.42 MicroBench
06:59:56        9 root      20   0   16140  10916   6676 R 100.0   0.1   0:02.58 MicroBench
06:59:56        9 root      20   0   16140  10916   6676 R  93.3   0.1   0:02.74 MicroBench
06:59:56        9 root      20   0   16140  10916   6676 R 100.0   0.1   0:02.91 MicroBench
06:59:57        9 root      20   0   16140  10916   6676 R 100.0   0.1   0:03.08 MicroBench
06:59:57        9 root      20   0   16140  10916   6676 R 100.0   0.1   0:03.24 MicroBench
06:59:57        9 root      20   0   16140  10916   6676 R 100.0   0.1   0:03.40 MicroBench
06:59:57        9 root      20   0   16140  10916   6676 R 100.0   0.1   0:03.56 MicroBench
06:59:57        9 root      20   0   16140  10916   6676 R 100.0   0.1   0:03.74 MicroBench
06:59:57        9 root      20   0   16140  10916   6676 R 100.0   0.1   0:03.91 MicroBench
06:59:58        9 root      20   0   16140  10916   6676 R 100.0   0.1   0:04.07 MicroBench
06:59:58        9 root      20   0   16140  10916   6676 R 100.0   0.1   0:04.23 MicroBench
06:59:58        9 root      20   0   16140  10916   6676 R 100.0   0.1   0:04.39 MicroBench
06:59:58        9 root      20   0   16140  10916   6676 R 100.0   0.1   0:04.55 MicroBench
06:59:58        9 root      20   0   16140  10916   6676 R 100.0   0.1   0:04.71 MicroBench
06:59:58        9 root      20   0   16140  10916   6676 R 100.0   0.1   0:04.87 MicroBench
06:59:59        9 root      20   0   16140  10916   6676 R 100.0   0.1   0:05.04 MicroBench
06:59:59        9 root      20   0   16140  10916   6676 R 100.0   0.1   0:05.20 MicroBench
06:59:59        9 root      20   0   16140  10916   6676 R 100.0   0.1   0:05.36 MicroBench
06:59:59        9 root      20   0   18648  13292   6676 R 100.0   0.1   0:05.52 MicroBench
06:59:59        9 root      20   0   18648  13292   6676 R  93.8   0.1   0:05.68 MicroBench
06:59:59        9 root      20   0   18648  13292   6676 R  93.8   0.1   0:05.84 MicroBench
07:00:00        9 root      20   0   18648  13292   6676 R 100.0   0.1   0:06.01 MicroBench
07:00:00        9 root      20   0   18648  13292   6676 R 100.0   0.1   0:06.17 MicroBench
07:00:00        9 root      20   0   18648  13292   6676 R 100.0   0.1   0:06.33 MicroBench
07:00:00        9 root      20   0   18648  13292   6676 R  93.8   0.1   0:06.49 MicroBench
07:00:00        9 root      20   0   18648  13292   6676 R 100.0   0.1   0:06.65 MicroBench
07:00:00        9 root      20   0   18648  13292   6676 R  93.8   0.1   0:06.82 MicroBench
07:00:00        9 root      20   0   18648  13292   6676 R 100.0   0.1   0:06.99 MicroBench
07:00:01        9 root      20   0   18648  13292   6676 R 100.0   0.1   0:07.15 MicroBench
07:00:01        9 root      20   0   18648  13292   6676 R 100.0   0.1   0:07.31 MicroBench
07:00:01        9 root      20   0   18648  13292   6676 R  93.3   0.1   0:07.47 MicroBench
07:00:01        9 root      20   0   18648  13292   6676 R 100.0   0.1   0:07.64 MicroBench
07:00:01        9 root      20   0   18648  13292   6676 R 100.0   0.1   0:07.80 MicroBench
07:00:01        9 root      20   0   18648  13292   6676 R 100.0   0.1   0:07.96 MicroBench
07:00:02        9 root      20   0   18648  13292   6676 R  93.3   0.1   0:08.12 MicroBench
07:00:02        9 root      20   0   18648  13292   6676 R 100.0   0.1   0:08.29 MicroBench
07:00:02        9 root      20   0   18648  13292   6676 R 100.0   0.1   0:08.45 MicroBench
07:00:02        9 root      20   0   18648  13292   6676 R 100.0   0.1   0:08.62 MicroBench
07:00:02        9 root      20   0   18648  13292   6676 R 100.0   0.1   0:08.78 MicroBench
07:00:02        9 root      20   0   18648  13292   6676 R 100.0   0.1   0:08.94 MicroBench
07:00:03        9 root      20   0   18648  13292   6676 R  93.3   0.1   0:09.10 MicroBench
07:00:03        9 root      20   0   18648  13292   6676 R 100.0   0.1   0:09.26 MicroBench
07:00:03        9 root      20   0   18648  13292   6676 R  93.8   0.1   0:09.42 MicroBench
Avg reg. time: 26347375
Avg opt. time: 34598416
Median reg. time: 26347375
Median opt. time: 34598416
07:00:03  MicroBench not found.
MicroBench process has exited. Monitoring script will terminate.
