Args:
  Field size              : 2748779069441
  l                       : 8
  t                       : 40
  Number of parties        : 1024
  Number of repeats        : 1
  Monitor sleep time (ms) : 1

Started ./MicroBench with PID: 8
06:59:28        8 root      20   0   14028   8744   6612 R 100.0   0.1   0:00.15 MicroBench
06:59:28        8 root      20   0   14028   8744   6612 R 100.0   0.1   0:00.31 MicroBench
06:59:28        8 root      20   0   14160   8744   6612 R 100.0   0.1   0:00.48 MicroBench
06:59:28        8 root      20   0   14160   8744   6612 R  93.8   0.1   0:00.64 MicroBench
06:59:29        8 root      20   0   14160   8744   6612 R 100.0   0.1   0:00.80 MicroBench
06:59:29        8 root      20   0   14160   8744   6612 R 100.0   0.1   0:00.97 MicroBench
06:59:29        8 root      20   0   14160   8744   6612 R 100.0   0.1   0:01.13 MicroBench
06:59:29        8 root      20   0   15876  10652   6676 R 100.0   0.1   0:01.29 MicroBench
06:59:29        8 root      20   0   15876  10652   6676 R  93.3   0.1   0:01.45 MicroBench
06:59:29        8 root      20   0   15876  10652   6676 R 100.0   0.1   0:01.62 MicroBench
06:59:30        8 root      20   0   15876  10652   6676 R 100.0   0.1   0:01.78 MicroBench
06:59:30        8 root      20   0   15876  10652   6676 R  93.8   0.1   0:01.95 MicroBench
06:59:30        8 root      20   0   15876  10652   6676 R 100.0   0.1   0:02.12 MicroBench
06:59:30        8 root      20   0   15876  10652   6676 R 100.0   0.1   0:02.28 MicroBench
06:59:30        8 root      20   0   15876  10652   6676 R 100.0   0.1   0:02.45 MicroBench
06:59:30        8 root      20   0   15876  10652   6676 R 100.0   0.1   0:02.61 MicroBench
06:59:31        8 root      20   0   15876  10652   6676 R 100.0   0.1   0:02.78 MicroBench
06:59:31        8 root      20   0   15876  10652   6676 R 100.0   0.1   0:02.94 MicroBench
06:59:31        8 root      20   0   15876  10652   6676 R 100.0   0.1   0:03.10 MicroBench
06:59:31        8 root      20   0   15876  10652   6676 R 100.0   0.1   0:03.27 MicroBench
06:59:31        8 root      20   0   15876  10652   6676 R 100.0   0.1   0:03.43 MicroBench
06:59:31        8 root      20   0   15876  10652   6676 R 100.0   0.1   0:03.60 MicroBench
06:59:32        8 root      20   0   15876  10652   6676 R 100.0   0.1   0:03.78 MicroBench
06:59:32        8 root      20   0   15876  10652   6676 R 100.0   0.1   0:03.94 MicroBench
06:59:32        8 root      20   0   15876  10652   6676 R 100.0   0.1   0:04.11 MicroBench
06:59:32        8 root      20   0   15876  10652   6676 R 100.0   0.1   0:04.28 MicroBench
06:59:32        8 root      20   0   18120  12764   6676 R  93.3   0.1   0:04.43 MicroBench
06:59:32        8 root      20   0   18120  12764   6676 R 100.0   0.1   0:04.60 MicroBench
06:59:33        8 root      20   0   18120  12764   6676 R  93.8   0.1   0:04.76 MicroBench
06:59:33        8 root      20   0   18120  12764   6676 R 100.0   0.1   0:04.93 MicroBench
06:59:33        8 root      20   0   18120  12764   6676 R 100.0   0.1   0:05.09 MicroBench
06:59:33        8 root      20   0   18120  12764   6676 R 100.0   0.1   0:05.26 MicroBench
06:59:33        8 root      20   0   18120  12764   6676 R 100.0   0.1   0:05.43 MicroBench
06:59:33        8 root      20   0   18120  12764   6676 R 100.0   0.1   0:05.60 MicroBench
06:59:34        8 root      20   0   18120  12764   6676 R 100.0   0.1   0:05.77 MicroBench
06:59:34        8 root      20   0   18120  12764   6676 R  93.3   0.1   0:05.93 MicroBench
06:59:34        8 root      20   0   18120  12764   6676 R  93.8   0.1   0:06.11 MicroBench
06:59:34        8 root      20   0   18120  12764   6676 R  93.3   0.1   0:06.27 MicroBench
06:59:34        8 root      20   0   18120  12764   6676 R  93.8   0.1   0:06.44 MicroBench
06:59:34        8 root      20   0   18120  12764   6676 R 100.0   0.1   0:06.60 MicroBench
06:59:35        8 root      20   0   18120  12764   6676 R 100.0   0.1   0:06.77 MicroBench
06:59:35        8 root      20   0   18120  12764   6676 R 100.0   0.1   0:06.93 MicroBench
06:59:35        8 root      20   0   18120  12764   6676 R 100.0   0.1   0:07.10 MicroBench
06:59:35        8 root      20   0   18120  12764   6676 R 100.0   0.1   0:07.27 MicroBench
06:59:35        8 root      20   0   18120  12764   6676 R 100.0   0.1   0:07.45 MicroBench
06:59:35        8 root      20   0   18256  13028   6676 R 100.0   0.1   0:07.61 MicroBench
Avg reg. time: 23518292
Avg opt. time: 33958604
Median reg. time: 23518292
Median opt. time: 33958604
06:59:36  MicroBench not found.
MicroBench process has exited. Monitoring script will terminate.
