Args:
  Field size              : 2748779069441
  l                       : 8
  t                       : 30
  Number of parties        : 1024
  Number of repeats        : 1
  Monitor sleep time (ms) : 1

Started ./MicroBench with PID: 8
06:59:21        8 root      20   0   14160   8752   6624 R 100.0   0.1   0:00.15 MicroBench
06:59:22        8 root      20   0   14160   8752   6624 R 100.0   0.1   0:00.31 MicroBench
06:59:22        8 root      20   0   14160   8752   6624 R 100.0   0.1   0:00.47 MicroBench
06:59:22        8 root      20   0   14160   8752   6624 R 100.0   0.1   0:00.63 MicroBench
06:59:22        8 root      20   0   14160   8752   6624 R 100.0   0.1   0:00.79 MicroBench
06:59:22        8 root      20   0   14160   8752   6624 R 100.0   0.1   0:00.96 MicroBench
06:59:22        8 root      20   0   15612  10396   6688 R 100.0   0.1   0:01.12 MicroBench
06:59:22        8 root      20   0   15612  10396   6688 R 100.0   0.1   0:01.28 MicroBench
06:59:23        8 root      20   0   15612  10396   6688 R 100.0   0.1   0:01.45 MicroBench
06:59:23        8 root      20   0   15612  10396   6688 R 100.0   0.1   0:01.61 MicroBench
06:59:23        8 root      20   0   15612  10396   6688 R  93.8   0.1   0:01.77 MicroBench
06:59:23        8 root      20   0   15612  10396   6688 R 100.0   0.1   0:01.93 MicroBench
06:59:23        8 root      20   0   15612  10396   6688 R  93.3   0.1   0:02.09 MicroBench
06:59:23        8 root      20   0   15612  10396   6688 R 100.0   0.1   0:02.26 MicroBench
06:59:24        8 root      20   0   15612  10396   6688 R 100.0   0.1   0:02.42 MicroBench
06:59:24        8 root      20   0   15612  10396   6688 R  93.8   0.1   0:02.58 MicroBench
06:59:24        8 root      20   0   15612  10396   6688 R 100.0   0.1   0:02.74 MicroBench
06:59:24        8 root      20   0   15612  10396   6688 R 100.0   0.1   0:02.90 MicroBench
06:59:24        8 root      20   0   15612  10396   6688 R 100.0   0.1   0:03.06 MicroBench
06:59:24        8 root      20   0   17460  12244   6688 R 100.0   0.1   0:03.23 MicroBench
06:59:25        8 root      20   0   17460  12244   6688 R 100.0   0.1   0:03.39 MicroBench
06:59:25        8 root      20   0   17460  12244   6688 R 100.0   0.1   0:03.56 MicroBench
06:59:25        8 root      20   0   17460  12244   6688 R 100.0   0.1   0:03.72 MicroBench
06:59:25        8 root      20   0   17460  12244   6688 R 100.0   0.1   0:03.88 MicroBench
06:59:25        8 root      20   0   17460  12244   6688 R 100.0   0.1   0:04.05 MicroBench
06:59:25        8 root      20   0   17460  12244   6688 R  93.8   0.1   0:04.22 MicroBench
06:59:26        8 root      20   0   17460  12244   6688 R 100.0   0.1   0:04.38 MicroBench
06:59:26        8 root      20   0   17460  12244   6688 R 100.0   0.1   0:04.55 MicroBench
06:59:26        8 root      20   0   17460  12244   6688 R 100.0   0.1   0:04.71 MicroBench
06:59:26        8 root      20   0   17460  12244   6688 R  93.3   0.1   0:04.87 MicroBench
06:59:26        8 root      20   0   17460  12244   6688 R 100.0   0.1   0:05.04 MicroBench
06:59:26        8 root      20   0   17460  12244   6688 R 100.0   0.1   0:05.20 MicroBench
06:59:27        8 root      20   0   17460  12244   6688 R 100.0   0.1   0:05.37 MicroBench
Avg reg. time: 19722125
Avg opt. time: 33788771
Median reg. time: 19722125
Median opt. time: 33788771
06:59:27  MicroBench not found.
MicroBench process has exited. Monitoring script will terminate.
