Args:
  Field size              : 2748779069441
  l                       : 16
  t                       : 10
  Number of parties        : 2048
  Number of repeats        : 1
  Monitor sleep time (ms) : 1

Started ./MicroBench with PID: 8
07:10:49        8 root      20   0   14688   9284   6628 R 100.0   0.1   0:00.15 MicroBench
07:10:50        8 root      20   0   14688   9284   6628 R 100.0   0.1   0:00.32 MicroBench
07:10:50        8 root      20   0   14688   9284   6628 R  93.8   0.1   0:00.48 MicroBench
07:10:50        8 root      20   0   14688   9284   6628 R 100.0   0.1   0:00.65 MicroBench
07:10:50        8 root      20   0   14820   9548   6628 R 100.0   0.1   0:00.82 MicroBench
07:10:50        8 root      20   0   14668   9544   6628 R 100.0   0.1   0:00.99 MicroBench
07:10:50        8 root      20   0   14668   9544   6628 R 100.0   0.1   0:01.15 MicroBench
07:10:51        8 root      20   0   14668   9544   6628 R  93.8   0.1   0:01.33 MicroBench
07:10:51        8 root      20   0   14668   9544   6628 R 100.0   0.1   0:01.50 MicroBench
07:10:51        8 root      20   0   14668   9544   6628 R 100.0   0.1   0:01.67 MicroBench
07:10:51        8 root      20   0   14800   9544   6628 R 100.0   0.1   0:01.83 MicroBench
07:10:51        8 root      20   0   14800   9544   6628 R 100.0   0.1   0:02.00 MicroBench
07:10:51        8 root      20   0   14800   9544   6628 R  93.8   0.1   0:02.17 MicroBench
07:10:52        8 root      20   0   14800   9544   6628 R 100.0   0.1   0:02.34 MicroBench
07:10:52        8 root      20   0   14800   9544   6628 R  93.3   0.1   0:02.50 MicroBench
07:10:52        8 root      20   0   14800   9544   6628 R 100.0   0.1   0:02.68 MicroBench
07:10:52        8 root      20   0   14800   9544   6628 R 100.0   0.1   0:02.84 MicroBench
07:10:52        8 root      20   0   14800   9544   6628 R 100.0   0.1   0:03.01 MicroBench
07:10:52        8 root      20   0   14800   9544   6628 R 100.0   0.1   0:03.18 MicroBench
07:10:53        8 root      20   0   14800   9544   6628 R 100.0   0.1   0:03.35 MicroBench
07:10:53        8 root      20   0   14800   9544   6628 R  93.8   0.1   0:03.52 MicroBench
07:10:53        8 root      20   0   14796   9640   6628 R 100.0   0.1   0:03.68 MicroBench
07:10:53        8 root      20   0   14796   9640   6628 R 100.0   0.1   0:03.85 MicroBench
07:10:53        8 root      20   0   14796   9640   6628 R 100.0   0.1   0:04.02 MicroBench
07:10:53        8 root      20   0   14796   9640   6628 R 100.0   0.1   0:04.19 MicroBench
07:10:54        8 root      20   0   14796   9640   6628 R 100.0   0.1   0:04.36 MicroBench
07:10:54        8 root      20   0   14796   9640   6628 R 100.0   0.1   0:04.54 MicroBench
07:10:54        8 root      20   0   14796   9640   6628 R 100.0   0.1   0:04.70 MicroBench
07:10:54        8 root      20   0   17496  12296   6692 R 100.0   0.1   0:04.87 MicroBench
07:10:54        8 root      20   0   17496  12296   6692 R 100.0   0.1   0:05.04 MicroBench
07:10:54        8 root      20   0   17496  12296   6692 R 100.0   0.1   0:05.21 MicroBench
07:10:55        8 root      20   0   17496  12296   6692 R 100.0   0.1   0:05.38 MicroBench
07:10:55        8 root      20   0   17496  12296   6692 R 100.0   0.1   0:05.54 MicroBench
07:10:55        8 root      20   0   17496  12296   6692 R 100.0   0.1   0:05.71 MicroBench
07:10:55        8 root      20   0   17496  12296   6692 R 100.0   0.1   0:05.88 MicroBench
07:10:55        8 root      20   0   17496  12296   6692 R 100.0   0.1   0:06.05 MicroBench
07:10:55        8 root      20   0   17496  12296   6692 R 100.0   0.1   0:06.21 MicroBench
07:10:56        8 root      20   0   17496  12296   6692 R 100.0   0.1   0:06.38 MicroBench
07:10:56        8 root      20   0   17496  12296   6692 R  93.8   0.1   0:06.56 MicroBench
07:10:56        8 root      20   0   17496  12296   6692 R  93.8   0.1   0:06.73 MicroBench
07:10:56        8 root      20   0   17496  12296   6692 R 100.0   0.1   0:06.90 MicroBench
07:10:56        8 root      20   0   17496  12296   6692 R 100.0   0.1   0:07.06 MicroBench
07:10:56        8 root      20   0   17496  12296   6692 R 100.0   0.1   0:07.23 MicroBench
07:10:57        8 root      20   0   17496  12296   6692 R 100.0   0.1   0:07.40 MicroBench
07:10:57        8 root      20   0   17496  12296   6692 R 100.0   0.1   0:07.58 MicroBench
07:10:57        8 root      20   0   17496  12296   6692 R 100.0   0.1   0:07.74 MicroBench
07:10:57        8 root      20   0   17496  12296   6692 R 100.0   0.1   0:07.91 MicroBench
07:10:57        8 root      20   0   17496  12296   6692 R 100.0   0.1   0:08.08 MicroBench
07:10:58        8 root      20   0   17496  12296   6692 R 100.0   0.1   0:08.25 MicroBench
07:10:58        8 root      20   0   17496  12296   6692 R 100.0   0.1   0:08.42 MicroBench
07:10:58        8 root      20   0   17496  12296   6692 R 100.0   0.1   0:08.59 MicroBench
07:10:58        8 root      20   0   17496  12296   6692 R 100.0   0.1   0:08.75 MicroBench
07:10:58        8 root      20   0   17496  12296   6692 R 100.0   0.1   0:08.92 MicroBench
07:10:58        8 root      20   0   17496  12296   6692 R 100.0   0.1   0:09.09 MicroBench
07:10:59        8 root      20   0   17496  12296   6692 R 100.0   0.1   0:09.26 MicroBench
07:10:59        8 root      20   0   17496  12296   6692 R  93.3   0.1   0:09.42 MicroBench
07:10:59        8 root      20   0   17496  12296   6692 R  93.8   0.1   0:09.59 MicroBench
07:10:59        8 root      20   0   17496  12296   6692 R 100.0   0.1   0:09.76 MicroBench
07:10:59        8 root      20   0   17496  12296   6692 R 100.0   0.1   0:09.93 MicroBench
07:10:59        8 root      20   0   17496  12296   6692 R 100.0   0.1   0:10.10 MicroBench
07:11:00        8 root      20   0   17496  12296   6692 R  93.8   0.1   0:10.27 MicroBench
07:11:00        8 root      20   0   17496  12296   6692 R 100.0   0.1   0:10.44 MicroBench
07:11:00        8 root      20   0   17496  12296   6692 R 100.0   0.1   0:10.61 MicroBench
07:11:00        8 root      20   0   17496  12296   6692 R 100.0   0.1   0:10.78 MicroBench
07:11:00        8 root      20   0   17496  12296   6692 R 100.0   0.1   0:10.95 MicroBench
07:11:00        8 root      20   0   17496  12296   6692 R 100.0   0.1   0:11.12 MicroBench
07:11:01        8 root      20   0   17496  12296   6692 R 100.0   0.1   0:11.29 MicroBench
07:11:01        8 root      20   0   17496  12296   6692 R 100.0   0.1   0:11.46 MicroBench
07:11:01        8 root      20   0   17496  12296   6692 R 100.0   0.1   0:11.64 MicroBench
07:11:01        8 root      20   0   17496  12296   6692 R 100.0   0.1   0:11.81 MicroBench
07:11:01        8 root      20   0   17496  12296   6692 R 100.0   0.1   0:11.97 MicroBench
07:11:01        8 root      20   0   20928  15728   6692 R 100.0   0.1   0:12.15 MicroBench
07:11:02        8 root      20   0   20928  15728   6692 R 100.0   0.1   0:12.32 MicroBench
07:11:02        8 root      20   0   20928  15728   6692 R  93.8   0.1   0:12.49 MicroBench
07:11:02        8 root      20   0   20928  15728   6692 R  93.3   0.1   0:12.65 MicroBench
07:11:02        8 root      20   0   20928  15728   6692 R 100.0   0.1   0:12.83 MicroBench
07:11:02        8 root      20   0   20928  15728   6692 R 100.0   0.1   0:13.00 MicroBench
07:11:02        8 root      20   0   20928  15728   6692 R 100.0   0.1   0:13.17 MicroBench
07:11:03        8 root      20   0   20928  15728   6692 R 100.0   0.1   0:13.34 MicroBench
07:11:03        8 root      20   0   20928  15728   6692 R 100.0   0.1   0:13.51 MicroBench
07:11:03        8 root      20   0   20928  15728   6692 R 100.0   0.1   0:13.69 MicroBench
07:11:03        8 root      20   0   20928  15728   6692 R 100.0   0.1   0:13.86 MicroBench
07:11:03        8 root      20   0   20928  15728   6692 R 100.0   0.1   0:14.03 MicroBench
07:11:03        8 root      20   0   20928  15728   6692 R 100.0   0.1   0:14.20 MicroBench
07:11:04        8 root      20   0   20928  15728   6692 R 100.0   0.1   0:14.37 MicroBench
07:11:04        8 root      20   0   20928  15728   6692 R 100.0   0.1   0:14.54 MicroBench
07:11:04        8 root      20   0   20928  15728   6692 R 100.0   0.1   0:14.71 MicroBench
07:11:04        8 root      20   0   20928  15728   6692 R 100.0   0.1   0:14.88 MicroBench
07:11:04        8 root      20   0   20928  15728   6692 R 100.0   0.1   0:15.05 MicroBench
07:11:04        8 root      20   0   20928  15728   6692 R 100.0   0.1   0:15.22 MicroBench
07:11:05        8 root      20   0   20928  15728   6692 R 100.0   0.1   0:15.39 MicroBench
07:11:05        8 root      20   0   20928  15728   6692 R 100.0   0.1   0:15.55 MicroBench
07:11:05        8 root      20   0   20928  15728   6692 R  93.8   0.1   0:15.72 MicroBench
07:11:05        8 root      20   0   20928  15728   6692 R 100.0   0.1   0:15.90 MicroBench
07:11:05        8 root      20   0   20928  15728   6692 R 100.0   0.1   0:16.07 MicroBench
07:11:06        8 root      20   0   20928  15728   6692 R 100.0   0.1   0:16.24 MicroBench
07:11:06        8 root      20   0   20928  15728   6692 R 100.0   0.1   0:16.41 MicroBench
07:11:06        8 root      20   0   20928  15728   6692 R 100.0   0.1   0:16.57 MicroBench
07:11:06        8 root      20   0   20928  15728   6692 R 100.0   0.1   0:16.74 MicroBench
07:11:06        8 root      20   0   20928  15728   6692 R  93.8   0.1   0:16.91 MicroBench
07:11:06        8 root      20   0   20928  15728   6692 R 100.0   0.1   0:17.08 MicroBench
07:11:07        8 root      20   0   20928  15728   6692 R 100.0   0.1   0:17.25 MicroBench
07:11:07        8 root      20   0   20928  15728   6692 R  93.3   0.1   0:17.41 MicroBench
07:11:07        8 root      20   0   20928  15728   6692 R 100.0   0.1   0:17.60 MicroBench
07:11:07        8 root      20   0   20928  15728   6692 R 100.0   0.1   0:17.77 MicroBench
07:11:07        8 root      20   0   20928  15728   6692 R 100.0   0.1   0:17.93 MicroBench
07:11:07        8 root      20   0   20928  15728   6692 R 100.0   0.1   0:18.10 MicroBench
07:11:08        8 root      20   0   20928  15728   6692 R 100.0   0.1   0:18.27 MicroBench
07:11:08        8 root      20   0   20928  15728   6692 R 100.0   0.1   0:18.44 MicroBench
07:11:08        8 root      20   0   20928  15728   6692 R 100.0   0.1   0:18.61 MicroBench
07:11:08        8 root      20   0   20928  15728   6692 R 100.0   0.1   0:18.78 MicroBench
07:11:08        8 root      20   0   20928  15728   6692 R 100.0   0.1   0:18.94 MicroBench
07:11:08        8 root      20   0   20928  15728   6692 R 100.0   0.1   0:19.11 MicroBench
07:11:09        8 root      20   0   20928  15728   6692 R 100.0   0.1   0:19.28 MicroBench
07:11:09        8 root      20   0   20928  15728   6692 R  93.8   0.1   0:19.45 MicroBench
07:11:09        8 root      20   0   21588  16256   6692 R 100.0   0.1   0:19.62 MicroBench
Avg reg. time: 72971104
Avg opt. time: 142427792
Median reg. time: 72971104
Median opt. time: 142427792
07:11:09  MicroBench not found.
MicroBench process has exited. Monitoring script will terminate.
