Args:
  Field size              : 2748779069441
  l                       : 64
  t                       : 0
  Number of parties        : 1024
  Number of repeats        : 1
  Monitor sleep time (ms) : 1

Started ./MicroBench with PID: 8
07:02:51        8 root      20   0   14160   8740   6612 R  93.3   0.1   0:00.14 MicroBench
07:02:51        8 root      20   0   14160   8740   6612 R 100.0   0.1   0:00.31 MicroBench
07:02:51        8 root      20   0   14160   8740   6612 R 100.0   0.1   0:00.47 MicroBench
07:02:51        8 root      20   0   14160   8740   6612 R 100.0   0.1   0:00.63 MicroBench
07:02:51        8 root      20   0   14160   8740   6612 R  93.8   0.1   0:00.79 MicroBench
07:02:51        8 root      20   0   14160   8740   6612 R 100.0   0.1   0:00.96 MicroBench
07:02:52        8 root      20   0   14160   8740   6612 R 100.0   0.1   0:01.12 MicroBench
07:02:52        8 root      20   0   14156   8960   6612 R 100.0   0.1   0:01.28 MicroBench
07:02:52        8 root      20   0   14156   8960   6612 R 100.0   0.1   0:01.45 MicroBench
07:02:52        8 root      20   0   14156   8960   6612 R 100.0   0.1   0:01.62 MicroBench
07:02:52        8 root      20   0   14156   8960   6612 R 100.0   0.1   0:01.78 MicroBench
07:02:52        8 root      20   0   14156   8960   6612 R  93.8   0.1   0:01.94 MicroBench
07:02:53        8 root      20   0   14156   8960   6612 R  93.3   0.1   0:02.10 MicroBench
07:02:53        8 root      20   0   14156   8960   6612 R 100.0   0.1   0:02.27 MicroBench
07:02:53        8 root      20   0   14156   8960   6612 R 100.0   0.1   0:02.43 MicroBench
07:02:53        8 root      20   0   14156   8960   6612 R 100.0   0.1   0:02.59 MicroBench
07:02:53        8 root      20   0   14156   8960   6612 R 100.0   0.1   0:02.75 MicroBench
07:02:53        8 root      20   0   14156   8960   6612 R 100.0   0.1   0:02.92 MicroBench
07:02:54        8 root      20   0   14156   8960   6612 R 100.0   0.1   0:03.08 MicroBench
07:02:54        8 root      20   0   14156   8960   6612 R 100.0   0.1   0:03.24 MicroBench
07:02:54        8 root      20   0   14156   8960   6612 R 100.0   0.1   0:03.40 MicroBench
07:02:54        8 root      20   0   14240   9020   6612 R  93.3   0.1   0:03.56 MicroBench
07:02:54        8 root      20   0   18644  13296   6676 R 100.0   0.1   0:03.73 MicroBench
07:02:54        8 root      20   0   18644  13296   6676 R 100.0   0.1   0:03.89 MicroBench
07:02:55        8 root      20   0   18644  13296   6676 R 100.0   0.1   0:04.06 MicroBench
07:02:55        8 root      20   0   18644  13296   6676 R 100.0   0.1   0:04.22 MicroBench
07:02:55        8 root      20   0   18644  13296   6676 R  93.3   0.1   0:04.38 MicroBench
07:02:55        8 root      20   0   18644  13296   6676 R 100.0   0.1   0:04.56 MicroBench
07:02:55        8 root      20   0   18644  13296   6676 R  93.8   0.1   0:04.72 MicroBench
07:02:55        8 root      20   0   18644  13296   6676 R 100.0   0.1   0:04.88 MicroBench
07:02:56        8 root      20   0   18644  13296   6676 R 100.0   0.1   0:05.04 MicroBench
07:02:56        8 root      20   0   18644  13296   6676 R  93.3   0.1   0:05.20 MicroBench
07:02:56        8 root      20   0   18644  13296   6676 R 100.0   0.1   0:05.37 MicroBench
07:02:56        8 root      20   0   18644  13296   6676 R  93.3   0.1   0:05.53 MicroBench
07:02:56        8 root      20   0   18644  13296   6676 R 100.0   0.1   0:05.70 MicroBench
07:02:56        8 root      20   0   18644  13296   6676 R 100.0   0.1   0:05.86 MicroBench
07:02:57        8 root      20   0   18644  13296   6676 R 100.0   0.1   0:06.02 MicroBench
07:02:57        8 root      20   0   18644  13296   6676 R 100.0   0.1   0:06.19 MicroBench
07:02:57        8 root      20   0   18644  13296   6676 R 100.0   0.1   0:06.35 MicroBench
07:02:57        8 root      20   0   18644  13296   6676 R 100.0   0.1   0:06.51 MicroBench
07:02:57        8 root      20   0   18644  13296   6676 R 100.0   0.1   0:06.67 MicroBench
07:02:57        8 root      20   0   18644  13296   6676 R 100.0   0.1   0:06.84 MicroBench
07:02:58        8 root      20   0   18644  13296   6676 R 100.0   0.1   0:07.00 MicroBench
07:02:58        8 root      20   0   18644  13296   6676 R 100.0   0.1   0:07.16 MicroBench
07:02:58        8 root      20   0   18644  13296   6676 R 100.0   0.1   0:07.33 MicroBench
07:02:58        8 root      20   0   18644  13296   6676 R 100.0   0.1   0:07.49 MicroBench
07:02:58        8 root      20   0   18644  13296   6676 R 100.0   0.1   0:07.66 MicroBench
07:02:58        8 root      20   0   18644  13296   6676 R 100.0   0.1   0:07.82 MicroBench
07:02:59        8 root      20   0   18644  13296   6676 R 100.0   0.1   0:07.99 MicroBench
07:02:59        8 root      20   0   18644  13296   6676 R  93.3   0.1   0:08.15 MicroBench
07:02:59        8 root      20   0   18644  13296   6676 R 100.0   0.1   0:08.32 MicroBench
07:02:59        8 root      20   0   18644  13296   6676 R 100.0   0.1   0:08.49 MicroBench
07:02:59        8 root      20   0   18644  13296   6676 R 100.0   0.1   0:08.65 MicroBench
07:02:59        8 root      20   0   18644  13296   6676 R 100.0   0.1   0:08.82 MicroBench
07:03:00        8 root      20   0   18644  13296   6676 R 100.0   0.1   0:08.98 MicroBench
07:03:00        8 root      20   0   18644  13296   6676 R 100.0   0.1   0:09.14 MicroBench
07:03:00        8 root      20   0   18644  13296   6676 R 100.0   0.1   0:09.30 MicroBench
07:03:00        8 root      20   0   18644  13296   6676 R  93.8   0.1   0:09.46 MicroBench
07:03:00        8 root      20   0   18644  13296   6676 R 100.0   0.1   0:09.62 MicroBench
07:03:00        8 root      20   0   18644  13296   6676 R  93.3   0.1   0:09.78 MicroBench
07:03:00        8 root      20   0   18644  13296   6676 R 100.0   0.1   0:09.95 MicroBench
07:03:01        8 root      20   0   18644  13296   6676 R 100.0   0.1   0:10.11 MicroBench
07:03:01        8 root      20   0   18644  13296   6676 R 100.0   0.1   0:10.28 MicroBench
07:03:01        8 root      20   0   18644  13296   6676 R 100.0   0.1   0:10.45 MicroBench
07:03:01        8 root      20   0   18644  13296   6676 R 100.0   0.1   0:10.61 MicroBench
07:03:01        8 root      20   0   18644  13296   6676 R  93.3   0.1   0:10.77 MicroBench
07:03:01        8 root      20   0   18644  13296   6676 R  93.3   0.1   0:10.93 MicroBench
07:03:02        8 root      20   0   18644  13296   6676 R 100.0   0.1   0:11.10 MicroBench
07:03:02        8 root      20   0   18644  13296   6676 R 100.0   0.1   0:11.27 MicroBench
07:03:02        8 root      20   0   18644  13296   6676 R 100.0   0.1   0:11.43 MicroBench
07:03:02        8 root      20   0   18644  13296   6676 R  93.8   0.1   0:11.59 MicroBench
07:03:02        8 root      20   0   18644  13296   6676 R 100.0   0.1   0:11.75 MicroBench
07:03:02        8 root      20   0   18644  13296   6676 R 100.0   0.1   0:11.94 MicroBench
07:03:03        8 root      20   0   18644  13296   6676 R 100.0   0.1   0:12.10 MicroBench
07:03:03        8 root      20   0   18644  13296   6676 R 100.0   0.1   0:12.27 MicroBench
07:03:03        8 root      20   0   18644  13296   6676 R 100.0   0.1   0:12.43 MicroBench
07:03:03        8 root      20   0   18644  13296   6676 R 100.0   0.1   0:12.59 MicroBench
07:03:03        8 root      20   0   18644  13296   6676 R 100.0   0.1   0:12.76 MicroBench
07:03:03        8 root      20   0   18644  13296   6676 R 100.0   0.1   0:12.92 MicroBench
07:03:04        8 root      20   0   18644  13296   6676 R 100.0   0.1   0:13.08 MicroBench
07:03:04        8 root      20   0   18644  13296   6676 R  93.8   0.1   0:13.24 MicroBench
07:03:04        8 root      20   0   18644  13296   6676 R 100.0   0.1   0:13.41 MicroBench
07:03:04        8 root      20   0   18644  13296   6676 R 100.0   0.1   0:13.57 MicroBench
07:03:04        8 root      20   0   18644  13296   6676 R 100.0   0.1   0:13.73 MicroBench
07:03:04        8 root      20   0   18644  13296   6676 R  93.3   0.1   0:13.89 MicroBench
07:03:05        8 root      20   0   18644  13296   6676 R 100.0   0.1   0:14.06 MicroBench
07:03:05        8 root      20   0   18644  13296   6676 R 100.0   0.1   0:14.22 MicroBench
07:03:05        8 root      20   0   18644  13296   6676 R 100.0   0.1   0:14.38 MicroBench
07:03:05        8 root      20   0   18644  13296   6676 R 100.0   0.1   0:14.55 MicroBench
07:03:05        8 root      20   0   18644  13296   6676 R 100.0   0.1   0:14.71 MicroBench
07:03:05        8 root      20   0   18644  13296   6676 R 100.0   0.1   0:14.88 MicroBench
07:03:06        8 root      20   0   18644  13296   6676 R 100.0   0.1   0:15.04 MicroBench
07:03:06        8 root      20   0   18644  13296   6676 R 100.0   0.1   0:15.22 MicroBench
07:03:06        8 root      20   0   18644  13296   6676 R 100.0   0.1   0:15.38 MicroBench
07:03:06        8 root      20   0   18644  13296   6676 R  93.3   0.1   0:15.54 MicroBench
07:03:06        8 root      20   0   18644  13296   6676 R 100.0   0.1   0:15.71 MicroBench
07:03:06        8 root      20   0   18644  13296   6676 R 100.0   0.1   0:15.88 MicroBench
07:03:07        8 root      20   0   18644  13296   6676 R 100.0   0.1   0:16.04 MicroBench
07:03:07        8 root      20   0   18644  13296   6676 R 100.0   0.1   0:16.20 MicroBench
07:03:07        8 root      20   0   18644  13296   6676 R 100.0   0.1   0:16.36 MicroBench
07:03:07        8 root      20   0   18644  13296   6676 R 100.0   0.1   0:16.53 MicroBench
07:03:07        8 root      20   0   18644  13296   6676 R 100.0   0.1   0:16.69 MicroBench
07:03:07        8 root      20   0   18644  13296   6676 R 100.0   0.1   0:16.85 MicroBench
07:03:08        8 root      20   0   18644  13296   6676 R  93.3   0.1   0:17.01 MicroBench
07:03:08        8 root      20   0   18644  13296   6676 R  93.8   0.1   0:17.18 MicroBench
07:03:08        8 root      20   0   18644  13296   6676 R  93.3   0.1   0:17.38 MicroBench
07:03:08        8 root      20   0   18644  13296   6676 R 100.0   0.1   0:17.55 MicroBench
07:03:08        8 root      20   0   18644  13296   6676 R 100.0   0.1   0:17.72 MicroBench
07:03:08        8 root      20   0   18644  13296   6676 R  93.8   0.1   0:17.88 MicroBench
07:03:09        8 root      20   0   18644  13296   6676 R 100.0   0.1   0:18.04 MicroBench
07:03:09        8 root      20   0   18644  13296   6676 R  93.3   0.1   0:18.20 MicroBench
07:03:09        8 root      20   0   18644  13296   6676 R 100.0   0.1   0:18.37 MicroBench
07:03:09        8 root      20   0   18644  13296   6676 R 100.0   0.1   0:18.53 MicroBench
07:03:09        8 root      20   0   18644  13296   6676 R 100.0   0.1   0:18.70 MicroBench
07:03:09        8 root      20   0   18644  13296   6676 R 100.0   0.1   0:18.85 MicroBench
07:03:10        8 root      20   0   18644  13296   6676 R  93.8   0.1   0:19.02 MicroBench
07:03:10        8 root      20   0   18644  13296   6676 R 100.0   0.1   0:19.19 MicroBench
07:03:10        8 root      20   0   18644  13296   6676 R  93.8   0.1   0:19.35 MicroBench
07:03:10        8 root      20   0   18644  13296   6676 R 100.0   0.1   0:19.51 MicroBench
07:03:10        8 root      20   0   18644  13296   6676 R  93.8   0.1   0:19.68 MicroBench
07:03:10        8 root      20   0   18644  13296   6676 R 100.0   0.1   0:19.84 MicroBench
07:03:11        8 root      20   0   18644  13296   6676 R 100.0   0.1   0:20.01 MicroBench
07:03:11        8 root      20   0   18644  13296   6676 R 100.0   0.1   0:20.17 MicroBench
07:03:11        8 root      20   0   18644  13296   6676 R 100.0   0.1   0:20.34 MicroBench
07:03:11        8 root      20   0   23528  18312   6676 R 100.0   0.1   0:20.51 MicroBench
07:03:11        8 root      20   0   23528  18312   6676 R 100.0   0.1   0:20.67 MicroBench
07:03:11        8 root      20   0   23528  18312   6676 R 100.0   0.1   0:20.83 MicroBench
07:03:12        8 root      20   0   23528  18312   6676 R 100.0   0.1   0:21.00 MicroBench
07:03:12        8 root      20   0   23528  18312   6676 R 100.0   0.1   0:21.16 MicroBench
07:03:12        8 root      20   0   23528  18312   6676 R 100.0   0.1   0:21.32 MicroBench
07:03:12        8 root      20   0   23528  18312   6676 R 100.0   0.1   0:21.49 MicroBench
07:03:12        8 root      20   0   23528  18312   6676 R 100.0   0.1   0:21.66 MicroBench
07:03:12        8 root      20   0   23528  18312   6676 R 100.0   0.1   0:21.82 MicroBench
07:03:13        8 root      20   0   23528  18312   6676 R 100.0   0.1   0:21.99 MicroBench
07:03:13        8 root      20   0   23528  18312   6676 R  93.3   0.1   0:22.15 MicroBench
07:03:13        8 root      20   0   23528  18312   6676 R 100.0   0.1   0:22.32 MicroBench
07:03:13        8 root      20   0   23528  18312   6676 R 100.0   0.1   0:22.48 MicroBench
07:03:13        8 root      20   0   23528  18312   6676 R 100.0   0.1   0:22.64 MicroBench
07:03:13        8 root      20   0   23528  18312   6676 R 100.0   0.1   0:22.80 MicroBench
07:03:14        8 root      20   0   23528  18312   6676 R 100.0   0.1   0:22.96 MicroBench
07:03:14        8 root      20   0   23528  18312   6676 R 100.0   0.1   0:23.12 MicroBench
07:03:14        8 root      20   0   23528  18312   6676 R 100.0   0.1   0:23.29 MicroBench
07:03:14        8 root      20   0   23528  18312   6676 R  93.8   0.1   0:23.46 MicroBench
07:03:14        8 root      20   0   23528  18312   6676 R  93.8   0.1   0:23.63 MicroBench
07:03:14        8 root      20   0   23528  18312   6676 R 100.0   0.1   0:23.81 MicroBench
07:03:15        8 root      20   0   23528  18312   6676 R 100.0   0.1   0:23.97 MicroBench
07:03:15        8 root      20   0   23528  18312   6676 R 100.0   0.1   0:24.14 MicroBench
07:03:15        8 root      20   0   23528  18312   6676 R 100.0   0.1   0:24.33 MicroBench
07:03:15        8 root      20   0   23528  18312   6676 R 100.0   0.1   0:24.49 MicroBench
07:03:15        8 root      20   0   23528  18312   6676 R 100.0   0.1   0:24.66 MicroBench
07:03:15        8 root      20   0   23528  18312   6676 R 100.0   0.1   0:24.83 MicroBench
07:03:16        8 root      20   0   23528  18312   6676 R  93.8   0.1   0:25.00 MicroBench
07:03:16        8 root      20   0   23528  18312   6676 R 100.0   0.1   0:25.17 MicroBench
07:03:16        8 root      20   0   23528  18312   6676 R 100.0   0.1   0:25.34 MicroBench
07:03:16        8 root      20   0   23528  18312   6676 R 100.0   0.1   0:25.51 MicroBench
07:03:16        8 root      20   0   23528  18312   6676 R 100.0   0.1   0:25.68 MicroBench
07:03:16        8 root      20   0   23528  18312   6676 R 100.0   0.1   0:25.85 MicroBench
07:03:17        8 root      20   0   23528  18312   6676 R 100.0   0.1   0:26.02 MicroBench
07:03:17        8 root      20   0   23528  18312   6676 R 100.0   0.1   0:26.20 MicroBench
07:03:17        8 root      20   0   23528  18312   6676 R 100.0   0.1   0:26.37 MicroBench
07:03:17        8 root      20   0   23528  18312   6676 R  87.5   0.1   0:26.53 MicroBench
07:03:17        8 root      20   0   23528  18312   6676 R 100.0   0.1   0:26.70 MicroBench
07:03:17        8 root      20   0   23528  18312   6676 R 100.0   0.1   0:26.87 MicroBench
07:03:18        8 root      20   0   23528  18312   6676 R 100.0   0.1   0:27.04 MicroBench
07:03:18        8 root      20   0   23528  18312   6676 R 100.0   0.1   0:27.21 MicroBench
07:03:18        8 root      20   0   23528  18312   6676 R 100.0   0.1   0:27.38 MicroBench
07:03:18        8 root      20   0   23528  18312   6676 R 100.0   0.1   0:27.55 MicroBench
07:03:18        8 root      20   0   23528  18312   6676 R 100.0   0.1   0:27.72 MicroBench
07:03:18        8 root      20   0   23528  18312   6676 R 100.0   0.1   0:27.90 MicroBench
07:03:19        8 root      20   0   23528  18312   6676 R 100.0   0.1   0:28.07 MicroBench
07:03:19        8 root      20   0   23528  18312   6676 R 100.0   0.1   0:28.23 MicroBench
07:03:19        8 root      20   0   23528  18312   6676 R 100.0   0.1   0:28.40 MicroBench
07:03:19        8 root      20   0   23528  18312   6676 R 100.0   0.1   0:28.58 MicroBench
07:03:19        8 root      20   0   23528  18312   6676 R 100.0   0.1   0:28.75 MicroBench
07:03:19        8 root      20   0   23528  18312   6676 R 100.0   0.1   0:28.92 MicroBench
07:03:20        8 root      20   0   23528  18312   6676 R 100.0   0.1   0:29.09 MicroBench
07:03:20        8 root      20   0   23528  18312   6676 R  93.3   0.1   0:29.25 MicroBench
07:03:20        8 root      20   0   23528  18312   6676 R 100.0   0.1   0:29.43 MicroBench
07:03:20        8 root      20   0   23528  18312   6676 R 100.0   0.1   0:29.60 MicroBench
07:03:20        8 root      20   0   23528  18312   6676 R  87.5   0.1   0:29.76 MicroBench
07:03:21        8 root      20   0   23528  18312   6676 R 100.0   0.1   0:29.93 MicroBench
07:03:21        8 root      20   0   23528  18312   6676 R 100.0   0.1   0:30.10 MicroBench
07:03:21        8 root      20   0   23528  18312   6676 R 100.0   0.1   0:30.27 MicroBench
07:03:21        8 root      20   0   23528  18312   6676 R 100.0   0.1   0:30.44 MicroBench
07:03:21        8 root      20   0   23528  18312   6676 R 100.0   0.1   0:30.61 MicroBench
07:03:21        8 root      20   0   23528  18312   6676 R 100.0   0.1   0:30.77 MicroBench
07:03:22        8 root      20   0   23528  18312   6676 R  93.8   0.1   0:30.94 MicroBench
07:03:22        8 root      20   0   23528  18312   6676 R  93.8   0.1   0:31.12 MicroBench
07:03:22        8 root      20   0   23528  18312   6676 R 100.0   0.1   0:31.29 MicroBench
07:03:22        8 root      20   0   23528  18312   6676 R 100.0   0.1   0:31.47 MicroBench
07:03:22        8 root      20   0   23528  18312   6676 R 100.0   0.1   0:31.64 MicroBench
07:03:22        8 root      20   0   23528  18312   6676 R  93.3   0.1   0:31.80 MicroBench
07:03:23        8 root      20   0   23528  18312   6676 R 100.0   0.1   0:31.98 MicroBench
07:03:23        8 root      20   0   23528  18312   6676 R  93.8   0.1   0:32.16 MicroBench
07:03:23        8 root      20   0   23528  18312   6676 R 100.0   0.1   0:32.34 MicroBench
07:03:23        8 root      20   0   23528  18312   6676 R 100.0   0.1   0:32.51 MicroBench
07:03:23        8 root      20   0   23528  18312   6676 R 100.0   0.1   0:32.69 MicroBench
07:03:23        8 root      20   0   23528  18312   6676 R 100.0   0.1   0:32.87 MicroBench
07:03:24        8 root      20   0   23528  18312   6676 R  93.3   0.1   0:33.03 MicroBench
07:03:24        8 root      20   0   23528  18312   6676 R 100.0   0.1   0:33.20 MicroBench
07:03:24        8 root      20   0   23528  18312   6676 R 100.0   0.1   0:33.37 MicroBench
07:03:24        8 root      20   0   23528  18312   6676 R 100.0   0.1   0:33.54 MicroBench
07:03:24        8 root      20   0   23528  18312   6676 R  93.8   0.1   0:33.72 MicroBench
07:03:24        8 root      20   0   23528  18312   6676 R  93.3   0.1   0:33.88 MicroBench
07:03:25        8 root      20   0   23528  18312   6676 R 100.0   0.1   0:34.06 MicroBench
07:03:25        8 root      20   0   23528  18312   6676 R 100.0   0.1   0:34.23 MicroBench
07:03:25        8 root      20   0   23528  18312   6676 R 100.0   0.1   0:34.40 MicroBench
07:03:25        8 root      20   0   23528  18312   6676 R 100.0   0.1   0:34.58 MicroBench
07:03:25        8 root      20   0   23528  18312   6676 R  87.5   0.1   0:34.75 MicroBench
07:03:26        8 root      20   0   23528  18312   6676 R 100.0   0.1   0:34.95 MicroBench
07:03:26        8 root      20   0   23528  18312   6676 R 100.0   0.1   0:35.13 MicroBench
07:03:26        8 root      20   0   23528  18312   6676 R 100.0   0.1   0:35.30 MicroBench
07:03:26        8 root      20   0   23528  18312   6676 R  93.8   0.1   0:35.46 MicroBench
07:03:26        8 root      20   0   23528  18312   6676 R  93.8   0.1   0:35.63 MicroBench
07:03:26        8 root      20   0   23528  18312   6676 R 100.0   0.1   0:35.81 MicroBench
07:03:27        8 root      20   0   23528  18312   6676 R 100.0   0.1   0:35.98 MicroBench
07:03:27        8 root      20   0   23528  18312   6676 R 100.0   0.1   0:36.14 MicroBench
07:03:27        8 root      20   0   23528  18312   6676 R 100.0   0.1   0:36.32 MicroBench
07:03:27        8 root      20   0   23528  18312   6676 R 100.0   0.1   0:36.49 MicroBench
07:03:27        8 root      20   0   23528  18312   6676 R 100.0   0.1   0:36.66 MicroBench
07:03:27        8 root      20   0   23528  18312   6676 R 100.0   0.1   0:36.83 MicroBench
07:03:28        8 root      20   0   23528  18312   6676 R  93.8   0.1   0:37.01 MicroBench
07:03:28        8 root      20   0   23528  18312   6676 R 100.0   0.1   0:37.19 MicroBench
07:03:28        8 root      20   0   23528  18312   6676 R 100.0   0.1   0:37.36 MicroBench
07:03:28        8 root      20   0   23528  18312   6676 R 100.0   0.1   0:37.52 MicroBench
07:03:28        8 root      20   0   23528  18312   6676 R 100.0   0.1   0:37.69 MicroBench
07:03:28        8 root      20   0   23528  18312   6676 R 100.0   0.1   0:37.86 MicroBench
07:03:29        8 root      20   0   23528  18312   6676 R 100.0   0.1   0:38.04 MicroBench
07:03:29        8 root      20   0   23528  18312   6676 R 100.0   0.1   0:38.20 MicroBench
07:03:29        8 root      20   0   23528  18312   6676 R 100.0   0.1   0:38.37 MicroBench
07:03:29        8 root      20   0   23528  18312   6676 R 100.0   0.1   0:38.55 MicroBench
07:03:29        8 root      20   0   23528  18312   6676 R 100.0   0.1   0:38.73 MicroBench
07:03:29        8 root      20   0   23528  18312   6676 R  93.8   0.1   0:38.90 MicroBench
07:03:30        8 root      20   0   23528  18312   6676 R 100.0   0.1   0:39.07 MicroBench
07:03:30        8 root      20   0   23528  18312   6676 R 100.0   0.1   0:39.23 MicroBench
07:03:30        8 root      20   0   23528  18312   6676 R 100.0   0.1   0:39.40 MicroBench
07:03:30        8 root      20   0   23528  18312   6676 R 100.0   0.1   0:39.58 MicroBench
07:03:30        8 root      20   0   23528  18312   6676 R 100.0   0.1   0:39.75 MicroBench
07:03:31        8 root      20   0   23528  18312   6676 R 100.0   0.1   0:39.92 MicroBench
07:03:31        8 root      20   0   23528  18312   6676 R 100.0   0.1   0:40.09 MicroBench
07:03:31        8 root      20   0   23528  18312   6676 R 100.0   0.1   0:40.26 MicroBench
07:03:31        8 root      20   0   23528  18312   6676 R  93.3   0.1   0:40.42 MicroBench
07:03:31        8 root      20   0   23528  18312   6676 R 100.0   0.1   0:40.59 MicroBench
07:03:31        8 root      20   0   23528  18312   6676 R  93.8   0.1   0:40.76 MicroBench
07:03:32        8 root      20   0   23528  18312   6676 R 100.0   0.1   0:40.93 MicroBench
07:03:32        8 root      20   0   23528  18312   6676 R 100.0   0.1   0:41.10 MicroBench
07:03:32        8 root      20   0   23528  18312   6676 R 100.0   0.1   0:41.27 MicroBench
07:03:32        8 root      20   0   23528  18312   6676 R 100.0   0.1   0:41.43 MicroBench
07:03:32        8 root      20   0   23528  18312   6676 R 100.0   0.1   0:41.60 MicroBench
07:03:32        8 root      20   0   23528  18312   6676 R 100.0   0.1   0:41.77 MicroBench
07:03:33        8 root      20   0   23528  18312   6676 R 100.0   0.1   0:41.94 MicroBench
07:03:33        8 root      20   0   23528  18312   6676 R 100.0   0.1   0:42.11 MicroBench
07:03:33        8 root      20   0   23528  18312   6676 R 100.0   0.1   0:42.28 MicroBench
07:03:33        8 root      20   0   23528  18312   6676 R 100.0   0.1   0:42.46 MicroBench
07:03:33        8 root      20   0   23528  18312   6676 R  93.3   0.1   0:42.62 MicroBench
07:03:33        8 root      20   0   23528  18312   6676 R 100.0   0.1   0:42.79 MicroBench
07:03:34        8 root      20   0   23528  18312   6676 R 100.0   0.1   0:42.96 MicroBench
07:03:34        8 root      20   0   23528  18312   6676 R 100.0   0.1   0:43.13 MicroBench
07:03:34        8 root      20   0   23528  18312   6676 R 100.0   0.1   0:43.30 MicroBench
07:03:34        8 root      20   0   23528  18312   6676 R 100.0   0.1   0:43.47 MicroBench
07:03:34        8 root      20   0   23528  18312   6676 R 100.0   0.1   0:43.64 MicroBench
07:03:34        8 root      20   0   23528  18312   6676 R 100.0   0.1   0:43.81 MicroBench
07:03:35        8 root      20   0   23528  18312   6676 R 100.0   0.1   0:43.98 MicroBench
07:03:35        8 root      20   0   23528  18312   6676 R 100.0   0.1   0:44.16 MicroBench
07:03:35        8 root      20   0   23528  18312   6676 R 100.0   0.1   0:44.33 MicroBench
07:03:35        8 root      20   0   23528  18312   6676 R  93.8   0.1   0:44.50 MicroBench
07:03:35        8 root      20   0   23528  18312   6676 R 100.0   0.1   0:44.68 MicroBench
07:03:35        8 root      20   0   23528  18312   6676 R 100.0   0.1   0:44.85 MicroBench
07:03:36        8 root      20   0   23528  18312   6676 R 100.0   0.1   0:45.02 MicroBench
07:03:36        8 root      20   0   23528  18312   6676 R 100.0   0.1   0:45.19 MicroBench
07:03:36        8 root      20   0   23528  18312   6676 R 100.0   0.1   0:45.35 MicroBench
07:03:36        8 root      20   0   23528  18312   6676 R 100.0   0.1   0:45.52 MicroBench
07:03:36        8 root      20   0   23528  18312   6676 R 100.0   0.1   0:45.69 MicroBench
07:03:36        8 root      20   0   23528  18312   6676 R 100.0   0.1   0:45.86 MicroBench
07:03:37        8 root      20   0   23528  18312   6676 R  93.8   0.1   0:46.03 MicroBench
07:03:37        8 root      20   0   23528  18312   6676 R 100.0   0.1   0:46.20 MicroBench
07:03:37        8 root      20   0   23528  18312   6676 R 100.0   0.1   0:46.37 MicroBench
07:03:37        8 root      20   0   23528  18312   6676 R  93.8   0.1   0:46.54 MicroBench
07:03:37        8 root      20   0   23528  18312   6676 R 100.0   0.1   0:46.71 MicroBench
07:03:37        8 root      20   0   23528  18312   6676 R 100.0   0.1   0:46.88 MicroBench
07:03:38        8 root      20   0   23528  18312   6676 R  93.8   0.1   0:47.06 MicroBench
07:03:38        8 root      20   0   23528  18312   6676 R 100.0   0.1   0:47.23 MicroBench
07:03:38        8 root      20   0   23528  18312   6676 R 100.0   0.1   0:47.39 MicroBench
07:03:38        8 root      20   0   23528  18312   6676 R 100.0   0.1   0:47.56 MicroBench
07:03:38        8 root      20   0   23528  18312   6676 R  93.8   0.1   0:47.74 MicroBench
07:03:39        8 root      20   0   23528  18312   6676 R 100.0   0.1   0:47.90 MicroBench
07:03:39        8 root      20   0   23528  18312   6676 R 100.0   0.1   0:48.07 MicroBench
07:03:39        8 root      20   0   23528  18312   6676 R 100.0   0.1   0:48.25 MicroBench
07:03:39        8 root      20   0   23528  18312   6676 R 100.0   0.1   0:48.42 MicroBench
07:03:39        8 root      20   0   23528  18312   6676 R 100.0   0.1   0:48.59 MicroBench
07:03:39        8 root      20   0   23528  18312   6676 R 100.0   0.1   0:48.76 MicroBench
07:03:40        8 root      20   0   23528  18312   6676 R 100.0   0.1   0:48.93 MicroBench
07:03:40        8 root      20   0   23528  18312   6676 R  93.3   0.1   0:49.09 MicroBench
07:03:40        8 root      20   0   23528  18312   6676 R 100.0   0.1   0:49.27 MicroBench
07:03:40        8 root      20   0   23528  18312   6676 R 100.0   0.1   0:49.44 MicroBench
07:03:40        8 root      20   0   23528  18312   6676 R 100.0   0.1   0:49.62 MicroBench
07:03:40        8 root      20   0   23528  18312   6676 R 100.0   0.1   0:49.78 MicroBench
07:03:41        8 root      20   0   23528  18312   6676 R 100.0   0.1   0:49.97 MicroBench
07:03:41        8 root      20   0   23528  18312   6676 R  93.8   0.1   0:50.14 MicroBench
07:03:41        8 root      20   0   23528  18312   6676 R 100.0   0.1   0:50.31 MicroBench
07:03:41        8 root      20   0   23528  18312   6676 R  93.8   0.1   0:50.48 MicroBench
07:03:41        8 root      20   0   23528  18312   6676 R 100.0   0.1   0:50.65 MicroBench
07:03:41        8 root      20   0   23528  18312   6676 R 100.0   0.1   0:50.83 MicroBench
07:03:42        8 root      20   0   23528  18312   6676 R 100.0   0.1   0:51.00 MicroBench
Avg reg. time: 102516292
Avg opt. time: 72114896
Median reg. time: 102516292
Median opt. time: 72114896
07:03:42  MicroBench not found.
MicroBench process has exited. Monitoring script will terminate.
