Args:
  Field size              : 2748779069441
  l                       : 32
  t                       : 10
  Number of parties        : 2048
  Number of repeats        : 1
  Monitor sleep time (ms) : 1

Started ./MicroBench with PID: 8
07:13:55        8 root      20   0   14688   9284   6628 R  93.8   0.1   0:00.15 MicroBench
07:13:55        8 root      20   0   14688   9548   6628 R 100.0   0.1   0:00.33 MicroBench
07:13:56        8 root      20   0   14688   9548   6628 R 100.0   0.1   0:00.50 MicroBench
07:13:56        8 root      20   0   14820   9548   6628 R 100.0   0.1   0:00.66 MicroBench
07:13:56        8 root      20   0   14820   9548   6628 R 100.0   0.1   0:00.83 MicroBench
07:13:56        8 root      20   0   14820   9548   6628 R 100.0   0.1   0:01.01 MicroBench
07:13:56        8 root      20   0   14820   9548   6628 R 100.0   0.1   0:01.18 MicroBench
07:13:56        8 root      20   0   14820   9548   6628 R  93.3   0.1   0:01.34 MicroBench
07:13:57        8 root      20   0   14820   9548   6628 R  93.8   0.1   0:01.51 MicroBench
07:13:57        8 root      20   0   14820   9548   6628 R 100.0   0.1   0:01.68 MicroBench
07:13:57        8 root      20   0   14820   9548   6628 R 100.0   0.1   0:01.85 MicroBench
07:13:57        8 root      20   0   14820   9548   6628 R 100.0   0.1   0:02.02 MicroBench
07:13:57        8 root      20   0   14820   9548   6628 R 100.0   0.1   0:02.19 MicroBench
07:13:57        8 root      20   0   14820   9548   6628 R 100.0   0.1   0:02.35 MicroBench
07:13:58        8 root      20   0   14820   9548   6628 R  87.5   0.1   0:02.51 MicroBench
07:13:58        8 root      20   0   14820   9548   6628 R 100.0   0.1   0:02.68 MicroBench
07:13:58        8 root      20   0   14820   9548   6628 R 100.0   0.1   0:02.85 MicroBench
07:13:58        8 root      20   0   14820   9548   6628 R 100.0   0.1   0:03.02 MicroBench
07:13:58        8 root      20   0   14820   9548   6628 R 100.0   0.1   0:03.19 MicroBench
07:13:58        8 root      20   0   14820   9548   6628 R 100.0   0.1   0:03.36 MicroBench
07:13:59        8 root      20   0   14820   9548   6628 R 100.0   0.1   0:03.53 MicroBench
07:13:59        8 root      20   0   14820   9548   6628 R 100.0   0.1   0:03.70 MicroBench
07:13:59        8 root      20   0   14820   9548   6628 R 100.0   0.1   0:03.87 MicroBench
07:13:59        8 root      20   0   14820   9548   6628 R 100.0   0.1   0:04.03 MicroBench
07:13:59        8 root      20   0   14820   9548   6628 R 100.0   0.1   0:04.21 MicroBench
07:13:59        8 root      20   0   14820   9548   6628 R 100.0   0.1   0:04.38 MicroBench
07:14:00        8 root      20   0   14820   9548   6628 R 100.0   0.1   0:04.55 MicroBench
07:14:00        8 root      20   0   14820   9548   6628 R 100.0   0.1   0:04.71 MicroBench
07:14:00        8 root      20   0   14820   9548   6628 R 100.0   0.1   0:04.88 MicroBench
07:14:00        8 root      20   0   14820   9548   6628 R 100.0   0.1   0:05.05 MicroBench
07:14:00        8 root      20   0   14820   9548   6628 R 100.0   0.1   0:05.22 MicroBench
07:14:00        8 root      20   0   14820   9548   6628 R 100.0   0.1   0:05.38 MicroBench
07:14:01        8 root      20   0   14820   9548   6628 R 100.0   0.1   0:05.56 MicroBench
07:14:01        8 root      20   0   14820   9548   6628 R 100.0   0.1   0:05.73 MicroBench
07:14:01        8 root      20   0   14820   9548   6628 R  93.8   0.1   0:05.89 MicroBench
07:14:01        8 root      20   0   14820   9548   6628 R 100.0   0.1   0:06.06 MicroBench
07:14:01        8 root      20   0   14820   9548   6628 R 100.0   0.1   0:06.23 MicroBench
07:14:01        8 root      20   0   14820   9548   6628 R 100.0   0.1   0:06.40 MicroBench
07:14:02        8 root      20   0   14820   9548   6628 R 100.0   0.1   0:06.57 MicroBench
07:14:02        8 root      20   0   14820   9548   6628 R 100.0   0.1   0:06.74 MicroBench
07:14:02        8 root      20   0   14820   9548   6628 R 100.0   0.1   0:06.90 MicroBench
07:14:02        8 root      20   0   14820   9548   6628 R  93.8   0.1   0:07.07 MicroBench
07:14:02        8 root      20   0   14820   9548   6628 R 100.0   0.1   0:07.24 MicroBench
07:14:02        8 root      20   0   14820   9548   6628 R 100.0   0.1   0:07.41 MicroBench
07:14:03        8 root      20   0   14820   9548   6628 R 100.0   0.1   0:07.58 MicroBench
07:14:03        8 root      20   0   14864   9712   6628 R 100.0   0.1   0:07.75 MicroBench
07:14:03        8 root      20   0   14832   9712   6628 R 100.0   0.1   0:07.92 MicroBench
07:14:03        8 root      20   0   14832   9712   6628 R 100.0   0.1   0:08.09 MicroBench
07:14:03        8 root      20   0   14992   9712   6628 R  93.3   0.1   0:08.25 MicroBench
07:14:03        8 root      20   0   14864   9744   6628 R 100.0   0.1   0:08.44 MicroBench
07:14:04        8 root      20   0   14832   9712   6628 R 100.0   0.1   0:08.61 MicroBench
07:14:04        8 root      20   0   19980  14784   6692 R  93.3   0.1   0:08.77 MicroBench
07:14:04        8 root      20   0   19980  14784   6692 R 100.0   0.1   0:08.94 MicroBench
07:14:04        8 root      20   0   19980  14784   6692 R  93.8   0.1   0:09.11 MicroBench
07:14:04        8 root      20   0   19980  14784   6692 R 100.0   0.1   0:09.29 MicroBench
07:14:05        8 root      20   0   19980  14784   6692 R 100.0   0.1   0:09.45 MicroBench
07:14:05        8 root      20   0   19980  14784   6692 R 100.0   0.1   0:09.62 MicroBench
07:14:05        8 root      20   0   19980  14784   6692 R  93.8   0.1   0:09.79 MicroBench
07:14:05        8 root      20   0   19980  14784   6692 R 100.0   0.1   0:09.96 MicroBench
07:14:05        8 root      20   0   19980  14784   6692 R 100.0   0.1   0:10.13 MicroBench
07:14:05        8 root      20   0   19980  14784   6692 R 100.0   0.1   0:10.30 MicroBench
07:14:06        8 root      20   0   19980  14784   6692 R  93.8   0.1   0:10.47 MicroBench
07:14:06        8 root      20   0   19980  14784   6692 R  93.3   0.1   0:10.63 MicroBench
07:14:06        8 root      20   0   19980  14784   6692 R 100.0   0.1   0:10.81 MicroBench
07:14:06        8 root      20   0   19980  14784   6692 R 100.0   0.1   0:10.97 MicroBench
07:14:06        8 root      20   0   19980  14784   6692 R 100.0   0.1   0:11.14 MicroBench
07:14:06        8 root      20   0   19980  14784   6692 R 100.0   0.1   0:11.31 MicroBench
07:14:07        8 root      20   0   19980  14784   6692 R 100.0   0.1   0:11.49 MicroBench
07:14:07        8 root      20   0   19980  14784   6692 R 100.0   0.1   0:11.65 MicroBench
07:14:07        8 root      20   0   19980  14784   6692 R 100.0   0.1   0:11.82 MicroBench
07:14:07        8 root      20   0   19980  14784   6692 R 100.0   0.1   0:11.99 MicroBench
07:14:07        8 root      20   0   19980  14784   6692 R 100.0   0.1   0:12.16 MicroBench
07:14:07        8 root      20   0   19980  14784   6692 R 100.0   0.1   0:12.33 MicroBench
07:14:08        8 root      20   0   19980  14784   6692 R 100.0   0.1   0:12.50 MicroBench
07:14:08        8 root      20   0   19980  14784   6692 R  93.8   0.1   0:12.66 MicroBench
07:14:08        8 root      20   0   19980  14784   6692 R 100.0   0.1   0:12.83 MicroBench
07:14:08        8 root      20   0   19980  14784   6692 R 100.0   0.1   0:13.01 MicroBench
07:14:08        8 root      20   0   19980  14784   6692 R 100.0   0.1   0:13.17 MicroBench
07:14:08        8 root      20   0   19980  14784   6692 R 100.0   0.1   0:13.35 MicroBench
07:14:09        8 root      20   0   19980  14784   6692 R 100.0   0.1   0:13.53 MicroBench
07:14:09        8 root      20   0   19980  14784   6692 R  93.8   0.1   0:13.69 MicroBench
07:14:09        8 root      20   0   19980  14784   6692 R 100.0   0.1   0:13.86 MicroBench
07:14:09        8 root      20   0   19980  14784   6692 R 100.0   0.1   0:14.03 MicroBench
07:14:09        8 root      20   0   19980  14784   6692 R 100.0   0.1   0:14.20 MicroBench
07:14:09        8 root      20   0   19980  14784   6692 R 100.0   0.1   0:14.37 MicroBench
07:14:10        8 root      20   0   19980  14784   6692 R  93.3   0.1   0:14.53 MicroBench
07:14:10        8 root      20   0   19980  14784   6692 R 100.0   0.1   0:14.71 MicroBench
07:14:10        8 root      20   0   19980  14784   6692 R 100.0   0.1   0:14.87 MicroBench
07:14:10        8 root      20   0   19980  14784   6692 R 100.0   0.1   0:15.04 MicroBench
07:14:10        8 root      20   0   19980  14784   6692 R 100.0   0.1   0:15.22 MicroBench
07:14:10        8 root      20   0   19980  14784   6692 R 100.0   0.1   0:15.39 MicroBench
07:14:11        8 root      20   0   19980  14784   6692 R 100.0   0.1   0:15.55 MicroBench
07:14:11        8 root      20   0   19980  14784   6692 R 100.0   0.1   0:15.72 MicroBench
07:14:11        8 root      20   0   19980  14784   6692 R 100.0   0.1   0:15.89 MicroBench
07:14:11        8 root      20   0   19980  14784   6692 R  93.8   0.1   0:16.06 MicroBench
07:14:11        8 root      20   0   19980  14784   6692 R  93.3   0.1   0:16.22 MicroBench
07:14:11        8 root      20   0   19980  14784   6692 R 100.0   0.1   0:16.40 MicroBench
07:14:12        8 root      20   0   19980  14784   6692 R 100.0   0.1   0:16.56 MicroBench
07:14:12        8 root      20   0   19980  14784   6692 R 100.0   0.1   0:16.73 MicroBench
07:14:12        8 root      20   0   19980  14784   6692 R 100.0   0.1   0:16.90 MicroBench
07:14:12        8 root      20   0   19980  14784   6692 R 100.0   0.1   0:17.07 MicroBench
07:14:12        8 root      20   0   19980  14784   6692 R 100.0   0.1   0:17.24 MicroBench
07:14:12        8 root      20   0   19980  14784   6692 R 100.0   0.1   0:17.41 MicroBench
07:14:13        8 root      20   0   19980  14784   6692 R 100.0   0.1   0:17.57 MicroBench
07:14:13        8 root      20   0   19980  14784   6692 R 100.0   0.1   0:17.74 MicroBench
07:14:13        8 root      20   0   19980  14784   6692 R 100.0   0.1   0:17.91 MicroBench
07:14:13        8 root      20   0   19980  14784   6692 R 100.0   0.1   0:18.08 MicroBench
07:14:13        8 root      20   0   19980  14784   6692 R 100.0   0.1   0:18.25 MicroBench
07:14:14        8 root      20   0   19980  14784   6692 R 100.0   0.1   0:18.42 MicroBench
07:14:14        8 root      20   0   19980  14784   6692 R 100.0   0.1   0:18.59 MicroBench
07:14:14        8 root      20   0   19980  14784   6692 R 100.0   0.1   0:18.76 MicroBench
07:14:14        8 root      20   0   19980  14784   6692 R 100.0   0.1   0:18.93 MicroBench
07:14:14        8 root      20   0   19980  14784   6692 R 100.0   0.1   0:19.10 MicroBench
07:14:14        8 root      20   0   19980  14784   6692 R 100.0   0.1   0:19.27 MicroBench
07:14:15        8 root      20   0   19980  14784   6692 R 100.0   0.1   0:19.44 MicroBench
07:14:15        8 root      20   0   19980  14784   6692 R 100.0   0.1   0:19.61 MicroBench
07:14:15        8 root      20   0   19980  14784   6692 R 100.0   0.1   0:19.78 MicroBench
07:14:15        8 root      20   0   19980  14784   6692 R 100.0   0.1   0:19.94 MicroBench
07:14:15        8 root      20   0   19980  14784   6692 R 100.0   0.1   0:20.11 MicroBench
07:14:15        8 root      20   0   19980  14784   6692 R  87.5   0.1   0:20.30 MicroBench
07:14:16        8 root      20   0   19980  14784   6692 R 100.0   0.1   0:20.47 MicroBench
07:14:16        8 root      20   0   19980  14784   6692 R 100.0   0.1   0:20.64 MicroBench
07:14:16        8 root      20   0   19980  14784   6692 R  93.3   0.1   0:20.80 MicroBench
07:14:16        8 root      20   0   19980  14784   6692 R 100.0   0.1   0:20.97 MicroBench
07:14:16        8 root      20   0   19980  14784   6692 R 100.0   0.1   0:21.15 MicroBench
07:14:16        8 root      20   0   19980  14784   6692 R  93.8   0.1   0:21.32 MicroBench
07:14:17        8 root      20   0   19980  14784   6692 R 100.0   0.1   0:21.49 MicroBench
07:14:17        8 root      20   0   19980  14784   6692 R 100.0   0.1   0:21.66 MicroBench
07:14:17        8 root      20   0   19980  14784   6692 R 100.0   0.1   0:21.83 MicroBench
07:14:17        8 root      20   0   19980  14784   6692 R 100.0   0.1   0:21.99 MicroBench
07:14:17        8 root      20   0   19980  14784   6692 R 100.0   0.1   0:22.16 MicroBench
07:14:17        8 root      20   0   19980  14784   6692 R 100.0   0.1   0:22.33 MicroBench
07:14:18        8 root      20   0   19980  14784   6692 R 100.0   0.1   0:22.50 MicroBench
07:14:18        8 root      20   0   19980  14784   6692 R 100.0   0.1   0:22.66 MicroBench
07:14:18        8 root      20   0   19980  14784   6692 R 100.0   0.1   0:22.83 MicroBench
07:14:18        8 root      20   0   19980  14784   6692 R 100.0   0.1   0:23.00 MicroBench
07:14:18        8 root      20   0   19980  14784   6692 R  93.8   0.1   0:23.18 MicroBench
07:14:18        8 root      20   0   19980  14784   6692 R 100.0   0.1   0:23.35 MicroBench
07:14:19        8 root      20   0   19980  14784   6692 R 100.0   0.1   0:23.51 MicroBench
07:14:19        8 root      20   0   19980  14784   6692 R 100.0   0.1   0:23.68 MicroBench
07:14:19        8 root      20   0   19980  14784   6692 R 100.0   0.1   0:23.86 MicroBench
07:14:19        8 root      20   0   19980  14784   6692 R 100.0   0.1   0:24.03 MicroBench
07:14:19        8 root      20   0   19980  14784   6692 R  93.8   0.1   0:24.19 MicroBench
07:14:19        8 root      20   0   19980  14784   6692 R 100.0   0.1   0:24.36 MicroBench
07:14:20        8 root      20   0   19980  14784   6692 R 100.0   0.1   0:24.53 MicroBench
07:14:20        8 root      20   0   19980  14784   6692 R 100.0   0.1   0:24.70 MicroBench
07:14:20        8 root      20   0   19980  14784   6692 R 100.0   0.1   0:24.88 MicroBench
07:14:20        8 root      20   0   19980  14784   6692 R  93.3   0.1   0:25.04 MicroBench
07:14:20        8 root      20   0   19980  14784   6692 R 100.0   0.1   0:25.22 MicroBench
07:14:20        8 root      20   0   19980  14784   6692 R  93.8   0.1   0:25.39 MicroBench
07:14:21        8 root      20   0   19980  14784   6692 R 100.0   0.1   0:25.57 MicroBench
07:14:21        8 root      20   0   19980  14784   6692 R  93.8   0.1   0:25.74 MicroBench
07:14:21        8 root      20   0   19980  14784   6692 R 100.0   0.1   0:25.91 MicroBench
07:14:21        8 root      20   0   19980  14784   6692 R 100.0   0.1   0:26.09 MicroBench
07:14:21        8 root      20   0   19980  14784   6692 R 100.0   0.1   0:26.26 MicroBench
07:14:22        8 root      20   0   19980  14784   6692 R 100.0   0.1   0:26.44 MicroBench
07:14:22        8 root      20   0   19980  14784   6692 R  87.5   0.1   0:26.60 MicroBench
07:14:22        8 root      20   0   19980  14784   6692 R 100.0   0.1   0:26.77 MicroBench
07:14:22        8 root      20   0   19980  14784   6692 R 100.0   0.1   0:26.94 MicroBench
07:14:22        8 root      20   0   19980  14784   6692 R 100.0   0.1   0:27.11 MicroBench
07:14:22        8 root      20   0   19980  14784   6692 R 100.0   0.1   0:27.29 MicroBench
07:14:23        8 root      20   0   19980  14784   6692 R 100.0   0.1   0:27.47 MicroBench
07:14:23        8 root      20   0   19980  14784   6692 R 100.0   0.1   0:27.64 MicroBench
07:14:23        8 root      20   0   19980  14784   6692 R 100.0   0.1   0:27.81 MicroBench
07:14:23        8 root      20   0   19980  14784   6692 R 100.0   0.1   0:27.98 MicroBench
07:14:23        8 root      20   0   19980  14784   6692 R 100.0   0.1   0:28.14 MicroBench
07:14:23        8 root      20   0   19980  14784   6692 R 100.0   0.1   0:28.31 MicroBench
07:14:24        8 root      20   0   19980  14784   6692 R 100.0   0.1   0:28.48 MicroBench
07:14:24        8 root      20   0   19980  14784   6692 R 100.0   0.1   0:28.66 MicroBench
07:14:24        8 root      20   0   19980  14784   6692 R  93.3   0.1   0:28.82 MicroBench
07:14:24        8 root      20   0   19980  14784   6692 R  93.8   0.1   0:29.01 MicroBench
07:14:24        8 root      20   0   19980  14784   6692 R 100.0   0.1   0:29.18 MicroBench
07:14:24        8 root      20   0   19980  14784   6692 R 100.0   0.1   0:29.35 MicroBench
07:14:25        8 root      20   0   19980  14784   6692 R 100.0   0.1   0:29.52 MicroBench
07:14:25        8 root      20   0   19980  14784   6692 R  93.8   0.1   0:29.69 MicroBench
07:14:25        8 root      20   0   19980  14784   6692 R 100.0   0.1   0:29.87 MicroBench
07:14:25        8 root      20   0   19980  14784   6692 R 100.0   0.1   0:30.04 MicroBench
07:14:25        8 root      20   0   19980  14784   6692 R 100.0   0.1   0:30.21 MicroBench
07:14:25        8 root      20   0   19980  14784   6692 R 100.0   0.1   0:30.38 MicroBench
07:14:26        8 root      20   0   19980  14784   6692 R 100.0   0.1   0:30.55 MicroBench
07:14:26        8 root      20   0   19980  14784   6692 R 100.0   0.1   0:30.72 MicroBench
07:14:26        8 root      20   0   19980  14784   6692 R 100.0   0.1   0:30.88 MicroBench
07:14:26        8 root      20   0   19980  14784   6692 R 100.0   0.1   0:31.05 MicroBench
07:14:26        8 root      20   0   19980  14784   6692 R 100.0   0.1   0:31.22 MicroBench
07:14:27        8 root      20   0   19980  14784   6692 R 100.0   0.1   0:31.39 MicroBench
07:14:27        8 root      20   0   19980  14784   6692 R 100.0   0.1   0:31.56 MicroBench
07:14:27        8 root      20   0   25920  20592   6692 R 100.0   0.1   0:31.73 MicroBench
07:14:27        8 root      20   0   25920  20592   6692 R 100.0   0.1   0:31.97 MicroBench
07:14:27        8 root      20   0   25920  20592   6692 R 100.0   0.1   0:32.15 MicroBench
07:14:27        8 root      20   0   25920  20592   6692 R 100.0   0.1   0:32.32 MicroBench
07:14:28        8 root      20   0   25920  20592   6692 R 100.0   0.1   0:32.49 MicroBench
07:14:28        8 root      20   0   25920  20592   6692 R 100.0   0.1   0:32.66 MicroBench
07:14:28        8 root      20   0   25920  20592   6692 R  93.8   0.1   0:32.83 MicroBench
07:14:28        8 root      20   0   25920  20592   6692 R 100.0   0.1   0:33.00 MicroBench
07:14:28        8 root      20   0   25920  20592   6692 R 100.0   0.1   0:33.17 MicroBench
07:14:28        8 root      20   0   25920  20592   6692 R 100.0   0.1   0:33.34 MicroBench
07:14:29        8 root      20   0   25920  20592   6692 R  93.8   0.1   0:33.51 MicroBench
07:14:29        8 root      20   0   25920  20592   6692 R 100.0   0.1   0:33.69 MicroBench
07:14:29        8 root      20   0   25920  20592   6692 R 100.0   0.1   0:33.85 MicroBench
07:14:29        8 root      20   0   25920  20592   6692 R 100.0   0.1   0:34.02 MicroBench
07:14:29        8 root      20   0   25920  20592   6692 R 100.0   0.1   0:34.19 MicroBench
07:14:29        8 root      20   0   25920  20592   6692 R  93.8   0.1   0:34.36 MicroBench
07:14:30        8 root      20   0   25920  20592   6692 R 100.0   0.1   0:34.53 MicroBench
07:14:30        8 root      20   0   25920  20592   6692 R 100.0   0.1   0:34.70 MicroBench
07:14:30        8 root      20   0   25920  20592   6692 R 100.0   0.1   0:34.86 MicroBench
07:14:30        8 root      20   0   25920  20592   6692 R 100.0   0.1   0:35.03 MicroBench
07:14:30        8 root      20   0   25920  20592   6692 R 100.0   0.1   0:35.20 MicroBench
07:14:30        8 root      20   0   25920  20592   6692 R 100.0   0.1   0:35.37 MicroBench
07:14:31        8 root      20   0   25920  20592   6692 R 100.0   0.1   0:35.54 MicroBench
07:14:31        8 root      20   0   25920  20592   6692 R 100.0   0.1   0:35.70 MicroBench
07:14:31        8 root      20   0   25920  20592   6692 R 100.0   0.1   0:35.87 MicroBench
07:14:31        8 root      20   0   25920  20592   6692 R 100.0   0.1   0:36.04 MicroBench
07:14:31        8 root      20   0   25920  20592   6692 R 100.0   0.1   0:36.21 MicroBench
07:14:32        8 root      20   0   25920  20592   6692 R 100.0   0.1   0:36.38 MicroBench
07:14:32        8 root      20   0   25920  20592   6692 R 100.0   0.1   0:36.55 MicroBench
07:14:32        8 root      20   0   25920  20592   6692 R 100.0   0.1   0:36.72 MicroBench
07:14:32        8 root      20   0   25920  20592   6692 R 100.0   0.1   0:36.89 MicroBench
07:14:32        8 root      20   0   25920  20592   6692 R 100.0   0.1   0:37.06 MicroBench
07:14:32        8 root      20   0   25920  20592   6692 R  93.3   0.1   0:37.22 MicroBench
07:14:33        8 root      20   0   25920  20592   6692 R 100.0   0.1   0:37.40 MicroBench
07:14:33        8 root      20   0   25920  20592   6692 R 100.0   0.1   0:37.57 MicroBench
07:14:33        8 root      20   0   25920  20592   6692 R 100.0   0.1   0:37.76 MicroBench
07:14:33        8 root      20   0   25920  20592   6692 R 100.0   0.1   0:37.92 MicroBench
07:14:33        8 root      20   0   25920  20592   6692 R 100.0   0.1   0:38.09 MicroBench
07:14:33        8 root      20   0   25920  20592   6692 R 100.0   0.1   0:38.26 MicroBench
07:14:34        8 root      20   0   25920  20592   6692 R 100.0   0.1   0:38.43 MicroBench
07:14:34        8 root      20   0   25920  20592   6692 R 100.0   0.1   0:38.59 MicroBench
07:14:34        8 root      20   0   25920  20592   6692 R 100.0   0.1   0:38.76 MicroBench
07:14:34        8 root      20   0   25920  20592   6692 R 100.0   0.1   0:38.93 MicroBench
07:14:34        8 root      20   0   25920  20592   6692 R 100.0   0.1   0:39.10 MicroBench
07:14:34        8 root      20   0   25920  20592   6692 R 100.0   0.1   0:39.27 MicroBench
07:14:35        8 root      20   0   25920  20592   6692 R 100.0   0.1   0:39.44 MicroBench
07:14:35        8 root      20   0   25920  20592   6692 R 100.0   0.1   0:39.62 MicroBench
07:14:35        8 root      20   0   25920  20592   6692 R 100.0   0.1   0:39.79 MicroBench
07:14:35        8 root      20   0   25920  20592   6692 R 100.0   0.1   0:39.96 MicroBench
07:14:35        8 root      20   0   25920  20592   6692 R 100.0   0.1   0:40.13 MicroBench
07:14:35        8 root      20   0   25920  20592   6692 R 100.0   0.1   0:40.29 MicroBench
07:14:36        8 root      20   0   25920  20592   6692 R 100.0   0.1   0:40.46 MicroBench
07:14:36        8 root      20   0   25920  20592   6692 R  93.8   0.1   0:40.63 MicroBench
07:14:36        8 root      20   0   25920  20592   6692 R 100.0   0.1   0:40.80 MicroBench
07:14:36        8 root      20   0   25920  20592   6692 R 100.0   0.1   0:40.97 MicroBench
07:14:36        8 root      20   0   25920  20592   6692 R 100.0   0.1   0:41.14 MicroBench
07:14:36        8 root      20   0   25920  20592   6692 R 100.0   0.1   0:41.30 MicroBench
07:14:37        8 root      20   0   25920  20592   6692 R 100.0   0.1   0:41.47 MicroBench
07:14:37        8 root      20   0   25920  20592   6692 R 100.0   0.1   0:41.65 MicroBench
07:14:37        8 root      20   0   25920  20592   6692 R 100.0   0.1   0:41.82 MicroBench
07:14:37        8 root      20   0   25920  20592   6692 R 100.0   0.1   0:41.99 MicroBench
07:14:37        8 root      20   0   25920  20592   6692 R 100.0   0.1   0:42.15 MicroBench
07:14:37        8 root      20   0   25920  20592   6692 R 100.0   0.1   0:42.32 MicroBench
07:14:38        8 root      20   0   25920  20592   6692 R 100.0   0.1   0:42.49 MicroBench
07:14:38        8 root      20   0   25920  20592   6692 R 100.0   0.1   0:42.66 MicroBench
07:14:38        8 root      20   0   25920  20592   6692 R 100.0   0.1   0:42.83 MicroBench
07:14:38        8 root      20   0   25920  20592   6692 R 100.0   0.1   0:42.99 MicroBench
07:14:38        8 root      20   0   25920  20592   6692 R  93.8   0.1   0:43.16 MicroBench
07:14:38        8 root      20   0   25920  20592   6692 R 100.0   0.1   0:43.33 MicroBench
07:14:39        8 root      20   0   25920  20592   6692 R 100.0   0.1   0:43.50 MicroBench
07:14:39        8 root      20   0   25920  20592   6692 R  86.7   0.1   0:43.64 MicroBench
07:14:39        8 root      20   0   25920  20592   6692 R 100.0   0.1   0:43.81 MicroBench
07:14:39        8 root      20   0   25920  20592   6692 R  87.5   0.1   0:43.97 MicroBench
07:14:39        8 root      20   0   25920  20592   6692 R 100.0   0.1   0:44.14 MicroBench
07:14:39        8 root      20   0   25920  20592   6692 R 100.0   0.1   0:44.31 MicroBench
07:14:40        8 root      20   0   25920  20592   6692 R 100.0   0.1   0:44.48 MicroBench
07:14:40        8 root      20   0   25920  20592   6692 R 100.0   0.1   0:44.65 MicroBench
07:14:40        8 root      20   0   25920  20592   6692 R 100.0   0.1   0:44.82 MicroBench
07:14:40        8 root      20   0   25920  20592   6692 R  93.8   0.1   0:44.98 MicroBench
07:14:40        8 root      20   0   25920  20592   6692 R 100.0   0.1   0:45.16 MicroBench
07:14:41        8 root      20   0   25920  20592   6692 R 100.0   0.1   0:45.33 MicroBench
07:14:41        8 root      20   0   25920  20592   6692 R 100.0   0.1   0:45.50 MicroBench
07:14:41        8 root      20   0   25920  20592   6692 R 100.0   0.1   0:45.67 MicroBench
07:14:41        8 root      20   0   25920  20592   6692 R 100.0   0.1   0:45.84 MicroBench
07:14:41        8 root      20   0   25920  20592   6692 R  93.3   0.1   0:46.02 MicroBench
07:14:41        8 root      20   0   25920  20592   6692 R 100.0   0.1   0:46.19 MicroBench
07:14:42        8 root      20   0   25920  20592   6692 R  93.8   0.1   0:46.36 MicroBench
07:14:42        8 root      20   0   25920  20592   6692 R 100.0   0.1   0:46.53 MicroBench
07:14:42        8 root      20   0   25920  20592   6692 R 100.0   0.1   0:46.70 MicroBench
07:14:42        8 root      20   0   25920  20592   6692 R 100.0   0.1   0:46.87 MicroBench
07:14:42        8 root      20   0   25920  20592   6692 R 100.0   0.1   0:47.03 MicroBench
07:14:42        8 root      20   0   25920  20592   6692 R 100.0   0.1   0:47.20 MicroBench
07:14:43        8 root      20   0   25920  20592   6692 R 100.0   0.1   0:47.37 MicroBench
07:14:43        8 root      20   0   25920  20592   6692 R 100.0   0.1   0:47.54 MicroBench
07:14:43        8 root      20   0   25920  20592   6692 R 100.0   0.1   0:47.71 MicroBench
07:14:43        8 root      20   0   25920  20592   6692 R 100.0   0.1   0:47.88 MicroBench
07:14:43        8 root      20   0   25920  20592   6692 R 100.0   0.1   0:48.05 MicroBench
07:14:43        8 root      20   0   25920  20592   6692 R 100.0   0.1   0:48.22 MicroBench
07:14:44        8 root      20   0   25920  20592   6692 R  93.8   0.1   0:48.39 MicroBench
07:14:44        8 root      20   0   25920  20592   6692 R  93.3   0.1   0:48.55 MicroBench
07:14:44        8 root      20   0   25920  20592   6692 R 100.0   0.1   0:48.73 MicroBench
07:14:44        8 root      20   0   25920  20592   6692 R 100.0   0.1   0:48.89 MicroBench
07:14:44        8 root      20   0   25920  20592   6692 R 100.0   0.1   0:49.07 MicroBench
07:14:44        8 root      20   0   25920  20592   6692 R 100.0   0.1   0:49.24 MicroBench
07:14:45        8 root      20   0   25920  20592   6692 R 100.0   0.1   0:49.41 MicroBench
07:14:45        8 root      20   0   25920  20592   6692 R 100.0   0.1   0:49.60 MicroBench
07:14:45        8 root      20   0   25920  20592   6692 R 100.0   0.1   0:49.77 MicroBench
07:14:45        8 root      20   0   25920  20592   6692 R 100.0   0.1   0:49.93 MicroBench
07:14:45        8 root      20   0   25920  20592   6692 R  93.8   0.1   0:50.10 MicroBench
07:14:45        8 root      20   0   25920  20592   6692 R 100.0   0.1   0:50.27 MicroBench
07:14:46        8 root      20   0   25920  20592   6692 R 100.0   0.1   0:50.44 MicroBench
07:14:46        8 root      20   0   25920  20592   6692 R 100.0   0.1   0:50.61 MicroBench
07:14:46        8 root      20   0   25920  20592   6692 R  93.8   0.1   0:50.78 MicroBench
07:14:46        8 root      20   0   25920  20592   6692 R 100.0   0.1   0:50.95 MicroBench
07:14:46        8 root      20   0   25920  20592   6692 R 100.0   0.1   0:51.12 MicroBench
07:14:46        8 root      20   0   25920  20592   6692 R 100.0   0.1   0:51.29 MicroBench
07:14:47        8 root      20   0   25920  20592   6692 R 100.0   0.1   0:51.46 MicroBench
07:14:47        8 root      20   0   25920  20592   6692 R 100.0   0.1   0:51.62 MicroBench
07:14:47        8 root      20   0   25920  20592   6692 R  93.8   0.1   0:51.80 MicroBench
07:14:47        8 root      20   0   25920  20592   6692 R 100.0   0.1   0:51.97 MicroBench
07:14:47        8 root      20   0   25920  20592   6692 R  93.3   0.1   0:52.13 MicroBench
07:14:48        8 root      20   0   25920  20592   6692 R 100.0   0.1   0:52.31 MicroBench
07:14:48        8 root      20   0   25920  20592   6692 R 100.0   0.1   0:52.47 MicroBench
07:14:48        8 root      20   0   25920  20592   6692 R 100.0   0.1   0:52.64 MicroBench
07:14:48        8 root      20   0   25920  20592   6692 R  93.8   0.1   0:52.81 MicroBench
07:14:48        8 root      20   0   25920  20592   6692 R 100.0   0.1   0:52.98 MicroBench
07:14:48        8 root      20   0   25920  20592   6692 R 100.0   0.1   0:53.14 MicroBench
07:14:49        8 root      20   0   25920  20592   6692 R 100.0   0.1   0:53.31 MicroBench
07:14:49        8 root      20   0   25920  20592   6692 R 100.0   0.1   0:53.48 MicroBench
07:14:49        8 root      20   0   25920  20592   6692 R 100.0   0.1   0:53.65 MicroBench
07:14:49        8 root      20   0   25920  20592   6692 R  93.3   0.1   0:53.82 MicroBench
07:14:49        8 root      20   0   25920  20592   6692 R 100.0   0.1   0:53.99 MicroBench
07:14:49        8 root      20   0   25920  20592   6692 R 100.0   0.1   0:54.16 MicroBench
07:14:50        8 root      20   0   25920  20592   6692 R 100.0   0.1   0:54.33 MicroBench
07:14:50        8 root      20   0   25920  20592   6692 R 100.0   0.1   0:54.50 MicroBench
07:14:50        8 root      20   0   26052  20852   6692 R 100.0   0.1   0:54.67 MicroBench
07:14:50        8 root      20   0   26580  21380   6692 R 100.0   0.1   0:54.84 MicroBench
Avg reg. time: 125236500
Avg opt. time: 146149083
Median reg. time: 125236500
Median opt. time: 146149083
07:14:50  MicroBench not found.
MicroBench process has exited. Monitoring script will terminate.
