Args:
  Field size              : 2748779069441
  l                       : 16
  t                       : 0
  Number of parties        : 2048
  Number of repeats        : 1
  Monitor sleep time (ms) : 1

Started ./MicroBench with PID: 8
07:10:36        8 root      20   0   14688   9288   6628 R 100.0   0.1   0:00.15 MicroBench
07:10:36        8 root      20   0   14688   9288   6628 R  93.3   0.1   0:00.31 MicroBench
07:10:36        8 root      20   0   14820   9552   6628 R 100.0   0.1   0:00.49 MicroBench
07:10:36        8 root      20   0   14820   9552   6628 R 100.0   0.1   0:00.65 MicroBench
07:10:36        8 root      20   0   14820   9552   6628 R 100.0   0.1   0:00.82 MicroBench
07:10:37        8 root      20   0   14820   9552   6628 R 100.0   0.1   0:00.99 MicroBench
07:10:37        8 root      20   0   14820   9552   6628 R 100.0   0.1   0:01.16 MicroBench
07:10:37        8 root      20   0   14820   9552   6628 R 100.0   0.1   0:01.33 MicroBench
07:10:37        8 root      20   0   14820   9552   6628 R 100.0   0.1   0:01.50 MicroBench
07:10:37        8 root      20   0   14820   9552   6628 R 100.0   0.1   0:01.68 MicroBench
07:10:37        8 root      20   0   14820   9552   6628 R 100.0   0.1   0:01.85 MicroBench
07:10:38        8 root      20   0   14820   9552   6628 R 100.0   0.1   0:02.02 MicroBench
07:10:38        8 root      20   0   14820   9552   6628 R 100.0   0.1   0:02.19 MicroBench
07:10:38        8 root      20   0   14820   9552   6628 R  93.8   0.1   0:02.36 MicroBench
07:10:38        8 root      20   0   14820   9552   6628 R 100.0   0.1   0:02.53 MicroBench
07:10:38        8 root      20   0   14820   9552   6628 R 100.0   0.1   0:02.70 MicroBench
07:10:38        8 root      20   0   14820   9552   6628 R  93.3   0.1   0:02.86 MicroBench
07:10:39        8 root      20   0   14820   9552   6628 R 100.0   0.1   0:03.03 MicroBench
07:10:39        8 root      20   0   14820   9552   6628 R 100.0   0.1   0:03.20 MicroBench
07:10:39        8 root      20   0   14820   9552   6628 R 100.0   0.1   0:03.37 MicroBench
07:10:39        8 root      20   0   14820   9552   6628 R  93.8   0.1   0:03.54 MicroBench
07:10:39        8 root      20   0   14820   9552   6628 R 100.0   0.1   0:03.71 MicroBench
07:10:39        8 root      20   0   14820   9552   6628 R 100.0   0.1   0:03.87 MicroBench
07:10:40        8 root      20   0   16668  11460   6692 R 100.0   0.1   0:04.05 MicroBench
07:10:40        8 root      20   0   16668  11460   6692 R  93.3   0.1   0:04.21 MicroBench
07:10:40        8 root      20   0   16668  11460   6692 R 100.0   0.1   0:04.39 MicroBench
07:10:40        8 root      20   0   16668  11460   6692 R 100.0   0.1   0:04.56 MicroBench
07:10:40        8 root      20   0   16668  11460   6692 R 100.0   0.1   0:04.73 MicroBench
07:10:40        8 root      20   0   16668  11460   6692 R 100.0   0.1   0:04.90 MicroBench
07:10:41        8 root      20   0   16668  11460   6692 R 100.0   0.1   0:05.06 MicroBench
07:10:41        8 root      20   0   16668  11460   6692 R 100.0   0.1   0:05.24 MicroBench
07:10:41        8 root      20   0   16668  11460   6692 R  93.3   0.1   0:05.40 MicroBench
07:10:41        8 root      20   0   16668  11460   6692 R 100.0   0.1   0:05.58 MicroBench
07:10:41        8 root      20   0   16668  11460   6692 R 100.0   0.1   0:05.74 MicroBench
07:10:41        8 root      20   0   16668  11460   6692 R 100.0   0.1   0:05.91 MicroBench
07:10:42        8 root      20   0   16668  11460   6692 R 100.0   0.1   0:06.09 MicroBench
07:10:42        8 root      20   0   16668  11460   6692 R 100.0   0.1   0:06.25 MicroBench
07:10:42        8 root      20   0   16668  11460   6692 R 100.0   0.1   0:06.42 MicroBench
07:10:42        8 root      20   0   16668  11460   6692 R  93.8   0.1   0:06.60 MicroBench
07:10:42        8 root      20   0   16668  11460   6692 R 100.0   0.1   0:06.77 MicroBench
07:10:43        8 root      20   0   16668  11460   6692 R 100.0   0.1   0:06.94 MicroBench
07:10:43        8 root      20   0   16668  11460   6692 R 100.0   0.1   0:07.11 MicroBench
07:10:43        8 root      20   0   16668  11460   6692 R 100.0   0.1   0:07.28 MicroBench
07:10:43        8 root      20   0   16668  11460   6692 R 100.0   0.1   0:07.45 MicroBench
07:10:43        8 root      20   0   16668  11460   6692 R  93.3   0.1   0:07.61 MicroBench
07:10:43        8 root      20   0   16668  11460   6692 R 100.0   0.1   0:07.78 MicroBench
07:10:44        8 root      20   0   16668  11460   6692 R 100.0   0.1   0:07.95 MicroBench
07:10:44        8 root      20   0   16668  11460   6692 R 100.0   0.1   0:08.12 MicroBench
07:10:44        8 root      20   0   19308  14100   6692 R  93.3   0.1   0:08.28 MicroBench
07:10:44        8 root      20   0   19308  14100   6692 R 100.0   0.1   0:08.45 MicroBench
07:10:44        8 root      20   0   19308  14100   6692 R 100.0   0.1   0:08.62 MicroBench
07:10:44        8 root      20   0   19308  14100   6692 R 100.0   0.1   0:08.79 MicroBench
07:10:45        8 root      20   0   19308  14100   6692 R 100.0   0.1   0:08.96 MicroBench
07:10:45        8 root      20   0   19308  14100   6692 R 100.0   0.1   0:09.13 MicroBench
07:10:45        8 root      20   0   19308  14100   6692 R 100.0   0.1   0:09.29 MicroBench
07:10:45        8 root      20   0   19308  14100   6692 R  93.8   0.1   0:09.46 MicroBench
07:10:45        8 root      20   0   19308  14100   6692 R 100.0   0.1   0:09.63 MicroBench
07:10:45        8 root      20   0   19308  14100   6692 R 100.0   0.1   0:09.80 MicroBench
07:10:46        8 root      20   0   19308  14100   6692 R 100.0   0.1   0:09.97 MicroBench
07:10:46        8 root      20   0   19308  14100   6692 R 100.0   0.1   0:10.15 MicroBench
07:10:46        8 root      20   0   19308  14100   6692 R  93.8   0.1   0:10.32 MicroBench
07:10:46        8 root      20   0   19308  14100   6692 R 100.0   0.1   0:10.49 MicroBench
07:10:46        8 root      20   0   19308  14100   6692 R 100.0   0.1   0:10.66 MicroBench
07:10:46        8 root      20   0   19308  14100   6692 R 100.0   0.1   0:10.83 MicroBench
07:10:47        8 root      20   0   19308  14100   6692 R 100.0   0.1   0:11.00 MicroBench
07:10:47        8 root      20   0   19308  14100   6692 R 100.0   0.1   0:11.16 MicroBench
07:10:47        8 root      20   0   19308  14100   6692 R 100.0   0.1   0:11.33 MicroBench
07:10:47        8 root      20   0   19308  14100   6692 R 100.0   0.1   0:11.50 MicroBench
07:10:47        8 root      20   0   19308  14100   6692 R 100.0   0.1   0:11.67 MicroBench
07:10:47        8 root      20   0   19308  14100   6692 R 100.0   0.1   0:11.84 MicroBench
07:10:48        8 root      20   0   19308  14100   6692 R 100.0   0.1   0:12.01 MicroBench
07:10:48        8 root      20   0   19308  14100   6692 R 100.0   0.1   0:12.18 MicroBench
07:10:48        8 root      20   0   19308  14100   6692 R  93.8   0.1   0:12.34 MicroBench
07:10:48        8 root      20   0   19308  14100   6692 R 100.0   0.1   0:12.51 MicroBench
07:10:48        8 root      20   0   20232  14892   6692 R  93.8   0.1   0:12.68 MicroBench
Avg reg. time: 56660604
Avg opt. time: 143326646
Median reg. time: 56660604
Median opt. time: 143326646
07:10:48  MicroBench not found.
MicroBench process has exited. Monitoring script will terminate.
