Args:
  Field size              : 2748779069441
  l                       : 32
  t                       : 20
  Number of parties        : 2048
  Number of repeats        : 1
  Monitor sleep time (ms) : 1

Started ./MicroBench with PID: 8
07:14:51        8 root      20   0   14688   9268   6612 R  93.3   0.1   0:00.15 MicroBench
07:14:51        8 root      20   0   14688   9268   6612 R 100.0   0.1   0:00.32 MicroBench
07:14:51        8 root      20   0   14680   9508   6612 R 100.0   0.1   0:00.49 MicroBench
07:14:52        8 root      20   0   14680   9508   6612 R 100.0   0.1   0:00.66 MicroBench
07:14:52        8 root      20   0   14812   9508   6612 R 100.0   0.1   0:00.83 MicroBench
07:14:52        8 root      20   0   14812   9508   6612 R 100.0   0.1   0:00.99 MicroBench
07:14:52        8 root      20   0   14812   9508   6612 R 100.0   0.1   0:01.16 MicroBench
07:14:52        8 root      20   0   14812   9508   6612 R 100.0   0.1   0:01.33 MicroBench
07:14:52        8 root      20   0   14812   9508   6612 R 100.0   0.1   0:01.50 MicroBench
07:14:53        8 root      20   0   14812   9508   6612 R  93.8   0.1   0:01.66 MicroBench
07:14:53        8 root      20   0   14812   9508   6612 R 100.0   0.1   0:01.83 MicroBench
07:14:53        8 root      20   0   14684   9544   6612 R 100.0   0.1   0:02.00 MicroBench
07:14:53        8 root      20   0   14684   9544   6612 R 100.0   0.1   0:02.17 MicroBench
07:14:53        8 root      20   0   14684   9544   6612 R 100.0   0.1   0:02.34 MicroBench
07:14:53        8 root      20   0   14684   9544   6612 R 100.0   0.1   0:02.50 MicroBench
07:14:54        8 root      20   0   14684   9544   6612 R 100.0   0.1   0:02.67 MicroBench
07:14:54        8 root      20   0   14816   9544   6612 R 100.0   0.1   0:02.84 MicroBench
07:14:54        8 root      20   0   14816   9544   6612 R  93.8   0.1   0:03.01 MicroBench
07:14:54        8 root      20   0   14816   9544   6612 R  93.8   0.1   0:03.18 MicroBench
07:14:54        8 root      20   0   14816   9544   6612 R 100.0   0.1   0:03.35 MicroBench
07:14:54        8 root      20   0   14816   9544   6612 R  93.3   0.1   0:03.51 MicroBench
07:14:55        8 root      20   0   14816   9544   6612 R 100.0   0.1   0:03.68 MicroBench
07:14:55        8 root      20   0   14816   9544   6612 R 100.0   0.1   0:03.85 MicroBench
07:14:55        8 root      20   0   14816   9544   6612 R 100.0   0.1   0:04.02 MicroBench
07:14:55        8 root      20   0   14816   9544   6612 R  93.8   0.1   0:04.19 MicroBench
07:14:55        8 root      20   0   14816   9544   6612 R 100.0   0.1   0:04.36 MicroBench
07:14:55        8 root      20   0   14816   9544   6612 R 100.0   0.1   0:04.52 MicroBench
07:14:56        8 root      20   0   14816   9544   6612 R 100.0   0.1   0:04.70 MicroBench
07:14:56        8 root      20   0   14816   9544   6612 R  93.8   0.1   0:04.87 MicroBench
07:14:56        8 root      20   0   14816   9544   6612 R  93.8   0.1   0:05.03 MicroBench
07:14:56        8 root      20   0   14816   9544   6612 R 100.0   0.1   0:05.20 MicroBench
07:14:56        8 root      20   0   14816   9544   6612 R 100.0   0.1   0:05.37 MicroBench
07:14:56        8 root      20   0   14816   9544   6612 R 100.0   0.1   0:05.54 MicroBench
07:14:57        8 root      20   0   14816   9544   6612 R  93.8   0.1   0:05.71 MicroBench
07:14:57        8 root      20   0   14816   9544   6612 R 100.0   0.1   0:05.88 MicroBench
07:14:57        8 root      20   0   14816   9544   6612 R 100.0   0.1   0:06.05 MicroBench
07:14:57        8 root      20   0   14816   9544   6612 R 100.0   0.1   0:06.22 MicroBench
07:14:57        8 root      20   0   14816   9544   6612 R 100.0   0.1   0:06.39 MicroBench
07:14:58        8 root      20   0   14904   9700   6612 R 100.0   0.1   0:06.56 MicroBench
07:14:58        8 root      20   0   14904   9700   6612 R  93.8   0.1   0:06.72 MicroBench
07:14:58        8 root      20   0   14904   9700   6612 R 100.0   0.1   0:06.89 MicroBench
07:14:58        8 root      20   0   14888   9700   6612 R 100.0   0.1   0:07.06 MicroBench
07:14:58        8 root      20   0   14888   9700   6612 R 100.0   0.1   0:07.23 MicroBench
07:14:58        8 root      20   0   14888   9700   6612 R 100.0   0.1   0:07.39 MicroBench
07:14:59        8 root      20   0   14888   9700   6612 R 100.0   0.1   0:07.56 MicroBench
07:14:59        8 root      20   0   14888   9700   6612 R 100.0   0.1   0:07.73 MicroBench
07:14:59        8 root      20   0   14888   9700   6612 R  93.8   0.1   0:07.90 MicroBench
07:14:59        8 root      20   0   14888   9700   6612 R 100.0   0.1   0:08.07 MicroBench
07:14:59        8 root      20   0   14888   9700   6612 R 100.0   0.1   0:08.24 MicroBench
07:14:59        8 root      20   0   14888   9700   6612 R 100.0   0.1   0:08.41 MicroBench
07:15:00        8 root      20   0   14888   9700   6612 R 100.0   0.1   0:08.57 MicroBench
07:15:00        8 root      20   0   14888   9700   6612 R 100.0   0.1   0:08.75 MicroBench
07:15:00        8 root      20   0   14888   9700   6612 R 100.0   0.1   0:08.91 MicroBench
07:15:00        8 root      20   0   14888   9700   6612 R 100.0   0.1   0:09.08 MicroBench
07:15:00        8 root      20   0   14888   9700   6612 R 100.0   0.1   0:09.25 MicroBench
07:15:00        8 root      20   0   14888   9700   6612 R 100.0   0.1   0:09.42 MicroBench
07:15:01        8 root      20   0   20696  15300   6676 R  93.8   0.1   0:09.58 MicroBench
07:15:01        8 root      20   0   20696  15300   6676 R 100.0   0.1   0:09.75 MicroBench
07:15:01        8 root      20   0   20696  15300   6676 R 100.0   0.1   0:09.93 MicroBench
07:15:01        8 root      20   0   20696  15300   6676 R  93.3   0.1   0:10.09 MicroBench
07:15:01        8 root      20   0   20696  15300   6676 R 100.0   0.1   0:10.26 MicroBench
07:15:01        8 root      20   0   20696  15300   6676 R  93.8   0.1   0:10.43 MicroBench
07:15:02        8 root      20   0   20696  15300   6676 R 100.0   0.1   0:10.60 MicroBench
07:15:02        8 root      20   0   20696  15300   6676 R 100.0   0.1   0:10.77 MicroBench
07:15:02        8 root      20   0   20696  15300   6676 R 100.0   0.1   0:10.94 MicroBench
07:15:02        8 root      20   0   20696  15300   6676 R 100.0   0.1   0:11.11 MicroBench
07:15:02        8 root      20   0   20696  15300   6676 R 100.0   0.1   0:11.27 MicroBench
07:15:02        8 root      20   0   20696  15300   6676 R  93.8   0.1   0:11.44 MicroBench
07:15:03        8 root      20   0   20696  15300   6676 R 100.0   0.1   0:11.61 MicroBench
07:15:03        8 root      20   0   20696  15300   6676 R 100.0   0.1   0:11.78 MicroBench
07:15:03        8 root      20   0   20696  15300   6676 R 100.0   0.1   0:11.95 MicroBench
07:15:03        8 root      20   0   20696  15300   6676 R 100.0   0.1   0:12.11 MicroBench
07:15:03        8 root      20   0   20696  15300   6676 R  93.8   0.1   0:12.28 MicroBench
07:15:03        8 root      20   0   20696  15300   6676 R  93.8   0.1   0:12.45 MicroBench
07:15:04        8 root      20   0   20696  15300   6676 R 100.0   0.1   0:12.63 MicroBench
07:15:04        8 root      20   0   20696  15300   6676 R 100.0   0.1   0:12.79 MicroBench
07:15:04        8 root      20   0   20696  15300   6676 R 100.0   0.1   0:12.97 MicroBench
07:15:04        8 root      20   0   20696  15300   6676 R 100.0   0.1   0:13.14 MicroBench
07:15:04        8 root      20   0   20696  15300   6676 R 100.0   0.1   0:13.32 MicroBench
07:15:04        8 root      20   0   20696  15300   6676 R 100.0   0.1   0:13.49 MicroBench
07:15:05        8 root      20   0   20696  15300   6676 R 100.0   0.1   0:13.66 MicroBench
07:15:05        8 root      20   0   20696  15300   6676 R  93.8   0.1   0:13.83 MicroBench
07:15:05        8 root      20   0   20696  15300   6676 R  93.3   0.1   0:13.99 MicroBench
07:15:05        8 root      20   0   20696  15300   6676 R 100.0   0.1   0:14.17 MicroBench
07:15:05        8 root      20   0   20696  15300   6676 R 100.0   0.1   0:14.34 MicroBench
07:15:06        8 root      20   0   20696  15300   6676 R 100.0   0.1   0:14.52 MicroBench
07:15:06        8 root      20   0   20696  15300   6676 R 100.0   0.1   0:14.69 MicroBench
07:15:06        8 root      20   0   20696  15300   6676 R 100.0   0.1   0:14.86 MicroBench
07:15:06        8 root      20   0   20696  15300   6676 R 100.0   0.1   0:15.03 MicroBench
07:15:06        8 root      20   0   20696  15300   6676 R 100.0   0.1   0:15.20 MicroBench
07:15:06        8 root      20   0   20696  15300   6676 R 100.0   0.1   0:15.37 MicroBench
07:15:07        8 root      20   0   20696  15300   6676 R 100.0   0.1   0:15.54 MicroBench
07:15:07        8 root      20   0   20696  15300   6676 R  93.8   0.1   0:15.70 MicroBench
07:15:07        8 root      20   0   20696  15300   6676 R 100.0   0.1   0:15.87 MicroBench
07:15:07        8 root      20   0   20696  15300   6676 R 100.0   0.1   0:16.04 MicroBench
07:15:07        8 root      20   0   20696  15300   6676 R 100.0   0.1   0:16.21 MicroBench
07:15:07        8 root      20   0   20696  15300   6676 R 100.0   0.1   0:16.38 MicroBench
07:15:08        8 root      20   0   20696  15300   6676 R 100.0   0.1   0:16.55 MicroBench
07:15:08        8 root      20   0   20696  15300   6676 R 100.0   0.1   0:16.71 MicroBench
07:15:08        8 root      20   0   20696  15300   6676 R 100.0   0.1   0:16.88 MicroBench
07:15:08        8 root      20   0   20696  15300   6676 R  93.8   0.1   0:17.05 MicroBench
07:15:08        8 root      20   0   20696  15300   6676 R 100.0   0.1   0:17.29 MicroBench
07:15:08        8 root      20   0   20696  15300   6676 R 100.0   0.1   0:17.45 MicroBench
07:15:09        8 root      20   0   20696  15300   6676 R 100.0   0.1   0:17.62 MicroBench
07:15:09        8 root      20   0   20696  15300   6676 R 100.0   0.1   0:17.79 MicroBench
07:15:09        8 root      20   0   20696  15300   6676 R 100.0   0.1   0:17.96 MicroBench
07:15:09        8 root      20   0   20696  15300   6676 R  93.8   0.1   0:18.13 MicroBench
07:15:09        8 root      20   0   20696  15300   6676 R 100.0   0.1   0:18.30 MicroBench
07:15:09        8 root      20   0   20696  15300   6676 R 100.0   0.1   0:18.48 MicroBench
07:15:10        8 root      20   0   20696  15300   6676 R  93.3   0.1   0:18.64 MicroBench
07:15:10        8 root      20   0   20696  15300   6676 R 100.0   0.1   0:18.82 MicroBench
07:15:10        8 root      20   0   20696  15300   6676 R 100.0   0.1   0:18.99 MicroBench
07:15:10        8 root      20   0   20696  15300   6676 R 100.0   0.1   0:19.16 MicroBench
07:15:10        8 root      20   0   20696  15300   6676 R  93.8   0.1   0:19.33 MicroBench
07:15:10        8 root      20   0   20696  15300   6676 R 100.0   0.1   0:19.49 MicroBench
07:15:11        8 root      20   0   20696  15300   6676 R 100.0   0.1   0:19.66 MicroBench
07:15:11        8 root      20   0   20696  15300   6676 R 100.0   0.1   0:19.83 MicroBench
07:15:11        8 root      20   0   20696  15300   6676 R 100.0   0.1   0:20.00 MicroBench
07:15:11        8 root      20   0   20696  15300   6676 R 100.0   0.1   0:20.17 MicroBench
07:15:11        8 root      20   0   20696  15300   6676 R  93.8   0.1   0:20.34 MicroBench
07:15:12        8 root      20   0   20696  15300   6676 R 100.0   0.1   0:20.52 MicroBench
07:15:12        8 root      20   0   20696  15300   6676 R 100.0   0.1   0:20.69 MicroBench
07:15:12        8 root      20   0   20696  15300   6676 R 100.0   0.1   0:20.86 MicroBench
07:15:12        8 root      20   0   20696  15300   6676 R 100.0   0.1   0:21.02 MicroBench
07:15:12        8 root      20   0   20696  15300   6676 R  93.8   0.1   0:21.19 MicroBench
07:15:12        8 root      20   0   20696  15300   6676 R 100.0   0.1   0:21.36 MicroBench
07:15:13        8 root      20   0   20696  15300   6676 R 100.0   0.1   0:21.53 MicroBench
07:15:13        8 root      20   0   20696  15300   6676 R 100.0   0.1   0:21.70 MicroBench
07:15:13        8 root      20   0   20696  15300   6676 R 100.0   0.1   0:21.87 MicroBench
07:15:13        8 root      20   0   20696  15300   6676 R 100.0   0.1   0:22.03 MicroBench
07:15:13        8 root      20   0   20696  15300   6676 R 100.0   0.1   0:22.20 MicroBench
07:15:13        8 root      20   0   20696  15300   6676 R 100.0   0.1   0:22.37 MicroBench
07:15:14        8 root      20   0   20696  15300   6676 R  93.8   0.1   0:22.54 MicroBench
07:15:14        8 root      20   0   20696  15300   6676 R 100.0   0.1   0:22.72 MicroBench
07:15:14        8 root      20   0   20696  15300   6676 R  93.3   0.1   0:22.88 MicroBench
07:15:14        8 root      20   0   20696  15300   6676 R 100.0   0.1   0:23.05 MicroBench
07:15:14        8 root      20   0   20696  15300   6676 R 100.0   0.1   0:23.22 MicroBench
07:15:14        8 root      20   0   20696  15300   6676 R 100.0   0.1   0:23.39 MicroBench
07:15:15        8 root      20   0   20696  15300   6676 R 100.0   0.1   0:23.56 MicroBench
07:15:15        8 root      20   0   20696  15300   6676 R  87.5   0.1   0:23.72 MicroBench
07:15:15        8 root      20   0   20696  15300   6676 R 100.0   0.1   0:23.89 MicroBench
07:15:15        8 root      20   0   20696  15300   6676 R 100.0   0.1   0:24.06 MicroBench
07:15:15        8 root      20   0   20696  15300   6676 R 100.0   0.1   0:24.23 MicroBench
07:15:15        8 root      20   0   20696  15300   6676 R 100.0   0.1   0:24.40 MicroBench
07:15:16        8 root      20   0   20696  15300   6676 R 100.0   0.1   0:24.57 MicroBench
07:15:16        8 root      20   0   20696  15300   6676 R  93.8   0.1   0:24.73 MicroBench
07:15:16        8 root      20   0   20696  15300   6676 R 100.0   0.1   0:24.90 MicroBench
07:15:16        8 root      20   0   20696  15300   6676 R 100.0   0.1   0:25.07 MicroBench
07:15:16        8 root      20   0   20696  15300   6676 R 100.0   0.1   0:25.24 MicroBench
07:15:16        8 root      20   0   20696  15300   6676 R  93.3   0.1   0:25.40 MicroBench
07:15:17        8 root      20   0   20696  15300   6676 R 100.0   0.1   0:25.58 MicroBench
07:15:17        8 root      20   0   20696  15300   6676 R 100.0   0.1   0:25.74 MicroBench
07:15:17        8 root      20   0   20696  15300   6676 R 100.0   0.1   0:25.91 MicroBench
07:15:17        8 root      20   0   20696  15300   6676 R 100.0   0.1   0:26.08 MicroBench
07:15:17        8 root      20   0   20696  15300   6676 R 100.0   0.1   0:26.25 MicroBench
07:15:17        8 root      20   0   20696  15300   6676 R  93.3   0.1   0:26.41 MicroBench
07:15:18        8 root      20   0   20696  15300   6676 R 100.0   0.1   0:26.58 MicroBench
07:15:18        8 root      20   0   20696  15300   6676 R 100.0   0.1   0:26.75 MicroBench
07:15:18        8 root      20   0   20696  15300   6676 R 100.0   0.1   0:26.92 MicroBench
07:15:18        8 root      20   0   20696  15300   6676 R 100.0   0.1   0:27.09 MicroBench
07:15:18        8 root      20   0   20696  15300   6676 R  93.8   0.1   0:27.26 MicroBench
07:15:18        8 root      20   0   20696  15300   6676 R  93.3   0.1   0:27.42 MicroBench
07:15:19        8 root      20   0   20696  15300   6676 R 100.0   0.1   0:27.60 MicroBench
07:15:19        8 root      20   0   20696  15300   6676 R 100.0   0.1   0:27.77 MicroBench
07:15:19        8 root      20   0   20696  15300   6676 R  93.8   0.1   0:27.94 MicroBench
07:15:19        8 root      20   0   20696  15300   6676 R  93.3   0.1   0:28.10 MicroBench
07:15:19        8 root      20   0   20696  15300   6676 R 100.0   0.1   0:28.28 MicroBench
07:15:19        8 root      20   0   20696  15300   6676 R 100.0   0.1   0:28.44 MicroBench
07:15:20        8 root      20   0   20696  15300   6676 R 100.0   0.1   0:28.61 MicroBench
07:15:20        8 root      20   0   20696  15300   6676 R 100.0   0.1   0:28.78 MicroBench
07:15:20        8 root      20   0   20696  15300   6676 R 100.0   0.1   0:28.95 MicroBench
07:15:20        8 root      20   0   20696  15300   6676 R 100.0   0.1   0:29.12 MicroBench
07:15:20        8 root      20   0   20696  15300   6676 R  93.8   0.1   0:29.28 MicroBench
07:15:20        8 root      20   0   20696  15300   6676 R 100.0   0.1   0:29.45 MicroBench
07:15:21        8 root      20   0   20696  15300   6676 R 100.0   0.1   0:29.62 MicroBench
07:15:21        8 root      20   0   20696  15300   6676 R 100.0   0.1   0:29.79 MicroBench
07:15:21        8 root      20   0   20696  15300   6676 R 100.0   0.1   0:29.95 MicroBench
07:15:21        8 root      20   0   20696  15300   6676 R 100.0   0.1   0:30.12 MicroBench
07:15:21        8 root      20   0   20696  15300   6676 R 100.0   0.1   0:30.30 MicroBench
07:15:21        8 root      20   0   20696  15300   6676 R 100.0   0.1   0:30.47 MicroBench
07:15:22        8 root      20   0   20696  15300   6676 R 100.0   0.1   0:30.64 MicroBench
07:15:22        8 root      20   0   20696  15300   6676 R 100.0   0.1   0:30.80 MicroBench
07:15:22        8 root      20   0   20696  15300   6676 R 100.0   0.1   0:30.97 MicroBench
07:15:22        8 root      20   0   20696  15300   6676 R 100.0   0.1   0:31.14 MicroBench
07:15:22        8 root      20   0   20696  15300   6676 R 100.0   0.1   0:31.31 MicroBench
07:15:23        8 root      20   0   20696  15300   6676 R 100.0   0.1   0:31.48 MicroBench
07:15:23        8 root      20   0   20696  15300   6676 R 100.0   0.1   0:31.65 MicroBench
07:15:23        8 root      20   0   20696  15300   6676 R 100.0   0.1   0:31.82 MicroBench
07:15:23        8 root      20   0   20696  15300   6676 R 100.0   0.1   0:31.99 MicroBench
07:15:23        8 root      20   0   20696  15300   6676 R 100.0   0.1   0:32.16 MicroBench
07:15:23        8 root      20   0   20696  15300   6676 R 100.0   0.1   0:32.33 MicroBench
07:15:24        8 root      20   0   20696  15300   6676 R 100.0   0.1   0:32.50 MicroBench
07:15:24        8 root      20   0   20696  15300   6676 R 100.0   0.1   0:32.67 MicroBench
07:15:24        8 root      20   0   20696  15300   6676 R 100.0   0.1   0:32.84 MicroBench
07:15:24        8 root      20   0   20696  15300   6676 R  93.3   0.1   0:33.00 MicroBench
07:15:24        8 root      20   0   20696  15300   6676 R 100.0   0.1   0:33.18 MicroBench
07:15:24        8 root      20   0   20696  15300   6676 R 100.0   0.1   0:33.34 MicroBench
07:15:25        8 root      20   0   20696  15300   6676 R  93.8   0.1   0:33.51 MicroBench
07:15:25        8 root      20   0   20696  15300   6676 R 100.0   0.1   0:33.68 MicroBench
07:15:25        8 root      20   0   20696  15300   6676 R 100.0   0.1   0:33.85 MicroBench
07:15:25        8 root      20   0   20696  15300   6676 R 100.0   0.1   0:34.01 MicroBench
07:15:25        8 root      20   0   20696  15300   6676 R 100.0   0.1   0:34.18 MicroBench
07:15:25        8 root      20   0   20696  15300   6676 R 100.0   0.1   0:34.35 MicroBench
07:15:26        8 root      20   0   20696  15300   6676 R 100.0   0.1   0:34.52 MicroBench
07:15:26        8 root      20   0   20696  15300   6676 R  87.5   0.1   0:34.68 MicroBench
07:15:26        8 root      20   0   20696  15300   6676 R  93.3   0.1   0:34.84 MicroBench
07:15:26        8 root      20   0   20696  15300   6676 R 100.0   0.1   0:35.00 MicroBench
07:15:26        8 root      20   0   20696  15300   6676 R 100.0   0.1   0:35.17 MicroBench
07:15:26        8 root      20   0   20696  15300   6676 R 100.0   0.1   0:35.34 MicroBench
07:15:27        8 root      20   0   20696  15300   6676 R 100.0   0.1   0:35.51 MicroBench
07:15:27        8 root      20   0   20696  15300   6676 R  93.3   0.1   0:35.67 MicroBench
07:15:27        8 root      20   0   20696  15300   6676 R 100.0   0.1   0:35.85 MicroBench
07:15:27        8 root      20   0   20696  15300   6676 R 100.0   0.1   0:36.01 MicroBench
07:15:27        8 root      20   0   20696  15300   6676 R 100.0   0.1   0:36.19 MicroBench
07:15:27        8 root      20   0   20696  15300   6676 R 100.0   0.1   0:36.36 MicroBench
07:15:28        8 root      20   0   20696  15300   6676 R 100.0   0.1   0:36.53 MicroBench
07:15:28        8 root      20   0   20696  15300   6676 R 100.0   0.1   0:36.69 MicroBench
07:15:28        8 root      20   0   20696  15300   6676 R 100.0   0.1   0:36.86 MicroBench
07:15:28        8 root      20   0   20696  15300   6676 R  93.8   0.1   0:37.03 MicroBench
07:15:28        8 root      20   0   20696  15300   6676 R 100.0   0.1   0:37.20 MicroBench
07:15:28        8 root      20   0   20696  15300   6676 R  93.3   0.1   0:37.36 MicroBench
07:15:29        8 root      20   0   20696  15300   6676 R 100.0   0.1   0:37.54 MicroBench
07:15:29        8 root      20   0   20696  15300   6676 R 100.0   0.1   0:37.70 MicroBench
07:15:29        8 root      20   0   20696  15300   6676 R 100.0   0.1   0:37.87 MicroBench
07:15:29        8 root      20   0   20696  15300   6676 R 100.0   0.1   0:38.05 MicroBench
07:15:29        8 root      20   0   20696  15300   6676 R 100.0   0.1   0:38.22 MicroBench
07:15:29        8 root      20   0   20696  15300   6676 R 100.0   0.1   0:38.39 MicroBench
07:15:30        8 root      20   0   20696  15300   6676 R  93.8   0.1   0:38.56 MicroBench
07:15:30        8 root      20   0   20696  15300   6676 R 100.0   0.1   0:38.73 MicroBench
07:15:30        8 root      20   0   20696  15300   6676 R 100.0   0.1   0:38.89 MicroBench
07:15:30        8 root      20   0   27428  22160   6676 R 100.0   0.1   0:39.06 MicroBench
07:15:30        8 root      20   0   27428  22160   6676 R 100.0   0.1   0:39.23 MicroBench
07:15:30        8 root      20   0   27428  22160   6676 R 100.0   0.1   0:39.40 MicroBench
07:15:31        8 root      20   0   27428  22160   6676 R  93.3   0.1   0:39.57 MicroBench
07:15:31        8 root      20   0   27428  22160   6676 R 100.0   0.1   0:39.74 MicroBench
07:15:31        8 root      20   0   27428  22160   6676 R 100.0   0.1   0:39.91 MicroBench
07:15:31        8 root      20   0   27428  22160   6676 R 100.0   0.1   0:40.08 MicroBench
07:15:31        8 root      20   0   27428  22160   6676 R 100.0   0.1   0:40.25 MicroBench
07:15:31        8 root      20   0   27428  22160   6676 R 100.0   0.1   0:40.42 MicroBench
07:15:32        8 root      20   0   27428  22160   6676 R 100.0   0.1   0:40.60 MicroBench
07:15:32        8 root      20   0   27428  22160   6676 R  86.7   0.1   0:40.74 MicroBench
07:15:32        8 root      20   0   27428  22160   6676 R 100.0   0.1   0:40.90 MicroBench
07:15:32        8 root      20   0   27428  22160   6676 R 100.0   0.1   0:41.07 MicroBench
07:15:32        8 root      20   0   27428  22160   6676 R 100.0   0.1   0:41.24 MicroBench
07:15:33        8 root      20   0   27428  22160   6676 R  87.5   0.1   0:41.41 MicroBench
07:15:33        8 root      20   0   27428  22160   6676 R 100.0   0.1   0:41.58 MicroBench
07:15:33        8 root      20   0   27428  22160   6676 R 100.0   0.1   0:41.75 MicroBench
07:15:33        8 root      20   0   27428  22160   6676 R 100.0   0.1   0:41.92 MicroBench
07:15:33        8 root      20   0   27428  22160   6676 R 100.0   0.1   0:42.09 MicroBench
07:15:33        8 root      20   0   27428  22160   6676 R 100.0   0.1   0:42.26 MicroBench
07:15:34        8 root      20   0   27428  22160   6676 R 100.0   0.1   0:42.43 MicroBench
07:15:34        8 root      20   0   27428  22160   6676 R 100.0   0.1   0:42.60 MicroBench
07:15:34        8 root      20   0   27428  22160   6676 R 100.0   0.1   0:42.76 MicroBench
07:15:34        8 root      20   0   27428  22160   6676 R 100.0   0.1   0:42.94 MicroBench
07:15:34        8 root      20   0   27428  22160   6676 R 100.0   0.1   0:43.11 MicroBench
07:15:34        8 root      20   0   27428  22160   6676 R 100.0   0.1   0:43.29 MicroBench
07:15:35        8 root      20   0   27428  22160   6676 R 100.0   0.1   0:43.45 MicroBench
07:15:35        8 root      20   0   27428  22160   6676 R 100.0   0.1   0:43.62 MicroBench
07:15:35        8 root      20   0   27428  22160   6676 R 100.0   0.1   0:43.79 MicroBench
07:15:35        8 root      20   0   27428  22160   6676 R 100.0   0.1   0:43.96 MicroBench
07:15:35        8 root      20   0   27428  22160   6676 R 100.0   0.1   0:44.12 MicroBench
07:15:35        8 root      20   0   27428  22160   6676 R  94.1   0.1   0:44.30 MicroBench
07:15:36        8 root      20   0   27428  22160   6676 R 100.0   0.1   0:44.47 MicroBench
07:15:36        8 root      20   0   27428  22160   6676 R 100.0   0.1   0:44.65 MicroBench
07:15:36        8 root      20   0   27428  22160   6676 R 100.0   0.1   0:44.81 MicroBench
07:15:36        8 root      20   0   27428  22160   6676 R 100.0   0.1   0:44.98 MicroBench
07:15:36        8 root      20   0   27428  22160   6676 R 100.0   0.1   0:45.16 MicroBench
07:15:36        8 root      20   0   27428  22160   6676 R 100.0   0.1   0:45.34 MicroBench
07:15:37        8 root      20   0   27428  22160   6676 R 100.0   0.1   0:45.51 MicroBench
07:15:37        8 root      20   0   27428  22160   6676 R  93.3   0.1   0:45.67 MicroBench
07:15:37        8 root      20   0   27428  22160   6676 R 100.0   0.1   0:45.84 MicroBench
07:15:37        8 root      20   0   27428  22160   6676 R  93.8   0.1   0:46.02 MicroBench
07:15:37        8 root      20   0   27428  22160   6676 R 100.0   0.1   0:46.19 MicroBench
07:15:37        8 root      20   0   27428  22160   6676 R 100.0   0.1   0:46.36 MicroBench
07:15:38        8 root      20   0   27428  22160   6676 R 100.0   0.1   0:46.52 MicroBench
07:15:38        8 root      20   0   27428  22160   6676 R 100.0   0.1   0:46.69 MicroBench
07:15:38        8 root      20   0   27428  22160   6676 R 100.0   0.1   0:46.86 MicroBench
07:15:38        8 root      20   0   27428  22160   6676 R  93.8   0.1   0:47.03 MicroBench
07:15:38        8 root      20   0   27428  22160   6676 R 100.0   0.1   0:47.20 MicroBench
07:15:38        8 root      20   0   27428  22160   6676 R 100.0   0.1   0:47.37 MicroBench
07:15:39        8 root      20   0   27428  22160   6676 R 100.0   0.1   0:47.53 MicroBench
07:15:39        8 root      20   0   27428  22160   6676 R 100.0   0.1   0:47.71 MicroBench
07:15:39        8 root      20   0   27428  22160   6676 R  93.8   0.1   0:47.88 MicroBench
07:15:39        8 root      20   0   27428  22160   6676 R 100.0   0.1   0:48.05 MicroBench
07:15:39        8 root      20   0   27428  22160   6676 R 100.0   0.1   0:48.22 MicroBench
07:15:39        8 root      20   0   27428  22160   6676 R 100.0   0.1   0:48.38 MicroBench
07:15:40        8 root      20   0   27428  22160   6676 R 100.0   0.1   0:48.55 MicroBench
07:15:40        8 root      20   0   27428  22160   6676 R 100.0   0.1   0:48.72 MicroBench
07:15:40        8 root      20   0   27428  22160   6676 R 100.0   0.1   0:48.89 MicroBench
07:15:40        8 root      20   0   27428  22160   6676 R 100.0   0.1   0:49.06 MicroBench
07:15:40        8 root      20   0   27428  22160   6676 R 100.0   0.1   0:49.23 MicroBench
07:15:41        8 root      20   0   27428  22160   6676 R  87.5   0.1   0:49.40 MicroBench
07:15:41        8 root      20   0   27428  22160   6676 R  93.8   0.1   0:49.57 MicroBench
07:15:41        8 root      20   0   27428  22160   6676 R 100.0   0.1   0:49.74 MicroBench
07:15:41        8 root      20   0   27428  22160   6676 R 100.0   0.1   0:49.92 MicroBench
07:15:41        8 root      20   0   27428  22160   6676 R 100.0   0.1   0:50.09 MicroBench
07:15:41        8 root      20   0   27428  22160   6676 R 100.0   0.1   0:50.25 MicroBench
07:15:42        8 root      20   0   27428  22160   6676 R 100.0   0.1   0:50.43 MicroBench
07:15:42        8 root      20   0   27428  22160   6676 R 100.0   0.1   0:50.60 MicroBench
07:15:42        8 root      20   0   27428  22160   6676 R  93.8   0.1   0:50.77 MicroBench
07:15:42        8 root      20   0   27428  22160   6676 R 100.0   0.1   0:50.94 MicroBench
07:15:42        8 root      20   0   27428  22160   6676 R  93.8   0.1   0:51.11 MicroBench
07:15:42        8 root      20   0   27428  22160   6676 R  93.8   0.1   0:51.28 MicroBench
07:15:43        8 root      20   0   27428  22160   6676 R  93.8   0.1   0:51.45 MicroBench
07:15:43        8 root      20   0   27428  22160   6676 R  93.8   0.1   0:51.62 MicroBench
07:15:43        8 root      20   0   27428  22160   6676 R 100.0   0.1   0:51.79 MicroBench
07:15:43        8 root      20   0   27428  22160   6676 R 100.0   0.1   0:51.96 MicroBench
07:15:43        8 root      20   0   27428  22160   6676 R 100.0   0.1   0:52.14 MicroBench
07:15:43        8 root      20   0   27428  22160   6676 R 100.0   0.1   0:52.31 MicroBench
07:15:44        8 root      20   0   27428  22160   6676 R  66.7   0.1   0:52.43 MicroBench
07:15:44        8 root      20   0   27428  22160   6676 R 100.0   0.1   0:52.61 MicroBench
07:15:44        8 root      20   0   27428  22160   6676 R  93.3   0.1   0:52.78 MicroBench
07:15:44        8 root      20   0   27428  22160   6676 R 100.0   0.1   0:52.95 MicroBench
07:15:44        8 root      20   0   27428  22160   6676 R 100.0   0.1   0:53.12 MicroBench
07:15:44        8 root      20   0   27428  22160   6676 R 100.0   0.1   0:53.29 MicroBench
07:15:45        8 root      20   0   27428  22160   6676 R 100.0   0.1   0:53.46 MicroBench
07:15:45        8 root      20   0   27428  22160   6676 R 100.0   0.1   0:53.63 MicroBench
07:15:45        8 root      20   0   27428  22160   6676 R 100.0   0.1   0:53.81 MicroBench
07:15:45        8 root      20   0   27428  22160   6676 R 100.0   0.1   0:53.98 MicroBench
07:15:45        8 root      20   0   27428  22160   6676 R 100.0   0.1   0:54.15 MicroBench
07:15:46        8 root      20   0   27428  22160   6676 R 100.0   0.1   0:54.34 MicroBench
07:15:46        8 root      20   0   27428  22160   6676 R 100.0   0.1   0:54.51 MicroBench
07:15:46        8 root      20   0   27428  22160   6676 R 100.0   0.1   0:54.68 MicroBench
07:15:46        8 root      20   0   27428  22160   6676 R 100.0   0.1   0:54.85 MicroBench
07:15:46        8 root      20   0   27428  22160   6676 R 100.0   0.1   0:55.02 MicroBench
07:15:46        8 root      20   0   27428  22160   6676 R 100.0   0.1   0:55.19 MicroBench
07:15:47        8 root      20   0   27428  22160   6676 R  93.3   0.1   0:55.35 MicroBench
07:15:47        8 root      20   0   27428  22160   6676 R 100.0   0.1   0:55.53 MicroBench
07:15:47        8 root      20   0   27428  22160   6676 R 100.0   0.1   0:55.70 MicroBench
07:15:47        8 root      20   0   27428  22160   6676 R 100.0   0.1   0:55.87 MicroBench
07:15:47        8 root      20   0   27428  22160   6676 R 100.0   0.1   0:56.04 MicroBench
07:15:47        8 root      20   0   27428  22160   6676 R  93.8   0.1   0:56.21 MicroBench
07:15:48        8 root      20   0   27428  22160   6676 R 100.0   0.1   0:56.38 MicroBench
07:15:48        8 root      20   0   27428  22160   6676 R 100.0   0.1   0:56.55 MicroBench
07:15:48        8 root      20   0   27428  22160   6676 R 100.0   0.1   0:56.72 MicroBench
07:15:48        8 root      20   0   27428  22160   6676 R  93.8   0.1   0:56.89 MicroBench
07:15:48        8 root      20   0   27428  22160   6676 R 100.0   0.1   0:57.07 MicroBench
07:15:48        8 root      20   0   27428  22160   6676 R  87.5   0.1   0:57.23 MicroBench
07:15:49        8 root      20   0   27428  22160   6676 R 100.0   0.1   0:57.41 MicroBench
07:15:49        8 root      20   0   27428  22160   6676 R  93.8   0.1   0:57.57 MicroBench
07:15:49        8 root      20   0   27428  22160   6676 R 100.0   0.1   0:57.75 MicroBench
07:15:49        8 root      20   0   27428  22160   6676 R 100.0   0.1   0:57.92 MicroBench
07:15:49        8 root      20   0   27428  22160   6676 R 100.0   0.1   0:58.09 MicroBench
07:15:49        8 root      20   0   27428  22160   6676 R  86.7   0.1   0:58.25 MicroBench
07:15:50        8 root      20   0   27428  22160   6676 R  81.2   0.1   0:58.41 MicroBench
07:15:50        8 root      20   0   27428  22160   6676 R 100.0   0.1   0:58.58 MicroBench
07:15:50        8 root      20   0   27428  22160   6676 R 100.0   0.1   0:58.75 MicroBench
07:15:50        8 root      20   0   27428  22160   6676 R 100.0   0.1   0:58.92 MicroBench
07:15:50        8 root      20   0   27428  22160   6676 R  93.8   0.1   0:59.09 MicroBench
07:15:51        8 root      20   0   27428  22160   6676 R 100.0   0.1   0:59.26 MicroBench
07:15:51        8 root      20   0   27428  22160   6676 R  93.8   0.1   0:59.43 MicroBench
07:15:51        8 root      20   0   27428  22160   6676 R 100.0   0.1   0:59.61 MicroBench
07:15:51        8 root      20   0   27428  22160   6676 R 100.0   0.1   0:59.78 MicroBench
07:15:51        8 root      20   0   27428  22160   6676 R  93.8   0.1   0:59.95 MicroBench
07:15:51        8 root      20   0   27428  22160   6676 R 100.0   0.1   1:00.12 MicroBench
07:15:52        8 root      20   0   27428  22160   6676 R  93.8   0.1   1:00.29 MicroBench
07:15:52        8 root      20   0   27428  22160   6676 R 100.0   0.1   1:00.46 MicroBench
07:15:52        8 root      20   0   27428  22160   6676 R 100.0   0.1   1:00.63 MicroBench
07:15:52        8 root      20   0   27428  22160   6676 R 100.0   0.1   1:00.80 MicroBench
07:15:52        8 root      20   0   27428  22160   6676 R 100.0   0.1   1:00.98 MicroBench
07:15:52        8 root      20   0   27428  22160   6676 R 100.0   0.1   1:01.15 MicroBench
07:15:53        8 root      20   0   27428  22160   6676 R 100.0   0.1   1:01.34 MicroBench
07:15:53        8 root      20   0   27428  22160   6676 R 100.0   0.1   1:01.51 MicroBench
07:15:53        8 root      20   0   27428  22160   6676 R 100.0   0.1   1:01.68 MicroBench
07:15:53        8 root      20   0   27428  22160   6676 R 100.0   0.1   1:01.85 MicroBench
07:15:53        8 root      20   0   27428  22160   6676 R 100.0   0.1   1:02.01 MicroBench
07:15:53        8 root      20   0   27428  22160   6676 R 100.0   0.1   1:02.18 MicroBench
07:15:54        8 root      20   0   27428  22160   6676 R 100.0   0.1   1:02.35 MicroBench
07:15:54        8 root      20   0   27428  22160   6676 R 100.0   0.1   1:02.52 MicroBench
07:15:54        8 root      20   0   27428  22160   6676 R 100.0   0.1   1:02.69 MicroBench
07:15:54        8 root      20   0   27428  22160   6676 R 100.0   0.1   1:02.86 MicroBench
07:15:54        8 root      20   0   27428  22160   6676 R 100.0   0.1   1:03.03 MicroBench
07:15:54        8 root      20   0   27428  22160   6676 R 100.0   0.1   1:03.20 MicroBench
07:15:55        8 root      20   0   27428  22160   6676 R 100.0   0.1   1:03.38 MicroBench
07:15:55        8 root      20   0   27428  22160   6676 R  93.8   0.1   1:03.54 MicroBench
07:15:55        8 root      20   0   27428  22160   6676 R  93.8   0.1   1:03.71 MicroBench
07:15:55        8 root      20   0   27428  22160   6676 R 100.0   0.1   1:03.89 MicroBench
07:15:55        8 root      20   0   27428  22160   6676 R 100.0   0.1   1:04.07 MicroBench
07:15:56        8 root      20   0   27428  22160   6676 R  86.7   0.1   1:04.22 MicroBench
07:15:56        8 root      20   0   27428  22160   6676 R 100.0   0.1   1:04.42 MicroBench
07:15:56        8 root      20   0   27428  22160   6676 R 100.0   0.1   1:04.62 MicroBench
07:15:56        8 root      20   0   27428  22160   6676 R 100.0   0.1   1:04.79 MicroBench
07:15:56        8 root      20   0   27428  22160   6676 R 100.0   0.1   1:04.95 MicroBench
07:15:56        8 root      20   0   27428  22160   6676 R 100.0   0.1   1:05.12 MicroBench
07:15:57        8 root      20   0   27428  22160   6676 R 100.0   0.1   1:05.29 MicroBench
07:15:57        8 root      20   0   27428  22160   6676 R 100.0   0.1   1:05.46 MicroBench
07:15:57        8 root      20   0   27428  22160   6676 R 100.0   0.1   1:05.63 MicroBench
07:15:57        8 root      20   0   27428  22160   6676 R 100.0   0.1   1:05.80 MicroBench
07:15:57        8 root      20   0   27428  22160   6676 R 100.0   0.1   1:05.97 MicroBench
07:15:57        8 root      20   0   27428  22160   6676 R 100.0   0.1   1:06.14 MicroBench
07:15:58        8 root      20   0   27428  22160   6676 R 100.0   0.1   1:06.31 MicroBench
07:15:58        8 root      20   0   27428  22160   6676 R 100.0   0.1   1:06.48 MicroBench
07:15:58        8 root      20   0   27428  22160   6676 R 100.0   0.1   1:06.65 MicroBench
07:15:58        8 root      20   0   27428  22160   6676 R 100.0   0.1   1:06.82 MicroBench
07:15:58        8 root      20   0   27428  22160   6676 R 100.0   0.1   1:06.99 MicroBench
07:15:58        8 root      20   0   27428  22160   6676 R 100.0   0.1   1:07.19 MicroBench
07:15:59        8 root      20   0   27428  22160   6676 R 100.0   0.1   1:07.35 MicroBench
07:15:59        8 root      20   0   27428  22160   6676 R 100.0   0.1   1:07.52 MicroBench
07:15:59        8 root      20   0   27428  22160   6676 R  93.8   0.1   1:07.69 MicroBench
07:15:59        8 root      20   0   27428  22160   6676 R 100.0   0.1   1:07.87 MicroBench
07:15:59        8 root      20   0   27428  22160   6676 R 100.0   0.1   1:08.06 MicroBench
07:16:00        8 root      20   0   27428  22160   6676 R 100.0   0.1   1:08.23 MicroBench
07:16:00        8 root      20   0   27428  22160   6676 R 100.0   0.1   1:08.40 MicroBench
07:16:00        8 root      20   0   27692  22420   6676 R 100.0   0.1   1:08.57 MicroBench
Avg reg. time: 138384146
Avg opt. time: 145906125
Median reg. time: 138384146
Median opt. time: 145906125
07:16:00  MicroBench not found.
MicroBench process has exited. Monitoring script will terminate.
