Args:
  Field size              : 2748779069441
  l                       : 16
  t                       : 40
  Number of parties        : 2048
  Number of repeats        : 1
  Monitor sleep time (ms) : 1

Started ./MicroBench with PID: 8
07:12:19        8 root      20   0   14692   9288   6628 R 100.0   0.1   0:00.16 MicroBench
07:12:19        8 root      20   0   14692   9288   6628 R 100.0   0.1   0:00.32 MicroBench
07:12:20        8 root      20   0   14824   9552   6628 R 100.0   0.1   0:00.49 MicroBench
07:12:20        8 root      20   0   14740   9596   6628 R 100.0   0.1   0:00.66 MicroBench
07:12:20        8 root      20   0   14740   9596   6628 R 100.0   0.1   0:00.83 MicroBench
07:12:20        8 root      20   0   14872   9596   6628 R 100.0   0.1   0:01.00 MicroBench
07:12:20        8 root      20   0   14872   9596   6628 R 100.0   0.1   0:01.17 MicroBench
07:12:20        8 root      20   0   14872   9596   6628 R 100.0   0.1   0:01.33 MicroBench
07:12:21        8 root      20   0   14872   9596   6628 R 100.0   0.1   0:01.50 MicroBench
07:12:21        8 root      20   0   14872   9596   6628 R 100.0   0.1   0:01.67 MicroBench
07:12:21        8 root      20   0   14872   9596   6628 R 100.0   0.1   0:01.84 MicroBench
07:12:21        8 root      20   0   14872   9596   6628 R 100.0   0.1   0:02.02 MicroBench
07:12:21        8 root      20   0   14872   9596   6628 R 100.0   0.1   0:02.18 MicroBench
07:12:21        8 root      20   0   14872   9596   6628 R 100.0   0.1   0:02.35 MicroBench
07:12:22        8 root      20   0   14872   9596   6628 R  93.8   0.1   0:02.52 MicroBench
07:12:22        8 root      20   0   14872   9596   6628 R 100.0   0.1   0:02.69 MicroBench
07:12:22        8 root      20   0   14872   9596   6628 R  93.8   0.1   0:02.86 MicroBench
07:12:22        8 root      20   0   14872   9596   6628 R 100.0   0.1   0:03.03 MicroBench
07:12:22        8 root      20   0   14872   9596   6628 R 100.0   0.1   0:03.21 MicroBench
07:12:22        8 root      20   0   14872   9596   6628 R 100.0   0.1   0:03.37 MicroBench
07:12:23        8 root      20   0   14872   9596   6628 R  93.8   0.1   0:03.54 MicroBench
07:12:23        8 root      20   0   14872   9596   6628 R 100.0   0.1   0:03.71 MicroBench
07:12:23        8 root      20   0   14872   9596   6628 R 100.0   0.1   0:03.88 MicroBench
07:12:23        8 root      20   0   14872   9596   6628 R 100.0   0.1   0:04.04 MicroBench
07:12:23        8 root      20   0   14872   9596   6628 R 100.0   0.1   0:04.21 MicroBench
07:12:23        8 root      20   0   14812   9692   6628 R 100.0   0.1   0:04.40 MicroBench
07:12:24        8 root      20   0   14812   9692   6628 R 100.0   0.1   0:04.56 MicroBench
07:12:24        8 root      20   0   14812   9692   6628 R  93.8   0.1   0:04.73 MicroBench
07:12:24        8 root      20   0   14812   9692   6628 R 100.0   0.1   0:04.90 MicroBench
07:12:24        8 root      20   0   14812   9692   6628 R 100.0   0.1   0:05.07 MicroBench
07:12:24        8 root      20   0   14812   9692   6628 R 100.0   0.1   0:05.23 MicroBench
07:12:24        8 root      20   0   14812   9692   6628 R 100.0   0.1   0:05.40 MicroBench
07:12:25        8 root      20   0   14812   9692   6628 R 100.0   0.1   0:05.57 MicroBench
07:12:25        8 root      20   0   14808   9688   6628 R 100.0   0.1   0:05.74 MicroBench
07:12:25        8 root      20   0   14808   9688   6628 R 100.0   0.1   0:05.91 MicroBench
07:12:25        8 root      20   0   14780   9660   6628 R 100.0   0.1   0:06.08 MicroBench
07:12:25        8 root      20   0   14780   9660   6628 R 100.0   0.1   0:06.24 MicroBench
07:12:25        8 root      20   0   14864   9680   6628 R 100.0   0.1   0:06.42 MicroBench
07:12:26        8 root      20   0   14780   9660   6628 R 100.0   0.1   0:06.59 MicroBench
07:12:26        8 root      20   0   14780   9660   6628 R 100.0   0.1   0:06.76 MicroBench
07:12:26        8 root      20   0   14844   9692   6628 R  93.8   0.1   0:06.93 MicroBench
07:12:26        8 root      20   0   14780   9660   6628 R 100.0   0.1   0:07.09 MicroBench
07:12:26        8 root      20   0   19796  14468   6692 R  93.3   0.1   0:07.25 MicroBench
07:12:26        8 root      20   0   19796  14468   6692 R 100.0   0.1   0:07.42 MicroBench
07:12:27        8 root      20   0   19796  14468   6692 R 100.0   0.1   0:07.59 MicroBench
07:12:27        8 root      20   0   19796  14468   6692 R 100.0   0.1   0:07.76 MicroBench
07:12:27        8 root      20   0   19796  14468   6692 R 100.0   0.1   0:07.93 MicroBench
07:12:27        8 root      20   0   19796  14468   6692 R 100.0   0.1   0:08.10 MicroBench
07:12:27        8 root      20   0   19796  14468   6692 R 100.0   0.1   0:08.27 MicroBench
07:12:27        8 root      20   0   19796  14468   6692 R 100.0   0.1   0:08.44 MicroBench
07:12:28        8 root      20   0   19796  14468   6692 R 100.0   0.1   0:08.61 MicroBench
07:12:28        8 root      20   0   19796  14468   6692 R 100.0   0.1   0:08.78 MicroBench
07:12:28        8 root      20   0   19796  14468   6692 R  87.5   0.1   0:08.94 MicroBench
07:12:28        8 root      20   0   19796  14468   6692 R 100.0   0.1   0:09.11 MicroBench
07:12:28        8 root      20   0   19796  14468   6692 R 100.0   0.1   0:09.28 MicroBench
07:12:29        8 root      20   0   19796  14468   6692 R 100.0   0.1   0:09.45 MicroBench
07:12:29        8 root      20   0   19796  14468   6692 R 100.0   0.1   0:09.62 MicroBench
07:12:29        8 root      20   0   19796  14468   6692 R 100.0   0.1   0:09.79 MicroBench
07:12:29        8 root      20   0   19796  14468   6692 R 100.0   0.1   0:09.96 MicroBench
07:12:29        8 root      20   0   19796  14468   6692 R  93.3   0.1   0:10.12 MicroBench
07:12:29        8 root      20   0   19796  14468   6692 R 100.0   0.1   0:10.29 MicroBench
07:12:30        8 root      20   0   19796  14468   6692 R 100.0   0.1   0:10.46 MicroBench
07:12:30        8 root      20   0   19796  14468   6692 R 100.0   0.1   0:10.63 MicroBench
07:12:30        8 root      20   0   19796  14468   6692 R 100.0   0.1   0:10.80 MicroBench
07:12:30        8 root      20   0   19796  14468   6692 R 100.0   0.1   0:10.97 MicroBench
07:12:30        8 root      20   0   19796  14468   6692 R 100.0   0.1   0:11.13 MicroBench
07:12:30        8 root      20   0   19796  14468   6692 R 100.0   0.1   0:11.30 MicroBench
07:12:31        8 root      20   0   19796  14468   6692 R  93.8   0.1   0:11.47 MicroBench
07:12:31        8 root      20   0   19796  14468   6692 R 100.0   0.1   0:11.64 MicroBench
07:12:31        8 root      20   0   19796  14468   6692 R 100.0   0.1   0:11.81 MicroBench
07:12:31        8 root      20   0   19796  14468   6692 R 100.0   0.1   0:11.98 MicroBench
07:12:31        8 root      20   0   19796  14468   6692 R 100.0   0.1   0:12.15 MicroBench
07:12:31        8 root      20   0   19796  14468   6692 R 100.0   0.1   0:12.32 MicroBench
07:12:32        8 root      20   0   19796  14468   6692 R  93.8   0.1   0:12.49 MicroBench
07:12:32        8 root      20   0   19796  14468   6692 R 100.0   0.1   0:12.66 MicroBench
07:12:32        8 root      20   0   19796  14468   6692 R 100.0   0.1   0:12.83 MicroBench
07:12:32        8 root      20   0   19796  14468   6692 R  93.8   0.1   0:13.00 MicroBench
07:12:32        8 root      20   0   19796  14468   6692 R 100.0   0.1   0:13.17 MicroBench
07:12:32        8 root      20   0   19796  14468   6692 R 100.0   0.1   0:13.33 MicroBench
07:12:33        8 root      20   0   19796  14468   6692 R 100.0   0.1   0:13.51 MicroBench
07:12:33        8 root      20   0   19796  14468   6692 R 100.0   0.1   0:13.68 MicroBench
07:12:33        8 root      20   0   19796  14468   6692 R 100.0   0.1   0:13.85 MicroBench
07:12:33        8 root      20   0   19796  14468   6692 R  93.3   0.1   0:14.01 MicroBench
07:12:33        8 root      20   0   19796  14468   6692 R 100.0   0.1   0:14.18 MicroBench
07:12:33        8 root      20   0   19796  14468   6692 R 100.0   0.1   0:14.36 MicroBench
07:12:34        8 root      20   0   19796  14468   6692 R  93.3   0.1   0:14.52 MicroBench
07:12:34        8 root      20   0   19796  14468   6692 R 100.0   0.1   0:14.70 MicroBench
07:12:34        8 root      20   0   19796  14468   6692 R  93.8   0.1   0:14.86 MicroBench
07:12:34        8 root      20   0   19796  14468   6692 R 100.0   0.1   0:15.03 MicroBench
07:12:34        8 root      20   0   19796  14468   6692 R 100.0   0.1   0:15.20 MicroBench
07:12:34        8 root      20   0   19796  14468   6692 R 100.0   0.1   0:15.37 MicroBench
07:12:35        8 root      20   0   19796  14468   6692 R 100.0   0.1   0:15.54 MicroBench
07:12:35        8 root      20   0   19796  14468   6692 R 100.0   0.1   0:15.71 MicroBench
07:12:35        8 root      20   0   19796  14468   6692 R 100.0   0.1   0:15.87 MicroBench
07:12:35        8 root      20   0   19796  14468   6692 R  93.3   0.1   0:16.04 MicroBench
07:12:35        8 root      20   0   19796  14468   6692 R 100.0   0.1   0:16.22 MicroBench
07:12:35        8 root      20   0   19796  14468   6692 R 100.0   0.1   0:16.38 MicroBench
07:12:36        8 root      20   0   19796  14468   6692 R 100.0   0.1   0:16.55 MicroBench
07:12:36        8 root      20   0   19796  14468   6692 R 100.0   0.1   0:16.73 MicroBench
07:12:36        8 root      20   0   19796  14468   6692 R  87.5   0.1   0:16.89 MicroBench
07:12:36        8 root      20   0   19796  14468   6692 R 100.0   0.1   0:17.06 MicroBench
07:12:36        8 root      20   0   19796  14468   6692 R 100.0   0.1   0:17.24 MicroBench
07:12:36        8 root      20   0   19796  14468   6692 R 100.0   0.1   0:17.42 MicroBench
07:12:37        8 root      20   0   19796  14468   6692 R 100.0   0.1   0:17.58 MicroBench
07:12:37        8 root      20   0   19796  14468   6692 R  93.8   0.1   0:17.75 MicroBench
07:12:37        8 root      20   0   19796  14468   6692 R 100.0   0.1   0:17.92 MicroBench
07:12:37        8 root      20   0   19796  14468   6692 R 100.0   0.1   0:18.09 MicroBench
07:12:37        8 root      20   0   19796  14468   6692 R 100.0   0.1   0:18.26 MicroBench
07:12:38        8 root      20   0   19796  14468   6692 R 100.0   0.1   0:18.43 MicroBench
07:12:38        8 root      20   0   19796  14468   6692 R 100.0   0.1   0:18.59 MicroBench
07:12:38        8 root      20   0   19796  14468   6692 R 100.0   0.1   0:18.76 MicroBench
07:12:38        8 root      20   0   19796  14468   6692 R  93.8   0.1   0:18.93 MicroBench
07:12:38        8 root      20   0   19796  14468   6692 R 100.0   0.1   0:19.10 MicroBench
07:12:38        8 root      20   0   19796  14468   6692 R 100.0   0.1   0:19.27 MicroBench
07:12:39        8 root      20   0   19796  14468   6692 R 100.0   0.1   0:19.44 MicroBench
07:12:39        8 root      20   0   19796  14468   6692 R 100.0   0.1   0:19.60 MicroBench
07:12:39        8 root      20   0   19796  14468   6692 R 100.0   0.1   0:19.77 MicroBench
07:12:39        8 root      20   0   19796  14468   6692 R 100.0   0.1   0:19.94 MicroBench
07:12:39        8 root      20   0   19796  14468   6692 R  93.8   0.1   0:20.11 MicroBench
07:12:39        8 root      20   0   19796  14468   6692 R 100.0   0.1   0:20.28 MicroBench
07:12:40        8 root      20   0   19796  14468   6692 R  93.3   0.1   0:20.44 MicroBench
07:12:40        8 root      20   0   19796  14468   6692 R 100.0   0.1   0:20.61 MicroBench
07:12:40        8 root      20   0   19796  14468   6692 R 100.0   0.1   0:20.79 MicroBench
07:12:40        8 root      20   0   19796  14468   6692 R 100.0   0.1   0:20.96 MicroBench
07:12:40        8 root      20   0   19796  14468   6692 R 100.0   0.1   0:21.13 MicroBench
07:12:40        8 root      20   0   19796  14468   6692 R 100.0   0.1   0:21.30 MicroBench
07:12:41        8 root      20   0   19796  14468   6692 R 100.0   0.1   0:21.47 MicroBench
07:12:41        8 root      20   0   19796  14468   6692 R 100.0   0.1   0:21.64 MicroBench
07:12:41        8 root      20   0   19796  14468   6692 R  87.5   0.1   0:21.80 MicroBench
07:12:41        8 root      20   0   19796  14468   6692 R 100.0   0.1   0:21.97 MicroBench
07:12:41        8 root      20   0   19796  14468   6692 R 100.0   0.1   0:22.14 MicroBench
07:12:41        8 root      20   0   19796  14468   6692 R 100.0   0.1   0:22.31 MicroBench
07:12:42        8 root      20   0   19796  14468   6692 R 100.0   0.1   0:22.48 MicroBench
07:12:42        8 root      20   0   19796  14468   6692 R 100.0   0.1   0:22.65 MicroBench
07:12:42        8 root      20   0   19796  14468   6692 R  93.3   0.1   0:22.81 MicroBench
07:12:42        8 root      20   0   19796  14468   6692 R  93.8   0.1   0:22.98 MicroBench
07:12:42        8 root      20   0   19796  14468   6692 R 100.0   0.1   0:23.15 MicroBench
07:12:42        8 root      20   0   19796  14468   6692 R 100.0   0.1   0:23.32 MicroBench
07:12:43        8 root      20   0   19796  14468   6692 R  93.3   0.1   0:23.49 MicroBench
07:12:43        8 root      20   0   19796  14468   6692 R  93.8   0.1   0:23.66 MicroBench
07:12:43        8 root      20   0   19796  14468   6692 R 100.0   0.1   0:23.83 MicroBench
07:12:43        8 root      20   0   19796  14468   6692 R 100.0   0.1   0:24.00 MicroBench
07:12:43        8 root      20   0   19796  14468   6692 R 100.0   0.1   0:24.17 MicroBench
07:12:43        8 root      20   0   19796  14468   6692 R 100.0   0.1   0:24.34 MicroBench
07:12:44        8 root      20   0   19796  14468   6692 R 100.0   0.1   0:24.50 MicroBench
07:12:44        8 root      20   0   19796  14468   6692 R 100.0   0.1   0:24.68 MicroBench
07:12:44        8 root      20   0   19796  14468   6692 R 100.0   0.1   0:24.85 MicroBench
07:12:44        8 root      20   0   19796  14468   6692 R 100.0   0.1   0:25.01 MicroBench
07:12:44        8 root      20   0   19796  14468   6692 R 100.0   0.1   0:25.18 MicroBench
07:12:44        8 root      20   0   19796  14468   6692 R 100.0   0.1   0:25.35 MicroBench
07:12:45        8 root      20   0   19796  14468   6692 R  93.8   0.1   0:25.52 MicroBench
07:12:45        8 root      20   0   19796  14468   6692 R 100.0   0.1   0:25.69 MicroBench
07:12:45        8 root      20   0   19796  14468   6692 R 100.0   0.1   0:25.86 MicroBench
07:12:45        8 root      20   0   19796  14468   6692 R 100.0   0.1   0:26.02 MicroBench
07:12:45        8 root      20   0   19796  14468   6692 R 100.0   0.1   0:26.19 MicroBench
07:12:45        8 root      20   0   19796  14468   6692 R 100.0   0.1   0:26.36 MicroBench
07:12:46        8 root      20   0   19796  14468   6692 R 100.0   0.1   0:26.54 MicroBench
07:12:46        8 root      20   0   19796  14468   6692 R 100.0   0.1   0:26.70 MicroBench
07:12:46        8 root      20   0   19796  14468   6692 R 100.0   0.1   0:26.87 MicroBench
07:12:46        8 root      20   0   19796  14468   6692 R 100.0   0.1   0:27.04 MicroBench
07:12:46        8 root      20   0   19796  14468   6692 R 100.0   0.1   0:27.21 MicroBench
07:12:46        8 root      20   0   19796  14468   6692 R 100.0   0.1   0:27.38 MicroBench
07:12:47        8 root      20   0   19796  14468   6692 R 100.0   0.1   0:27.55 MicroBench
07:12:47        8 root      20   0   19796  14468   6692 R  86.7   0.1   0:27.69 MicroBench
07:12:47        8 root      20   0   19796  14468   6692 R 100.0   0.1   0:27.86 MicroBench
07:12:47        8 root      20   0   19796  14468   6692 R 100.0   0.1   0:28.03 MicroBench
07:12:47        8 root      20   0   19796  14468   6692 R 100.0   0.1   0:28.20 MicroBench
07:12:47        8 root      20   0   19796  14468   6692 R 100.0   0.1   0:28.37 MicroBench
07:12:48        8 root      20   0   19796  14468   6692 R 100.0   0.1   0:28.54 MicroBench
07:12:48        8 root      20   0   19796  14468   6692 R 100.0   0.1   0:28.70 MicroBench
07:12:48        8 root      20   0   25472  20276   6692 R  93.8   0.1   0:28.87 MicroBench
07:12:48        8 root      20   0   25472  20276   6692 R 100.0   0.1   0:29.04 MicroBench
07:12:48        8 root      20   0   25472  20276   6692 R 100.0   0.1   0:29.22 MicroBench
07:12:49        8 root      20   0   25472  20276   6692 R 100.0   0.1   0:29.39 MicroBench
07:12:49        8 root      20   0   25472  20276   6692 R  93.8   0.1   0:29.56 MicroBench
07:12:49        8 root      20   0   25472  20276   6692 R 100.0   0.1   0:29.73 MicroBench
07:12:49        8 root      20   0   25472  20276   6692 R 100.0   0.1   0:29.91 MicroBench
07:12:49        8 root      20   0   25472  20276   6692 R 100.0   0.1   0:30.08 MicroBench
07:12:49        8 root      20   0   25472  20276   6692 R 100.0   0.1   0:30.25 MicroBench
07:12:50        8 root      20   0   25472  20276   6692 R 100.0   0.1   0:30.41 MicroBench
07:12:50        8 root      20   0   25472  20276   6692 R 100.0   0.1   0:30.58 MicroBench
07:12:50        8 root      20   0   25472  20276   6692 R 100.0   0.1   0:30.76 MicroBench
07:12:50        8 root      20   0   25472  20276   6692 R 100.0   0.1   0:30.92 MicroBench
07:12:50        8 root      20   0   25472  20276   6692 R 100.0   0.1   0:31.09 MicroBench
07:12:50        8 root      20   0   25472  20276   6692 R 100.0   0.1   0:31.26 MicroBench
07:12:51        8 root      20   0   25472  20276   6692 R  93.8   0.1   0:31.43 MicroBench
07:12:51        8 root      20   0   25472  20276   6692 R  93.8   0.1   0:31.60 MicroBench
07:12:51        8 root      20   0   25472  20276   6692 R 100.0   0.1   0:31.77 MicroBench
07:12:51        8 root      20   0   25472  20276   6692 R 100.0   0.1   0:31.93 MicroBench
07:12:51        8 root      20   0   25472  20276   6692 R 100.0   0.1   0:32.10 MicroBench
07:12:51        8 root      20   0   25472  20276   6692 R 100.0   0.1   0:32.27 MicroBench
07:12:52        8 root      20   0   25472  20276   6692 R 100.0   0.1   0:32.45 MicroBench
07:12:52        8 root      20   0   25472  20276   6692 R  93.3   0.1   0:32.61 MicroBench
07:12:52        8 root      20   0   25472  20276   6692 R 100.0   0.1   0:32.78 MicroBench
07:12:52        8 root      20   0   25472  20276   6692 R 100.0   0.1   0:32.95 MicroBench
07:12:52        8 root      20   0   25472  20276   6692 R 100.0   0.1   0:33.12 MicroBench
07:12:52        8 root      20   0   25472  20276   6692 R 100.0   0.1   0:33.29 MicroBench
07:12:53        8 root      20   0   25472  20276   6692 R 100.0   0.1   0:33.46 MicroBench
07:12:53        8 root      20   0   25472  20276   6692 R 100.0   0.1   0:33.62 MicroBench
07:12:53        8 root      20   0   25472  20276   6692 R 100.0   0.1   0:33.79 MicroBench
07:12:53        8 root      20   0   25472  20276   6692 R 100.0   0.1   0:33.96 MicroBench
07:12:53        8 root      20   0   25472  20276   6692 R  93.8   0.1   0:34.12 MicroBench
07:12:53        8 root      20   0   25472  20276   6692 R 100.0   0.1   0:34.29 MicroBench
07:12:54        8 root      20   0   25472  20276   6692 R 100.0   0.1   0:34.47 MicroBench
07:12:54        8 root      20   0   25472  20276   6692 R 100.0   0.1   0:34.64 MicroBench
07:12:54        8 root      20   0   25472  20276   6692 R 100.0   0.1   0:34.81 MicroBench
07:12:54        8 root      20   0   25472  20276   6692 R 100.0   0.1   0:34.98 MicroBench
07:12:54        8 root      20   0   25472  20276   6692 R 100.0   0.1   0:35.15 MicroBench
07:12:54        8 root      20   0   25472  20276   6692 R 100.0   0.1   0:35.33 MicroBench
07:12:55        8 root      20   0   25472  20276   6692 R 100.0   0.1   0:35.49 MicroBench
07:12:55        8 root      20   0   25472  20276   6692 R 100.0   0.1   0:35.67 MicroBench
07:12:55        8 root      20   0   25472  20276   6692 R 100.0   0.1   0:35.83 MicroBench
07:12:55        8 root      20   0   25472  20276   6692 R 100.0   0.1   0:36.00 MicroBench
07:12:55        8 root      20   0   25472  20276   6692 R  93.8   0.1   0:36.17 MicroBench
07:12:55        8 root      20   0   25472  20276   6692 R 100.0   0.1   0:36.34 MicroBench
07:12:56        8 root      20   0   25472  20276   6692 R 100.0   0.1   0:36.50 MicroBench
07:12:56        8 root      20   0   25472  20276   6692 R 100.0   0.1   0:36.68 MicroBench
07:12:56        8 root      20   0   25472  20276   6692 R  93.8   0.1   0:36.85 MicroBench
07:12:56        8 root      20   0   25472  20276   6692 R 100.0   0.1   0:37.01 MicroBench
07:12:56        8 root      20   0   25472  20276   6692 R 100.0   0.1   0:37.18 MicroBench
07:12:56        8 root      20   0   25472  20276   6692 R 100.0   0.1   0:37.35 MicroBench
07:12:57        8 root      20   0   25472  20276   6692 R 100.0   0.1   0:37.52 MicroBench
07:12:57        8 root      20   0   25472  20276   6692 R 100.0   0.1   0:37.69 MicroBench
07:12:57        8 root      20   0   25472  20276   6692 R  93.8   0.1   0:37.86 MicroBench
07:12:57        8 root      20   0   25472  20276   6692 R 100.0   0.1   0:38.02 MicroBench
07:12:57        8 root      20   0   25472  20276   6692 R 100.0   0.1   0:38.19 MicroBench
07:12:58        8 root      20   0   25472  20276   6692 R 100.0   0.1   0:38.37 MicroBench
07:12:58        8 root      20   0   25472  20276   6692 R 100.0   0.1   0:38.54 MicroBench
07:12:58        8 root      20   0   25472  20276   6692 R 100.0   0.1   0:38.71 MicroBench
07:12:58        8 root      20   0   25472  20276   6692 R 100.0   0.1   0:38.87 MicroBench
07:12:58        8 root      20   0   25472  20276   6692 R  93.8   0.1   0:39.04 MicroBench
07:12:58        8 root      20   0   25472  20276   6692 R  93.8   0.1   0:39.21 MicroBench
07:12:59        8 root      20   0   25472  20276   6692 R 100.0   0.1   0:39.39 MicroBench
07:12:59        8 root      20   0   25472  20276   6692 R  93.3   0.1   0:39.55 MicroBench
07:12:59        8 root      20   0   25472  20276   6692 R  93.8   0.1   0:39.72 MicroBench
07:12:59        8 root      20   0   25472  20276   6692 R 100.0   0.1   0:39.89 MicroBench
07:12:59        8 root      20   0   25472  20276   6692 R 100.0   0.1   0:40.06 MicroBench
07:12:59        8 root      20   0   25472  20276   6692 R  93.8   0.1   0:40.23 MicroBench
07:13:00        8 root      20   0   25472  20276   6692 R 100.0   0.1   0:40.40 MicroBench
07:13:00        8 root      20   0   25472  20276   6692 R 100.0   0.1   0:40.57 MicroBench
07:13:00        8 root      20   0   25472  20276   6692 R  93.8   0.1   0:40.74 MicroBench
07:13:00        8 root      20   0   25472  20276   6692 R  93.8   0.1   0:40.91 MicroBench
07:13:00        8 root      20   0   25472  20276   6692 R  93.8   0.1   0:41.08 MicroBench
07:13:00        8 root      20   0   25472  20276   6692 R 100.0   0.1   0:41.25 MicroBench
07:13:01        8 root      20   0   25472  20276   6692 R 100.0   0.1   0:41.42 MicroBench
07:13:01        8 root      20   0   25472  20276   6692 R 100.0   0.1   0:41.59 MicroBench
07:13:01        8 root      20   0   25472  20276   6692 R 100.0   0.1   0:41.76 MicroBench
07:13:01        8 root      20   0   25472  20276   6692 R  93.8   0.1   0:41.93 MicroBench
07:13:01        8 root      20   0   25472  20276   6692 R 100.0   0.1   0:42.10 MicroBench
07:13:01        8 root      20   0   25472  20276   6692 R 100.0   0.1   0:42.26 MicroBench
07:13:02        8 root      20   0   25472  20276   6692 R 100.0   0.1   0:42.43 MicroBench
07:13:02        8 root      20   0   25472  20276   6692 R 100.0   0.1   0:42.60 MicroBench
07:13:02        8 root      20   0   25472  20276   6692 R 100.0   0.1   0:42.77 MicroBench
07:13:02        8 root      20   0   25472  20276   6692 R  87.5   0.1   0:42.93 MicroBench
07:13:02        8 root      20   0   25472  20276   6692 R 100.0   0.1   0:43.11 MicroBench
07:13:02        8 root      20   0   25472  20276   6692 R 100.0   0.1   0:43.27 MicroBench
07:13:03        8 root      20   0   25472  20276   6692 R 100.0   0.1   0:43.44 MicroBench
07:13:03        8 root      20   0   25472  20276   6692 R 100.0   0.1   0:43.61 MicroBench
07:13:03        8 root      20   0   25472  20276   6692 R 100.0   0.1   0:43.78 MicroBench
07:13:03        8 root      20   0   25472  20276   6692 R  93.3   0.1   0:43.94 MicroBench
07:13:03        8 root      20   0   25472  20276   6692 R 100.0   0.1   0:44.12 MicroBench
07:13:03        8 root      20   0   25472  20276   6692 R  93.8   0.1   0:44.28 MicroBench
07:13:04        8 root      20   0   25472  20276   6692 R 100.0   0.1   0:44.45 MicroBench
07:13:04        8 root      20   0   25472  20276   6692 R 100.0   0.1   0:44.62 MicroBench
07:13:04        8 root      20   0   25472  20276   6692 R 100.0   0.1   0:44.79 MicroBench
07:13:04        8 root      20   0   25472  20276   6692 R 100.0   0.1   0:44.96 MicroBench
07:13:04        8 root      20   0   25472  20276   6692 R 100.0   0.1   0:45.13 MicroBench
07:13:04        8 root      20   0   25472  20276   6692 R 100.0   0.1   0:45.30 MicroBench
07:13:05        8 root      20   0   25472  20276   6692 R 100.0   0.1   0:45.47 MicroBench
07:13:05        8 root      20   0   25472  20276   6692 R 100.0   0.1   0:45.64 MicroBench
07:13:05        8 root      20   0   25472  20276   6692 R 100.0   0.1   0:45.81 MicroBench
07:13:05        8 root      20   0   25472  20276   6692 R 100.0   0.1   0:45.98 MicroBench
07:13:05        8 root      20   0   25472  20276   6692 R 100.0   0.1   0:46.15 MicroBench
07:13:05        8 root      20   0   25472  20276   6692 R  93.3   0.1   0:46.31 MicroBench
07:13:06        8 root      20   0   25472  20276   6692 R 100.0   0.1   0:46.50 MicroBench
07:13:06        8 root      20   0   25472  20276   6692 R 100.0   0.1   0:46.66 MicroBench
07:13:06        8 root      20   0   25472  20276   6692 R  93.8   0.1   0:46.83 MicroBench
07:13:06        8 root      20   0   25472  20276   6692 R 100.0   0.1   0:47.00 MicroBench
07:13:06        8 root      20   0   25472  20276   6692 R 100.0   0.1   0:47.17 MicroBench
07:13:07        8 root      20   0   25472  20276   6692 R 100.0   0.1   0:47.33 MicroBench
07:13:07        8 root      20   0   25472  20276   6692 R 100.0   0.1   0:47.50 MicroBench
07:13:07        8 root      20   0   25472  20276   6692 R 100.0   0.1   0:47.67 MicroBench
07:13:07        8 root      20   0   25472  20276   6692 R 100.0   0.1   0:47.84 MicroBench
07:13:07        8 root      20   0   25472  20276   6692 R 100.0   0.1   0:48.01 MicroBench
07:13:07        8 root      20   0   25472  20276   6692 R  93.8   0.1   0:48.18 MicroBench
07:13:08        8 root      20   0   25472  20276   6692 R  93.3   0.1   0:48.34 MicroBench
07:13:08        8 root      20   0   25472  20276   6692 R 100.0   0.1   0:48.51 MicroBench
07:13:08        8 root      20   0   25472  20276   6692 R 100.0   0.1   0:48.68 MicroBench
07:13:08        8 root      20   0   25472  20276   6692 R 100.0   0.1   0:48.85 MicroBench
07:13:08        8 root      20   0   25472  20276   6692 R 100.0   0.1   0:49.02 MicroBench
07:13:08        8 root      20   0   25472  20276   6692 R 100.0   0.1   0:49.19 MicroBench
07:13:09        8 root      20   0   25472  20276   6692 R  93.8   0.1   0:49.35 MicroBench
07:13:09        8 root      20   0   25472  20276   6692 R 100.0   0.1   0:49.53 MicroBench
07:13:09        8 root      20   0   25472  20276   6692 R 100.0   0.1   0:49.70 MicroBench
07:13:09        8 root      20   0   25472  20276   6692 R 100.0   0.1   0:49.87 MicroBench
07:13:09        8 root      20   0   25472  20276   6692 R  87.5   0.1   0:50.03 MicroBench
07:13:09        8 root      20   0   25472  20276   6692 R 100.0   0.1   0:50.20 MicroBench
07:13:10        8 root      20   0   25472  20276   6692 R 100.0   0.1   0:50.37 MicroBench
07:13:10        8 root      20   0   25868  20540   6692 R 100.0   0.1   0:50.54 MicroBench
Avg reg. time: 120474208
Avg opt. time: 147186063
Median reg. time: 120474208
Median opt. time: 147186063
07:13:10  MicroBench not found.
MicroBench process has exited. Monitoring script will terminate.
