Args:
  Field size              : 2748779069441
  l                       : 16
  t                       : 40
  Number of parties        : 1024
  Number of repeats        : 1
  Monitor sleep time (ms) : 1

Started ./MicroBench with PID: 8
07:01:10        8 root      20   0   14160   8764   6556 R  93.3   0.1   0:00.14 MicroBench
07:01:10        8 root      20   0   14160   8764   6556 R 100.0   0.1   0:00.31 MicroBench
07:01:10        8 root      20   0   14160   8764   6556 R  93.8   0.1   0:00.48 MicroBench
07:01:10        8 root      20   0   14160   8764   6556 R 100.0   0.1   0:00.65 MicroBench
07:01:10        8 root      20   0   14160   8764   6556 R  93.8   0.1   0:00.81 MicroBench
07:01:11        8 root      20   0   14160   8764   6556 R  93.3   0.1   0:00.97 MicroBench
07:01:11        8 root      20   0   14160   8764   6556 R 100.0   0.1   0:01.14 MicroBench
07:01:11        8 root      20   0   14160   8764   6556 R 100.0   0.1   0:01.30 MicroBench
07:01:11        8 root      20   0   14160   8764   6556 R 100.0   0.1   0:01.46 MicroBench
07:01:11        8 root      20   0   14160   8764   6556 R 100.0   0.1   0:01.63 MicroBench
07:01:11        8 root      20   0   16536  11196   6620 R 100.0   0.1   0:01.79 MicroBench
07:01:12        8 root      20   0   16536  11196   6620 R 100.0   0.1   0:01.96 MicroBench
07:01:12        8 root      20   0   16536  11196   6620 R 100.0   0.1   0:02.12 MicroBench
07:01:12        8 root      20   0   16536  11196   6620 R 100.0   0.1   0:02.29 MicroBench
07:01:12        8 root      20   0   16536  11196   6620 R  93.3   0.1   0:02.44 MicroBench
07:01:12        8 root      20   0   16536  11196   6620 R 100.0   0.1   0:02.60 MicroBench
07:01:12        8 root      20   0   16536  11196   6620 R 100.0   0.1   0:02.77 MicroBench
07:01:13        8 root      20   0   16536  11196   6620 R  93.8   0.1   0:02.93 MicroBench
07:01:13        8 root      20   0   16536  11196   6620 R 100.0   0.1   0:03.10 MicroBench
07:01:13        8 root      20   0   16536  11196   6620 R 100.0   0.1   0:03.26 MicroBench
07:01:13        8 root      20   0   16536  11196   6620 R  93.8   0.1   0:03.42 MicroBench
07:01:13        8 root      20   0   16536  11196   6620 R 100.0   0.1   0:03.59 MicroBench
07:01:13        8 root      20   0   16536  11196   6620 R 100.0   0.1   0:03.75 MicroBench
07:01:14        8 root      20   0   16536  11196   6620 R 100.0   0.1   0:03.92 MicroBench
07:01:14        8 root      20   0   16536  11196   6620 R 100.0   0.1   0:04.08 MicroBench
07:01:14        8 root      20   0   16536  11196   6620 R 100.0   0.1   0:04.25 MicroBench
07:01:14        8 root      20   0   16536  11196   6620 R 100.0   0.1   0:04.41 MicroBench
07:01:14        8 root      20   0   16536  11196   6620 R 100.0   0.1   0:04.59 MicroBench
07:01:14        8 root      20   0   16536  11196   6620 R 100.0   0.1   0:04.75 MicroBench
07:01:15        8 root      20   0   16536  11196   6620 R 100.0   0.1   0:04.91 MicroBench
07:01:15        8 root      20   0   16536  11196   6620 R 100.0   0.1   0:05.08 MicroBench
07:01:15        8 root      20   0   16536  11196   6620 R 100.0   0.1   0:05.24 MicroBench
07:01:15        8 root      20   0   16536  11196   6620 R 100.0   0.1   0:05.41 MicroBench
07:01:15        8 root      20   0   16536  11196   6620 R 100.0   0.1   0:05.58 MicroBench
07:01:15        8 root      20   0   16536  11196   6620 R  93.8   0.1   0:05.74 MicroBench
07:01:16        8 root      20   0   16536  11196   6620 R 100.0   0.1   0:05.91 MicroBench
07:01:16        8 root      20   0   16536  11196   6620 R 100.0   0.1   0:06.07 MicroBench
07:01:16        8 root      20   0   16536  11196   6620 R 100.0   0.1   0:06.24 MicroBench
07:01:16        8 root      20   0   16536  11196   6620 R 100.0   0.1   0:06.41 MicroBench
07:01:16        8 root      20   0   16536  11196   6620 R 100.0   0.1   0:06.57 MicroBench
07:01:16        8 root      20   0   16536  11196   6620 R  93.3   0.1   0:06.73 MicroBench
07:01:17        8 root      20   0   16536  11196   6620 R 100.0   0.1   0:06.90 MicroBench
07:01:17        8 root      20   0   19308  14100   6620 R 100.0   0.1   0:07.06 MicroBench
07:01:17        8 root      20   0   19308  14100   6620 R  93.3   0.1   0:07.22 MicroBench
07:01:17        8 root      20   0   19308  14100   6620 R  93.3   0.1   0:07.38 MicroBench
07:01:17        8 root      20   0   19308  14100   6620 R 100.0   0.1   0:07.55 MicroBench
07:01:17        8 root      20   0   19308  14100   6620 R 100.0   0.1   0:07.72 MicroBench
07:01:18        8 root      20   0   19308  14100   6620 R 100.0   0.1   0:07.88 MicroBench
07:01:18        8 root      20   0   19308  14100   6620 R  93.3   0.1   0:08.09 MicroBench
07:01:18        8 root      20   0   19308  14100   6620 R  93.3   0.1   0:08.25 MicroBench
07:01:18        8 root      20   0   19308  14100   6620 R  93.8   0.1   0:08.42 MicroBench
07:01:18        8 root      20   0   19308  14100   6620 R 100.0   0.1   0:08.58 MicroBench
07:01:18        8 root      20   0   19308  14100   6620 R 100.0   0.1   0:08.75 MicroBench
07:01:19        8 root      20   0   19308  14100   6620 R 100.0   0.1   0:08.92 MicroBench
07:01:19        8 root      20   0   19308  14100   6620 R 100.0   0.1   0:09.09 MicroBench
07:01:19        8 root      20   0   19308  14100   6620 R  93.8   0.1   0:09.25 MicroBench
07:01:19        8 root      20   0   19308  14100   6620 R 100.0   0.1   0:09.41 MicroBench
07:01:19        8 root      20   0   19308  14100   6620 R  93.8   0.1   0:09.58 MicroBench
07:01:19        8 root      20   0   19308  14100   6620 R 100.0   0.1   0:09.74 MicroBench
07:01:20        8 root      20   0   19308  14100   6620 R 100.0   0.1   0:09.92 MicroBench
07:01:20        8 root      20   0   19308  14100   6620 R 100.0   0.1   0:10.08 MicroBench
07:01:20        8 root      20   0   19308  14100   6620 R 100.0   0.1   0:10.24 MicroBench
07:01:20        8 root      20   0   19308  14100   6620 R  93.3   0.1   0:10.40 MicroBench
07:01:20        8 root      20   0   19308  14100   6620 R 100.0   0.1   0:10.57 MicroBench
07:01:20        8 root      20   0   19308  14100   6620 R 100.0   0.1   0:10.73 MicroBench
07:01:21        8 root      20   0   19308  14100   6620 R 100.0   0.1   0:10.90 MicroBench
07:01:21        8 root      20   0   19308  14100   6620 R 100.0   0.1   0:11.07 MicroBench
07:01:21        8 root      20   0   19308  14100   6620 R 100.0   0.1   0:11.23 MicroBench
07:01:21        8 root      20   0   19308  14100   6620 R  93.3   0.1   0:11.39 MicroBench
07:01:21        8 root      20   0   19308  14100   6620 R 100.0   0.1   0:11.56 MicroBench
07:01:21        8 root      20   0   19308  14100   6620 R 100.0   0.1   0:11.72 MicroBench
07:01:22        8 root      20   0   19308  14100   6620 R 100.0   0.1   0:11.89 MicroBench
07:01:22        8 root      20   0   19308  14100   6620 R 100.0   0.1   0:12.05 MicroBench
Avg reg. time: 30002730
Avg opt. time: 34639979
Median reg. time: 30002730
Median opt. time: 34639979
07:01:22        8 root      20   0       0      0      0 R 100.0   0.0   0:12.22 MicroBench
MicroBench process has exited. Monitoring script will terminate.
