Args:
  Field size              : 2748779069441
  l                       : 32
  t                       : 0
  Number of parties        : 2048
  Number of repeats        : 1
  Monitor sleep time (ms) : 1

Started ./MicroBench with PID: 8
07:13:11        8 root      20   0   14688   9272   6612 R 100.0   0.1   0:00.15 MicroBench
07:13:12        8 root      20   0   14688   9272   6612 R 100.0   0.1   0:00.32 MicroBench
07:13:12        8 root      20   0   14820   9536   6612 R  93.8   0.1   0:00.48 MicroBench
07:13:12        8 root      20   0   14820   9536   6612 R 100.0   0.1   0:00.65 MicroBench
07:13:12        8 root      20   0   14820   9536   6612 R 100.0   0.1   0:00.82 MicroBench
07:13:12        8 root      20   0   14820   9536   6612 R 100.0   0.1   0:00.99 MicroBench
07:13:12        8 root      20   0   14820   9536   6612 R 100.0   0.1   0:01.16 MicroBench
07:13:13        8 root      20   0   14820   9536   6612 R 100.0   0.1   0:01.33 MicroBench
07:13:13        8 root      20   0   14820   9536   6612 R  93.8   0.1   0:01.49 MicroBench
07:13:13        8 root      20   0   14820   9536   6612 R 100.0   0.1   0:01.66 MicroBench
07:13:13        8 root      20   0   14820   9536   6612 R 100.0   0.1   0:01.84 MicroBench
07:13:13        8 root      20   0   14820   9536   6612 R 100.0   0.1   0:02.00 MicroBench
07:13:13        8 root      20   0   14820   9536   6612 R  93.8   0.1   0:02.17 MicroBench
07:13:14        8 root      20   0   14820   9536   6612 R 100.0   0.1   0:02.34 MicroBench
07:13:14        8 root      20   0   14820   9536   6612 R 100.0   0.1   0:02.51 MicroBench
07:13:14        8 root      20   0   14820   9536   6612 R  93.8   0.1   0:02.68 MicroBench
07:13:14        8 root      20   0   14820   9536   6612 R 100.0   0.1   0:02.85 MicroBench
07:13:14        8 root      20   0   14820   9536   6612 R 100.0   0.1   0:03.02 MicroBench
07:13:15        8 root      20   0   14820   9536   6612 R 100.0   0.1   0:03.18 MicroBench
07:13:15        8 root      20   0   14820   9536   6612 R 100.0   0.1   0:03.35 MicroBench
07:13:15        8 root      20   0   14820   9536   6612 R 100.0   0.1   0:03.52 MicroBench
07:13:15        8 root      20   0   14820   9536   6612 R 100.0   0.1   0:03.69 MicroBench
07:13:15        8 root      20   0   14820   9536   6612 R  87.5   0.1   0:03.85 MicroBench
07:13:15        8 root      20   0   14820   9536   6612 R 100.0   0.1   0:04.03 MicroBench
07:13:16        8 root      20   0   14820   9536   6612 R 100.0   0.1   0:04.20 MicroBench
07:13:16        8 root      20   0   14820   9536   6612 R 100.0   0.1   0:04.37 MicroBench
07:13:16        8 root      20   0   14820   9536   6612 R 100.0   0.1   0:04.54 MicroBench
07:13:16        8 root      20   0   14820   9536   6612 R 100.0   0.1   0:04.71 MicroBench
07:13:16        8 root      20   0   14820   9536   6612 R 100.0   0.1   0:04.88 MicroBench
07:13:16        8 root      20   0   14820   9536   6612 R 100.0   0.1   0:05.05 MicroBench
07:13:17        8 root      20   0   14704   9568   6612 R 100.0   0.1   0:05.22 MicroBench
07:13:17        8 root      20   0   14704   9568   6612 R  93.8   0.1   0:05.38 MicroBench
07:13:17        8 root      20   0   14836   9568   6612 R 100.0   0.1   0:05.55 MicroBench
07:13:17        8 root      20   0   14836   9568   6612 R 100.0   0.1   0:05.72 MicroBench
07:13:17        8 root      20   0   14836   9568   6612 R 100.0   0.1   0:05.89 MicroBench
07:13:17        8 root      20   0   14836   9568   6612 R 100.0   0.1   0:06.05 MicroBench
07:13:18        8 root      20   0   14836   9568   6612 R 100.0   0.1   0:06.22 MicroBench
07:13:18        8 root      20   0   14836   9568   6612 R  93.8   0.1   0:06.39 MicroBench
07:13:18        8 root      20   0   14736   9600   6612 R 100.0   0.1   0:06.56 MicroBench
07:13:18        8 root      20   0   14872   9600   6612 R 100.0   0.1   0:06.73 MicroBench
07:13:18        8 root      20   0   14872   9600   6612 R 100.0   0.1   0:06.90 MicroBench
07:13:18        8 root      20   0   14768   9632   6612 R 100.0   0.1   0:07.07 MicroBench
07:13:19        8 root      20   0   14904   9632   6612 R 100.0   0.1   0:07.24 MicroBench
07:13:19        8 root      20   0   14904   9632   6612 R 100.0   0.1   0:07.41 MicroBench
07:13:19        8 root      20   0   14840   9704   6612 R 100.0   0.1   0:07.58 MicroBench
07:13:19        8 root      20   0   14736   9600   6612 R  93.8   0.1   0:07.76 MicroBench
07:13:19        8 root      20   0   19224  13880   6676 R 100.0   0.1   0:07.93 MicroBench
07:13:19        8 root      20   0   19224  13880   6676 R 100.0   0.1   0:08.09 MicroBench
07:13:20        8 root      20   0   19224  13880   6676 R 100.0   0.1   0:08.26 MicroBench
07:13:20        8 root      20   0   19224  13880   6676 R 100.0   0.1   0:08.43 MicroBench
07:13:20        8 root      20   0   19224  13880   6676 R 100.0   0.1   0:08.60 MicroBench
07:13:20        8 root      20   0   19224  13880   6676 R 100.0   0.1   0:08.77 MicroBench
07:13:20        8 root      20   0   19224  13880   6676 R  93.8   0.1   0:08.94 MicroBench
07:13:20        8 root      20   0   19224  13880   6676 R 100.0   0.1   0:09.10 MicroBench
07:13:21        8 root      20   0   19224  13880   6676 R 100.0   0.1   0:09.27 MicroBench
07:13:21        8 root      20   0   19224  13880   6676 R 100.0   0.1   0:09.44 MicroBench
07:13:21        8 root      20   0   19224  13880   6676 R 100.0   0.1   0:09.61 MicroBench
07:13:21        8 root      20   0   19224  13880   6676 R 100.0   0.1   0:09.78 MicroBench
07:13:21        8 root      20   0   19224  13880   6676 R  87.5   0.1   0:09.94 MicroBench
07:13:21        8 root      20   0   19224  13880   6676 R 100.0   0.1   0:10.11 MicroBench
07:13:22        8 root      20   0   19224  13880   6676 R 100.0   0.1   0:10.28 MicroBench
07:13:22        8 root      20   0   19224  13880   6676 R 100.0   0.1   0:10.45 MicroBench
07:13:22        8 root      20   0   19224  13880   6676 R 100.0   0.1   0:10.62 MicroBench
07:13:22        8 root      20   0   19224  13880   6676 R 100.0   0.1   0:10.80 MicroBench
07:13:22        8 root      20   0   19224  13880   6676 R 100.0   0.1   0:10.97 MicroBench
07:13:22        8 root      20   0   19224  13880   6676 R 100.0   0.1   0:11.14 MicroBench
07:13:23        8 root      20   0   19224  13880   6676 R  93.3   0.1   0:11.30 MicroBench
07:13:23        8 root      20   0   19224  13880   6676 R 100.0   0.1   0:11.47 MicroBench
07:13:23        8 root      20   0   19224  13880   6676 R  93.8   0.1   0:11.64 MicroBench
07:13:23        8 root      20   0   19224  13880   6676 R 100.0   0.1   0:11.81 MicroBench
07:13:23        8 root      20   0   19224  13880   6676 R 100.0   0.1   0:11.98 MicroBench
07:13:23        8 root      20   0   19224  13880   6676 R 100.0   0.1   0:12.16 MicroBench
07:13:24        8 root      20   0   19224  13880   6676 R 100.0   0.1   0:12.33 MicroBench
07:13:24        8 root      20   0   19224  13880   6676 R 100.0   0.1   0:12.49 MicroBench
07:13:24        8 root      20   0   19224  13880   6676 R 100.0   0.1   0:12.66 MicroBench
07:13:24        8 root      20   0   19224  13880   6676 R  93.8   0.1   0:12.83 MicroBench
07:13:24        8 root      20   0   19224  13880   6676 R 100.0   0.1   0:13.01 MicroBench
07:13:25        8 root      20   0   19224  13880   6676 R 100.0   0.1   0:13.18 MicroBench
07:13:25        8 root      20   0   19224  13880   6676 R 100.0   0.1   0:13.35 MicroBench
07:13:25        8 root      20   0   19224  13880   6676 R 100.0   0.1   0:13.52 MicroBench
07:13:25        8 root      20   0   19224  13880   6676 R 100.0   0.1   0:13.68 MicroBench
07:13:25        8 root      20   0   19224  13880   6676 R 100.0   0.1   0:13.85 MicroBench
07:13:25        8 root      20   0   19224  13880   6676 R 100.0   0.1   0:14.02 MicroBench
07:13:26        8 root      20   0   19224  13880   6676 R  93.8   0.1   0:14.19 MicroBench
07:13:26        8 root      20   0   19224  13880   6676 R  93.8   0.1   0:14.36 MicroBench
07:13:26        8 root      20   0   19224  13880   6676 R 100.0   0.1   0:14.53 MicroBench
07:13:26        8 root      20   0   19224  13880   6676 R 100.0   0.1   0:14.69 MicroBench
07:13:26        8 root      20   0   19224  13880   6676 R 100.0   0.1   0:14.87 MicroBench
07:13:26        8 root      20   0   19224  13880   6676 R  93.8   0.1   0:15.04 MicroBench
07:13:27        8 root      20   0   19224  13880   6676 R 100.0   0.1   0:15.20 MicroBench
07:13:27        8 root      20   0   19224  13880   6676 R 100.0   0.1   0:15.37 MicroBench
07:13:27        8 root      20   0   19224  13880   6676 R 100.0   0.1   0:15.54 MicroBench
07:13:27        8 root      20   0   19224  13880   6676 R 100.0   0.1   0:15.71 MicroBench
07:13:27        8 root      20   0   19224  13880   6676 R 100.0   0.1   0:15.88 MicroBench
07:13:27        8 root      20   0   19224  13880   6676 R 100.0   0.1   0:16.05 MicroBench
07:13:28        8 root      20   0   19224  13880   6676 R 100.0   0.1   0:16.22 MicroBench
07:13:28        8 root      20   0   19224  13880   6676 R 100.0   0.1   0:16.39 MicroBench
07:13:28        8 root      20   0   19224  13880   6676 R 100.0   0.1   0:16.55 MicroBench
07:13:28        8 root      20   0   19224  13880   6676 R  75.0   0.1   0:16.69 MicroBench
07:13:28        8 root      20   0   19224  13880   6676 R 100.0   0.1   0:16.86 MicroBench
07:13:28        8 root      20   0   19224  13880   6676 R 100.0   0.1   0:17.03 MicroBench
07:13:29        8 root      20   0   19224  13880   6676 R 100.0   0.1   0:17.20 MicroBench
07:13:29        8 root      20   0   19224  13880   6676 R 100.0   0.1   0:17.37 MicroBench
07:13:29        8 root      20   0   19224  13880   6676 R 100.0   0.1   0:17.54 MicroBench
07:13:29        8 root      20   0   19224  13880   6676 R 100.0   0.1   0:17.71 MicroBench
07:13:29        8 root      20   0   19224  13880   6676 R 100.0   0.1   0:17.88 MicroBench
07:13:29        8 root      20   0   19224  13880   6676 R 100.0   0.1   0:18.05 MicroBench
07:13:30        8 root      20   0   19224  13880   6676 R 100.0   0.1   0:18.22 MicroBench
07:13:30        8 root      20   0   19224  13880   6676 R 100.0   0.1   0:18.39 MicroBench
07:13:30        8 root      20   0   19224  13880   6676 R 100.0   0.1   0:18.55 MicroBench
07:13:30        8 root      20   0   19224  13880   6676 R 100.0   0.1   0:18.72 MicroBench
07:13:30        8 root      20   0   19224  13880   6676 R  93.8   0.1   0:18.90 MicroBench
07:13:30        8 root      20   0   19224  13880   6676 R  93.3   0.1   0:19.07 MicroBench
07:13:31        8 root      20   0   19224  13880   6676 R 100.0   0.1   0:19.26 MicroBench
07:13:31        8 root      20   0   19224  13880   6676 R 100.0   0.1   0:19.42 MicroBench
07:13:31        8 root      20   0   19224  13880   6676 R 100.0   0.1   0:19.59 MicroBench
07:13:31        8 root      20   0   19224  13880   6676 R  93.8   0.1   0:19.76 MicroBench
07:13:31        8 root      20   0   19224  13880   6676 R  93.8   0.1   0:19.93 MicroBench
07:13:31        8 root      20   0   19224  13880   6676 R 100.0   0.1   0:20.10 MicroBench
07:13:32        8 root      20   0   19224  13880   6676 R  93.3   0.1   0:20.26 MicroBench
07:13:32        8 root      20   0   19224  13880   6676 R 100.0   0.1   0:20.43 MicroBench
07:13:32        8 root      20   0   19224  13880   6676 R 100.0   0.1   0:20.60 MicroBench
07:13:32        8 root      20   0   19224  13880   6676 R 100.0   0.1   0:20.77 MicroBench
07:13:32        8 root      20   0   19224  13880   6676 R 100.0   0.1   0:20.94 MicroBench
07:13:32        8 root      20   0   19224  13880   6676 R 100.0   0.1   0:21.11 MicroBench
07:13:33        8 root      20   0   19224  13880   6676 R 100.0   0.1   0:21.28 MicroBench
07:13:33        8 root      20   0   19224  13880   6676 R 100.0   0.1   0:21.45 MicroBench
07:13:33        8 root      20   0   19224  13880   6676 R 100.0   0.1   0:21.62 MicroBench
07:13:33        8 root      20   0   19224  13880   6676 R  87.5   0.1   0:21.78 MicroBench
07:13:33        8 root      20   0   19224  13880   6676 R 100.0   0.1   0:21.96 MicroBench
07:13:34        8 root      20   0   19224  13880   6676 R 100.0   0.1   0:22.13 MicroBench
07:13:34        8 root      20   0   19224  13880   6676 R 100.0   0.1   0:22.30 MicroBench
07:13:34        8 root      20   0   19224  13880   6676 R 100.0   0.1   0:22.46 MicroBench
07:13:34        8 root      20   0   19224  13880   6676 R 100.0   0.1   0:22.65 MicroBench
07:13:34        8 root      20   0   19224  13880   6676 R  93.8   0.1   0:22.81 MicroBench
07:13:34        8 root      20   0   19224  13880   6676 R 100.0   0.1   0:22.98 MicroBench
07:13:35        8 root      20   0   19224  13880   6676 R 100.0   0.1   0:23.15 MicroBench
07:13:35        8 root      20   0   19224  13880   6676 R 100.0   0.1   0:23.32 MicroBench
07:13:35        8 root      20   0   19224  13880   6676 R 100.0   0.1   0:23.49 MicroBench
07:13:35        8 root      20   0   19224  13880   6676 R  93.8   0.1   0:23.66 MicroBench
07:13:35        8 root      20   0   19224  13880   6676 R 100.0   0.1   0:23.83 MicroBench
07:13:35        8 root      20   0   19224  13880   6676 R 100.0   0.1   0:24.01 MicroBench
07:13:36        8 root      20   0   19224  13880   6676 R 100.0   0.1   0:24.18 MicroBench
07:13:36        8 root      20   0   19224  13880   6676 R 100.0   0.1   0:24.35 MicroBench
07:13:36        8 root      20   0   19224  13880   6676 R  93.3   0.1   0:24.51 MicroBench
07:13:36        8 root      20   0   19224  13880   6676 R 100.0   0.1   0:24.69 MicroBench
07:13:36        8 root      20   0   19224  13880   6676 R 100.0   0.1   0:24.85 MicroBench
07:13:36        8 root      20   0   19224  13880   6676 R  93.8   0.1   0:25.02 MicroBench
07:13:37        8 root      20   0   24372  19160   6676 R  93.8   0.1   0:25.19 MicroBench
07:13:37        8 root      20   0   24372  19160   6676 R 100.0   0.1   0:25.36 MicroBench
07:13:37        8 root      20   0   24372  19160   6676 R 100.0   0.1   0:25.53 MicroBench
07:13:37        8 root      20   0   24372  19160   6676 R 100.0   0.1   0:25.69 MicroBench
07:13:37        8 root      20   0   24372  19160   6676 R 100.0   0.1   0:25.86 MicroBench
07:13:37        8 root      20   0   24372  19160   6676 R 100.0   0.1   0:26.03 MicroBench
07:13:38        8 root      20   0   24372  19160   6676 R 100.0   0.1   0:26.20 MicroBench
07:13:38        8 root      20   0   24372  19160   6676 R 100.0   0.1   0:26.37 MicroBench
07:13:38        8 root      20   0   24372  19160   6676 R 100.0   0.1   0:26.53 MicroBench
07:13:38        8 root      20   0   24372  19160   6676 R 100.0   0.1   0:26.70 MicroBench
07:13:38        8 root      20   0   24372  19160   6676 R 100.0   0.1   0:26.87 MicroBench
07:13:38        8 root      20   0   24372  19160   6676 R 100.0   0.1   0:27.04 MicroBench
07:13:39        8 root      20   0   24372  19160   6676 R 100.0   0.1   0:27.21 MicroBench
07:13:39        8 root      20   0   24372  19160   6676 R 100.0   0.1   0:27.38 MicroBench
07:13:39        8 root      20   0   24372  19160   6676 R 100.0   0.1   0:27.55 MicroBench
07:13:39        8 root      20   0   24372  19160   6676 R 100.0   0.1   0:27.72 MicroBench
07:13:39        8 root      20   0   24372  19160   6676 R 100.0   0.1   0:27.89 MicroBench
07:13:39        8 root      20   0   24372  19160   6676 R 100.0   0.1   0:28.05 MicroBench
07:13:40        8 root      20   0   24372  19160   6676 R 100.0   0.1   0:28.22 MicroBench
07:13:40        8 root      20   0   24372  19160   6676 R 100.0   0.1   0:28.39 MicroBench
07:13:40        8 root      20   0   24372  19160   6676 R 100.0   0.1   0:28.55 MicroBench
07:13:40        8 root      20   0   24372  19160   6676 R 100.0   0.1   0:28.72 MicroBench
07:13:40        8 root      20   0   24372  19160   6676 R 100.0   0.1   0:28.89 MicroBench
07:13:40        8 root      20   0   24372  19160   6676 R 100.0   0.1   0:29.06 MicroBench
07:13:41        8 root      20   0   24372  19160   6676 R  93.8   0.1   0:29.23 MicroBench
07:13:41        8 root      20   0   24372  19160   6676 R 100.0   0.1   0:29.40 MicroBench
07:13:41        8 root      20   0   24372  19160   6676 R 100.0   0.1   0:29.56 MicroBench
07:13:41        8 root      20   0   24372  19160   6676 R 100.0   0.1   0:29.73 MicroBench
07:13:41        8 root      20   0   24372  19160   6676 R 100.0   0.1   0:29.90 MicroBench
07:13:41        8 root      20   0   24372  19160   6676 R 100.0   0.1   0:30.08 MicroBench
07:13:42        8 root      20   0   24372  19160   6676 R 100.0   0.1   0:30.24 MicroBench
07:13:42        8 root      20   0   24372  19160   6676 R 100.0   0.1   0:30.41 MicroBench
07:13:42        8 root      20   0   24372  19160   6676 R 100.0   0.1   0:30.58 MicroBench
07:13:42        8 root      20   0   24372  19160   6676 R 100.0   0.1   0:30.75 MicroBench
07:13:42        8 root      20   0   24372  19160   6676 R 100.0   0.1   0:30.92 MicroBench
07:13:43        8 root      20   0   24372  19160   6676 R 100.0   0.1   0:31.09 MicroBench
07:13:43        8 root      20   0   24372  19160   6676 R 100.0   0.1   0:31.25 MicroBench
07:13:43        8 root      20   0   24372  19160   6676 R 100.0   0.1   0:31.42 MicroBench
07:13:43        8 root      20   0   24372  19160   6676 R 100.0   0.1   0:31.59 MicroBench
07:13:43        8 root      20   0   24372  19160   6676 R 100.0   0.1   0:31.76 MicroBench
07:13:43        8 root      20   0   24372  19160   6676 R 100.0   0.1   0:31.93 MicroBench
07:13:44        8 root      20   0   24372  19160   6676 R 100.0   0.1   0:32.10 MicroBench
07:13:44        8 root      20   0   24372  19160   6676 R 100.0   0.1   0:32.28 MicroBench
07:13:44        8 root      20   0   24372  19160   6676 R 100.0   0.1   0:32.45 MicroBench
07:13:44        8 root      20   0   24372  19160   6676 R 100.0   0.1   0:32.61 MicroBench
07:13:44        8 root      20   0   24372  19160   6676 R 100.0   0.1   0:32.78 MicroBench
07:13:44        8 root      20   0   24372  19160   6676 R  93.8   0.1   0:32.95 MicroBench
07:13:45        8 root      20   0   24372  19160   6676 R 100.0   0.1   0:33.12 MicroBench
07:13:45        8 root      20   0   24372  19160   6676 R  93.8   0.1   0:33.29 MicroBench
07:13:45        8 root      20   0   24372  19160   6676 R 100.0   0.1   0:33.46 MicroBench
07:13:45        8 root      20   0   24372  19160   6676 R 100.0   0.1   0:33.63 MicroBench
07:13:45        8 root      20   0   24372  19160   6676 R 100.0   0.1   0:33.80 MicroBench
07:13:45        8 root      20   0   24372  19160   6676 R 100.0   0.1   0:33.98 MicroBench
07:13:46        8 root      20   0   24372  19160   6676 R 100.0   0.1   0:34.14 MicroBench
07:13:46        8 root      20   0   24372  19160   6676 R 100.0   0.1   0:34.31 MicroBench
07:13:46        8 root      20   0   24372  19160   6676 R 100.0   0.1   0:34.49 MicroBench
07:13:46        8 root      20   0   24372  19160   6676 R 100.0   0.1   0:34.66 MicroBench
07:13:46        8 root      20   0   24372  19160   6676 R 100.0   0.1   0:34.83 MicroBench
07:13:46        8 root      20   0   24372  19160   6676 R 100.0   0.1   0:35.00 MicroBench
07:13:47        8 root      20   0   24372  19160   6676 R 100.0   0.1   0:35.17 MicroBench
07:13:47        8 root      20   0   24372  19160   6676 R 100.0   0.1   0:35.33 MicroBench
07:13:47        8 root      20   0   24372  19160   6676 R  93.8   0.1   0:35.50 MicroBench
07:13:47        8 root      20   0   24372  19160   6676 R 100.0   0.1   0:35.67 MicroBench
07:13:47        8 root      20   0   24372  19160   6676 R 100.0   0.1   0:35.84 MicroBench
07:13:47        8 root      20   0   24372  19160   6676 R 100.0   0.1   0:36.01 MicroBench
07:13:48        8 root      20   0   24372  19160   6676 R 100.0   0.1   0:36.18 MicroBench
07:13:48        8 root      20   0   24372  19160   6676 R 100.0   0.1   0:36.34 MicroBench
07:13:48        8 root      20   0   24372  19160   6676 R 100.0   0.1   0:36.51 MicroBench
07:13:48        8 root      20   0   24372  19160   6676 R 100.0   0.1   0:36.68 MicroBench
07:13:48        8 root      20   0   24372  19160   6676 R 100.0   0.1   0:36.85 MicroBench
07:13:48        8 root      20   0   24372  19160   6676 R 100.0   0.1   0:37.01 MicroBench
07:13:49        8 root      20   0   24372  19160   6676 R 100.0   0.1   0:37.18 MicroBench
07:13:49        8 root      20   0   24372  19160   6676 R 100.0   0.1   0:37.35 MicroBench
07:13:49        8 root      20   0   24372  19160   6676 R 100.0   0.1   0:37.52 MicroBench
07:13:49        8 root      20   0   24372  19160   6676 R 100.0   0.1   0:37.69 MicroBench
07:13:49        8 root      20   0   24372  19160   6676 R 100.0   0.1   0:37.87 MicroBench
07:13:49        8 root      20   0   24372  19160   6676 R 100.0   0.1   0:38.03 MicroBench
07:13:50        8 root      20   0   24372  19160   6676 R 100.0   0.1   0:38.20 MicroBench
07:13:50        8 root      20   0   24372  19160   6676 R 100.0   0.1   0:38.37 MicroBench
07:13:50        8 root      20   0   24372  19160   6676 R 100.0   0.1   0:38.54 MicroBench
07:13:50        8 root      20   0   24372  19160   6676 R 100.0   0.1   0:38.70 MicroBench
07:13:50        8 root      20   0   24372  19160   6676 R 100.0   0.1   0:38.87 MicroBench
07:13:50        8 root      20   0   24372  19160   6676 R 100.0   0.1   0:39.04 MicroBench
07:13:51        8 root      20   0   24372  19160   6676 R 100.0   0.1   0:39.21 MicroBench
07:13:51        8 root      20   0   24372  19160   6676 R 100.0   0.1   0:39.38 MicroBench
07:13:51        8 root      20   0   24372  19160   6676 R 100.0   0.1   0:39.55 MicroBench
07:13:51        8 root      20   0   24372  19160   6676 R 100.0   0.1   0:39.71 MicroBench
07:13:51        8 root      20   0   24372  19160   6676 R 100.0   0.1   0:39.88 MicroBench
07:13:51        8 root      20   0   24372  19160   6676 R 100.0   0.1   0:40.05 MicroBench
07:13:52        8 root      20   0   24372  19160   6676 R  86.7   0.1   0:40.19 MicroBench
07:13:52        8 root      20   0   24372  19160   6676 R 100.0   0.1   0:40.36 MicroBench
07:13:52        8 root      20   0   24372  19160   6676 R 100.0   0.1   0:40.52 MicroBench
07:13:52        8 root      20   0   24372  19160   6676 R 100.0   0.1   0:40.69 MicroBench
07:13:52        8 root      20   0   24372  19160   6676 R 100.0   0.1   0:40.86 MicroBench
07:13:52        8 root      20   0   24372  19160   6676 R 100.0   0.1   0:41.03 MicroBench
07:13:53        8 root      20   0   24372  19160   6676 R  93.3   0.1   0:41.19 MicroBench
07:13:53        8 root      20   0   24372  19160   6676 R 100.0   0.1   0:41.37 MicroBench
07:13:53        8 root      20   0   24372  19160   6676 R 100.0   0.1   0:41.54 MicroBench
07:13:53        8 root      20   0   24372  19160   6676 R 100.0   0.1   0:41.71 MicroBench
07:13:53        8 root      20   0   24372  19160   6676 R 100.0   0.1   0:41.88 MicroBench
07:13:54        8 root      20   0   24372  19160   6676 R 100.0   0.1   0:42.05 MicroBench
07:13:54        8 root      20   0   24372  19160   6676 R 100.0   0.1   0:42.21 MicroBench
07:13:54        8 root      20   0   24504  19160   6676 R  93.8   0.1   0:42.38 MicroBench
07:13:54        8 root      20   0   25176  19952   6676 R 100.0   0.1   0:42.55 MicroBench
Avg reg. time: 109225750
Avg opt. time: 147769146
Median reg. time: 109225750
Median opt. time: 147769146
07:13:54  MicroBench not found.
MicroBench process has exited. Monitoring script will terminate.
