Args:
  Field size              : 2748779069441
  l                       : 64
  t                       : 10
  Number of parties        : 1024
  Number of repeats        : 1
  Monitor sleep time (ms) : 1

Started ./MicroBench with PID: 8
07:03:43        8 root      20   0   14160   8760   6628 R 100.0   0.1   0:00.15 MicroBench
07:03:43        8 root      20   0   14160   8760   6628 R  93.3   0.1   0:00.34 MicroBench
07:03:43        8 root      20   0   14160   8760   6628 R  93.8   0.1   0:00.51 MicroBench
07:03:43        8 root      20   0   14160   8760   6628 R 100.0   0.1   0:00.68 MicroBench
07:03:43        8 root      20   0   14160   8760   6628 R 100.0   0.1   0:00.85 MicroBench
07:03:44        8 root      20   0   14160   8760   6628 R 100.0   0.1   0:01.01 MicroBench
07:03:44        8 root      20   0   14160   8760   6628 R 100.0   0.1   0:01.18 MicroBench
07:03:44        8 root      20   0   14160   8760   6628 R 100.0   0.1   0:01.35 MicroBench
07:03:44        8 root      20   0   14160   8760   6628 R 100.0   0.1   0:01.52 MicroBench
07:03:44        8 root      20   0   14160   8760   6628 R  93.3   0.1   0:01.69 MicroBench
07:03:44        8 root      20   0   14160   8760   6628 R 100.0   0.1   0:01.86 MicroBench
07:03:45        8 root      20   0   14160   8760   6628 R 100.0   0.1   0:02.04 MicroBench
07:03:45        8 root      20   0   14160   8760   6628 R 100.0   0.1   0:02.20 MicroBench
07:03:45        8 root      20   0   14160   8760   6628 R 100.0   0.1   0:02.37 MicroBench
07:03:45        8 root      20   0   14160   8760   6628 R 100.0   0.1   0:02.54 MicroBench
07:03:45        8 root      20   0   14160   8760   6628 R 100.0   0.1   0:02.71 MicroBench
07:03:45        8 root      20   0   14160   8760   6628 R  87.5   0.1   0:02.87 MicroBench
07:03:46        8 root      20   0   14160   8760   6628 R 100.0   0.1   0:03.05 MicroBench
07:03:46        8 root      20   0   14160   8760   6628 R 100.0   0.1   0:03.22 MicroBench
07:03:46        8 root      20   0   14160   8760   6628 R 100.0   0.1   0:03.40 MicroBench
07:03:46        8 root      20   0   14160   8760   6628 R 100.0   0.1   0:03.57 MicroBench
07:03:46        8 root      20   0   14160   8760   6628 R 100.0   0.1   0:03.74 MicroBench
07:03:46        8 root      20   0   14160   8760   6628 R 100.0   0.1   0:03.91 MicroBench
07:03:47        8 root      20   0   14160   8760   6628 R 100.0   0.1   0:04.08 MicroBench
07:03:47        8 root      20   0   14160   8760   6628 R 100.0   0.1   0:04.24 MicroBench
07:03:47        8 root      20   0   14160   8760   6628 R  93.8   0.1   0:04.41 MicroBench
07:03:47        8 root      20   0   14160   8760   6628 R 100.0   0.1   0:04.59 MicroBench
07:03:47        8 root      20   0   14160   8760   6628 R  93.8   0.1   0:04.76 MicroBench
07:03:48        8 root      20   0   14160   8760   6628 R 100.0   0.1   0:04.94 MicroBench
07:03:48        8 root      20   0   14160   8760   6628 R 100.0   0.1   0:05.10 MicroBench
07:03:48        8 root      20   0   14160   8760   6628 R 100.0   0.1   0:05.28 MicroBench
07:03:48        8 root      20   0   14160   8760   6628 R 100.0   0.1   0:05.44 MicroBench
07:03:48        8 root      20   0   14160   8760   6628 R  93.8   0.1   0:05.62 MicroBench
07:03:48        8 root      20   0   14160   8760   6628 R 100.0   0.1   0:05.79 MicroBench
07:03:49        8 root      20   0   14160   8760   6628 R 100.0   0.1   0:05.95 MicroBench
07:03:49        8 root      20   0   14160   8760   6628 R 100.0   0.1   0:06.12 MicroBench
07:03:49        8 root      20   0   14160   8760   6628 R  86.7   0.1   0:06.28 MicroBench
07:03:49        8 root      20   0   14160   8760   6628 R 100.0   0.1   0:06.45 MicroBench
07:03:49        8 root      20   0   14160   8760   6628 R  93.8   0.1   0:06.63 MicroBench
07:03:49        8 root      20   0   14160   8760   6628 R 100.0   0.1   0:06.80 MicroBench
07:03:50        8 root      20   0   14160   8760   6628 R 100.0   0.1   0:06.97 MicroBench
07:03:50        8 root      20   0   14160   8760   6628 R 100.0   0.1   0:07.13 MicroBench
07:03:50        8 root      20   0   14160   8760   6628 R 100.0   0.1   0:07.31 MicroBench
07:03:50        8 root      20   0   14160   8760   6628 R 100.0   0.1   0:07.48 MicroBench
07:03:50        8 root      20   0   14160   9024   6628 R  93.8   0.1   0:07.65 MicroBench
07:03:50        8 root      20   0   18952  13836   6692 R 100.0   0.1   0:07.82 MicroBench
07:03:51        8 root      20   0   18952  13836   6692 R 100.0   0.1   0:07.99 MicroBench
07:03:51        8 root      20   0   18952  13836   6692 R 100.0   0.1   0:08.16 MicroBench
07:03:51        8 root      20   0   18952  13836   6692 R 100.0   0.1   0:08.33 MicroBench
07:03:51        8 root      20   0   18952  13836   6692 R 100.0   0.1   0:08.53 MicroBench
07:03:51        8 root      20   0   18952  13836   6692 R 100.0   0.1   0:08.70 MicroBench
07:03:51        8 root      20   0   18952  13836   6692 R 100.0   0.1   0:08.87 MicroBench
07:03:52        8 root      20   0   18952  13836   6692 R 100.0   0.1   0:09.05 MicroBench
07:03:52        8 root      20   0   18952  13836   6692 R 100.0   0.1   0:09.22 MicroBench
07:03:52        8 root      20   0   18952  13836   6692 R  93.3   0.1   0:09.38 MicroBench
07:03:52        8 root      20   0   18952  13836   6692 R 100.0   0.1   0:09.55 MicroBench
07:03:52        8 root      20   0   18952  13836   6692 R  93.8   0.1   0:09.74 MicroBench
07:03:53        8 root      20   0   18952  13836   6692 R 100.0   0.1   0:09.92 MicroBench
07:03:53        8 root      20   0   18952  13836   6692 R  93.8   0.1   0:10.09 MicroBench
07:03:53        8 root      20   0   18952  13836   6692 R 100.0   0.1   0:10.26 MicroBench
07:03:53        8 root      20   0   18952  13836   6692 R 100.0   0.1   0:10.44 MicroBench
07:03:53        8 root      20   0   18952  13836   6692 R 100.0   0.1   0:10.61 MicroBench
07:03:53        8 root      20   0   18952  13836   6692 R 100.0   0.1   0:10.78 MicroBench
07:03:54        8 root      20   0   18952  13836   6692 R 100.0   0.1   0:10.94 MicroBench
07:03:54        8 root      20   0   18952  13836   6692 R 100.0   0.1   0:11.12 MicroBench
07:03:54        8 root      20   0   18952  13836   6692 R  93.8   0.1   0:11.29 MicroBench
07:03:54        8 root      20   0   18952  13836   6692 R 100.0   0.1   0:11.47 MicroBench
07:03:54        8 root      20   0   18952  13836   6692 R 100.0   0.1   0:11.65 MicroBench
07:03:54        8 root      20   0   18952  13836   6692 R 100.0   0.1   0:11.83 MicroBench
07:03:55        8 root      20   0   18952  13836   6692 R 100.0   0.1   0:12.00 MicroBench
07:03:55        8 root      20   0   18952  13836   6692 R  93.8   0.1   0:12.16 MicroBench
07:03:55        8 root      20   0   18952  13836   6692 R 100.0   0.1   0:12.33 MicroBench
07:03:55        8 root      20   0   18952  13836   6692 R 100.0   0.1   0:12.51 MicroBench
07:03:55        8 root      20   0   18952  13836   6692 R 100.0   0.1   0:12.70 MicroBench
07:03:55        8 root      20   0   18952  13836   6692 R 100.0   0.1   0:12.87 MicroBench
07:03:56        8 root      20   0   18952  13836   6692 R 100.0   0.1   0:13.03 MicroBench
07:03:56        8 root      20   0   18952  13836   6692 R  93.8   0.1   0:13.20 MicroBench
07:03:56        8 root      20   0   18952  13836   6692 R  93.8   0.1   0:13.37 MicroBench
07:03:56        8 root      20   0   18952  13836   6692 R 100.0   0.1   0:13.54 MicroBench
07:03:56        8 root      20   0   18952  13836   6692 R 100.0   0.1   0:13.71 MicroBench
07:03:57        8 root      20   0   18952  13836   6692 R 100.0   0.1   0:13.88 MicroBench
07:03:57        8 root      20   0   18952  13836   6692 R 100.0   0.1   0:14.05 MicroBench
07:03:57        8 root      20   0   18952  13836   6692 R  93.8   0.1   0:14.22 MicroBench
07:03:57        8 root      20   0   18952  13836   6692 R 100.0   0.1   0:14.39 MicroBench
07:03:57        8 root      20   0   18952  13836   6692 R 100.0   0.1   0:14.56 MicroBench
07:03:57        8 root      20   0   18952  13836   6692 R 100.0   0.1   0:14.74 MicroBench
07:03:58        8 root      20   0   18952  13836   6692 R 100.0   0.1   0:14.91 MicroBench
07:03:58        8 root      20   0   18952  13836   6692 R 100.0   0.1   0:15.09 MicroBench
07:03:58        8 root      20   0   18952  13836   6692 R 100.0   0.1   0:15.27 MicroBench
07:03:58        8 root      20   0   18952  13836   6692 R 100.0   0.1   0:15.44 MicroBench
07:03:58        8 root      20   0   18952  13836   6692 R 100.0   0.1   0:15.61 MicroBench
07:03:58        8 root      20   0   18952  13836   6692 R 100.0   0.1   0:15.78 MicroBench
07:03:59        8 root      20   0   18952  13836   6692 R 100.0   0.1   0:15.96 MicroBench
07:03:59        8 root      20   0   18952  13836   6692 R 100.0   0.1   0:16.13 MicroBench
07:03:59        8 root      20   0   18952  13836   6692 R 100.0   0.1   0:16.30 MicroBench
07:03:59        8 root      20   0   18952  13836   6692 R 100.0   0.1   0:16.48 MicroBench
07:03:59        8 root      20   0   18952  13836   6692 R  94.1   0.1   0:16.66 MicroBench
07:03:59        8 root      20   0   18952  13836   6692 R  93.8   0.1   0:16.83 MicroBench
07:04:00        8 root      20   0   18952  13836   6692 R 100.0   0.1   0:16.99 MicroBench
07:04:00        8 root      20   0   18952  13836   6692 R 100.0   0.1   0:17.16 MicroBench
07:04:00        8 root      20   0   18952  13836   6692 R 100.0   0.1   0:17.34 MicroBench
07:04:00        8 root      20   0   18952  13836   6692 R 100.0   0.1   0:17.53 MicroBench
07:04:00        8 root      20   0   18952  13836   6692 R 100.0   0.1   0:17.69 MicroBench
07:04:01        8 root      20   0   18952  13836   6692 R 100.0   0.1   0:17.86 MicroBench
07:04:01        8 root      20   0   18952  13836   6692 R 100.0   0.1   0:18.03 MicroBench
07:04:01        8 root      20   0   18952  13836   6692 R 100.0   0.1   0:18.20 MicroBench
07:04:01        8 root      20   0   18952  13836   6692 R 100.0   0.1   0:18.37 MicroBench
07:04:01        8 root      20   0   18952  13836   6692 R 100.0   0.1   0:18.54 MicroBench
07:04:01        8 root      20   0   18952  13836   6692 R 100.0   0.1   0:18.71 MicroBench
07:04:02        8 root      20   0   18952  13836   6692 R 100.0   0.1   0:18.88 MicroBench
07:04:02        8 root      20   0   18952  13836   6692 R 100.0   0.1   0:19.06 MicroBench
07:04:02        8 root      20   0   18952  13836   6692 R 100.0   0.1   0:19.23 MicroBench
07:04:02        8 root      20   0   18952  13836   6692 R 100.0   0.1   0:19.40 MicroBench
07:04:02        8 root      20   0   18952  13836   6692 R 100.0   0.1   0:19.57 MicroBench
07:04:02        8 root      20   0   18952  13836   6692 R 100.0   0.1   0:19.74 MicroBench
07:04:03        8 root      20   0   18952  13836   6692 R 100.0   0.1   0:19.92 MicroBench
07:04:03        8 root      20   0   18952  13836   6692 R  93.8   0.1   0:20.09 MicroBench
07:04:03        8 root      20   0   18952  13836   6692 R 100.0   0.1   0:20.26 MicroBench
07:04:03        8 root      20   0   18952  13836   6692 R 100.0   0.1   0:20.43 MicroBench
07:04:03        8 root      20   0   18952  13836   6692 R 100.0   0.1   0:20.60 MicroBench
07:04:03        8 root      20   0   18952  13836   6692 R 100.0   0.1   0:20.77 MicroBench
07:04:04        8 root      20   0   18952  13836   6692 R  93.8   0.1   0:20.94 MicroBench
07:04:04        8 root      20   0   18952  13836   6692 R 100.0   0.1   0:21.11 MicroBench
07:04:04        8 root      20   0   18952  13836   6692 R 100.0   0.1   0:21.28 MicroBench
07:04:04        8 root      20   0   18952  13836   6692 R 100.0   0.1   0:21.45 MicroBench
07:04:04        8 root      20   0   18952  13836   6692 R 100.0   0.1   0:21.61 MicroBench
07:04:04        8 root      20   0   18952  13836   6692 R 100.0   0.1   0:21.79 MicroBench
07:04:05        8 root      20   0   18952  13836   6692 R 100.0   0.1   0:21.96 MicroBench
07:04:05        8 root      20   0   18952  13836   6692 R 100.0   0.1   0:22.13 MicroBench
07:04:05        8 root      20   0   18952  13836   6692 R  93.8   0.1   0:22.31 MicroBench
07:04:05        8 root      20   0   18952  13836   6692 R 100.0   0.1   0:22.49 MicroBench
07:04:05        8 root      20   0   18952  13836   6692 R 100.0   0.1   0:22.66 MicroBench
07:04:05        8 root      20   0   18952  13836   6692 R 100.0   0.1   0:22.83 MicroBench
07:04:06        8 root      20   0   18952  13836   6692 R 100.0   0.1   0:23.00 MicroBench
07:04:06        8 root      20   0   18952  13836   6692 R 100.0   0.1   0:23.18 MicroBench
07:04:06        8 root      20   0   18952  13836   6692 R 100.0   0.1   0:23.34 MicroBench
07:04:06        8 root      20   0   18952  13836   6692 R 100.0   0.1   0:23.51 MicroBench
07:04:06        8 root      20   0   18952  13836   6692 R 100.0   0.1   0:23.68 MicroBench
07:04:06        8 root      20   0   18952  13836   6692 R  93.3   0.1   0:23.83 MicroBench
07:04:07        8 root      20   0   18952  13836   6692 R 100.0   0.1   0:24.01 MicroBench
07:04:07        8 root      20   0   18952  13836   6692 R  93.8   0.1   0:24.18 MicroBench
07:04:07        8 root      20   0   18952  13836   6692 R 100.0   0.1   0:24.35 MicroBench
07:04:07        8 root      20   0   18952  13836   6692 R 100.0   0.1   0:24.52 MicroBench
07:04:07        8 root      20   0   18952  13836   6692 R 100.0   0.1   0:24.69 MicroBench
07:04:08        8 root      20   0   18952  13836   6692 R 100.0   0.1   0:24.86 MicroBench
07:04:08        8 root      20   0   18952  13836   6692 R 100.0   0.1   0:25.03 MicroBench
07:04:08        8 root      20   0   18952  13836   6692 R 100.0   0.1   0:25.20 MicroBench
07:04:08        8 root      20   0   18952  13836   6692 R 100.0   0.1   0:25.38 MicroBench
07:04:08        8 root      20   0   18952  13836   6692 R 100.0   0.1   0:25.56 MicroBench
07:04:08        8 root      20   0   18952  13836   6692 R 100.0   0.1   0:25.73 MicroBench
07:04:09        8 root      20   0   18952  13836   6692 R 100.0   0.1   0:25.89 MicroBench
07:04:09        8 root      20   0   18952  13836   6692 R  93.8   0.1   0:26.06 MicroBench
07:04:09        8 root      20   0   18952  13836   6692 R 100.0   0.1   0:26.24 MicroBench
07:04:09        8 root      20   0   18952  13836   6692 R  93.8   0.1   0:26.42 MicroBench
07:04:09        8 root      20   0   18952  13836   6692 R 100.0   0.1   0:26.60 MicroBench
07:04:09        8 root      20   0   18952  13836   6692 R 100.0   0.1   0:26.77 MicroBench
07:04:10        8 root      20   0   18952  13836   6692 R  93.8   0.1   0:26.94 MicroBench
07:04:10        8 root      20   0   18952  13836   6692 R 100.0   0.1   0:27.12 MicroBench
07:04:10        8 root      20   0   18952  13836   6692 R 100.0   0.1   0:27.28 MicroBench
07:04:10        8 root      20   0   18952  13836   6692 R 100.0   0.1   0:27.45 MicroBench
07:04:10        8 root      20   0   18952  13836   6692 R 100.0   0.1   0:27.62 MicroBench
07:04:10        8 root      20   0   18952  13836   6692 R  93.8   0.1   0:27.79 MicroBench
07:04:11        8 root      20   0   18952  13836   6692 R 100.0   0.1   0:27.96 MicroBench
07:04:11        8 root      20   0   18952  13836   6692 R  93.8   0.1   0:28.13 MicroBench
07:04:11        8 root      20   0   18952  13836   6692 R 100.0   0.1   0:28.30 MicroBench
07:04:11        8 root      20   0   18952  13836   6692 R 100.0   0.1   0:28.47 MicroBench
07:04:11        8 root      20   0   18952  13836   6692 R  93.8   0.1   0:28.66 MicroBench
07:04:12        8 root      20   0   18952  13836   6692 R  93.8   0.1   0:28.85 MicroBench
07:04:12        8 root      20   0   18952  13836   6692 R  93.8   0.1   0:29.03 MicroBench
07:04:12        8 root      20   0   18952  13836   6692 R 100.0   0.1   0:29.20 MicroBench
07:04:12        8 root      20   0   18952  13836   6692 R 100.0   0.1   0:29.37 MicroBench
07:04:12        8 root      20   0   18952  13836   6692 R 100.0   0.1   0:29.54 MicroBench
07:04:12        8 root      20   0   18952  13836   6692 R  93.8   0.1   0:29.71 MicroBench
07:04:13        8 root      20   0   18952  13836   6692 R 100.0   0.1   0:29.87 MicroBench
07:04:13        8 root      20   0   18952  13836   6692 R 100.0   0.1   0:30.05 MicroBench
07:04:13        8 root      20   0   18952  13836   6692 R 100.0   0.1   0:30.22 MicroBench
07:04:13        8 root      20   0   18952  13836   6692 R 100.0   0.1   0:30.39 MicroBench
07:04:13        8 root      20   0   18952  13836   6692 R 100.0   0.1   0:30.56 MicroBench
07:04:13        8 root      20   0   18952  13836   6692 R 100.0   0.1   0:30.73 MicroBench
07:04:14        8 root      20   0   18952  13836   6692 R  93.8   0.1   0:30.89 MicroBench
07:04:14        8 root      20   0   18952  13836   6692 R 100.0   0.1   0:31.06 MicroBench
07:04:14        8 root      20   0   18952  13836   6692 R 100.0   0.1   0:31.23 MicroBench
07:04:14        8 root      20   0   18952  13836   6692 R  93.8   0.1   0:31.41 MicroBench
07:04:14        8 root      20   0   18952  13836   6692 R 100.0   0.1   0:31.59 MicroBench
07:04:14        8 root      20   0   18952  13836   6692 R 100.0   0.1   0:31.76 MicroBench
07:04:15        8 root      20   0   18952  13836   6692 R 100.0   0.1   0:31.92 MicroBench
07:04:15        8 root      20   0   18952  13836   6692 R  93.3   0.1   0:32.09 MicroBench
07:04:15        8 root      20   0   18952  13836   6692 R 100.0   0.1   0:32.27 MicroBench
07:04:15        8 root      20   0   18952  13836   6692 R 100.0   0.1   0:32.45 MicroBench
07:04:15        8 root      20   0   18952  13836   6692 R  93.3   0.1   0:32.61 MicroBench
07:04:15        8 root      20   0   18952  13836   6692 R 100.0   0.1   0:32.78 MicroBench
07:04:16        8 root      20   0   18952  13836   6692 R 100.0   0.1   0:32.95 MicroBench
07:04:16        8 root      20   0   18952  13836   6692 R  93.8   0.1   0:33.13 MicroBench
07:04:16        8 root      20   0   18952  13836   6692 R 100.0   0.1   0:33.30 MicroBench
07:04:16        8 root      20   0   18952  13836   6692 R  93.3   0.1   0:33.46 MicroBench
07:04:16        8 root      20   0   18952  13836   6692 R 100.0   0.1   0:33.64 MicroBench
07:04:17        8 root      20   0   18952  13836   6692 R 100.0   0.1   0:33.82 MicroBench
07:04:17        8 root      20   0   18952  13836   6692 R  93.8   0.1   0:33.99 MicroBench
07:04:17        8 root      20   0   18952  13836   6692 R  93.8   0.1   0:34.16 MicroBench
07:04:17        8 root      20   0   18952  13836   6692 R  93.8   0.1   0:34.34 MicroBench
07:04:17        8 root      20   0   18952  13836   6692 R 100.0   0.1   0:34.51 MicroBench
07:04:17        8 root      20   0   18952  13836   6692 R 100.0   0.1   0:34.67 MicroBench
07:04:18        8 root      20   0   18952  13836   6692 R 100.0   0.1   0:34.84 MicroBench
07:04:18        8 root      20   0   18952  13836   6692 R 100.0   0.1   0:35.01 MicroBench
07:04:18        8 root      20   0   18952  13836   6692 R 100.0   0.1   0:35.19 MicroBench
07:04:18        8 root      20   0   18952  13836   6692 R 100.0   0.1   0:35.35 MicroBench
07:04:18        8 root      20   0   18952  13836   6692 R  93.3   0.1   0:35.52 MicroBench
07:04:18        8 root      20   0   18952  13836   6692 R  93.3   0.1   0:35.67 MicroBench
07:04:19        8 root      20   0   18952  13836   6692 R 100.0   0.1   0:35.84 MicroBench
07:04:19        8 root      20   0   18952  13836   6692 R 100.0   0.1   0:36.00 MicroBench
07:04:19        8 root      20   0   18952  13836   6692 R 100.0   0.1   0:36.17 MicroBench
07:04:19        8 root      20   0   18952  13836   6692 R 100.0   0.1   0:36.34 MicroBench
07:04:19        8 root      20   0   18952  13836   6692 R 100.0   0.1   0:36.51 MicroBench
07:04:19        8 root      20   0   18952  13836   6692 R 100.0   0.1   0:36.68 MicroBench
07:04:20        8 root      20   0   18952  13836   6692 R 100.0   0.1   0:36.85 MicroBench
07:04:20        8 root      20   0   18952  13836   6692 R 100.0   0.1   0:37.02 MicroBench
07:04:20        8 root      20   0   18952  13836   6692 R 100.0   0.1   0:37.20 MicroBench
07:04:20        8 root      20   0   18952  13836   6692 R 100.0   0.1   0:37.37 MicroBench
07:04:20        8 root      20   0   18952  13836   6692 R 100.0   0.1   0:37.54 MicroBench
07:04:20        8 root      20   0   18952  13836   6692 R 100.0   0.1   0:37.72 MicroBench
07:04:21        8 root      20   0   18952  13836   6692 R 100.0   0.1   0:37.90 MicroBench
07:04:21        8 root      20   0   18952  13836   6692 R 100.0   0.1   0:38.07 MicroBench
07:04:21        8 root      20   0   18952  13836   6692 R  93.8   0.1   0:38.25 MicroBench
07:04:21        8 root      20   0   18952  13836   6692 R 100.0   0.1   0:38.43 MicroBench
07:04:21        8 root      20   0   18952  13836   6692 R 100.0   0.1   0:38.61 MicroBench
07:04:22        8 root      20   0   18952  13836   6692 R 100.0   0.1   0:38.79 MicroBench
07:04:22        8 root      20   0   18952  13836   6692 R 100.0   0.1   0:38.96 MicroBench
07:04:22        8 root      20   0   18952  13836   6692 R 100.0   0.1   0:39.13 MicroBench
07:04:22        8 root      20   0   18952  13836   6692 R 100.0   0.1   0:39.29 MicroBench
07:04:22        8 root      20   0   18952  13836   6692 R 100.0   0.1   0:39.46 MicroBench
07:04:22        8 root      20   0   18952  13836   6692 R 100.0   0.1   0:39.64 MicroBench
07:04:23        8 root      20   0   18952  13836   6692 R 100.0   0.1   0:39.81 MicroBench
07:04:23        8 root      20   0   18952  13836   6692 R 100.0   0.1   0:39.99 MicroBench
07:04:23        8 root      20   0   18952  13836   6692 R 100.0   0.1   0:40.16 MicroBench
07:04:23        8 root      20   0   18952  13836   6692 R 100.0   0.1   0:40.33 MicroBench
07:04:23        8 root      20   0   18952  13836   6692 R 100.0   0.1   0:40.50 MicroBench
07:04:23        8 root      20   0   18952  13836   6692 R 100.0   0.1   0:40.67 MicroBench
07:04:24        8 root      20   0   18952  13836   6692 R 100.0   0.1   0:40.85 MicroBench
07:04:24        8 root      20   0   18952  13836   6692 R 100.0   0.1   0:41.02 MicroBench
07:04:24        8 root      20   0   18952  13836   6692 R  93.8   0.1   0:41.20 MicroBench
07:04:24        8 root      20   0   18952  13836   6692 R 100.0   0.1   0:41.37 MicroBench
07:04:24        8 root      20   0   18952  13836   6692 R 100.0   0.1   0:41.53 MicroBench
07:04:24        8 root      20   0   18952  13836   6692 R 100.0   0.1   0:41.71 MicroBench
07:04:25        8 root      20   0   18952  13836   6692 R  93.8   0.1   0:41.87 MicroBench
07:04:25        8 root      20   0   18952  13836   6692 R 100.0   0.1   0:42.04 MicroBench
07:04:25        8 root      20   0   18952  13836   6692 R 100.0   0.1   0:42.21 MicroBench
07:04:25        8 root      20   0   18952  13836   6692 R 100.0   0.1   0:42.38 MicroBench
07:04:25        8 root      20   0   18952  13836   6692 R 100.0   0.1   0:42.55 MicroBench
07:04:25        8 root      20   0   18952  13836   6692 R  93.3   0.1   0:42.71 MicroBench
07:04:26        8 root      20   0   18952  13836   6692 R 100.0   0.1   0:42.89 MicroBench
07:04:26        8 root      20   0   18952  13836   6692 R 100.0   0.1   0:43.06 MicroBench
07:04:26        8 root      20   0   18952  13836   6692 R 100.0   0.1   0:43.23 MicroBench
07:04:26        8 root      20   0   18952  13836   6692 R 100.0   0.1   0:43.40 MicroBench
07:04:26        8 root      20   0   18952  13836   6692 R  93.8   0.1   0:43.57 MicroBench
07:04:26        8 root      20   0   18952  13836   6692 R 100.0   0.1   0:43.74 MicroBench
07:04:27        8 root      20   0   18952  13836   6692 R 100.0   0.1   0:43.91 MicroBench
07:04:27        8 root      20   0   18952  13836   6692 R 100.0   0.1   0:44.07 MicroBench
07:04:27        8 root      20   0   18952  13836   6692 R 100.0   0.1   0:44.25 MicroBench
07:04:27        8 root      20   0   18952  13836   6692 R  93.3   0.1   0:44.41 MicroBench
07:04:27        8 root      20   0   18952  13836   6692 R 100.0   0.1   0:44.58 MicroBench
07:04:27        8 root      20   0   18952  13836   6692 R 100.0   0.1   0:44.75 MicroBench
07:04:28        8 root      20   0   18952  13836   6692 R 100.0   0.1   0:44.92 MicroBench
07:04:28        8 root      20   0   18952  13836   6692 R 100.0   0.1   0:45.09 MicroBench
07:04:28        8 root      20   0   18952  13836   6692 R 100.0   0.1   0:45.26 MicroBench
07:04:28        8 root      20   0   18952  13836   6692 R 100.0   0.1   0:45.43 MicroBench
07:04:28        8 root      20   0   18952  13836   6692 R 100.0   0.1   0:45.59 MicroBench
07:04:29        8 root      20   0   18952  13836   6692 R 100.0   0.1   0:45.76 MicroBench
07:04:29        8 root      20   0   18952  13836   6692 R 100.0   0.1   0:45.93 MicroBench
07:04:29        8 root      20   0   18952  13836   6692 R 100.0   0.1   0:46.10 MicroBench
07:04:29        8 root      20   0   18952  13836   6692 R  93.3   0.1   0:46.26 MicroBench
07:04:29        8 root      20   0   18952  13836   6692 R  93.8   0.1   0:46.43 MicroBench
07:04:29        8 root      20   0   18952  13836   6692 R 100.0   0.1   0:46.61 MicroBench
07:04:30        8 root      20   0   18952  13836   6692 R 100.0   0.1   0:46.78 MicroBench
07:04:30        8 root      20   0   18952  13836   6692 R 100.0   0.1   0:46.95 MicroBench
07:04:30        8 root      20   0   24156  18852   6692 R  93.3   0.1   0:47.11 MicroBench
07:04:30        8 root      20   0   24156  18852   6692 R 100.0   0.1   0:47.30 MicroBench
07:04:30        8 root      20   0   24156  18852   6692 R 100.0   0.1   0:47.50 MicroBench
07:04:30        8 root      20   0   24156  18852   6692 R 100.0   0.1   0:47.67 MicroBench
07:04:31        8 root      20   0   24156  18852   6692 R 100.0   0.1   0:47.84 MicroBench
07:04:31        8 root      20   0   24156  18852   6692 R 100.0   0.1   0:48.01 MicroBench
07:04:31        8 root      20   0   24156  18852   6692 R 100.0   0.1   0:48.18 MicroBench
07:04:31        8 root      20   0   24156  18852   6692 R 100.0   0.1   0:48.35 MicroBench
07:04:31        8 root      20   0   24156  18852   6692 R 100.0   0.1   0:48.52 MicroBench
07:04:31        8 root      20   0   24156  18852   6692 R  93.8   0.1   0:48.69 MicroBench
07:04:32        8 root      20   0   24156  18852   6692 R 100.0   0.1   0:48.86 MicroBench
07:04:32        8 root      20   0   24156  18852   6692 R 100.0   0.1   0:49.04 MicroBench
07:04:32        8 root      20   0   24156  18852   6692 R 100.0   0.1   0:49.20 MicroBench
07:04:32        8 root      20   0   24156  18852   6692 R 100.0   0.1   0:49.38 MicroBench
07:04:32        8 root      20   0   24156  18852   6692 R 100.0   0.1   0:49.55 MicroBench
07:04:32        8 root      20   0   24156  18852   6692 R 100.0   0.1   0:49.71 MicroBench
07:04:33        8 root      20   0   24156  18852   6692 R 100.0   0.1   0:49.88 MicroBench
07:04:33        8 root      20   0   24156  18852   6692 R 100.0   0.1   0:50.05 MicroBench
07:04:33        8 root      20   0   24156  18852   6692 R 100.0   0.1   0:50.23 MicroBench
07:04:33        8 root      20   0   24156  18852   6692 R  93.8   0.1   0:50.41 MicroBench
07:04:33        8 root      20   0   24156  18852   6692 R 100.0   0.1   0:50.60 MicroBench
07:04:34        8 root      20   0   24156  18852   6692 R 100.0   0.1   0:50.78 MicroBench
07:04:34        8 root      20   0   24156  18852   6692 R  93.8   0.1   0:50.95 MicroBench
07:04:34        8 root      20   0   24156  18852   6692 R 100.0   0.1   0:51.12 MicroBench
07:04:34        8 root      20   0   24156  18852   6692 R  93.3   0.1   0:51.28 MicroBench
07:04:34        8 root      20   0   24156  18852   6692 R 100.0   0.1   0:51.45 MicroBench
07:04:34        8 root      20   0   24156  18852   6692 R 100.0   0.1   0:51.62 MicroBench
07:04:35        8 root      20   0   24156  18852   6692 R 100.0   0.1   0:51.79 MicroBench
07:04:35        8 root      20   0   24156  18852   6692 R 100.0   0.1   0:51.96 MicroBench
07:04:35        8 root      20   0   24156  18852   6692 R 100.0   0.1   0:52.13 MicroBench
07:04:35        8 root      20   0   24156  18852   6692 R 100.0   0.1   0:52.30 MicroBench
07:04:35        8 root      20   0   24156  18852   6692 R 100.0   0.1   0:52.46 MicroBench
07:04:35        8 root      20   0   24156  18852   6692 R 100.0   0.1   0:52.64 MicroBench
07:04:36        8 root      20   0   24156  18852   6692 R 100.0   0.1   0:52.81 MicroBench
07:04:36        8 root      20   0   24156  18852   6692 R 100.0   0.1   0:52.98 MicroBench
07:04:36        8 root      20   0   24156  18852   6692 R 100.0   0.1   0:53.15 MicroBench
07:04:36        8 root      20   0   24156  18852   6692 R  93.8   0.1   0:53.31 MicroBench
07:04:36        8 root      20   0   24156  18852   6692 R 100.0   0.1   0:53.48 MicroBench
07:04:36        8 root      20   0   24156  18852   6692 R 100.0   0.1   0:53.65 MicroBench
07:04:37        8 root      20   0   24156  18852   6692 R 100.0   0.1   0:53.83 MicroBench
07:04:37        8 root      20   0   24156  18852   6692 R  93.3   0.1   0:53.99 MicroBench
07:04:37        8 root      20   0   24156  18852   6692 R  93.8   0.1   0:54.17 MicroBench
07:04:37        8 root      20   0   24156  18852   6692 R  93.3   0.1   0:54.34 MicroBench
07:04:37        8 root      20   0   24156  18852   6692 R 100.0   0.1   0:54.52 MicroBench
07:04:37        8 root      20   0   24156  18852   6692 R  93.8   0.1   0:54.69 MicroBench
07:04:38        8 root      20   0   24156  18852   6692 R  93.8   0.1   0:54.86 MicroBench
07:04:38        8 root      20   0   24156  18852   6692 R 100.0   0.1   0:55.04 MicroBench
07:04:38        8 root      20   0   24156  18852   6692 R 100.0   0.1   0:55.21 MicroBench
07:04:38        8 root      20   0   24156  18852   6692 R 100.0   0.1   0:55.39 MicroBench
07:04:38        8 root      20   0   24156  18852   6692 R 100.0   0.1   0:55.55 MicroBench
07:04:38        8 root      20   0   24156  18852   6692 R 100.0   0.1   0:55.72 MicroBench
07:04:39        8 root      20   0   24156  18852   6692 R 100.0   0.1   0:55.89 MicroBench
07:04:39        8 root      20   0   24156  18852   6692 R 100.0   0.1   0:56.06 MicroBench
07:04:39        8 root      20   0   24156  18852   6692 R 100.0   0.1   0:56.23 MicroBench
07:04:39        8 root      20   0   24156  18852   6692 R 100.0   0.1   0:56.40 MicroBench
07:04:39        8 root      20   0   24156  18852   6692 R  93.8   0.1   0:56.56 MicroBench
07:04:40        8 root      20   0   24156  18852   6692 R  93.8   0.1   0:56.73 MicroBench
07:04:40        8 root      20   0   24156  18852   6692 R 100.0   0.1   0:56.90 MicroBench
07:04:40        8 root      20   0   24156  18852   6692 R 100.0   0.1   0:57.07 MicroBench
07:04:40        8 root      20   0   24156  18852   6692 R 100.0   0.1   0:57.24 MicroBench
07:04:40        8 root      20   0   24156  18852   6692 R 100.0   0.1   0:57.42 MicroBench
07:04:40        8 root      20   0   24156  18852   6692 R 100.0   0.1   0:57.60 MicroBench
07:04:41        8 root      20   0   24156  18852   6692 R 100.0   0.1   0:57.76 MicroBench
07:04:41        8 root      20   0   24156  18852   6692 R 100.0   0.1   0:57.93 MicroBench
07:04:41        8 root      20   0   24156  18852   6692 R 100.0   0.1   0:58.10 MicroBench
07:04:41        8 root      20   0   24156  18852   6692 R 100.0   0.1   0:58.27 MicroBench
07:04:41        8 root      20   0   24156  18852   6692 R 100.0   0.1   0:58.44 MicroBench
07:04:41        8 root      20   0   24156  18852   6692 R 100.0   0.1   0:58.61 MicroBench
07:04:42        8 root      20   0   24156  18852   6692 R  93.8   0.1   0:58.78 MicroBench
07:04:42        8 root      20   0   24156  18852   6692 R 100.0   0.1   0:58.95 MicroBench
07:04:42        8 root      20   0   24156  18852   6692 R  93.3   0.1   0:59.11 MicroBench
07:04:42        8 root      20   0   24156  18852   6692 R  80.0   0.1   0:59.26 MicroBench
07:04:42        8 root      20   0   24156  18852   6692 R  93.8   0.1   0:59.43 MicroBench
07:04:42        8 root      20   0   24156  18852   6692 R 100.0   0.1   0:59.60 MicroBench
07:04:43        8 root      20   0   24156  18852   6692 R 100.0   0.1   0:59.77 MicroBench
07:04:43        8 root      20   0   24156  18852   6692 R 100.0   0.1   0:59.94 MicroBench
07:04:43        8 root      20   0   24156  18852   6692 R  93.8   0.1   1:00.12 MicroBench
07:04:43        8 root      20   0   24156  18852   6692 R  93.3   0.1   1:00.29 MicroBench
07:04:43        8 root      20   0   24156  18852   6692 R 100.0   0.1   1:00.48 MicroBench
07:04:43        8 root      20   0   24156  18852   6692 R 100.0   0.1   1:00.65 MicroBench
07:04:44        8 root      20   0   24156  18852   6692 R 100.0   0.1   1:00.83 MicroBench
07:04:44        8 root      20   0   24156  18852   6692 R 100.0   0.1   1:00.99 MicroBench
07:04:44        8 root      20   0   24156  18852   6692 R 100.0   0.1   1:01.16 MicroBench
07:04:44        8 root      20   0   24156  18852   6692 R 100.0   0.1   1:01.34 MicroBench
07:04:44        8 root      20   0   24156  18852   6692 R 100.0   0.1   1:01.50 MicroBench
07:04:44        8 root      20   0   24156  18852   6692 R 100.0   0.1   1:01.67 MicroBench
07:04:45        8 root      20   0   24156  18852   6692 R 100.0   0.1   1:01.84 MicroBench
07:04:45        8 root      20   0   24156  18852   6692 R 100.0   0.1   1:02.01 MicroBench
07:04:45        8 root      20   0   24156  18852   6692 R 100.0   0.1   1:02.18 MicroBench
07:04:45        8 root      20   0   24156  18852   6692 R 100.0   0.1   1:02.36 MicroBench
07:04:45        8 root      20   0   24156  18852   6692 R 100.0   0.1   1:02.53 MicroBench
07:04:46        8 root      20   0   24156  18852   6692 R  93.8   0.1   1:02.69 MicroBench
07:04:46        8 root      20   0   24156  18852   6692 R 100.0   0.1   1:02.86 MicroBench
07:04:46        8 root      20   0   24156  18852   6692 R 100.0   0.1   1:03.04 MicroBench
07:04:46        8 root      20   0   24156  18852   6692 R 100.0   0.1   1:03.21 MicroBench
07:04:46        8 root      20   0   24156  18852   6692 R 100.0   0.1   1:03.38 MicroBench
07:04:46        8 root      20   0   24156  18852   6692 R 100.0   0.1   1:03.55 MicroBench
07:04:47        8 root      20   0   24156  18852   6692 R 100.0   0.1   1:03.71 MicroBench
07:04:47        8 root      20   0   24156  18852   6692 R 100.0   0.1   1:03.89 MicroBench
07:04:47        8 root      20   0   24156  18852   6692 R  93.8   0.1   1:04.06 MicroBench
07:04:47        8 root      20   0   24156  18852   6692 R 100.0   0.1   1:04.23 MicroBench
07:04:47        8 root      20   0   24156  18852   6692 R 100.0   0.1   1:04.40 MicroBench
07:04:47        8 root      20   0   24156  18852   6692 R 100.0   0.1   1:04.56 MicroBench
07:04:48        8 root      20   0   24156  18852   6692 R 100.0   0.1   1:04.73 MicroBench
07:04:48        8 root      20   0   24156  18852   6692 R  93.8   0.1   1:04.91 MicroBench
07:04:48        8 root      20   0   24156  18852   6692 R 100.0   0.1   1:05.08 MicroBench
07:04:48        8 root      20   0   24156  18852   6692 R  86.7   0.1   1:05.22 MicroBench
07:04:48        8 root      20   0   24156  18852   6692 R 100.0   0.1   1:05.39 MicroBench
07:04:48        8 root      20   0   24156  18852   6692 R 100.0   0.1   1:05.55 MicroBench
07:04:49        8 root      20   0   24156  18852   6692 R 100.0   0.1   1:05.73 MicroBench
07:04:49        8 root      20   0   24156  18852   6692 R 100.0   0.1   1:05.90 MicroBench
07:04:49        8 root      20   0   24156  18852   6692 R 100.0   0.1   1:06.08 MicroBench
07:04:49        8 root      20   0   24156  18852   6692 R  93.3   0.1   1:06.24 MicroBench
07:04:49        8 root      20   0   24156  18852   6692 R 100.0   0.1   1:06.42 MicroBench
07:04:49        8 root      20   0   24156  18852   6692 R 100.0   0.1   1:06.59 MicroBench
07:04:50        8 root      20   0   24156  18852   6692 R 100.0   0.1   1:06.76 MicroBench
07:04:50        8 root      20   0   24156  18852   6692 R 100.0   0.1   1:06.93 MicroBench
07:04:50        8 root      20   0   24156  18852   6692 R 100.0   0.1   1:07.10 MicroBench
07:04:50        8 root      20   0   24156  18852   6692 R 100.0   0.1   1:07.27 MicroBench
07:04:50        8 root      20   0   24156  18852   6692 R 100.0   0.1   1:07.44 MicroBench
07:04:50        8 root      20   0   24156  18852   6692 R 100.0   0.1   1:07.61 MicroBench
07:04:51        8 root      20   0   24156  18852   6692 R 100.0   0.1   1:07.80 MicroBench
07:04:51        8 root      20   0   24156  18852   6692 R 100.0   0.1   1:07.97 MicroBench
07:04:51        8 root      20   0   24156  18852   6692 R 100.0   0.1   1:08.15 MicroBench
07:04:51        8 root      20   0   24156  18852   6692 R  93.8   0.1   1:08.31 MicroBench
07:04:51        8 root      20   0   24156  18852   6692 R 100.0   0.1   1:08.49 MicroBench
07:04:52        8 root      20   0   24156  18852   6692 R 100.0   0.1   1:08.65 MicroBench
07:04:52        8 root      20   0   24156  18852   6692 R  93.8   0.1   1:08.82 MicroBench
07:04:52        8 root      20   0   24156  18852   6692 R 100.0   0.1   1:08.99 MicroBench
07:04:52        8 root      20   0   24156  18852   6692 R 100.0   0.1   1:09.16 MicroBench
07:04:52        8 root      20   0   24156  18852   6692 R 100.0   0.1   1:09.33 MicroBench
07:04:52        8 root      20   0   24156  18852   6692 R 100.0   0.1   1:09.50 MicroBench
07:04:53        8 root      20   0   24156  18852   6692 R  93.8   0.1   1:09.68 MicroBench
07:04:53        8 root      20   0   24156  18852   6692 R 100.0   0.1   1:09.86 MicroBench
07:04:53        8 root      20   0   24156  18852   6692 R 100.0   0.1   1:10.02 MicroBench
07:04:53        8 root      20   0   24156  18852   6692 R  93.8   0.1   1:10.19 MicroBench
07:04:53        8 root      20   0   24156  18852   6692 R 100.0   0.1   1:10.36 MicroBench
07:04:53        8 root      20   0   24156  18852   6692 R 100.0   0.1   1:10.53 MicroBench
07:04:54        8 root      20   0   24156  18852   6692 R 100.0   0.1   1:10.71 MicroBench
07:04:54        8 root      20   0   24156  18852   6692 R 100.0   0.1   1:10.88 MicroBench
07:04:54        8 root      20   0   24156  18852   6692 R 100.0   0.1   1:11.05 MicroBench
07:04:54        8 root      20   0   24156  18852   6692 R 100.0   0.1   1:11.24 MicroBench
07:04:54        8 root      20   0   24156  18852   6692 R 100.0   0.1   1:11.41 MicroBench
07:04:54        8 root      20   0   24156  18852   6692 R 100.0   0.1   1:11.58 MicroBench
07:04:55        8 root      20   0   24156  18852   6692 R  93.8   0.1   1:11.75 MicroBench
07:04:55        8 root      20   0   24156  18852   6692 R 100.0   0.1   1:11.92 MicroBench
07:04:55        8 root      20   0   24156  18852   6692 R 100.0   0.1   1:12.10 MicroBench
07:04:55        8 root      20   0   24156  18852   6692 R 100.0   0.1   1:12.26 MicroBench
07:04:55        8 root      20   0   24156  18852   6692 R  93.8   0.1   1:12.43 MicroBench
07:04:55        8 root      20   0   24156  18852   6692 R  93.8   0.1   1:12.60 MicroBench
07:04:56        8 root      20   0   24156  18852   6692 R 100.0   0.1   1:12.78 MicroBench
07:04:56        8 root      20   0   24156  18852   6692 R 100.0   0.1   1:12.95 MicroBench
07:04:56        8 root      20   0   24156  18852   6692 R 100.0   0.1   1:13.11 MicroBench
07:04:56        8 root      20   0   24156  18852   6692 R 100.0   0.1   1:13.28 MicroBench
07:04:56        8 root      20   0   24156  18852   6692 R  93.8   0.1   1:13.45 MicroBench
07:04:56        8 root      20   0   24156  18852   6692 R  93.8   0.1   1:13.64 MicroBench
07:04:57        8 root      20   0   24156  18852   6692 R 100.0   0.1   1:13.82 MicroBench
07:04:57        8 root      20   0   24156  18852   6692 R  93.8   0.1   1:13.99 MicroBench
07:04:57        8 root      20   0   24156  18852   6692 R 100.0   0.1   1:14.16 MicroBench
07:04:57        8 root      20   0   24156  18852   6692 R 100.0   0.1   1:14.33 MicroBench
07:04:57        8 root      20   0   24156  18852   6692 R 100.0   0.1   1:14.50 MicroBench
07:04:58        8 root      20   0   24156  18852   6692 R 100.0   0.1   1:14.67 MicroBench
07:04:58        8 root      20   0   24156  18852   6692 R 100.0   0.1   1:14.84 MicroBench
07:04:58        8 root      20   0   24156  18852   6692 R  93.8   0.1   1:15.02 MicroBench
07:04:58        8 root      20   0   24156  18852   6692 R 100.0   0.1   1:15.19 MicroBench
07:04:58        8 root      20   0   24156  18852   6692 R 100.0   0.1   1:15.36 MicroBench
07:04:58        8 root      20   0   24156  18852   6692 R  93.8   0.1   1:15.54 MicroBench
07:04:59        8 root      20   0   24156  18852   6692 R 100.0   0.1   1:15.70 MicroBench
07:04:59        8 root      20   0   24156  18852   6692 R 100.0   0.1   1:15.87 MicroBench
07:04:59        8 root      20   0   24156  18852   6692 R 100.0   0.1   1:16.04 MicroBench
07:04:59        8 root      20   0   24156  18852   6692 R 100.0   0.1   1:16.22 MicroBench
07:04:59        8 root      20   0   24156  18852   6692 R  87.5   0.1   1:16.38 MicroBench
07:04:59        8 root      20   0   24156  18852   6692 R 100.0   0.1   1:16.56 MicroBench
07:05:00        8 root      20   0   24156  18852   6692 R  93.3   0.1   1:16.73 MicroBench
07:05:00        8 root      20   0   24156  18852   6692 R  93.8   0.1   1:16.90 MicroBench
07:05:00        8 root      20   0   24156  18852   6692 R 100.0   0.1   1:17.07 MicroBench
07:05:00        8 root      20   0   24156  18852   6692 R 100.0   0.1   1:17.28 MicroBench
07:05:00        8 root      20   0   24156  18852   6692 R 100.0   0.1   1:17.45 MicroBench
07:05:00        8 root      20   0   24156  18852   6692 R 100.0   0.1   1:17.61 MicroBench
07:05:01        8 root      20   0   24156  18852   6692 R 100.0   0.1   1:17.78 MicroBench
07:05:01        8 root      20   0   24156  18852   6692 R 100.0   0.1   1:17.95 MicroBench
07:05:01        8 root      20   0   24156  18852   6692 R 100.0   0.1   1:18.12 MicroBench
07:05:01        8 root      20   0   24156  18852   6692 R 100.0   0.1   1:18.29 MicroBench
07:05:01        8 root      20   0   24156  18852   6692 R 100.0   0.1   1:18.46 MicroBench
07:05:02        8 root      20   0   24156  18852   6692 R 100.0   0.1   1:18.64 MicroBench
07:05:02        8 root      20   0   24156  18852   6692 R 100.0   0.1   1:18.81 MicroBench
07:05:02        8 root      20   0   24156  18852   6692 R 100.0   0.1   1:18.98 MicroBench
07:05:02        8 root      20   0   24156  18852   6692 R  93.8   0.1   1:19.14 MicroBench
07:05:02        8 root      20   0   24156  18852   6692 R 100.0   0.1   1:19.31 MicroBench
07:05:02        8 root      20   0   24156  18852   6692 R 100.0   0.1   1:19.48 MicroBench
07:05:03        8 root      20   0   24156  18852   6692 R 100.0   0.1   1:19.65 MicroBench
07:05:03        8 root      20   0   24156  18852   6692 R  93.8   0.1   1:19.82 MicroBench
07:05:03        8 root      20   0   24156  18852   6692 R 100.0   0.1   1:19.99 MicroBench
07:05:03        8 root      20   0   24156  18852   6692 R 100.0   0.1   1:20.16 MicroBench
07:05:03        8 root      20   0   24156  18852   6692 R 100.0   0.1   1:20.33 MicroBench
07:05:03        8 root      20   0   24156  18852   6692 R 100.0   0.1   1:20.50 MicroBench
07:05:04        8 root      20   0   24156  18852   6692 R 100.0   0.1   1:20.67 MicroBench
07:05:04        8 root      20   0   24156  18852   6692 R 100.0   0.1   1:20.85 MicroBench
07:05:04        8 root      20   0   24156  18852   6692 R 100.0   0.1   1:21.01 MicroBench
07:05:04        8 root      20   0   24156  18852   6692 R 100.0   0.1   1:21.18 MicroBench
07:05:04        8 root      20   0   24156  18852   6692 R 100.0   0.1   1:21.35 MicroBench
07:05:04        8 root      20   0   24156  18852   6692 R 100.0   0.1   1:21.52 MicroBench
07:05:05        8 root      20   0   24156  18852   6692 R 100.0   0.1   1:21.69 MicroBench
07:05:05        8 root      20   0   24156  18852   6692 R 100.0   0.1   1:21.86 MicroBench
07:05:05        8 root      20   0   24156  18852   6692 R  93.3   0.1   1:22.02 MicroBench
07:05:05        8 root      20   0   24156  18852   6692 R 100.0   0.1   1:22.20 MicroBench
07:05:05        8 root      20   0   24156  18852   6692 R 100.0   0.1   1:22.37 MicroBench
07:05:05        8 root      20   0   24156  18852   6692 R 100.0   0.1   1:22.54 MicroBench
07:05:06        8 root      20   0   24156  18852   6692 R  93.8   0.1   1:22.71 MicroBench
07:05:06        8 root      20   0   24156  18852   6692 R 100.0   0.1   1:22.88 MicroBench
07:05:06        8 root      20   0   24156  18852   6692 R  93.3   0.1   1:23.04 MicroBench
07:05:06        8 root      20   0   24156  18852   6692 R 100.0   0.1   1:23.21 MicroBench
07:05:06        8 root      20   0   24156  18852   6692 R 100.0   0.1   1:23.38 MicroBench
07:05:06        8 root      20   0   24156  18852   6692 R 100.0   0.1   1:23.55 MicroBench
07:05:07        8 root      20   0   24156  18852   6692 R 100.0   0.1   1:23.72 MicroBench
07:05:07        8 root      20   0   24156  18852   6692 R 100.0   0.1   1:23.89 MicroBench
07:05:07        8 root      20   0   24156  18852   6692 R 100.0   0.1   1:24.06 MicroBench
07:05:07        8 root      20   0   24156  18852   6692 R 100.0   0.1   1:24.24 MicroBench
07:05:07        8 root      20   0   24156  18852   6692 R  93.3   0.1   1:24.40 MicroBench
07:05:07        8 root      20   0   24156  18852   6692 R 100.0   0.1   1:24.59 MicroBench
07:05:08        8 root      20   0   24156  18852   6692 R  93.3   0.1   1:24.75 MicroBench
07:05:08        8 root      20   0   24156  18852   6692 R 100.0   0.1   1:24.92 MicroBench
07:05:08        8 root      20   0   24156  18852   6692 R 100.0   0.1   1:25.10 MicroBench
07:05:08        8 root      20   0   24156  18852   6692 R 100.0   0.1   1:25.27 MicroBench
07:05:08        8 root      20   0   24156  18852   6692 R 100.0   0.1   1:25.44 MicroBench
07:05:09        8 root      20   0   24156  18852   6692 R 100.0   0.1   1:25.60 MicroBench
07:05:09        8 root      20   0   24156  18852   6692 R 100.0   0.1   1:25.79 MicroBench
07:05:09        8 root      20   0   24552  19380   6692 R 100.0   0.1   1:25.96 MicroBench
Avg reg. time: 112560229
Avg opt. time: 73605667
Median reg. time: 112560229
Median opt. time: 73605667
07:05:09  MicroBench not found.
MicroBench process has exited. Monitoring script will terminate.
