Args:
  Field size              : 2748779069441
  l                       : 32
  t                       : 0
  Number of parties        : 1024
  Number of repeats        : 1
  Monitor sleep time (ms) : 1

Started ./MicroBench with PID: 8
07:01:23        8 root      20   0   14040   8756   6628 R 100.0   0.1   0:00.15 MicroBench
07:01:23        8 root      20   0   14172   8756   6628 R 100.0   0.1   0:00.32 MicroBench
07:01:23        8 root      20   0   14172   8756   6628 R 100.0   0.1   0:00.49 MicroBench
07:01:23        8 root      20   0   14172   8756   6628 R 100.0   0.1   0:00.66 MicroBench
07:01:23        8 root      20   0   14172   8756   6628 R  93.3   0.1   0:00.85 MicroBench
07:01:23        8 root      20   0   14104   8944   6628 R  93.3   0.1   0:01.01 MicroBench
07:01:24        8 root      20   0   14104   8944   6628 R  93.8   0.1   0:01.18 MicroBench
07:01:24        8 root      20   0   14104   8944   6628 R 100.0   0.1   0:01.34 MicroBench
07:01:24        8 root      20   0   14104   8944   6628 R 100.0   0.1   0:01.50 MicroBench
07:01:24        8 root      20   0   14104   8944   6628 R 100.0   0.1   0:01.66 MicroBench
07:01:24        8 root      20   0   14208   8992   6628 R 100.0   0.1   0:01.82 MicroBench
07:01:24        8 root      20   0   16320  10896   6692 R  93.8   0.1   0:01.98 MicroBench
07:01:25        8 root      20   0   16320  10896   6692 R  93.3   0.1   0:02.14 MicroBench
07:01:25        8 root      20   0   16320  10896   6692 R 100.0   0.1   0:02.31 MicroBench
07:01:25        8 root      20   0   16320  10896   6692 R 100.0   0.1   0:02.47 MicroBench
07:01:25        8 root      20   0   16320  10896   6692 R 100.0   0.1   0:02.64 MicroBench
07:01:25        8 root      20   0   16320  10896   6692 R 100.0   0.1   0:02.80 MicroBench
07:01:25        8 root      20   0   16320  10896   6692 R 100.0   0.1   0:02.97 MicroBench
07:01:26        8 root      20   0   16320  10896   6692 R 100.0   0.1   0:03.13 MicroBench
07:01:26        8 root      20   0   16320  10896   6692 R 100.0   0.1   0:03.29 MicroBench
07:01:26        8 root      20   0   16320  10896   6692 R 100.0   0.1   0:03.45 MicroBench
07:01:26        8 root      20   0   16320  10896   6692 R 100.0   0.1   0:03.62 MicroBench
07:01:26        8 root      20   0   16320  10896   6692 R 100.0   0.1   0:03.78 MicroBench
07:01:26        8 root      20   0   16320  10896   6692 R 100.0   0.1   0:03.95 MicroBench
07:01:27        8 root      20   0   16320  10896   6692 R 100.0   0.1   0:04.11 MicroBench
07:01:27        8 root      20   0   16320  10896   6692 R 100.0   0.1   0:04.28 MicroBench
07:01:27        8 root      20   0   16320  10896   6692 R 100.0   0.1   0:04.44 MicroBench
07:01:27        8 root      20   0   16320  10896   6692 R 100.0   0.1   0:04.61 MicroBench
07:01:27        8 root      20   0   16320  10896   6692 R  93.3   0.1   0:04.76 MicroBench
07:01:27        8 root      20   0   16320  10896   6692 R  93.3   0.1   0:04.92 MicroBench
07:01:27        8 root      20   0   16320  10896   6692 R 100.0   0.1   0:05.09 MicroBench
07:01:28        8 root      20   0   16320  10896   6692 R 100.0   0.1   0:05.26 MicroBench
07:01:28        8 root      20   0   16320  10896   6692 R 100.0   0.1   0:05.42 MicroBench
07:01:28        8 root      20   0   16320  10896   6692 R 100.0   0.1   0:05.58 MicroBench
07:01:28        8 root      20   0   16320  10896   6692 R 100.0   0.1   0:05.74 MicroBench
07:01:28        8 root      20   0   16320  10896   6692 R  93.8   0.1   0:05.91 MicroBench
07:01:28        8 root      20   0   18828  13536   6692 R 100.0   0.1   0:06.08 MicroBench
07:01:29        8 root      20   0   18828  13536   6692 R  93.3   0.1   0:06.23 MicroBench
07:01:29        8 root      20   0   18828  13536   6692 R 100.0   0.1   0:06.40 MicroBench
07:01:29        8 root      20   0   18828  13536   6692 R 100.0   0.1   0:06.56 MicroBench
07:01:29        8 root      20   0   18828  13536   6692 R 100.0   0.1   0:06.73 MicroBench
07:01:29        8 root      20   0   18828  13536   6692 R  93.8   0.1   0:06.89 MicroBench
07:01:29        8 root      20   0   18828  13536   6692 R 100.0   0.1   0:07.05 MicroBench
07:01:30        8 root      20   0   18828  13536   6692 R 100.0   0.1   0:07.22 MicroBench
07:01:30        8 root      20   0   18828  13536   6692 R 100.0   0.1   0:07.38 MicroBench
07:01:30        8 root      20   0   18828  13536   6692 R  93.3   0.1   0:07.54 MicroBench
07:01:30        8 root      20   0   18828  13536   6692 R  93.3   0.1   0:07.70 MicroBench
07:01:30        8 root      20   0   18828  13536   6692 R 100.0   0.1   0:07.87 MicroBench
07:01:30        8 root      20   0   18828  13536   6692 R 100.0   0.1   0:08.03 MicroBench
07:01:31        8 root      20   0   18828  13536   6692 R 100.0   0.1   0:08.19 MicroBench
07:01:31        8 root      20   0   18828  13536   6692 R  93.3   0.1   0:08.35 MicroBench
07:01:31        8 root      20   0   18828  13536   6692 R 100.0   0.1   0:08.52 MicroBench
07:01:31        8 root      20   0   18828  13536   6692 R 100.0   0.1   0:08.68 MicroBench
07:01:31        8 root      20   0   18828  13536   6692 R 100.0   0.1   0:08.85 MicroBench
07:01:31        8 root      20   0   18828  13536   6692 R 100.0   0.1   0:09.01 MicroBench
07:01:32        8 root      20   0   18828  13536   6692 R 100.0   0.1   0:09.18 MicroBench
07:01:32        8 root      20   0   18828  13536   6692 R 100.0   0.1   0:09.34 MicroBench
07:01:32        8 root      20   0   18828  13536   6692 R 100.0   0.1   0:09.50 MicroBench
07:01:32        8 root      20   0   18828  13536   6692 R 100.0   0.1   0:09.66 MicroBench
07:01:32        8 root      20   0   18828  13536   6692 R 100.0   0.1   0:09.83 MicroBench
07:01:32        8 root      20   0   18828  13536   6692 R 100.0   0.1   0:09.99 MicroBench
07:01:33        8 root      20   0   18828  13536   6692 R 100.0   0.1   0:10.16 MicroBench
07:01:33        8 root      20   0   18828  13536   6692 R 100.0   0.1   0:10.32 MicroBench
Avg reg. time: 26990645
Avg opt. time: 34190708
Median reg. time: 26990645
Median opt. time: 34190708
07:01:33  MicroBench not found.
MicroBench process has exited. Monitoring script will terminate.
