Args:
  Field size              : 2748779069441
  l                       : 32
  t                       : 40
  Number of parties        : 1024
  Number of repeats        : 1
  Monitor sleep time (ms) : 1

Started ./MicroBench with PID: 8
07:02:26        8 root      20   0   14160   8760   6628 R 100.0   0.1   0:00.15 MicroBench
07:02:26        8 root      20   0   14160   8760   6628 R 100.0   0.1   0:00.31 MicroBench
07:02:26        8 root      20   0   14160   8760   6628 R 100.0   0.1   0:00.48 MicroBench
07:02:26        8 root      20   0   14160   8760   6628 R 100.0   0.1   0:00.64 MicroBench
07:02:26        8 root      20   0   14160   8760   6628 R 100.0   0.1   0:00.80 MicroBench
07:02:27        8 root      20   0   14144   8968   6628 R  87.5   0.1   0:00.96 MicroBench
07:02:27        8 root      20   0   14144   8968   6628 R 100.0   0.1   0:01.13 MicroBench
07:02:27        8 root      20   0   14144   8968   6628 R 100.0   0.1   0:01.29 MicroBench
07:02:27        8 root      20   0   14144   8968   6628 R 100.0   0.1   0:01.46 MicroBench
07:02:27        8 root      20   0   14144   8968   6628 R 100.0   0.1   0:01.63 MicroBench
07:02:27        8 root      20   0   14144   8968   6628 R 100.0   0.1   0:01.79 MicroBench
07:02:28        8 root      20   0   14144   8968   6628 R 100.0   0.1   0:01.95 MicroBench
07:02:28        8 root      20   0   14144   8968   6628 R  93.8   0.1   0:02.11 MicroBench
07:02:28        8 root      20   0   14144   8968   6628 R 100.0   0.1   0:02.28 MicroBench
07:02:28        8 root      20   0   14144   8968   6628 R 100.0   0.1   0:02.45 MicroBench
07:02:28        8 root      20   0   17708  12456   6692 R  93.3   0.1   0:02.61 MicroBench
07:02:28        8 root      20   0   17708  12456   6692 R 100.0   0.1   0:02.77 MicroBench
07:02:29        8 root      20   0   17708  12456   6692 R 100.0   0.1   0:02.94 MicroBench
07:02:29        8 root      20   0   17708  12456   6692 R 100.0   0.1   0:03.10 MicroBench
07:02:29        8 root      20   0   17708  12456   6692 R  93.3   0.1   0:03.26 MicroBench
07:02:29        8 root      20   0   17708  12456   6692 R 100.0   0.1   0:03.44 MicroBench
07:02:29        8 root      20   0   17708  12456   6692 R  87.5   0.1   0:03.61 MicroBench
07:02:29        8 root      20   0   17708  12456   6692 R 100.0   0.1   0:03.78 MicroBench
07:02:30        8 root      20   0   17708  12456   6692 R 100.0   0.1   0:03.94 MicroBench
07:02:30        8 root      20   0   17708  12456   6692 R 100.0   0.1   0:04.10 MicroBench
07:02:30        8 root      20   0   17708  12456   6692 R 100.0   0.1   0:04.26 MicroBench
07:02:30        8 root      20   0   17708  12456   6692 R 100.0   0.1   0:04.42 MicroBench
07:02:30        8 root      20   0   17708  12456   6692 R 100.0   0.1   0:04.59 MicroBench
07:02:30        8 root      20   0   17708  12456   6692 R 100.0   0.1   0:04.75 MicroBench
07:02:30        8 root      20   0   17708  12456   6692 R 100.0   0.1   0:04.91 MicroBench
07:02:31        8 root      20   0   17708  12456   6692 R 100.0   0.1   0:05.07 MicroBench
07:02:31        8 root      20   0   17708  12456   6692 R 100.0   0.1   0:05.24 MicroBench
07:02:31        8 root      20   0   17708  12456   6692 R 100.0   0.1   0:05.40 MicroBench
07:02:31        8 root      20   0   17708  12456   6692 R 100.0   0.1   0:05.56 MicroBench
07:02:31        8 root      20   0   17708  12456   6692 R 100.0   0.1   0:05.72 MicroBench
07:02:31        8 root      20   0   17708  12456   6692 R 100.0   0.1   0:05.89 MicroBench
07:02:32        8 root      20   0   17708  12456   6692 R  93.3   0.1   0:06.05 MicroBench
07:02:32        8 root      20   0   17708  12456   6692 R  93.8   0.1   0:06.22 MicroBench
07:02:32        8 root      20   0   17708  12456   6692 R 100.0   0.1   0:06.39 MicroBench
07:02:32        8 root      20   0   17708  12456   6692 R 100.0   0.1   0:06.55 MicroBench
07:02:32        8 root      20   0   17708  12456   6692 R  93.3   0.1   0:06.70 MicroBench
07:02:32        8 root      20   0   17708  12456   6692 R 100.0   0.1   0:06.87 MicroBench
07:02:33        8 root      20   0   17708  12456   6692 R 100.0   0.1   0:07.03 MicroBench
07:02:33        8 root      20   0   17708  12456   6692 R 100.0   0.1   0:07.20 MicroBench
07:02:33        8 root      20   0   17708  12456   6692 R  93.8   0.1   0:07.37 MicroBench
07:02:33        8 root      20   0   17708  12456   6692 R 100.0   0.1   0:07.53 MicroBench
07:02:33        8 root      20   0   17708  12456   6692 R 100.0   0.1   0:07.69 MicroBench
07:02:33        8 root      20   0   17708  12456   6692 R 100.0   0.1   0:07.86 MicroBench
07:02:34        8 root      20   0   17708  12456   6692 R  93.8   0.1   0:08.02 MicroBench
07:02:34        8 root      20   0   17708  12456   6692 R 100.0   0.1   0:08.18 MicroBench
07:02:34        8 root      20   0   17708  12456   6692 R 100.0   0.1   0:08.35 MicroBench
07:02:34        8 root      20   0   17708  12456   6692 R 100.0   0.1   0:08.51 MicroBench
07:02:34        8 root      20   0   17708  12456   6692 R 100.0   0.1   0:08.67 MicroBench
07:02:34        8 root      20   0   17708  12456   6692 R 100.0   0.1   0:08.83 MicroBench
07:02:35        8 root      20   0   17708  12456   6692 R 100.0   0.1   0:08.99 MicroBench
07:02:35        8 root      20   0   17708  12456   6692 R 100.0   0.1   0:09.16 MicroBench
07:02:35        8 root      20   0   17708  12456   6692 R 100.0   0.1   0:09.32 MicroBench
07:02:35        8 root      20   0   17708  12456   6692 R 100.0   0.1   0:09.49 MicroBench
07:02:35        8 root      20   0   17708  12456   6692 R 100.0   0.1   0:09.65 MicroBench
07:02:35        8 root      20   0   17708  12456   6692 R  93.3   0.1   0:09.81 MicroBench
07:02:36        8 root      20   0   17708  12456   6692 R 100.0   0.1   0:09.98 MicroBench
07:02:36        8 root      20   0   17708  12456   6692 R 100.0   0.1   0:10.14 MicroBench
07:02:36        8 root      20   0   17708  12456   6692 R  93.8   0.1   0:10.30 MicroBench
07:02:36        8 root      20   0   17708  12456   6692 R 100.0   0.1   0:10.46 MicroBench
07:02:36        8 root      20   0   17708  12456   6692 R  93.3   0.1   0:10.62 MicroBench
07:02:36        8 root      20   0   17708  12456   6692 R 100.0   0.1   0:10.79 MicroBench
07:02:37        8 root      20   0   17708  12456   6692 R 100.0   0.1   0:10.96 MicroBench
07:02:37        8 root      20   0   17708  12456   6692 R 100.0   0.1   0:11.12 MicroBench
07:02:37        8 root      20   0   17708  12456   6692 R 100.0   0.1   0:11.28 MicroBench
07:02:37        8 root      20   0   17708  12456   6692 R  93.3   0.1   0:11.44 MicroBench
07:02:37        8 root      20   0   17708  12456   6692 R 100.0   0.1   0:11.61 MicroBench
07:02:37        8 root      20   0   17708  12456   6692 R 100.0   0.1   0:11.77 MicroBench
07:02:38        8 root      20   0   17708  12456   6692 R 100.0   0.1   0:11.93 MicroBench
07:02:38        8 root      20   0   17708  12456   6692 R 100.0   0.1   0:12.09 MicroBench
07:02:38        8 root      20   0   17708  12456   6692 R 100.0   0.1   0:12.26 MicroBench
07:02:38        8 root      20   0   17708  12456   6692 R 100.0   0.1   0:12.42 MicroBench
07:02:38        8 root      20   0   17708  12456   6692 R 100.0   0.1   0:12.58 MicroBench
07:02:38        8 root      20   0   17708  12456   6692 R 100.0   0.1   0:12.75 MicroBench
07:02:39        8 root      20   0   17708  12456   6692 R  93.8   0.1   0:12.92 MicroBench
07:02:39        8 root      20   0   17708  12456   6692 R 100.0   0.1   0:13.08 MicroBench
07:02:39        8 root      20   0   17708  12456   6692 R 100.0   0.1   0:13.25 MicroBench
07:02:39        8 root      20   0   21668  16416   6692 R  93.8   0.1   0:13.42 MicroBench
07:02:39        8 root      20   0   21668  16416   6692 R 100.0   0.1   0:13.58 MicroBench
07:02:39        8 root      20   0   21668  16416   6692 R 100.0   0.1   0:13.74 MicroBench
07:02:40        8 root      20   0   21668  16416   6692 R 100.0   0.1   0:13.90 MicroBench
07:02:40        8 root      20   0   21668  16416   6692 R 100.0   0.1   0:14.07 MicroBench
07:02:40        8 root      20   0   21668  16416   6692 R 100.0   0.1   0:14.23 MicroBench
07:02:40        8 root      20   0   21668  16416   6692 R 100.0   0.1   0:14.40 MicroBench
07:02:40        8 root      20   0   21668  16416   6692 R 100.0   0.1   0:14.55 MicroBench
07:02:40        8 root      20   0   21668  16416   6692 R  93.8   0.1   0:14.71 MicroBench
07:02:40        8 root      20   0   21668  16416   6692 R 100.0   0.1   0:14.88 MicroBench
07:02:41        8 root      20   0   21668  16416   6692 R 100.0   0.1   0:15.04 MicroBench
07:02:41        8 root      20   0   21668  16416   6692 R 100.0   0.1   0:15.21 MicroBench
07:02:41        8 root      20   0   21668  16416   6692 R 100.0   0.1   0:15.37 MicroBench
07:02:41        8 root      20   0   21668  16416   6692 R 100.0   0.1   0:15.53 MicroBench
07:02:41        8 root      20   0   21668  16416   6692 R 100.0   0.1   0:15.70 MicroBench
07:02:41        8 root      20   0   21668  16416   6692 R 100.0   0.1   0:15.87 MicroBench
07:02:42        8 root      20   0   21668  16416   6692 R  93.8   0.1   0:16.03 MicroBench
07:02:42        8 root      20   0   21668  16416   6692 R 100.0   0.1   0:16.20 MicroBench
07:02:42        8 root      20   0   21668  16416   6692 R 100.0   0.1   0:16.36 MicroBench
07:02:42        8 root      20   0   21668  16416   6692 R  93.8   0.1   0:16.52 MicroBench
07:02:42        8 root      20   0   21668  16416   6692 R 100.0   0.1   0:16.69 MicroBench
07:02:42        8 root      20   0   21668  16416   6692 R 100.0   0.1   0:16.85 MicroBench
07:02:43        8 root      20   0   21668  16416   6692 R 100.0   0.1   0:17.01 MicroBench
07:02:43        8 root      20   0   21668  16416   6692 R 100.0   0.1   0:17.17 MicroBench
07:02:43        8 root      20   0   21668  16416   6692 R 100.0   0.1   0:17.33 MicroBench
07:02:43        8 root      20   0   21668  16416   6692 R 100.0   0.1   0:17.49 MicroBench
07:02:43        8 root      20   0   21668  16416   6692 R 100.0   0.1   0:17.66 MicroBench
07:02:43        8 root      20   0   21668  16416   6692 R 100.0   0.1   0:17.82 MicroBench
07:02:44        8 root      20   0   21668  16416   6692 R 100.0   0.1   0:17.99 MicroBench
07:02:44        8 root      20   0   21668  16416   6692 R 100.0   0.1   0:18.16 MicroBench
07:02:44        8 root      20   0   21668  16416   6692 R 100.0   0.1   0:18.32 MicroBench
07:02:44        8 root      20   0   21668  16416   6692 R  93.8   0.1   0:18.49 MicroBench
07:02:44        8 root      20   0   21668  16416   6692 R  93.3   0.1   0:18.65 MicroBench
07:02:44        8 root      20   0   21668  16416   6692 R 100.0   0.1   0:18.82 MicroBench
07:02:45        8 root      20   0   21668  16416   6692 R 100.0   0.1   0:18.98 MicroBench
07:02:45        8 root      20   0   21668  16416   6692 R 100.0   0.1   0:19.14 MicroBench
07:02:45        8 root      20   0   21668  16416   6692 R  93.3   0.1   0:19.30 MicroBench
07:02:45        8 root      20   0   21668  16416   6692 R  93.3   0.1   0:19.46 MicroBench
07:02:45        8 root      20   0   21668  16416   6692 R 100.0   0.1   0:19.63 MicroBench
07:02:45        8 root      20   0   21668  16416   6692 R 100.0   0.1   0:19.79 MicroBench
07:02:46        8 root      20   0   21668  16416   6692 R  93.3   0.1   0:19.94 MicroBench
07:02:46        8 root      20   0   21668  16416   6692 R 100.0   0.1   0:20.13 MicroBench
07:02:46        8 root      20   0   21668  16416   6692 R 100.0   0.1   0:20.29 MicroBench
07:02:46        8 root      20   0   21668  16416   6692 R 100.0   0.1   0:20.46 MicroBench
07:02:46        8 root      20   0   21668  16416   6692 R 100.0   0.1   0:20.63 MicroBench
07:02:46        8 root      20   0   21668  16416   6692 R 100.0   0.1   0:20.79 MicroBench
07:02:47        8 root      20   0   21668  16416   6692 R 100.0   0.1   0:20.95 MicroBench
07:02:47        8 root      20   0   21668  16416   6692 R 100.0   0.1   0:21.11 MicroBench
07:02:47        8 root      20   0   21668  16416   6692 R 100.0   0.1   0:21.27 MicroBench
07:02:47        8 root      20   0   21668  16416   6692 R 100.0   0.1   0:21.43 MicroBench
07:02:47        8 root      20   0   21668  16416   6692 R 100.0   0.1   0:21.60 MicroBench
07:02:47        8 root      20   0   21668  16416   6692 R 100.0   0.1   0:21.76 MicroBench
07:02:48        8 root      20   0   21668  16416   6692 R  93.8   0.1   0:21.92 MicroBench
07:02:48        8 root      20   0   21668  16416   6692 R 100.0   0.1   0:22.08 MicroBench
07:02:48        8 root      20   0   21668  16416   6692 R 100.0   0.1   0:22.24 MicroBench
07:02:48        8 root      20   0   21668  16416   6692 R 100.0   0.1   0:22.40 MicroBench
07:02:48        8 root      20   0   21668  16416   6692 R 100.0   0.1   0:22.56 MicroBench
07:02:48        8 root      20   0   21668  16416   6692 R  93.3   0.1   0:22.72 MicroBench
07:02:49        8 root      20   0   21668  16416   6692 R 100.0   0.1   0:22.89 MicroBench
07:02:49        8 root      20   0   21668  16416   6692 R 100.0   0.1   0:23.05 MicroBench
07:02:49        8 root      20   0   21668  16416   6692 R 100.0   0.1   0:23.21 MicroBench
07:02:49        8 root      20   0   21668  16416   6692 R 100.0   0.1   0:23.37 MicroBench
07:02:49        8 root      20   0   21668  16416   6692 R  93.3   0.1   0:23.53 MicroBench
07:02:49        8 root      20   0   21668  16416   6692 R 100.0   0.1   0:23.70 MicroBench
07:02:49        8 root      20   0   21668  16416   6692 R 100.0   0.1   0:23.86 MicroBench
07:02:50        8 root      20   0   21668  16416   6692 R 100.0   0.1   0:24.03 MicroBench
07:02:50        8 root      20   0   21668  16416   6692 R 100.0   0.1   0:24.19 MicroBench
Avg reg. time: 41497645
Avg opt. time: 35246271
Median reg. time: 41497645
Median opt. time: 35246271
07:02:50  MicroBench not found.
MicroBench process has exited. Monitoring script will terminate.
