Args:
  Field size              : 2748779069441
  l                       : 64
  t                       : 40
  Number of parties        : 1024
  Number of repeats        : 1
  Monitor sleep time (ms) : 1

Started ./MicroBench with PID: 8
07:08:35        8 root      20   0   14160   8756   6628 R 100.0   0.1   0:00.15 MicroBench
07:08:35        8 root      20   0   14160   8756   6628 R 100.0   0.1   0:00.33 MicroBench
07:08:35        8 root      20   0   14160   8756   6628 R 100.0   0.1   0:00.50 MicroBench
07:08:35        8 root      20   0   14160   8756   6628 R 100.0   0.1   0:00.67 MicroBench
07:08:35        8 root      20   0   14160   8756   6628 R 100.0   0.1   0:00.83 MicroBench
07:08:35        8 root      20   0   14160   8756   6628 R 100.0   0.1   0:01.00 MicroBench
07:08:36        8 root      20   0   14160   8756   6628 R 100.0   0.1   0:01.17 MicroBench
07:08:36        8 root      20   0   14160   8756   6628 R 100.0   0.1   0:01.34 MicroBench
07:08:36        8 root      20   0   14160   8756   6628 R 100.0   0.1   0:01.51 MicroBench
07:08:36        8 root      20   0   14160   8756   6628 R 100.0   0.1   0:01.68 MicroBench
07:08:36        8 root      20   0   14160   8756   6628 R 100.0   0.1   0:01.84 MicroBench
07:08:36        8 root      20   0   14160   8756   6628 R 100.0   0.1   0:02.01 MicroBench
07:08:37        8 root      20   0   14160   8756   6628 R 100.0   0.1   0:02.18 MicroBench
07:08:37        8 root      20   0   14160   8756   6628 R 100.0   0.1   0:02.35 MicroBench
07:08:37        8 root      20   0   14160   8756   6628 R 100.0   0.1   0:02.51 MicroBench
07:08:37        8 root      20   0   14160   8756   6628 R  93.8   0.1   0:02.69 MicroBench
07:08:37        8 root      20   0   14160   8756   6628 R 100.0   0.1   0:02.86 MicroBench
07:08:37        8 root      20   0   14160   8756   6628 R 100.0   0.1   0:03.03 MicroBench
07:08:38        8 root      20   0   14160   8756   6628 R  93.3   0.1   0:03.19 MicroBench
07:08:38        8 root      20   0   14160   8756   6628 R 100.0   0.1   0:03.36 MicroBench
07:08:38        8 root      20   0   14160   8756   6628 R 100.0   0.1   0:03.53 MicroBench
07:08:38        8 root      20   0   14160   8756   6628 R 100.0   0.1   0:03.70 MicroBench
07:08:38        8 root      20   0   14148   9024   6628 R  93.8   0.1   0:03.87 MicroBench
07:08:38        8 root      20   0   14148   9024   6628 R 100.0   0.1   0:04.04 MicroBench
07:08:39        8 root      20   0   14148   9024   6628 R  93.8   0.1   0:04.22 MicroBench
07:08:39        8 root      20   0   14148   9024   6628 R 100.0   0.1   0:04.39 MicroBench
07:08:39        8 root      20   0   14148   9024   6628 R 100.0   0.1   0:04.55 MicroBench
07:08:39        8 root      20   0   14148   9024   6628 R 100.0   0.1   0:04.73 MicroBench
07:08:39        8 root      20   0   14148   9024   6628 R 100.0   0.1   0:04.89 MicroBench
07:08:39        8 root      20   0   14148   9024   6628 R 100.0   0.1   0:05.06 MicroBench
07:08:40        8 root      20   0   14148   9024   6628 R 100.0   0.1   0:05.23 MicroBench
07:08:40        8 root      20   0   14148   9024   6628 R 100.0   0.1   0:05.40 MicroBench
07:08:40        8 root      20   0   14148   9024   6628 R 100.0   0.1   0:05.57 MicroBench
07:08:40        8 root      20   0   14148   9024   6628 R  93.8   0.1   0:05.74 MicroBench
07:08:40        8 root      20   0   14148   9024   6628 R 100.0   0.1   0:05.91 MicroBench
07:08:41        8 root      20   0   14148   9024   6628 R 100.0   0.1   0:06.09 MicroBench
07:08:41        8 root      20   0   14148   9024   6628 R 100.0   0.1   0:06.26 MicroBench
07:08:41        8 root      20   0   14140   9016   6628 R 100.0   0.1   0:06.43 MicroBench
07:08:41        8 root      20   0   14140   9016   6628 R 100.0   0.1   0:06.60 MicroBench
07:08:41        8 root      20   0   14140   9016   6628 R 100.0   0.1   0:06.76 MicroBench
07:08:41        8 root      20   0   14140   9016   6628 R 100.0   0.1   0:06.94 MicroBench
07:08:42        8 root      20   0   14140   9016   6628 R 100.0   0.1   0:07.11 MicroBench
07:08:42        8 root      20   0   14140   9016   6628 R 100.0   0.1   0:07.27 MicroBench
07:08:42        8 root      20   0   14140   9016   6628 R 100.0   0.1   0:07.44 MicroBench
07:08:42        8 root      20   0   14120   8996   6628 R 100.0   0.1   0:07.61 MicroBench
07:08:42        8 root      20   0   14120   8996   6628 R 100.0   0.1   0:07.78 MicroBench
07:08:42        8 root      20   0   14120   8996   6628 R  93.8   0.1   0:07.95 MicroBench
07:08:43        8 root      20   0   14220   9000   6628 R  93.8   0.1   0:08.12 MicroBench
07:08:43        8 root      20   0   14204   9016   6628 R 100.0   0.1   0:08.28 MicroBench
07:08:43        8 root      20   0   14204   9016   6628 R 100.0   0.1   0:08.45 MicroBench
07:08:43        8 root      20   0   14200   9016   6628 R 100.0   0.1   0:08.63 MicroBench
07:08:43        8 root      20   0   14200   9016   6628 R 100.0   0.1   0:08.80 MicroBench
07:08:43        8 root      20   0   19968  14616   6692 R  86.7   0.1   0:08.95 MicroBench
07:08:44        8 root      20   0   19968  14616   6692 R 100.0   0.1   0:09.12 MicroBench
07:08:44        8 root      20   0   19968  14616   6692 R 100.0   0.1   0:09.29 MicroBench
07:08:44        8 root      20   0   19968  14616   6692 R 100.0   0.1   0:09.46 MicroBench
07:08:44        8 root      20   0   19968  14616   6692 R 100.0   0.1   0:09.63 MicroBench
07:08:44        8 root      20   0   19968  14616   6692 R 100.0   0.1   0:09.80 MicroBench
07:08:44        8 root      20   0   19968  14616   6692 R 100.0   0.1   0:09.97 MicroBench
07:08:45        8 root      20   0   19968  14616   6692 R 100.0   0.1   0:10.14 MicroBench
07:08:45        8 root      20   0   19968  14616   6692 R 100.0   0.1   0:10.30 MicroBench
07:08:45        8 root      20   0   19968  14616   6692 R 100.0   0.1   0:10.47 MicroBench
07:08:45        8 root      20   0   19968  14616   6692 R 100.0   0.1   0:10.64 MicroBench
07:08:45        8 root      20   0   19968  14616   6692 R 100.0   0.1   0:10.83 MicroBench
07:08:45        8 root      20   0   19968  14616   6692 R  93.8   0.1   0:10.99 MicroBench
07:08:46        8 root      20   0   19968  14616   6692 R 100.0   0.1   0:11.17 MicroBench
07:08:46        8 root      20   0   19968  14616   6692 R 100.0   0.1   0:11.34 MicroBench
07:08:46        8 root      20   0   19968  14616   6692 R 100.0   0.1   0:11.51 MicroBench
07:08:46        8 root      20   0   19968  14616   6692 R 100.0   0.1   0:11.67 MicroBench
07:08:46        8 root      20   0   19968  14616   6692 R 100.0   0.1   0:11.84 MicroBench
07:08:46        8 root      20   0   19968  14616   6692 R  93.8   0.1   0:12.01 MicroBench
07:08:47        8 root      20   0   19968  14616   6692 R 100.0   0.1   0:12.18 MicroBench
07:08:47        8 root      20   0   19968  14616   6692 R 100.0   0.1   0:12.35 MicroBench
07:08:47        8 root      20   0   19968  14616   6692 R 100.0   0.1   0:12.52 MicroBench
07:08:47        8 root      20   0   19968  14616   6692 R 100.0   0.1   0:12.68 MicroBench
07:08:47        8 root      20   0   19968  14616   6692 R 100.0   0.1   0:12.85 MicroBench
07:08:47        8 root      20   0   19968  14616   6692 R  93.8   0.1   0:13.02 MicroBench
07:08:48        8 root      20   0   19968  14616   6692 R 100.0   0.1   0:13.19 MicroBench
07:08:48        8 root      20   0   19968  14616   6692 R 100.0   0.1   0:13.36 MicroBench
07:08:48        8 root      20   0   19968  14616   6692 R 100.0   0.1   0:13.53 MicroBench
07:08:48        8 root      20   0   19968  14616   6692 R 100.0   0.1   0:13.69 MicroBench
07:08:48        8 root      20   0   19968  14616   6692 R 100.0   0.1   0:13.86 MicroBench
07:08:48        8 root      20   0   19968  14616   6692 R 100.0   0.1   0:14.03 MicroBench
07:08:49        8 root      20   0   19968  14616   6692 R 100.0   0.1   0:14.20 MicroBench
07:08:49        8 root      20   0   19968  14616   6692 R  93.8   0.1   0:14.37 MicroBench
07:08:49        8 root      20   0   19968  14616   6692 R 100.0   0.1   0:14.54 MicroBench
07:08:49        8 root      20   0   19968  14616   6692 R 100.0   0.1   0:14.70 MicroBench
07:08:49        8 root      20   0   19968  14616   6692 R 100.0   0.1   0:14.87 MicroBench
07:08:49        8 root      20   0   19968  14616   6692 R 100.0   0.1   0:15.04 MicroBench
07:08:50        8 root      20   0   19968  14616   6692 R 100.0   0.1   0:15.21 MicroBench
07:08:50        8 root      20   0   19968  14616   6692 R  87.5   0.1   0:15.37 MicroBench
07:08:50        8 root      20   0   19968  14616   6692 R 100.0   0.1   0:15.54 MicroBench
07:08:50        8 root      20   0   19968  14616   6692 R 100.0   0.1   0:15.71 MicroBench
07:08:50        8 root      20   0   19968  14616   6692 R 100.0   0.1   0:15.89 MicroBench
07:08:50        8 root      20   0   19968  14616   6692 R 100.0   0.1   0:16.06 MicroBench
07:08:51        8 root      20   0   19968  14616   6692 R 100.0   0.1   0:16.22 MicroBench
07:08:51        8 root      20   0   19968  14616   6692 R  93.8   0.1   0:16.39 MicroBench
07:08:51        8 root      20   0   19968  14616   6692 R 100.0   0.1   0:16.56 MicroBench
07:08:51        8 root      20   0   19968  14616   6692 R 100.0   0.1   0:16.74 MicroBench
07:08:51        8 root      20   0   19968  14616   6692 R 100.0   0.1   0:16.91 MicroBench
07:08:52        8 root      20   0   19968  14616   6692 R 100.0   0.1   0:17.07 MicroBench
07:08:52        8 root      20   0   19968  14616   6692 R  93.8   0.1   0:17.24 MicroBench
07:08:52        8 root      20   0   19968  14616   6692 R 100.0   0.1   0:17.41 MicroBench
07:08:52        8 root      20   0   19968  14616   6692 R 100.0   0.1   0:17.58 MicroBench
07:08:52        8 root      20   0   19968  14616   6692 R 100.0   0.1   0:17.74 MicroBench
07:08:52        8 root      20   0   19968  14616   6692 R 100.0   0.1   0:17.91 MicroBench
07:08:53        8 root      20   0   19968  14616   6692 R 100.0   0.1   0:18.08 MicroBench
07:08:53        8 root      20   0   19968  14616   6692 R 100.0   0.1   0:18.25 MicroBench
07:08:53        8 root      20   0   19968  14616   6692 R  93.8   0.1   0:18.42 MicroBench
07:08:53        8 root      20   0   19968  14616   6692 R 100.0   0.1   0:18.59 MicroBench
07:08:53        8 root      20   0   19968  14616   6692 R 100.0   0.1   0:18.76 MicroBench
07:08:53        8 root      20   0   19968  14616   6692 R 100.0   0.1   0:18.93 MicroBench
07:08:54        8 root      20   0   19968  14616   6692 R 100.0   0.1   0:19.10 MicroBench
07:08:54        8 root      20   0   19968  14616   6692 R 100.0   0.1   0:19.27 MicroBench
07:08:54        8 root      20   0   19968  14616   6692 R  93.3   0.1   0:19.43 MicroBench
07:08:54        8 root      20   0   19968  14616   6692 R 100.0   0.1   0:19.60 MicroBench
07:08:54        8 root      20   0   19968  14616   6692 R 100.0   0.1   0:19.77 MicroBench
07:08:54        8 root      20   0   19968  14616   6692 R 100.0   0.1   0:19.94 MicroBench
07:08:55        8 root      20   0   19968  14616   6692 R 100.0   0.1   0:20.11 MicroBench
07:08:55        8 root      20   0   19968  14616   6692 R 100.0   0.1   0:20.28 MicroBench
07:08:55        8 root      20   0   19968  14616   6692 R  93.8   0.1   0:20.44 MicroBench
07:08:55        8 root      20   0   19968  14616   6692 R 100.0   0.1   0:20.61 MicroBench
07:08:55        8 root      20   0   19968  14616   6692 R 100.0   0.1   0:20.79 MicroBench
07:08:55        8 root      20   0   19968  14616   6692 R  93.3   0.1   0:20.95 MicroBench
07:08:56        8 root      20   0   19968  14616   6692 R 100.0   0.1   0:21.13 MicroBench
07:08:56        8 root      20   0   19968  14616   6692 R  93.8   0.1   0:21.29 MicroBench
07:08:56        8 root      20   0   19968  14616   6692 R 100.0   0.1   0:21.46 MicroBench
07:08:56        8 root      20   0   19968  14616   6692 R 100.0   0.1   0:21.63 MicroBench
07:08:56        8 root      20   0   19968  14616   6692 R 100.0   0.1   0:21.80 MicroBench
07:08:56        8 root      20   0   19968  14616   6692 R 100.0   0.1   0:21.96 MicroBench
07:08:57        8 root      20   0   19968  14616   6692 R 100.0   0.1   0:22.13 MicroBench
07:08:57        8 root      20   0   19968  14616   6692 R  93.8   0.1   0:22.30 MicroBench
07:08:57        8 root      20   0   19968  14616   6692 R  73.3   0.1   0:22.43 MicroBench
07:08:57        8 root      20   0   19968  14616   6692 R 100.0   0.1   0:22.60 MicroBench
07:08:57        8 root      20   0   19968  14616   6692 R 100.0   0.1   0:22.77 MicroBench
07:08:57        8 root      20   0   19968  14616   6692 R  93.8   0.1   0:22.94 MicroBench
07:08:58        8 root      20   0   19968  14616   6692 R 100.0   0.1   0:23.11 MicroBench
07:08:58        8 root      20   0   19968  14616   6692 R 100.0   0.1   0:23.27 MicroBench
07:08:58        8 root      20   0   19968  14616   6692 R 100.0   0.1   0:23.44 MicroBench
07:08:58        8 root      20   0   19968  14616   6692 R 100.0   0.1   0:23.61 MicroBench
07:08:58        8 root      20   0   19968  14616   6692 R 100.0   0.1   0:23.78 MicroBench
07:08:58        8 root      20   0   19968  14616   6692 R 100.0   0.1   0:23.95 MicroBench
07:08:59        8 root      20   0   19968  14616   6692 R 100.0   0.1   0:24.12 MicroBench
07:08:59        8 root      20   0   19968  14616   6692 R 100.0   0.1   0:24.28 MicroBench
07:08:59        8 root      20   0   19968  14616   6692 R 100.0   0.1   0:24.46 MicroBench
07:08:59        8 root      20   0   19968  14616   6692 R 100.0   0.1   0:24.63 MicroBench
07:08:59        8 root      20   0   19968  14616   6692 R  93.3   0.1   0:24.79 MicroBench
07:08:59        8 root      20   0   19968  14616   6692 R 100.0   0.1   0:24.96 MicroBench
07:09:00        8 root      20   0   19968  14616   6692 R 100.0   0.1   0:25.13 MicroBench
07:09:00        8 root      20   0   19968  14616   6692 R 100.0   0.1   0:25.30 MicroBench
07:09:00        8 root      20   0   19968  14616   6692 R 100.0   0.1   0:25.47 MicroBench
07:09:00        8 root      20   0   19968  14616   6692 R 100.0   0.1   0:25.64 MicroBench
07:09:00        8 root      20   0   19968  14616   6692 R 100.0   0.1   0:25.80 MicroBench
07:09:00        8 root      20   0   19968  14616   6692 R 100.0   0.1   0:25.97 MicroBench
07:09:01        8 root      20   0   19968  14616   6692 R  93.8   0.1   0:26.14 MicroBench
07:09:01        8 root      20   0   19968  14616   6692 R 100.0   0.1   0:26.31 MicroBench
07:09:01        8 root      20   0   19968  14616   6692 R 100.0   0.1   0:26.48 MicroBench
07:09:01        8 root      20   0   19968  14616   6692 R 100.0   0.1   0:26.65 MicroBench
07:09:01        8 root      20   0   19968  14616   6692 R 100.0   0.1   0:26.82 MicroBench
07:09:01        8 root      20   0   19968  14616   6692 R 100.0   0.1   0:26.99 MicroBench
07:09:02        8 root      20   0   19968  14616   6692 R 100.0   0.1   0:27.16 MicroBench
07:09:02        8 root      20   0   19968  14616   6692 R 100.0   0.1   0:27.33 MicroBench
07:09:02        8 root      20   0   19968  14616   6692 R 100.0   0.1   0:27.50 MicroBench
07:09:02        8 root      20   0   19968  14616   6692 R 100.0   0.1   0:27.66 MicroBench
07:09:02        8 root      20   0   19968  14616   6692 R 100.0   0.1   0:27.83 MicroBench
07:09:02        8 root      20   0   19968  14616   6692 R 100.0   0.1   0:28.00 MicroBench
07:09:03        8 root      20   0   19968  14616   6692 R 100.0   0.1   0:28.17 MicroBench
07:09:03        8 root      20   0   19968  14616   6692 R  93.8   0.1   0:28.35 MicroBench
07:09:03        8 root      20   0   19968  14616   6692 R 100.0   0.1   0:28.51 MicroBench
07:09:03        8 root      20   0   19968  14616   6692 R 100.0   0.1   0:28.68 MicroBench
07:09:03        8 root      20   0   19968  14616   6692 R 100.0   0.1   0:28.85 MicroBench
07:09:04        8 root      20   0   19968  14616   6692 R 100.0   0.1   0:29.02 MicroBench
07:09:04        8 root      20   0   19968  14616   6692 R 100.0   0.1   0:29.19 MicroBench
07:09:04        8 root      20   0   19968  14616   6692 R 100.0   0.1   0:29.36 MicroBench
07:09:04        8 root      20   0   19968  14616   6692 R  93.8   0.1   0:29.52 MicroBench
07:09:04        8 root      20   0   19968  14616   6692 R 100.0   0.1   0:29.69 MicroBench
07:09:04        8 root      20   0   19968  14616   6692 R 100.0   0.1   0:29.86 MicroBench
07:09:05        8 root      20   0   19968  14616   6692 R 100.0   0.1   0:30.03 MicroBench
07:09:05        8 root      20   0   19968  14616   6692 R  93.3   0.1   0:30.19 MicroBench
07:09:05        8 root      20   0   19968  14616   6692 R 100.0   0.1   0:30.37 MicroBench
07:09:05        8 root      20   0   19968  14616   6692 R 100.0   0.1   0:30.54 MicroBench
07:09:05        8 root      20   0   19968  14616   6692 R 100.0   0.1   0:30.71 MicroBench
07:09:05        8 root      20   0   19968  14616   6692 R 100.0   0.1   0:30.88 MicroBench
07:09:06        8 root      20   0   19968  14616   6692 R 100.0   0.1   0:31.04 MicroBench
07:09:06        8 root      20   0   19968  14616   6692 R  93.8   0.1   0:31.22 MicroBench
07:09:06        8 root      20   0   19968  14616   6692 R 100.0   0.1   0:31.39 MicroBench
07:09:06        8 root      20   0   19968  14616   6692 R 100.0   0.1   0:31.56 MicroBench
07:09:06        8 root      20   0   19968  14616   6692 R 100.0   0.1   0:31.72 MicroBench
07:09:06        8 root      20   0   19968  14616   6692 R  93.8   0.1   0:31.90 MicroBench
07:09:07        8 root      20   0   19968  14616   6692 R 100.0   0.1   0:32.07 MicroBench
07:09:07        8 root      20   0   19968  14616   6692 R 100.0   0.1   0:32.23 MicroBench
07:09:07        8 root      20   0   19968  14616   6692 R 100.0   0.1   0:32.40 MicroBench
07:09:07        8 root      20   0   19968  14616   6692 R 100.0   0.1   0:32.57 MicroBench
07:09:07        8 root      20   0   19968  14616   6692 R 100.0   0.1   0:32.74 MicroBench
07:09:07        8 root      20   0   19968  14616   6692 R  93.8   0.1   0:32.91 MicroBench
07:09:08        8 root      20   0   19968  14616   6692 R 100.0   0.1   0:33.08 MicroBench
07:09:08        8 root      20   0   19968  14616   6692 R 100.0   0.1   0:33.25 MicroBench
07:09:08        8 root      20   0   19968  14616   6692 R 100.0   0.1   0:33.42 MicroBench
07:09:08        8 root      20   0   19968  14616   6692 R 100.0   0.1   0:33.59 MicroBench
07:09:08        8 root      20   0   19968  14616   6692 R 100.0   0.1   0:33.76 MicroBench
07:09:08        8 root      20   0   19968  14616   6692 R 100.0   0.1   0:33.93 MicroBench
07:09:09        8 root      20   0   19968  14616   6692 R 100.0   0.1   0:34.09 MicroBench
07:09:09        8 root      20   0   19968  14616   6692 R  93.8   0.1   0:34.26 MicroBench
07:09:09        8 root      20   0   19968  14616   6692 R 100.0   0.1   0:34.43 MicroBench
07:09:09        8 root      20   0   19968  14616   6692 R 100.0   0.1   0:34.60 MicroBench
07:09:09        8 root      20   0   19968  14616   6692 R 100.0   0.1   0:34.77 MicroBench
07:09:09        8 root      20   0   19968  14616   6692 R 100.0   0.1   0:34.95 MicroBench
07:09:10        8 root      20   0   19968  14616   6692 R 100.0   0.1   0:35.12 MicroBench
07:09:10        8 root      20   0   19968  14616   6692 R 100.0   0.1   0:35.29 MicroBench
07:09:10        8 root      20   0   19968  14616   6692 R 100.0   0.1   0:35.46 MicroBench
07:09:10        8 root      20   0   19968  14616   6692 R 100.0   0.1   0:35.63 MicroBench
07:09:10        8 root      20   0   19968  14616   6692 R 100.0   0.1   0:35.79 MicroBench
07:09:10        8 root      20   0   19968  14616   6692 R 100.0   0.1   0:35.96 MicroBench
07:09:11        8 root      20   0   19968  14616   6692 R 100.0   0.1   0:36.13 MicroBench
07:09:11        8 root      20   0   19968  14616   6692 R 100.0   0.1   0:36.30 MicroBench
07:09:11        8 root      20   0   19968  14616   6692 R 100.0   0.1   0:36.47 MicroBench
07:09:11        8 root      20   0   19968  14616   6692 R 100.0   0.1   0:36.64 MicroBench
07:09:11        8 root      20   0   19968  14616   6692 R  93.8   0.1   0:36.80 MicroBench
07:09:12        8 root      20   0   19968  14616   6692 R 100.0   0.1   0:36.97 MicroBench
07:09:12        8 root      20   0   19968  14616   6692 R 100.0   0.1   0:37.14 MicroBench
07:09:12        8 root      20   0   19968  14616   6692 R 100.0   0.1   0:37.31 MicroBench
07:09:12        8 root      20   0   19968  14616   6692 R 100.0   0.1   0:37.48 MicroBench
07:09:12        8 root      20   0   19968  14616   6692 R 100.0   0.1   0:37.65 MicroBench
07:09:12        8 root      20   0   19968  14616   6692 R 100.0   0.1   0:37.81 MicroBench
07:09:13        8 root      20   0   19968  14616   6692 R  93.8   0.1   0:37.98 MicroBench
07:09:13        8 root      20   0   19968  14616   6692 R 100.0   0.1   0:38.16 MicroBench
07:09:13        8 root      20   0   19968  14616   6692 R 100.0   0.1   0:38.33 MicroBench
07:09:13        8 root      20   0   19968  14616   6692 R 100.0   0.1   0:38.49 MicroBench
07:09:13        8 root      20   0   19968  14616   6692 R 100.0   0.1   0:38.67 MicroBench
07:09:13        8 root      20   0   19968  14616   6692 R 100.0   0.1   0:38.84 MicroBench
07:09:14        8 root      20   0   19968  14616   6692 R  93.3   0.1   0:39.00 MicroBench
07:09:14        8 root      20   0   19968  14616   6692 R 100.0   0.1   0:39.17 MicroBench
07:09:14        8 root      20   0   19968  14616   6692 R 100.0   0.1   0:39.34 MicroBench
07:09:14        8 root      20   0   19968  14616   6692 R  93.8   0.1   0:39.51 MicroBench
07:09:14        8 root      20   0   19968  14616   6692 R 100.0   0.1   0:39.68 MicroBench
07:09:14        8 root      20   0   19968  14616   6692 R 100.0   0.1   0:39.85 MicroBench
07:09:15        8 root      20   0   19968  14616   6692 R  93.3   0.1   0:40.00 MicroBench
07:09:15        8 root      20   0   19968  14616   6692 R 100.0   0.1   0:40.17 MicroBench
07:09:15        8 root      20   0   19968  14616   6692 R  93.8   0.1   0:40.33 MicroBench
07:09:15        8 root      20   0   19968  14616   6692 R 100.0   0.1   0:40.50 MicroBench
07:09:15        8 root      20   0   19968  14616   6692 R 100.0   0.1   0:40.67 MicroBench
07:09:15        8 root      20   0   19968  14616   6692 R 100.0   0.1   0:40.84 MicroBench
07:09:16        8 root      20   0   19968  14616   6692 R 100.0   0.1   0:41.01 MicroBench
07:09:16        8 root      20   0   19968  14616   6692 R 100.0   0.1   0:41.18 MicroBench
07:09:16        8 root      20   0   19968  14616   6692 R 100.0   0.1   0:41.34 MicroBench
07:09:16        8 root      20   0   19968  14616   6692 R 100.0   0.1   0:41.51 MicroBench
07:09:16        8 root      20   0   19968  14616   6692 R  93.8   0.1   0:41.68 MicroBench
07:09:16        8 root      20   0   19968  14616   6692 R  93.8   0.1   0:41.85 MicroBench
07:09:17        8 root      20   0   19968  14616   6692 R 100.0   0.1   0:42.02 MicroBench
07:09:17        8 root      20   0   19968  14616   6692 R 100.0   0.1   0:42.19 MicroBench
07:09:17        8 root      20   0   19968  14616   6692 R 100.0   0.1   0:42.35 MicroBench
07:09:17        8 root      20   0   19968  14616   6692 R  93.8   0.1   0:42.53 MicroBench
07:09:17        8 root      20   0   19968  14616   6692 R  93.8   0.1   0:42.70 MicroBench
07:09:17        8 root      20   0   19968  14616   6692 R 100.0   0.1   0:42.86 MicroBench
07:09:18        8 root      20   0   19968  14616   6692 R 100.0   0.1   0:43.03 MicroBench
07:09:18        8 root      20   0   19968  14616   6692 R 100.0   0.1   0:43.21 MicroBench
07:09:18        8 root      20   0   19968  14616   6692 R 100.0   0.1   0:43.38 MicroBench
07:09:18        8 root      20   0   19968  14616   6692 R  93.3   0.1   0:43.54 MicroBench
07:09:18        8 root      20   0   19968  14616   6692 R 100.0   0.1   0:43.72 MicroBench
07:09:18        8 root      20   0   19968  14616   6692 R 100.0   0.1   0:43.89 MicroBench
07:09:19        8 root      20   0   19968  14616   6692 R  93.8   0.1   0:44.05 MicroBench
07:09:19        8 root      20   0   19968  14616   6692 R 100.0   0.1   0:44.22 MicroBench
07:09:19        8 root      20   0   19968  14616   6692 R 100.0   0.1   0:44.39 MicroBench
07:09:19        8 root      20   0   19968  14616   6692 R 100.0   0.1   0:44.56 MicroBench
07:09:19        8 root      20   0   19968  14616   6692 R 100.0   0.1   0:44.73 MicroBench
07:09:19        8 root      20   0   19968  14616   6692 R 100.0   0.1   0:44.90 MicroBench
07:09:20        8 root      20   0   19968  14616   6692 R 100.0   0.1   0:45.06 MicroBench
07:09:20        8 root      20   0   19968  14616   6692 R  93.8   0.1   0:45.23 MicroBench
07:09:20        8 root      20   0   19968  14616   6692 R 100.0   0.1   0:45.40 MicroBench
07:09:20        8 root      20   0   19968  14616   6692 R 100.0   0.1   0:45.57 MicroBench
07:09:20        8 root      20   0   19968  14616   6692 R  93.3   0.1   0:45.73 MicroBench
07:09:20        8 root      20   0   19968  14616   6692 R 100.0   0.1   0:45.92 MicroBench
07:09:21        8 root      20   0   19968  14616   6692 R 100.0   0.1   0:46.08 MicroBench
07:09:21        8 root      20   0   19968  14616   6692 R 100.0   0.1   0:46.25 MicroBench
07:09:21        8 root      20   0   19968  14616   6692 R  93.8   0.1   0:46.43 MicroBench
07:09:21        8 root      20   0   19968  14616   6692 R 100.0   0.1   0:46.60 MicroBench
07:09:21        8 root      20   0   19968  14616   6692 R 100.0   0.1   0:46.77 MicroBench
07:09:22        8 root      20   0   19968  14616   6692 R 100.0   0.1   0:46.93 MicroBench
07:09:22        8 root      20   0   19968  14616   6692 R 100.0   0.1   0:47.10 MicroBench
07:09:22        8 root      20   0   19968  14616   6692 R 100.0   0.1   0:47.27 MicroBench
07:09:22        8 root      20   0   19968  14616   6692 R 100.0   0.1   0:47.44 MicroBench
07:09:22        8 root      20   0   19968  14616   6692 R 100.0   0.1   0:47.61 MicroBench
07:09:22        8 root      20   0   19968  14616   6692 R 100.0   0.1   0:47.78 MicroBench
07:09:23        8 root      20   0   19968  14616   6692 R 100.0   0.1   0:47.95 MicroBench
07:09:23        8 root      20   0   19968  14616   6692 R 100.0   0.1   0:48.12 MicroBench
07:09:23        8 root      20   0   19968  14616   6692 R  93.8   0.1   0:48.28 MicroBench
07:09:23        8 root      20   0   19968  14616   6692 R 100.0   0.1   0:48.46 MicroBench
07:09:23        8 root      20   0   19968  14616   6692 R 100.0   0.1   0:48.62 MicroBench
07:09:23        8 root      20   0   19968  14616   6692 R 100.0   0.1   0:48.79 MicroBench
07:09:24        8 root      20   0   19968  14616   6692 R 100.0   0.1   0:48.96 MicroBench
07:09:24        8 root      20   0   19968  14616   6692 R 100.0   0.1   0:49.13 MicroBench
07:09:24        8 root      20   0   19968  14616   6692 R 100.0   0.1   0:49.30 MicroBench
07:09:24        8 root      20   0   19968  14616   6692 R 100.0   0.1   0:49.48 MicroBench
07:09:24        8 root      20   0   19968  14616   6692 R 100.0   0.1   0:49.65 MicroBench
07:09:24        8 root      20   0   19968  14616   6692 R 100.0   0.1   0:49.82 MicroBench
07:09:25        8 root      20   0   19968  14616   6692 R 100.0   0.1   0:49.98 MicroBench
07:09:25        8 root      20   0   19968  14616   6692 R 100.0   0.1   0:50.15 MicroBench
07:09:25        8 root      20   0   19968  14616   6692 R  93.8   0.1   0:50.32 MicroBench
07:09:25        8 root      20   0   19968  14616   6692 R 100.0   0.1   0:50.49 MicroBench
07:09:25        8 root      20   0   19968  14616   6692 R 100.0   0.1   0:50.66 MicroBench
07:09:25        8 root      20   0   19968  14616   6692 R 100.0   0.1   0:50.83 MicroBench
07:09:26        8 root      20   0   19968  14616   6692 R 100.0   0.1   0:50.99 MicroBench
07:09:26        8 root      20   0   19968  14616   6692 R 100.0   0.1   0:51.17 MicroBench
07:09:26        8 root      20   0   19968  14616   6692 R 100.0   0.1   0:51.34 MicroBench
07:09:26        8 root      20   0   19968  14616   6692 R 100.0   0.1   0:51.51 MicroBench
07:09:26        8 root      20   0   19968  14616   6692 R 100.0   0.1   0:51.68 MicroBench
07:09:26        8 root      20   0   19968  14616   6692 R 100.0   0.1   0:51.85 MicroBench
07:09:27        8 root      20   0   19968  14616   6692 R 100.0   0.1   0:52.02 MicroBench
07:09:27        8 root      20   0   19968  14616   6692 R 100.0   0.1   0:52.19 MicroBench
07:09:27        8 root      20   0   19968  14616   6692 R 100.0   0.1   0:52.36 MicroBench
07:09:27        8 root      20   0   19968  14616   6692 R  93.3   0.1   0:52.52 MicroBench
07:09:27        8 root      20   0   19968  14616   6692 R 100.0   0.1   0:52.70 MicroBench
07:09:27        8 root      20   0   19968  14616   6692 R  93.8   0.1   0:52.86 MicroBench
07:09:28        8 root      20   0   19968  14616   6692 R 100.0   0.1   0:53.03 MicroBench
07:09:28        8 root      20   0   19968  14616   6692 R 100.0   0.1   0:53.21 MicroBench
07:09:28        8 root      20   0   19968  14616   6692 R 100.0   0.1   0:53.38 MicroBench
07:09:28        8 root      20   0   19968  14616   6692 R 100.0   0.1   0:53.55 MicroBench
07:09:28        8 root      20   0   19968  14616   6692 R  93.8   0.1   0:53.72 MicroBench
07:09:28        8 root      20   0   19968  14616   6692 R  93.3   0.1   0:53.89 MicroBench
07:09:29        8 root      20   0   19968  14616   6692 R 100.0   0.1   0:54.06 MicroBench
07:09:29        8 root      20   0   19968  14616   6692 R 100.0   0.1   0:54.24 MicroBench
07:09:29        8 root      20   0   19968  14616   6692 R 100.0   0.1   0:54.42 MicroBench
07:09:29        8 root      20   0   19968  14616   6692 R 100.0   0.1   0:54.60 MicroBench
07:09:29        8 root      20   0   19968  14616   6692 R 100.0   0.1   0:54.76 MicroBench
07:09:30        8 root      20   0   19968  14616   6692 R 100.0   0.1   0:54.93 MicroBench
07:09:30        8 root      20   0   19968  14616   6692 R 100.0   0.1   0:55.10 MicroBench
07:09:30        8 root      20   0   19968  14616   6692 R  93.8   0.1   0:55.27 MicroBench
07:09:30        8 root      20   0   19968  14616   6692 R 100.0   0.1   0:55.44 MicroBench
07:09:30        8 root      20   0   19968  14616   6692 R 100.0   0.1   0:55.60 MicroBench
07:09:30        8 root      20   0   19968  14616   6692 R 100.0   0.1   0:55.77 MicroBench
07:09:31        8 root      20   0   19968  14616   6692 R 100.0   0.1   0:55.94 MicroBench
07:09:31        8 root      20   0   19968  14616   6692 R 100.0   0.1   0:56.11 MicroBench
07:09:31        8 root      20   0   19968  14616   6692 R  93.3   0.1   0:56.27 MicroBench
07:09:31        8 root      20   0   19968  14616   6692 R 100.0   0.1   0:56.45 MicroBench
07:09:31        8 root      20   0   19968  14616   6692 R 100.0   0.1   0:56.62 MicroBench
07:09:31        8 root      20   0   19968  14616   6692 R 100.0   0.1   0:56.79 MicroBench
07:09:32        8 root      20   0   19968  14616   6692 R 100.0   0.1   0:56.96 MicroBench
07:09:32        8 root      20   0   19968  14616   6692 R 100.0   0.1   0:57.13 MicroBench
07:09:32        8 root      20   0   19968  14616   6692 R 100.0   0.1   0:57.30 MicroBench
07:09:32        8 root      20   0   19968  14616   6692 R  93.8   0.1   0:57.47 MicroBench
07:09:32        8 root      20   0   19968  14616   6692 R  93.8   0.1   0:57.67 MicroBench
07:09:32        8 root      20   0   19968  14616   6692 R 100.0   0.1   0:57.84 MicroBench
07:09:33        8 root      20   0   19968  14616   6692 R 100.0   0.1   0:58.02 MicroBench
07:09:33        8 root      20   0   19968  14616   6692 R 100.0   0.1   0:58.19 MicroBench
07:09:33        8 root      20   0   19968  14616   6692 R 100.0   0.1   0:58.36 MicroBench
07:09:33        8 root      20   0   19968  14616   6692 R 100.0   0.1   0:58.53 MicroBench
07:09:33        8 root      20   0   19968  14616   6692 R 100.0   0.1   0:58.70 MicroBench
07:09:33        8 root      20   0   19968  14616   6692 R 100.0   0.1   0:58.87 MicroBench
07:09:34        8 root      20   0   19968  14616   6692 R  93.8   0.1   0:59.03 MicroBench
07:09:34        8 root      20   0   19968  14616   6692 R 100.0   0.1   0:59.20 MicroBench
07:09:34        8 root      20   0   19968  14616   6692 R 100.0   0.1   0:59.38 MicroBench
07:09:34        8 root      20   0   19968  14616   6692 R 100.0   0.1   0:59.55 MicroBench
07:09:34        8 root      20   0   19968  14616   6692 R 100.0   0.1   0:59.71 MicroBench
07:09:34        8 root      20   0   19968  14616   6692 R 100.0   0.1   0:59.88 MicroBench
07:09:35        8 root      20   0   19968  14616   6692 R 100.0   0.1   1:00.05 MicroBench
07:09:35        8 root      20   0   19968  14616   6692 R 100.0   0.1   1:00.22 MicroBench
07:09:35        8 root      20   0   19968  14616   6692 R 100.0   0.1   1:00.39 MicroBench
07:09:35        8 root      20   0   19968  14616   6692 R  93.3   0.1   1:00.55 MicroBench
07:09:35        8 root      20   0   19968  14616   6692 R 100.0   0.1   1:00.72 MicroBench
07:09:35        8 root      20   0   19968  14616   6692 R 100.0   0.1   1:00.89 MicroBench
07:09:36        8 root      20   0   19968  14616   6692 R 100.0   0.1   1:01.06 MicroBench
07:09:36        8 root      20   0   19968  14616   6692 R  93.8   0.1   1:01.23 MicroBench
07:09:36        8 root      20   0   19968  14616   6692 R 100.0   0.1   1:01.39 MicroBench
07:09:36        8 root      20   0   19968  14616   6692 R 100.0   0.1   1:01.57 MicroBench
07:09:36        8 root      20   0   19968  14616   6692 R 100.0   0.1   1:01.73 MicroBench
07:09:37        8 root      20   0   19968  14616   6692 R 100.0   0.1   1:01.90 MicroBench
07:09:37        8 root      20   0   19968  14616   6692 R 100.0   0.1   1:02.07 MicroBench
07:09:37        8 root      20   0   19968  14616   6692 R 100.0   0.1   1:02.24 MicroBench
07:09:37        8 root      20   0   19968  14616   6692 R 100.0   0.1   1:02.40 MicroBench
07:09:37        8 root      20   0   19968  14616   6692 R 100.0   0.1   1:02.57 MicroBench
07:09:37        8 root      20   0   19968  14616   6692 R 100.0   0.1   1:02.74 MicroBench
07:09:38        8 root      20   0   19968  14616   6692 R 100.0   0.1   1:02.91 MicroBench
07:09:38        8 root      20   0   19968  14616   6692 R 100.0   0.1   1:03.08 MicroBench
07:09:38        8 root      20   0   19968  14616   6692 R 100.0   0.1   1:03.25 MicroBench
07:09:38        8 root      20   0   19968  14616   6692 R 100.0   0.1   1:03.41 MicroBench
07:09:38        8 root      20   0   19968  14616   6692 R 100.0   0.1   1:03.58 MicroBench
07:09:38        8 root      20   0   19968  14616   6692 R 100.0   0.1   1:03.75 MicroBench
07:09:39        8 root      20   0   19968  14616   6692 R 100.0   0.1   1:03.92 MicroBench
07:09:39        8 root      20   0   19968  14616   6692 R 100.0   0.1   1:04.08 MicroBench
07:09:39        8 root      20   0   19968  14616   6692 R 100.0   0.1   1:04.25 MicroBench
07:09:39        8 root      20   0   26064  20688   6692 R 100.0   0.1   1:04.43 MicroBench
07:09:39        8 root      20   0   26064  20688   6692 R  93.3   0.1   1:04.59 MicroBench
07:09:39        8 root      20   0   26064  20688   6692 R 100.0   0.1   1:04.76 MicroBench
07:09:40        8 root      20   0   26064  20688   6692 R 100.0   0.1   1:04.93 MicroBench
07:09:40        8 root      20   0   26064  20688   6692 R 100.0   0.1   1:05.10 MicroBench
07:09:40        8 root      20   0   26064  20688   6692 R 100.0   0.1   1:05.27 MicroBench
07:09:40        8 root      20   0   26064  20688   6692 R 100.0   0.1   1:05.44 MicroBench
07:09:40        8 root      20   0   26064  20688   6692 R 100.0   0.1   1:05.60 MicroBench
07:09:40        8 root      20   0   26064  20688   6692 R 100.0   0.1   1:05.77 MicroBench
07:09:41        8 root      20   0   26064  20688   6692 R  93.8   0.1   1:05.94 MicroBench
07:09:41        8 root      20   0   26064  20688   6692 R  93.8   0.1   1:06.11 MicroBench
07:09:41        8 root      20   0   26064  20688   6692 R 100.0   0.1   1:06.28 MicroBench
07:09:41        8 root      20   0   26064  20688   6692 R 100.0   0.1   1:06.45 MicroBench
07:09:41        8 root      20   0   26064  20688   6692 R 100.0   0.1   1:06.62 MicroBench
07:09:41        8 root      20   0   26064  20688   6692 R  93.3   0.1   1:06.78 MicroBench
07:09:42        8 root      20   0   26064  20688   6692 R 100.0   0.1   1:06.95 MicroBench
07:09:42        8 root      20   0   26064  20688   6692 R 100.0   0.1   1:07.12 MicroBench
07:09:42        8 root      20   0   26064  20688   6692 R  93.8   0.1   1:07.29 MicroBench
07:09:42        8 root      20   0   26064  20688   6692 R  93.8   0.1   1:07.46 MicroBench
07:09:42        8 root      20   0   26064  20688   6692 R 100.0   0.1   1:07.63 MicroBench
07:09:42        8 root      20   0   26064  20688   6692 R  93.3   0.1   1:07.79 MicroBench
07:09:43        8 root      20   0   26064  20688   6692 R 100.0   0.1   1:07.97 MicroBench
07:09:43        8 root      20   0   26064  20688   6692 R 100.0   0.1   1:08.14 MicroBench
07:09:43        8 root      20   0   26064  20688   6692 R 100.0   0.1   1:08.30 MicroBench
07:09:43        8 root      20   0   26064  20688   6692 R 100.0   0.1   1:08.48 MicroBench
07:09:43        8 root      20   0   26064  20688   6692 R  93.8   0.1   1:08.65 MicroBench
07:09:43        8 root      20   0   26064  20688   6692 R  93.8   0.1   1:08.81 MicroBench
07:09:44        8 root      20   0   26064  20688   6692 R 100.0   0.1   1:08.98 MicroBench
07:09:44        8 root      20   0   26064  20688   6692 R 100.0   0.1   1:09.16 MicroBench
07:09:44        8 root      20   0   26064  20688   6692 R 100.0   0.1   1:09.33 MicroBench
07:09:44        8 root      20   0   26064  20688   6692 R 100.0   0.1   1:09.50 MicroBench
07:09:44        8 root      20   0   26064  20688   6692 R  93.8   0.1   1:09.67 MicroBench
07:09:44        8 root      20   0   26064  20688   6692 R 100.0   0.1   1:09.84 MicroBench
07:09:45        8 root      20   0   26064  20688   6692 R 100.0   0.1   1:10.01 MicroBench
07:09:45        8 root      20   0   26064  20688   6692 R  93.8   0.1   1:10.18 MicroBench
07:09:45        8 root      20   0   26064  20688   6692 R 100.0   0.1   1:10.35 MicroBench
07:09:45        8 root      20   0   26064  20688   6692 R 100.0   0.1   1:10.51 MicroBench
07:09:45        8 root      20   0   26064  20688   6692 R 100.0   0.1   1:10.68 MicroBench
07:09:45        8 root      20   0   26064  20688   6692 R 100.0   0.1   1:10.85 MicroBench
07:09:46        8 root      20   0   26064  20688   6692 R 100.0   0.1   1:11.02 MicroBench
07:09:46        8 root      20   0   26064  20688   6692 R 100.0   0.1   1:11.19 MicroBench
07:09:46        8 root      20   0   26064  20688   6692 R 100.0   0.1   1:11.36 MicroBench
07:09:46        8 root      20   0   26064  20688   6692 R 100.0   0.1   1:11.52 MicroBench
07:09:46        8 root      20   0   26064  20688   6692 R 100.0   0.1   1:11.70 MicroBench
07:09:46        8 root      20   0   26064  20688   6692 R 100.0   0.1   1:11.87 MicroBench
07:09:47        8 root      20   0   26064  20688   6692 R 100.0   0.1   1:12.03 MicroBench
07:09:47        8 root      20   0   26064  20688   6692 R  93.8   0.1   1:12.20 MicroBench
07:09:47        8 root      20   0   26064  20688   6692 R 100.0   0.1   1:12.38 MicroBench
07:09:47        8 root      20   0   26064  20688   6692 R 100.0   0.1   1:12.55 MicroBench
07:09:47        8 root      20   0   26064  20688   6692 R 100.0   0.1   1:12.73 MicroBench
07:09:48        8 root      20   0   26064  20688   6692 R 100.0   0.1   1:12.90 MicroBench
07:09:48        8 root      20   0   26064  20688   6692 R 100.0   0.1   1:13.07 MicroBench
07:09:48        8 root      20   0   26064  20688   6692 R 100.0   0.1   1:13.23 MicroBench
07:09:48        8 root      20   0   26064  20688   6692 R 100.0   0.1   1:13.41 MicroBench
07:09:48        8 root      20   0   26064  20688   6692 R 100.0   0.1   1:13.57 MicroBench
07:09:48        8 root      20   0   26064  20688   6692 R 100.0   0.1   1:13.74 MicroBench
07:09:49        8 root      20   0   26064  20688   6692 R 100.0   0.1   1:13.91 MicroBench
07:09:49        8 root      20   0   26064  20688   6692 R 100.0   0.1   1:14.08 MicroBench
07:09:49        8 root      20   0   26064  20688   6692 R 100.0   0.1   1:14.25 MicroBench
07:09:49        8 root      20   0   26064  20688   6692 R 100.0   0.1   1:14.42 MicroBench
07:09:49        8 root      20   0   26064  20688   6692 R 100.0   0.1   1:14.59 MicroBench
07:09:49        8 root      20   0   26064  20688   6692 R 100.0   0.1   1:14.76 MicroBench
07:09:50        8 root      20   0   26064  20688   6692 R 100.0   0.1   1:14.93 MicroBench
07:09:50        8 root      20   0   26064  20688   6692 R 100.0   0.1   1:15.10 MicroBench
07:09:50        8 root      20   0   26064  20688   6692 R 100.0   0.1   1:15.26 MicroBench
07:09:50        8 root      20   0   26064  20688   6692 R 100.0   0.1   1:15.43 MicroBench
07:09:50        8 root      20   0   26064  20688   6692 R 100.0   0.1   1:15.59 MicroBench
07:09:50        8 root      20   0   26064  20688   6692 R 100.0   0.1   1:15.76 MicroBench
07:09:51        8 root      20   0   26064  20688   6692 R 100.0   0.1   1:15.93 MicroBench
07:09:51        8 root      20   0   26064  20688   6692 R 100.0   0.1   1:16.10 MicroBench
07:09:51        8 root      20   0   26064  20688   6692 R  93.8   0.1   1:16.26 MicroBench
07:09:51        8 root      20   0   26064  20688   6692 R 100.0   0.1   1:16.43 MicroBench
07:09:51        8 root      20   0   26064  20688   6692 R 100.0   0.1   1:16.60 MicroBench
07:09:51        8 root      20   0   26064  20688   6692 R 100.0   0.1   1:16.77 MicroBench
07:09:52        8 root      20   0   26064  20688   6692 R 100.0   0.1   1:16.94 MicroBench
07:09:52        8 root      20   0   26064  20688   6692 R 100.0   0.1   1:17.11 MicroBench
07:09:52        8 root      20   0   26064  20688   6692 R 100.0   0.1   1:17.27 MicroBench
07:09:52        8 root      20   0   26064  20688   6692 R 100.0   0.1   1:17.44 MicroBench
07:09:52        8 root      20   0   26064  20688   6692 R 100.0   0.1   1:17.61 MicroBench
07:09:52        8 root      20   0   26064  20688   6692 R 100.0   0.1   1:17.78 MicroBench
07:09:53        8 root      20   0   26064  20688   6692 R 100.0   0.1   1:17.95 MicroBench
07:09:53        8 root      20   0   26064  20688   6692 R 100.0   0.1   1:18.12 MicroBench
07:09:53        8 root      20   0   26064  20688   6692 R 100.0   0.1   1:18.28 MicroBench
07:09:53        8 root      20   0   26064  20688   6692 R 100.0   0.1   1:18.45 MicroBench
07:09:53        8 root      20   0   26064  20688   6692 R  93.8   0.1   1:18.62 MicroBench
07:09:53        8 root      20   0   26064  20688   6692 R 100.0   0.1   1:18.79 MicroBench
07:09:54        8 root      20   0   26064  20688   6692 R  93.3   0.1   1:18.95 MicroBench
07:09:54        8 root      20   0   26064  20688   6692 R 100.0   0.1   1:19.12 MicroBench
07:09:54        8 root      20   0   26064  20688   6692 R 100.0   0.1   1:19.29 MicroBench
07:09:54        8 root      20   0   26064  20688   6692 R  93.8   0.1   1:19.47 MicroBench
07:09:54        8 root      20   0   26064  20688   6692 R 100.0   0.1   1:19.64 MicroBench
07:09:54        8 root      20   0   26064  20688   6692 R 100.0   0.1   1:19.80 MicroBench
07:09:55        8 root      20   0   26064  20688   6692 R 100.0   0.1   1:19.97 MicroBench
07:09:55        8 root      20   0   26064  20688   6692 R 100.0   0.1   1:20.14 MicroBench
07:09:55        8 root      20   0   26064  20688   6692 R 100.0   0.1   1:20.31 MicroBench
07:09:55        8 root      20   0   26064  20688   6692 R 100.0   0.1   1:20.48 MicroBench
07:09:55        8 root      20   0   26064  20688   6692 R 100.0   0.1   1:20.64 MicroBench
07:09:55        8 root      20   0   26064  20688   6692 R  93.8   0.1   1:20.81 MicroBench
07:09:56        8 root      20   0   26064  20688   6692 R 100.0   0.1   1:20.98 MicroBench
07:09:56        8 root      20   0   26064  20688   6692 R 100.0   0.1   1:21.15 MicroBench
07:09:56        8 root      20   0   26064  20688   6692 R 100.0   0.1   1:21.32 MicroBench
07:09:56        8 root      20   0   26064  20688   6692 R 100.0   0.1   1:21.48 MicroBench
07:09:56        8 root      20   0   26064  20688   6692 R 100.0   0.1   1:21.65 MicroBench
07:09:56        8 root      20   0   26064  20688   6692 R  93.8   0.1   1:21.82 MicroBench
07:09:57        8 root      20   0   26064  20688   6692 R 100.0   0.1   1:21.99 MicroBench
07:09:57        8 root      20   0   26064  20688   6692 R 100.0   0.1   1:22.16 MicroBench
07:09:57        8 root      20   0   26064  20688   6692 R 100.0   0.1   1:22.33 MicroBench
07:09:57        8 root      20   0   26064  20688   6692 R 100.0   0.1   1:22.50 MicroBench
07:09:57        8 root      20   0   26064  20688   6692 R 100.0   0.1   1:22.67 MicroBench
07:09:58        8 root      20   0   26064  20688   6692 R 100.0   0.1   1:22.84 MicroBench
07:09:58        8 root      20   0   26064  20688   6692 R  93.3   0.1   1:23.00 MicroBench
07:09:58        8 root      20   0   26064  20688   6692 R 100.0   0.1   1:23.17 MicroBench
07:09:58        8 root      20   0   26064  20688   6692 R 100.0   0.1   1:23.35 MicroBench
07:09:58        8 root      20   0   26064  20688   6692 R  93.3   0.1   1:23.51 MicroBench
07:09:58        8 root      20   0   26064  20688   6692 R 100.0   0.1   1:23.68 MicroBench
07:09:59        8 root      20   0   26064  20688   6692 R 100.0   0.1   1:23.85 MicroBench
07:09:59        8 root      20   0   26064  20688   6692 R 100.0   0.1   1:24.02 MicroBench
07:09:59        8 root      20   0   26064  20688   6692 R 100.0   0.1   1:24.19 MicroBench
07:09:59        8 root      20   0   26064  20688   6692 R 100.0   0.1   1:24.36 MicroBench
07:09:59        8 root      20   0   26064  20688   6692 R 100.0   0.1   1:24.53 MicroBench
07:09:59        8 root      20   0   26064  20688   6692 R 100.0   0.1   1:24.71 MicroBench
07:10:00        8 root      20   0   26064  20688   6692 R 100.0   0.1   1:24.88 MicroBench
07:10:00        8 root      20   0   26064  20688   6692 R 100.0   0.1   1:25.05 MicroBench
07:10:00        8 root      20   0   26064  20688   6692 R  93.8   0.1   1:25.21 MicroBench
07:10:00        8 root      20   0   26064  20688   6692 R 100.0   0.1   1:25.38 MicroBench
07:10:00        8 root      20   0   26064  20688   6692 R 100.0   0.1   1:25.55 MicroBench
07:10:00        8 root      20   0   26064  20688   6692 R 100.0   0.1   1:25.73 MicroBench
07:10:01        8 root      20   0   26064  20688   6692 R 100.0   0.1   1:25.89 MicroBench
07:10:01        8 root      20   0   26064  20688   6692 R  93.8   0.1   1:26.06 MicroBench
07:10:01        8 root      20   0   26064  20688   6692 R 100.0   0.1   1:26.23 MicroBench
07:10:01        8 root      20   0   26064  20688   6692 R 100.0   0.1   1:26.40 MicroBench
07:10:01        8 root      20   0   26064  20688   6692 R 100.0   0.1   1:26.57 MicroBench
07:10:01        8 root      20   0   26064  20688   6692 R 100.0   0.1   1:26.73 MicroBench
07:10:02        8 root      20   0   26064  20688   6692 R 100.0   0.1   1:26.90 MicroBench
07:10:02        8 root      20   0   26064  20688   6692 R 100.0   0.1   1:27.08 MicroBench
07:10:02        8 root      20   0   26064  20688   6692 R 100.0   0.1   1:27.24 MicroBench
07:10:02        8 root      20   0   26064  20688   6692 R 100.0   0.1   1:27.41 MicroBench
07:10:02        8 root      20   0   26064  20688   6692 R  93.8   0.1   1:27.58 MicroBench
07:10:02        8 root      20   0   26064  20688   6692 R 100.0   0.1   1:27.75 MicroBench
07:10:03        8 root      20   0   26064  20688   6692 R  93.3   0.1   1:27.91 MicroBench
07:10:03        8 root      20   0   26064  20688   6692 R 100.0   0.1   1:28.09 MicroBench
07:10:03        8 root      20   0   26064  20688   6692 R 100.0   0.1   1:28.25 MicroBench
07:10:03        8 root      20   0   26064  20688   6692 R 100.0   0.1   1:28.42 MicroBench
07:10:03        8 root      20   0   26064  20688   6692 R 100.0   0.1   1:28.59 MicroBench
07:10:03        8 root      20   0   26064  20688   6692 R 100.0   0.1   1:28.76 MicroBench
07:10:04        8 root      20   0   26064  20688   6692 R  93.8   0.1   1:28.92 MicroBench
07:10:04        8 root      20   0   26064  20688   6692 R 100.0   0.1   1:29.09 MicroBench
07:10:04        8 root      20   0   26064  20688   6692 R 100.0   0.1   1:29.26 MicroBench
07:10:04        8 root      20   0   26064  20688   6692 R 100.0   0.1   1:29.43 MicroBench
07:10:04        8 root      20   0   26064  20688   6692 R 100.0   0.1   1:29.60 MicroBench
07:10:04        8 root      20   0   26064  20688   6692 R 100.0   0.1   1:29.76 MicroBench
07:10:05        8 root      20   0   26064  20688   6692 R 100.0   0.1   1:29.94 MicroBench
07:10:05        8 root      20   0   26064  20688   6692 R 100.0   0.1   1:30.11 MicroBench
07:10:05        8 root      20   0   26064  20688   6692 R 100.0   0.1   1:30.28 MicroBench
07:10:05        8 root      20   0   26064  20688   6692 R  93.8   0.1   1:30.45 MicroBench
07:10:05        8 root      20   0   26064  20688   6692 R 100.0   0.1   1:30.62 MicroBench
07:10:05        8 root      20   0   26064  20688   6692 R 100.0   0.1   1:30.79 MicroBench
07:10:06        8 root      20   0   26064  20688   6692 R 100.0   0.1   1:30.95 MicroBench
07:10:06        8 root      20   0   26064  20688   6692 R 100.0   0.1   1:31.12 MicroBench
07:10:06        8 root      20   0   26064  20688   6692 R 100.0   0.1   1:31.29 MicroBench
07:10:06        8 root      20   0   26064  20688   6692 R 100.0   0.1   1:31.46 MicroBench
07:10:06        8 root      20   0   26064  20688   6692 R  93.3   0.1   1:31.62 MicroBench
07:10:06        8 root      20   0   26064  20688   6692 R 100.0   0.1   1:31.80 MicroBench
07:10:07        8 root      20   0   26064  20688   6692 R 100.0   0.1   1:31.97 MicroBench
07:10:07        8 root      20   0   26064  20688   6692 R  93.8   0.1   1:32.13 MicroBench
07:10:07        8 root      20   0   26064  20688   6692 R 100.0   0.1   1:32.30 MicroBench
07:10:07        8 root      20   0   26064  20688   6692 R 100.0   0.1   1:32.47 MicroBench
07:10:07        8 root      20   0   26064  20688   6692 R 100.0   0.1   1:32.64 MicroBench
07:10:08        8 root      20   0   26064  20688   6692 R 100.0   0.1   1:32.81 MicroBench
07:10:08        8 root      20   0   26064  20688   6692 R 100.0   0.1   1:32.98 MicroBench
07:10:08        8 root      20   0   26064  20688   6692 R 100.0   0.1   1:33.15 MicroBench
07:10:08        8 root      20   0   26064  20688   6692 R 100.0   0.1   1:33.32 MicroBench
07:10:08        8 root      20   0   26064  20688   6692 R 100.0   0.1   1:33.49 MicroBench
07:10:08        8 root      20   0   26064  20688   6692 R 100.0   0.1   1:33.65 MicroBench
07:10:09        8 root      20   0   26064  20688   6692 R 100.0   0.1   1:33.83 MicroBench
07:10:09        8 root      20   0   26064  20688   6692 R 100.0   0.1   1:34.00 MicroBench
07:10:09        8 root      20   0   26064  20688   6692 R 100.0   0.1   1:34.17 MicroBench
07:10:09        8 root      20   0   26064  20688   6692 R 100.0   0.1   1:34.34 MicroBench
07:10:09        8 root      20   0   26064  20688   6692 R 100.0   0.1   1:34.52 MicroBench
07:10:09        8 root      20   0   26064  20688   6692 R  93.3   0.1   1:34.68 MicroBench
07:10:10        8 root      20   0   26064  20688   6692 R  93.8   0.1   1:34.85 MicroBench
07:10:10        8 root      20   0   26064  20688   6692 R 100.0   0.1   1:35.02 MicroBench
07:10:10        8 root      20   0   26064  20688   6692 R 100.0   0.1   1:35.19 MicroBench
07:10:10        8 root      20   0   26064  20688   6692 R 100.0   0.1   1:35.36 MicroBench
07:10:10        8 root      20   0   26064  20688   6692 R 100.0   0.1   1:35.52 MicroBench
07:10:10        8 root      20   0   26064  20688   6692 R 100.0   0.1   1:35.69 MicroBench
07:10:11        8 root      20   0   26064  20688   6692 R 100.0   0.1   1:35.86 MicroBench
07:10:11        8 root      20   0   26064  20688   6692 R 100.0   0.1   1:36.03 MicroBench
07:10:11        8 root      20   0   26064  20688   6692 R 100.0   0.1   1:36.20 MicroBench
07:10:11        8 root      20   0   26064  20688   6692 R 100.0   0.1   1:36.37 MicroBench
07:10:11        8 root      20   0   26064  20688   6692 R 100.0   0.1   1:36.53 MicroBench
07:10:11        8 root      20   0   26064  20688   6692 R 100.0   0.1   1:36.70 MicroBench
07:10:12        8 root      20   0   26064  20688   6692 R 100.0   0.1   1:36.87 MicroBench
07:10:12        8 root      20   0   26064  20688   6692 R 100.0   0.1   1:37.04 MicroBench
07:10:12        8 root      20   0   26064  20688   6692 R  93.8   0.1   1:37.21 MicroBench
07:10:12        8 root      20   0   26064  20688   6692 R 100.0   0.1   1:37.38 MicroBench
07:10:12        8 root      20   0   26064  20688   6692 R 100.0   0.1   1:37.54 MicroBench
07:10:12        8 root      20   0   26064  20688   6692 R 100.0   0.1   1:37.71 MicroBench
07:10:13        8 root      20   0   26064  20688   6692 R 100.0   0.1   1:37.88 MicroBench
07:10:13        8 root      20   0   26064  20688   6692 R 100.0   0.1   1:38.05 MicroBench
07:10:13        8 root      20   0   26064  20688   6692 R 100.0   0.1   1:38.22 MicroBench
07:10:13        8 root      20   0   26064  20688   6692 R 100.0   0.1   1:38.38 MicroBench
07:10:13        8 root      20   0   26064  20688   6692 R 100.0   0.1   1:38.55 MicroBench
07:10:13        8 root      20   0   26064  20688   6692 R 100.0   0.1   1:38.72 MicroBench
07:10:14        8 root      20   0   26064  20688   6692 R 100.0   0.1   1:38.89 MicroBench
07:10:14        8 root      20   0   26064  20688   6692 R  87.5   0.1   1:39.08 MicroBench
07:10:14        8 root      20   0   26064  20688   6692 R 100.0   0.1   1:39.25 MicroBench
07:10:14        8 root      20   0   26064  20688   6692 R 100.0   0.1   1:39.42 MicroBench
07:10:14        8 root      20   0   26064  20688   6692 R  93.3   0.1   1:39.58 MicroBench
07:10:14        8 root      20   0   26064  20688   6692 R 100.0   0.1   1:39.76 MicroBench
07:10:15        8 root      20   0   26064  20688   6692 R 100.0   0.1   1:39.92 MicroBench
07:10:15        8 root      20   0   26064  20688   6692 R 100.0   0.1   1:40.09 MicroBench
07:10:15        8 root      20   0   26064  20688   6692 R 100.0   0.1   1:40.27 MicroBench
07:10:15        8 root      20   0   26064  20688   6692 R 100.0   0.1   1:40.43 MicroBench
07:10:15        8 root      20   0   26064  20688   6692 R 100.0   0.1   1:40.61 MicroBench
07:10:16        8 root      20   0   26064  20688   6692 R 100.0   0.1   1:40.78 MicroBench
07:10:16        8 root      20   0   26064  20688   6692 R 100.0   0.1   1:40.94 MicroBench
07:10:16        8 root      20   0   26064  20688   6692 R 100.0   0.1   1:41.11 MicroBench
07:10:16        8 root      20   0   26064  20688   6692 R 100.0   0.1   1:41.28 MicroBench
07:10:16        8 root      20   0   26064  20688   6692 R 100.0   0.1   1:41.45 MicroBench
07:10:16        8 root      20   0   26064  20688   6692 R  87.5   0.1   1:41.61 MicroBench
07:10:17        8 root      20   0   26064  20688   6692 R 100.0   0.1   1:41.79 MicroBench
07:10:17        8 root      20   0   26064  20688   6692 R 100.0   0.1   1:41.95 MicroBench
07:10:17        8 root      20   0   26064  20688   6692 R 100.0   0.1   1:42.12 MicroBench
07:10:17        8 root      20   0   26064  20688   6692 R 100.0   0.1   1:42.29 MicroBench
07:10:17        8 root      20   0   26064  20688   6692 R 100.0   0.1   1:42.46 MicroBench
07:10:17        8 root      20   0   26064  20688   6692 R 100.0   0.1   1:42.63 MicroBench
07:10:18        8 root      20   0   26064  20688   6692 R 100.0   0.1   1:42.80 MicroBench
07:10:18        8 root      20   0   26064  20688   6692 R 100.0   0.1   1:42.96 MicroBench
07:10:18        8 root      20   0   26064  20688   6692 R 100.0   0.1   1:43.13 MicroBench
07:10:18        8 root      20   0   26064  20688   6692 R 100.0   0.1   1:43.30 MicroBench
07:10:18        8 root      20   0   26064  20688   6692 R 100.0   0.1   1:43.47 MicroBench
07:10:18        8 root      20   0   26064  20688   6692 R 100.0   0.1   1:43.64 MicroBench
07:10:19        8 root      20   0   26064  20688   6692 R  93.8   0.1   1:43.81 MicroBench
07:10:19        8 root      20   0   26064  20688   6692 R  93.8   0.1   1:43.98 MicroBench
07:10:19        8 root      20   0   26064  20688   6692 R 100.0   0.1   1:44.15 MicroBench
07:10:19        8 root      20   0   26064  20688   6692 R 100.0   0.1   1:44.32 MicroBench
07:10:19        8 root      20   0   26064  20688   6692 R 100.0   0.1   1:44.49 MicroBench
07:10:19        8 root      20   0   26064  20688   6692 R 100.0   0.1   1:44.66 MicroBench
07:10:20        8 root      20   0   26064  20688   6692 R  86.7   0.1   1:44.81 MicroBench
07:10:20        8 root      20   0   26064  20688   6692 R 100.0   0.1   1:44.98 MicroBench
07:10:20        8 root      20   0   26064  20688   6692 R 100.0   0.1   1:45.15 MicroBench
07:10:20        8 root      20   0   26064  20688   6692 R  93.8   0.1   1:45.32 MicroBench
07:10:20        8 root      20   0   26064  20688   6692 R 100.0   0.1   1:45.49 MicroBench
07:10:20        8 root      20   0   26064  20688   6692 R 100.0   0.1   1:45.66 MicroBench
07:10:21        8 root      20   0   26064  20688   6692 R  93.8   0.1   1:45.83 MicroBench
07:10:21        8 root      20   0   26064  20688   6692 R 100.0   0.1   1:46.00 MicroBench
07:10:21        8 root      20   0   26064  20688   6692 R 100.0   0.1   1:46.17 MicroBench
07:10:21        8 root      20   0   26064  20688   6692 R 100.0   0.1   1:46.35 MicroBench
07:10:21        8 root      20   0   26064  20688   6692 R 100.0   0.1   1:46.51 MicroBench
07:10:21        8 root      20   0   26064  20688   6692 R 100.0   0.1   1:46.68 MicroBench
07:10:22        8 root      20   0   26064  20688   6692 R 100.0   0.1   1:46.85 MicroBench
07:10:22        8 root      20   0   26064  20688   6692 R 100.0   0.1   1:47.02 MicroBench
07:10:22        8 root      20   0   26064  20688   6692 R 100.0   0.1   1:47.19 MicroBench
07:10:22        8 root      20   0   26064  20688   6692 R  93.8   0.1   1:47.36 MicroBench
07:10:22        8 root      20   0   26064  20688   6692 R 100.0   0.1   1:47.52 MicroBench
07:10:22        8 root      20   0   26064  20688   6692 R 100.0   0.1   1:47.69 MicroBench
07:10:23        8 root      20   0   26064  20688   6692 R 100.0   0.1   1:47.87 MicroBench
07:10:23        8 root      20   0   26064  20688   6692 R 100.0   0.1   1:48.04 MicroBench
07:10:23        8 root      20   0   26064  20688   6692 R 100.0   0.1   1:48.20 MicroBench
07:10:23        8 root      20   0   26064  20688   6692 R 100.0   0.1   1:48.39 MicroBench
07:10:23        8 root      20   0   26064  20688   6692 R  93.8   0.1   1:48.55 MicroBench
07:10:23        8 root      20   0   26064  20688   6692 R  93.8   0.1   1:48.72 MicroBench
07:10:24        8 root      20   0   26064  20688   6692 R 100.0   0.1   1:48.89 MicroBench
07:10:24        8 root      20   0   26064  20688   6692 R 100.0   0.1   1:49.06 MicroBench
07:10:24        8 root      20   0   26064  20688   6692 R 100.0   0.1   1:49.23 MicroBench
07:10:24        8 root      20   0   26064  20688   6692 R 100.0   0.1   1:49.40 MicroBench
07:10:24        8 root      20   0   26064  20688   6692 R 100.0   0.1   1:49.56 MicroBench
07:10:25        8 root      20   0   26064  20688   6692 R 100.0   0.1   1:49.73 MicroBench
07:10:25        8 root      20   0   26064  20688   6692 R  93.8   0.1   1:49.90 MicroBench
07:10:25        8 root      20   0   26064  20688   6692 R 100.0   0.1   1:50.07 MicroBench
07:10:25        8 root      20   0   26064  20688   6692 R  93.8   0.1   1:50.25 MicroBench
07:10:25        8 root      20   0   26064  20688   6692 R 100.0   0.1   1:50.42 MicroBench
07:10:25        8 root      20   0   26064  20688   6692 R 100.0   0.1   1:50.59 MicroBench
07:10:26        8 root      20   0   26064  20688   6692 R 100.0   0.1   1:50.75 MicroBench
07:10:26        8 root      20   0   26064  20688   6692 R 100.0   0.1   1:50.92 MicroBench
07:10:26        8 root      20   0   26064  20688   6692 R 100.0   0.1   1:51.09 MicroBench
07:10:26        8 root      20   0   26064  20688   6692 R  93.8   0.1   1:51.26 MicroBench
07:10:26        8 root      20   0   26064  20688   6692 R 100.0   0.1   1:51.43 MicroBench
07:10:26        8 root      20   0   26064  20688   6692 R  93.3   0.1   1:51.59 MicroBench
07:10:27        8 root      20   0   26064  20688   6692 R 100.0   0.1   1:51.76 MicroBench
07:10:27        8 root      20   0   26064  20688   6692 R 100.0   0.1   1:51.93 MicroBench
07:10:27        8 root      20   0   26064  20688   6692 R 100.0   0.1   1:52.11 MicroBench
07:10:27        8 root      20   0   26064  20688   6692 R 100.0   0.1   1:52.28 MicroBench
07:10:27        8 root      20   0   26064  20688   6692 R 100.0   0.1   1:52.45 MicroBench
07:10:27        8 root      20   0   26064  20688   6692 R  87.5   0.1   1:52.61 MicroBench
07:10:28        8 root      20   0   26064  20688   6692 R 100.0   0.1   1:52.79 MicroBench
07:10:28        8 root      20   0   26064  20688   6692 R 100.0   0.1   1:52.96 MicroBench
07:10:28        8 root      20   0   26064  20688   6692 R 100.0   0.1   1:53.13 MicroBench
07:10:28        8 root      20   0   26064  20688   6692 R 100.0   0.1   1:53.30 MicroBench
07:10:28        8 root      20   0   26064  20688   6692 R 100.0   0.1   1:53.47 MicroBench
07:10:28        8 root      20   0   26064  20688   6692 R 100.0   0.1   1:53.63 MicroBench
07:10:29        8 root      20   0   26064  20688   6692 R 100.0   0.1   1:53.81 MicroBench
07:10:29        8 root      20   0   26064  20688   6692 R 100.0   0.1   1:53.98 MicroBench
07:10:29        8 root      20   0   26064  20688   6692 R 100.0   0.1   1:54.15 MicroBench
07:10:29        8 root      20   0   26064  20688   6692 R 100.0   0.1   1:54.32 MicroBench
07:10:29        8 root      20   0   26064  20688   6692 R 100.0   0.1   1:54.49 MicroBench
07:10:29        8 root      20   0   26064  20688   6692 R 100.0   0.1   1:54.66 MicroBench
07:10:30        8 root      20   0   26064  20688   6692 R 100.0   0.1   1:54.82 MicroBench
07:10:30        8 root      20   0   26064  20688   6692 R 100.0   0.1   1:54.99 MicroBench
07:10:30        8 root      20   0   26064  20688   6692 R 100.0   0.1   1:55.17 MicroBench
07:10:30        8 root      20   0   26064  20688   6692 R 100.0   0.1   1:55.34 MicroBench
07:10:30        8 root      20   0   26064  20688   6692 R 100.0   0.1   1:55.51 MicroBench
07:10:30        8 root      20   0   26064  20688   6692 R  93.8   0.1   1:55.68 MicroBench
07:10:31        8 root      20   0   26064  20688   6692 R 100.0   0.1   1:55.85 MicroBench
07:10:31        8 root      20   0   26064  20688   6692 R 100.0   0.1   1:56.02 MicroBench
07:10:31        8 root      20   0   26064  20688   6692 R 100.0   0.1   1:56.18 MicroBench
07:10:31        8 root      20   0   26064  20688   6692 R 100.0   0.1   1:56.35 MicroBench
07:10:31        8 root      20   0   26064  20688   6692 R  87.5   0.1   1:56.51 MicroBench
07:10:31        8 root      20   0   26064  20688   6692 R 100.0   0.1   1:56.68 MicroBench
07:10:32        8 root      20   0   26064  20688   6692 R 100.0   0.1   1:56.85 MicroBench
07:10:32        8 root      20   0   26064  20688   6692 R 100.0   0.1   1:57.03 MicroBench
07:10:32        8 root      20   0   26064  20688   6692 R 100.0   0.1   1:57.20 MicroBench
07:10:32        8 root      20   0   26064  20688   6692 R  93.3   0.1   1:57.36 MicroBench
07:10:32        8 root      20   0   26064  20688   6692 R  93.8   0.1   1:57.54 MicroBench
07:10:33        8 root      20   0   26064  20688   6692 R 100.0   0.1   1:57.71 MicroBench
07:10:33        8 root      20   0   26064  20688   6692 R 100.0   0.1   1:57.88 MicroBench
07:10:33        8 root      20   0   26064  20688   6692 R 100.0   0.1   1:58.04 MicroBench
07:10:33        8 root      20   0   26064  20688   6692 R 100.0   0.1   1:58.21 MicroBench
07:10:33        8 root      20   0   26064  20688   6692 R  93.8   0.1   1:58.38 MicroBench
07:10:33        8 root      20   0   26064  20688   6692 R 100.0   0.1   1:58.55 MicroBench
07:10:34        8 root      20   0   26064  20688   6692 R 100.0   0.1   1:58.72 MicroBench
07:10:34        8 root      20   0   26064  20688   6692 R 100.0   0.1   1:58.89 MicroBench
07:10:34        8 root      20   0   26064  20688   6692 R 100.0   0.1   1:59.05 MicroBench
07:10:34        8 root      20   0   26064  20688   6692 R 100.0   0.1   1:59.22 MicroBench
07:10:34        8 root      20   0   26064  20688   6692 R 100.0   0.1   1:59.39 MicroBench
07:10:34        8 root      20   0   26064  20688   6692 R 100.0   0.1   1:59.56 MicroBench
07:10:35        8 root      20   0   26064  20688   6692 R 100.0   0.1   1:59.72 MicroBench
07:10:35        8 root      20   0   26328  20952   6692 R 100.0   0.1   1:59.89 MicroBench
Avg reg. time: 127909604
Avg opt. time: 73088312
Median reg. time: 127909604
Median opt. time: 73088312
07:10:35  MicroBench not found.
MicroBench process has exited. Monitoring script will terminate.
