Args:
  Field size              : 2748779069441
  l                       : 64
  t                       : 20
  Number of parties        : 1024
  Number of repeats        : 1
  Monitor sleep time (ms) : 1

Started ./MicroBench with PID: 8
07:05:10        8 root      20   0   14160   8756   6628 R  93.3   0.1   0:00.15 MicroBench
07:05:10        8 root      20   0   14160   8756   6628 R 100.0   0.1   0:00.34 MicroBench
07:05:10        8 root      20   0   14160   8756   6628 R  93.8   0.1   0:00.52 MicroBench
07:05:11        8 root      20   0   14160   8756   6628 R 100.0   0.1   0:00.68 MicroBench
07:05:11        8 root      20   0   14160   8756   6628 R 100.0   0.1   0:00.86 MicroBench
07:05:11        8 root      20   0   14160   8756   6628 R  93.3   0.1   0:01.02 MicroBench
07:05:11        8 root      20   0   14160   8756   6628 R 100.0   0.1   0:01.19 MicroBench
07:05:11        8 root      20   0   14160   8756   6628 R 100.0   0.1   0:01.36 MicroBench
07:05:11        8 root      20   0   14160   8756   6628 R  93.8   0.1   0:01.53 MicroBench
07:05:12        8 root      20   0   14160   8756   6628 R 100.0   0.1   0:01.70 MicroBench
07:05:12        8 root      20   0   14160   8756   6628 R 100.0   0.1   0:01.92 MicroBench
07:05:12        8 root      20   0   14160   8756   6628 R 100.0   0.1   0:02.09 MicroBench
07:05:12        8 root      20   0   14160   8756   6628 R 100.0   0.1   0:02.26 MicroBench
07:05:12        8 root      20   0   14160   8756   6628 R 100.0   0.1   0:02.43 MicroBench
07:05:13        8 root      20   0   14160   8756   6628 R 100.0   0.1   0:02.60 MicroBench
07:05:13        8 root      20   0   14160   8756   6628 R 100.0   0.1   0:02.77 MicroBench
07:05:13        8 root      20   0   14160   8756   6628 R 100.0   0.1   0:02.94 MicroBench
07:05:13        8 root      20   0   14160   8756   6628 R 100.0   0.1   0:03.11 MicroBench
07:05:13        8 root      20   0   14160   8756   6628 R  93.8   0.1   0:03.29 MicroBench
07:05:13        8 root      20   0   14160   8756   6628 R 100.0   0.1   0:03.46 MicroBench
07:05:14        8 root      20   0   14160   8756   6628 R 100.0   0.1   0:03.63 MicroBench
07:05:14        8 root      20   0   14160   8756   6628 R 100.0   0.1   0:03.81 MicroBench
07:05:14        8 root      20   0   14160   8756   6628 R 100.0   0.1   0:03.99 MicroBench
07:05:14        8 root      20   0   14160   8756   6628 R 100.0   0.1   0:04.15 MicroBench
07:05:14        8 root      20   0   14160   8756   6628 R 100.0   0.1   0:04.32 MicroBench
07:05:14        8 root      20   0   14160   8756   6628 R 100.0   0.1   0:04.50 MicroBench
07:05:15        8 root      20   0   14160   8756   6628 R  93.8   0.1   0:04.66 MicroBench
07:05:15        8 root      20   0   14160   8756   6628 R 100.0   0.1   0:04.83 MicroBench
07:05:15        8 root      20   0   14160   8756   6628 R 100.0   0.1   0:05.00 MicroBench
07:05:15        8 root      20   0   14160   8756   6628 R 100.0   0.1   0:05.17 MicroBench
07:05:15        8 root      20   0   14160   8756   6628 R 100.0   0.1   0:05.34 MicroBench
07:05:15        8 root      20   0   14160   8756   6628 R 100.0   0.1   0:05.50 MicroBench
07:05:16        8 root      20   0   14160   8756   6628 R 100.0   0.1   0:05.67 MicroBench
07:05:16        8 root      20   0   14160   8756   6628 R 100.0   0.1   0:05.85 MicroBench
07:05:16        8 root      20   0   14160   8756   6628 R 100.0   0.1   0:06.01 MicroBench
07:05:16        8 root      20   0   14160   8756   6628 R 100.0   0.1   0:06.18 MicroBench
07:05:16        8 root      20   0   14160   8756   6628 R  93.8   0.1   0:06.36 MicroBench
07:05:16        8 root      20   0   14160   8756   6628 R  93.3   0.1   0:06.53 MicroBench
07:05:17        8 root      20   0   14160   9020   6628 R 100.0   0.1   0:06.71 MicroBench
07:05:17        8 root      20   0   14160   9020   6628 R 100.0   0.1   0:06.88 MicroBench
07:05:17        8 root      20   0   14160   9020   6628 R 100.0   0.1   0:07.05 MicroBench
07:05:17        8 root      20   0   14160   9020   6628 R 100.0   0.1   0:07.22 MicroBench
07:05:17        8 root      20   0   14160   9020   6628 R 100.0   0.1   0:07.39 MicroBench
07:05:18        8 root      20   0   14160   9020   6628 R  93.8   0.1   0:07.55 MicroBench
07:05:18        8 root      20   0   14160   9020   6628 R 100.0   0.1   0:07.72 MicroBench
07:05:18        8 root      20   0   14248   9044   6628 R  93.3   0.1   0:07.92 MicroBench
07:05:18        8 root      20   0   14184   9044   6628 R  93.8   0.1   0:08.10 MicroBench
07:05:18        8 root      20   0   19356  14116   6692 R  93.8   0.1   0:08.27 MicroBench
07:05:18        8 root      20   0   19356  14116   6692 R 100.0   0.1   0:08.44 MicroBench
07:05:19        8 root      20   0   19356  14116   6692 R  93.3   0.1   0:08.60 MicroBench
07:05:19        8 root      20   0   19356  14116   6692 R 100.0   0.1   0:08.78 MicroBench
07:05:19        8 root      20   0   19356  14116   6692 R 100.0   0.1   0:08.96 MicroBench
07:05:19        8 root      20   0   19356  14116   6692 R 100.0   0.1   0:09.13 MicroBench
07:05:19        8 root      20   0   19356  14116   6692 R 100.0   0.1   0:09.30 MicroBench
07:05:19        8 root      20   0   19356  14116   6692 R 100.0   0.1   0:09.47 MicroBench
07:05:20        8 root      20   0   19356  14116   6692 R  93.8   0.1   0:09.65 MicroBench
07:05:20        8 root      20   0   19356  14116   6692 R 100.0   0.1   0:09.82 MicroBench
07:05:20        8 root      20   0   19356  14116   6692 R 100.0   0.1   0:09.99 MicroBench
07:05:20        8 root      20   0   19356  14116   6692 R 100.0   0.1   0:10.16 MicroBench
07:05:20        8 root      20   0   19356  14116   6692 R  93.8   0.1   0:10.33 MicroBench
07:05:20        8 root      20   0   19356  14116   6692 R 100.0   0.1   0:10.51 MicroBench
07:05:21        8 root      20   0   19356  14116   6692 R  93.3   0.1   0:10.67 MicroBench
07:05:21        8 root      20   0   19356  14116   6692 R 100.0   0.1   0:10.84 MicroBench
07:05:21        8 root      20   0   19356  14116   6692 R 100.0   0.1   0:11.01 MicroBench
07:05:21        8 root      20   0   19356  14116   6692 R 100.0   0.1   0:11.19 MicroBench
07:05:21        8 root      20   0   19356  14116   6692 R 100.0   0.1   0:11.36 MicroBench
07:05:22        8 root      20   0   19356  14116   6692 R 100.0   0.1   0:11.53 MicroBench
07:05:22        8 root      20   0   19356  14116   6692 R  93.8   0.1   0:11.70 MicroBench
07:05:22        8 root      20   0   19356  14116   6692 R 100.0   0.1   0:11.87 MicroBench
07:05:22        8 root      20   0   19356  14116   6692 R 100.0   0.1   0:12.03 MicroBench
07:05:22        8 root      20   0   19356  14116   6692 R  93.8   0.1   0:12.22 MicroBench
07:05:22        8 root      20   0   19356  14116   6692 R 100.0   0.1   0:12.38 MicroBench
07:05:23        8 root      20   0   19356  14116   6692 R 100.0   0.1   0:12.55 MicroBench
07:05:23        8 root      20   0   19356  14116   6692 R 100.0   0.1   0:12.72 MicroBench
07:05:23        8 root      20   0   19356  14116   6692 R 100.0   0.1   0:12.89 MicroBench
07:05:23        8 root      20   0   19356  14116   6692 R 100.0   0.1   0:13.07 MicroBench
07:05:23        8 root      20   0   19356  14116   6692 R  93.3   0.1   0:13.23 MicroBench
07:05:23        8 root      20   0   19356  14116   6692 R  93.8   0.1   0:13.40 MicroBench
07:05:24        8 root      20   0   19356  14116   6692 R 100.0   0.1   0:13.57 MicroBench
07:05:24        8 root      20   0   19356  14116   6692 R  93.3   0.1   0:13.74 MicroBench
07:05:24        8 root      20   0   19356  14116   6692 R 100.0   0.1   0:13.91 MicroBench
07:05:24        8 root      20   0   19356  14116   6692 R 100.0   0.1   0:14.08 MicroBench
07:05:24        8 root      20   0   19356  14116   6692 R 100.0   0.1   0:14.25 MicroBench
07:05:24        8 root      20   0   19356  14116   6692 R 100.0   0.1   0:14.44 MicroBench
07:05:25        8 root      20   0   19356  14116   6692 R  93.3   0.1   0:14.60 MicroBench
07:05:25        8 root      20   0   19356  14116   6692 R 100.0   0.1   0:14.77 MicroBench
07:05:25        8 root      20   0   19356  14116   6692 R 100.0   0.1   0:14.94 MicroBench
07:05:25        8 root      20   0   19356  14116   6692 R 100.0   0.1   0:15.11 MicroBench
07:05:25        8 root      20   0   19356  14116   6692 R 100.0   0.1   0:15.28 MicroBench
07:05:25        8 root      20   0   19356  14116   6692 R  93.8   0.1   0:15.44 MicroBench
07:05:26        8 root      20   0   19356  14116   6692 R 100.0   0.1   0:15.62 MicroBench
07:05:26        8 root      20   0   19356  14116   6692 R 100.0   0.1   0:15.79 MicroBench
07:05:26        8 root      20   0   19356  14116   6692 R 100.0   0.1   0:15.96 MicroBench
07:05:26        8 root      20   0   19356  14116   6692 R  93.8   0.1   0:16.14 MicroBench
07:05:26        8 root      20   0   19356  14116   6692 R 100.0   0.1   0:16.31 MicroBench
07:05:26        8 root      20   0   19356  14116   6692 R 100.0   0.1   0:16.48 MicroBench
07:05:27        8 root      20   0   19356  14116   6692 R 100.0   0.1   0:16.66 MicroBench
07:05:27        8 root      20   0   19356  14116   6692 R 100.0   0.1   0:16.82 MicroBench
07:05:27        8 root      20   0   19356  14116   6692 R 100.0   0.1   0:17.00 MicroBench
07:05:27        8 root      20   0   19356  14116   6692 R  93.8   0.1   0:17.17 MicroBench
07:05:27        8 root      20   0   19356  14116   6692 R 100.0   0.1   0:17.34 MicroBench
07:05:28        8 root      20   0   19356  14116   6692 R 100.0   0.1   0:17.51 MicroBench
07:05:28        8 root      20   0   19356  14116   6692 R 100.0   0.1   0:17.67 MicroBench
07:05:28        8 root      20   0   19356  14116   6692 R 100.0   0.1   0:17.84 MicroBench
07:05:28        8 root      20   0   19356  14116   6692 R 100.0   0.1   0:18.02 MicroBench
07:05:28        8 root      20   0   19356  14116   6692 R 100.0   0.1   0:18.19 MicroBench
07:05:28        8 root      20   0   19356  14116   6692 R 100.0   0.1   0:18.36 MicroBench
07:05:29        8 root      20   0   19356  14116   6692 R 100.0   0.1   0:18.53 MicroBench
07:05:29        8 root      20   0   19356  14116   6692 R  93.8   0.1   0:18.69 MicroBench
07:05:29        8 root      20   0   19356  14116   6692 R 100.0   0.1   0:18.86 MicroBench
07:05:29        8 root      20   0   19356  14116   6692 R 100.0   0.1   0:19.03 MicroBench
07:05:29        8 root      20   0   19356  14116   6692 R 100.0   0.1   0:19.20 MicroBench
07:05:29        8 root      20   0   19356  14116   6692 R  93.3   0.1   0:19.36 MicroBench
07:05:30        8 root      20   0   19356  14116   6692 R  86.7   0.1   0:19.51 MicroBench
07:05:30        8 root      20   0   19356  14116   6692 R 100.0   0.1   0:19.68 MicroBench
07:05:30        8 root      20   0   19356  14116   6692 R 100.0   0.1   0:19.85 MicroBench
07:05:30        8 root      20   0   19356  14116   6692 R  93.3   0.1   0:20.01 MicroBench
07:05:30        8 root      20   0   19356  14116   6692 R 100.0   0.1   0:20.19 MicroBench
07:05:30        8 root      20   0   19356  14116   6692 R 100.0   0.1   0:20.35 MicroBench
07:05:31        8 root      20   0   19356  14116   6692 R 100.0   0.1   0:20.53 MicroBench
07:05:31        8 root      20   0   19356  14116   6692 R 100.0   0.1   0:20.70 MicroBench
07:05:31        8 root      20   0   19356  14116   6692 R  93.8   0.1   0:20.87 MicroBench
07:05:31        8 root      20   0   19356  14116   6692 R  93.8   0.1   0:21.04 MicroBench
07:05:31        8 root      20   0   19356  14116   6692 R 100.0   0.1   0:21.21 MicroBench
07:05:31        8 root      20   0   19356  14116   6692 R 100.0   0.1   0:21.38 MicroBench
07:05:32        8 root      20   0   19356  14116   6692 R 100.0   0.1   0:21.55 MicroBench
07:05:32        8 root      20   0   19356  14116   6692 R 100.0   0.1   0:21.73 MicroBench
07:05:32        8 root      20   0   19356  14116   6692 R 100.0   0.1   0:21.89 MicroBench
07:05:32        8 root      20   0   19356  14116   6692 R 100.0   0.1   0:22.06 MicroBench
07:05:32        8 root      20   0   19356  14116   6692 R 100.0   0.1   0:22.23 MicroBench
07:05:32        8 root      20   0   19356  14116   6692 R 100.0   0.1   0:22.40 MicroBench
07:05:33        8 root      20   0   19356  14116   6692 R  87.5   0.1   0:22.56 MicroBench
07:05:33        8 root      20   0   19356  14116   6692 R 100.0   0.1   0:22.75 MicroBench
07:05:33        8 root      20   0   19356  14116   6692 R 100.0   0.1   0:22.92 MicroBench
07:05:33        8 root      20   0   19356  14116   6692 R 100.0   0.1   0:23.10 MicroBench
07:05:33        8 root      20   0   19356  14116   6692 R 100.0   0.1   0:23.26 MicroBench
07:05:33        8 root      20   0   19356  14116   6692 R 100.0   0.1   0:23.43 MicroBench
07:05:34        8 root      20   0   19356  14116   6692 R  93.8   0.1   0:23.60 MicroBench
07:05:34        8 root      20   0   19356  14116   6692 R 100.0   0.1   0:23.77 MicroBench
07:05:34        8 root      20   0   19356  14116   6692 R 100.0   0.1   0:23.94 MicroBench
07:05:34        8 root      20   0   19356  14116   6692 R 100.0   0.1   0:24.12 MicroBench
07:05:34        8 root      20   0   19356  14116   6692 R 100.0   0.1   0:24.29 MicroBench
07:05:35        8 root      20   0   19356  14116   6692 R 100.0   0.1   0:24.46 MicroBench
07:05:35        8 root      20   0   19356  14116   6692 R 100.0   0.1   0:24.63 MicroBench
07:05:35        8 root      20   0   19356  14116   6692 R 100.0   0.1   0:24.80 MicroBench
07:05:35        8 root      20   0   19356  14116   6692 R  93.8   0.1   0:24.98 MicroBench
07:05:35        8 root      20   0   19356  14116   6692 R  93.3   0.1   0:25.14 MicroBench
07:05:35        8 root      20   0   19356  14116   6692 R 100.0   0.1   0:25.31 MicroBench
07:05:36        8 root      20   0   19356  14116   6692 R  93.3   0.1   0:25.47 MicroBench
07:05:36        8 root      20   0   19356  14116   6692 R 100.0   0.1   0:25.65 MicroBench
07:05:36        8 root      20   0   19356  14116   6692 R 100.0   0.1   0:25.82 MicroBench
07:05:36        8 root      20   0   19356  14116   6692 R 100.0   0.1   0:25.99 MicroBench
07:05:36        8 root      20   0   19356  14116   6692 R 100.0   0.1   0:26.16 MicroBench
07:05:36        8 root      20   0   19356  14116   6692 R 100.0   0.1   0:26.33 MicroBench
07:05:37        8 root      20   0   19356  14116   6692 R 100.0   0.1   0:26.51 MicroBench
07:05:37        8 root      20   0   19356  14116   6692 R 100.0   0.1   0:26.67 MicroBench
07:05:37        8 root      20   0   19356  14116   6692 R 100.0   0.1   0:26.84 MicroBench
07:05:37        8 root      20   0   19356  14116   6692 R 100.0   0.1   0:27.01 MicroBench
07:05:37        8 root      20   0   19356  14116   6692 R 100.0   0.1   0:27.18 MicroBench
07:05:37        8 root      20   0   19356  14116   6692 R  93.3   0.1   0:27.34 MicroBench
07:05:38        8 root      20   0   19356  14116   6692 R 100.0   0.1   0:27.52 MicroBench
07:05:38        8 root      20   0   19356  14116   6692 R  93.8   0.1   0:27.69 MicroBench
07:05:38        8 root      20   0   19356  14116   6692 R 100.0   0.1   0:27.86 MicroBench
07:05:38        8 root      20   0   19356  14116   6692 R 100.0   0.1   0:28.03 MicroBench
07:05:38        8 root      20   0   19356  14116   6692 R 100.0   0.1   0:28.19 MicroBench
07:05:38        8 root      20   0   19356  14116   6692 R 100.0   0.1   0:28.36 MicroBench
07:05:39        8 root      20   0   19356  14116   6692 R 100.0   0.1   0:28.54 MicroBench
07:05:39        8 root      20   0   19356  14116   6692 R  93.8   0.1   0:28.71 MicroBench
07:05:39        8 root      20   0   19356  14116   6692 R 100.0   0.1   0:28.88 MicroBench
07:05:39        8 root      20   0   19356  14116   6692 R 100.0   0.1   0:29.04 MicroBench
07:05:39        8 root      20   0   19356  14116   6692 R 100.0   0.1   0:29.21 MicroBench
07:05:39        8 root      20   0   19356  14116   6692 R 100.0   0.1   0:29.39 MicroBench
07:05:40        8 root      20   0   19356  14116   6692 R 100.0   0.1   0:29.55 MicroBench
07:05:40        8 root      20   0   19356  14116   6692 R 100.0   0.1   0:29.72 MicroBench
07:05:40        8 root      20   0   19356  14116   6692 R 100.0   0.1   0:29.89 MicroBench
07:05:40        8 root      20   0   19356  14116   6692 R 100.0   0.1   0:30.06 MicroBench
07:05:40        8 root      20   0   19356  14116   6692 R  93.3   0.1   0:30.22 MicroBench
07:05:40        8 root      20   0   19356  14116   6692 R 100.0   0.1   0:30.39 MicroBench
07:05:41        8 root      20   0   19356  14116   6692 R  93.8   0.1   0:30.56 MicroBench
07:05:41        8 root      20   0   19356  14116   6692 R 100.0   0.1   0:30.74 MicroBench
07:05:41        8 root      20   0   19356  14116   6692 R 100.0   0.1   0:30.90 MicroBench
07:05:41        8 root      20   0   19356  14116   6692 R 100.0   0.1   0:31.07 MicroBench
07:05:41        8 root      20   0   19356  14116   6692 R  93.8   0.1   0:31.24 MicroBench
07:05:42        8 root      20   0   19356  14116   6692 R  93.3   0.1   0:31.41 MicroBench
07:05:42        8 root      20   0   19356  14116   6692 R 100.0   0.1   0:31.60 MicroBench
07:05:42        8 root      20   0   19356  14116   6692 R 100.0   0.1   0:31.77 MicroBench
07:05:42        8 root      20   0   19356  14116   6692 R 100.0   0.1   0:31.95 MicroBench
07:05:42        8 root      20   0   19356  14116   6692 R 100.0   0.1   0:32.11 MicroBench
07:05:42        8 root      20   0   19356  14116   6692 R 100.0   0.1   0:32.28 MicroBench
07:05:43        8 root      20   0   19356  14116   6692 R 100.0   0.1   0:32.45 MicroBench
07:05:43        8 root      20   0   19356  14116   6692 R 100.0   0.1   0:32.62 MicroBench
07:05:43        8 root      20   0   19356  14116   6692 R 100.0   0.1   0:32.78 MicroBench
07:05:43        8 root      20   0   19356  14116   6692 R 100.0   0.1   0:32.95 MicroBench
07:05:43        8 root      20   0   19356  14116   6692 R 100.0   0.1   0:33.12 MicroBench
07:05:43        8 root      20   0   19356  14116   6692 R  93.8   0.1   0:33.30 MicroBench
07:05:44        8 root      20   0   19356  14116   6692 R 100.0   0.1   0:33.47 MicroBench
07:05:44        8 root      20   0   19356  14116   6692 R 100.0   0.1   0:33.64 MicroBench
07:05:44        8 root      20   0   19356  14116   6692 R 100.0   0.1   0:33.81 MicroBench
07:05:44        8 root      20   0   19356  14116   6692 R 100.0   0.1   0:33.98 MicroBench
07:05:44        8 root      20   0   19356  14116   6692 R 100.0   0.1   0:34.15 MicroBench
07:05:44        8 root      20   0   19356  14116   6692 R  93.8   0.1   0:34.31 MicroBench
07:05:45        8 root      20   0   19356  14116   6692 R 100.0   0.1   0:34.49 MicroBench
07:05:45        8 root      20   0   19356  14116   6692 R 100.0   0.1   0:34.66 MicroBench
07:05:45        8 root      20   0   19356  14116   6692 R 100.0   0.1   0:34.82 MicroBench
07:05:45        8 root      20   0   19356  14116   6692 R  93.8   0.1   0:34.99 MicroBench
07:05:45        8 root      20   0   19356  14116   6692 R 100.0   0.1   0:35.17 MicroBench
07:05:45        8 root      20   0   19356  14116   6692 R 100.0   0.1   0:35.33 MicroBench
07:05:46        8 root      20   0   19356  14116   6692 R 100.0   0.1   0:35.50 MicroBench
07:05:46        8 root      20   0   19356  14116   6692 R 100.0   0.1   0:35.67 MicroBench
07:05:46        8 root      20   0   19356  14116   6692 R 100.0   0.1   0:35.84 MicroBench
07:05:46        8 root      20   0   19356  14116   6692 R 100.0   0.1   0:36.01 MicroBench
07:05:46        8 root      20   0   19356  14116   6692 R 100.0   0.1   0:36.19 MicroBench
07:05:46        8 root      20   0   19356  14116   6692 R 100.0   0.1   0:36.36 MicroBench
07:05:47        8 root      20   0   19356  14116   6692 R 100.0   0.1   0:36.54 MicroBench
07:05:47        8 root      20   0   19356  14116   6692 R 100.0   0.1   0:36.72 MicroBench
07:05:47        8 root      20   0   19356  14116   6692 R 100.0   0.1   0:36.90 MicroBench
07:05:47        8 root      20   0   19356  14116   6692 R 100.0   0.1   0:37.06 MicroBench
07:05:47        8 root      20   0   19356  14116   6692 R  80.0   0.1   0:37.22 MicroBench
07:05:48        8 root      20   0   19356  14116   6692 R 100.0   0.1   0:37.39 MicroBench
07:05:48        8 root      20   0   19356  14116   6692 R 100.0   0.1   0:37.56 MicroBench
07:05:48        8 root      20   0   19356  14116   6692 R 100.0   0.1   0:37.72 MicroBench
07:05:48        8 root      20   0   19356  14116   6692 R  93.8   0.1   0:37.89 MicroBench
07:05:48        8 root      20   0   19356  14116   6692 R 100.0   0.1   0:38.06 MicroBench
07:05:48        8 root      20   0   19356  14116   6692 R 100.0   0.1   0:38.23 MicroBench
07:05:49        8 root      20   0   19356  14116   6692 R 100.0   0.1   0:38.40 MicroBench
07:05:49        8 root      20   0   19356  14116   6692 R 100.0   0.1   0:38.57 MicroBench
07:05:49        8 root      20   0   19356  14116   6692 R 100.0   0.1   0:38.73 MicroBench
07:05:49        8 root      20   0   19356  14116   6692 R 100.0   0.1   0:38.90 MicroBench
07:05:49        8 root      20   0   19356  14116   6692 R  93.8   0.1   0:39.07 MicroBench
07:05:49        8 root      20   0   19356  14116   6692 R 100.0   0.1   0:39.24 MicroBench
07:05:50        8 root      20   0   19356  14116   6692 R  93.3   0.1   0:39.40 MicroBench
07:05:50        8 root      20   0   19356  14116   6692 R 100.0   0.1   0:39.57 MicroBench
07:05:50        8 root      20   0   19356  14116   6692 R 100.0   0.1   0:39.74 MicroBench
07:05:50        8 root      20   0   19356  14116   6692 R 100.0   0.1   0:39.91 MicroBench
07:05:50        8 root      20   0   19356  14116   6692 R  93.8   0.1   0:40.08 MicroBench
07:05:50        8 root      20   0   19356  14116   6692 R 100.0   0.1   0:40.25 MicroBench
07:05:51        8 root      20   0   19356  14116   6692 R 100.0   0.1   0:40.41 MicroBench
07:05:51        8 root      20   0   19356  14116   6692 R 100.0   0.1   0:40.59 MicroBench
07:05:51        8 root      20   0   19356  14116   6692 R  93.8   0.1   0:40.76 MicroBench
07:05:51        8 root      20   0   19356  14116   6692 R 100.0   0.1   0:40.93 MicroBench
07:05:51        8 root      20   0   19356  14116   6692 R 100.0   0.1   0:41.09 MicroBench
07:05:51        8 root      20   0   19356  14116   6692 R 100.0   0.1   0:41.27 MicroBench
07:05:52        8 root      20   0   19356  14116   6692 R 100.0   0.1   0:41.44 MicroBench
07:05:52        8 root      20   0   19356  14116   6692 R 100.0   0.1   0:41.60 MicroBench
07:05:52        8 root      20   0   19356  14116   6692 R 100.0   0.1   0:41.77 MicroBench
07:05:52        8 root      20   0   19356  14116   6692 R 100.0   0.1   0:41.94 MicroBench
07:05:52        8 root      20   0   19356  14116   6692 R 100.0   0.1   0:42.11 MicroBench
07:05:52        8 root      20   0   19356  14116   6692 R 100.0   0.1   0:42.28 MicroBench
07:05:53        8 root      20   0   19356  14116   6692 R 100.0   0.1   0:42.45 MicroBench
07:05:53        8 root      20   0   19356  14116   6692 R 100.0   0.1   0:42.61 MicroBench
07:05:53        8 root      20   0   19356  14116   6692 R 100.0   0.1   0:42.78 MicroBench
07:05:53        8 root      20   0   19356  14116   6692 R 100.0   0.1   0:42.95 MicroBench
07:05:53        8 root      20   0   19356  14116   6692 R 100.0   0.1   0:43.12 MicroBench
07:05:53        8 root      20   0   19356  14116   6692 R  93.3   0.1   0:43.28 MicroBench
07:05:54        8 root      20   0   19356  14116   6692 R 100.0   0.1   0:43.45 MicroBench
07:05:54        8 root      20   0   19356  14116   6692 R 100.0   0.1   0:43.62 MicroBench
07:05:54        8 root      20   0   19356  14116   6692 R  93.3   0.1   0:43.79 MicroBench
07:05:54        8 root      20   0   19356  14116   6692 R 100.0   0.1   0:43.96 MicroBench
07:05:54        8 root      20   0   19356  14116   6692 R 100.0   0.1   0:44.13 MicroBench
07:05:54        8 root      20   0   19356  14116   6692 R 100.0   0.1   0:44.30 MicroBench
07:05:55        8 root      20   0   19356  14116   6692 R  93.8   0.1   0:44.47 MicroBench
07:05:55        8 root      20   0   19356  14116   6692 R 100.0   0.1   0:44.64 MicroBench
07:05:55        8 root      20   0   19356  14116   6692 R 100.0   0.1   0:44.80 MicroBench
07:05:55        8 root      20   0   19356  14116   6692 R 100.0   0.1   0:44.97 MicroBench
07:05:55        8 root      20   0   19356  14116   6692 R 100.0   0.1   0:45.14 MicroBench
07:05:55        8 root      20   0   19356  14116   6692 R 100.0   0.1   0:45.31 MicroBench
07:05:56        8 root      20   0   19356  14116   6692 R  87.5   0.1   0:45.47 MicroBench
07:05:56        8 root      20   0   19356  14116   6692 R 100.0   0.1   0:45.64 MicroBench
07:05:56        8 root      20   0   19356  14116   6692 R 100.0   0.1   0:45.81 MicroBench
07:05:56        8 root      20   0   19356  14116   6692 R 100.0   0.1   0:45.98 MicroBench
07:05:56        8 root      20   0   19356  14116   6692 R 100.0   0.1   0:46.15 MicroBench
07:05:56        8 root      20   0   19356  14116   6692 R 100.0   0.1   0:46.32 MicroBench
07:05:57        8 root      20   0   19356  14116   6692 R 100.0   0.1   0:46.48 MicroBench
07:05:57        8 root      20   0   19356  14116   6692 R 100.0   0.1   0:46.65 MicroBench
07:05:57        8 root      20   0   19356  14116   6692 R 100.0   0.1   0:46.82 MicroBench
07:05:57        8 root      20   0   19356  14116   6692 R 100.0   0.1   0:46.99 MicroBench
07:05:57        8 root      20   0   19356  14116   6692 R  93.3   0.1   0:47.15 MicroBench
07:05:57        8 root      20   0   19356  14116   6692 R 100.0   0.1   0:47.33 MicroBench
07:05:58        8 root      20   0   19356  14116   6692 R 100.0   0.1   0:47.50 MicroBench
07:05:58        8 root      20   0   19356  14116   6692 R 100.0   0.1   0:47.67 MicroBench
07:05:58        8 root      20   0   19356  14116   6692 R 100.0   0.1   0:47.84 MicroBench
07:05:58        8 root      20   0   19356  14116   6692 R 100.0   0.1   0:48.01 MicroBench
07:05:58        8 root      20   0   19356  14116   6692 R  93.8   0.1   0:48.18 MicroBench
07:05:59        8 root      20   0   19356  14116   6692 R 100.0   0.1   0:48.35 MicroBench
07:05:59        8 root      20   0   19356  14116   6692 R 100.0   0.1   0:48.52 MicroBench
07:05:59        8 root      20   0   19356  14116   6692 R  93.3   0.1   0:48.68 MicroBench
07:05:59        8 root      20   0   19356  14116   6692 R 100.0   0.1   0:48.85 MicroBench
07:05:59        8 root      20   0   19356  14116   6692 R 100.0   0.1   0:49.02 MicroBench
07:05:59        8 root      20   0   19356  14116   6692 R  93.3   0.1   0:49.21 MicroBench
07:06:00        8 root      20   0   19356  14116   6692 R 100.0   0.1   0:49.38 MicroBench
07:06:00        8 root      20   0   19356  14116   6692 R 100.0   0.1   0:49.55 MicroBench
07:06:00        8 root      20   0   19356  14116   6692 R 100.0   0.1   0:49.72 MicroBench
07:06:00        8 root      20   0   19356  14116   6692 R 100.0   0.1   0:49.89 MicroBench
07:06:00        8 root      20   0   19356  14116   6692 R  93.8   0.1   0:50.05 MicroBench
07:06:00        8 root      20   0   19356  14116   6692 R 100.0   0.1   0:50.22 MicroBench
07:06:01        8 root      20   0   19356  14116   6692 R 100.0   0.1   0:50.39 MicroBench
07:06:01        8 root      20   0   19356  14116   6692 R 100.0   0.1   0:50.56 MicroBench
07:06:01        8 root      20   0   19356  14116   6692 R  87.5   0.1   0:50.73 MicroBench
07:06:01        8 root      20   0   19356  14116   6692 R  93.8   0.1   0:50.90 MicroBench
07:06:01        8 root      20   0   19356  14116   6692 R 100.0   0.1   0:51.07 MicroBench
07:06:01        8 root      20   0   19356  14116   6692 R 100.0   0.1   0:51.24 MicroBench
07:06:02        8 root      20   0   19356  14116   6692 R 100.0   0.1   0:51.41 MicroBench
07:06:02        8 root      20   0   19356  14116   6692 R 100.0   0.1   0:51.58 MicroBench
07:06:02        8 root      20   0   19356  14116   6692 R 100.0   0.1   0:51.74 MicroBench
07:06:02        8 root      20   0   24784  19660   6692 R  93.8   0.1   0:51.91 MicroBench
07:06:02        8 root      20   0   24784  19660   6692 R 100.0   0.1   0:52.07 MicroBench
07:06:02        8 root      20   0   24784  19660   6692 R 100.0   0.1   0:52.24 MicroBench
07:06:03        8 root      20   0   24784  19660   6692 R 100.0   0.1   0:52.41 MicroBench
07:06:03        8 root      20   0   24784  19660   6692 R 100.0   0.1   0:52.58 MicroBench
07:06:03        8 root      20   0   24784  19660   6692 R 100.0   0.1   0:52.75 MicroBench
07:06:03        8 root      20   0   24784  19660   6692 R 100.0   0.1   0:52.92 MicroBench
07:06:03        8 root      20   0   24784  19660   6692 R  94.1   0.1   0:53.10 MicroBench
07:06:03        8 root      20   0   24784  19660   6692 R  93.8   0.1   0:53.26 MicroBench
07:06:04        8 root      20   0   24784  19660   6692 R 100.0   0.1   0:53.43 MicroBench
07:06:04        8 root      20   0   24784  19660   6692 R 100.0   0.1   0:53.60 MicroBench
07:06:04        8 root      20   0   24784  19660   6692 R 100.0   0.1   0:53.77 MicroBench
07:06:04        8 root      20   0   24784  19660   6692 R 100.0   0.1   0:53.94 MicroBench
07:06:04        8 root      20   0   24784  19660   6692 R 100.0   0.1   0:54.11 MicroBench
07:06:04        8 root      20   0   24784  19660   6692 R  93.8   0.1   0:54.28 MicroBench
07:06:05        8 root      20   0   24784  19660   6692 R 100.0   0.1   0:54.45 MicroBench
07:06:05        8 root      20   0   24784  19660   6692 R 100.0   0.1   0:54.62 MicroBench
07:06:05        8 root      20   0   24784  19660   6692 R 100.0   0.1   0:54.79 MicroBench
07:06:05        8 root      20   0   24784  19660   6692 R 100.0   0.1   0:54.96 MicroBench
07:06:05        8 root      20   0   24784  19660   6692 R 100.0   0.1   0:55.12 MicroBench
07:06:05        8 root      20   0   24784  19660   6692 R 100.0   0.1   0:55.29 MicroBench
07:06:06        8 root      20   0   24784  19660   6692 R  93.8   0.1   0:55.46 MicroBench
07:06:06        8 root      20   0   24784  19660   6692 R  93.8   0.1   0:55.63 MicroBench
07:06:06        8 root      20   0   24784  19660   6692 R 100.0   0.1   0:55.80 MicroBench
07:06:06        8 root      20   0   24784  19660   6692 R 100.0   0.1   0:55.96 MicroBench
07:06:06        8 root      20   0   24784  19660   6692 R 100.0   0.1   0:56.13 MicroBench
07:06:06        8 root      20   0   24784  19660   6692 R 100.0   0.1   0:56.30 MicroBench
07:06:07        8 root      20   0   24784  19660   6692 R 100.0   0.1   0:56.47 MicroBench
07:06:07        8 root      20   0   24784  19660   6692 R 100.0   0.1   0:56.64 MicroBench
07:06:07        8 root      20   0   24784  19660   6692 R 100.0   0.1   0:56.81 MicroBench
07:06:07        8 root      20   0   24784  19660   6692 R  93.8   0.1   0:56.97 MicroBench
07:06:07        8 root      20   0   24784  19660   6692 R 100.0   0.1   0:57.15 MicroBench
07:06:08        8 root      20   0   24784  19660   6692 R 100.0   0.1   0:57.31 MicroBench
07:06:08        8 root      20   0   24784  19660   6692 R 100.0   0.1   0:57.48 MicroBench
07:06:08        8 root      20   0   24784  19660   6692 R 100.0   0.1   0:57.66 MicroBench
07:06:08        8 root      20   0   24784  19660   6692 R 100.0   0.1   0:57.83 MicroBench
07:06:08        8 root      20   0   24784  19660   6692 R 100.0   0.1   0:58.00 MicroBench
07:06:08        8 root      20   0   24784  19660   6692 R 100.0   0.1   0:58.17 MicroBench
07:06:09        8 root      20   0   24784  19660   6692 R 100.0   0.1   0:58.34 MicroBench
07:06:09        8 root      20   0   24784  19660   6692 R 100.0   0.1   0:58.51 MicroBench
07:06:09        8 root      20   0   24784  19660   6692 R 100.0   0.1   0:58.67 MicroBench
07:06:09        8 root      20   0   24784  19660   6692 R 100.0   0.1   0:58.84 MicroBench
07:06:09        8 root      20   0   24784  19660   6692 R  93.8   0.1   0:59.01 MicroBench
07:06:09        8 root      20   0   24784  19660   6692 R 100.0   0.1   0:59.19 MicroBench
07:06:10        8 root      20   0   24784  19660   6692 R  93.3   0.1   0:59.35 MicroBench
07:06:10        8 root      20   0   24784  19660   6692 R  93.8   0.1   0:59.53 MicroBench
07:06:10        8 root      20   0   24784  19660   6692 R  93.8   0.1   0:59.70 MicroBench
07:06:10        8 root      20   0   24784  19660   6692 R 100.0   0.1   0:59.88 MicroBench
07:06:10        8 root      20   0   24784  19660   6692 R 100.0   0.1   1:00.05 MicroBench
07:06:10        8 root      20   0   24784  19660   6692 R 100.0   0.1   1:00.21 MicroBench
07:06:11        8 root      20   0   24784  19660   6692 R 100.0   0.1   1:00.38 MicroBench
07:06:11        8 root      20   0   24784  19660   6692 R 100.0   0.1   1:00.55 MicroBench
07:06:11        8 root      20   0   24784  19660   6692 R 100.0   0.1   1:00.72 MicroBench
07:06:11        8 root      20   0   24784  19660   6692 R  87.5   0.1   1:00.90 MicroBench
07:06:11        8 root      20   0   24784  19660   6692 R 100.0   0.1   1:01.07 MicroBench
07:06:11        8 root      20   0   24784  19660   6692 R  93.3   0.1   1:01.23 MicroBench
07:06:12        8 root      20   0   24784  19660   6692 R 100.0   0.1   1:01.40 MicroBench
07:06:12        8 root      20   0   24784  19660   6692 R 100.0   0.1   1:01.57 MicroBench
07:06:12        8 root      20   0   24784  19660   6692 R 100.0   0.1   1:01.74 MicroBench
07:06:12        8 root      20   0   24784  19660   6692 R  93.8   0.1   1:01.92 MicroBench
07:06:12        8 root      20   0   24784  19660   6692 R  93.3   0.1   1:02.08 MicroBench
07:06:12        8 root      20   0   24784  19660   6692 R 100.0   0.1   1:02.26 MicroBench
07:06:13        8 root      20   0   24784  19660   6692 R 100.0   0.1   1:02.43 MicroBench
07:06:13        8 root      20   0   24784  19660   6692 R  87.5   0.1   1:02.59 MicroBench
07:06:13        8 root      20   0   24784  19660   6692 R 100.0   0.1   1:02.77 MicroBench
07:06:13        8 root      20   0   24784  19660   6692 R 100.0   0.1   1:02.94 MicroBench
07:06:13        8 root      20   0   24784  19660   6692 R 100.0   0.1   1:03.11 MicroBench
07:06:13        8 root      20   0   24784  19660   6692 R  93.8   0.1   1:03.27 MicroBench
07:06:14        8 root      20   0   24784  19660   6692 R 100.0   0.1   1:03.44 MicroBench
07:06:14        8 root      20   0   24784  19660   6692 R 100.0   0.1   1:03.61 MicroBench
07:06:14        8 root      20   0   24784  19660   6692 R 100.0   0.1   1:03.78 MicroBench
07:06:14        8 root      20   0   24784  19660   6692 R 100.0   0.1   1:03.95 MicroBench
07:06:14        8 root      20   0   24784  19660   6692 R 100.0   0.1   1:04.13 MicroBench
07:06:15        8 root      20   0   24784  19660   6692 R 100.0   0.1   1:04.30 MicroBench
07:06:15        8 root      20   0   24784  19660   6692 R 100.0   0.1   1:04.47 MicroBench
07:06:15        8 root      20   0   24784  19660   6692 R  93.3   0.1   1:04.63 MicroBench
07:06:15        8 root      20   0   24784  19660   6692 R 100.0   0.1   1:04.80 MicroBench
07:06:15        8 root      20   0   24784  19660   6692 R  93.8   0.1   1:04.97 MicroBench
07:06:15        8 root      20   0   24784  19660   6692 R 100.0   0.1   1:05.15 MicroBench
07:06:16        8 root      20   0   24784  19660   6692 R 100.0   0.1   1:05.31 MicroBench
07:06:16        8 root      20   0   24784  19660   6692 R 100.0   0.1   1:05.48 MicroBench
07:06:16        8 root      20   0   24784  19660   6692 R 100.0   0.1   1:05.65 MicroBench
07:06:16        8 root      20   0   24784  19660   6692 R  93.8   0.1   1:05.82 MicroBench
07:06:16        8 root      20   0   24784  19660   6692 R 100.0   0.1   1:05.99 MicroBench
07:06:16        8 root      20   0   24784  19660   6692 R 100.0   0.1   1:06.15 MicroBench
07:06:17        8 root      20   0   24784  19660   6692 R 100.0   0.1   1:06.32 MicroBench
07:06:17        8 root      20   0   24784  19660   6692 R 100.0   0.1   1:06.49 MicroBench
07:06:17        8 root      20   0   24784  19660   6692 R 100.0   0.1   1:06.66 MicroBench
07:06:17        8 root      20   0   24784  19660   6692 R 100.0   0.1   1:06.86 MicroBench
07:06:17        8 root      20   0   24784  19660   6692 R 100.0   0.1   1:07.03 MicroBench
07:06:17        8 root      20   0   24784  19660   6692 R 100.0   0.1   1:07.19 MicroBench
07:06:18        8 root      20   0   24784  19660   6692 R 100.0   0.1   1:07.36 MicroBench
07:06:18        8 root      20   0   24784  19660   6692 R 100.0   0.1   1:07.53 MicroBench
07:06:18        8 root      20   0   24784  19660   6692 R 100.0   0.1   1:07.70 MicroBench
07:06:18        8 root      20   0   24784  19660   6692 R 100.0   0.1   1:07.89 MicroBench
07:06:18        8 root      20   0   24784  19660   6692 R 100.0   0.1   1:08.07 MicroBench
07:06:18        8 root      20   0   24784  19660   6692 R  93.8   0.1   1:08.24 MicroBench
07:06:19        8 root      20   0   24784  19660   6692 R 100.0   0.1   1:08.41 MicroBench
07:06:19        8 root      20   0   24784  19660   6692 R 100.0   0.1   1:08.58 MicroBench
07:06:19        8 root      20   0   24784  19660   6692 R 100.0   0.1   1:08.75 MicroBench
07:06:19        8 root      20   0   24784  19660   6692 R 100.0   0.1   1:08.93 MicroBench
07:06:19        8 root      20   0   24784  19660   6692 R 100.0   0.1   1:09.10 MicroBench
07:06:20        8 root      20   0   24784  19660   6692 R 100.0   0.1   1:09.28 MicroBench
07:06:20        8 root      20   0   24784  19660   6692 R 100.0   0.1   1:09.45 MicroBench
07:06:20        8 root      20   0   24784  19660   6692 R 100.0   0.1   1:09.62 MicroBench
07:06:20        8 root      20   0   24784  19660   6692 R 100.0   0.1   1:09.78 MicroBench
07:06:20        8 root      20   0   24784  19660   6692 R 100.0   0.1   1:09.95 MicroBench
07:06:20        8 root      20   0   24784  19660   6692 R 100.0   0.1   1:10.12 MicroBench
07:06:21        8 root      20   0   24784  19660   6692 R 100.0   0.1   1:10.29 MicroBench
07:06:21        8 root      20   0   24784  19660   6692 R 100.0   0.1   1:10.46 MicroBench
07:06:21        8 root      20   0   24784  19660   6692 R 100.0   0.1   1:10.63 MicroBench
07:06:21        8 root      20   0   24784  19660   6692 R 100.0   0.1   1:10.80 MicroBench
07:06:21        8 root      20   0   24784  19660   6692 R 100.0   0.1   1:10.97 MicroBench
07:06:21        8 root      20   0   24784  19660   6692 R 100.0   0.1   1:11.15 MicroBench
07:06:22        8 root      20   0   24784  19660   6692 R 100.0   0.1   1:11.32 MicroBench
07:06:22        8 root      20   0   24784  19660   6692 R 100.0   0.1   1:11.50 MicroBench
07:06:22        8 root      20   0   24784  19660   6692 R 100.0   0.1   1:11.67 MicroBench
07:06:22        8 root      20   0   24784  19660   6692 R  93.8   0.1   1:11.83 MicroBench
07:06:22        8 root      20   0   24784  19660   6692 R 100.0   0.1   1:12.00 MicroBench
07:06:22        8 root      20   0   24784  19660   6692 R  93.3   0.1   1:12.17 MicroBench
07:06:23        8 root      20   0   24784  19660   6692 R 100.0   0.1   1:12.35 MicroBench
07:06:23        8 root      20   0   24784  19660   6692 R 100.0   0.1   1:12.51 MicroBench
07:06:23        8 root      20   0   24784  19660   6692 R 100.0   0.1   1:12.68 MicroBench
07:06:23        8 root      20   0   24784  19660   6692 R  93.3   0.1   1:12.85 MicroBench
07:06:23        8 root      20   0   24784  19660   6692 R 100.0   0.1   1:13.02 MicroBench
07:06:23        8 root      20   0   24784  19660   6692 R 100.0   0.1   1:13.18 MicroBench
07:06:24        8 root      20   0   24784  19660   6692 R 100.0   0.1   1:13.36 MicroBench
07:06:24        8 root      20   0   24784  19660   6692 R 100.0   0.1   1:13.53 MicroBench
07:06:24        8 root      20   0   24784  19660   6692 R  93.8   0.1   1:13.71 MicroBench
07:06:24        8 root      20   0   24784  19660   6692 R 100.0   0.1   1:13.88 MicroBench
07:06:24        8 root      20   0   24784  19660   6692 R 100.0   0.1   1:14.04 MicroBench
07:06:24        8 root      20   0   24784  19660   6692 R 100.0   0.1   1:14.21 MicroBench
07:06:25        8 root      20   0   24784  19660   6692 R 100.0   0.1   1:14.39 MicroBench
07:06:25        8 root      20   0   24784  19660   6692 R 100.0   0.1   1:14.56 MicroBench
07:06:25        8 root      20   0   24784  19660   6692 R 100.0   0.1   1:14.73 MicroBench
07:06:25        8 root      20   0   24784  19660   6692 R 100.0   0.1   1:14.90 MicroBench
07:06:25        8 root      20   0   24784  19660   6692 R 100.0   0.1   1:15.09 MicroBench
07:06:26        8 root      20   0   24784  19660   6692 R 100.0   0.1   1:15.26 MicroBench
07:06:26        8 root      20   0   24784  19660   6692 R 100.0   0.1   1:15.43 MicroBench
07:06:26        8 root      20   0   24784  19660   6692 R 100.0   0.1   1:15.60 MicroBench
07:06:26        8 root      20   0   24784  19660   6692 R 100.0   0.1   1:15.78 MicroBench
07:06:26        8 root      20   0   24784  19660   6692 R 100.0   0.1   1:15.95 MicroBench
07:06:26        8 root      20   0   24784  19660   6692 R 100.0   0.1   1:16.12 MicroBench
07:06:27        8 root      20   0   24784  19660   6692 R  93.8   0.1   1:16.29 MicroBench
07:06:27        8 root      20   0   24784  19660   6692 R 100.0   0.1   1:16.46 MicroBench
07:06:27        8 root      20   0   24784  19660   6692 R 100.0   0.1   1:16.63 MicroBench
07:06:27        8 root      20   0   24784  19660   6692 R 100.0   0.1   1:16.80 MicroBench
07:06:27        8 root      20   0   24784  19660   6692 R 100.0   0.1   1:16.97 MicroBench
07:06:27        8 root      20   0   24784  19660   6692 R 100.0   0.1   1:17.13 MicroBench
07:06:28        8 root      20   0   24784  19660   6692 R 100.0   0.1   1:17.30 MicroBench
07:06:28        8 root      20   0   24784  19660   6692 R 100.0   0.1   1:17.48 MicroBench
07:06:28        8 root      20   0   24784  19660   6692 R 100.0   0.1   1:17.65 MicroBench
07:06:28        8 root      20   0   24784  19660   6692 R 100.0   0.1   1:17.82 MicroBench
07:06:28        8 root      20   0   24784  19660   6692 R  93.8   0.1   1:17.99 MicroBench
07:06:28        8 root      20   0   24784  19660   6692 R 100.0   0.1   1:18.16 MicroBench
07:06:29        8 root      20   0   24784  19660   6692 R  93.3   0.1   1:18.32 MicroBench
07:06:29        8 root      20   0   24784  19660   6692 R 100.0   0.1   1:18.49 MicroBench
07:06:29        8 root      20   0   24784  19660   6692 R 100.0   0.1   1:18.67 MicroBench
07:06:29        8 root      20   0   24784  19660   6692 R 100.0   0.1   1:18.87 MicroBench
07:06:29        8 root      20   0   24784  19660   6692 R 100.0   0.1   1:19.04 MicroBench
07:06:29        8 root      20   0   24784  19660   6692 R  93.8   0.1   1:19.20 MicroBench
07:06:30        8 root      20   0   24784  19660   6692 R 100.0   0.1   1:19.38 MicroBench
07:06:30        8 root      20   0   24784  19660   6692 R 100.0   0.1   1:19.54 MicroBench
07:06:30        8 root      20   0   24784  19660   6692 R 100.0   0.1   1:19.72 MicroBench
07:06:30        8 root      20   0   24784  19660   6692 R 100.0   0.1   1:19.89 MicroBench
07:06:30        8 root      20   0   24784  19660   6692 R 100.0   0.1   1:20.05 MicroBench
07:06:31        8 root      20   0   24784  19660   6692 R  93.8   0.1   1:20.22 MicroBench
07:06:31        8 root      20   0   24784  19660   6692 R 100.0   0.1   1:20.39 MicroBench
07:06:31        8 root      20   0   24784  19660   6692 R 100.0   0.1   1:20.56 MicroBench
07:06:31        8 root      20   0   24784  19660   6692 R 100.0   0.1   1:20.73 MicroBench
07:06:31        8 root      20   0   24784  19660   6692 R 100.0   0.1   1:20.90 MicroBench
07:06:31        8 root      20   0   24784  19660   6692 R  93.8   0.1   1:21.07 MicroBench
07:06:32        8 root      20   0   24784  19660   6692 R 100.0   0.1   1:21.24 MicroBench
07:06:32        8 root      20   0   24784  19660   6692 R 100.0   0.1   1:21.41 MicroBench
07:06:32        8 root      20   0   24784  19660   6692 R 100.0   0.1   1:21.59 MicroBench
07:06:32        8 root      20   0   24784  19660   6692 R 100.0   0.1   1:21.76 MicroBench
07:06:32        8 root      20   0   24784  19660   6692 R 100.0   0.1   1:21.93 MicroBench
07:06:32        8 root      20   0   24784  19660   6692 R 100.0   0.1   1:22.10 MicroBench
07:06:33        8 root      20   0   24784  19660   6692 R 100.0   0.1   1:22.28 MicroBench
07:06:33        8 root      20   0   24784  19660   6692 R 100.0   0.1   1:22.44 MicroBench
07:06:33        8 root      20   0   24784  19660   6692 R 100.0   0.1   1:22.62 MicroBench
07:06:33        8 root      20   0   24784  19660   6692 R  93.8   0.1   1:22.79 MicroBench
07:06:33        8 root      20   0   24784  19660   6692 R 100.0   0.1   1:22.96 MicroBench
07:06:33        8 root      20   0   24784  19660   6692 R 100.0   0.1   1:23.13 MicroBench
07:06:34        8 root      20   0   24784  19660   6692 R 100.0   0.1   1:23.30 MicroBench
07:06:34        8 root      20   0   24784  19660   6692 R 100.0   0.1   1:23.47 MicroBench
07:06:34        8 root      20   0   24784  19660   6692 R  93.8   0.1   1:23.63 MicroBench
07:06:34        8 root      20   0   24784  19660   6692 R 100.0   0.1   1:23.80 MicroBench
07:06:34        8 root      20   0   24784  19660   6692 R 100.0   0.1   1:23.98 MicroBench
07:06:34        8 root      20   0   24784  19660   6692 R 100.0   0.1   1:24.15 MicroBench
07:06:35        8 root      20   0   24784  19660   6692 R 100.0   0.1   1:24.32 MicroBench
07:06:35        8 root      20   0   24784  19660   6692 R  93.8   0.1   1:24.48 MicroBench
07:06:35        8 root      20   0   24784  19660   6692 R 100.0   0.1   1:24.65 MicroBench
07:06:35        8 root      20   0   24784  19660   6692 R 100.0   0.1   1:24.84 MicroBench
07:06:35        8 root      20   0   24784  19660   6692 R 100.0   0.1   1:25.00 MicroBench
07:06:35        8 root      20   0   24784  19660   6692 R 100.0   0.1   1:25.17 MicroBench
07:06:36        8 root      20   0   24784  19660   6692 R 100.0   0.1   1:25.34 MicroBench
07:06:36        8 root      20   0   24784  19660   6692 R 100.0   0.1   1:25.51 MicroBench
07:06:36        8 root      20   0   24784  19660   6692 R  93.8   0.1   1:25.68 MicroBench
07:06:36        8 root      20   0   24784  19660   6692 R 100.0   0.1   1:25.85 MicroBench
07:06:36        8 root      20   0   24784  19660   6692 R 100.0   0.1   1:26.03 MicroBench
07:06:37        8 root      20   0   24784  19660   6692 R 100.0   0.1   1:26.20 MicroBench
07:06:37        8 root      20   0   24784  19660   6692 R  93.8   0.1   1:26.38 MicroBench
07:06:37        8 root      20   0   24784  19660   6692 R 100.0   0.1   1:26.56 MicroBench
07:06:37        8 root      20   0   24784  19660   6692 R  93.3   0.1   1:26.72 MicroBench
07:06:37        8 root      20   0   24784  19660   6692 R 100.0   0.1   1:26.90 MicroBench
07:06:37        8 root      20   0   24784  19660   6692 R 100.0   0.1   1:27.08 MicroBench
07:06:38        8 root      20   0   24784  19660   6692 R 100.0   0.1   1:27.24 MicroBench
07:06:38        8 root      20   0   24784  19660   6692 R 100.0   0.1   1:27.41 MicroBench
07:06:38        8 root      20   0   24784  19660   6692 R  93.8   0.1   1:27.58 MicroBench
07:06:38        8 root      20   0   24784  19660   6692 R 100.0   0.1   1:27.75 MicroBench
07:06:38        8 root      20   0   24784  19660   6692 R  93.8   0.1   1:27.92 MicroBench
07:06:38        8 root      20   0   24784  19660   6692 R 100.0   0.1   1:28.10 MicroBench
07:06:39        8 root      20   0   24784  19660   6692 R 100.0   0.1   1:28.26 MicroBench
07:06:39        8 root      20   0   24784  19660   6692 R 100.0   0.1   1:28.43 MicroBench
07:06:39        8 root      20   0   24784  19660   6692 R 100.0   0.1   1:28.60 MicroBench
07:06:39        8 root      20   0   24784  19660   6692 R 100.0   0.1   1:28.77 MicroBench
07:06:39        8 root      20   0   24784  19660   6692 R 100.0   0.1   1:28.94 MicroBench
07:06:39        8 root      20   0   24784  19660   6692 R 100.0   0.1   1:29.11 MicroBench
07:06:40        8 root      20   0   24784  19660   6692 R 100.0   0.1   1:29.28 MicroBench
07:06:40        8 root      20   0   24784  19660   6692 R 100.0   0.1   1:29.45 MicroBench
07:06:40        8 root      20   0   24784  19660   6692 R 100.0   0.1   1:29.61 MicroBench
07:06:40        8 root      20   0   24784  19660   6692 R 100.0   0.1   1:29.78 MicroBench
07:06:40        8 root      20   0   24784  19660   6692 R 100.0   0.1   1:29.96 MicroBench
07:06:40        8 root      20   0   24784  19660   6692 R 100.0   0.1   1:30.13 MicroBench
07:06:41        8 root      20   0   24784  19660   6692 R 100.0   0.1   1:30.30 MicroBench
07:06:41        8 root      20   0   24784  19660   6692 R 100.0   0.1   1:30.46 MicroBench
07:06:41        8 root      20   0   24784  19660   6692 R 100.0   0.1   1:30.64 MicroBench
07:06:41        8 root      20   0   24784  19660   6692 R 100.0   0.1   1:30.81 MicroBench
07:06:41        8 root      20   0   24784  19660   6692 R 100.0   0.1   1:30.97 MicroBench
07:06:41        8 root      20   0   24784  19660   6692 R  93.8   0.1   1:31.14 MicroBench
07:06:42        8 root      20   0   24784  19660   6692 R 100.0   0.1   1:31.31 MicroBench
07:06:42        8 root      20   0   24784  19660   6692 R 100.0   0.1   1:31.48 MicroBench
07:06:42        8 root      20   0   24784  19660   6692 R 100.0   0.1   1:31.65 MicroBench
07:06:42        8 root      20   0   24784  19660   6692 R 100.0   0.1   1:31.82 MicroBench
07:06:42        8 root      20   0   24784  19660   6692 R 100.0   0.1   1:31.99 MicroBench
07:06:42        8 root      20   0   24784  19660   6692 R 100.0   0.1   1:32.16 MicroBench
07:06:43        8 root      20   0   24784  19660   6692 R  93.8   0.1   1:32.33 MicroBench
07:06:43        8 root      20   0   24784  19660   6692 R 100.0   0.1   1:32.50 MicroBench
07:06:43        8 root      20   0   24784  19660   6692 R  93.3   0.1   1:32.67 MicroBench
07:06:43        8 root      20   0   24784  19660   6692 R 100.0   0.1   1:32.85 MicroBench
07:06:43        8 root      20   0   24784  19660   6692 R 100.0   0.1   1:33.01 MicroBench
07:06:44        8 root      20   0   24784  19660   6692 R 100.0   0.1   1:33.19 MicroBench
07:06:44        8 root      20   0   24784  19660   6692 R 100.0   0.1   1:33.36 MicroBench
07:06:44        8 root      20   0   24784  19660   6692 R 100.0   0.1   1:33.53 MicroBench
07:06:44        8 root      20   0   24784  19660   6692 R 100.0   0.1   1:33.70 MicroBench
07:06:44        8 root      20   0   24784  19660   6692 R 100.0   0.1   1:33.87 MicroBench
07:06:44        8 root      20   0   24784  19660   6692 R 100.0   0.1   1:34.04 MicroBench
07:06:45        8 root      20   0   24784  19660   6692 R 100.0   0.1   1:34.22 MicroBench
07:06:45        8 root      20   0   24784  19660   6692 R 100.0   0.1   1:34.39 MicroBench
07:06:45        8 root      20   0   24784  19660   6692 R 100.0   0.1   1:34.56 MicroBench
07:06:45        8 root      20   0   24784  19660   6692 R 100.0   0.1   1:34.74 MicroBench
07:06:45        8 root      20   0   24784  19660   6692 R 100.0   0.1   1:34.91 MicroBench
07:06:45        8 root      20   0   24784  19660   6692 R 100.0   0.1   1:35.08 MicroBench
07:06:46        8 root      20   0   24784  19660   6692 R 100.0   0.1   1:35.25 MicroBench
07:06:46        8 root      20   0   24784  19660   6692 R 100.0   0.1   1:35.42 MicroBench
07:06:46        8 root      20   0   24784  19660   6692 R 100.0   0.1   1:35.58 MicroBench
Avg reg. time: 115607541
Avg opt. time: 72202146
Median reg. time: 115607541
Median opt. time: 72202146
07:06:46  MicroBench not found.
MicroBench process has exited. Monitoring script will terminate.
