Args:
  Field size              : 2748779069441
  l                       : 32
  t                       : 10
  Number of parties        : 1024
  Number of repeats        : 1
  Monitor sleep time (ms) : 1

Started ./MicroBench with PID: 8
07:01:34        8 root      20   0   14160   8756   6628 R 100.0   0.1   0:00.15 MicroBench
07:01:34        8 root      20   0   14160   8756   6628 R 100.0   0.1   0:00.31 MicroBench
07:01:34        8 root      20   0   14160   8756   6628 R 100.0   0.1   0:00.47 MicroBench
07:01:34        8 root      20   0   14160   8756   6628 R 100.0   0.1   0:00.64 MicroBench
07:01:34        8 root      20   0   14160   8756   6628 R  87.5   0.1   0:00.81 MicroBench
07:01:34        8 root      20   0   14160   8756   6628 R 100.0   0.1   0:00.98 MicroBench
07:01:35        8 root      20   0   14160   8756   6628 R 100.0   0.1   0:01.15 MicroBench
07:01:35        8 root      20   0   14160   8756   6628 R 100.0   0.1   0:01.31 MicroBench
07:01:35        8 root      20   0   14160   8756   6628 R 100.0   0.1   0:01.48 MicroBench
07:01:35        8 root      20   0   14160   8756   6628 R 100.0   0.1   0:01.64 MicroBench
07:01:35        8 root      20   0   14160   8756   6628 R 100.0   0.1   0:01.80 MicroBench
07:01:35        8 root      20   0   14160   8756   6628 R  93.3   0.1   0:01.96 MicroBench
07:01:36        8 root      20   0   16668  11456   6692 R  93.3   0.1   0:02.12 MicroBench
07:01:36        8 root      20   0   16668  11456   6692 R  93.3   0.1   0:02.28 MicroBench
07:01:36        8 root      20   0   16668  11456   6692 R 100.0   0.1   0:02.45 MicroBench
07:01:36        8 root      20   0   16668  11456   6692 R 100.0   0.1   0:02.61 MicroBench
07:01:36        8 root      20   0   16668  11456   6692 R 100.0   0.1   0:02.78 MicroBench
07:01:36        8 root      20   0   16668  11456   6692 R 100.0   0.1   0:02.94 MicroBench
07:01:36        8 root      20   0   16668  11456   6692 R 100.0   0.1   0:03.10 MicroBench
07:01:37        8 root      20   0   16668  11456   6692 R 100.0   0.1   0:03.26 MicroBench
07:01:37        8 root      20   0   16668  11456   6692 R 100.0   0.1   0:03.43 MicroBench
07:01:37        8 root      20   0   16668  11456   6692 R 100.0   0.1   0:03.59 MicroBench
07:01:37        8 root      20   0   16668  11456   6692 R 100.0   0.1   0:03.76 MicroBench
07:01:37        8 root      20   0   16668  11456   6692 R 100.0   0.1   0:03.92 MicroBench
07:01:37        8 root      20   0   16668  11456   6692 R 100.0   0.1   0:04.09 MicroBench
07:01:38        8 root      20   0   16668  11456   6692 R 100.0   0.1   0:04.25 MicroBench
07:01:38        8 root      20   0   16668  11456   6692 R  93.8   0.1   0:04.42 MicroBench
07:01:38        8 root      20   0   16668  11456   6692 R 100.0   0.1   0:04.58 MicroBench
07:01:38        8 root      20   0   16668  11456   6692 R 100.0   0.1   0:04.75 MicroBench
07:01:38        8 root      20   0   16668  11456   6692 R 100.0   0.1   0:04.91 MicroBench
07:01:38        8 root      20   0   16668  11456   6692 R  93.3   0.1   0:05.07 MicroBench
07:01:39        8 root      20   0   16668  11456   6692 R 100.0   0.1   0:05.24 MicroBench
07:01:39        8 root      20   0   16668  11456   6692 R 100.0   0.1   0:05.41 MicroBench
07:01:39        8 root      20   0   16668  11456   6692 R 100.0   0.1   0:05.58 MicroBench
07:01:39        8 root      20   0   16668  11456   6692 R 100.0   0.1   0:05.74 MicroBench
07:01:39        8 root      20   0   16668  11456   6692 R 100.0   0.1   0:05.90 MicroBench
07:01:39        8 root      20   0   16668  11456   6692 R 100.0   0.1   0:06.06 MicroBench
07:01:40        8 root      20   0   16668  11456   6692 R  93.8   0.1   0:06.22 MicroBench
07:01:40        8 root      20   0   16668  11456   6692 R 100.0   0.1   0:06.38 MicroBench
07:01:40        8 root      20   0   16668  11456   6692 R 100.0   0.1   0:06.54 MicroBench
07:01:40        8 root      20   0   16668  11456   6692 R 100.0   0.1   0:06.70 MicroBench
07:01:40        8 root      20   0   16668  11456   6692 R 100.0   0.1   0:06.88 MicroBench
07:01:40        8 root      20   0   16668  11456   6692 R  93.3   0.1   0:07.04 MicroBench
07:01:41        8 root      20   0   16668  11456   6692 R 100.0   0.1   0:07.21 MicroBench
07:01:41        8 root      20   0   16668  11456   6692 R 100.0   0.1   0:07.37 MicroBench
07:01:41        8 root      20   0   16668  11456   6692 R 100.0   0.1   0:07.53 MicroBench
07:01:41        8 root      20   0   19572  14360   6692 R 100.0   0.1   0:07.70 MicroBench
07:01:41        8 root      20   0   19572  14360   6692 R 100.0   0.1   0:07.86 MicroBench
07:01:41        8 root      20   0   19572  14360   6692 R 100.0   0.1   0:08.03 MicroBench
07:01:42        8 root      20   0   19572  14360   6692 R 100.0   0.1   0:08.19 MicroBench
07:01:42        8 root      20   0   19572  14360   6692 R 100.0   0.1   0:08.35 MicroBench
07:01:42        8 root      20   0   19572  14360   6692 R 100.0   0.1   0:08.52 MicroBench
07:01:42        8 root      20   0   19572  14360   6692 R 100.0   0.1   0:08.68 MicroBench
07:01:42        8 root      20   0   19572  14360   6692 R 100.0   0.1   0:08.85 MicroBench
07:01:42        8 root      20   0   19572  14360   6692 R 100.0   0.1   0:09.01 MicroBench
07:01:43        8 root      20   0   19572  14360   6692 R 100.0   0.1   0:09.17 MicroBench
07:01:43        8 root      20   0   19572  14360   6692 R 100.0   0.1   0:09.33 MicroBench
07:01:43        8 root      20   0   19572  14360   6692 R 100.0   0.1   0:09.50 MicroBench
07:01:43        8 root      20   0   19572  14360   6692 R 100.0   0.1   0:09.66 MicroBench
07:01:43        8 root      20   0   19572  14360   6692 R 100.0   0.1   0:09.83 MicroBench
07:01:43        8 root      20   0   19572  14360   6692 R 100.0   0.1   0:09.99 MicroBench
07:01:44        8 root      20   0   19572  14360   6692 R 100.0   0.1   0:10.15 MicroBench
07:01:44        8 root      20   0   19572  14360   6692 R 100.0   0.1   0:10.31 MicroBench
07:01:44        8 root      20   0   19572  14360   6692 R 100.0   0.1   0:10.47 MicroBench
07:01:44        8 root      20   0   19572  14360   6692 R 100.0   0.1   0:10.63 MicroBench
07:01:44        8 root      20   0   19572  14360   6692 R 100.0   0.1   0:10.79 MicroBench
07:01:44        8 root      20   0   19572  14360   6692 R 100.0   0.1   0:10.96 MicroBench
07:01:45        8 root      20   0   19572  14360   6692 R 100.0   0.1   0:11.12 MicroBench
07:01:45        8 root      20   0   19572  14360   6692 R 100.0   0.1   0:11.28 MicroBench
07:01:45        8 root      20   0   19572  14360   6692 R 100.0   0.1   0:11.44 MicroBench
07:01:45        8 root      20   0   19572  14360   6692 R 100.0   0.1   0:11.61 MicroBench
07:01:45        8 root      20   0   19572  14360   6692 R 100.0   0.1   0:11.78 MicroBench
07:01:45        8 root      20   0   19572  14360   6692 R 100.0   0.1   0:11.94 MicroBench
07:01:46        8 root      20   0   19572  14360   6692 R 100.0   0.1   0:12.10 MicroBench
07:01:46        8 root      20   0   19572  14360   6692 R  93.8   0.1   0:12.27 MicroBench
07:01:46        8 root      20   0   19572  14360   6692 R 100.0   0.1   0:12.43 MicroBench
07:01:46        8 root      20   0   19572  14360   6692 R 100.0   0.1   0:12.59 MicroBench
07:01:46        8 root      20   0   19572  14360   6692 R 100.0   0.1   0:12.76 MicroBench
07:01:46        8 root      20   0   19572  14360   6692 R 100.0   0.1   0:12.92 MicroBench
07:01:46        8 root      20   0   19572  14360   6692 R 100.0   0.1   0:13.08 MicroBench
07:01:47        8 root      20   0   19572  14360   6692 R 100.0   0.1   0:13.25 MicroBench
Avg reg. time: 31145604
Avg opt. time: 34651417
Median reg. time: 31145604
Median opt. time: 34651417
07:01:47  MicroBench not found.
MicroBench process has exited. Monitoring script will terminate.
