Args:
  Field size              : 2748779069441
  l                       : 16
  t                       : 20
  Number of parties        : 2048
  Number of repeats        : 1
  Monitor sleep time (ms) : 1

Started ./MicroBench with PID: 8
07:11:10        8 root      20   0   14688   9284   6628 R 100.0   0.1   0:00.15 MicroBench
07:11:10        8 root      20   0   14688   9548   6628 R 100.0   0.1   0:00.32 MicroBench
07:11:10        8 root      20   0   14820   9548   6628 R 100.0   0.1   0:00.50 MicroBench
07:11:11        8 root      20   0   14800   9584   6628 R  93.8   0.1   0:00.67 MicroBench
07:11:11        8 root      20   0   14800   9584   6628 R 100.0   0.1   0:00.84 MicroBench
07:11:11        8 root      20   0   14800   9584   6628 R 100.0   0.1   0:01.01 MicroBench
07:11:11        8 root      20   0   14800   9584   6628 R 100.0   0.1   0:01.18 MicroBench
07:11:11        8 root      20   0   14800   9584   6628 R 100.0   0.1   0:01.35 MicroBench
07:11:11        8 root      20   0   14736   9616   6628 R  93.3   0.1   0:01.51 MicroBench
07:11:12        8 root      20   0   14736   9616   6628 R 100.0   0.1   0:01.68 MicroBench
07:11:12        8 root      20   0   14868   9616   6628 R 100.0   0.1   0:01.85 MicroBench
07:11:12        8 root      20   0   14868   9616   6628 R 100.0   0.1   0:02.02 MicroBench
07:11:12        8 root      20   0   14868   9616   6628 R  93.8   0.1   0:02.20 MicroBench
07:11:12        8 root      20   0   14868   9616   6628 R 100.0   0.1   0:02.37 MicroBench
07:11:12        8 root      20   0   14868   9616   6628 R 100.0   0.1   0:02.54 MicroBench
07:11:13        8 root      20   0   14868   9616   6628 R 100.0   0.1   0:02.71 MicroBench
07:11:13        8 root      20   0   14868   9616   6628 R 100.0   0.1   0:02.89 MicroBench
07:11:13        8 root      20   0   14868   9616   6628 R 100.0   0.1   0:03.07 MicroBench
07:11:13        8 root      20   0   14868   9616   6628 R 100.0   0.1   0:03.23 MicroBench
07:11:13        8 root      20   0   14868   9616   6628 R 100.0   0.1   0:03.40 MicroBench
07:11:13        8 root      20   0   14868   9616   6628 R  93.8   0.1   0:03.59 MicroBench
07:11:14        8 root      20   0   14868   9616   6628 R 100.0   0.1   0:03.76 MicroBench
07:11:14        8 root      20   0   14868   9616   6628 R 100.0   0.1   0:03.93 MicroBench
07:11:14        8 root      20   0   14868   9616   6628 R  93.8   0.1   0:04.10 MicroBench
07:11:14        8 root      20   0   14824   9652   6628 R 100.0   0.1   0:04.27 MicroBench
07:11:14        8 root      20   0   14824   9652   6628 R  93.8   0.1   0:04.44 MicroBench
07:11:14        8 root      20   0   14824   9652   6628 R  93.8   0.1   0:04.61 MicroBench
07:11:15        8 root      20   0   14824   9652   6628 R 100.0   0.1   0:04.78 MicroBench
07:11:15        8 root      20   0   14824   9652   6628 R 100.0   0.1   0:04.96 MicroBench
07:11:15        8 root      20   0   14824   9652   6628 R 100.0   0.1   0:05.12 MicroBench
07:11:15        8 root      20   0   14824   9652   6628 R 100.0   0.1   0:05.29 MicroBench
07:11:15        8 root      20   0   14824   9652   6628 R 100.0   0.1   0:05.46 MicroBench
07:11:16        8 root      20   0   18256  12876   6692 R 100.0   0.1   0:05.63 MicroBench
07:11:16        8 root      20   0   18256  12876   6692 R  87.5   0.1   0:05.79 MicroBench
07:11:16        8 root      20   0   18256  12876   6692 R 100.0   0.1   0:05.97 MicroBench
07:11:16        8 root      20   0   18256  12876   6692 R 100.0   0.1   0:06.13 MicroBench
07:11:16        8 root      20   0   18256  12876   6692 R 100.0   0.1   0:06.30 MicroBench
07:11:16        8 root      20   0   18256  12876   6692 R 100.0   0.1   0:06.47 MicroBench
07:11:17        8 root      20   0   18256  12876   6692 R 100.0   0.1   0:06.64 MicroBench
07:11:17        8 root      20   0   18256  12876   6692 R  93.3   0.1   0:06.80 MicroBench
07:11:17        8 root      20   0   18256  12876   6692 R 100.0   0.1   0:06.98 MicroBench
07:11:17        8 root      20   0   18256  12876   6692 R  93.8   0.1   0:07.14 MicroBench
07:11:17        8 root      20   0   18256  12876   6692 R  93.8   0.1   0:07.31 MicroBench
07:11:17        8 root      20   0   18256  12876   6692 R  93.8   0.1   0:07.48 MicroBench
07:11:18        8 root      20   0   18256  12876   6692 R 100.0   0.1   0:07.65 MicroBench
07:11:18        8 root      20   0   18256  12876   6692 R 100.0   0.1   0:07.82 MicroBench
07:11:18        8 root      20   0   18256  12876   6692 R 100.0   0.1   0:07.99 MicroBench
07:11:18        8 root      20   0   18256  12876   6692 R 100.0   0.1   0:08.16 MicroBench
07:11:18        8 root      20   0   18256  12876   6692 R 100.0   0.1   0:08.33 MicroBench
07:11:18        8 root      20   0   18256  12876   6692 R 100.0   0.1   0:08.51 MicroBench
07:11:19        8 root      20   0   18256  12876   6692 R 100.0   0.1   0:08.70 MicroBench
07:11:19        8 root      20   0   18256  12876   6692 R 100.0   0.1   0:08.87 MicroBench
07:11:19        8 root      20   0   18256  12876   6692 R 100.0   0.1   0:09.04 MicroBench
07:11:19        8 root      20   0   18256  12876   6692 R  93.8   0.1   0:09.20 MicroBench
07:11:19        8 root      20   0   18256  12876   6692 R 100.0   0.1   0:09.37 MicroBench
07:11:19        8 root      20   0   18256  12876   6692 R 100.0   0.1   0:09.54 MicroBench
07:11:20        8 root      20   0   18256  12876   6692 R 100.0   0.1   0:09.72 MicroBench
07:11:20        8 root      20   0   18256  12876   6692 R 100.0   0.1   0:09.89 MicroBench
07:11:20        8 root      20   0   18256  12876   6692 R 100.0   0.1   0:10.06 MicroBench
07:11:20        8 root      20   0   18256  12876   6692 R 100.0   0.1   0:10.23 MicroBench
07:11:20        8 root      20   0   18256  12876   6692 R  93.3   0.1   0:10.39 MicroBench
07:11:20        8 root      20   0   18256  12876   6692 R  93.8   0.1   0:10.56 MicroBench
07:11:21        8 root      20   0   18256  12876   6692 R 100.0   0.1   0:10.73 MicroBench
07:11:21        8 root      20   0   18256  12876   6692 R 100.0   0.1   0:10.91 MicroBench
07:11:21        8 root      20   0   18256  12876   6692 R  93.8   0.1   0:11.08 MicroBench
07:11:21        8 root      20   0   18256  12876   6692 R 100.0   0.1   0:11.26 MicroBench
07:11:21        8 root      20   0   18256  12876   6692 R  93.3   0.1   0:11.42 MicroBench
07:11:21        8 root      20   0   18256  12876   6692 R 100.0   0.1   0:11.60 MicroBench
07:11:22        8 root      20   0   18256  12876   6692 R  93.3   0.1   0:11.76 MicroBench
07:11:22        8 root      20   0   18256  12876   6692 R  93.8   0.1   0:11.94 MicroBench
07:11:22        8 root      20   0   18256  12876   6692 R 100.0   0.1   0:12.12 MicroBench
07:11:22        8 root      20   0   18256  12876   6692 R  93.8   0.1   0:12.29 MicroBench
07:11:22        8 root      20   0   18256  12876   6692 R 100.0   0.1   0:12.46 MicroBench
07:11:23        8 root      20   0   18256  12876   6692 R 100.0   0.1   0:12.63 MicroBench
07:11:23        8 root      20   0   18256  12876   6692 R  93.8   0.1   0:12.81 MicroBench
07:11:23        8 root      20   0   18256  12876   6692 R 100.0   0.1   0:12.98 MicroBench
07:11:23        8 root      20   0   18256  12876   6692 R 100.0   0.1   0:13.16 MicroBench
07:11:23        8 root      20   0   18256  12876   6692 R 100.0   0.1   0:13.33 MicroBench
07:11:23        8 root      20   0   18256  12876   6692 R 100.0   0.1   0:13.50 MicroBench
07:11:24        8 root      20   0   18256  12876   6692 R 100.0   0.1   0:13.67 MicroBench
07:11:24        8 root      20   0   18256  12876   6692 R 100.0   0.1   0:13.84 MicroBench
07:11:24        8 root      20   0   18256  12876   6692 R 100.0   0.1   0:14.01 MicroBench
07:11:24        8 root      20   0   18256  12876   6692 R 100.0   0.1   0:14.18 MicroBench
07:11:24        8 root      20   0   18256  12876   6692 R 100.0   0.1   0:14.35 MicroBench
07:11:24        8 root      20   0   18256  12876   6692 R  93.8   0.1   0:14.52 MicroBench
07:11:25        8 root      20   0   18256  12876   6692 R 100.0   0.1   0:14.69 MicroBench
07:11:25        8 root      20   0   18256  12876   6692 R  93.3   0.1   0:14.86 MicroBench
07:11:25        8 root      20   0   18256  12876   6692 R 100.0   0.1   0:15.04 MicroBench
07:11:25        8 root      20   0   18256  12876   6692 R 100.0   0.1   0:15.21 MicroBench
07:11:25        8 root      20   0   18256  12876   6692 R 100.0   0.1   0:15.38 MicroBench
07:11:25        8 root      20   0   18256  12876   6692 R  93.3   0.1   0:15.54 MicroBench
07:11:26        8 root      20   0   18256  12876   6692 R 100.0   0.1   0:15.71 MicroBench
07:11:26        8 root      20   0   18256  12876   6692 R 100.0   0.1   0:15.88 MicroBench
07:11:26        8 root      20   0   18256  12876   6692 R 100.0   0.1   0:16.05 MicroBench
07:11:26        8 root      20   0   18256  12876   6692 R 100.0   0.1   0:16.22 MicroBench
07:11:26        8 root      20   0   18256  12876   6692 R 100.0   0.1   0:16.39 MicroBench
07:11:26        8 root      20   0   18256  12876   6692 R  93.8   0.1   0:16.56 MicroBench
07:11:27        8 root      20   0   18256  12876   6692 R 100.0   0.1   0:16.73 MicroBench
07:11:27        8 root      20   0   22480  17100   6692 R 100.0   0.1   0:16.89 MicroBench
07:11:27        8 root      20   0   22480  17100   6692 R 100.0   0.1   0:17.06 MicroBench
07:11:27        8 root      20   0   22480  17100   6692 R 100.0   0.1   0:17.23 MicroBench
07:11:27        8 root      20   0   22480  17100   6692 R 100.0   0.1   0:17.40 MicroBench
07:11:27        8 root      20   0   22480  17100   6692 R  93.8   0.1   0:17.56 MicroBench
07:11:28        8 root      20   0   22480  17100   6692 R 100.0   0.1   0:17.73 MicroBench
07:11:28        8 root      20   0   22480  17100   6692 R 100.0   0.1   0:17.90 MicroBench
07:11:28        8 root      20   0   22480  17100   6692 R 100.0   0.1   0:18.07 MicroBench
07:11:28        8 root      20   0   22480  17100   6692 R  93.3   0.1   0:18.23 MicroBench
07:11:28        8 root      20   0   22480  17100   6692 R  93.8   0.1   0:18.40 MicroBench
07:11:28        8 root      20   0   22480  17100   6692 R  93.8   0.1   0:18.57 MicroBench
07:11:29        8 root      20   0   22480  17100   6692 R 100.0   0.1   0:18.74 MicroBench
07:11:29        8 root      20   0   22480  17100   6692 R 100.0   0.1   0:18.91 MicroBench
07:11:29        8 root      20   0   22480  17100   6692 R 100.0   0.1   0:19.08 MicroBench
07:11:29        8 root      20   0   22480  17100   6692 R  93.3   0.1   0:19.24 MicroBench
07:11:29        8 root      20   0   22480  17100   6692 R 100.0   0.1   0:19.42 MicroBench
07:11:30        8 root      20   0   22480  17100   6692 R 100.0   0.1   0:19.59 MicroBench
07:11:30        8 root      20   0   22480  17100   6692 R 100.0   0.1   0:19.76 MicroBench
07:11:30        8 root      20   0   22480  17100   6692 R 100.0   0.1   0:19.93 MicroBench
07:11:30        8 root      20   0   22480  17100   6692 R  93.8   0.1   0:20.10 MicroBench
07:11:30        8 root      20   0   22480  17100   6692 R 100.0   0.1   0:20.27 MicroBench
07:11:30        8 root      20   0   22480  17100   6692 R 100.0   0.1   0:20.45 MicroBench
07:11:31        8 root      20   0   22480  17100   6692 R 100.0   0.1   0:20.63 MicroBench
07:11:31        8 root      20   0   22480  17100   6692 R 100.0   0.1   0:20.79 MicroBench
07:11:31        8 root      20   0   22480  17100   6692 R 100.0   0.1   0:20.96 MicroBench
07:11:31        8 root      20   0   22480  17100   6692 R  93.8   0.1   0:21.13 MicroBench
07:11:31        8 root      20   0   22480  17100   6692 R 100.0   0.1   0:21.30 MicroBench
07:11:31        8 root      20   0   22480  17100   6692 R 100.0   0.1   0:21.47 MicroBench
07:11:32        8 root      20   0   22480  17100   6692 R  93.3   0.1   0:21.63 MicroBench
07:11:32        8 root      20   0   22480  17100   6692 R 100.0   0.1   0:21.80 MicroBench
07:11:32        8 root      20   0   22480  17100   6692 R 100.0   0.1   0:21.97 MicroBench
07:11:32        8 root      20   0   22480  17100   6692 R  93.8   0.1   0:22.14 MicroBench
07:11:32        8 root      20   0   22480  17100   6692 R 100.0   0.1   0:22.31 MicroBench
07:11:32        8 root      20   0   22480  17100   6692 R 100.0   0.1   0:22.48 MicroBench
07:11:33        8 root      20   0   22480  17100   6692 R 100.0   0.1   0:22.65 MicroBench
07:11:33        8 root      20   0   22480  17100   6692 R 100.0   0.1   0:22.83 MicroBench
07:11:33        8 root      20   0   22480  17100   6692 R  93.8   0.1   0:23.00 MicroBench
07:11:33        8 root      20   0   22480  17100   6692 R 100.0   0.1   0:23.17 MicroBench
07:11:33        8 root      20   0   22480  17100   6692 R 100.0   0.1   0:23.35 MicroBench
07:11:33        8 root      20   0   22480  17100   6692 R 100.0   0.1   0:23.51 MicroBench
07:11:34        8 root      20   0   22480  17100   6692 R 100.0   0.1   0:23.68 MicroBench
07:11:34        8 root      20   0   22480  17100   6692 R 100.0   0.1   0:23.85 MicroBench
07:11:34        8 root      20   0   22480  17100   6692 R 100.0   0.1   0:24.02 MicroBench
07:11:34        8 root      20   0   22480  17100   6692 R 100.0   0.1   0:24.19 MicroBench
07:11:34        8 root      20   0   22480  17100   6692 R 100.0   0.1   0:24.36 MicroBench
07:11:34        8 root      20   0   22480  17100   6692 R 100.0   0.1   0:24.53 MicroBench
07:11:35        8 root      20   0   22480  17100   6692 R 100.0   0.1   0:24.71 MicroBench
07:11:35        8 root      20   0   22480  17100   6692 R  93.8   0.1   0:24.87 MicroBench
07:11:35        8 root      20   0   22480  17100   6692 R 100.0   0.1   0:25.04 MicroBench
07:11:35        8 root      20   0   22480  17100   6692 R 100.0   0.1   0:25.21 MicroBench
07:11:35        8 root      20   0   22480  17100   6692 R 100.0   0.1   0:25.38 MicroBench
07:11:35        8 root      20   0   22480  17100   6692 R 100.0   0.1   0:25.55 MicroBench
07:11:36        8 root      20   0   22480  17100   6692 R  93.3   0.1   0:25.71 MicroBench
07:11:36        8 root      20   0   22480  17100   6692 R 100.0   0.1   0:25.88 MicroBench
07:11:36        8 root      20   0   22480  17100   6692 R  93.8   0.1   0:26.05 MicroBench
07:11:36        8 root      20   0   22480  17100   6692 R  93.8   0.1   0:26.22 MicroBench
07:11:36        8 root      20   0   22480  17100   6692 R 100.0   0.1   0:26.39 MicroBench
07:11:37        8 root      20   0   22480  17100   6692 R  93.8   0.1   0:26.56 MicroBench
07:11:37        8 root      20   0   22480  17100   6692 R  93.8   0.1   0:26.73 MicroBench
07:11:37        8 root      20   0   22480  17100   6692 R 100.0   0.1   0:26.90 MicroBench
07:11:37        8 root      20   0   22480  17100   6692 R 100.0   0.1   0:27.07 MicroBench
07:11:37        8 root      20   0   22480  17100   6692 R 100.0   0.1   0:27.24 MicroBench
07:11:37        8 root      20   0   22480  17100   6692 R 100.0   0.1   0:27.41 MicroBench
07:11:38        8 root      20   0   22480  17100   6692 R 100.0   0.1   0:27.57 MicroBench
07:11:38        8 root      20   0   22480  17100   6692 R 100.0   0.1   0:27.74 MicroBench
07:11:38        8 root      20   0   22480  17100   6692 R  93.8   0.1   0:27.91 MicroBench
07:11:38        8 root      20   0   22480  17100   6692 R 100.0   0.1   0:28.08 MicroBench
07:11:38        8 root      20   0   23272  18156   6692 R 100.0   0.1   0:28.25 MicroBench
Avg reg. time: 88881854
Avg opt. time: 143817125
Median reg. time: 88881854
Median opt. time: 143817125
07:11:38  MicroBench not found.
MicroBench process has exited. Monitoring script will terminate.
