Args:
  Field size              : 2748779069441
  l                       : 64
  t                       : 30
  Number of parties        : 1024
  Number of repeats        : 1
  Monitor sleep time (ms) : 1

Started ./MicroBench with PID: 8
07:06:47        8 root      20   0   14160   8744   6612 R 100.0   0.1   0:00.16 MicroBench
07:06:47        8 root      20   0   14160   8744   6612 R 100.0   0.1   0:00.32 MicroBench
07:06:47        8 root      20   0   14160   8744   6612 R 100.0   0.1   0:00.49 MicroBench
07:06:48        8 root      20   0   14160   8744   6612 R 100.0   0.1   0:00.66 MicroBench
07:06:48        8 root      20   0   14160   8744   6612 R 100.0   0.1   0:00.83 MicroBench
07:06:48        8 root      20   0   14160   8744   6612 R 100.0   0.1   0:01.00 MicroBench
07:06:48        8 root      20   0   14160   8744   6612 R 100.0   0.1   0:01.17 MicroBench
07:06:48        8 root      20   0   14160   8744   6612 R 100.0   0.1   0:01.35 MicroBench
07:06:48        8 root      20   0   14160   8744   6612 R  93.3   0.1   0:01.51 MicroBench
07:06:49        8 root      20   0   14160   8744   6612 R 100.0   0.1   0:01.69 MicroBench
07:06:49        8 root      20   0   14160   8744   6612 R 100.0   0.1   0:01.85 MicroBench
07:06:49        8 root      20   0   14160   8744   6612 R 100.0   0.1   0:02.02 MicroBench
07:06:49        8 root      20   0   14160   8744   6612 R 100.0   0.1   0:02.20 MicroBench
07:06:49        8 root      20   0   14160   8744   6612 R  93.3   0.1   0:02.36 MicroBench
07:06:49        8 root      20   0   14160   8744   6612 R 100.0   0.1   0:02.53 MicroBench
07:06:50        8 root      20   0   14160   8744   6612 R  93.8   0.1   0:02.70 MicroBench
07:06:50        8 root      20   0   14160   8744   6612 R 100.0   0.1   0:02.87 MicroBench
07:06:50        8 root      20   0   14160   8744   6612 R 100.0   0.1   0:03.04 MicroBench
07:06:50        8 root      20   0   14160   8744   6612 R 100.0   0.1   0:03.21 MicroBench
07:06:50        8 root      20   0   14160   8744   6612 R 100.0   0.1   0:03.38 MicroBench
07:06:50        8 root      20   0   14160   8744   6612 R  93.8   0.1   0:03.55 MicroBench
07:06:51        8 root      20   0   14160   8744   6612 R 100.0   0.1   0:03.72 MicroBench
07:06:51        8 root      20   0   14160   8744   6612 R 100.0   0.1   0:03.89 MicroBench
07:06:51        8 root      20   0   14160   8744   6612 R 100.0   0.1   0:04.06 MicroBench
07:06:51        8 root      20   0   14160   8744   6612 R 100.0   0.1   0:04.23 MicroBench
07:06:51        8 root      20   0   14160   8744   6612 R 100.0   0.1   0:04.40 MicroBench
07:06:51        8 root      20   0   14160   8744   6612 R 100.0   0.1   0:04.57 MicroBench
07:06:52        8 root      20   0   14160   8744   6612 R 100.0   0.1   0:04.73 MicroBench
07:06:52        8 root      20   0   14160   8744   6612 R 100.0   0.1   0:04.91 MicroBench
07:06:52        8 root      20   0   14160   8744   6612 R 100.0   0.1   0:05.08 MicroBench
07:06:52        8 root      20   0   14160   8744   6612 R 100.0   0.1   0:05.25 MicroBench
07:06:52        8 root      20   0   14160   8744   6612 R 100.0   0.1   0:05.42 MicroBench
07:06:52        8 root      20   0   14160   8744   6612 R 100.0   0.1   0:05.59 MicroBench
07:06:53        8 root      20   0   14160   8744   6612 R 100.0   0.1   0:05.75 MicroBench
07:06:53        8 root      20   0   14160   8744   6612 R 100.0   0.1   0:05.92 MicroBench
07:06:53        8 root      20   0   14160   8744   6612 R 100.0   0.1   0:06.09 MicroBench
07:06:53        8 root      20   0   14160   8744   6612 R 100.0   0.1   0:06.26 MicroBench
07:06:53        8 root      20   0   14160   8744   6612 R  93.3   0.1   0:06.44 MicroBench
07:06:54        8 root      20   0   14160   8744   6612 R 100.0   0.1   0:06.61 MicroBench
07:06:54        8 root      20   0   14160   8744   6612 R 100.0   0.1   0:06.78 MicroBench
07:06:54        8 root      20   0   14160   8744   6612 R 100.0   0.1   0:06.96 MicroBench
07:06:54        8 root      20   0   14160   8744   6612 R  93.8   0.1   0:07.14 MicroBench
07:06:54        8 root      20   0   14160   8744   6612 R 100.0   0.1   0:07.31 MicroBench
07:06:54        8 root      20   0   14160   8744   6612 R 100.0   0.1   0:07.48 MicroBench
07:06:55        8 root      20   0   14160   8744   6612 R  93.8   0.1   0:07.65 MicroBench
07:06:55        8 root      20   0   14160   8744   6612 R 100.0   0.1   0:07.83 MicroBench
07:06:55        8 root      20   0   14160   8744   6612 R 100.0   0.1   0:08.00 MicroBench
07:06:55        8 root      20   0   14160   8744   6612 R 100.0   0.1   0:08.17 MicroBench
07:06:55        8 root      20   0   14160   9008   6612 R 100.0   0.1   0:08.34 MicroBench
07:06:55        8 root      20   0   14160   9008   6612 R 100.0   0.1   0:08.50 MicroBench
07:06:56        8 root      20   0   19628  14348   6676 R  93.8   0.1   0:08.67 MicroBench
07:06:56        8 root      20   0   19628  14348   6676 R 100.0   0.1   0:08.84 MicroBench
07:06:56        8 root      20   0   19628  14348   6676 R 100.0   0.1   0:09.01 MicroBench
07:06:56        8 root      20   0   19628  14348   6676 R 100.0   0.1   0:09.17 MicroBench
07:06:56        8 root      20   0   19628  14348   6676 R 100.0   0.1   0:09.35 MicroBench
07:06:56        8 root      20   0   19628  14348   6676 R 100.0   0.1   0:09.52 MicroBench
07:06:57        8 root      20   0   19628  14348   6676 R  93.3   0.1   0:09.68 MicroBench
07:06:57        8 root      20   0   19628  14348   6676 R 100.0   0.1   0:09.87 MicroBench
07:06:57        8 root      20   0   19628  14348   6676 R  93.8   0.1   0:10.04 MicroBench
07:06:57        8 root      20   0   19628  14348   6676 R 100.0   0.1   0:10.21 MicroBench
07:06:57        8 root      20   0   19628  14348   6676 R 100.0   0.1   0:10.38 MicroBench
07:06:57        8 root      20   0   19628  14348   6676 R 100.0   0.1   0:10.55 MicroBench
07:06:58        8 root      20   0   19628  14348   6676 R 100.0   0.1   0:10.73 MicroBench
07:06:58        8 root      20   0   19628  14348   6676 R  93.8   0.1   0:10.89 MicroBench
07:06:58        8 root      20   0   19628  14348   6676 R  93.8   0.1   0:11.06 MicroBench
07:06:58        8 root      20   0   19628  14348   6676 R 100.0   0.1   0:11.23 MicroBench
07:06:58        8 root      20   0   19628  14348   6676 R 100.0   0.1   0:11.40 MicroBench
07:06:59        8 root      20   0   19628  14348   6676 R 100.0   0.1   0:11.57 MicroBench
07:06:59        8 root      20   0   19628  14348   6676 R 100.0   0.1   0:11.74 MicroBench
07:06:59        8 root      20   0   19628  14348   6676 R 100.0   0.1   0:11.90 MicroBench
07:06:59        8 root      20   0   19628  14348   6676 R  93.8   0.1   0:12.07 MicroBench
07:06:59        8 root      20   0   19628  14348   6676 R  93.8   0.1   0:12.25 MicroBench
07:06:59        8 root      20   0   19628  14348   6676 R 100.0   0.1   0:12.42 MicroBench
07:07:00        8 root      20   0   19628  14348   6676 R 100.0   0.1   0:12.59 MicroBench
07:07:00        8 root      20   0   19628  14348   6676 R 100.0   0.1   0:12.76 MicroBench
07:07:00        8 root      20   0   19628  14348   6676 R  93.8   0.1   0:12.93 MicroBench
07:07:00        8 root      20   0   19628  14348   6676 R 100.0   0.1   0:13.10 MicroBench
07:07:00        8 root      20   0   19628  14348   6676 R 100.0   0.1   0:13.26 MicroBench
07:07:00        8 root      20   0   19628  14348   6676 R 100.0   0.1   0:13.43 MicroBench
07:07:01        8 root      20   0   19628  14348   6676 R 100.0   0.1   0:13.61 MicroBench
07:07:01        8 root      20   0   19628  14348   6676 R 100.0   0.1   0:13.78 MicroBench
07:07:01        8 root      20   0   19628  14348   6676 R 100.0   0.1   0:13.95 MicroBench
07:07:01        8 root      20   0   19628  14348   6676 R 100.0   0.1   0:14.12 MicroBench
07:07:01        8 root      20   0   19628  14348   6676 R 100.0   0.1   0:14.29 MicroBench
07:07:01        8 root      20   0   19628  14348   6676 R 100.0   0.1   0:14.46 MicroBench
07:07:02        8 root      20   0   19628  14348   6676 R 100.0   0.1   0:14.63 MicroBench
07:07:02        8 root      20   0   19628  14348   6676 R 100.0   0.1   0:14.81 MicroBench
07:07:02        8 root      20   0   19628  14348   6676 R 100.0   0.1   0:14.98 MicroBench
07:07:02        8 root      20   0   19628  14348   6676 R  93.3   0.1   0:15.14 MicroBench
07:07:02        8 root      20   0   19628  14348   6676 R 100.0   0.1   0:15.33 MicroBench
07:07:02        8 root      20   0   19628  14348   6676 R 100.0   0.1   0:15.50 MicroBench
07:07:03        8 root      20   0   19628  14348   6676 R 100.0   0.1   0:15.66 MicroBench
07:07:03        8 root      20   0   19628  14348   6676 R  93.8   0.1   0:15.83 MicroBench
07:07:03        8 root      20   0   19628  14348   6676 R 100.0   0.1   0:16.00 MicroBench
07:07:03        8 root      20   0   19628  14348   6676 R 100.0   0.1   0:16.17 MicroBench
07:07:03        8 root      20   0   19628  14348   6676 R 100.0   0.1   0:16.34 MicroBench
07:07:03        8 root      20   0   19628  14348   6676 R 100.0   0.1   0:16.50 MicroBench
07:07:04        8 root      20   0   19628  14348   6676 R 100.0   0.1   0:16.67 MicroBench
07:07:04        8 root      20   0   19628  14348   6676 R 100.0   0.1   0:16.84 MicroBench
07:07:04        8 root      20   0   19628  14348   6676 R 100.0   0.1   0:17.01 MicroBench
07:07:04        8 root      20   0   19628  14348   6676 R 100.0   0.1   0:17.18 MicroBench
07:07:04        8 root      20   0   19628  14348   6676 R  93.8   0.1   0:17.36 MicroBench
07:07:04        8 root      20   0   19628  14348   6676 R 100.0   0.1   0:17.53 MicroBench
07:07:05        8 root      20   0   19628  14348   6676 R 100.0   0.1   0:17.71 MicroBench
07:07:05        8 root      20   0   19628  14348   6676 R 100.0   0.1   0:17.88 MicroBench
07:07:05        8 root      20   0   19628  14348   6676 R 100.0   0.1   0:18.05 MicroBench
07:07:05        8 root      20   0   19628  14348   6676 R 100.0   0.1   0:18.21 MicroBench
07:07:05        8 root      20   0   19628  14348   6676 R  93.8   0.1   0:18.38 MicroBench
07:07:06        8 root      20   0   19628  14348   6676 R 100.0   0.1   0:18.56 MicroBench
07:07:06        8 root      20   0   19628  14348   6676 R 100.0   0.1   0:18.73 MicroBench
07:07:06        8 root      20   0   19628  14348   6676 R 100.0   0.1   0:18.91 MicroBench
07:07:06        8 root      20   0   19628  14348   6676 R  93.8   0.1   0:19.09 MicroBench
07:07:06        8 root      20   0   19628  14348   6676 R  93.8   0.1   0:19.27 MicroBench
07:07:06        8 root      20   0   19628  14348   6676 R 100.0   0.1   0:19.44 MicroBench
07:07:07        8 root      20   0   19628  14348   6676 R 100.0   0.1   0:19.61 MicroBench
07:07:07        8 root      20   0   19628  14348   6676 R 100.0   0.1   0:19.77 MicroBench
07:07:07        8 root      20   0   19628  14348   6676 R 100.0   0.1   0:19.94 MicroBench
07:07:07        8 root      20   0   19628  14348   6676 R 100.0   0.1   0:20.12 MicroBench
07:07:07        8 root      20   0   19628  14348   6676 R 100.0   0.1   0:20.28 MicroBench
07:07:07        8 root      20   0   19628  14348   6676 R 100.0   0.1   0:20.45 MicroBench
07:07:08        8 root      20   0   19628  14348   6676 R 100.0   0.1   0:20.63 MicroBench
07:07:08        8 root      20   0   19628  14348   6676 R 100.0   0.1   0:20.81 MicroBench
07:07:08        8 root      20   0   19628  14348   6676 R 100.0   0.1   0:20.97 MicroBench
07:07:08        8 root      20   0   19628  14348   6676 R 100.0   0.1   0:21.14 MicroBench
07:07:08        8 root      20   0   19628  14348   6676 R 100.0   0.1   0:21.32 MicroBench
07:07:08        8 root      20   0   19628  14348   6676 R 100.0   0.1   0:21.49 MicroBench
07:07:09        8 root      20   0   19628  14348   6676 R 100.0   0.1   0:21.65 MicroBench
07:07:09        8 root      20   0   19628  14348   6676 R 100.0   0.1   0:21.83 MicroBench
07:07:09        8 root      20   0   19628  14348   6676 R 100.0   0.1   0:22.00 MicroBench
07:07:09        8 root      20   0   19628  14348   6676 R 100.0   0.1   0:22.16 MicroBench
07:07:09        8 root      20   0   19628  14348   6676 R 100.0   0.1   0:22.34 MicroBench
07:07:09        8 root      20   0   19628  14348   6676 R 100.0   0.1   0:22.51 MicroBench
07:07:10        8 root      20   0   19628  14348   6676 R 100.0   0.1   0:22.67 MicroBench
07:07:10        8 root      20   0   19628  14348   6676 R 100.0   0.1   0:22.85 MicroBench
07:07:10        8 root      20   0   19628  14348   6676 R 100.0   0.1   0:23.03 MicroBench
07:07:10        8 root      20   0   19628  14348   6676 R 100.0   0.1   0:23.19 MicroBench
07:07:10        8 root      20   0   19628  14348   6676 R 100.0   0.1   0:23.36 MicroBench
07:07:10        8 root      20   0   19628  14348   6676 R  93.8   0.1   0:23.53 MicroBench
07:07:11        8 root      20   0   19628  14348   6676 R 100.0   0.1   0:23.71 MicroBench
07:07:11        8 root      20   0   19628  14348   6676 R 100.0   0.1   0:23.87 MicroBench
07:07:11        8 root      20   0   19628  14348   6676 R 100.0   0.1   0:24.04 MicroBench
07:07:11        8 root      20   0   19628  14348   6676 R 100.0   0.1   0:24.21 MicroBench
07:07:11        8 root      20   0   19628  14348   6676 R 100.0   0.1   0:24.39 MicroBench
07:07:12        8 root      20   0   19628  14348   6676 R  93.3   0.1   0:24.55 MicroBench
07:07:12        8 root      20   0   19628  14348   6676 R 100.0   0.1   0:24.72 MicroBench
07:07:12        8 root      20   0   19628  14348   6676 R 100.0   0.1   0:24.89 MicroBench
07:07:12        8 root      20   0   19628  14348   6676 R 100.0   0.1   0:25.06 MicroBench
07:07:12        8 root      20   0   19628  14348   6676 R 100.0   0.1   0:25.24 MicroBench
07:07:12        8 root      20   0   19628  14348   6676 R 100.0   0.1   0:25.40 MicroBench
07:07:13        8 root      20   0   19628  14348   6676 R 100.0   0.1   0:25.58 MicroBench
07:07:13        8 root      20   0   19628  14348   6676 R  93.8   0.1   0:25.74 MicroBench
07:07:13        8 root      20   0   19628  14348   6676 R 100.0   0.1   0:25.92 MicroBench
07:07:13        8 root      20   0   19628  14348   6676 R 100.0   0.1   0:26.09 MicroBench
07:07:13        8 root      20   0   19628  14348   6676 R  93.3   0.1   0:26.27 MicroBench
07:07:13        8 root      20   0   19628  14348   6676 R 100.0   0.1   0:26.44 MicroBench
07:07:14        8 root      20   0   19628  14348   6676 R  93.8   0.1   0:26.61 MicroBench
07:07:14        8 root      20   0   19628  14348   6676 R  93.3   0.1   0:26.78 MicroBench
07:07:14        8 root      20   0   19628  14348   6676 R 100.0   0.1   0:26.97 MicroBench
07:07:14        8 root      20   0   19628  14348   6676 R 100.0   0.1   0:27.14 MicroBench
07:07:14        8 root      20   0   19628  14348   6676 R 100.0   0.1   0:27.31 MicroBench
07:07:14        8 root      20   0   19628  14348   6676 R 100.0   0.1   0:27.48 MicroBench
07:07:15        8 root      20   0   19628  14348   6676 R 100.0   0.1   0:27.66 MicroBench
07:07:15        8 root      20   0   19628  14348   6676 R 100.0   0.1   0:27.83 MicroBench
07:07:15        8 root      20   0   19628  14348   6676 R 100.0   0.1   0:28.00 MicroBench
07:07:15        8 root      20   0   19628  14348   6676 R  93.8   0.1   0:28.17 MicroBench
07:07:15        8 root      20   0   19628  14348   6676 R  93.3   0.1   0:28.34 MicroBench
07:07:15        8 root      20   0   19628  14348   6676 R 100.0   0.1   0:28.52 MicroBench
07:07:16        8 root      20   0   19628  14348   6676 R 100.0   0.1   0:28.69 MicroBench
07:07:16        8 root      20   0   19628  14348   6676 R 100.0   0.1   0:28.86 MicroBench
07:07:16        8 root      20   0   19628  14348   6676 R  93.8   0.1   0:29.03 MicroBench
07:07:16        8 root      20   0   19628  14348   6676 R 100.0   0.1   0:29.19 MicroBench
07:07:16        8 root      20   0   19628  14348   6676 R 100.0   0.1   0:29.36 MicroBench
07:07:17        8 root      20   0   19628  14348   6676 R 100.0   0.1   0:29.56 MicroBench
07:07:17        8 root      20   0   19628  14348   6676 R 100.0   0.1   0:29.74 MicroBench
07:07:17        8 root      20   0   19628  14348   6676 R  87.5   0.1   0:29.90 MicroBench
07:07:17        8 root      20   0   19628  14348   6676 R 100.0   0.1   0:30.07 MicroBench
07:07:17        8 root      20   0   19628  14348   6676 R 100.0   0.1   0:30.24 MicroBench
07:07:17        8 root      20   0   19628  14348   6676 R 100.0   0.1   0:30.41 MicroBench
07:07:18        8 root      20   0   19628  14348   6676 R 100.0   0.1   0:30.58 MicroBench
07:07:18        8 root      20   0   19628  14348   6676 R 100.0   0.1   0:30.75 MicroBench
07:07:18        8 root      20   0   19628  14348   6676 R 100.0   0.1   0:30.93 MicroBench
07:07:18        8 root      20   0   19628  14348   6676 R 100.0   0.1   0:31.10 MicroBench
07:07:18        8 root      20   0   19628  14348   6676 R 100.0   0.1   0:31.26 MicroBench
07:07:18        8 root      20   0   19628  14348   6676 R 100.0   0.1   0:31.44 MicroBench
07:07:19        8 root      20   0   19628  14348   6676 R 100.0   0.1   0:31.61 MicroBench
07:07:19        8 root      20   0   19628  14348   6676 R  93.3   0.1   0:31.77 MicroBench
07:07:19        8 root      20   0   19628  14348   6676 R 100.0   0.1   0:31.95 MicroBench
07:07:19        8 root      20   0   19628  14348   6676 R 100.0   0.1   0:32.11 MicroBench
07:07:19        8 root      20   0   19628  14348   6676 R 100.0   0.1   0:32.28 MicroBench
07:07:19        8 root      20   0   19628  14348   6676 R  93.8   0.1   0:32.45 MicroBench
07:07:20        8 root      20   0   19628  14348   6676 R  93.8   0.1   0:32.62 MicroBench
07:07:20        8 root      20   0   19628  14348   6676 R  93.8   0.1   0:32.79 MicroBench
07:07:20        8 root      20   0   19628  14348   6676 R 100.0   0.1   0:32.96 MicroBench
07:07:20        8 root      20   0   19628  14348   6676 R 100.0   0.1   0:33.12 MicroBench
07:07:20        8 root      20   0   19628  14348   6676 R 100.0   0.1   0:33.30 MicroBench
07:07:20        8 root      20   0   19628  14348   6676 R 100.0   0.1   0:33.47 MicroBench
07:07:21        8 root      20   0   19628  14348   6676 R  93.3   0.1   0:33.63 MicroBench
07:07:21        8 root      20   0   19628  14348   6676 R 100.0   0.1   0:33.81 MicroBench
07:07:21        8 root      20   0   19628  14348   6676 R 100.0   0.1   0:33.98 MicroBench
07:07:21        8 root      20   0   19628  14348   6676 R 100.0   0.1   0:34.15 MicroBench
07:07:21        8 root      20   0   19628  14348   6676 R 100.0   0.1   0:34.32 MicroBench
07:07:21        8 root      20   0   19628  14348   6676 R 100.0   0.1   0:34.48 MicroBench
07:07:22        8 root      20   0   19628  14348   6676 R  93.8   0.1   0:34.65 MicroBench
07:07:22        8 root      20   0   19628  14348   6676 R 100.0   0.1   0:34.82 MicroBench
07:07:22        8 root      20   0   19628  14348   6676 R 100.0   0.1   0:34.99 MicroBench
07:07:22        8 root      20   0   19628  14348   6676 R 100.0   0.1   0:35.16 MicroBench
07:07:22        8 root      20   0   19628  14348   6676 R 100.0   0.1   0:35.32 MicroBench
07:07:22        8 root      20   0   19628  14348   6676 R  93.8   0.1   0:35.49 MicroBench
07:07:23        8 root      20   0   19628  14348   6676 R 100.0   0.1   0:35.66 MicroBench
07:07:23        8 root      20   0   19628  14348   6676 R  93.8   0.1   0:35.84 MicroBench
07:07:23        8 root      20   0   19628  14348   6676 R 100.0   0.1   0:36.00 MicroBench
07:07:23        8 root      20   0   19628  14348   6676 R 100.0   0.1   0:36.17 MicroBench
07:07:23        8 root      20   0   19628  14348   6676 R 100.0   0.1   0:36.34 MicroBench
07:07:24        8 root      20   0   19628  14348   6676 R 100.0   0.1   0:36.51 MicroBench
07:07:24        8 root      20   0   19628  14348   6676 R  93.3   0.1   0:36.67 MicroBench
07:07:24        8 root      20   0   19628  14348   6676 R 100.0   0.1   0:36.85 MicroBench
07:07:24        8 root      20   0   19628  14348   6676 R  93.8   0.1   0:37.01 MicroBench
07:07:24        8 root      20   0   19628  14348   6676 R 100.0   0.1   0:37.18 MicroBench
07:07:24        8 root      20   0   19628  14348   6676 R 100.0   0.1   0:37.35 MicroBench
07:07:25        8 root      20   0   19628  14348   6676 R 100.0   0.1   0:37.52 MicroBench
07:07:25        8 root      20   0   19628  14348   6676 R 100.0   0.1   0:37.69 MicroBench
07:07:25        8 root      20   0   19628  14348   6676 R 100.0   0.1   0:37.86 MicroBench
07:07:25        8 root      20   0   19628  14348   6676 R 100.0   0.1   0:38.02 MicroBench
07:07:25        8 root      20   0   19628  14348   6676 R 100.0   0.1   0:38.19 MicroBench
07:07:25        8 root      20   0   19628  14348   6676 R 100.0   0.1   0:38.36 MicroBench
07:07:26        8 root      20   0   19628  14348   6676 R  93.3   0.1   0:38.53 MicroBench
07:07:26        8 root      20   0   19628  14348   6676 R 100.0   0.1   0:38.71 MicroBench
07:07:26        8 root      20   0   19628  14348   6676 R 100.0   0.1   0:38.87 MicroBench
07:07:26        8 root      20   0   19628  14348   6676 R 100.0   0.1   0:39.04 MicroBench
07:07:26        8 root      20   0   19628  14348   6676 R  93.8   0.1   0:39.21 MicroBench
07:07:26        8 root      20   0   19628  14348   6676 R 100.0   0.1   0:39.38 MicroBench
07:07:27        8 root      20   0   19628  14348   6676 R 100.0   0.1   0:39.54 MicroBench
07:07:27        8 root      20   0   19628  14348   6676 R 100.0   0.1   0:39.71 MicroBench
07:07:27        8 root      20   0   19628  14348   6676 R 100.0   0.1   0:39.88 MicroBench
07:07:27        8 root      20   0   19628  14348   6676 R 100.0   0.1   0:40.05 MicroBench
07:07:27        8 root      20   0   19628  14348   6676 R  93.8   0.1   0:40.21 MicroBench
07:07:27        8 root      20   0   19628  14348   6676 R 100.0   0.1   0:40.38 MicroBench
07:07:28        8 root      20   0   19628  14348   6676 R 100.0   0.1   0:40.55 MicroBench
07:07:28        8 root      20   0   19628  14348   6676 R 100.0   0.1   0:40.72 MicroBench
07:07:28        8 root      20   0   19628  14348   6676 R 100.0   0.1   0:40.89 MicroBench
07:07:28        8 root      20   0   19628  14348   6676 R  94.4   0.1   0:41.08 MicroBench
07:07:28        8 root      20   0   19628  14348   6676 R 100.0   0.1   0:41.26 MicroBench
07:07:28        8 root      20   0   19628  14348   6676 R 100.0   0.1   0:41.43 MicroBench
07:07:29        8 root      20   0   19628  14348   6676 R 100.0   0.1   0:41.60 MicroBench
07:07:29        8 root      20   0   19628  14348   6676 R 100.0   0.1   0:41.78 MicroBench
07:07:29        8 root      20   0   19628  14348   6676 R 100.0   0.1   0:41.95 MicroBench
07:07:29        8 root      20   0   19628  14348   6676 R 100.0   0.1   0:42.11 MicroBench
07:07:29        8 root      20   0   19628  14348   6676 R 100.0   0.1   0:42.28 MicroBench
07:07:29        8 root      20   0   19628  14348   6676 R  93.8   0.1   0:42.45 MicroBench
07:07:30        8 root      20   0   19628  14348   6676 R 100.0   0.1   0:42.62 MicroBench
07:07:30        8 root      20   0   19628  14348   6676 R 100.0   0.1   0:42.79 MicroBench
07:07:30        8 root      20   0   19628  14348   6676 R  93.8   0.1   0:42.96 MicroBench
07:07:30        8 root      20   0   19628  14348   6676 R  93.8   0.1   0:43.13 MicroBench
07:07:30        8 root      20   0   19628  14348   6676 R  93.8   0.1   0:43.30 MicroBench
07:07:30        8 root      20   0   19628  14348   6676 R 100.0   0.1   0:43.47 MicroBench
07:07:31        8 root      20   0   19628  14348   6676 R 100.0   0.1   0:43.63 MicroBench
07:07:31        8 root      20   0   19628  14348   6676 R 100.0   0.1   0:43.81 MicroBench
07:07:31        8 root      20   0   19628  14348   6676 R 100.0   0.1   0:43.98 MicroBench
07:07:31        8 root      20   0   19628  14348   6676 R 100.0   0.1   0:44.15 MicroBench
07:07:31        8 root      20   0   19628  14348   6676 R  93.3   0.1   0:44.31 MicroBench
07:07:32        8 root      20   0   19628  14348   6676 R 100.0   0.1   0:44.48 MicroBench
07:07:32        8 root      20   0   19628  14348   6676 R 100.0   0.1   0:44.65 MicroBench
07:07:32        8 root      20   0   19628  14348   6676 R 100.0   0.1   0:44.82 MicroBench
07:07:32        8 root      20   0   19628  14348   6676 R 100.0   0.1   0:44.99 MicroBench
07:07:32        8 root      20   0   19628  14348   6676 R 100.0   0.1   0:45.16 MicroBench
07:07:32        8 root      20   0   19628  14348   6676 R 100.0   0.1   0:45.32 MicroBench
07:07:33        8 root      20   0   19628  14348   6676 R 100.0   0.1   0:45.49 MicroBench
07:07:33        8 root      20   0   19628  14348   6676 R 100.0   0.1   0:45.66 MicroBench
07:07:33        8 root      20   0   19628  14348   6676 R 100.0   0.1   0:45.83 MicroBench
07:07:33        8 root      20   0   19628  14348   6676 R  93.3   0.1   0:45.99 MicroBench
07:07:33        8 root      20   0   19628  14348   6676 R 100.0   0.1   0:46.16 MicroBench
07:07:33        8 root      20   0   19628  14348   6676 R  93.8   0.1   0:46.33 MicroBench
07:07:34        8 root      20   0   19628  14348   6676 R  93.8   0.1   0:46.50 MicroBench
07:07:34        8 root      20   0   19628  14348   6676 R 100.0   0.1   0:46.67 MicroBench
07:07:34        8 root      20   0   19628  14348   6676 R 100.0   0.1   0:46.84 MicroBench
07:07:34        8 root      20   0   19628  14348   6676 R 100.0   0.1   0:47.00 MicroBench
07:07:34        8 root      20   0   19628  14348   6676 R 100.0   0.1   0:47.17 MicroBench
07:07:34        8 root      20   0   19628  14348   6676 R 100.0   0.1   0:47.35 MicroBench
07:07:35        8 root      20   0   19628  14348   6676 R 100.0   0.1   0:47.51 MicroBench
07:07:35        8 root      20   0   19628  14348   6676 R 100.0   0.1   0:47.68 MicroBench
07:07:35        8 root      20   0   19628  14348   6676 R 100.0   0.1   0:47.85 MicroBench
07:07:35        8 root      20   0   19628  14348   6676 R 100.0   0.1   0:48.02 MicroBench
07:07:35        8 root      20   0   19628  14348   6676 R  93.8   0.1   0:48.19 MicroBench
07:07:35        8 root      20   0   19628  14348   6676 R 100.0   0.1   0:48.36 MicroBench
07:07:36        8 root      20   0   19628  14348   6676 R 100.0   0.1   0:48.52 MicroBench
07:07:36        8 root      20   0   19628  14348   6676 R 100.0   0.1   0:48.70 MicroBench
07:07:36        8 root      20   0   19628  14348   6676 R 100.0   0.1   0:48.87 MicroBench
07:07:36        8 root      20   0   19628  14348   6676 R  93.8   0.1   0:49.03 MicroBench
07:07:36        8 root      20   0   19628  14348   6676 R 100.0   0.1   0:49.20 MicroBench
07:07:36        8 root      20   0   19628  14348   6676 R 100.0   0.1   0:49.37 MicroBench
07:07:37        8 root      20   0   19628  14348   6676 R 100.0   0.1   0:49.54 MicroBench
07:07:37        8 root      20   0   19628  14348   6676 R 100.0   0.1   0:49.72 MicroBench
07:07:37        8 root      20   0   19628  14348   6676 R 100.0   0.1   0:49.88 MicroBench
07:07:37        8 root      20   0   19628  14348   6676 R  93.8   0.1   0:50.05 MicroBench
07:07:37        8 root      20   0   19628  14348   6676 R 100.0   0.1   0:50.22 MicroBench
07:07:37        8 root      20   0   19628  14348   6676 R 100.0   0.1   0:50.39 MicroBench
07:07:38        8 root      20   0   19628  14348   6676 R 100.0   0.1   0:50.55 MicroBench
07:07:38        8 root      20   0   19628  14348   6676 R 100.0   0.1   0:50.72 MicroBench
07:07:38        8 root      20   0   19628  14348   6676 R  93.8   0.1   0:50.89 MicroBench
07:07:38        8 root      20   0   19628  14348   6676 R 100.0   0.1   0:51.07 MicroBench
07:07:38        8 root      20   0   19628  14348   6676 R 100.0   0.1   0:51.23 MicroBench
07:07:38        8 root      20   0   19628  14348   6676 R 100.0   0.1   0:51.40 MicroBench
07:07:39        8 root      20   0   19628  14348   6676 R 100.0   0.1   0:51.57 MicroBench
07:07:39        8 root      20   0   19628  14348   6676 R  93.8   0.1   0:51.74 MicroBench
07:07:39        8 root      20   0   19628  14348   6676 R 100.0   0.1   0:51.91 MicroBench
07:07:39        8 root      20   0   19628  14348   6676 R 100.0   0.1   0:52.08 MicroBench
07:07:39        8 root      20   0   19628  14348   6676 R 100.0   0.1   0:52.24 MicroBench
07:07:39        8 root      20   0   19628  14348   6676 R 100.0   0.1   0:52.41 MicroBench
07:07:40        8 root      20   0   19628  14348   6676 R 100.0   0.1   0:52.58 MicroBench
07:07:40        8 root      20   0   19628  14348   6676 R 100.0   0.1   0:52.75 MicroBench
07:07:40        8 root      20   0   19628  14348   6676 R 100.0   0.1   0:52.92 MicroBench
07:07:40        8 root      20   0   19628  14348   6676 R  93.3   0.1   0:53.09 MicroBench
07:07:40        8 root      20   0   19628  14348   6676 R 100.0   0.1   0:53.26 MicroBench
07:07:40        8 root      20   0   19628  14348   6676 R  93.3   0.1   0:53.43 MicroBench
07:07:41        8 root      20   0   19628  14348   6676 R 100.0   0.1   0:53.60 MicroBench
07:07:41        8 root      20   0   19628  14348   6676 R 100.0   0.1   0:53.77 MicroBench
07:07:41        8 root      20   0   19628  14348   6676 R 100.0   0.1   0:53.94 MicroBench
07:07:41        8 root      20   0   19628  14348   6676 R 100.0   0.1   0:54.11 MicroBench
07:07:41        8 root      20   0   19628  14348   6676 R 100.0   0.1   0:54.28 MicroBench
07:07:42        8 root      20   0   19628  14348   6676 R 100.0   0.1   0:54.45 MicroBench
07:07:42        8 root      20   0   19628  14348   6676 R 100.0   0.1   0:54.61 MicroBench
07:07:42        8 root      20   0   19628  14348   6676 R 100.0   0.1   0:54.78 MicroBench
07:07:42        8 root      20   0   19628  14348   6676 R 100.0   0.1   0:54.95 MicroBench
07:07:42        8 root      20   0   19628  14348   6676 R 100.0   0.1   0:55.12 MicroBench
07:07:42        8 root      20   0   19628  14348   6676 R  93.8   0.1   0:55.28 MicroBench
07:07:43        8 root      20   0   19628  14348   6676 R 100.0   0.1   0:55.45 MicroBench
07:07:43        8 root      20   0   19628  14348   6676 R 100.0   0.1   0:55.62 MicroBench
07:07:43        8 root      20   0   19628  14348   6676 R 100.0   0.1   0:55.79 MicroBench
07:07:43        8 root      20   0   19628  14348   6676 R 100.0   0.1   0:55.96 MicroBench
07:07:43        8 root      20   0   19628  14348   6676 R 100.0   0.1   0:56.12 MicroBench
07:07:43        8 root      20   0   19628  14348   6676 R 100.0   0.1   0:56.29 MicroBench
07:07:44        8 root      20   0   19628  14348   6676 R  93.8   0.1   0:56.46 MicroBench
07:07:44        8 root      20   0   19628  14348   6676 R 100.0   0.1   0:56.63 MicroBench
07:07:44        8 root      20   0   19628  14348   6676 R 100.0   0.1   0:56.80 MicroBench
07:07:44        8 root      20   0   19628  14348   6676 R 100.0   0.1   0:56.97 MicroBench
07:07:44        8 root      20   0   19628  14348   6676 R 100.0   0.1   0:57.14 MicroBench
07:07:44        8 root      20   0   19628  14348   6676 R 100.0   0.1   0:57.30 MicroBench
07:07:45        8 root      20   0   25488  20156   6676 R 100.0   0.1   0:57.47 MicroBench
07:07:45        8 root      20   0   25488  20156   6676 R 100.0   0.1   0:57.64 MicroBench
07:07:45        8 root      20   0   25488  20156   6676 R  93.8   0.1   0:57.81 MicroBench
07:07:45        8 root      20   0   25488  20156   6676 R 100.0   0.1   0:57.98 MicroBench
07:07:45        8 root      20   0   25488  20156   6676 R  93.3   0.1   0:58.14 MicroBench
07:07:45        8 root      20   0   25488  20156   6676 R 100.0   0.1   0:58.32 MicroBench
07:07:46        8 root      20   0   25488  20156   6676 R 100.0   0.1   0:58.48 MicroBench
07:07:46        8 root      20   0   25488  20156   6676 R 100.0   0.1   0:58.65 MicroBench
07:07:46        8 root      20   0   25488  20156   6676 R  93.8   0.1   0:58.82 MicroBench
07:07:46        8 root      20   0   25488  20156   6676 R 100.0   0.1   0:58.99 MicroBench
07:07:46        8 root      20   0   25488  20156   6676 R 100.0   0.1   0:59.15 MicroBench
07:07:46        8 root      20   0   25488  20156   6676 R  93.3   0.1   0:59.32 MicroBench
07:07:47        8 root      20   0   25488  20156   6676 R 100.0   0.1   0:59.50 MicroBench
07:07:47        8 root      20   0   25488  20156   6676 R 100.0   0.1   0:59.67 MicroBench
07:07:47        8 root      20   0   25488  20156   6676 R 100.0   0.1   0:59.84 MicroBench
07:07:47        8 root      20   0   25488  20156   6676 R 100.0   0.1   1:00.02 MicroBench
07:07:47        8 root      20   0   25488  20156   6676 R  93.8   0.1   1:00.19 MicroBench
07:07:47        8 root      20   0   25488  20156   6676 R 100.0   0.1   1:00.37 MicroBench
07:07:48        8 root      20   0   25488  20156   6676 R 100.0   0.1   1:00.54 MicroBench
07:07:48        8 root      20   0   25488  20156   6676 R 100.0   0.1   1:00.71 MicroBench
07:07:48        8 root      20   0   25488  20156   6676 R 100.0   0.1   1:00.87 MicroBench
07:07:48        8 root      20   0   25488  20156   6676 R  93.8   0.1   1:01.04 MicroBench
07:07:48        8 root      20   0   25488  20156   6676 R 100.0   0.1   1:01.21 MicroBench
07:07:48        8 root      20   0   25488  20156   6676 R 100.0   0.1   1:01.38 MicroBench
07:07:49        8 root      20   0   25488  20156   6676 R 100.0   0.1   1:01.55 MicroBench
07:07:49        8 root      20   0   25488  20156   6676 R  93.8   0.1   1:01.72 MicroBench
07:07:49        8 root      20   0   25488  20156   6676 R 100.0   0.1   1:01.89 MicroBench
07:07:49        8 root      20   0   25488  20156   6676 R 100.0   0.1   1:02.06 MicroBench
07:07:49        8 root      20   0   25488  20156   6676 R 100.0   0.1   1:02.23 MicroBench
07:07:49        8 root      20   0   25488  20156   6676 R 100.0   0.1   1:02.40 MicroBench
07:07:50        8 root      20   0   25488  20156   6676 R 100.0   0.1   1:02.57 MicroBench
07:07:50        8 root      20   0   25488  20156   6676 R  93.8   0.1   1:02.74 MicroBench
07:07:50        8 root      20   0   25488  20156   6676 R 100.0   0.1   1:02.90 MicroBench
07:07:50        8 root      20   0   25488  20156   6676 R 100.0   0.1   1:03.08 MicroBench
07:07:50        8 root      20   0   25488  20156   6676 R  93.8   0.1   1:03.25 MicroBench
07:07:50        8 root      20   0   25488  20156   6676 R 100.0   0.1   1:03.42 MicroBench
07:07:51        8 root      20   0   25488  20156   6676 R 100.0   0.1   1:03.58 MicroBench
07:07:51        8 root      20   0   25488  20156   6676 R 100.0   0.1   1:03.75 MicroBench
07:07:51        8 root      20   0   25488  20156   6676 R 100.0   0.1   1:03.93 MicroBench
07:07:51        8 root      20   0   25488  20156   6676 R 100.0   0.1   1:04.10 MicroBench
07:07:51        8 root      20   0   25488  20156   6676 R 100.0   0.1   1:04.27 MicroBench
07:07:52        8 root      20   0   25488  20156   6676 R  93.3   0.1   1:04.43 MicroBench
07:07:52        8 root      20   0   25488  20156   6676 R 100.0   0.1   1:04.60 MicroBench
07:07:52        8 root      20   0   25488  20156   6676 R 100.0   0.1   1:04.77 MicroBench
07:07:52        8 root      20   0   25488  20156   6676 R 100.0   0.1   1:04.94 MicroBench
07:07:52        8 root      20   0   25488  20156   6676 R  93.3   0.1   1:05.10 MicroBench
07:07:52        8 root      20   0   25488  20156   6676 R 100.0   0.1   1:05.27 MicroBench
07:07:53        8 root      20   0   25488  20156   6676 R 100.0   0.1   1:05.44 MicroBench
07:07:53        8 root      20   0   25488  20156   6676 R 100.0   0.1   1:05.61 MicroBench
07:07:53        8 root      20   0   25488  20156   6676 R 100.0   0.1   1:05.78 MicroBench
07:07:53        8 root      20   0   25488  20156   6676 R 100.0   0.1   1:05.95 MicroBench
07:07:53        8 root      20   0   25488  20156   6676 R  93.3   0.1   1:06.11 MicroBench
07:07:53        8 root      20   0   25488  20156   6676 R 100.0   0.1   1:06.29 MicroBench
07:07:54        8 root      20   0   25488  20156   6676 R 100.0   0.1   1:06.46 MicroBench
07:07:54        8 root      20   0   25488  20156   6676 R 100.0   0.1   1:06.63 MicroBench
07:07:54        8 root      20   0   25488  20156   6676 R 100.0   0.1   1:06.80 MicroBench
07:07:54        8 root      20   0   25488  20156   6676 R 100.0   0.1   1:06.96 MicroBench
07:07:54        8 root      20   0   25488  20156   6676 R 100.0   0.1   1:07.13 MicroBench
07:07:54        8 root      20   0   25488  20156   6676 R 100.0   0.1   1:07.30 MicroBench
07:07:55        8 root      20   0   25488  20156   6676 R 100.0   0.1   1:07.47 MicroBench
07:07:55        8 root      20   0   25488  20156   6676 R 100.0   0.1   1:07.64 MicroBench
07:07:55        8 root      20   0   25488  20156   6676 R 100.0   0.1   1:07.81 MicroBench
07:07:55        8 root      20   0   25488  20156   6676 R 100.0   0.1   1:07.98 MicroBench
07:07:55        8 root      20   0   25488  20156   6676 R  93.8   0.1   1:08.15 MicroBench
07:07:55        8 root      20   0   25488  20156   6676 R 100.0   0.1   1:08.32 MicroBench
07:07:56        8 root      20   0   25488  20156   6676 R 100.0   0.1   1:08.49 MicroBench
07:07:56        8 root      20   0   25488  20156   6676 R 100.0   0.1   1:08.66 MicroBench
07:07:56        8 root      20   0   25488  20156   6676 R 100.0   0.1   1:08.84 MicroBench
07:07:56        8 root      20   0   25488  20156   6676 R 100.0   0.1   1:09.00 MicroBench
07:07:56        8 root      20   0   25488  20156   6676 R 100.0   0.1   1:09.18 MicroBench
07:07:56        8 root      20   0   25488  20156   6676 R 100.0   0.1   1:09.35 MicroBench
07:07:57        8 root      20   0   25488  20156   6676 R  93.8   0.1   1:09.52 MicroBench
07:07:57        8 root      20   0   25488  20156   6676 R  93.3   0.1   1:09.68 MicroBench
07:07:57        8 root      20   0   25488  20156   6676 R 100.0   0.1   1:09.85 MicroBench
07:07:57        8 root      20   0   25488  20156   6676 R 100.0   0.1   1:10.02 MicroBench
07:07:57        8 root      20   0   25488  20156   6676 R 100.0   0.1   1:10.19 MicroBench
07:07:57        8 root      20   0   25488  20156   6676 R 100.0   0.1   1:10.36 MicroBench
07:07:58        8 root      20   0   25488  20156   6676 R  93.8   0.1   1:10.52 MicroBench
07:07:58        8 root      20   0   25488  20156   6676 R  86.7   0.1   1:10.67 MicroBench
07:07:58        8 root      20   0   25488  20156   6676 R 100.0   0.1   1:10.84 MicroBench
07:07:58        8 root      20   0   25488  20156   6676 R 100.0   0.1   1:11.00 MicroBench
07:07:58        8 root      20   0   25488  20156   6676 R 100.0   0.1   1:11.17 MicroBench
07:07:58        8 root      20   0   25488  20156   6676 R 100.0   0.1   1:11.34 MicroBench
07:07:59        8 root      20   0   25488  20156   6676 R 100.0   0.1   1:11.51 MicroBench
07:07:59        8 root      20   0   25488  20156   6676 R 100.0   0.1   1:11.69 MicroBench
07:07:59        8 root      20   0   25488  20156   6676 R  93.8   0.1   1:11.86 MicroBench
07:07:59        8 root      20   0   25488  20156   6676 R 100.0   0.1   1:12.03 MicroBench
07:07:59        8 root      20   0   25488  20156   6676 R 100.0   0.1   1:12.21 MicroBench
07:08:00        8 root      20   0   25488  20156   6676 R 100.0   0.1   1:12.37 MicroBench
07:08:00        8 root      20   0   25488  20156   6676 R 100.0   0.1   1:12.55 MicroBench
07:08:00        8 root      20   0   25488  20156   6676 R 100.0   0.1   1:12.72 MicroBench
07:08:00        8 root      20   0   25488  20156   6676 R 100.0   0.1   1:12.88 MicroBench
07:08:00        8 root      20   0   25488  20156   6676 R 100.0   0.1   1:13.06 MicroBench
07:08:00        8 root      20   0   25488  20156   6676 R 100.0   0.1   1:13.22 MicroBench
07:08:01        8 root      20   0   25488  20156   6676 R 100.0   0.1   1:13.39 MicroBench
07:08:01        8 root      20   0   25488  20156   6676 R 100.0   0.1   1:13.56 MicroBench
07:08:01        8 root      20   0   25488  20156   6676 R  93.8   0.1   1:13.73 MicroBench
07:08:01        8 root      20   0   25488  20156   6676 R 100.0   0.1   1:13.91 MicroBench
07:08:01        8 root      20   0   25488  20156   6676 R 100.0   0.1   1:14.08 MicroBench
07:08:01        8 root      20   0   25488  20156   6676 R 100.0   0.1   1:14.24 MicroBench
07:08:02        8 root      20   0   25488  20156   6676 R 100.0   0.1   1:14.41 MicroBench
07:08:02        8 root      20   0   25488  20156   6676 R 100.0   0.1   1:14.58 MicroBench
07:08:02        8 root      20   0   25488  20156   6676 R 100.0   0.1   1:14.75 MicroBench
07:08:02        8 root      20   0   25488  20156   6676 R 100.0   0.1   1:14.92 MicroBench
07:08:02        8 root      20   0   25488  20156   6676 R 100.0   0.1   1:15.09 MicroBench
07:08:02        8 root      20   0   25488  20156   6676 R 100.0   0.1   1:15.26 MicroBench
07:08:03        8 root      20   0   25488  20156   6676 R 100.0   0.1   1:15.43 MicroBench
07:08:03        8 root      20   0   25488  20156   6676 R 100.0   0.1   1:15.60 MicroBench
07:08:03        8 root      20   0   25488  20156   6676 R 100.0   0.1   1:15.78 MicroBench
07:08:03        8 root      20   0   25488  20156   6676 R 100.0   0.1   1:15.94 MicroBench
07:08:03        8 root      20   0   25488  20156   6676 R 100.0   0.1   1:16.11 MicroBench
07:08:03        8 root      20   0   25488  20156   6676 R 100.0   0.1   1:16.28 MicroBench
07:08:04        8 root      20   0   25488  20156   6676 R 100.0   0.1   1:16.45 MicroBench
07:08:04        8 root      20   0   25488  20156   6676 R 100.0   0.1   1:16.62 MicroBench
07:08:04        8 root      20   0   25488  20156   6676 R 100.0   0.1   1:16.78 MicroBench
07:08:04        8 root      20   0   25488  20156   6676 R 100.0   0.1   1:16.95 MicroBench
07:08:04        8 root      20   0   25488  20156   6676 R 100.0   0.1   1:17.12 MicroBench
07:08:04        8 root      20   0   25488  20156   6676 R 100.0   0.1   1:17.29 MicroBench
07:08:05        8 root      20   0   25488  20156   6676 R 100.0   0.1   1:17.46 MicroBench
07:08:05        8 root      20   0   25488  20156   6676 R 100.0   0.1   1:17.63 MicroBench
07:08:05        8 root      20   0   25488  20156   6676 R 100.0   0.1   1:17.80 MicroBench
07:08:05        8 root      20   0   25488  20156   6676 R 100.0   0.1   1:17.98 MicroBench
07:08:05        8 root      20   0   25488  20156   6676 R 100.0   0.1   1:18.15 MicroBench
07:08:05        8 root      20   0   25488  20156   6676 R  93.3   0.1   1:18.31 MicroBench
07:08:06        8 root      20   0   25488  20156   6676 R 100.0   0.1   1:18.48 MicroBench
07:08:06        8 root      20   0   25488  20156   6676 R 100.0   0.1   1:18.65 MicroBench
07:08:06        8 root      20   0   25488  20156   6676 R 100.0   0.1   1:18.82 MicroBench
07:08:06        8 root      20   0   25488  20156   6676 R 100.0   0.1   1:18.99 MicroBench
07:08:06        8 root      20   0   25488  20156   6676 R 100.0   0.1   1:19.16 MicroBench
07:08:06        8 root      20   0   25488  20156   6676 R  93.8   0.1   1:19.34 MicroBench
07:08:07        8 root      20   0   25488  20156   6676 R 100.0   0.1   1:19.51 MicroBench
07:08:07        8 root      20   0   25488  20156   6676 R 100.0   0.1   1:19.67 MicroBench
07:08:07        8 root      20   0   25488  20156   6676 R 100.0   0.1   1:19.85 MicroBench
07:08:07        8 root      20   0   25488  20156   6676 R 100.0   0.1   1:20.03 MicroBench
07:08:07        8 root      20   0   25488  20156   6676 R 100.0   0.1   1:20.20 MicroBench
07:08:08        8 root      20   0   25488  20156   6676 R 100.0   0.1   1:20.37 MicroBench
07:08:08        8 root      20   0   25488  20156   6676 R 100.0   0.1   1:20.54 MicroBench
07:08:08        8 root      20   0   25488  20156   6676 R 100.0   0.1   1:20.70 MicroBench
07:08:08        8 root      20   0   25488  20156   6676 R 100.0   0.1   1:20.87 MicroBench
07:08:08        8 root      20   0   25488  20156   6676 R 100.0   0.1   1:21.04 MicroBench
07:08:08        8 root      20   0   25488  20156   6676 R 100.0   0.1   1:21.21 MicroBench
07:08:09        8 root      20   0   25488  20156   6676 R 100.0   0.1   1:21.37 MicroBench
07:08:09        8 root      20   0   25488  20156   6676 R  93.8   0.1   1:21.54 MicroBench
07:08:09        8 root      20   0   25488  20156   6676 R 100.0   0.1   1:21.71 MicroBench
07:08:09        8 root      20   0   25488  20156   6676 R 100.0   0.1   1:21.88 MicroBench
07:08:09        8 root      20   0   25488  20156   6676 R 100.0   0.1   1:22.05 MicroBench
07:08:09        8 root      20   0   25488  20156   6676 R 100.0   0.1   1:22.22 MicroBench
07:08:10        8 root      20   0   25488  20156   6676 R 100.0   0.1   1:22.38 MicroBench
07:08:10        8 root      20   0   25488  20156   6676 R 100.0   0.1   1:22.57 MicroBench
07:08:10        8 root      20   0   25488  20156   6676 R  93.3   0.1   1:22.73 MicroBench
07:08:10        8 root      20   0   25488  20156   6676 R 100.0   0.1   1:22.90 MicroBench
07:08:10        8 root      20   0   25488  20156   6676 R  93.8   0.1   1:23.07 MicroBench
07:08:10        8 root      20   0   25488  20156   6676 R 100.0   0.1   1:23.24 MicroBench
07:08:11        8 root      20   0   25488  20156   6676 R 100.0   0.1   1:23.41 MicroBench
07:08:11        8 root      20   0   25488  20156   6676 R 100.0   0.1   1:23.57 MicroBench
07:08:11        8 root      20   0   25488  20156   6676 R 100.0   0.1   1:23.74 MicroBench
07:08:11        8 root      20   0   25488  20156   6676 R  93.8   0.1   1:23.91 MicroBench
07:08:11        8 root      20   0   25488  20156   6676 R 100.0   0.1   1:24.08 MicroBench
07:08:11        8 root      20   0   25488  20156   6676 R 100.0   0.1   1:24.24 MicroBench
07:08:12        8 root      20   0   25488  20156   6676 R 100.0   0.1   1:24.42 MicroBench
07:08:12        8 root      20   0   25488  20156   6676 R 100.0   0.1   1:24.59 MicroBench
07:08:12        8 root      20   0   25488  20156   6676 R 100.0   0.1   1:24.76 MicroBench
07:08:12        8 root      20   0   25488  20156   6676 R 100.0   0.1   1:24.93 MicroBench
07:08:12        8 root      20   0   25488  20156   6676 R 100.0   0.1   1:25.10 MicroBench
07:08:12        8 root      20   0   25488  20156   6676 R 100.0   0.1   1:25.27 MicroBench
07:08:13        8 root      20   0   25488  20156   6676 R 100.0   0.1   1:25.44 MicroBench
07:08:13        8 root      20   0   25488  20156   6676 R 100.0   0.1   1:25.61 MicroBench
07:08:13        8 root      20   0   25488  20156   6676 R 100.0   0.1   1:25.78 MicroBench
07:08:13        8 root      20   0   25488  20156   6676 R 100.0   0.1   1:25.95 MicroBench
07:08:13        8 root      20   0   25488  20156   6676 R 100.0   0.1   1:26.12 MicroBench
07:08:13        8 root      20   0   25488  20156   6676 R 100.0   0.1   1:26.29 MicroBench
07:08:14        8 root      20   0   25488  20156   6676 R 100.0   0.1   1:26.47 MicroBench
07:08:14        8 root      20   0   25488  20156   6676 R 100.0   0.1   1:26.65 MicroBench
07:08:14        8 root      20   0   25488  20156   6676 R 100.0   0.1   1:26.81 MicroBench
07:08:14        8 root      20   0   25488  20156   6676 R  93.8   0.1   1:26.98 MicroBench
07:08:14        8 root      20   0   25488  20156   6676 R  93.8   0.1   1:27.15 MicroBench
07:08:15        8 root      20   0   25488  20156   6676 R 100.0   0.1   1:27.32 MicroBench
07:08:15        8 root      20   0   25488  20156   6676 R 100.0   0.1   1:27.48 MicroBench
07:08:15        8 root      20   0   25488  20156   6676 R 100.0   0.1   1:27.65 MicroBench
07:08:15        8 root      20   0   25488  20156   6676 R 100.0   0.1   1:27.82 MicroBench
07:08:15        8 root      20   0   25488  20156   6676 R 100.0   0.1   1:27.99 MicroBench
07:08:15        8 root      20   0   25488  20156   6676 R  93.8   0.1   1:28.16 MicroBench
07:08:16        8 root      20   0   25488  20156   6676 R 100.0   0.1   1:28.33 MicroBench
07:08:16        8 root      20   0   25488  20156   6676 R  80.0   0.1   1:28.46 MicroBench
07:08:16        8 root      20   0   25488  20156   6676 R 100.0   0.1   1:28.63 MicroBench
07:08:16        8 root      20   0   25488  20156   6676 R  93.8   0.1   1:28.80 MicroBench
07:08:16        8 root      20   0   25488  20156   6676 R 100.0   0.1   1:28.97 MicroBench
07:08:16        8 root      20   0   25488  20156   6676 R 100.0   0.1   1:29.14 MicroBench
07:08:17        8 root      20   0   25488  20156   6676 R 100.0   0.1   1:29.30 MicroBench
07:08:17        8 root      20   0   25488  20156   6676 R 100.0   0.1   1:29.47 MicroBench
07:08:17        8 root      20   0   25488  20156   6676 R 100.0   0.1   1:29.64 MicroBench
07:08:17        8 root      20   0   25488  20156   6676 R 100.0   0.1   1:29.81 MicroBench
07:08:17        8 root      20   0   25488  20156   6676 R  93.8   0.1   1:29.97 MicroBench
07:08:17        8 root      20   0   25488  20156   6676 R 100.0   0.1   1:30.14 MicroBench
07:08:18        8 root      20   0   25488  20156   6676 R 100.0   0.1   1:30.32 MicroBench
07:08:18        8 root      20   0   25488  20156   6676 R 100.0   0.1   1:30.49 MicroBench
07:08:18        8 root      20   0   25488  20156   6676 R 100.0   0.1   1:30.66 MicroBench
07:08:18        8 root      20   0   25488  20156   6676 R  93.3   0.1   1:30.82 MicroBench
07:08:18        8 root      20   0   25488  20156   6676 R 100.0   0.1   1:31.00 MicroBench
07:08:18        8 root      20   0   25488  20156   6676 R 100.0   0.1   1:31.17 MicroBench
07:08:19        8 root      20   0   25488  20156   6676 R 100.0   0.1   1:31.34 MicroBench
07:08:19        8 root      20   0   25488  20156   6676 R 100.0   0.1   1:31.51 MicroBench
07:08:19        8 root      20   0   25488  20156   6676 R 100.0   0.1   1:31.67 MicroBench
07:08:19        8 root      20   0   25488  20156   6676 R  93.8   0.1   1:31.84 MicroBench
07:08:19        8 root      20   0   25488  20156   6676 R 100.0   0.1   1:32.01 MicroBench
07:08:19        8 root      20   0   25488  20156   6676 R 100.0   0.1   1:32.18 MicroBench
07:08:20        8 root      20   0   25488  20156   6676 R 100.0   0.1   1:32.35 MicroBench
07:08:20        8 root      20   0   25488  20156   6676 R 100.0   0.1   1:32.51 MicroBench
07:08:20        8 root      20   0   25488  20156   6676 R 100.0   0.1   1:32.68 MicroBench
07:08:20        8 root      20   0   25488  20156   6676 R 100.0   0.1   1:32.85 MicroBench
07:08:20        8 root      20   0   25488  20156   6676 R  93.8   0.1   1:33.02 MicroBench
07:08:20        8 root      20   0   25488  20156   6676 R 100.0   0.1   1:33.19 MicroBench
07:08:21        8 root      20   0   25488  20156   6676 R 100.0   0.1   1:33.35 MicroBench
07:08:21        8 root      20   0   25488  20156   6676 R 100.0   0.1   1:33.53 MicroBench
07:08:21        8 root      20   0   25488  20156   6676 R 100.0   0.1   1:33.70 MicroBench
07:08:21        8 root      20   0   25488  20156   6676 R  93.8   0.1   1:33.87 MicroBench
07:08:21        8 root      20   0   25488  20156   6676 R  93.3   0.1   1:34.03 MicroBench
07:08:21        8 root      20   0   25488  20156   6676 R 100.0   0.1   1:34.20 MicroBench
07:08:22        8 root      20   0   25488  20156   6676 R 100.0   0.1   1:34.41 MicroBench
07:08:22        8 root      20   0   25488  20156   6676 R  93.3   0.1   1:34.57 MicroBench
07:08:22        8 root      20   0   25488  20156   6676 R 100.0   0.1   1:34.74 MicroBench
07:08:22        8 root      20   0   25488  20156   6676 R 100.0   0.1   1:34.91 MicroBench
07:08:22        8 root      20   0   25488  20156   6676 R 100.0   0.1   1:35.08 MicroBench
07:08:22        8 root      20   0   25488  20156   6676 R 100.0   0.1   1:35.25 MicroBench
07:08:23        8 root      20   0   25488  20156   6676 R 100.0   0.1   1:35.42 MicroBench
07:08:23        8 root      20   0   25488  20156   6676 R 100.0   0.1   1:35.59 MicroBench
07:08:23        8 root      20   0   25488  20156   6676 R 100.0   0.1   1:35.76 MicroBench
07:08:23        8 root      20   0   25488  20156   6676 R 100.0   0.1   1:35.93 MicroBench
07:08:23        8 root      20   0   25488  20156   6676 R 100.0   0.1   1:36.09 MicroBench
07:08:24        8 root      20   0   25488  20156   6676 R 100.0   0.1   1:36.26 MicroBench
07:08:24        8 root      20   0   25488  20156   6676 R 100.0   0.1   1:36.43 MicroBench
07:08:24        8 root      20   0   25488  20156   6676 R 100.0   0.1   1:36.60 MicroBench
07:08:24        8 root      20   0   25488  20156   6676 R 100.0   0.1   1:36.77 MicroBench
07:08:24        8 root      20   0   25488  20156   6676 R 100.0   0.1   1:36.93 MicroBench
07:08:24        8 root      20   0   25488  20156   6676 R 100.0   0.1   1:37.11 MicroBench
07:08:25        8 root      20   0   25488  20156   6676 R 100.0   0.1   1:37.28 MicroBench
07:08:25        8 root      20   0   25488  20156   6676 R  93.8   0.1   1:37.45 MicroBench
07:08:25        8 root      20   0   25488  20156   6676 R 100.0   0.1   1:37.62 MicroBench
07:08:25        8 root      20   0   25488  20156   6676 R 100.0   0.1   1:37.79 MicroBench
07:08:25        8 root      20   0   25488  20156   6676 R 100.0   0.1   1:37.96 MicroBench
07:08:25        8 root      20   0   25488  20156   6676 R 100.0   0.1   1:38.12 MicroBench
07:08:26        8 root      20   0   25488  20156   6676 R 100.0   0.1   1:38.29 MicroBench
07:08:26        8 root      20   0   25488  20156   6676 R 100.0   0.1   1:38.46 MicroBench
07:08:26        8 root      20   0   25488  20156   6676 R 100.0   0.1   1:38.63 MicroBench
07:08:26        8 root      20   0   25488  20156   6676 R 100.0   0.1   1:38.80 MicroBench
07:08:26        8 root      20   0   25488  20156   6676 R 100.0   0.1   1:38.96 MicroBench
07:08:26        8 root      20   0   25488  20156   6676 R 100.0   0.1   1:39.13 MicroBench
07:08:27        8 root      20   0   25488  20156   6676 R 100.0   0.1   1:39.30 MicroBench
07:08:27        8 root      20   0   25488  20156   6676 R 100.0   0.1   1:39.47 MicroBench
07:08:27        8 root      20   0   25488  20156   6676 R 100.0   0.1   1:39.64 MicroBench
07:08:27        8 root      20   0   25488  20156   6676 R 100.0   0.1   1:39.82 MicroBench
07:08:27        8 root      20   0   25488  20156   6676 R  93.3   0.1   1:39.98 MicroBench
07:08:27        8 root      20   0   25488  20156   6676 R 100.0   0.1   1:40.15 MicroBench
07:08:28        8 root      20   0   25488  20156   6676 R  93.8   0.1   1:40.32 MicroBench
07:08:28        8 root      20   0   25488  20156   6676 R 100.0   0.1   1:40.49 MicroBench
07:08:28        8 root      20   0   25488  20156   6676 R 100.0   0.1   1:40.65 MicroBench
07:08:28        8 root      20   0   25488  20156   6676 R  93.8   0.1   1:40.83 MicroBench
07:08:28        8 root      20   0   25488  20156   6676 R 100.0   0.1   1:41.00 MicroBench
07:08:28        8 root      20   0   25488  20156   6676 R 100.0   0.1   1:41.16 MicroBench
07:08:29        8 root      20   0   25488  20156   6676 R 100.0   0.1   1:41.33 MicroBench
07:08:29        8 root      20   0   25488  20156   6676 R 100.0   0.1   1:41.51 MicroBench
07:08:29        8 root      20   0   25488  20156   6676 R 100.0   0.1   1:41.68 MicroBench
07:08:29        8 root      20   0   25488  20156   6676 R 100.0   0.1   1:41.85 MicroBench
07:08:29        8 root      20   0   25488  20156   6676 R  93.8   0.1   1:42.01 MicroBench
07:08:29        8 root      20   0   25488  20156   6676 R 100.0   0.1   1:42.18 MicroBench
07:08:30        8 root      20   0   25488  20156   6676 R 100.0   0.1   1:42.35 MicroBench
07:08:30        8 root      20   0   25488  20156   6676 R 100.0   0.1   1:42.52 MicroBench
07:08:30        8 root      20   0   25488  20156   6676 R 100.0   0.1   1:42.69 MicroBench
07:08:30        8 root      20   0   25488  20156   6676 R 100.0   0.1   1:42.86 MicroBench
07:08:30        8 root      20   0   25488  20156   6676 R 100.0   0.1   1:43.02 MicroBench
07:08:30        8 root      20   0   25488  20156   6676 R  93.8   0.1   1:43.19 MicroBench
07:08:31        8 root      20   0   25488  20156   6676 R 100.0   0.1   1:43.36 MicroBench
07:08:31        8 root      20   0   25488  20156   6676 R 100.0   0.1   1:43.53 MicroBench
07:08:31        8 root      20   0   25488  20156   6676 R 100.0   0.1   1:43.70 MicroBench
07:08:31        8 root      20   0   25488  20156   6676 R 100.0   0.1   1:43.86 MicroBench
07:08:31        8 root      20   0   25488  20156   6676 R 100.0   0.1   1:44.03 MicroBench
07:08:31        8 root      20   0   25488  20156   6676 R 100.0   0.1   1:44.20 MicroBench
07:08:32        8 root      20   0   25488  20156   6676 R 100.0   0.1   1:44.37 MicroBench
07:08:32        8 root      20   0   25488  20156   6676 R 100.0   0.1   1:44.54 MicroBench
07:08:32        8 root      20   0   25488  20156   6676 R 100.0   0.1   1:44.71 MicroBench
07:08:32        8 root      20   0   25488  20156   6676 R 100.0   0.1   1:44.88 MicroBench
07:08:32        8 root      20   0   25488  20156   6676 R 100.0   0.1   1:45.04 MicroBench
07:08:32        8 root      20   0   25488  20156   6676 R 100.0   0.1   1:45.21 MicroBench
07:08:33        8 root      20   0   25488  20156   6676 R 100.0   0.1   1:45.38 MicroBench
07:08:33        8 root      20   0   25488  20156   6676 R 100.0   0.1   1:45.55 MicroBench
07:08:33        8 root      20   0   25488  20156   6676 R 100.0   0.1   1:45.71 MicroBench
07:08:33        8 root      20   0   25488  20156   6676 R  93.8   0.1   1:45.88 MicroBench
07:08:33        8 root      20   0   25488  20156   6676 R 100.0   0.1   1:46.05 MicroBench
07:08:33        8 root      20   0   25488  20156   6676 R 100.0   0.1   1:46.23 MicroBench
Avg reg. time: 121245521
Avg opt. time: 73102959
Median reg. time: 121245521
Median opt. time: 73102959
07:08:34  MicroBench not found.
MicroBench process has exited. Monitoring script will terminate.
