Args:
  Field size              : 2748779069441
  l                       : 16
  t                       : 30
  Number of parties        : 2048
  Number of repeats        : 1
  Monitor sleep time (ms) : 1

Started ./MicroBench with PID: 8
07:11:39        8 root      20   0   14688   9284   6628 R  93.3   0.1   0:00.15 MicroBench
07:11:39        8 root      20   0   14688   9548   6628 R 100.0   0.1   0:00.32 MicroBench
07:11:40        8 root      20   0   14688   9548   6628 R 100.0   0.1   0:00.49 MicroBench
07:11:40        8 root      20   0   14688   9548   6628 R  93.8   0.1   0:00.66 MicroBench
07:11:40        8 root      20   0   14688   9548   6628 R 100.0   0.1   0:00.83 MicroBench
07:11:40        8 root      20   0   14688   9548   6628 R 100.0   0.1   0:01.00 MicroBench
07:11:40        8 root      20   0   14688   9548   6628 R 100.0   0.1   0:01.17 MicroBench
07:11:40        8 root      20   0   14688   9548   6628 R 100.0   0.1   0:01.34 MicroBench
07:11:41        8 root      20   0   14688   9548   6628 R 100.0   0.1   0:01.50 MicroBench
07:11:41        8 root      20   0   14676   9552   6628 R  93.8   0.1   0:01.67 MicroBench
07:11:41        8 root      20   0   14676   9552   6628 R 100.0   0.1   0:01.84 MicroBench
07:11:41        8 root      20   0   14676   9552   6628 R 100.0   0.1   0:02.01 MicroBench
07:11:41        8 root      20   0   14808   9552   6628 R  93.3   0.1   0:02.17 MicroBench
07:11:41        8 root      20   0   14808   9552   6628 R 100.0   0.1   0:02.35 MicroBench
07:11:42        8 root      20   0   14808   9552   6628 R 100.0   0.1   0:02.51 MicroBench
07:11:42        8 root      20   0   14808   9552   6628 R 100.0   0.1   0:02.68 MicroBench
07:11:42        8 root      20   0   14808   9552   6628 R 100.0   0.1   0:02.85 MicroBench
07:11:42        8 root      20   0   14808   9552   6628 R 100.0   0.1   0:03.02 MicroBench
07:11:42        8 root      20   0   14808   9552   6628 R 100.0   0.1   0:03.18 MicroBench
07:11:42        8 root      20   0   14808   9552   6628 R 100.0   0.1   0:03.35 MicroBench
07:11:43        8 root      20   0   14808   9552   6628 R 100.0   0.1   0:03.52 MicroBench
07:11:43        8 root      20   0   14808   9552   6628 R 100.0   0.1   0:03.69 MicroBench
07:11:43        8 root      20   0   14808   9552   6628 R  93.8   0.1   0:03.86 MicroBench
07:11:43        8 root      20   0   14808   9552   6628 R 100.0   0.1   0:04.02 MicroBench
07:11:43        8 root      20   0   14808   9552   6628 R 100.0   0.1   0:04.19 MicroBench
07:11:44        8 root      20   0   14808   9552   6628 R 100.0   0.1   0:04.36 MicroBench
07:11:44        8 root      20   0   14808   9552   6628 R 100.0   0.1   0:04.53 MicroBench
07:11:44        8 root      20   0   14808   9552   6628 R 100.0   0.1   0:04.70 MicroBench
07:11:44        8 root      20   0   14808   9552   6628 R  93.8   0.1   0:04.86 MicroBench
07:11:44        8 root      20   0   14808   9552   6628 R 100.0   0.1   0:05.03 MicroBench
07:11:44        8 root      20   0   14736   9612   6628 R 100.0   0.1   0:05.20 MicroBench
07:11:45        8 root      20   0   14736   9612   6628 R 100.0   0.1   0:05.38 MicroBench
07:11:45        8 root      20   0   14868   9612   6628 R 100.0   0.1   0:05.55 MicroBench
07:11:45        8 root      20   0   14732   9608   6628 R  93.8   0.1   0:05.71 MicroBench
07:11:45        8 root      20   0   14864   9608   6628 R 100.0   0.1   0:05.88 MicroBench
07:11:45        8 root      20   0   14864   9608   6628 R 100.0   0.1   0:06.06 MicroBench
07:11:45        8 root      20   0   14864   9608   6628 R 100.0   0.1   0:06.23 MicroBench
07:11:46        8 root      20   0   14732   9608   6628 R 100.0   0.1   0:06.40 MicroBench
07:11:46        8 root      20   0   18956  13624   6692 R  93.8   0.1   0:06.57 MicroBench
07:11:46        8 root      20   0   18956  13624   6692 R 100.0   0.1   0:06.74 MicroBench
07:11:46        8 root      20   0   18956  13624   6692 R 100.0   0.1   0:06.92 MicroBench
07:11:46        8 root      20   0   18956  13624   6692 R 100.0   0.1   0:07.08 MicroBench
07:11:46        8 root      20   0   18956  13624   6692 R 100.0   0.1   0:07.25 MicroBench
07:11:47        8 root      20   0   18956  13624   6692 R 100.0   0.1   0:07.43 MicroBench
07:11:47        8 root      20   0   18956  13624   6692 R 100.0   0.1   0:07.59 MicroBench
07:11:47        8 root      20   0   18956  13624   6692 R 100.0   0.1   0:07.77 MicroBench
07:11:47        8 root      20   0   18956  13624   6692 R  93.8   0.1   0:07.94 MicroBench
07:11:47        8 root      20   0   18956  13624   6692 R 100.0   0.1   0:08.11 MicroBench
07:11:47        8 root      20   0   18956  13624   6692 R  93.3   0.1   0:08.27 MicroBench
07:11:48        8 root      20   0   18956  13624   6692 R 100.0   0.1   0:08.45 MicroBench
07:11:48        8 root      20   0   18956  13624   6692 R 100.0   0.1   0:08.61 MicroBench
07:11:48        8 root      20   0   18956  13624   6692 R 100.0   0.1   0:08.78 MicroBench
07:11:48        8 root      20   0   18956  13624   6692 R  93.3   0.1   0:08.95 MicroBench
07:11:48        8 root      20   0   18956  13624   6692 R 100.0   0.1   0:09.13 MicroBench
07:11:48        8 root      20   0   18956  13624   6692 R 100.0   0.1   0:09.30 MicroBench
07:11:49        8 root      20   0   18956  13624   6692 R 100.0   0.1   0:09.47 MicroBench
07:11:49        8 root      20   0   18956  13624   6692 R 100.0   0.1   0:09.63 MicroBench
07:11:49        8 root      20   0   18956  13624   6692 R  93.8   0.1   0:09.80 MicroBench
07:11:49        8 root      20   0   18956  13624   6692 R  93.8   0.1   0:09.97 MicroBench
07:11:49        8 root      20   0   18956  13624   6692 R 100.0   0.1   0:10.14 MicroBench
07:11:49        8 root      20   0   18956  13624   6692 R  93.3   0.1   0:10.30 MicroBench
07:11:50        8 root      20   0   18956  13624   6692 R 100.0   0.1   0:10.47 MicroBench
07:11:50        8 root      20   0   18956  13624   6692 R 100.0   0.1   0:10.64 MicroBench
07:11:50        8 root      20   0   18956  13624   6692 R 100.0   0.1   0:10.81 MicroBench
07:11:50        8 root      20   0   18956  13624   6692 R 100.0   0.1   0:10.99 MicroBench
07:11:50        8 root      20   0   18956  13624   6692 R 100.0   0.1   0:11.16 MicroBench
07:11:50        8 root      20   0   18956  13624   6692 R 100.0   0.1   0:11.33 MicroBench
07:11:51        8 root      20   0   18956  13624   6692 R 100.0   0.1   0:11.50 MicroBench
07:11:51        8 root      20   0   18956  13624   6692 R 100.0   0.1   0:11.67 MicroBench
07:11:51        8 root      20   0   18956  13624   6692 R 100.0   0.1   0:11.85 MicroBench
07:11:51        8 root      20   0   18956  13624   6692 R  93.3   0.1   0:12.01 MicroBench
07:11:51        8 root      20   0   18956  13624   6692 R 100.0   0.1   0:12.18 MicroBench
07:11:52        8 root      20   0   18956  13624   6692 R 100.0   0.1   0:12.35 MicroBench
07:11:52        8 root      20   0   18956  13624   6692 R 100.0   0.1   0:12.52 MicroBench
07:11:52        8 root      20   0   18956  13624   6692 R 100.0   0.1   0:12.69 MicroBench
07:11:52        8 root      20   0   18956  13624   6692 R 100.0   0.1   0:12.86 MicroBench
07:11:52        8 root      20   0   18956  13624   6692 R  93.8   0.1   0:13.02 MicroBench
07:11:52        8 root      20   0   18956  13624   6692 R  93.8   0.1   0:13.19 MicroBench
07:11:53        8 root      20   0   18956  13624   6692 R 100.0   0.1   0:13.36 MicroBench
07:11:53        8 root      20   0   18956  13624   6692 R  93.3   0.1   0:13.55 MicroBench
07:11:53        8 root      20   0   18956  13624   6692 R 100.0   0.1   0:13.73 MicroBench
07:11:53        8 root      20   0   18956  13624   6692 R 100.0   0.1   0:13.89 MicroBench
07:11:53        8 root      20   0   18956  13624   6692 R  93.8   0.1   0:14.06 MicroBench
07:11:53        8 root      20   0   18956  13624   6692 R 100.0   0.1   0:14.23 MicroBench
07:11:54        8 root      20   0   18956  13624   6692 R 100.0   0.1   0:14.40 MicroBench
07:11:54        8 root      20   0   18956  13624   6692 R 100.0   0.1   0:14.57 MicroBench
07:11:54        8 root      20   0   18956  13624   6692 R 100.0   0.1   0:14.74 MicroBench
07:11:54        8 root      20   0   18956  13624   6692 R 100.0   0.1   0:14.92 MicroBench
07:11:54        8 root      20   0   18956  13624   6692 R  93.8   0.1   0:15.09 MicroBench
07:11:54        8 root      20   0   18956  13624   6692 R 100.0   0.1   0:15.26 MicroBench
07:11:55        8 root      20   0   18956  13624   6692 R 100.0   0.1   0:15.43 MicroBench
07:11:55        8 root      20   0   18956  13624   6692 R 100.0   0.1   0:15.60 MicroBench
07:11:55        8 root      20   0   18956  13624   6692 R 100.0   0.1   0:15.77 MicroBench
07:11:55        8 root      20   0   18956  13624   6692 R 100.0   0.1   0:15.93 MicroBench
07:11:55        8 root      20   0   18956  13624   6692 R 100.0   0.1   0:16.10 MicroBench
07:11:55        8 root      20   0   18956  13624   6692 R 100.0   0.1   0:16.28 MicroBench
07:11:56        8 root      20   0   18956  13624   6692 R 100.0   0.1   0:16.44 MicroBench
07:11:56        8 root      20   0   18956  13624   6692 R 100.0   0.1   0:16.61 MicroBench
07:11:56        8 root      20   0   18956  13624   6692 R 100.0   0.1   0:16.78 MicroBench
07:11:56        8 root      20   0   18956  13624   6692 R 100.0   0.1   0:16.95 MicroBench
07:11:56        8 root      20   0   18956  13624   6692 R  93.8   0.1   0:17.12 MicroBench
07:11:56        8 root      20   0   18956  13624   6692 R 100.0   0.1   0:17.29 MicroBench
07:11:57        8 root      20   0   18956  13624   6692 R 100.0   0.1   0:17.45 MicroBench
07:11:57        8 root      20   0   18956  13624   6692 R 100.0   0.1   0:17.63 MicroBench
07:11:57        8 root      20   0   18956  13624   6692 R 100.0   0.1   0:17.80 MicroBench
07:11:57        8 root      20   0   18956  13624   6692 R 100.0   0.1   0:17.97 MicroBench
07:11:57        8 root      20   0   18956  13624   6692 R  93.8   0.1   0:18.13 MicroBench
07:11:57        8 root      20   0   18956  13624   6692 R 100.0   0.1   0:18.30 MicroBench
07:11:58        8 root      20   0   18956  13624   6692 R 100.0   0.1   0:18.48 MicroBench
07:11:58        8 root      20   0   18956  13624   6692 R 100.0   0.1   0:18.64 MicroBench
07:11:58        8 root      20   0   18956  13624   6692 R  93.8   0.1   0:18.81 MicroBench
07:11:58        8 root      20   0   18956  13624   6692 R 100.0   0.1   0:18.98 MicroBench
07:11:58        8 root      20   0   18956  13624   6692 R 100.0   0.1   0:19.15 MicroBench
07:11:59        8 root      20   0   18956  13624   6692 R 100.0   0.1   0:19.32 MicroBench
07:11:59        8 root      20   0   18956  13624   6692 R 100.0   0.1   0:19.49 MicroBench
07:11:59        8 root      20   0   18956  13624   6692 R 100.0   0.1   0:19.65 MicroBench
07:11:59        8 root      20   0   18956  13624   6692 R 100.0   0.1   0:19.82 MicroBench
07:11:59        8 root      20   0   18956  13624   6692 R  93.8   0.1   0:19.99 MicroBench
07:11:59        8 root      20   0   18956  13624   6692 R 100.0   0.1   0:20.16 MicroBench
07:12:00        8 root      20   0   18956  13624   6692 R 100.0   0.1   0:20.33 MicroBench
07:12:00        8 root      20   0   18956  13624   6692 R  93.3   0.1   0:20.49 MicroBench
07:12:00        8 root      20   0   18956  13624   6692 R 100.0   0.1   0:20.68 MicroBench
07:12:00        8 root      20   0   18956  13624   6692 R 100.0   0.1   0:20.85 MicroBench
07:12:00        8 root      20   0   18956  13624   6692 R  93.8   0.1   0:21.02 MicroBench
07:12:00        8 root      20   0   18956  13624   6692 R 100.0   0.1   0:21.19 MicroBench
07:12:01        8 root      20   0   18956  13624   6692 R 100.0   0.1   0:21.36 MicroBench
07:12:01        8 root      20   0   18956  13624   6692 R  93.3   0.1   0:21.53 MicroBench
07:12:01        8 root      20   0   18956  13624   6692 R 100.0   0.1   0:21.71 MicroBench
07:12:01        8 root      20   0   18956  13624   6692 R 100.0   0.1   0:21.87 MicroBench
07:12:01        8 root      20   0   18956  13624   6692 R 100.0   0.1   0:22.04 MicroBench
07:12:01        8 root      20   0   18956  13624   6692 R 100.0   0.1   0:22.21 MicroBench
07:12:02        8 root      20   0   18956  13624   6692 R 100.0   0.1   0:22.38 MicroBench
07:12:02        8 root      20   0   23972  18640   6692 R 100.0   0.1   0:22.54 MicroBench
07:12:02        8 root      20   0   23972  18640   6692 R 100.0   0.1   0:22.70 MicroBench
07:12:02        8 root      20   0   23972  18640   6692 R 100.0   0.1   0:22.87 MicroBench
07:12:02        8 root      20   0   23972  18640   6692 R 100.0   0.1   0:23.04 MicroBench
07:12:02        8 root      20   0   23972  18640   6692 R 100.0   0.1   0:23.21 MicroBench
07:12:03        8 root      20   0   23972  18640   6692 R  87.5   0.1   0:23.37 MicroBench
07:12:03        8 root      20   0   23972  18640   6692 R 100.0   0.1   0:23.55 MicroBench
07:12:03        8 root      20   0   23972  18640   6692 R 100.0   0.1   0:23.71 MicroBench
07:12:03        8 root      20   0   23972  18640   6692 R 100.0   0.1   0:23.89 MicroBench
07:12:03        8 root      20   0   23972  18640   6692 R 100.0   0.1   0:24.06 MicroBench
07:12:03        8 root      20   0   23972  18640   6692 R  93.8   0.1   0:24.22 MicroBench
07:12:04        8 root      20   0   23972  18640   6692 R 100.0   0.1   0:24.39 MicroBench
07:12:04        8 root      20   0   23972  18640   6692 R 100.0   0.1   0:24.57 MicroBench
07:12:04        8 root      20   0   23972  18640   6692 R 100.0   0.1   0:24.74 MicroBench
07:12:04        8 root      20   0   23972  18640   6692 R 100.0   0.1   0:24.91 MicroBench
07:12:04        8 root      20   0   23972  18640   6692 R 100.0   0.1   0:25.07 MicroBench
07:12:04        8 root      20   0   23972  18640   6692 R 100.0   0.1   0:25.24 MicroBench
07:12:05        8 root      20   0   23972  18640   6692 R 100.0   0.1   0:25.41 MicroBench
07:12:05        8 root      20   0   23972  18640   6692 R 100.0   0.1   0:25.58 MicroBench
07:12:05        8 root      20   0   23972  18640   6692 R 100.0   0.1   0:25.75 MicroBench
07:12:05        8 root      20   0   23972  18640   6692 R 100.0   0.1   0:25.92 MicroBench
07:12:05        8 root      20   0   23972  18640   6692 R  93.3   0.1   0:26.08 MicroBench
07:12:05        8 root      20   0   23972  18640   6692 R 100.0   0.1   0:26.26 MicroBench
07:12:06        8 root      20   0   23972  18640   6692 R 100.0   0.1   0:26.42 MicroBench
07:12:06        8 root      20   0   23972  18640   6692 R 100.0   0.1   0:26.59 MicroBench
07:12:06        8 root      20   0   23972  18640   6692 R 100.0   0.1   0:26.76 MicroBench
07:12:06        8 root      20   0   23972  18640   6692 R  93.3   0.1   0:26.92 MicroBench
07:12:06        8 root      20   0   23972  18640   6692 R 100.0   0.1   0:27.09 MicroBench
07:12:06        8 root      20   0   23972  18640   6692 R 100.0   0.1   0:27.26 MicroBench
07:12:07        8 root      20   0   23972  18640   6692 R 100.0   0.1   0:27.43 MicroBench
07:12:07        8 root      20   0   23972  18640   6692 R 100.0   0.1   0:27.60 MicroBench
07:12:07        8 root      20   0   23972  18640   6692 R 100.0   0.1   0:27.77 MicroBench
07:12:07        8 root      20   0   23972  18640   6692 R 100.0   0.1   0:27.94 MicroBench
07:12:07        8 root      20   0   23972  18640   6692 R 100.0   0.1   0:28.11 MicroBench
07:12:07        8 root      20   0   23972  18640   6692 R 100.0   0.1   0:28.28 MicroBench
07:12:08        8 root      20   0   23972  18640   6692 R  93.8   0.1   0:28.44 MicroBench
07:12:08        8 root      20   0   23972  18640   6692 R 100.0   0.1   0:28.61 MicroBench
07:12:08        8 root      20   0   23972  18640   6692 R 100.0   0.1   0:28.78 MicroBench
07:12:08        8 root      20   0   23972  18640   6692 R 100.0   0.1   0:28.95 MicroBench
07:12:08        8 root      20   0   23972  18640   6692 R 100.0   0.1   0:29.12 MicroBench
07:12:08        8 root      20   0   23972  18640   6692 R 100.0   0.1   0:29.29 MicroBench
07:12:09        8 root      20   0   23972  18640   6692 R 100.0   0.1   0:29.46 MicroBench
07:12:09        8 root      20   0   23972  18640   6692 R 100.0   0.1   0:29.63 MicroBench
07:12:09        8 root      20   0   23972  18640   6692 R 100.0   0.1   0:29.79 MicroBench
07:12:09        8 root      20   0   23972  18640   6692 R 100.0   0.1   0:29.98 MicroBench
07:12:09        8 root      20   0   23972  18640   6692 R 100.0   0.1   0:30.15 MicroBench
07:12:10        8 root      20   0   23972  18640   6692 R  93.8   0.1   0:30.31 MicroBench
07:12:10        8 root      20   0   23972  18640   6692 R 100.0   0.1   0:30.49 MicroBench
07:12:10        8 root      20   0   23972  18640   6692 R 100.0   0.1   0:30.66 MicroBench
07:12:10        8 root      20   0   23972  18640   6692 R 100.0   0.1   0:30.82 MicroBench
07:12:10        8 root      20   0   23972  18640   6692 R  93.8   0.1   0:30.99 MicroBench
07:12:10        8 root      20   0   23972  18640   6692 R 100.0   0.1   0:31.16 MicroBench
07:12:11        8 root      20   0   23972  18640   6692 R 100.0   0.1   0:31.33 MicroBench
07:12:11        8 root      20   0   23972  18640   6692 R 100.0   0.1   0:31.50 MicroBench
07:12:11        8 root      20   0   23972  18640   6692 R 100.0   0.1   0:31.67 MicroBench
07:12:11        8 root      20   0   23972  18640   6692 R  93.3   0.1   0:31.83 MicroBench
07:12:11        8 root      20   0   23972  18640   6692 R 100.0   0.1   0:32.00 MicroBench
07:12:11        8 root      20   0   23972  18640   6692 R  93.8   0.1   0:32.18 MicroBench
07:12:12        8 root      20   0   23972  18640   6692 R  86.7   0.1   0:32.32 MicroBench
07:12:12        8 root      20   0   23972  18640   6692 R 100.0   0.1   0:32.49 MicroBench
07:12:12        8 root      20   0   23972  18640   6692 R 100.0   0.1   0:32.66 MicroBench
07:12:12        8 root      20   0   23972  18640   6692 R 100.0   0.1   0:32.83 MicroBench
07:12:12        8 root      20   0   23972  18640   6692 R 100.0   0.1   0:33.01 MicroBench
07:12:12        8 root      20   0   23972  18640   6692 R 100.0   0.1   0:33.19 MicroBench
07:12:13        8 root      20   0   23972  18640   6692 R 100.0   0.1   0:33.36 MicroBench
07:12:13        8 root      20   0   23972  18640   6692 R 100.0   0.1   0:33.53 MicroBench
07:12:13        8 root      20   0   23972  18640   6692 R 100.0   0.1   0:33.69 MicroBench
07:12:13        8 root      20   0   23972  18640   6692 R 100.0   0.1   0:33.86 MicroBench
07:12:13        8 root      20   0   23972  18640   6692 R  93.8   0.1   0:34.03 MicroBench
07:12:13        8 root      20   0   23972  18640   6692 R 100.0   0.1   0:34.20 MicroBench
07:12:14        8 root      20   0   23972  18640   6692 R  93.3   0.1   0:34.36 MicroBench
07:12:14        8 root      20   0   23972  18640   6692 R 100.0   0.1   0:34.54 MicroBench
07:12:14        8 root      20   0   23972  18640   6692 R 100.0   0.1   0:34.70 MicroBench
07:12:14        8 root      20   0   23972  18640   6692 R 100.0   0.1   0:34.87 MicroBench
07:12:14        8 root      20   0   23972  18640   6692 R 100.0   0.1   0:35.04 MicroBench
07:12:14        8 root      20   0   23972  18640   6692 R  93.8   0.1   0:35.21 MicroBench
07:12:15        8 root      20   0   23972  18640   6692 R 100.0   0.1   0:35.38 MicroBench
07:12:15        8 root      20   0   23972  18640   6692 R 100.0   0.1   0:35.55 MicroBench
07:12:15        8 root      20   0   23972  18640   6692 R 100.0   0.1   0:35.71 MicroBench
07:12:15        8 root      20   0   23972  18640   6692 R 100.0   0.1   0:35.88 MicroBench
07:12:15        8 root      20   0   23972  18640   6692 R 100.0   0.1   0:36.05 MicroBench
07:12:15        8 root      20   0   23972  18640   6692 R 100.0   0.1   0:36.22 MicroBench
07:12:16        8 root      20   0   23972  18640   6692 R 100.0   0.1   0:36.39 MicroBench
07:12:16        8 root      20   0   23972  18640   6692 R  93.3   0.1   0:36.55 MicroBench
07:12:16        8 root      20   0   23972  18640   6692 R 100.0   0.1   0:36.72 MicroBench
07:12:16        8 root      20   0   23972  18640   6692 R 100.0   0.1   0:36.89 MicroBench
07:12:16        8 root      20   0   23972  18640   6692 R 100.0   0.1   0:37.06 MicroBench
07:12:16        8 root      20   0   23972  18640   6692 R 100.0   0.1   0:37.23 MicroBench
07:12:17        8 root      20   0   23972  18640   6692 R 100.0   0.1   0:37.40 MicroBench
07:12:17        8 root      20   0   23972  18640   6692 R 100.0   0.1   0:37.56 MicroBench
07:12:17        8 root      20   0   23972  18640   6692 R 100.0   0.1   0:37.74 MicroBench
07:12:17        8 root      20   0   23972  18640   6692 R 100.0   0.1   0:37.91 MicroBench
07:12:17        8 root      20   0   23972  18640   6692 R  93.8   0.1   0:38.07 MicroBench
07:12:17        8 root      20   0   23972  18640   6692 R 100.0   0.1   0:38.26 MicroBench
07:12:18        8 root      20   0   23972  18640   6692 R 100.0   0.1   0:38.42 MicroBench
07:12:18        8 root      20   0   24104  18904   6692 R 100.0   0.1   0:38.60 MicroBench
07:12:18        8 root      20   0   24904  19696   6692 R 100.0   0.1   0:38.77 MicroBench
Avg reg. time: 104495521
Avg opt. time: 144839812
Median reg. time: 104495521
Median opt. time: 144839812
07:12:18  MicroBench not found.
MicroBench process has exited. Monitoring script will terminate.
