Args:
  Field size              : 2748779069441
  l                       : 32
  t                       : 30
  Number of parties        : 1024
  Number of repeats        : 1
  Monitor sleep time (ms) : 1

Started ./MicroBench with PID: 8
07:02:05        8 root      20   0   14160   8744   6616 R  93.8   0.1   0:00.16 MicroBench
07:02:05        8 root      20   0   14160   8744   6616 R 100.0   0.1   0:00.32 MicroBench
07:02:05        8 root      20   0   14160   8744   6616 R  93.3   0.1   0:00.48 MicroBench
07:02:05        8 root      20   0   14160   8744   6616 R 100.0   0.1   0:00.65 MicroBench
07:02:06        8 root      20   0   14160   8744   6616 R 100.0   0.1   0:00.82 MicroBench
07:02:06        8 root      20   0   14160   8744   6616 R  93.8   0.1   0:00.98 MicroBench
07:02:06        8 root      20   0   14160   8744   6616 R 100.0   0.1   0:01.14 MicroBench
07:02:06        8 root      20   0   14160   8744   6616 R 100.0   0.1   0:01.31 MicroBench
07:02:06        8 root      20   0   14160   8744   6616 R 100.0   0.1   0:01.47 MicroBench
07:02:06        8 root      20   0   14160   8744   6616 R 100.0   0.1   0:01.64 MicroBench
07:02:07        8 root      20   0   14160   8744   6616 R 100.0   0.1   0:01.79 MicroBench
07:02:07        8 root      20   0   14160   8744   6616 R 100.0   0.1   0:01.96 MicroBench
07:02:07        8 root      20   0   14160   8744   6616 R 100.0   0.1   0:02.12 MicroBench
07:02:07        8 root      20   0   14160   8744   6616 R 100.0   0.1   0:02.28 MicroBench
07:02:07        8 root      20   0   17328  11972   6680 R  93.3   0.1   0:02.46 MicroBench
07:02:07        8 root      20   0   17328  11972   6680 R 100.0   0.1   0:02.63 MicroBench
07:02:08        8 root      20   0   17328  11972   6680 R 100.0   0.1   0:02.79 MicroBench
07:02:08        8 root      20   0   17328  11972   6680 R 100.0   0.1   0:02.95 MicroBench
07:02:08        8 root      20   0   17328  11972   6680 R 100.0   0.1   0:03.11 MicroBench
07:02:08        8 root      20   0   17328  11972   6680 R  93.8   0.1   0:03.28 MicroBench
07:02:08        8 root      20   0   17328  11972   6680 R 100.0   0.1   0:03.44 MicroBench
07:02:08        8 root      20   0   17328  11972   6680 R 100.0   0.1   0:03.61 MicroBench
07:02:09        8 root      20   0   17328  11972   6680 R 100.0   0.1   0:03.77 MicroBench
07:02:09        8 root      20   0   17328  11972   6680 R 100.0   0.1   0:03.94 MicroBench
07:02:09        8 root      20   0   17328  11972   6680 R 100.0   0.1   0:04.10 MicroBench
07:02:09        8 root      20   0   17328  11972   6680 R 100.0   0.1   0:04.26 MicroBench
07:02:09        8 root      20   0   17328  11972   6680 R 100.0   0.1   0:04.42 MicroBench
07:02:09        8 root      20   0   17328  11972   6680 R  93.8   0.1   0:04.58 MicroBench
07:02:10        8 root      20   0   17328  11972   6680 R 100.0   0.1   0:04.75 MicroBench
07:02:10        8 root      20   0   17328  11972   6680 R 100.0   0.1   0:04.91 MicroBench
07:02:10        8 root      20   0   17328  11972   6680 R 100.0   0.1   0:05.07 MicroBench
07:02:10        8 root      20   0   17328  11972   6680 R 100.0   0.1   0:05.24 MicroBench
07:02:10        8 root      20   0   17328  11972   6680 R 100.0   0.1   0:05.41 MicroBench
07:02:10        8 root      20   0   17328  11972   6680 R 100.0   0.1   0:05.57 MicroBench
07:02:10        8 root      20   0   17328  11972   6680 R 100.0   0.1   0:05.73 MicroBench
07:02:11        8 root      20   0   17328  11972   6680 R 100.0   0.1   0:05.90 MicroBench
07:02:11        8 root      20   0   17328  11972   6680 R 100.0   0.1   0:06.06 MicroBench
07:02:11        8 root      20   0   17328  11972   6680 R 100.0   0.1   0:06.23 MicroBench
07:02:11        8 root      20   0   17328  11972   6680 R 100.0   0.1   0:06.39 MicroBench
07:02:11        8 root      20   0   17328  11972   6680 R  93.3   0.1   0:06.55 MicroBench
07:02:11        8 root      20   0   17328  11972   6680 R 100.0   0.1   0:06.73 MicroBench
07:02:12        8 root      20   0   17328  11972   6680 R 100.0   0.1   0:06.89 MicroBench
07:02:12        8 root      20   0   17328  11972   6680 R 100.0   0.1   0:07.05 MicroBench
07:02:12        8 root      20   0   17328  11972   6680 R 100.0   0.1   0:07.21 MicroBench
07:02:12        8 root      20   0   17328  11972   6680 R 100.0   0.1   0:07.38 MicroBench
07:02:12        8 root      20   0   17328  11972   6680 R 100.0   0.1   0:07.55 MicroBench
07:02:12        8 root      20   0   17328  11972   6680 R 100.0   0.1   0:07.70 MicroBench
07:02:13        8 root      20   0   17328  11972   6680 R  93.3   0.1   0:07.86 MicroBench
07:02:13        8 root      20   0   17328  11972   6680 R 100.0   0.1   0:08.02 MicroBench
07:02:13        8 root      20   0   17328  11972   6680 R 100.0   0.1   0:08.19 MicroBench
07:02:13        8 root      20   0   17328  11972   6680 R 100.0   0.1   0:08.35 MicroBench
07:02:13        8 root      20   0   17328  11972   6680 R 100.0   0.1   0:08.52 MicroBench
07:02:13        8 root      20   0   17328  11972   6680 R 100.0   0.1   0:08.68 MicroBench
07:02:14        8 root      20   0   17328  11972   6680 R 100.0   0.1   0:08.84 MicroBench
07:02:14        8 root      20   0   17328  11972   6680 R 100.0   0.1   0:09.01 MicroBench
07:02:14        8 root      20   0   17328  11972   6680 R  93.3   0.1   0:09.17 MicroBench
07:02:14        8 root      20   0   17328  11972   6680 R 100.0   0.1   0:09.34 MicroBench
07:02:14        8 root      20   0   17328  11972   6680 R 100.0   0.1   0:09.50 MicroBench
07:02:14        8 root      20   0   17328  11972   6680 R 100.0   0.1   0:09.66 MicroBench
07:02:15        8 root      20   0   17328  11972   6680 R 100.0   0.1   0:09.83 MicroBench
07:02:15        8 root      20   0   17328  11972   6680 R 100.0   0.1   0:09.99 MicroBench
07:02:15        8 root      20   0   17328  11972   6680 R 100.0   0.1   0:10.15 MicroBench
07:02:15        8 root      20   0   17328  11972   6680 R 100.0   0.1   0:10.32 MicroBench
07:02:15        8 root      20   0   17328  11972   6680 R 100.0   0.1   0:10.48 MicroBench
07:02:15        8 root      20   0   17328  11972   6680 R 100.0   0.1   0:10.64 MicroBench
07:02:16        8 root      20   0   17328  11972   6680 R 100.0   0.1   0:10.80 MicroBench
07:02:16        8 root      20   0   17328  11972   6680 R 100.0   0.1   0:10.97 MicroBench
07:02:16        8 root      20   0   17328  11972   6680 R 100.0   0.1   0:11.13 MicroBench
07:02:16        8 root      20   0   17328  11972   6680 R 100.0   0.1   0:11.30 MicroBench
07:02:16        8 root      20   0   21024  15668   6680 R 100.0   0.1   0:11.46 MicroBench
07:02:16        8 root      20   0   21024  15668   6680 R 100.0   0.1   0:11.62 MicroBench
07:02:17        8 root      20   0   21024  15668   6680 R  93.3   0.1   0:11.78 MicroBench
07:02:17        8 root      20   0   21024  15668   6680 R 100.0   0.1   0:11.95 MicroBench
07:02:17        8 root      20   0   21024  15668   6680 R 100.0   0.1   0:12.11 MicroBench
07:02:17        8 root      20   0   21024  15668   6680 R 100.0   0.1   0:12.27 MicroBench
07:02:17        8 root      20   0   21024  15668   6680 R  93.3   0.1   0:12.43 MicroBench
07:02:17        8 root      20   0   21024  15668   6680 R 100.0   0.1   0:12.60 MicroBench
07:02:18        8 root      20   0   21024  15668   6680 R 100.0   0.1   0:12.77 MicroBench
07:02:18        8 root      20   0   21024  15668   6680 R 100.0   0.1   0:12.93 MicroBench
07:02:18        8 root      20   0   21024  15668   6680 R 100.0   0.1   0:13.09 MicroBench
07:02:18        8 root      20   0   21024  15668   6680 R 100.0   0.1   0:13.26 MicroBench
07:02:18        8 root      20   0   21024  15668   6680 R  93.8   0.1   0:13.43 MicroBench
07:02:18        8 root      20   0   21024  15668   6680 R 100.0   0.1   0:13.59 MicroBench
07:02:19        8 root      20   0   21024  15668   6680 R 100.0   0.1   0:13.76 MicroBench
07:02:19        8 root      20   0   21024  15668   6680 R 100.0   0.1   0:13.92 MicroBench
07:02:19        8 root      20   0   21024  15668   6680 R 100.0   0.1   0:14.09 MicroBench
07:02:19        8 root      20   0   21024  15668   6680 R 100.0   0.1   0:14.25 MicroBench
07:02:19        8 root      20   0   21024  15668   6680 R 100.0   0.1   0:14.42 MicroBench
07:02:19        8 root      20   0   21024  15668   6680 R 100.0   0.1   0:14.58 MicroBench
07:02:20        8 root      20   0   21024  15668   6680 R 100.0   0.1   0:14.74 MicroBench
07:02:20        8 root      20   0   21024  15668   6680 R  93.3   0.1   0:14.90 MicroBench
07:02:20        8 root      20   0   21024  15668   6680 R 100.0   0.1   0:15.07 MicroBench
07:02:20        8 root      20   0   21024  15668   6680 R 100.0   0.1   0:15.23 MicroBench
07:02:20        8 root      20   0   21024  15668   6680 R 100.0   0.1   0:15.39 MicroBench
07:02:20        8 root      20   0   21024  15668   6680 R  93.3   0.1   0:15.55 MicroBench
07:02:20        8 root      20   0   21024  15668   6680 R 100.0   0.1   0:15.72 MicroBench
07:02:21        8 root      20   0   21024  15668   6680 R 100.0   0.1   0:15.89 MicroBench
07:02:21        8 root      20   0   21024  15668   6680 R  93.8   0.1   0:16.05 MicroBench
07:02:21        8 root      20   0   21024  15668   6680 R 100.0   0.1   0:16.22 MicroBench
07:02:21        8 root      20   0   21024  15668   6680 R 100.0   0.1   0:16.38 MicroBench
07:02:21        8 root      20   0   21024  15668   6680 R 100.0   0.1   0:16.54 MicroBench
07:02:21        8 root      20   0   21024  15668   6680 R 100.0   0.1   0:16.71 MicroBench
07:02:22        8 root      20   0   21024  15668   6680 R 100.0   0.1   0:16.87 MicroBench
07:02:22        8 root      20   0   21024  15668   6680 R 100.0   0.1   0:17.03 MicroBench
07:02:22        8 root      20   0   21024  15668   6680 R 100.0   0.1   0:17.19 MicroBench
07:02:22        8 root      20   0   21024  15668   6680 R 100.0   0.1   0:17.35 MicroBench
07:02:22        8 root      20   0   21024  15668   6680 R 100.0   0.1   0:17.52 MicroBench
07:02:22        8 root      20   0   21024  15668   6680 R 100.0   0.1   0:17.68 MicroBench
07:02:23        8 root      20   0   21024  15668   6680 R 100.0   0.1   0:17.84 MicroBench
07:02:23        8 root      20   0   21024  15668   6680 R 100.0   0.1   0:18.00 MicroBench
07:02:23        8 root      20   0   21024  15668   6680 R  93.3   0.1   0:18.16 MicroBench
07:02:23        8 root      20   0   21024  15668   6680 R 100.0   0.1   0:18.33 MicroBench
07:02:23        8 root      20   0   21024  15668   6680 R 100.0   0.1   0:18.49 MicroBench
07:02:23        8 root      20   0   21024  15668   6680 R 100.0   0.1   0:18.65 MicroBench
07:02:24        8 root      20   0   21024  15668   6680 R 100.0   0.1   0:18.81 MicroBench
07:02:24        8 root      20   0   21024  15668   6680 R 100.0   0.1   0:18.98 MicroBench
07:02:24        8 root      20   0   21024  15668   6680 R 100.0   0.1   0:19.14 MicroBench
07:02:24        8 root      20   0   21024  15668   6680 R 100.0   0.1   0:19.30 MicroBench
07:02:24        8 root      20   0   21024  15668   6680 R  93.8   0.1   0:19.47 MicroBench
07:02:24        8 root      20   0   21024  15668   6680 R 100.0   0.1   0:19.64 MicroBench
07:02:25        8 root      20   0   21024  15668   6680 R 100.0   0.1   0:19.80 MicroBench
07:02:25        8 root      20   0   21024  15668   6680 R 100.0   0.1   0:19.96 MicroBench
07:02:25        8 root      20   0   21024  15668   6680 R 100.0   0.1   0:20.12 MicroBench
Avg reg. time: 39247499
Avg opt. time: 35143854
Median reg. time: 39247499
Median opt. time: 35143854
07:02:25  MicroBench not found.
MicroBench process has exited. Monitoring script will terminate.
