Args:
  Field size              : 2748779069441
  l                       : 32
  t                       : 30
  Number of parties        : 2048
  Number of repeats        : 1
  Monitor sleep time (ms) : 1

Started ./MicroBench with PID: 8
07:16:07        8 root      20   0   14692   9284   6628 R 100.0   0.1   0:00.15 MicroBench
07:16:07        8 root      20   0   14692   9284   6628 R 100.0   0.1   0:00.33 MicroBench
07:16:07        8 root      20   0   14824   9548   6628 R  93.8   0.1   0:00.50 MicroBench
07:16:07        8 root      20   0   14824   9548   6628 R  77.8   0.1   0:00.67 MicroBench
07:16:08        8 root      20   0   14824   9548   6628 R 100.0   0.1   0:00.84 MicroBench
07:16:08        8 root      20   0   14824   9548   6628 R 100.0   0.1   0:01.01 MicroBench
07:16:08        8 root      20   0   14824   9548   6628 R  93.8   0.1   0:01.17 MicroBench
07:16:08        8 root      20   0   14824   9548   6628 R 100.0   0.1   0:01.34 MicroBench
07:16:08        8 root      20   0   14824   9548   6628 R 100.0   0.1   0:01.51 MicroBench
07:16:08        8 root      20   0   14824   9548   6628 R 100.0   0.1   0:01.67 MicroBench
07:16:09        8 root      20   0   14824   9548   6628 R  93.8   0.1   0:01.84 MicroBench
07:16:09        8 root      20   0   14824   9548   6628 R 100.0   0.1   0:02.01 MicroBench
07:16:09        8 root      20   0   14824   9548   6628 R 100.0   0.1   0:02.18 MicroBench
07:16:09        8 root      20   0   14824   9548   6628 R  93.8   0.1   0:02.35 MicroBench
07:16:09        8 root      20   0   14824   9548   6628 R 100.0   0.1   0:02.52 MicroBench
07:16:09        8 root      20   0   14824   9548   6628 R 100.0   0.1   0:02.69 MicroBench
07:16:10        8 root      20   0   14824   9548   6628 R  93.8   0.1   0:02.86 MicroBench
07:16:10        8 root      20   0   14824   9548   6628 R 100.0   0.1   0:03.03 MicroBench
07:16:10        8 root      20   0   14824   9548   6628 R  93.3   0.1   0:03.19 MicroBench
07:16:10        8 root      20   0   14824   9548   6628 R 100.0   0.1   0:03.37 MicroBench
07:16:10        8 root      20   0   14824   9548   6628 R 100.0   0.1   0:03.53 MicroBench
07:16:10        8 root      20   0   14824   9548   6628 R 100.0   0.1   0:03.70 MicroBench
07:16:11        8 root      20   0   14824   9548   6628 R  93.8   0.1   0:03.87 MicroBench
07:16:11        8 root      20   0   14824   9548   6628 R 100.0   0.1   0:04.04 MicroBench
07:16:11        8 root      20   0   14824   9548   6628 R 100.0   0.1   0:04.21 MicroBench
07:16:11        8 root      20   0   14824   9548   6628 R 100.0   0.1   0:04.38 MicroBench
07:16:11        8 root      20   0   14824   9548   6628 R 100.0   0.1   0:04.55 MicroBench
07:16:11        8 root      20   0   14824   9548   6628 R 100.0   0.1   0:04.71 MicroBench
07:16:12        8 root      20   0   14824   9548   6628 R 100.0   0.1   0:04.88 MicroBench
07:16:12        8 root      20   0   14784   9660   6628 R 100.0   0.1   0:05.05 MicroBench
07:16:12        8 root      20   0   14784   9660   6628 R 100.0   0.1   0:05.22 MicroBench
07:16:12        8 root      20   0   14784   9660   6628 R 100.0   0.1   0:05.38 MicroBench
07:16:12        8 root      20   0   14784   9660   6628 R  93.8   0.1   0:05.55 MicroBench
07:16:12        8 root      20   0   14784   9660   6628 R 100.0   0.1   0:05.72 MicroBench
07:16:13        8 root      20   0   14784   9660   6628 R 100.0   0.1   0:05.89 MicroBench
07:16:13        8 root      20   0   14784   9660   6628 R 100.0   0.1   0:06.06 MicroBench
07:16:13        8 root      20   0   14784   9660   6628 R  93.3   0.1   0:06.22 MicroBench
07:16:13        8 root      20   0   14784   9660   6628 R 100.0   0.1   0:06.39 MicroBench
07:16:13        8 root      20   0   14784   9660   6628 R 100.0   0.1   0:06.56 MicroBench
07:16:13        8 root      20   0   14784   9660   6628 R  93.8   0.1   0:06.74 MicroBench
07:16:14        8 root      20   0   14784   9660   6628 R 100.0   0.1   0:06.91 MicroBench
07:16:14        8 root      20   0   14784   9660   6628 R  93.8   0.1   0:07.08 MicroBench
07:16:14        8 root      20   0   14936   9660   6628 R 100.0   0.1   0:07.25 MicroBench
07:16:14        8 root      20   0   14936   9660   6628 R 100.0   0.1   0:07.41 MicroBench
07:16:14        8 root      20   0   14804   9680   6628 R 100.0   0.1   0:07.58 MicroBench
07:16:14        8 root      20   0   14804   9680   6628 R 100.0   0.1   0:07.76 MicroBench
07:16:15        8 root      20   0   14804   9680   6628 R 100.0   0.1   0:07.93 MicroBench
07:16:15        8 root      20   0   14804   9680   6628 R 100.0   0.1   0:08.11 MicroBench
07:16:15        8 root      20   0   14784   9660   6628 R 100.0   0.1   0:08.30 MicroBench
07:16:15        8 root      20   0   14784   9660   6628 R  87.5   0.1   0:08.46 MicroBench
07:16:15        8 root      20   0   14916   9660   6628 R 100.0   0.1   0:08.64 MicroBench
07:16:16        8 root      20   0   14784   9660   6628 R 100.0   0.1   0:08.80 MicroBench
07:16:16        8 root      20   0   14784   9660   6628 R 100.0   0.1   0:08.97 MicroBench
07:16:16        8 root      20   0   14784   9660   6628 R 100.0   0.1   0:09.14 MicroBench
07:16:16        8 root      20   0   14916   9660   6628 R 100.0   0.1   0:09.30 MicroBench
07:16:16        8 root      20   0   14916   9660   6628 R 100.0   0.1   0:09.47 MicroBench
07:16:16        8 root      20   0   14916   9660   6628 R  93.8   0.1   0:09.64 MicroBench
07:16:17        8 root      20   0   14848   9720   6628 R  93.8   0.1   0:09.81 MicroBench
07:16:17        8 root      20   0   14816   9692   6628 R  93.3   0.1   0:09.98 MicroBench
07:16:17        8 root      20   0   14784   9660   6628 R 100.0   0.1   0:10.17 MicroBench
07:16:17        8 root      20   0   21516  16316   6692 R 100.0   0.1   0:10.34 MicroBench
07:16:17        8 root      20   0   21516  16316   6692 R 100.0   0.1   0:10.51 MicroBench
07:16:17        8 root      20   0   21516  16316   6692 R 100.0   0.1   0:10.67 MicroBench
07:16:18        8 root      20   0   21516  16316   6692 R 100.0   0.1   0:10.84 MicroBench
07:16:18        8 root      20   0   21516  16316   6692 R 100.0   0.1   0:11.01 MicroBench
07:16:18        8 root      20   0   21516  16316   6692 R 100.0   0.1   0:11.18 MicroBench
07:16:18        8 root      20   0   21516  16316   6692 R  93.8   0.1   0:11.35 MicroBench
07:16:18        8 root      20   0   21516  16316   6692 R 100.0   0.1   0:11.52 MicroBench
07:16:18        8 root      20   0   21516  16316   6692 R 100.0   0.1   0:11.69 MicroBench
07:16:19        8 root      20   0   21516  16316   6692 R 100.0   0.1   0:11.86 MicroBench
07:16:19        8 root      20   0   21516  16316   6692 R  93.8   0.1   0:12.03 MicroBench
07:16:19        8 root      20   0   21516  16316   6692 R 100.0   0.1   0:12.20 MicroBench
07:16:19        8 root      20   0   21516  16316   6692 R 100.0   0.1   0:12.36 MicroBench
07:16:19        8 root      20   0   21516  16316   6692 R  93.3   0.1   0:12.52 MicroBench
07:16:19        8 root      20   0   21516  16316   6692 R 100.0   0.1   0:12.69 MicroBench
07:16:20        8 root      20   0   21516  16316   6692 R 100.0   0.1   0:12.87 MicroBench
07:16:20        8 root      20   0   21516  16316   6692 R 100.0   0.1   0:13.04 MicroBench
07:16:20        8 root      20   0   21516  16316   6692 R 100.0   0.1   0:13.21 MicroBench
07:16:20        8 root      20   0   21516  16316   6692 R 100.0   0.1   0:13.38 MicroBench
07:16:20        8 root      20   0   21516  16316   6692 R 100.0   0.1   0:13.56 MicroBench
07:16:20        8 root      20   0   21516  16316   6692 R 100.0   0.1   0:13.73 MicroBench
07:16:21        8 root      20   0   21516  16316   6692 R  93.3   0.1   0:13.90 MicroBench
07:16:21        8 root      20   0   21516  16316   6692 R 100.0   0.1   0:14.08 MicroBench
07:16:21        8 root      20   0   21516  16316   6692 R 100.0   0.1   0:14.25 MicroBench
07:16:21        8 root      20   0   21516  16316   6692 R 100.0   0.1   0:14.42 MicroBench
07:16:21        8 root      20   0   21516  16316   6692 R 100.0   0.1   0:14.59 MicroBench
07:16:21        8 root      20   0   21516  16316   6692 R 100.0   0.1   0:14.76 MicroBench
07:16:22        8 root      20   0   21516  16316   6692 R  93.8   0.1   0:14.92 MicroBench
07:16:22        8 root      20   0   21516  16316   6692 R 100.0   0.1   0:15.09 MicroBench
07:16:22        8 root      20   0   21516  16316   6692 R 100.0   0.1   0:15.26 MicroBench
07:16:22        8 root      20   0   21516  16316   6692 R 100.0   0.1   0:15.43 MicroBench
07:16:22        8 root      20   0   21516  16316   6692 R 100.0   0.1   0:15.60 MicroBench
07:16:23        8 root      20   0   21516  16316   6692 R  93.8   0.1   0:15.76 MicroBench
07:16:23        8 root      20   0   21516  16316   6692 R 100.0   0.1   0:15.93 MicroBench
07:16:23        8 root      20   0   21516  16316   6692 R 100.0   0.1   0:16.10 MicroBench
07:16:23        8 root      20   0   21516  16316   6692 R 100.0   0.1   0:16.27 MicroBench
07:16:23        8 root      20   0   21516  16316   6692 R  93.3   0.1   0:16.43 MicroBench
07:16:23        8 root      20   0   21516  16316   6692 R 100.0   0.1   0:16.61 MicroBench
07:16:24        8 root      20   0   21516  16316   6692 R 100.0   0.1   0:16.77 MicroBench
07:16:24        8 root      20   0   21516  16316   6692 R 100.0   0.1   0:16.94 MicroBench
07:16:24        8 root      20   0   21516  16316   6692 R  93.8   0.1   0:17.11 MicroBench
07:16:24        8 root      20   0   21516  16316   6692 R 100.0   0.1   0:17.28 MicroBench
07:16:24        8 root      20   0   21516  16316   6692 R  93.3   0.1   0:17.44 MicroBench
07:16:24        8 root      20   0   21516  16316   6692 R 100.0   0.1   0:17.62 MicroBench
07:16:25        8 root      20   0   21516  16316   6692 R 100.0   0.1   0:17.78 MicroBench
07:16:25        8 root      20   0   21516  16316   6692 R 100.0   0.1   0:17.95 MicroBench
07:16:25        8 root      20   0   21516  16316   6692 R  93.8   0.1   0:18.12 MicroBench
07:16:25        8 root      20   0   21516  16316   6692 R 100.0   0.1   0:18.29 MicroBench
07:16:25        8 root      20   0   21516  16316   6692 R 100.0   0.1   0:18.46 MicroBench
07:16:25        8 root      20   0   21516  16316   6692 R  87.5   0.1   0:18.62 MicroBench
07:16:26        8 root      20   0   21516  16316   6692 R 100.0   0.1   0:18.81 MicroBench
07:16:26        8 root      20   0   21516  16316   6692 R  93.8   0.1   0:18.97 MicroBench
07:16:26        8 root      20   0   21516  16316   6692 R  93.8   0.1   0:19.14 MicroBench
07:16:26        8 root      20   0   21516  16316   6692 R 100.0   0.1   0:19.31 MicroBench
07:16:26        8 root      20   0   21516  16316   6692 R 100.0   0.1   0:19.48 MicroBench
07:16:26        8 root      20   0   21516  16316   6692 R 100.0   0.1   0:19.64 MicroBench
07:16:27        8 root      20   0   21516  16316   6692 R 100.0   0.1   0:19.81 MicroBench
07:16:27        8 root      20   0   21516  16316   6692 R 100.0   0.1   0:19.98 MicroBench
07:16:27        8 root      20   0   21516  16316   6692 R  93.8   0.1   0:20.15 MicroBench
07:16:27        8 root      20   0   21516  16316   6692 R 100.0   0.1   0:20.32 MicroBench
07:16:27        8 root      20   0   21516  16316   6692 R 100.0   0.1   0:20.49 MicroBench
07:16:27        8 root      20   0   21516  16316   6692 R 100.0   0.1   0:20.65 MicroBench
07:16:28        8 root      20   0   21516  16316   6692 R  93.3   0.1   0:20.81 MicroBench
07:16:28        8 root      20   0   21516  16316   6692 R  93.8   0.1   0:20.98 MicroBench
07:16:28        8 root      20   0   21516  16316   6692 R 100.0   0.1   0:21.15 MicroBench
07:16:28        8 root      20   0   21516  16316   6692 R 100.0   0.1   0:21.32 MicroBench
07:16:28        8 root      20   0   21516  16316   6692 R 100.0   0.1   0:21.49 MicroBench
07:16:28        8 root      20   0   21516  16316   6692 R  93.8   0.1   0:21.66 MicroBench
07:16:29        8 root      20   0   21516  16316   6692 R 100.0   0.1   0:21.83 MicroBench
07:16:29        8 root      20   0   21516  16316   6692 R 100.0   0.1   0:22.00 MicroBench
07:16:29        8 root      20   0   21516  16316   6692 R 100.0   0.1   0:22.16 MicroBench
07:16:29        8 root      20   0   21516  16316   6692 R 100.0   0.1   0:22.34 MicroBench
07:16:29        8 root      20   0   21516  16316   6692 R  93.8   0.1   0:22.52 MicroBench
07:16:29        8 root      20   0   21516  16316   6692 R  93.8   0.1   0:22.69 MicroBench
07:16:30        8 root      20   0   21516  16316   6692 R 100.0   0.1   0:22.87 MicroBench
07:16:30        8 root      20   0   21516  16316   6692 R  93.8   0.1   0:23.04 MicroBench
07:16:30        8 root      20   0   21516  16316   6692 R 100.0   0.1   0:23.21 MicroBench
07:16:30        8 root      20   0   21516  16316   6692 R 100.0   0.1   0:23.38 MicroBench
07:16:30        8 root      20   0   21516  16316   6692 R 100.0   0.1   0:23.55 MicroBench
07:16:31        8 root      20   0   21516  16316   6692 R 100.0   0.1   0:23.72 MicroBench
07:16:31        8 root      20   0   21516  16316   6692 R  93.8   0.1   0:23.89 MicroBench
07:16:31        8 root      20   0   21516  16316   6692 R 100.0   0.1   0:24.06 MicroBench
07:16:31        8 root      20   0   21516  16316   6692 R 100.0   0.1   0:24.23 MicroBench
07:16:31        8 root      20   0   21516  16316   6692 R 100.0   0.1   0:24.40 MicroBench
07:16:31        8 root      20   0   21516  16316   6692 R  87.5   0.1   0:24.57 MicroBench
07:16:32        8 root      20   0   21516  16316   6692 R 100.0   0.1   0:24.74 MicroBench
07:16:32        8 root      20   0   21516  16316   6692 R  93.3   0.1   0:24.90 MicroBench
07:16:32        8 root      20   0   21516  16316   6692 R 100.0   0.1   0:25.07 MicroBench
07:16:32        8 root      20   0   21516  16316   6692 R 100.0   0.1   0:25.24 MicroBench
07:16:32        8 root      20   0   21516  16316   6692 R  93.8   0.1   0:25.41 MicroBench
07:16:32        8 root      20   0   21516  16316   6692 R 100.0   0.1   0:25.58 MicroBench
07:16:33        8 root      20   0   21516  16316   6692 R 100.0   0.1   0:25.75 MicroBench
07:16:33        8 root      20   0   21516  16316   6692 R 100.0   0.1   0:25.91 MicroBench
07:16:33        8 root      20   0   21516  16316   6692 R 100.0   0.1   0:26.08 MicroBench
07:16:33        8 root      20   0   21516  16316   6692 R 100.0   0.1   0:26.25 MicroBench
07:16:33        8 root      20   0   21516  16316   6692 R 100.0   0.1   0:26.42 MicroBench
07:16:33        8 root      20   0   21516  16316   6692 R 100.0   0.1   0:26.59 MicroBench
07:16:34        8 root      20   0   21516  16316   6692 R 100.0   0.1   0:26.76 MicroBench
07:16:34        8 root      20   0   21516  16316   6692 R 100.0   0.1   0:26.92 MicroBench
07:16:34        8 root      20   0   21516  16316   6692 R 100.0   0.1   0:27.09 MicroBench
07:16:34        8 root      20   0   21516  16316   6692 R 100.0   0.1   0:27.26 MicroBench
07:16:34        8 root      20   0   21516  16316   6692 R 100.0   0.1   0:27.43 MicroBench
07:16:34        8 root      20   0   21516  16316   6692 R 100.0   0.1   0:27.60 MicroBench
07:16:35        8 root      20   0   21516  16316   6692 R 100.0   0.1   0:27.77 MicroBench
07:16:35        8 root      20   0   21516  16316   6692 R 100.0   0.1   0:27.94 MicroBench
07:16:35        8 root      20   0   21516  16316   6692 R 100.0   0.1   0:28.10 MicroBench
07:16:35        8 root      20   0   21516  16316   6692 R  93.8   0.1   0:28.27 MicroBench
07:16:35        8 root      20   0   21516  16316   6692 R  93.8   0.1   0:28.45 MicroBench
07:16:35        8 root      20   0   21516  16316   6692 R 100.0   0.1   0:28.63 MicroBench
07:16:36        8 root      20   0   21516  16316   6692 R 100.0   0.1   0:28.80 MicroBench
07:16:36        8 root      20   0   21516  16316   6692 R 100.0   0.1   0:28.97 MicroBench
07:16:36        8 root      20   0   21516  16316   6692 R  93.8   0.1   0:29.15 MicroBench
07:16:36        8 root      20   0   21516  16316   6692 R 100.0   0.1   0:29.33 MicroBench
07:16:36        8 root      20   0   21516  16316   6692 R  93.3   0.1   0:29.49 MicroBench
07:16:36        8 root      20   0   21516  16316   6692 R 100.0   0.1   0:29.66 MicroBench
07:16:37        8 root      20   0   21516  16316   6692 R 100.0   0.1   0:29.83 MicroBench
07:16:37        8 root      20   0   21516  16316   6692 R  93.8   0.1   0:30.00 MicroBench
07:16:37        8 root      20   0   21516  16316   6692 R 100.0   0.1   0:30.17 MicroBench
07:16:37        8 root      20   0   21516  16316   6692 R 100.0   0.1   0:30.36 MicroBench
07:16:37        8 root      20   0   21516  16316   6692 R 100.0   0.1   0:30.54 MicroBench
07:16:38        8 root      20   0   21516  16316   6692 R 100.0   0.1   0:30.73 MicroBench
07:16:38        8 root      20   0   21516  16316   6692 R 100.0   0.1   0:30.89 MicroBench
07:16:38        8 root      20   0   21516  16316   6692 R 100.0   0.1   0:31.06 MicroBench
07:16:38        8 root      20   0   21516  16316   6692 R 100.0   0.1   0:31.23 MicroBench
07:16:38        8 root      20   0   21516  16316   6692 R 100.0   0.1   0:31.40 MicroBench
07:16:38        8 root      20   0   21516  16316   6692 R 100.0   0.1   0:31.56 MicroBench
07:16:39        8 root      20   0   21516  16316   6692 R 100.0   0.1   0:31.74 MicroBench
07:16:39        8 root      20   0   21516  16316   6692 R  93.3   0.1   0:31.90 MicroBench
07:16:39        8 root      20   0   21516  16316   6692 R 100.0   0.1   0:32.08 MicroBench
07:16:39        8 root      20   0   21516  16316   6692 R 100.0   0.1   0:32.25 MicroBench
07:16:39        8 root      20   0   21516  16316   6692 R 100.0   0.1   0:32.42 MicroBench
07:16:39        8 root      20   0   21516  16316   6692 R 100.0   0.1   0:32.58 MicroBench
07:16:40        8 root      20   0   21516  16316   6692 R 100.0   0.1   0:32.75 MicroBench
07:16:40        8 root      20   0   21516  16316   6692 R  93.8   0.1   0:32.92 MicroBench
07:16:40        8 root      20   0   21516  16316   6692 R 100.0   0.1   0:33.09 MicroBench
07:16:40        8 root      20   0   21516  16316   6692 R 100.0   0.1   0:33.25 MicroBench
07:16:40        8 root      20   0   21516  16316   6692 R 100.0   0.1   0:33.42 MicroBench
07:16:40        8 root      20   0   21516  16316   6692 R  93.8   0.1   0:33.59 MicroBench
07:16:41        8 root      20   0   21516  16316   6692 R 100.0   0.1   0:33.76 MicroBench
07:16:41        8 root      20   0   21516  16316   6692 R 100.0   0.1   0:33.92 MicroBench
07:16:41        8 root      20   0   21516  16316   6692 R 100.0   0.1   0:34.09 MicroBench
07:16:41        8 root      20   0   21516  16316   6692 R 100.0   0.1   0:34.26 MicroBench
07:16:41        8 root      20   0   21516  16316   6692 R  93.8   0.1   0:34.43 MicroBench
07:16:41        8 root      20   0   21516  16316   6692 R 100.0   0.1   0:34.60 MicroBench
07:16:42        8 root      20   0   21516  16316   6692 R 100.0   0.1   0:34.76 MicroBench
07:16:42        8 root      20   0   21516  16316   6692 R 100.0   0.1   0:34.93 MicroBench
07:16:42        8 root      20   0   21516  16316   6692 R 100.0   0.1   0:35.10 MicroBench
07:16:42        8 root      20   0   21516  16316   6692 R 100.0   0.1   0:35.27 MicroBench
07:16:42        8 root      20   0   21516  16316   6692 R 100.0   0.1   0:35.43 MicroBench
07:16:42        8 root      20   0   21516  16316   6692 R 100.0   0.1   0:35.60 MicroBench
07:16:43        8 root      20   0   21516  16316   6692 R 100.0   0.1   0:35.77 MicroBench
07:16:43        8 root      20   0   21516  16316   6692 R 100.0   0.1   0:35.94 MicroBench
07:16:43        8 root      20   0   21516  16316   6692 R  93.8   0.1   0:36.10 MicroBench
07:16:43        8 root      20   0   21516  16316   6692 R 100.0   0.1   0:36.28 MicroBench
07:16:43        8 root      20   0   21516  16316   6692 R  81.2   0.1   0:36.43 MicroBench
07:16:43        8 root      20   0   21516  16316   6692 R 100.0   0.1   0:36.61 MicroBench
07:16:44        8 root      20   0   21516  16316   6692 R  93.3   0.1   0:36.77 MicroBench
07:16:44        8 root      20   0   21516  16316   6692 R 100.0   0.1   0:36.94 MicroBench
07:16:44        8 root      20   0   21516  16316   6692 R 100.0   0.1   0:37.11 MicroBench
07:16:44        8 root      20   0   21516  16316   6692 R 100.0   0.1   0:37.28 MicroBench
07:16:44        8 root      20   0   21516  16316   6692 R 100.0   0.1   0:37.45 MicroBench
07:16:44        8 root      20   0   21516  16316   6692 R  93.3   0.1   0:37.61 MicroBench
07:16:45        8 root      20   0   21516  16316   6692 R 100.0   0.1   0:37.78 MicroBench
07:16:45        8 root      20   0   21516  16316   6692 R 100.0   0.1   0:37.95 MicroBench
07:16:45        8 root      20   0   21516  16316   6692 R 100.0   0.1   0:38.12 MicroBench
07:16:45        8 root      20   0   21516  16316   6692 R  93.3   0.1   0:38.28 MicroBench
07:16:45        8 root      20   0   21516  16316   6692 R  93.8   0.1   0:38.45 MicroBench
07:16:46        8 root      20   0   21516  16316   6692 R 100.0   0.1   0:38.62 MicroBench
07:16:46        8 root      20   0   21516  16316   6692 R 100.0   0.1   0:38.79 MicroBench
07:16:46        8 root      20   0   21516  16316   6692 R  93.3   0.1   0:38.95 MicroBench
07:16:46        8 root      20   0   21516  16316   6692 R 100.0   0.1   0:39.13 MicroBench
07:16:46        8 root      20   0   21516  16316   6692 R 100.0   0.1   0:39.30 MicroBench
07:16:46        8 root      20   0   21516  16316   6692 R 100.0   0.1   0:39.47 MicroBench
07:16:47        8 root      20   0   21516  16316   6692 R  93.3   0.1   0:39.63 MicroBench
07:16:47        8 root      20   0   21516  16316   6692 R 100.0   0.1   0:39.80 MicroBench
07:16:47        8 root      20   0   21516  16316   6692 R 100.0   0.1   0:39.97 MicroBench
07:16:47        8 root      20   0   21516  16316   6692 R  93.8   0.1   0:40.14 MicroBench
07:16:47        8 root      20   0   21516  16316   6692 R 100.0   0.1   0:40.31 MicroBench
07:16:47        8 root      20   0   21516  16316   6692 R 100.0   0.1   0:40.48 MicroBench
07:16:48        8 root      20   0   21516  16316   6692 R 100.0   0.1   0:40.64 MicroBench
07:16:48        8 root      20   0   21516  16316   6692 R 100.0   0.1   0:40.81 MicroBench
07:16:48        8 root      20   0   21516  16316   6692 R  93.3   0.1   0:40.97 MicroBench
07:16:48        8 root      20   0   21516  16316   6692 R 100.0   0.1   0:41.14 MicroBench
07:16:48        8 root      20   0   21516  16316   6692 R 100.0   0.1   0:41.31 MicroBench
07:16:48        8 root      20   0   21516  16316   6692 R 100.0   0.1   0:41.48 MicroBench
07:16:49        8 root      20   0   21516  16316   6692 R 100.0   0.1   0:41.65 MicroBench
07:16:49        8 root      20   0   21516  16316   6692 R 100.0   0.1   0:41.81 MicroBench
07:16:49        8 root      20   0   21516  16316   6692 R 100.0   0.1   0:41.98 MicroBench
07:16:49        8 root      20   0   21516  16316   6692 R 100.0   0.1   0:42.15 MicroBench
07:16:49        8 root      20   0   21516  16316   6692 R 100.0   0.1   0:42.31 MicroBench
07:16:49        8 root      20   0   21516  16316   6692 R  93.3   0.1   0:42.48 MicroBench
07:16:50        8 root      20   0   21516  16316   6692 R 100.0   0.1   0:42.66 MicroBench
07:16:50        8 root      20   0   21516  16316   6692 R 100.0   0.1   0:42.83 MicroBench
07:16:50        8 root      20   0   21516  16316   6692 R  93.8   0.1   0:42.99 MicroBench
07:16:50        8 root      20   0   21516  16316   6692 R 100.0   0.1   0:43.16 MicroBench
07:16:50        8 root      20   0   21516  16316   6692 R 100.0   0.1   0:43.33 MicroBench
07:16:50        8 root      20   0   21516  16316   6692 R  93.3   0.1   0:43.49 MicroBench
07:16:51        8 root      20   0   21516  16316   6692 R  93.8   0.1   0:43.66 MicroBench
07:16:51        8 root      20   0   21516  16316   6692 R 100.0   0.1   0:43.83 MicroBench
07:16:51        8 root      20   0   21516  16316   6692 R 100.0   0.1   0:44.00 MicroBench
07:16:51        8 root      20   0   21516  16316   6692 R 100.0   0.1   0:44.18 MicroBench
07:16:51        8 root      20   0   21516  16316   6692 R  93.8   0.1   0:44.35 MicroBench
07:16:51        8 root      20   0   21516  16316   6692 R 100.0   0.1   0:44.52 MicroBench
07:16:52        8 root      20   0   21516  16316   6692 R 100.0   0.1   0:44.69 MicroBench
07:16:52        8 root      20   0   21516  16316   6692 R 100.0   0.1   0:44.86 MicroBench
07:16:52        8 root      20   0   21516  16316   6692 R 100.0   0.1   0:45.02 MicroBench
07:16:52        8 root      20   0   21516  16316   6692 R 100.0   0.1   0:45.19 MicroBench
07:16:52        8 root      20   0   21516  16316   6692 R  93.3   0.1   0:45.35 MicroBench
07:16:52        8 root      20   0   21516  16316   6692 R 100.0   0.1   0:45.52 MicroBench
07:16:53        8 root      20   0   21516  16316   6692 R 100.0   0.1   0:45.69 MicroBench
07:16:53        8 root      20   0   21516  16316   6692 R  93.8   0.1   0:45.86 MicroBench
07:16:53        8 root      20   0   21516  16316   6692 R 100.0   0.1   0:46.03 MicroBench
07:16:53        8 root      20   0   21516  16316   6692 R 100.0   0.1   0:46.19 MicroBench
07:16:53        8 root      20   0   21516  16316   6692 R 100.0   0.1   0:46.36 MicroBench
07:16:53        8 root      20   0   21516  16316   6692 R 100.0   0.1   0:46.53 MicroBench
07:16:54        8 root      20   0   21516  16316   6692 R  93.8   0.1   0:46.70 MicroBench
07:16:54        8 root      20   0   21516  16316   6692 R  93.3   0.1   0:46.86 MicroBench
07:16:54        8 root      20   0   28908  23708   6692 R 100.0   0.1   0:47.04 MicroBench
07:16:54        8 root      20   0   28908  23708   6692 R 100.0   0.1   0:47.21 MicroBench
07:16:54        8 root      20   0   28908  23708   6692 R 100.0   0.1   0:47.37 MicroBench
07:16:54        8 root      20   0   28908  23708   6692 R  93.8   0.1   0:47.54 MicroBench
07:16:55        8 root      20   0   28908  23708   6692 R 100.0   0.1   0:47.71 MicroBench
07:16:55        8 root      20   0   28908  23708   6692 R 100.0   0.1   0:47.88 MicroBench
07:16:55        8 root      20   0   28908  23708   6692 R 100.0   0.1   0:48.05 MicroBench
07:16:55        8 root      20   0   28908  23708   6692 R 100.0   0.1   0:48.22 MicroBench
07:16:55        8 root      20   0   28908  23708   6692 R  80.0   0.1   0:48.36 MicroBench
07:16:55        8 root      20   0   28908  23708   6692 R 100.0   0.1   0:48.54 MicroBench
07:16:56        8 root      20   0   28908  23708   6692 R 100.0   0.1   0:48.71 MicroBench
07:16:56        8 root      20   0   28908  23708   6692 R  93.3   0.1   0:48.87 MicroBench
07:16:56        8 root      20   0   28908  23708   6692 R 100.0   0.1   0:49.04 MicroBench
07:16:56        8 root      20   0   28908  23708   6692 R 100.0   0.1   0:49.21 MicroBench
07:16:56        8 root      20   0   28908  23708   6692 R  93.8   0.1   0:49.38 MicroBench
07:16:56        8 root      20   0   28908  23708   6692 R 100.0   0.1   0:49.55 MicroBench
07:16:57        8 root      20   0   28908  23708   6692 R 100.0   0.1   0:49.72 MicroBench
07:16:57        8 root      20   0   28908  23708   6692 R 100.0   0.1   0:49.88 MicroBench
07:16:57        8 root      20   0   28908  23708   6692 R  93.8   0.1   0:50.05 MicroBench
07:16:57        8 root      20   0   28908  23708   6692 R 100.0   0.1   0:50.21 MicroBench
07:16:57        8 root      20   0   28908  23708   6692 R 100.0   0.1   0:50.38 MicroBench
07:16:57        8 root      20   0   28908  23708   6692 R 100.0   0.1   0:50.55 MicroBench
07:16:58        8 root      20   0   28908  23708   6692 R  93.8   0.1   0:50.72 MicroBench
07:16:58        8 root      20   0   28908  23708   6692 R 100.0   0.1   0:50.89 MicroBench
07:16:58        8 root      20   0   28908  23708   6692 R 100.0   0.1   0:51.05 MicroBench
07:16:58        8 root      20   0   28908  23708   6692 R 100.0   0.1   0:51.22 MicroBench
07:16:58        8 root      20   0   28908  23708   6692 R 100.0   0.1   0:51.39 MicroBench
07:16:59        8 root      20   0   28908  23708   6692 R 100.0   0.1   0:51.55 MicroBench
07:16:59        8 root      20   0   28908  23708   6692 R 100.0   0.1   0:51.72 MicroBench
07:16:59        8 root      20   0   28908  23708   6692 R 100.0   0.1   0:51.89 MicroBench
07:16:59        8 root      20   0   28908  23708   6692 R 100.0   0.1   0:52.06 MicroBench
07:16:59        8 root      20   0   28908  23708   6692 R  93.8   0.1   0:52.22 MicroBench
07:16:59        8 root      20   0   28908  23708   6692 R 100.0   0.1   0:52.39 MicroBench
07:17:00        8 root      20   0   28908  23708   6692 R 100.0   0.1   0:52.56 MicroBench
07:17:00        8 root      20   0   28908  23708   6692 R 100.0   0.1   0:52.73 MicroBench
07:17:00        8 root      20   0   28908  23708   6692 R 100.0   0.1   0:52.89 MicroBench
07:17:00        8 root      20   0   28908  23708   6692 R 100.0   0.1   0:53.06 MicroBench
07:17:00        8 root      20   0   28908  23708   6692 R 100.0   0.1   0:53.23 MicroBench
07:17:00        8 root      20   0   28908  23708   6692 R 100.0   0.1   0:53.40 MicroBench
07:17:01        8 root      20   0   28908  23708   6692 R 100.0   0.1   0:53.56 MicroBench
07:17:01        8 root      20   0   28908  23708   6692 R 100.0   0.1   0:53.73 MicroBench
07:17:01        8 root      20   0   28908  23708   6692 R 100.0   0.1   0:53.90 MicroBench
07:17:01        8 root      20   0   28908  23708   6692 R 100.0   0.1   0:54.07 MicroBench
07:17:01        8 root      20   0   28908  23708   6692 R 100.0   0.1   0:54.23 MicroBench
07:17:01        8 root      20   0   28908  23708   6692 R  86.7   0.1   0:54.39 MicroBench
07:17:02        8 root      20   0   28908  23708   6692 R 100.0   0.1   0:54.56 MicroBench
07:17:02        8 root      20   0   28908  23708   6692 R  93.3   0.1   0:54.72 MicroBench
07:17:02        8 root      20   0   28908  23708   6692 R 100.0   0.1   0:54.90 MicroBench
07:17:02        8 root      20   0   28908  23708   6692 R 100.0   0.1   0:55.06 MicroBench
07:17:02        8 root      20   0   28908  23708   6692 R 100.0   0.1   0:55.23 MicroBench
07:17:02        8 root      20   0   28908  23708   6692 R 100.0   0.1   0:55.40 MicroBench
07:17:03        8 root      20   0   28908  23708   6692 R  93.8   0.1   0:55.57 MicroBench
07:17:03        8 root      20   0   28908  23708   6692 R 100.0   0.1   0:55.74 MicroBench
07:17:03        8 root      20   0   28908  23708   6692 R 100.0   0.1   0:55.91 MicroBench
07:17:03        8 root      20   0   28908  23708   6692 R 100.0   0.1   0:56.07 MicroBench
07:17:03        8 root      20   0   28908  23708   6692 R 100.0   0.1   0:56.24 MicroBench
07:17:03        8 root      20   0   28908  23708   6692 R 100.0   0.1   0:56.41 MicroBench
07:17:04        8 root      20   0   28908  23708   6692 R 100.0   0.1   0:56.58 MicroBench
07:17:04        8 root      20   0   28908  23708   6692 R 100.0   0.1   0:56.75 MicroBench
07:17:04        8 root      20   0   28908  23708   6692 R  93.3   0.1   0:56.91 MicroBench
07:17:04        8 root      20   0   28908  23708   6692 R 100.0   0.1   0:57.08 MicroBench
07:17:04        8 root      20   0   28908  23708   6692 R 100.0   0.1   0:57.25 MicroBench
07:17:04        8 root      20   0   28908  23708   6692 R 100.0   0.1   0:57.42 MicroBench
07:17:05        8 root      20   0   28908  23708   6692 R 100.0   0.1   0:57.59 MicroBench
07:17:05        8 root      20   0   28908  23708   6692 R 100.0   0.1   0:57.76 MicroBench
07:17:05        8 root      20   0   28908  23708   6692 R 100.0   0.1   0:57.92 MicroBench
07:17:05        8 root      20   0   28908  23708   6692 R 100.0   0.1   0:58.09 MicroBench
07:17:05        8 root      20   0   28908  23708   6692 R 100.0   0.1   0:58.26 MicroBench
07:17:05        8 root      20   0   28908  23708   6692 R 100.0   0.1   0:58.43 MicroBench
07:17:06        8 root      20   0   28908  23708   6692 R 100.0   0.1   0:58.59 MicroBench
07:17:06        8 root      20   0   28908  23708   6692 R 100.0   0.1   0:58.77 MicroBench
07:17:06        8 root      20   0   28908  23708   6692 R  93.8   0.1   0:58.93 MicroBench
07:17:06        8 root      20   0   28908  23708   6692 R 100.0   0.1   0:59.10 MicroBench
07:17:06        8 root      20   0   28908  23708   6692 R 100.0   0.1   0:59.27 MicroBench
07:17:06        8 root      20   0   28908  23708   6692 R 100.0   0.1   0:59.44 MicroBench
07:17:07        8 root      20   0   28908  23708   6692 R 100.0   0.1   0:59.60 MicroBench
07:17:07        8 root      20   0   28908  23708   6692 R 100.0   0.1   0:59.77 MicroBench
07:17:07        8 root      20   0   28908  23708   6692 R  93.8   0.1   0:59.94 MicroBench
07:17:07        8 root      20   0   28908  23708   6692 R  93.8   0.1   1:00.11 MicroBench
07:17:07        8 root      20   0   28908  23708   6692 R  81.2   0.1   1:00.26 MicroBench
07:17:07        8 root      20   0   28908  23708   6692 R  93.8   0.1   1:00.44 MicroBench
07:17:08        8 root      20   0   28908  23708   6692 R 100.0   0.1   1:00.61 MicroBench
07:17:08        8 root      20   0   28908  23708   6692 R  93.8   0.1   1:00.78 MicroBench
07:17:08        8 root      20   0   28908  23708   6692 R 100.0   0.1   1:00.95 MicroBench
07:17:08        8 root      20   0   28908  23708   6692 R 100.0   0.1   1:01.12 MicroBench
07:17:08        8 root      20   0   28908  23708   6692 R 100.0   0.1   1:01.29 MicroBench
07:17:08        8 root      20   0   28908  23708   6692 R 100.0   0.1   1:01.45 MicroBench
07:17:09        8 root      20   0   28908  23708   6692 R 100.0   0.1   1:01.62 MicroBench
07:17:09        8 root      20   0   28908  23708   6692 R 100.0   0.1   1:01.79 MicroBench
07:17:09        8 root      20   0   28908  23708   6692 R  93.8   0.1   1:01.96 MicroBench
07:17:09        8 root      20   0   28908  23708   6692 R 100.0   0.1   1:02.13 MicroBench
07:17:09        8 root      20   0   28908  23708   6692 R  93.3   0.1   1:02.29 MicroBench
07:17:09        8 root      20   0   28908  23708   6692 R 100.0   0.1   1:02.46 MicroBench
07:17:10        8 root      20   0   28908  23708   6692 R 100.0   0.1   1:02.63 MicroBench
07:17:10        8 root      20   0   28908  23708   6692 R 100.0   0.1   1:02.80 MicroBench
07:17:10        8 root      20   0   28908  23708   6692 R 100.0   0.1   1:02.97 MicroBench
07:17:10        8 root      20   0   28908  23708   6692 R 100.0   0.1   1:03.14 MicroBench
07:17:10        8 root      20   0   28908  23708   6692 R  93.3   0.1   1:03.30 MicroBench
07:17:10        8 root      20   0   28908  23708   6692 R 100.0   0.1   1:03.47 MicroBench
07:17:11        8 root      20   0   28908  23708   6692 R 100.0   0.1   1:03.64 MicroBench
07:17:11        8 root      20   0   28908  23708   6692 R 100.0   0.1   1:03.81 MicroBench
07:17:11        8 root      20   0   28908  23708   6692 R 100.0   0.1   1:03.98 MicroBench
07:17:11        8 root      20   0   28908  23708   6692 R 100.0   0.1   1:04.15 MicroBench
07:17:11        8 root      20   0   28908  23708   6692 R  87.5   0.1   1:04.31 MicroBench
07:17:12        8 root      20   0   28908  23708   6692 R 100.0   0.1   1:04.48 MicroBench
07:17:12        8 root      20   0   28908  23708   6692 R 100.0   0.1   1:04.65 MicroBench
07:17:12        8 root      20   0   28908  23708   6692 R 100.0   0.1   1:04.82 MicroBench
07:17:12        8 root      20   0   28908  23708   6692 R 100.0   0.1   1:04.99 MicroBench
07:17:12        8 root      20   0   28908  23708   6692 R 100.0   0.1   1:05.16 MicroBench
07:17:12        8 root      20   0   28908  23708   6692 R  93.8   0.1   1:05.32 MicroBench
07:17:13        8 root      20   0   28908  23708   6692 R 100.0   0.1   1:05.49 MicroBench
07:17:13        8 root      20   0   28908  23708   6692 R 100.0   0.1   1:05.66 MicroBench
07:17:13        8 root      20   0   28908  23708   6692 R 100.0   0.1   1:05.83 MicroBench
07:17:13        8 root      20   0   28908  23708   6692 R  93.3   0.1   1:05.99 MicroBench
07:17:13        8 root      20   0   28908  23708   6692 R  93.3   0.1   1:06.16 MicroBench
07:17:13        8 root      20   0   28908  23708   6692 R 100.0   0.1   1:06.38 MicroBench
07:17:14        8 root      20   0   28908  23708   6692 R 100.0   0.1   1:06.55 MicroBench
07:17:14        8 root      20   0   28908  23708   6692 R  93.8   0.1   1:06.72 MicroBench
07:17:14        8 root      20   0   28908  23708   6692 R  93.8   0.1   1:06.89 MicroBench
07:17:14        8 root      20   0   28908  23708   6692 R 100.0   0.1   1:07.06 MicroBench
07:17:14        8 root      20   0   28908  23708   6692 R 100.0   0.1   1:07.22 MicroBench
07:17:14        8 root      20   0   28908  23708   6692 R 100.0   0.1   1:07.39 MicroBench
07:17:15        8 root      20   0   28908  23708   6692 R 100.0   0.1   1:07.56 MicroBench
07:17:15        8 root      20   0   28908  23708   6692 R 100.0   0.1   1:07.73 MicroBench
07:17:15        8 root      20   0   28908  23708   6692 R  93.8   0.1   1:07.89 MicroBench
07:17:15        8 root      20   0   28908  23708   6692 R 100.0   0.1   1:08.06 MicroBench
07:17:15        8 root      20   0   28908  23708   6692 R 100.0   0.1   1:08.23 MicroBench
07:17:15        8 root      20   0   28908  23708   6692 R 100.0   0.1   1:08.40 MicroBench
07:17:16        8 root      20   0   28908  23708   6692 R 100.0   0.1   1:08.57 MicroBench
07:17:16        8 root      20   0   28908  23708   6692 R 100.0   0.1   1:08.74 MicroBench
07:17:16        8 root      20   0   28908  23708   6692 R  93.8   0.1   1:08.90 MicroBench
07:17:16        8 root      20   0   28908  23708   6692 R 100.0   0.1   1:09.07 MicroBench
07:17:16        8 root      20   0   28908  23708   6692 R 100.0   0.1   1:09.24 MicroBench
07:17:16        8 root      20   0   28908  23708   6692 R 100.0   0.1   1:09.41 MicroBench
07:17:17        8 root      20   0   28908  23708   6692 R 100.0   0.1   1:09.58 MicroBench
07:17:17        8 root      20   0   28908  23708   6692 R  93.3   0.1   1:09.74 MicroBench
07:17:17        8 root      20   0   28908  23708   6692 R 100.0   0.1   1:09.91 MicroBench
07:17:17        8 root      20   0   28908  23708   6692 R  93.8   0.1   1:10.08 MicroBench
07:17:17        8 root      20   0   28908  23708   6692 R 100.0   0.1   1:10.25 MicroBench
07:17:17        8 root      20   0   28908  23708   6692 R 100.0   0.1   1:10.42 MicroBench
07:17:18        8 root      20   0   28908  23708   6692 R 100.0   0.1   1:10.59 MicroBench
07:17:18        8 root      20   0   28908  23708   6692 R 100.0   0.1   1:10.75 MicroBench
07:17:18        8 root      20   0   28908  23708   6692 R 100.0   0.1   1:10.92 MicroBench
07:17:18        8 root      20   0   28908  23708   6692 R  93.8   0.1   1:11.09 MicroBench
07:17:18        8 root      20   0   28908  23708   6692 R 100.0   0.1   1:11.26 MicroBench
07:17:18        8 root      20   0   28908  23708   6692 R 100.0   0.1   1:11.43 MicroBench
07:17:19        8 root      20   0   28908  23708   6692 R 100.0   0.1   1:11.60 MicroBench
07:17:19        8 root      20   0   28908  23708   6692 R 100.0   0.1   1:11.76 MicroBench
07:17:19        8 root      20   0   28908  23708   6692 R 100.0   0.1   1:11.94 MicroBench
07:17:19        8 root      20   0   28908  23708   6692 R 100.0   0.1   1:12.10 MicroBench
07:17:19        8 root      20   0   28908  23708   6692 R  80.0   0.1   1:12.25 MicroBench
07:17:19        8 root      20   0   28908  23708   6692 R 100.0   0.1   1:12.42 MicroBench
07:17:20        8 root      20   0   28908  23708   6692 R 100.0   0.1   1:12.59 MicroBench
07:17:20        8 root      20   0   28908  23708   6692 R  93.8   0.1   1:12.76 MicroBench
07:17:20        8 root      20   0   28908  23708   6692 R 100.0   0.1   1:12.93 MicroBench
07:17:20        8 root      20   0   28908  23708   6692 R  93.3   0.1   1:13.09 MicroBench
07:17:20        8 root      20   0   28908  23708   6692 R 100.0   0.1   1:13.26 MicroBench
07:17:21        8 root      20   0   28908  23708   6692 R 100.0   0.1   1:13.43 MicroBench
07:17:21        8 root      20   0   28908  23708   6692 R 100.0   0.1   1:13.60 MicroBench
07:17:21        8 root      20   0   28908  23708   6692 R 100.0   0.1   1:13.77 MicroBench
07:17:21        8 root      20   0   28908  23708   6692 R 100.0   0.1   1:13.93 MicroBench
07:17:21        8 root      20   0   28908  23708   6692 R 100.0   0.1   1:14.10 MicroBench
07:17:21        8 root      20   0   28908  23708   6692 R 100.0   0.1   1:14.27 MicroBench
07:17:22        8 root      20   0   28908  23708   6692 R  87.5   0.1   1:14.43 MicroBench
07:17:22        8 root      20   0   28908  23708   6692 R 100.0   0.1   1:14.60 MicroBench
07:17:22        8 root      20   0   28908  23708   6692 R 100.0   0.1   1:14.77 MicroBench
07:17:22        8 root      20   0   28908  23708   6692 R 100.0   0.1   1:14.94 MicroBench
07:17:22        8 root      20   0   28908  23708   6692 R 100.0   0.1   1:15.11 MicroBench
07:17:22        8 root      20   0   28908  23708   6692 R 100.0   0.1   1:15.27 MicroBench
07:17:23        8 root      20   0   28908  23708   6692 R 100.0   0.1   1:15.44 MicroBench
07:17:23        8 root      20   0   28908  23708   6692 R 100.0   0.1   1:15.61 MicroBench
07:17:23        8 root      20   0   28908  23708   6692 R 100.0   0.1   1:15.78 MicroBench
07:17:23        8 root      20   0   28908  23708   6692 R 100.0   0.1   1:15.94 MicroBench
07:17:23        8 root      20   0   28908  23708   6692 R 100.0   0.1   1:16.11 MicroBench
07:17:23        8 root      20   0   28908  23708   6692 R 100.0   0.1   1:16.28 MicroBench
07:17:24        8 root      20   0   28908  23708   6692 R 100.0   0.1   1:16.45 MicroBench
07:17:24        8 root      20   0   28908  23708   6692 R 100.0   0.1   1:16.61 MicroBench
07:17:24        8 root      20   0   28908  23708   6692 R  93.8   0.1   1:16.78 MicroBench
07:17:24        8 root      20   0   28908  23708   6692 R 100.0   0.1   1:16.95 MicroBench
07:17:24        8 root      20   0   28908  23708   6692 R 100.0   0.1   1:17.12 MicroBench
07:17:24        8 root      20   0   28908  23708   6692 R 100.0   0.1   1:17.29 MicroBench
07:17:25        8 root      20   0   28908  23708   6692 R 100.0   0.1   1:17.45 MicroBench
07:17:25        8 root      20   0   28908  23708   6692 R  93.8   0.1   1:17.62 MicroBench
07:17:25        8 root      20   0   28908  23708   6692 R 100.0   0.1   1:17.79 MicroBench
07:17:25        8 root      20   0   28908  23708   6692 R 100.0   0.1   1:17.96 MicroBench
07:17:25        8 root      20   0   28908  23708   6692 R 100.0   0.1   1:18.12 MicroBench
07:17:25        8 root      20   0   28908  23708   6692 R 100.0   0.1   1:18.29 MicroBench
07:17:26        8 root      20   0   28908  23708   6692 R 100.0   0.1   1:18.46 MicroBench
07:17:26        8 root      20   0   28908  23708   6692 R 100.0   0.1   1:18.63 MicroBench
07:17:26        8 root      20   0   28908  23708   6692 R 100.0   0.1   1:18.80 MicroBench
07:17:26        8 root      20   0   28908  23708   6692 R  66.7   0.1   1:18.93 MicroBench
07:17:26        8 root      20   0   28908  23708   6692 R 100.0   0.1   1:19.10 MicroBench
07:17:26        8 root      20   0   28908  23708   6692 R  93.8   0.1   1:19.27 MicroBench
07:17:27        8 root      20   0   28908  23708   6692 R 100.0   0.1   1:19.44 MicroBench
07:17:27        8 root      20   0   28908  23708   6692 R 100.0   0.1   1:19.61 MicroBench
07:17:27        8 root      20   0   28908  23708   6692 R 100.0   0.1   1:19.78 MicroBench
07:17:27        8 root      20   0   28908  23708   6692 R 100.0   0.1   1:19.95 MicroBench
07:17:27        8 root      20   0   28908  23708   6692 R 100.0   0.1   1:20.12 MicroBench
07:17:27        8 root      20   0   28908  23708   6692 R  93.3   0.1   1:20.28 MicroBench
07:17:28        8 root      20   0   28908  23708   6692 R 100.0   0.1   1:20.45 MicroBench
07:17:28        8 root      20   0   28908  23708   6692 R 100.0   0.1   1:20.62 MicroBench
07:17:28        8 root      20   0   28908  23708   6692 R 100.0   0.1   1:20.79 MicroBench
07:17:28        8 root      20   0   28908  23708   6692 R 100.0   0.1   1:20.95 MicroBench
07:17:28        8 root      20   0   28908  23708   6692 R 100.0   0.1   1:21.12 MicroBench
07:17:28        8 root      20   0   28908  23708   6692 R 100.0   0.1   1:21.29 MicroBench
07:17:29        8 root      20   0   28908  23708   6692 R 100.0   0.1   1:21.45 MicroBench
07:17:29        8 root      20   0   28908  23708   6692 R 100.0   0.1   1:21.62 MicroBench
07:17:29        8 root      20   0   28908  23708   6692 R  93.3   0.1   1:21.78 MicroBench
07:17:29        8 root      20   0   28908  23708   6692 R 100.0   0.1   1:21.95 MicroBench
07:17:29        8 root      20   0   28908  23708   6692 R 100.0   0.1   1:22.12 MicroBench
07:17:29        8 root      20   0   28908  23708   6692 R  93.8   0.1   1:22.29 MicroBench
07:17:30        8 root      20   0   28908  23708   6692 R 100.0   0.1   1:22.45 MicroBench
07:17:30        8 root      20   0   28908  23708   6692 R 100.0   0.1   1:22.63 MicroBench
07:17:30        8 root      20   0   28908  23708   6692 R 100.0   0.1   1:22.79 MicroBench
07:17:30        8 root      20   0   28908  23708   6692 R 100.0   0.1   1:22.96 MicroBench
07:17:30        8 root      20   0   28908  23708   6692 R 100.0   0.1   1:23.13 MicroBench
07:17:30        8 root      20   0   28908  23708   6692 R  93.3   0.1   1:23.29 MicroBench
07:17:31        8 root      20   0   28908  23708   6692 R 100.0   0.1   1:23.46 MicroBench
07:17:31        8 root      20   0   28908  23708   6692 R 100.0   0.1   1:23.63 MicroBench
07:17:31        8 root      20   0   29040  23708   6692 R 100.0   0.1   1:23.80 MicroBench
07:17:31        8 root      20   0   29304  23972   6692 R 100.0   0.1   1:23.96 MicroBench
Avg reg. time: 158737584
Avg opt. time: 146180999
Median reg. time: 158737584
Median opt. time: 146180999
07:17:31  MicroBench not found.
MicroBench process has exited. Monitoring script will terminate.
