Args:
  Field size              : 2748779069441
  l                       : 32
  t                       : 20
  Number of parties        : 1024
  Number of repeats        : 1
  Monitor sleep time (ms) : 1

Started ./MicroBench with PID: 8
07:01:48        8 root      20   0   14028   8756   6628 R 100.0   0.1   0:00.15 MicroBench
07:01:48        8 root      20   0   14160   8756   6628 R 100.0   0.1   0:00.32 MicroBench
07:01:48        8 root      20   0   14160   8756   6628 R 100.0   0.1   0:00.48 MicroBench
07:01:48        8 root      20   0   14160   8756   6628 R 100.0   0.1   0:00.65 MicroBench
07:01:48        8 root      20   0   14160   8756   6628 R 100.0   0.1   0:00.81 MicroBench
07:01:48        8 root      20   0   14160   8756   6628 R  93.8   0.1   0:00.97 MicroBench
07:01:49        8 root      20   0   14160   8756   6628 R 100.0   0.1   0:01.14 MicroBench
07:01:49        8 root      20   0   14100   8968   6628 R 100.0   0.1   0:01.30 MicroBench
07:01:49        8 root      20   0   14100   8968   6628 R 100.0   0.1   0:01.46 MicroBench
07:01:49        8 root      20   0   14096   8972   6628 R 100.0   0.1   0:01.63 MicroBench
07:01:49        8 root      20   0   14096   8972   6628 R 100.0   0.1   0:01.79 MicroBench
07:01:49        8 root      20   0   14136   8972   6628 R 100.0   0.1   0:01.96 MicroBench
07:01:50        8 root      20   0   14136   8972   6628 R  93.8   0.1   0:02.12 MicroBench
07:01:50        8 root      20   0   17040  11668   6692 R 100.0   0.1   0:02.29 MicroBench
07:01:50        8 root      20   0   17040  11668   6692 R 100.0   0.1   0:02.45 MicroBench
07:01:50        8 root      20   0   17040  11668   6692 R 100.0   0.1   0:02.61 MicroBench
07:01:50        8 root      20   0   17040  11668   6692 R 100.0   0.1   0:02.78 MicroBench
07:01:50        8 root      20   0   17040  11668   6692 R 100.0   0.1   0:02.95 MicroBench
07:01:51        8 root      20   0   17040  11668   6692 R 100.0   0.1   0:03.11 MicroBench
07:01:51        8 root      20   0   17040  11668   6692 R 100.0   0.1   0:03.29 MicroBench
07:01:51        8 root      20   0   17040  11668   6692 R 100.0   0.1   0:03.45 MicroBench
07:01:51        8 root      20   0   17040  11668   6692 R 100.0   0.1   0:03.62 MicroBench
07:01:51        8 root      20   0   17040  11668   6692 R 100.0   0.1   0:03.78 MicroBench
07:01:51        8 root      20   0   17040  11668   6692 R 100.0   0.1   0:03.95 MicroBench
07:01:52        8 root      20   0   17040  11668   6692 R 100.0   0.1   0:04.12 MicroBench
07:01:52        8 root      20   0   17040  11668   6692 R 100.0   0.1   0:04.28 MicroBench
07:01:52        8 root      20   0   17040  11668   6692 R 100.0   0.1   0:04.45 MicroBench
07:01:52        8 root      20   0   17040  11668   6692 R 100.0   0.1   0:04.61 MicroBench
07:01:52        8 root      20   0   17040  11668   6692 R 100.0   0.1   0:04.78 MicroBench
07:01:52        8 root      20   0   17040  11668   6692 R 100.0   0.1   0:04.94 MicroBench
07:01:52        8 root      20   0   17040  11668   6692 R 100.0   0.1   0:05.10 MicroBench
07:01:53        8 root      20   0   17040  11668   6692 R  93.8   0.1   0:05.26 MicroBench
07:01:53        8 root      20   0   17040  11668   6692 R 100.0   0.1   0:05.43 MicroBench
07:01:53        8 root      20   0   17040  11668   6692 R 100.0   0.1   0:05.59 MicroBench
07:01:53        8 root      20   0   17040  11668   6692 R 100.0   0.1   0:05.76 MicroBench
07:01:53        8 root      20   0   17040  11668   6692 R  93.8   0.1   0:05.92 MicroBench
07:01:53        8 root      20   0   17040  11668   6692 R 100.0   0.1   0:06.09 MicroBench
07:01:54        8 root      20   0   17040  11668   6692 R 100.0   0.1   0:06.25 MicroBench
07:01:54        8 root      20   0   17040  11668   6692 R  93.3   0.1   0:06.41 MicroBench
07:01:54        8 root      20   0   17040  11668   6692 R 100.0   0.1   0:06.59 MicroBench
07:01:54        8 root      20   0   17040  11668   6692 R 100.0   0.1   0:06.75 MicroBench
07:01:54        8 root      20   0   17040  11668   6692 R 100.0   0.1   0:06.93 MicroBench
07:01:54        8 root      20   0   17040  11668   6692 R  93.8   0.1   0:07.09 MicroBench
07:01:55        8 root      20   0   17040  11668   6692 R 100.0   0.1   0:07.25 MicroBench
07:01:55        8 root      20   0   17040  11668   6692 R 100.0   0.1   0:07.42 MicroBench
07:01:55        8 root      20   0   17040  11668   6692 R 100.0   0.1   0:07.58 MicroBench
07:01:55        8 root      20   0   17040  11668   6692 R 100.0   0.1   0:07.74 MicroBench
07:01:55        8 root      20   0   17040  11668   6692 R 100.0   0.1   0:07.91 MicroBench
07:01:55        8 root      20   0   17040  11668   6692 R 100.0   0.1   0:08.07 MicroBench
07:01:56        8 root      20   0   17040  11668   6692 R 100.0   0.1   0:08.24 MicroBench
07:01:56        8 root      20   0   17040  11668   6692 R 100.0   0.1   0:08.40 MicroBench
07:01:56        8 root      20   0   17040  11668   6692 R 100.0   0.1   0:08.56 MicroBench
07:01:56        8 root      20   0   17040  11668   6692 R  86.7   0.1   0:08.70 MicroBench
07:01:56        8 root      20   0   17040  11668   6692 R 100.0   0.1   0:08.86 MicroBench
07:01:56        8 root      20   0   17040  11668   6692 R 100.0   0.1   0:09.03 MicroBench
07:01:57        8 root      20   0   17040  11668   6692 R 100.0   0.1   0:09.20 MicroBench
07:01:57        8 root      20   0   17040  11668   6692 R 100.0   0.1   0:09.36 MicroBench
07:01:57        8 root      20   0   20208  15100   6692 R  93.3   0.1   0:09.52 MicroBench
07:01:57        8 root      20   0   20208  15100   6692 R 100.0   0.1   0:09.70 MicroBench
07:01:57        8 root      20   0   20208  15100   6692 R 100.0   0.1   0:09.86 MicroBench
07:01:57        8 root      20   0   20208  15100   6692 R 100.0   0.1   0:10.04 MicroBench
07:01:58        8 root      20   0   20208  15100   6692 R 100.0   0.1   0:10.21 MicroBench
07:01:58        8 root      20   0   20208  15100   6692 R 100.0   0.1   0:10.38 MicroBench
07:01:58        8 root      20   0   20208  15100   6692 R 100.0   0.1   0:10.54 MicroBench
07:01:58        8 root      20   0   20208  15100   6692 R 100.0   0.1   0:10.71 MicroBench
07:01:58        8 root      20   0   20208  15100   6692 R 100.0   0.1   0:10.87 MicroBench
07:01:58        8 root      20   0   20208  15100   6692 R 100.0   0.1   0:11.03 MicroBench
07:01:59        8 root      20   0   20208  15100   6692 R 100.0   0.1   0:11.19 MicroBench
07:01:59        8 root      20   0   20208  15100   6692 R 100.0   0.1   0:11.36 MicroBench
07:01:59        8 root      20   0   20208  15100   6692 R 100.0   0.1   0:11.52 MicroBench
07:01:59        8 root      20   0   20208  15100   6692 R 100.0   0.1   0:11.68 MicroBench
07:01:59        8 root      20   0   20208  15100   6692 R 100.0   0.1   0:11.85 MicroBench
07:01:59        8 root      20   0   20208  15100   6692 R 100.0   0.1   0:12.01 MicroBench
07:02:00        8 root      20   0   20208  15100   6692 R 100.0   0.1   0:12.17 MicroBench
07:02:00        8 root      20   0   20208  15100   6692 R 100.0   0.1   0:12.34 MicroBench
07:02:00        8 root      20   0   20208  15100   6692 R 100.0   0.1   0:12.51 MicroBench
07:02:00        8 root      20   0   20208  15100   6692 R 100.0   0.1   0:12.67 MicroBench
07:02:00        8 root      20   0   20208  15100   6692 R  93.8   0.1   0:12.83 MicroBench
07:02:00        8 root      20   0   20208  15100   6692 R 100.0   0.1   0:13.00 MicroBench
07:02:01        8 root      20   0   20208  15100   6692 R 100.0   0.1   0:13.16 MicroBench
07:02:01        8 root      20   0   20208  15100   6692 R 100.0   0.1   0:13.33 MicroBench
07:02:01        8 root      20   0   20208  15100   6692 R 100.0   0.1   0:13.49 MicroBench
07:02:01        8 root      20   0   20208  15100   6692 R 100.0   0.1   0:13.66 MicroBench
07:02:01        8 root      20   0   20208  15100   6692 R 100.0   0.1   0:13.82 MicroBench
07:02:01        8 root      20   0   20208  15100   6692 R 100.0   0.1   0:13.99 MicroBench
07:02:02        8 root      20   0   20208  15100   6692 R 100.0   0.1   0:14.15 MicroBench
07:02:02        8 root      20   0   20208  15100   6692 R 100.0   0.1   0:14.32 MicroBench
07:02:02        8 root      20   0   20208  15100   6692 R 100.0   0.1   0:14.48 MicroBench
07:02:02        8 root      20   0   20208  15100   6692 R 100.0   0.1   0:14.64 MicroBench
07:02:02        8 root      20   0   20208  15100   6692 R 100.0   0.1   0:14.80 MicroBench
07:02:02        8 root      20   0   20208  15100   6692 R 100.0   0.1   0:14.96 MicroBench
07:02:03        8 root      20   0   20208  15100   6692 R  93.8   0.1   0:15.12 MicroBench
07:02:03        8 root      20   0   20208  15100   6692 R 100.0   0.1   0:15.29 MicroBench
07:02:03        8 root      20   0   20208  15100   6692 R 100.0   0.1   0:15.46 MicroBench
07:02:03        8 root      20   0   20208  15100   6692 R 100.0   0.1   0:15.62 MicroBench
07:02:03        8 root      20   0   20208  15100   6692 R 100.0   0.1   0:15.78 MicroBench
07:02:03        8 root      20   0   20208  15100   6692 R 100.0   0.1   0:15.95 MicroBench
07:02:04        8 root      20   0   20208  15100   6692 R 100.0   0.1   0:16.11 MicroBench
07:02:04        8 root      20   0   20208  15100   6692 R  93.8   0.1   0:16.28 MicroBench
07:02:04        8 root      20   0   20208  15100   6692 R 100.0   0.1   0:16.45 MicroBench
07:02:04        8 root      20   0   20340  15100   6692 R 100.0   0.1   0:16.61 MicroBench
Avg reg. time: 34949709
Avg opt. time: 35158916
Median reg. time: 34949709
Median opt. time: 35158916
07:02:04  MicroBench not found.
MicroBench process has exited. Monitoring script will terminate.
