Args:
  Field size              : 2748779069441
  l                       : 128
  t                       : 20
  Number of parties        : 512
  Number of repeats        : 3
  Monitor sleep time (ms) : 1

Started ./MicroBench with PID: 9
06:58:41        9 root      20   0   13768   8492   6628 R  93.3   0.1   0:00.14 MicroBench
06:58:41        9 root      20   0   13876   8652   6628 R 100.0   0.1   0:00.30 MicroBench
06:58:41        9 root      20   0   13876   8652   6628 R 100.0   0.1   0:00.47 MicroBench
06:58:41        9 root      20   0   13876   8652   6628 R 100.0   0.1   0:00.63 MicroBench
06:58:42        9 root      20   0   13876   8652   6628 R  93.8   0.1   0:00.80 MicroBench
06:58:42        9 root      20   0   13876   8652   6628 R 100.0   0.1   0:00.96 MicroBench
06:58:42        9 root      20   0   13876   8652   6628 R 100.0   0.1   0:01.12 MicroBench
06:58:42        9 root      20   0   13876   8652   6628 R 100.0   0.1   0:01.28 MicroBench
06:58:42        9 root      20   0   13876   8652   6628 R 100.0   0.1   0:01.45 MicroBench
06:58:42        9 root      20   0   13876   8652   6628 R 100.0   0.1   0:01.61 MicroBench
06:58:43        9 root      20   0   13876   8652   6628 R 100.0   0.1   0:01.77 MicroBench
06:58:43        9 root      20   0   13876   8652   6628 R 100.0   0.1   0:01.93 MicroBench
06:58:43        9 root      20   0   13876   8652   6628 R 100.0   0.1   0:02.10 MicroBench
06:58:43        9 root      20   0   13876   8652   6628 R 100.0   0.1   0:02.27 MicroBench
06:58:43        9 root      20   0   13876   8652   6628 R 100.0   0.1   0:02.43 MicroBench
06:58:43        9 root      20   0   13876   8652   6628 R 100.0   0.1   0:02.59 MicroBench
06:58:44        9 root      20   0   13876   8652   6628 R 100.0   0.1   0:02.75 MicroBench
06:58:44        9 root      20   0   13876   8652   6628 R 100.0   0.1   0:02.91 MicroBench
06:58:44        9 root      20   0   13876   8652   6628 R 100.0   0.1   0:03.07 MicroBench
06:58:44        9 root      20   0   13876   8652   6628 R 100.0   0.1   0:03.24 MicroBench
06:58:44        9 root      20   0   13876   8652   6628 R 100.0   0.1   0:03.40 MicroBench
06:58:44        9 root      20   0   13876   8652   6628 R 100.0   0.1   0:03.57 MicroBench
06:58:44        9 root      20   0   17624  12404   6692 R 100.0   0.1   0:03.73 MicroBench
06:58:45        9 root      20   0   17624  12404   6692 R  93.3   0.1   0:03.89 MicroBench
06:58:45        9 root      20   0   17624  12404   6692 R 100.0   0.1   0:04.06 MicroBench
06:58:45        9 root      20   0   17624  12404   6692 R 100.0   0.1   0:04.22 MicroBench
06:58:45        9 root      20   0   17624  12404   6692 R 100.0   0.1   0:04.39 MicroBench
06:58:45        9 root      20   0   17624  12404   6692 R 100.0   0.1   0:04.55 MicroBench
06:58:45        9 root      20   0   17624  12404   6692 R 100.0   0.1   0:04.71 MicroBench
06:58:46        9 root      20   0   17624  12404   6692 R 100.0   0.1   0:04.88 MicroBench
06:58:46        9 root      20   0   17624  12404   6692 R 100.0   0.1   0:05.04 MicroBench
06:58:46        9 root      20   0   17624  12404   6692 R 100.0   0.1   0:05.20 MicroBench
06:58:46        9 root      20   0   17624  12404   6692 R 100.0   0.1   0:05.36 MicroBench
06:58:46        9 root      20   0   17624  12404   6692 R 100.0   0.1   0:05.52 MicroBench
06:58:46        9 root      20   0   17624  12404   6692 R 100.0   0.1   0:05.69 MicroBench
06:58:47        9 root      20   0   17624  12404   6692 R 100.0   0.1   0:05.85 MicroBench
06:58:47        9 root      20   0   17624  12404   6692 R 100.0   0.1   0:06.01 MicroBench
06:58:47        9 root      20   0   17624  12404   6692 R 100.0   0.1   0:06.17 MicroBench
06:58:47        9 root      20   0   17624  12404   6692 R 100.0   0.1   0:06.34 MicroBench
06:58:47        9 root      20   0   17624  12404   6692 R 100.0   0.1   0:06.50 MicroBench
06:58:47        9 root      20   0   17624  12404   6692 R  93.3   0.1   0:06.66 MicroBench
06:58:48        9 root      20   0   17624  12404   6692 R 100.0   0.1   0:06.83 MicroBench
06:58:48        9 root      20   0   17624  12404   6692 R 100.0   0.1   0:06.99 MicroBench
06:58:48        9 root      20   0   17624  12404   6692 R  93.3   0.1   0:07.15 MicroBench
06:58:48        9 root      20   0   17624  12404   6692 R  93.8   0.1   0:07.32 MicroBench
06:58:48        9 root      20   0   17624  12404   6692 R 100.0   0.1   0:07.48 MicroBench
06:58:48        9 root      20   0   17624  12404   6692 R 100.0   0.1   0:07.65 MicroBench
06:58:49        9 root      20   0   17624  12404   6692 R 100.0   0.1   0:07.81 MicroBench
06:58:49        9 root      20   0   17624  12404   6692 R 100.0   0.1   0:07.98 MicroBench
06:58:49        9 root      20   0   17624  12404   6692 R 100.0   0.1   0:08.14 MicroBench
06:58:49        9 root      20   0   17624  12404   6692 R 100.0   0.1   0:08.30 MicroBench
06:58:49        9 root      20   0   17624  12404   6692 R 100.0   0.1   0:08.46 MicroBench
06:58:49        9 root      20   0   17624  12404   6692 R 100.0   0.1   0:08.62 MicroBench
06:58:50        9 root      20   0   17624  12404   6692 R 100.0   0.1   0:08.79 MicroBench
06:58:50        9 root      20   0   17624  12404   6692 R 100.0   0.1   0:08.95 MicroBench
06:58:50        9 root      20   0   17624  12404   6692 R 100.0   0.1   0:09.11 MicroBench
06:58:50        9 root      20   0   17624  12404   6692 R 100.0   0.1   0:09.27 MicroBench
06:58:50        9 root      20   0   17624  12404   6692 R 100.0   0.1   0:09.44 MicroBench
06:58:50        9 root      20   0   17624  12404   6692 R 100.0   0.1   0:09.60 MicroBench
06:58:51        9 root      20   0   17624  12404   6692 R 100.0   0.1   0:09.76 MicroBench
06:58:51        9 root      20   0   17624  12404   6692 R  93.3   0.1   0:09.92 MicroBench
06:58:51        9 root      20   0   17624  12404   6692 R 100.0   0.1   0:10.09 MicroBench
06:58:51        9 root      20   0   17624  12404   6692 R 100.0   0.1   0:10.25 MicroBench
06:58:51        9 root      20   0   17624  12404   6692 R 100.0   0.1   0:10.42 MicroBench
06:58:51        9 root      20   0   17624  12404   6692 R 100.0   0.1   0:10.58 MicroBench
06:58:52        9 root      20   0   17624  12404   6692 R 100.0   0.1   0:10.75 MicroBench
06:58:52        9 root      20   0   17624  12404   6692 R 100.0   0.1   0:10.91 MicroBench
06:58:52        9 root      20   0   17624  12404   6692 R  93.3   0.1   0:11.07 MicroBench
06:58:52        9 root      20   0   17624  12404   6692 R 100.0   0.1   0:11.24 MicroBench
06:58:52        9 root      20   0   17624  12404   6692 R  93.8   0.1   0:11.40 MicroBench
06:58:52        9 root      20   0   17624  12404   6692 R 100.0   0.1   0:11.56 MicroBench
06:58:52        9 root      20   0   17624  12404   6692 R 100.0   0.1   0:11.73 MicroBench
06:58:53        9 root      20   0   17624  12404   6692 R  93.3   0.1   0:11.88 MicroBench
06:58:53        9 root      20   0   17624  12404   6692 R  93.8   0.1   0:12.05 MicroBench
06:58:53        9 root      20   0   17624  12404   6692 R 100.0   0.1   0:12.21 MicroBench
06:58:53        9 root      20   0   17624  12404   6692 R 100.0   0.1   0:12.38 MicroBench
06:58:53        9 root      20   0   17624  12404   6692 R 100.0   0.1   0:12.54 MicroBench
06:58:53        9 root      20   0   17624  12404   6692 R 100.0   0.1   0:12.71 MicroBench
06:58:54        9 root      20   0   17624  12404   6692 R 100.0   0.1   0:12.87 MicroBench
06:58:54        9 root      20   0   17624  12404   6692 R 100.0   0.1   0:13.03 MicroBench
06:58:54        9 root      20   0   17624  12404   6692 R 100.0   0.1   0:13.20 MicroBench
06:58:54        9 root      20   0   17624  12404   6692 R 100.0   0.1   0:13.36 MicroBench
06:58:54        9 root      20   0   17624  12404   6692 R 100.0   0.1   0:13.52 MicroBench
06:58:54        9 root      20   0   17624  12404   6692 R 100.0   0.1   0:13.69 MicroBench
06:58:55        9 root      20   0   17624  12404   6692 R 100.0   0.1   0:13.85 MicroBench
06:58:55        9 root      20   0   17624  12404   6692 R 100.0   0.1   0:14.02 MicroBench
06:58:55        9 root      20   0   17624  12404   6692 R 100.0   0.1   0:14.18 MicroBench
06:58:55        9 root      20   0   17624  12404   6692 R 100.0   0.1   0:14.34 MicroBench
06:58:55        9 root      20   0   17624  12404   6692 R 100.0   0.1   0:14.51 MicroBench
06:58:55        9 root      20   0   17624  12404   6692 R 100.0   0.1   0:14.67 MicroBench
06:58:56        9 root      20   0   17624  12404   6692 R 100.0   0.1   0:14.83 MicroBench
06:58:56        9 root      20   0   17624  12404   6692 R 100.0   0.1   0:15.00 MicroBench
06:58:56        9 root      20   0   17624  12404   6692 R 100.0   0.1   0:15.16 MicroBench
06:58:56        9 root      20   0   17624  12404   6692 R  93.3   0.1   0:15.32 MicroBench
06:58:56        9 root      20   0   17624  12404   6692 R 100.0   0.1   0:15.49 MicroBench
06:58:56        9 root      20   0   17624  12404   6692 R 100.0   0.1   0:15.65 MicroBench
06:58:57        9 root      20   0   17624  12404   6692 R 100.0   0.1   0:15.81 MicroBench
06:58:57        9 root      20   0   17624  12404   6692 R 100.0   0.1   0:15.97 MicroBench
06:58:57        9 root      20   0   17624  12404   6692 R 100.0   0.1   0:16.14 MicroBench
06:58:57        9 root      20   0   17624  12404   6692 R 100.0   0.1   0:16.30 MicroBench
06:58:57        9 root      20   0   17624  12404   6692 R 100.0   0.1   0:16.45 MicroBench
06:58:57        9 root      20   0   17624  12404   6692 R 100.0   0.1   0:16.62 MicroBench
06:58:58        9 root      20   0   17624  12404   6692 R  93.8   0.1   0:16.78 MicroBench
06:58:58        9 root      20   0   17624  12404   6692 R 100.0   0.1   0:16.94 MicroBench
06:58:58        9 root      20   0   17624  12404   6692 R 100.0   0.1   0:17.11 MicroBench
06:58:58        9 root      20   0   17624  12404   6692 R 100.0   0.1   0:17.27 MicroBench
06:58:58        9 root      20   0   17624  12404   6692 R 100.0   0.1   0:17.43 MicroBench
06:58:58        9 root      20   0   17624  12404   6692 R 100.0   0.1   0:17.59 MicroBench
06:58:59        9 root      20   0   17624  12404   6692 R  93.8   0.1   0:17.76 MicroBench
06:58:59        9 root      20   0   17624  12404   6692 R 100.0   0.1   0:17.93 MicroBench
06:58:59        9 root      20   0   17624  12404   6692 R 100.0   0.1   0:18.09 MicroBench
06:58:59        9 root      20   0   17624  12404   6692 R 100.0   0.1   0:18.25 MicroBench
06:58:59        9 root      20   0   17624  12404   6692 R 100.0   0.1   0:18.41 MicroBench
06:58:59        9 root      20   0   17624  12404   6692 R 100.0   0.1   0:18.57 MicroBench
06:59:00        9 root      20   0   17624  12404   6692 R 100.0   0.1   0:18.74 MicroBench
06:59:00        9 root      20   0   17624  12404   6692 R 100.0   0.1   0:18.90 MicroBench
06:59:00        9 root      20   0   17624  12404   6692 R 100.0   0.1   0:19.06 MicroBench
06:59:00        9 root      20   0   17624  12404   6692 R 100.0   0.1   0:19.23 MicroBench
06:59:00        9 root      20   0   17624  12404   6692 R 100.0   0.1   0:19.39 MicroBench
06:59:00        9 root      20   0   17624  12404   6692 R 100.0   0.1   0:19.55 MicroBench
06:59:00        9 root      20   0   17624  12404   6692 R 100.0   0.1   0:19.72 MicroBench
06:59:01        9 root      20   0   17624  12404   6692 R 100.0   0.1   0:19.88 MicroBench
06:59:01        9 root      20   0   17624  12404   6692 R 100.0   0.1   0:20.05 MicroBench
06:59:01        9 root      20   0   17624  12404   6692 R 100.0   0.1   0:20.21 MicroBench
06:59:01        9 root      20   0   17624  12404   6692 R 100.0   0.1   0:20.37 MicroBench
06:59:01        9 root      20   0   17624  12404   6692 R  93.3   0.1   0:20.53 MicroBench
06:59:01        9 root      20   0   17624  12404   6692 R  93.8   0.1   0:20.70 MicroBench
06:59:02        9 root      20   0   17624  12404   6692 R 100.0   0.1   0:20.86 MicroBench
06:59:02        9 root      20   0   17624  12404   6692 R 100.0   0.1   0:21.03 MicroBench
06:59:02        9 root      20   0   17624  12404   6692 R 100.0   0.1   0:21.19 MicroBench
06:59:02        9 root      20   0   17624  12404   6692 R 100.0   0.1   0:21.34 MicroBench
06:59:02        9 root      20   0   17624  12404   6692 R  93.3   0.1   0:21.50 MicroBench
06:59:02        9 root      20   0   17624  12404   6692 R 100.0   0.1   0:21.67 MicroBench
06:59:03        9 root      20   0   17624  12404   6692 R 100.0   0.1   0:21.83 MicroBench
06:59:03        9 root      20   0   17624  12404   6692 R 100.0   0.1   0:21.99 MicroBench
06:59:03        9 root      20   0   17624  12404   6692 R 100.0   0.1   0:22.15 MicroBench
06:59:03        9 root      20   0   17624  12404   6692 R 100.0   0.1   0:22.31 MicroBench
06:59:03        9 root      20   0   17624  12404   6692 R 100.0   0.1   0:22.47 MicroBench
06:59:03        9 root      20   0   17624  12404   6692 R 100.0   0.1   0:22.64 MicroBench
06:59:04        9 root      20   0   17624  12404   6692 R 100.0   0.1   0:22.80 MicroBench
06:59:04        9 root      20   0   17624  12404   6692 R  93.8   0.1   0:22.96 MicroBench
06:59:04        9 root      20   0   17624  12404   6692 R 100.0   0.1   0:23.13 MicroBench
06:59:04        9 root      20   0   17624  12404   6692 R 100.0   0.1   0:23.29 MicroBench
06:59:04        9 root      20   0   17624  12404   6692 R 100.0   0.1   0:23.45 MicroBench
06:59:04        9 root      20   0   17624  12404   6692 R 100.0   0.1   0:23.61 MicroBench
06:59:05        9 root      20   0   17624  12404   6692 R  93.3   0.1   0:23.77 MicroBench
06:59:05        9 root      20   0   17624  12404   6692 R 100.0   0.1   0:23.94 MicroBench
06:59:05        9 root      20   0   17624  12404   6692 R 100.0   0.1   0:24.10 MicroBench
06:59:05        9 root      20   0   17624  12404   6692 R 100.0   0.1   0:24.27 MicroBench
06:59:05        9 root      20   0   17624  12404   6692 R 100.0   0.1   0:24.43 MicroBench
06:59:05        9 root      20   0   17624  12404   6692 R 100.0   0.1   0:24.59 MicroBench
06:59:06        9 root      20   0   17624  12404   6692 R 100.0   0.1   0:24.75 MicroBench
06:59:06        9 root      20   0   17624  12404   6692 R 100.0   0.1   0:24.91 MicroBench
06:59:06        9 root      20   0   17624  12404   6692 R  93.8   0.1   0:25.07 MicroBench
06:59:06        9 root      20   0   17624  12404   6692 R 100.0   0.1   0:25.24 MicroBench
06:59:06        9 root      20   0   17624  12404   6692 R 100.0   0.1   0:25.40 MicroBench
06:59:06        9 root      20   0   17624  12404   6692 R 100.0   0.1   0:25.56 MicroBench
06:59:07        9 root      20   0   17624  12404   6692 R 100.0   0.1   0:25.73 MicroBench
06:59:07        9 root      20   0   17624  12404   6692 R 100.0   0.1   0:25.89 MicroBench
06:59:07        9 root      20   0   17624  12404   6692 R 100.0   0.1   0:26.05 MicroBench
06:59:07        9 root      20   0   17624  12404   6692 R 100.0   0.1   0:26.22 MicroBench
06:59:07        9 root      20   0   17624  12404   6692 R 100.0   0.1   0:26.38 MicroBench
06:59:07        9 root      20   0   17624  12404   6692 R 100.0   0.1   0:26.55 MicroBench
06:59:07        9 root      20   0   17624  12404   6692 R 100.0   0.1   0:26.71 MicroBench
06:59:08        9 root      20   0   17624  12404   6692 R 100.0   0.1   0:26.87 MicroBench
06:59:08        9 root      20   0   17624  12404   6692 R  93.8   0.1   0:27.03 MicroBench
06:59:08        9 root      20   0   17624  12404   6692 R 100.0   0.1   0:27.19 MicroBench
06:59:08        9 root      20   0   17624  12404   6692 R 100.0   0.1   0:27.35 MicroBench
06:59:08        9 root      20   0   17624  12404   6692 R 100.0   0.1   0:27.51 MicroBench
06:59:08        9 root      20   0   17624  12404   6692 R 100.0   0.1   0:27.68 MicroBench
06:59:09        9 root      20   0   17624  12404   6692 R  93.8   0.1   0:27.85 MicroBench
06:59:09        9 root      20   0   17624  12404   6692 R 100.0   0.1   0:28.01 MicroBench
06:59:09        9 root      20   0   17624  12404   6692 R 100.0   0.1   0:28.18 MicroBench
06:59:09        9 root      20   0   17624  12404   6692 R 100.0   0.1   0:28.34 MicroBench
06:59:09        9 root      20   0   17624  12404   6692 R 100.0   0.1   0:28.51 MicroBench
06:59:09        9 root      20   0   17624  12404   6692 R 100.0   0.1   0:28.67 MicroBench
06:59:10        9 root      20   0   17624  12404   6692 R 100.0   0.1   0:28.83 MicroBench
06:59:10        9 root      20   0   17624  12404   6692 R 100.0   0.1   0:28.99 MicroBench
06:59:10        9 root      20   0   17624  12404   6692 R 100.0   0.1   0:29.16 MicroBench
06:59:10        9 root      20   0   17624  12404   6692 R 100.0   0.1   0:29.32 MicroBench
06:59:10        9 root      20   0   17624  12404   6692 R 100.0   0.1   0:29.48 MicroBench
06:59:10        9 root      20   0   17624  12404   6692 R 100.0   0.1   0:29.65 MicroBench
06:59:11        9 root      20   0   17624  12404   6692 R 100.0   0.1   0:29.81 MicroBench
06:59:11        9 root      20   0   17624  12404   6692 R 100.0   0.1   0:29.98 MicroBench
06:59:11        9 root      20   0   17624  12404   6692 R 100.0   0.1   0:30.15 MicroBench
06:59:11        9 root      20   0   17624  12404   6692 R 100.0   0.1   0:30.31 MicroBench
06:59:11        9 root      20   0   17624  12404   6692 R 100.0   0.1   0:30.47 MicroBench
06:59:11        9 root      20   0   17624  12404   6692 R 100.0   0.1   0:30.63 MicroBench
06:59:12        9 root      20   0   17624  12404   6692 R 100.0   0.1   0:30.80 MicroBench
06:59:12        9 root      20   0   17624  12404   6692 R 100.0   0.1   0:30.96 MicroBench
06:59:12        9 root      20   0   17624  12404   6692 R 100.0   0.1   0:31.13 MicroBench
06:59:12        9 root      20   0   17624  12404   6692 R 100.0   0.1   0:31.29 MicroBench
06:59:12        9 root      20   0   17624  12404   6692 R 100.0   0.1   0:31.45 MicroBench
06:59:12        9 root      20   0   17624  12404   6692 R 100.0   0.1   0:31.61 MicroBench
06:59:13        9 root      20   0   17624  12404   6692 R  93.8   0.1   0:31.77 MicroBench
06:59:13        9 root      20   0   17624  12404   6692 R 100.0   0.1   0:31.93 MicroBench
06:59:13        9 root      20   0   17624  12404   6692 R 100.0   0.1   0:32.10 MicroBench
06:59:13        9 root      20   0   17624  12404   6692 R 100.0   0.1   0:32.26 MicroBench
06:59:13        9 root      20   0   17624  12404   6692 R  93.3   0.1   0:32.42 MicroBench
06:59:13        9 root      20   0   17624  12404   6692 R 100.0   0.1   0:32.59 MicroBench
06:59:14        9 root      20   0   17624  12404   6692 R 100.0   0.1   0:32.75 MicroBench
06:59:14        9 root      20   0   17624  12404   6692 R 100.0   0.1   0:32.92 MicroBench
06:59:14        9 root      20   0   21640  16364   6692 R 100.0   0.1   0:33.08 MicroBench
06:59:14        9 root      20   0   21640  16364   6692 R 100.0   0.1   0:33.24 MicroBench
06:59:14        9 root      20   0   21640  16364   6692 R 100.0   0.1   0:33.40 MicroBench
06:59:14        9 root      20   0   21640  16364   6692 R 100.0   0.1   0:33.57 MicroBench
06:59:15        9 root      20   0   21640  16364   6692 R 100.0   0.1   0:33.73 MicroBench
06:59:15        9 root      20   0   21640  16364   6692 R 100.0   0.1   0:33.90 MicroBench
06:59:15        9 root      20   0   21640  16364   6692 R 100.0   0.1   0:34.06 MicroBench
06:59:15        9 root      20   0   21640  16364   6692 R  93.8   0.1   0:34.22 MicroBench
06:59:15        9 root      20   0   21640  16364   6692 R 100.0   0.1   0:34.39 MicroBench
06:59:15        9 root      20   0   21640  16364   6692 R  93.8   0.1   0:34.55 MicroBench
06:59:16        9 root      20   0   21640  16364   6692 R 100.0   0.1   0:34.71 MicroBench
06:59:16        9 root      20   0   21640  16364   6692 R 100.0   0.1   0:34.87 MicroBench
06:59:16        9 root      20   0   21640  16364   6692 R 100.0   0.1   0:35.04 MicroBench
06:59:16        9 root      20   0   21640  16364   6692 R 100.0   0.1   0:35.20 MicroBench
06:59:16        9 root      20   0   21640  16364   6692 R 100.0   0.1   0:35.36 MicroBench
06:59:16        9 root      20   0   21640  16364   6692 R 100.0   0.1   0:35.52 MicroBench
06:59:16        9 root      20   0   21640  16364   6692 R 100.0   0.1   0:35.69 MicroBench
06:59:17        9 root      20   0   21640  16364   6692 R  93.8   0.1   0:35.85 MicroBench
06:59:17        9 root      20   0   21640  16364   6692 R 100.0   0.1   0:36.02 MicroBench
06:59:17        9 root      20   0   21640  16364   6692 R 100.0   0.1   0:36.18 MicroBench
06:59:17        9 root      20   0   21640  16364   6692 R 100.0   0.1   0:36.34 MicroBench
06:59:17        9 root      20   0   21640  16364   6692 R 100.0   0.1   0:36.50 MicroBench
06:59:17        9 root      20   0   21640  16364   6692 R 100.0   0.1   0:36.66 MicroBench
06:59:18        9 root      20   0   21640  16364   6692 R 100.0   0.1   0:36.83 MicroBench
06:59:18        9 root      20   0   21640  16364   6692 R 100.0   0.1   0:36.99 MicroBench
06:59:18        9 root      20   0   21640  16364   6692 R 100.0   0.1   0:37.15 MicroBench
06:59:18        9 root      20   0   21640  16364   6692 R 100.0   0.1   0:37.31 MicroBench
06:59:18        9 root      20   0   21640  16364   6692 R 100.0   0.1   0:37.48 MicroBench
06:59:18        9 root      20   0   21640  16364   6692 R 100.0   0.1   0:37.65 MicroBench
06:59:19        9 root      20   0   21640  16364   6692 R  87.5   0.1   0:37.80 MicroBench
06:59:19        9 root      20   0   21640  16364   6692 R 100.0   0.1   0:37.97 MicroBench
06:59:19        9 root      20   0   21640  16364   6692 R 100.0   0.1   0:38.13 MicroBench
06:59:19        9 root      20   0   21640  16364   6692 R 100.0   0.1   0:38.30 MicroBench
06:59:19        9 root      20   0   21640  16364   6692 R 100.0   0.1   0:38.46 MicroBench
06:59:19        9 root      20   0   21640  16364   6692 R 100.0   0.1   0:38.63 MicroBench
06:59:20        9 root      20   0   21640  16364   6692 R 100.0   0.1   0:38.79 MicroBench
06:59:20        9 root      20   0   21640  16364   6692 R 100.0   0.1   0:38.95 MicroBench
06:59:20        9 root      20   0   21640  16364   6692 R 100.0   0.1   0:39.12 MicroBench
06:59:20        9 root      20   0   21640  16364   6692 R 100.0   0.1   0:39.28 MicroBench
06:59:20        9 root      20   0   21640  16364   6692 R 100.0   0.1   0:39.45 MicroBench
06:59:20        9 root      20   0   21640  16364   6692 R 100.0   0.1   0:39.61 MicroBench
06:59:21        9 root      20   0   21640  16364   6692 R 100.0   0.1   0:39.78 MicroBench
06:59:21        9 root      20   0   21640  16364   6692 R 100.0   0.1   0:39.95 MicroBench
06:59:21        9 root      20   0   21640  16364   6692 R 100.0   0.1   0:40.11 MicroBench
06:59:21        9 root      20   0   21640  16364   6692 R 100.0   0.1   0:40.27 MicroBench
06:59:21        9 root      20   0   21640  16364   6692 R 100.0   0.1   0:40.43 MicroBench
06:59:21        9 root      20   0   21640  16364   6692 R  93.3   0.1   0:40.59 MicroBench
06:59:22        9 root      20   0   21640  16364   6692 R 100.0   0.1   0:40.76 MicroBench
06:59:22        9 root      20   0   21640  16364   6692 R 100.0   0.1   0:40.93 MicroBench
06:59:22        9 root      20   0   21640  16364   6692 R 100.0   0.1   0:41.09 MicroBench
06:59:22        9 root      20   0   21640  16364   6692 R 100.0   0.1   0:41.25 MicroBench
06:59:22        9 root      20   0   21640  16364   6692 R 100.0   0.1   0:41.42 MicroBench
06:59:22        9 root      20   0   21640  16364   6692 R 100.0   0.1   0:41.58 MicroBench
06:59:23        9 root      20   0   21640  16364   6692 R  93.8   0.1   0:41.74 MicroBench
06:59:23        9 root      20   0   21640  16364   6692 R  93.3   0.1   0:41.90 MicroBench
06:59:23        9 root      20   0   21640  16364   6692 R 100.0   0.1   0:42.07 MicroBench
06:59:23        9 root      20   0   21640  16364   6692 R 100.0   0.1   0:42.23 MicroBench
06:59:23        9 root      20   0   21640  16364   6692 R  93.8   0.1   0:42.39 MicroBench
06:59:23        9 root      20   0   21640  16364   6692 R 100.0   0.1   0:42.55 MicroBench
06:59:24        9 root      20   0   21640  16364   6692 R 100.0   0.1   0:42.72 MicroBench
06:59:24        9 root      20   0   21640  16364   6692 R 100.0   0.1   0:42.88 MicroBench
06:59:24        9 root      20   0   21640  16364   6692 R 100.0   0.1   0:43.05 MicroBench
06:59:24        9 root      20   0   21640  16364   6692 R 100.0   0.1   0:43.21 MicroBench
06:59:24        9 root      20   0   21640  16364   6692 R 100.0   0.1   0:43.38 MicroBench
06:59:24        9 root      20   0   21640  16364   6692 R 100.0   0.1   0:43.55 MicroBench
06:59:25        9 root      20   0   21640  16364   6692 R  93.8   0.1   0:43.71 MicroBench
06:59:25        9 root      20   0   21640  16364   6692 R 100.0   0.1   0:43.87 MicroBench
06:59:25        9 root      20   0   21640  16364   6692 R  93.8   0.1   0:44.04 MicroBench
06:59:25        9 root      20   0   21640  16364   6692 R 100.0   0.1   0:44.20 MicroBench
06:59:25        9 root      20   0   21640  16364   6692 R 100.0   0.1   0:44.37 MicroBench
06:59:25        9 root      20   0   21640  16364   6692 R  93.3   0.1   0:44.52 MicroBench
06:59:25        9 root      20   0   21640  16364   6692 R 100.0   0.1   0:44.69 MicroBench
06:59:26        9 root      20   0   21640  16364   6692 R 100.0   0.1   0:44.85 MicroBench
06:59:26        9 root      20   0   21640  16364   6692 R 100.0   0.1   0:45.02 MicroBench
06:59:26        9 root      20   0   21640  16364   6692 R 100.0   0.1   0:45.18 MicroBench
06:59:26        9 root      20   0   21640  16364   6692 R 100.0   0.1   0:45.34 MicroBench
06:59:26        9 root      20   0   21640  16364   6692 R 100.0   0.1   0:45.50 MicroBench
06:59:26        9 root      20   0   21640  16364   6692 R 100.0   0.1   0:45.66 MicroBench
06:59:27        9 root      20   0   21640  16364   6692 R 100.0   0.1   0:45.82 MicroBench
06:59:27        9 root      20   0   21640  16364   6692 R 100.0   0.1   0:46.00 MicroBench
06:59:27        9 root      20   0   21640  16364   6692 R 100.0   0.1   0:46.17 MicroBench
06:59:27        9 root      20   0   21640  16364   6692 R 100.0   0.1   0:46.33 MicroBench
06:59:27        9 root      20   0   21640  16364   6692 R 100.0   0.1   0:46.50 MicroBench
06:59:27        9 root      20   0   21640  16364   6692 R 100.0   0.1   0:46.66 MicroBench
06:59:28        9 root      20   0   21640  16364   6692 R 100.0   0.1   0:46.82 MicroBench
06:59:28        9 root      20   0   21640  16364   6692 R 100.0   0.1   0:46.99 MicroBench
06:59:28        9 root      20   0   21640  16364   6692 R 100.0   0.1   0:47.15 MicroBench
06:59:28        9 root      20   0   21640  16364   6692 R 100.0   0.1   0:47.31 MicroBench
06:59:28        9 root      20   0   21640  16364   6692 R 100.0   0.1   0:47.47 MicroBench
06:59:28        9 root      20   0   21640  16364   6692 R 100.0   0.1   0:47.63 MicroBench
06:59:29        9 root      20   0   21640  16364   6692 R 100.0   0.1   0:47.79 MicroBench
06:59:29        9 root      20   0   21640  16364   6692 R 100.0   0.1   0:47.96 MicroBench
06:59:29        9 root      20   0   21640  16364   6692 R  93.3   0.1   0:48.12 MicroBench
06:59:29        9 root      20   0   21640  16364   6692 R 100.0   0.1   0:48.29 MicroBench
06:59:29        9 root      20   0   21640  16364   6692 R 100.0   0.1   0:48.45 MicroBench
06:59:29        9 root      20   0   21640  16364   6692 R 100.0   0.1   0:48.62 MicroBench
06:59:30        9 root      20   0   21640  16364   6692 R 100.0   0.1   0:48.78 MicroBench
06:59:30        9 root      20   0   21640  16364   6692 R 100.0   0.1   0:48.95 MicroBench
06:59:30        9 root      20   0   21640  16364   6692 R  93.3   0.1   0:49.12 MicroBench
06:59:30        9 root      20   0   21640  16364   6692 R 100.0   0.1   0:49.29 MicroBench
06:59:30        9 root      20   0   21640  16364   6692 R 100.0   0.1   0:49.45 MicroBench
06:59:30        9 root      20   0   21640  16364   6692 R 100.0   0.1   0:49.61 MicroBench
06:59:31        9 root      20   0   21640  16364   6692 R 100.0   0.1   0:49.77 MicroBench
06:59:31        9 root      20   0   21640  16364   6692 R  93.3   0.1   0:49.93 MicroBench
06:59:31        9 root      20   0   21640  16364   6692 R 100.0   0.1   0:50.10 MicroBench
06:59:31        9 root      20   0   21640  16364   6692 R 100.0   0.1   0:50.27 MicroBench
06:59:31        9 root      20   0   21640  16364   6692 R 100.0   0.1   0:50.43 MicroBench
06:59:31        9 root      20   0   21640  16364   6692 R 100.0   0.1   0:50.59 MicroBench
06:59:32        9 root      20   0   21640  16364   6692 R  93.8   0.1   0:50.75 MicroBench
06:59:32        9 root      20   0   21640  16364   6692 R 100.0   0.1   0:50.92 MicroBench
06:59:32        9 root      20   0   21640  16364   6692 R 100.0   0.1   0:51.08 MicroBench
06:59:32        9 root      20   0   21640  16364   6692 R  93.8   0.1   0:51.25 MicroBench
06:59:32        9 root      20   0   21640  16364   6692 R 100.0   0.1   0:51.41 MicroBench
06:59:32        9 root      20   0   21640  16364   6692 R 100.0   0.1   0:51.57 MicroBench
06:59:33        9 root      20   0   21640  16364   6692 R 100.0   0.1   0:51.73 MicroBench
06:59:33        9 root      20   0   21640  16364   6692 R 100.0   0.1   0:51.90 MicroBench
06:59:33        9 root      20   0   21640  16364   6692 R  93.8   0.1   0:52.06 MicroBench
06:59:33        9 root      20   0   21640  16364   6692 R 100.0   0.1   0:52.22 MicroBench
06:59:33        9 root      20   0   21640  16364   6692 R 100.0   0.1   0:52.38 MicroBench
06:59:33        9 root      20   0   21640  16364   6692 R  93.8   0.1   0:52.55 MicroBench
06:59:34        9 root      20   0   21640  16364   6692 R 100.0   0.1   0:52.71 MicroBench
06:59:34        9 root      20   0   21640  16364   6692 R 100.0   0.1   0:52.87 MicroBench
06:59:34        9 root      20   0   21640  16364   6692 R 100.0   0.1   0:53.04 MicroBench
06:59:34        9 root      20   0   21640  16364   6692 R 100.0   0.1   0:53.20 MicroBench
06:59:34        9 root      20   0   21640  16364   6692 R 100.0   0.1   0:53.37 MicroBench
06:59:34        9 root      20   0   21640  16364   6692 R 100.0   0.1   0:53.53 MicroBench
06:59:35        9 root      20   0   21640  16364   6692 R 100.0   0.1   0:53.69 MicroBench
06:59:35        9 root      20   0   21640  16364   6692 R 100.0   0.1   0:53.85 MicroBench
06:59:35        9 root      20   0   21640  16364   6692 R 100.0   0.1   0:54.01 MicroBench
06:59:35        9 root      20   0   21640  16364   6692 R 100.0   0.1   0:54.18 MicroBench
06:59:35        9 root      20   0   21640  16364   6692 R 100.0   0.1   0:54.34 MicroBench
06:59:35        9 root      20   0   21640  16364   6692 R 100.0   0.1   0:54.50 MicroBench
06:59:35        9 root      20   0   21640  16364   6692 R  87.5   0.1   0:54.66 MicroBench
06:59:36        9 root      20   0   21640  16364   6692 R 100.0   0.1   0:54.83 MicroBench
06:59:36        9 root      20   0   21640  16364   6692 R 100.0   0.1   0:54.99 MicroBench
06:59:36        9 root      20   0   21640  16364   6692 R 100.0   0.1   0:55.15 MicroBench
06:59:36        9 root      20   0   21640  16364   6692 R 100.0   0.1   0:55.32 MicroBench
06:59:36        9 root      20   0   21640  16364   6692 R 100.0   0.1   0:55.48 MicroBench
06:59:36        9 root      20   0   21640  16364   6692 R 100.0   0.1   0:55.64 MicroBench
06:59:37        9 root      20   0   21640  16364   6692 R  93.3   0.1   0:55.80 MicroBench
06:59:37        9 root      20   0   21640  16364   6692 R 100.0   0.1   0:55.97 MicroBench
06:59:37        9 root      20   0   21640  16364   6692 R 100.0   0.1   0:56.13 MicroBench
06:59:37        9 root      20   0   21640  16364   6692 R 100.0   0.1   0:56.29 MicroBench
06:59:37        9 root      20   0   21640  16364   6692 R 100.0   0.1   0:56.46 MicroBench
06:59:37        9 root      20   0   21640  16364   6692 R 100.0   0.1   0:56.62 MicroBench
06:59:38        9 root      20   0   21640  16364   6692 R 100.0   0.1   0:56.78 MicroBench
06:59:38        9 root      20   0   21640  16364   6692 R 100.0   0.1   0:56.95 MicroBench
06:59:38        9 root      20   0   21640  16364   6692 R 100.0   0.1   0:57.11 MicroBench
06:59:38        9 root      20   0   21640  16364   6692 R  93.8   0.1   0:57.27 MicroBench
06:59:38        9 root      20   0   21640  16364   6692 R  93.3   0.1   0:57.43 MicroBench
06:59:38        9 root      20   0   21640  16364   6692 R 100.0   0.1   0:57.60 MicroBench
06:59:39        9 root      20   0   21640  16364   6692 R 100.0   0.1   0:57.76 MicroBench
06:59:39        9 root      20   0   21640  16364   6692 R 100.0   0.1   0:57.92 MicroBench
06:59:39        9 root      20   0   21640  16364   6692 R 100.0   0.1   0:58.09 MicroBench
06:59:39        9 root      20   0   21640  16364   6692 R 100.0   0.1   0:58.25 MicroBench
06:59:39        9 root      20   0   21640  16364   6692 R 100.0   0.1   0:58.42 MicroBench
06:59:39        9 root      20   0   21640  16364   6692 R 100.0   0.1   0:58.58 MicroBench
06:59:40        9 root      20   0   21640  16364   6692 R  93.8   0.1   0:58.74 MicroBench
06:59:40        9 root      20   0   21640  16364   6692 R 100.0   0.1   0:58.90 MicroBench
06:59:40        9 root      20   0   21640  16364   6692 R 100.0   0.1   0:59.07 MicroBench
06:59:40        9 root      20   0   21640  16364   6692 R 100.0   0.1   0:59.23 MicroBench
06:59:40        9 root      20   0   21640  16364   6692 R 100.0   0.1   0:59.39 MicroBench
06:59:40        9 root      20   0   21640  16364   6692 R  93.3   0.1   0:59.55 MicroBench
06:59:41        9 root      20   0   21640  16364   6692 R 100.0   0.1   0:59.72 MicroBench
06:59:41        9 root      20   0   21640  16364   6692 R 100.0   0.1   0:59.89 MicroBench
06:59:41        9 root      20   0   21640  16364   6692 R 100.0   0.1   1:00.05 MicroBench
06:59:41        9 root      20   0   21640  16364   6692 R 100.0   0.1   1:00.21 MicroBench
06:59:41        9 root      20   0   21640  16364   6692 R 100.0   0.1   1:00.38 MicroBench
06:59:41        9 root      20   0   21640  16364   6692 R 100.0   0.1   1:00.55 MicroBench
06:59:42        9 root      20   0   21640  16364   6692 R 100.0   0.1   1:00.71 MicroBench
06:59:42        9 root      20   0   21640  16364   6692 R 100.0   0.1   1:00.87 MicroBench
06:59:42        9 root      20   0   21640  16364   6692 R 100.0   0.1   1:01.04 MicroBench
06:59:42        9 root      20   0   21640  16364   6692 R 100.0   0.1   1:01.20 MicroBench
06:59:42        9 root      20   0   21640  16364   6692 R  93.8   0.1   1:01.37 MicroBench
06:59:42        9 root      20   0   21640  16364   6692 R 100.0   0.1   1:01.53 MicroBench
06:59:43        9 root      20   0   21640  16364   6692 R 100.0   0.1   1:01.69 MicroBench
06:59:43        9 root      20   0   21640  16364   6692 R 100.0   0.1   1:01.86 MicroBench
06:59:43        9 root      20   0   21640  16364   6692 R 100.0   0.1   1:02.02 MicroBench
06:59:43        9 root      20   0   21640  16364   6692 R 100.0   0.1   1:02.18 MicroBench
06:59:43        9 root      20   0   21772  16628   6692 R 100.0   0.1   1:02.35 MicroBench
Avg reg. time: 42452833
Avg opt. time: 18401673
Median reg. time: 42411729
Median opt. time: 18359438
06:59:43  MicroBench not found.
MicroBench process has exited. Monitoring script will terminate.
