Args:
  Field size              : 2748779069441
  l                       : 128
  t                       : 10
  Number of parties        : 512
  Number of repeats        : 3
  Monitor sleep time (ms) : 1

Started ./MicroBench with PID: 8
06:57:40        8 root      20   0   13764   8512   6568 R  93.3   0.1   0:00.14 MicroBench
06:57:41        8 root      20   0   13896   8512   6568 R  93.8   0.1   0:00.31 MicroBench
06:57:41        8 root      20   0   13892   8596   6568 R 100.0   0.1   0:00.47 MicroBench
06:57:41        8 root      20   0   13892   8596   6568 R 100.0   0.1   0:00.64 MicroBench
06:57:41        8 root      20   0   13888   8604   6568 R 100.0   0.1   0:00.80 MicroBench
06:57:41        8 root      20   0   13888   8604   6568 R  93.3   0.1   0:00.97 MicroBench
06:57:41        8 root      20   0   13888   8604   6568 R  93.8   0.1   0:01.14 MicroBench
06:57:42        8 root      20   0   13888   8604   6568 R 100.0   0.1   0:01.30 MicroBench
06:57:42        8 root      20   0   13888   8604   6568 R 100.0   0.1   0:01.46 MicroBench
06:57:42        8 root      20   0   13888   8604   6568 R 100.0   0.1   0:01.62 MicroBench
06:57:42        8 root      20   0   13888   8604   6568 R 100.0   0.1   0:01.79 MicroBench
06:57:42        8 root      20   0   13888   8604   6568 R 100.0   0.1   0:01.95 MicroBench
06:57:42        8 root      20   0   13888   8604   6568 R 100.0   0.1   0:02.11 MicroBench
06:57:43        8 root      20   0   13888   8604   6568 R 100.0   0.1   0:02.28 MicroBench
06:57:43        8 root      20   0   13888   8604   6568 R  93.8   0.1   0:02.44 MicroBench
06:57:43        8 root      20   0   13888   8604   6568 R 100.0   0.1   0:02.62 MicroBench
06:57:43        8 root      20   0   13888   8604   6568 R 100.0   0.1   0:02.78 MicroBench
06:57:43        8 root      20   0   13888   8604   6568 R 100.0   0.1   0:02.95 MicroBench
06:57:43        8 root      20   0   13888   8604   6568 R  93.8   0.1   0:03.11 MicroBench
06:57:44        8 root      20   0   13888   8604   6568 R 100.0   0.1   0:03.27 MicroBench
06:57:44        8 root      20   0   13888   8604   6568 R  93.3   0.1   0:03.43 MicroBench
06:57:44        8 root      20   0   17696  12352   6632 R 100.0   0.1   0:03.60 MicroBench
06:57:44        8 root      20   0   17696  12352   6632 R 100.0   0.1   0:03.76 MicroBench
06:57:44        8 root      20   0   17696  12352   6632 R 100.0   0.1   0:03.92 MicroBench
06:57:44        8 root      20   0   17696  12352   6632 R 100.0   0.1   0:04.09 MicroBench
06:57:45        8 root      20   0   17696  12352   6632 R 100.0   0.1   0:04.26 MicroBench
06:57:45        8 root      20   0   17696  12352   6632 R  93.3   0.1   0:04.42 MicroBench
06:57:45        8 root      20   0   17696  12352   6632 R 100.0   0.1   0:04.59 MicroBench
06:57:45        8 root      20   0   17696  12352   6632 R  93.8   0.1   0:04.75 MicroBench
06:57:45        8 root      20   0   17696  12352   6632 R 100.0   0.1   0:04.91 MicroBench
06:57:45        8 root      20   0   17696  12352   6632 R 100.0   0.1   0:05.08 MicroBench
06:57:46        8 root      20   0   17696  12352   6632 R 100.0   0.1   0:05.24 MicroBench
06:57:46        8 root      20   0   17696  12352   6632 R 100.0   0.1   0:05.40 MicroBench
06:57:46        8 root      20   0   17696  12352   6632 R  93.3   0.1   0:05.56 MicroBench
06:57:46        8 root      20   0   17696  12352   6632 R 100.0   0.1   0:05.73 MicroBench
06:57:46        8 root      20   0   17696  12352   6632 R 100.0   0.1   0:05.90 MicroBench
06:57:46        8 root      20   0   17696  12352   6632 R 100.0   0.1   0:06.07 MicroBench
06:57:47        8 root      20   0   17696  12352   6632 R 100.0   0.1   0:06.23 MicroBench
06:57:47        8 root      20   0   17696  12352   6632 R 100.0   0.1   0:06.40 MicroBench
06:57:47        8 root      20   0   17696  12352   6632 R 100.0   0.1   0:06.57 MicroBench
06:57:47        8 root      20   0   17696  12352   6632 R 100.0   0.1   0:06.73 MicroBench
06:57:47        8 root      20   0   17696  12352   6632 R 100.0   0.1   0:06.89 MicroBench
06:57:47        8 root      20   0   17696  12352   6632 R 100.0   0.1   0:07.05 MicroBench
06:57:47        8 root      20   0   17696  12352   6632 R 100.0   0.1   0:07.22 MicroBench
06:57:48        8 root      20   0   17696  12352   6632 R  93.3   0.1   0:07.38 MicroBench
06:57:48        8 root      20   0   17696  12352   6632 R 100.0   0.1   0:07.55 MicroBench
06:57:48        8 root      20   0   17696  12352   6632 R 100.0   0.1   0:07.72 MicroBench
06:57:48        8 root      20   0   17696  12352   6632 R 100.0   0.1   0:07.88 MicroBench
06:57:48        8 root      20   0   17696  12352   6632 R  93.8   0.1   0:08.05 MicroBench
06:57:48        8 root      20   0   17696  12352   6632 R 100.0   0.1   0:08.21 MicroBench
06:57:49        8 root      20   0   17696  12352   6632 R 100.0   0.1   0:08.37 MicroBench
06:57:49        8 root      20   0   17696  12352   6632 R 100.0   0.1   0:08.53 MicroBench
06:57:49        8 root      20   0   17696  12352   6632 R 100.0   0.1   0:08.69 MicroBench
06:57:49        8 root      20   0   17696  12352   6632 R 100.0   0.1   0:08.86 MicroBench
06:57:49        8 root      20   0   17696  12352   6632 R 100.0   0.1   0:09.02 MicroBench
06:57:49        8 root      20   0   17696  12352   6632 R 100.0   0.1   0:09.19 MicroBench
06:57:50        8 root      20   0   17696  12352   6632 R 100.0   0.1   0:09.35 MicroBench
06:57:50        8 root      20   0   17696  12352   6632 R 100.0   0.1   0:09.51 MicroBench
06:57:50        8 root      20   0   17696  12352   6632 R 100.0   0.1   0:09.67 MicroBench
06:57:50        8 root      20   0   17696  12352   6632 R  93.3   0.1   0:09.83 MicroBench
06:57:50        8 root      20   0   17696  12352   6632 R 100.0   0.1   0:10.00 MicroBench
06:57:50        8 root      20   0   17696  12352   6632 R 100.0   0.1   0:10.17 MicroBench
06:57:51        8 root      20   0   17696  12352   6632 R 100.0   0.1   0:10.33 MicroBench
06:57:51        8 root      20   0   17696  12352   6632 R 100.0   0.1   0:10.49 MicroBench
06:57:51        8 root      20   0   17696  12352   6632 R 100.0   0.1   0:10.65 MicroBench
06:57:51        8 root      20   0   17696  12352   6632 R 100.0   0.1   0:10.82 MicroBench
06:57:51        8 root      20   0   17696  12352   6632 R 100.0   0.1   0:10.98 MicroBench
06:57:51        8 root      20   0   17696  12352   6632 R  93.8   0.1   0:11.14 MicroBench
06:57:52        8 root      20   0   17696  12352   6632 R 100.0   0.1   0:11.31 MicroBench
06:57:52        8 root      20   0   17696  12352   6632 R 100.0   0.1   0:11.47 MicroBench
06:57:52        8 root      20   0   17696  12352   6632 R 100.0   0.1   0:11.64 MicroBench
06:57:52        8 root      20   0   17696  12352   6632 R 100.0   0.1   0:11.80 MicroBench
06:57:52        8 root      20   0   17696  12352   6632 R  93.3   0.1   0:11.95 MicroBench
06:57:52        8 root      20   0   17696  12352   6632 R 100.0   0.1   0:12.12 MicroBench
06:57:53        8 root      20   0   17696  12352   6632 R  93.8   0.1   0:12.28 MicroBench
06:57:53        8 root      20   0   17696  12352   6632 R 100.0   0.1   0:12.44 MicroBench
06:57:53        8 root      20   0   17696  12352   6632 R 100.0   0.1   0:12.60 MicroBench
06:57:53        8 root      20   0   17696  12352   6632 R 100.0   0.1   0:12.77 MicroBench
06:57:53        8 root      20   0   17696  12352   6632 R 100.0   0.1   0:12.93 MicroBench
06:57:53        8 root      20   0   17696  12352   6632 R 100.0   0.1   0:13.09 MicroBench
06:57:54        8 root      20   0   17696  12352   6632 R 100.0   0.1   0:13.25 MicroBench
06:57:54        8 root      20   0   17696  12352   6632 R 100.0   0.1   0:13.41 MicroBench
06:57:54        8 root      20   0   17696  12352   6632 R 100.0   0.1   0:13.57 MicroBench
06:57:54        8 root      20   0   17696  12352   6632 R 100.0   0.1   0:13.74 MicroBench
06:57:54        8 root      20   0   17696  12352   6632 R 100.0   0.1   0:13.90 MicroBench
06:57:54        8 root      20   0   17696  12352   6632 R 100.0   0.1   0:14.06 MicroBench
06:57:55        8 root      20   0   17696  12352   6632 R 100.0   0.1   0:14.22 MicroBench
06:57:55        8 root      20   0   17696  12352   6632 R  93.3   0.1   0:14.38 MicroBench
06:57:55        8 root      20   0   17696  12352   6632 R 100.0   0.1   0:14.55 MicroBench
06:57:55        8 root      20   0   17696  12352   6632 R 100.0   0.1   0:14.72 MicroBench
06:57:55        8 root      20   0   17696  12352   6632 R  93.8   0.1   0:14.88 MicroBench
06:57:55        8 root      20   0   17696  12352   6632 R 100.0   0.1   0:15.04 MicroBench
06:57:55        8 root      20   0   17696  12352   6632 R 100.0   0.1   0:15.20 MicroBench
06:57:56        8 root      20   0   17696  12352   6632 R 100.0   0.1   0:15.37 MicroBench
06:57:56        8 root      20   0   17696  12352   6632 R 100.0   0.1   0:15.53 MicroBench
06:57:56        8 root      20   0   17696  12352   6632 R  93.3   0.1   0:15.69 MicroBench
06:57:56        8 root      20   0   17696  12352   6632 R  93.8   0.1   0:15.86 MicroBench
06:57:56        8 root      20   0   17696  12352   6632 R 100.0   0.1   0:16.02 MicroBench
06:57:56        8 root      20   0   17696  12352   6632 R 100.0   0.1   0:16.19 MicroBench
06:57:57        8 root      20   0   17696  12352   6632 R  93.8   0.1   0:16.36 MicroBench
06:57:57        8 root      20   0   17696  12352   6632 R 100.0   0.1   0:16.52 MicroBench
06:57:57        8 root      20   0   17696  12352   6632 R 100.0   0.1   0:16.69 MicroBench
06:57:57        8 root      20   0   17696  12352   6632 R 100.0   0.1   0:16.85 MicroBench
06:57:57        8 root      20   0   17696  12352   6632 R 100.0   0.1   0:17.01 MicroBench
06:57:57        8 root      20   0   17696  12352   6632 R 100.0   0.1   0:17.17 MicroBench
06:57:58        8 root      20   0   17696  12352   6632 R 100.0   0.1   0:17.34 MicroBench
06:57:58        8 root      20   0   17696  12352   6632 R 100.0   0.1   0:17.50 MicroBench
06:57:58        8 root      20   0   17696  12352   6632 R 100.0   0.1   0:17.66 MicroBench
06:57:58        8 root      20   0   17696  12352   6632 R 100.0   0.1   0:17.82 MicroBench
06:57:58        8 root      20   0   17696  12352   6632 R 100.0   0.1   0:17.99 MicroBench
06:57:58        8 root      20   0   17696  12352   6632 R 100.0   0.1   0:18.15 MicroBench
06:57:59        8 root      20   0   17696  12352   6632 R 100.0   0.1   0:18.31 MicroBench
06:57:59        8 root      20   0   17696  12352   6632 R 100.0   0.1   0:18.48 MicroBench
06:57:59        8 root      20   0   17696  12352   6632 R  93.8   0.1   0:18.64 MicroBench
06:57:59        8 root      20   0   17696  12352   6632 R 100.0   0.1   0:18.81 MicroBench
06:57:59        8 root      20   0   17696  12352   6632 R 100.0   0.1   0:18.97 MicroBench
06:57:59        8 root      20   0   17696  12352   6632 R 100.0   0.1   0:19.13 MicroBench
06:58:00        8 root      20   0   17696  12352   6632 R 100.0   0.1   0:19.29 MicroBench
06:58:00        8 root      20   0   17696  12352   6632 R 100.0   0.1   0:19.45 MicroBench
06:58:00        8 root      20   0   17696  12352   6632 R 100.0   0.1   0:19.62 MicroBench
06:58:00        8 root      20   0   17696  12352   6632 R 100.0   0.1   0:19.78 MicroBench
06:58:00        8 root      20   0   17696  12352   6632 R 100.0   0.1   0:19.94 MicroBench
06:58:00        8 root      20   0   17696  12352   6632 R 100.0   0.1   0:20.11 MicroBench
06:58:01        8 root      20   0   17696  12352   6632 R  93.8   0.1   0:20.27 MicroBench
06:58:01        8 root      20   0   17696  12352   6632 R 100.0   0.1   0:20.43 MicroBench
06:58:01        8 root      20   0   17696  12352   6632 R 100.0   0.1   0:20.60 MicroBench
06:58:01        8 root      20   0   17696  12352   6632 R 100.0   0.1   0:20.76 MicroBench
06:58:01        8 root      20   0   17696  12352   6632 R 100.0   0.1   0:20.92 MicroBench
06:58:01        8 root      20   0   17696  12352   6632 R 100.0   0.1   0:21.09 MicroBench
06:58:02        8 root      20   0   17696  12352   6632 R 100.0   0.1   0:21.25 MicroBench
06:58:02        8 root      20   0   17696  12352   6632 R 100.0   0.1   0:21.42 MicroBench
06:58:02        8 root      20   0   17696  12352   6632 R 100.0   0.1   0:21.58 MicroBench
06:58:02        8 root      20   0   17696  12352   6632 R 100.0   0.1   0:21.74 MicroBench
06:58:02        8 root      20   0   17696  12352   6632 R 100.0   0.1   0:21.90 MicroBench
06:58:02        8 root      20   0   17696  12352   6632 R 100.0   0.1   0:22.06 MicroBench
06:58:03        8 root      20   0   17696  12352   6632 R 100.0   0.1   0:22.22 MicroBench
06:58:03        8 root      20   0   17696  12352   6632 R 100.0   0.1   0:22.39 MicroBench
06:58:03        8 root      20   0   17696  12352   6632 R 100.0   0.1   0:22.55 MicroBench
06:58:03        8 root      20   0   17696  12352   6632 R 100.0   0.1   0:22.72 MicroBench
06:58:03        8 root      20   0   17696  12352   6632 R 100.0   0.1   0:22.89 MicroBench
06:58:03        8 root      20   0   17696  12352   6632 R 100.0   0.1   0:23.05 MicroBench
06:58:04        8 root      20   0   17696  12352   6632 R 100.0   0.1   0:23.23 MicroBench
06:58:04        8 root      20   0   17696  12352   6632 R 100.0   0.1   0:23.39 MicroBench
06:58:04        8 root      20   0   17696  12352   6632 R 100.0   0.1   0:23.55 MicroBench
06:58:04        8 root      20   0   17696  12352   6632 R 100.0   0.1   0:23.72 MicroBench
06:58:04        8 root      20   0   17696  12352   6632 R  93.8   0.1   0:23.88 MicroBench
06:58:04        8 root      20   0   17696  12352   6632 R 100.0   0.1   0:24.04 MicroBench
06:58:05        8 root      20   0   17696  12352   6632 R 100.0   0.1   0:24.20 MicroBench
06:58:05        8 root      20   0   17696  12352   6632 R 100.0   0.1   0:24.37 MicroBench
06:58:05        8 root      20   0   17696  12352   6632 R 100.0   0.1   0:24.53 MicroBench
06:58:05        8 root      20   0   17696  12352   6632 R 100.0   0.1   0:24.69 MicroBench
06:58:05        8 root      20   0   17696  12352   6632 R 100.0   0.1   0:24.85 MicroBench
06:58:05        8 root      20   0   17696  12352   6632 R 100.0   0.1   0:25.02 MicroBench
06:58:05        8 root      20   0   17696  12352   6632 R  93.8   0.1   0:25.19 MicroBench
06:58:06        8 root      20   0   17696  12352   6632 R 100.0   0.1   0:25.35 MicroBench
06:58:06        8 root      20   0   17696  12352   6632 R 100.0   0.1   0:25.51 MicroBench
06:58:06        8 root      20   0   17696  12352   6632 R  93.8   0.1   0:25.67 MicroBench
06:58:06        8 root      20   0   17696  12352   6632 R 100.0   0.1   0:25.84 MicroBench
06:58:06        8 root      20   0   17696  12352   6632 R 100.0   0.1   0:26.00 MicroBench
06:58:06        8 root      20   0   17696  12352   6632 R 100.0   0.1   0:26.17 MicroBench
06:58:07        8 root      20   0   17696  12352   6632 R 100.0   0.1   0:26.33 MicroBench
06:58:07        8 root      20   0   17696  12352   6632 R 100.0   0.1   0:26.50 MicroBench
06:58:07        8 root      20   0   17696  12352   6632 R 100.0   0.1   0:26.66 MicroBench
06:58:07        8 root      20   0   17696  12352   6632 R 100.0   0.1   0:26.83 MicroBench
06:58:07        8 root      20   0   17696  12352   6632 R  87.5   0.1   0:26.99 MicroBench
06:58:07        8 root      20   0   17696  12352   6632 R 100.0   0.1   0:27.16 MicroBench
06:58:08        8 root      20   0   17696  12352   6632 R  93.8   0.1   0:27.32 MicroBench
06:58:08        8 root      20   0   17696  12352   6632 R 100.0   0.1   0:27.50 MicroBench
06:58:08        8 root      20   0   17696  12352   6632 R 100.0   0.1   0:27.66 MicroBench
06:58:08        8 root      20   0   17696  12352   6632 R  93.3   0.1   0:27.82 MicroBench
06:58:08        8 root      20   0   17696  12352   6632 R 100.0   0.1   0:28.00 MicroBench
06:58:08        8 root      20   0   17696  12352   6632 R 100.0   0.1   0:28.16 MicroBench
06:58:09        8 root      20   0   17696  12352   6632 R 100.0   0.1   0:28.33 MicroBench
06:58:09        8 root      20   0   17696  12352   6632 R  93.8   0.1   0:28.49 MicroBench
06:58:09        8 root      20   0   17696  12352   6632 R 100.0   0.1   0:28.66 MicroBench
06:58:09        8 root      20   0   17696  12352   6632 R 100.0   0.1   0:28.82 MicroBench
06:58:09        8 root      20   0   17696  12352   6632 R 100.0   0.1   0:28.99 MicroBench
06:58:09        8 root      20   0   17696  12352   6632 R 100.0   0.1   0:29.15 MicroBench
06:58:10        8 root      20   0   17696  12352   6632 R 100.0   0.1   0:29.32 MicroBench
06:58:10        8 root      20   0   17696  12352   6632 R 100.0   0.1   0:29.48 MicroBench
06:58:10        8 root      20   0   17696  12352   6632 R  93.8   0.1   0:29.64 MicroBench
06:58:10        8 root      20   0   17696  12352   6632 R 100.0   0.1   0:29.81 MicroBench
06:58:10        8 root      20   0   17696  12352   6632 R 100.0   0.1   0:29.97 MicroBench
06:58:10        8 root      20   0   17696  12352   6632 R 100.0   0.1   0:30.13 MicroBench
06:58:11        8 root      20   0   17696  12352   6632 R 100.0   0.1   0:30.29 MicroBench
06:58:11        8 root      20   0   17696  12352   6632 R  93.3   0.1   0:30.45 MicroBench
06:58:11        8 root      20   0   17696  12352   6632 R 100.0   0.1   0:30.62 MicroBench
06:58:11        8 root      20   0   17696  12352   6632 R 100.0   0.1   0:30.79 MicroBench
06:58:11        8 root      20   0   17696  12352   6632 R 100.0   0.1   0:30.95 MicroBench
06:58:11        8 root      20   0   17696  12352   6632 R 100.0   0.1   0:31.12 MicroBench
06:58:12        8 root      20   0   17696  12352   6632 R 100.0   0.1   0:31.28 MicroBench
06:58:12        8 root      20   0   17696  12352   6632 R  93.3   0.1   0:31.44 MicroBench
06:58:12        8 root      20   0   21500  16312   6632 R  93.3   0.1   0:31.60 MicroBench
06:58:12        8 root      20   0   21500  16312   6632 R 100.0   0.1   0:31.77 MicroBench
06:58:12        8 root      20   0   21500  16312   6632 R 100.0   0.1   0:31.94 MicroBench
06:58:12        8 root      20   0   21500  16312   6632 R  93.3   0.1   0:32.10 MicroBench
06:58:13        8 root      20   0   21500  16312   6632 R 100.0   0.1   0:32.27 MicroBench
06:58:13        8 root      20   0   21500  16312   6632 R  93.3   0.1   0:32.43 MicroBench
06:58:13        8 root      20   0   21500  16312   6632 R 100.0   0.1   0:32.61 MicroBench
06:58:13        8 root      20   0   21500  16312   6632 R 100.0   0.1   0:32.77 MicroBench
06:58:13        8 root      20   0   21500  16312   6632 R 100.0   0.1   0:32.94 MicroBench
06:58:13        8 root      20   0   21500  16312   6632 R 100.0   0.1   0:33.10 MicroBench
06:58:14        8 root      20   0   21500  16312   6632 R 100.0   0.1   0:33.27 MicroBench
06:58:14        8 root      20   0   21500  16312   6632 R 100.0   0.1   0:33.43 MicroBench
06:58:14        8 root      20   0   21500  16312   6632 R 100.0   0.1   0:33.60 MicroBench
06:58:14        8 root      20   0   21500  16312   6632 R 100.0   0.1   0:33.76 MicroBench
06:58:14        8 root      20   0   21500  16312   6632 R 100.0   0.1   0:33.92 MicroBench
06:58:14        8 root      20   0   21500  16312   6632 R 100.0   0.1   0:34.09 MicroBench
06:58:15        8 root      20   0   21500  16312   6632 R  93.8   0.1   0:34.26 MicroBench
06:58:15        8 root      20   0   21500  16312   6632 R 100.0   0.1   0:34.42 MicroBench
06:58:15        8 root      20   0   21500  16312   6632 R 100.0   0.1   0:34.58 MicroBench
06:58:15        8 root      20   0   21500  16312   6632 R 100.0   0.1   0:34.75 MicroBench
06:58:15        8 root      20   0   21500  16312   6632 R  93.8   0.1   0:34.91 MicroBench
06:58:15        8 root      20   0   21500  16312   6632 R 100.0   0.1   0:35.07 MicroBench
06:58:16        8 root      20   0   21500  16312   6632 R 100.0   0.1   0:35.24 MicroBench
06:58:16        8 root      20   0   21500  16312   6632 R 100.0   0.1   0:35.40 MicroBench
06:58:16        8 root      20   0   21500  16312   6632 R 100.0   0.1   0:35.56 MicroBench
06:58:16        8 root      20   0   21500  16312   6632 R  93.8   0.1   0:35.73 MicroBench
06:58:16        8 root      20   0   21500  16312   6632 R 100.0   0.1   0:35.90 MicroBench
06:58:16        8 root      20   0   21500  16312   6632 R 100.0   0.1   0:36.06 MicroBench
06:58:17        8 root      20   0   21500  16312   6632 R  93.8   0.1   0:36.23 MicroBench
06:58:17        8 root      20   0   21500  16312   6632 R 100.0   0.1   0:36.39 MicroBench
06:58:17        8 root      20   0   21500  16312   6632 R 100.0   0.1   0:36.56 MicroBench
06:58:17        8 root      20   0   21500  16312   6632 R 100.0   0.1   0:36.73 MicroBench
06:58:17        8 root      20   0   21500  16312   6632 R  93.8   0.1   0:36.90 MicroBench
06:58:17        8 root      20   0   21500  16312   6632 R 100.0   0.1   0:37.06 MicroBench
06:58:18        8 root      20   0   21500  16312   6632 R 100.0   0.1   0:37.22 MicroBench
06:58:18        8 root      20   0   21500  16312   6632 R  93.3   0.1   0:37.38 MicroBench
06:58:18        8 root      20   0   21500  16312   6632 R 100.0   0.1   0:37.55 MicroBench
06:58:18        8 root      20   0   21500  16312   6632 R 100.0   0.1   0:37.71 MicroBench
06:58:18        8 root      20   0   21500  16312   6632 R 100.0   0.1   0:37.88 MicroBench
06:58:18        8 root      20   0   21500  16312   6632 R 100.0   0.1   0:38.04 MicroBench
06:58:19        8 root      20   0   21500  16312   6632 R 100.0   0.1   0:38.20 MicroBench
06:58:19        8 root      20   0   21500  16312   6632 R  93.3   0.1   0:38.36 MicroBench
06:58:19        8 root      20   0   21500  16312   6632 R  93.8   0.1   0:38.53 MicroBench
06:58:19        8 root      20   0   21500  16312   6632 R 100.0   0.1   0:38.69 MicroBench
06:58:19        8 root      20   0   21500  16312   6632 R 100.0   0.1   0:38.85 MicroBench
06:58:19        8 root      20   0   21500  16312   6632 R 100.0   0.1   0:39.02 MicroBench
06:58:20        8 root      20   0   21500  16312   6632 R 100.0   0.1   0:39.18 MicroBench
06:58:20        8 root      20   0   21500  16312   6632 R 100.0   0.1   0:39.34 MicroBench
06:58:20        8 root      20   0   21500  16312   6632 R 100.0   0.1   0:39.51 MicroBench
06:58:20        8 root      20   0   21500  16312   6632 R 100.0   0.1   0:39.67 MicroBench
06:58:20        8 root      20   0   21500  16312   6632 R 100.0   0.1   0:39.84 MicroBench
06:58:20        8 root      20   0   21500  16312   6632 R 100.0   0.1   0:40.00 MicroBench
06:58:20        8 root      20   0   21500  16312   6632 R 100.0   0.1   0:40.16 MicroBench
06:58:21        8 root      20   0   21500  16312   6632 R 100.0   0.1   0:40.33 MicroBench
06:58:21        8 root      20   0   21500  16312   6632 R 100.0   0.1   0:40.49 MicroBench
06:58:21        8 root      20   0   21500  16312   6632 R 100.0   0.1   0:40.65 MicroBench
06:58:21        8 root      20   0   21500  16312   6632 R 100.0   0.1   0:40.82 MicroBench
06:58:21        8 root      20   0   21500  16312   6632 R 100.0   0.1   0:40.98 MicroBench
06:58:21        8 root      20   0   21500  16312   6632 R 100.0   0.1   0:41.14 MicroBench
06:58:22        8 root      20   0   21500  16312   6632 R  93.3   0.1   0:41.30 MicroBench
06:58:22        8 root      20   0   21500  16312   6632 R 100.0   0.1   0:41.47 MicroBench
06:58:22        8 root      20   0   21500  16312   6632 R 100.0   0.1   0:41.63 MicroBench
06:58:22        8 root      20   0   21500  16312   6632 R 100.0   0.1   0:41.80 MicroBench
06:58:22        8 root      20   0   21500  16312   6632 R 100.0   0.1   0:41.96 MicroBench
06:58:22        8 root      20   0   21500  16312   6632 R 100.0   0.1   0:42.12 MicroBench
06:58:23        8 root      20   0   21500  16312   6632 R 100.0   0.1   0:42.28 MicroBench
06:58:23        8 root      20   0   21500  16312   6632 R 100.0   0.1   0:42.45 MicroBench
06:58:23        8 root      20   0   21500  16312   6632 R 100.0   0.1   0:42.61 MicroBench
06:58:23        8 root      20   0   21500  16312   6632 R 100.0   0.1   0:42.77 MicroBench
06:58:23        8 root      20   0   21500  16312   6632 R 100.0   0.1   0:42.94 MicroBench
06:58:23        8 root      20   0   21500  16312   6632 R 100.0   0.1   0:43.10 MicroBench
06:58:24        8 root      20   0   21500  16312   6632 R 100.0   0.1   0:43.26 MicroBench
06:58:24        8 root      20   0   21500  16312   6632 R 100.0   0.1   0:43.43 MicroBench
06:58:24        8 root      20   0   21500  16312   6632 R  93.8   0.1   0:43.59 MicroBench
06:58:24        8 root      20   0   21500  16312   6632 R 100.0   0.1   0:43.75 MicroBench
06:58:24        8 root      20   0   21500  16312   6632 R  93.8   0.1   0:43.92 MicroBench
06:58:24        8 root      20   0   21500  16312   6632 R 100.0   0.1   0:44.08 MicroBench
06:58:25        8 root      20   0   21500  16312   6632 R 100.0   0.1   0:44.25 MicroBench
06:58:25        8 root      20   0   21500  16312   6632 R  93.8   0.1   0:44.41 MicroBench
06:58:25        8 root      20   0   21500  16312   6632 R 100.0   0.1   0:44.57 MicroBench
06:58:25        8 root      20   0   21500  16312   6632 R 100.0   0.1   0:44.74 MicroBench
06:58:25        8 root      20   0   21500  16312   6632 R 100.0   0.1   0:44.90 MicroBench
06:58:25        8 root      20   0   21500  16312   6632 R 100.0   0.1   0:45.06 MicroBench
06:58:26        8 root      20   0   21500  16312   6632 R  93.8   0.1   0:45.23 MicroBench
06:58:26        8 root      20   0   21500  16312   6632 R 100.0   0.1   0:45.39 MicroBench
06:58:26        8 root      20   0   21500  16312   6632 R 100.0   0.1   0:45.55 MicroBench
06:58:26        8 root      20   0   21500  16312   6632 R  93.3   0.1   0:45.71 MicroBench
06:58:26        8 root      20   0   21500  16312   6632 R  93.3   0.1   0:45.87 MicroBench
06:58:26        8 root      20   0   21500  16312   6632 R 100.0   0.1   0:46.04 MicroBench
06:58:27        8 root      20   0   21500  16312   6632 R 100.0   0.1   0:46.20 MicroBench
06:58:27        8 root      20   0   21500  16312   6632 R 100.0   0.1   0:46.36 MicroBench
06:58:27        8 root      20   0   21500  16312   6632 R 100.0   0.1   0:46.53 MicroBench
06:58:27        8 root      20   0   21500  16312   6632 R 100.0   0.1   0:46.69 MicroBench
06:58:27        8 root      20   0   21500  16312   6632 R 100.0   0.1   0:46.85 MicroBench
06:58:27        8 root      20   0   21500  16312   6632 R  93.3   0.1   0:47.01 MicroBench
06:58:28        8 root      20   0   21500  16312   6632 R 100.0   0.1   0:47.18 MicroBench
06:58:28        8 root      20   0   21500  16312   6632 R 100.0   0.1   0:47.34 MicroBench
06:58:28        8 root      20   0   21500  16312   6632 R 100.0   0.1   0:47.50 MicroBench
06:58:28        8 root      20   0   21500  16312   6632 R 100.0   0.1   0:47.66 MicroBench
06:58:28        8 root      20   0   21500  16312   6632 R 100.0   0.1   0:47.82 MicroBench
06:58:28        8 root      20   0   21500  16312   6632 R 100.0   0.1   0:47.98 MicroBench
06:58:28        8 root      20   0   21500  16312   6632 R 100.0   0.1   0:48.14 MicroBench
06:58:29        8 root      20   0   21500  16312   6632 R 100.0   0.1   0:48.30 MicroBench
06:58:29        8 root      20   0   21500  16312   6632 R 100.0   0.1   0:48.47 MicroBench
06:58:29        8 root      20   0   21500  16312   6632 R 100.0   0.1   0:48.63 MicroBench
06:58:29        8 root      20   0   21500  16312   6632 R 100.0   0.1   0:48.79 MicroBench
06:58:29        8 root      20   0   21500  16312   6632 R  93.8   0.1   0:48.95 MicroBench
06:58:29        8 root      20   0   21500  16312   6632 R 100.0   0.1   0:49.12 MicroBench
06:58:30        8 root      20   0   21500  16312   6632 R  93.8   0.1   0:49.28 MicroBench
06:58:30        8 root      20   0   21500  16312   6632 R 100.0   0.1   0:49.45 MicroBench
06:58:30        8 root      20   0   21500  16312   6632 R 100.0   0.1   0:49.61 MicroBench
06:58:30        8 root      20   0   21500  16312   6632 R 100.0   0.1   0:49.77 MicroBench
06:58:30        8 root      20   0   21500  16312   6632 R 100.0   0.1   0:49.94 MicroBench
06:58:30        8 root      20   0   21500  16312   6632 R 100.0   0.1   0:50.10 MicroBench
06:58:31        8 root      20   0   21500  16312   6632 R 100.0   0.1   0:50.27 MicroBench
06:58:31        8 root      20   0   21500  16312   6632 R  93.3   0.1   0:50.42 MicroBench
06:58:31        8 root      20   0   21500  16312   6632 R 100.0   0.1   0:50.60 MicroBench
06:58:31        8 root      20   0   21500  16312   6632 R 100.0   0.1   0:50.76 MicroBench
06:58:31        8 root      20   0   21500  16312   6632 R 100.0   0.1   0:50.92 MicroBench
06:58:31        8 root      20   0   21500  16312   6632 R  93.3   0.1   0:51.08 MicroBench
06:58:32        8 root      20   0   21500  16312   6632 R 100.0   0.1   0:51.26 MicroBench
06:58:32        8 root      20   0   21500  16312   6632 R 100.0   0.1   0:51.42 MicroBench
06:58:32        8 root      20   0   21500  16312   6632 R 100.0   0.1   0:51.58 MicroBench
06:58:32        8 root      20   0   21500  16312   6632 R 100.0   0.1   0:51.75 MicroBench
06:58:32        8 root      20   0   21500  16312   6632 R 100.0   0.1   0:51.91 MicroBench
06:58:32        8 root      20   0   21500  16312   6632 R 100.0   0.1   0:52.07 MicroBench
06:58:33        8 root      20   0   21500  16312   6632 R 100.0   0.1   0:52.24 MicroBench
06:58:33        8 root      20   0   21500  16312   6632 R 100.0   0.1   0:52.40 MicroBench
06:58:33        8 root      20   0   21500  16312   6632 R 100.0   0.1   0:52.57 MicroBench
06:58:33        8 root      20   0   21500  16312   6632 R 100.0   0.1   0:52.73 MicroBench
06:58:33        8 root      20   0   21500  16312   6632 R 100.0   0.1   0:52.89 MicroBench
06:58:33        8 root      20   0   21500  16312   6632 R  93.3   0.1   0:53.05 MicroBench
06:58:34        8 root      20   0   21500  16312   6632 R 100.0   0.1   0:53.22 MicroBench
06:58:34        8 root      20   0   21500  16312   6632 R 100.0   0.1   0:53.38 MicroBench
06:58:34        8 root      20   0   21500  16312   6632 R 100.0   0.1   0:53.55 MicroBench
06:58:34        8 root      20   0   21500  16312   6632 R 100.0   0.1   0:53.71 MicroBench
06:58:34        8 root      20   0   21500  16312   6632 R 100.0   0.1   0:53.87 MicroBench
06:58:34        8 root      20   0   21500  16312   6632 R 100.0   0.1   0:54.03 MicroBench
06:58:35        8 root      20   0   21500  16312   6632 R 100.0   0.1   0:54.19 MicroBench
06:58:35        8 root      20   0   21500  16312   6632 R 100.0   0.1   0:54.36 MicroBench
06:58:35        8 root      20   0   21500  16312   6632 R 100.0   0.1   0:54.52 MicroBench
06:58:35        8 root      20   0   21500  16312   6632 R  93.3   0.1   0:54.68 MicroBench
06:58:35        8 root      20   0   21500  16312   6632 R 100.0   0.1   0:54.85 MicroBench
06:58:35        8 root      20   0   21500  16312   6632 R 100.0   0.1   0:55.01 MicroBench
06:58:36        8 root      20   0   21500  16312   6632 R  93.8   0.1   0:55.18 MicroBench
06:58:36        8 root      20   0   21500  16312   6632 R 100.0   0.1   0:55.34 MicroBench
06:58:36        8 root      20   0   21500  16312   6632 R 100.0   0.1   0:55.50 MicroBench
06:58:36        8 root      20   0   21500  16312   6632 R 100.0   0.1   0:55.66 MicroBench
06:58:36        8 root      20   0   21500  16312   6632 R 100.0   0.1   0:55.82 MicroBench
06:58:36        8 root      20   0   21500  16312   6632 R 100.0   0.1   0:55.99 MicroBench
06:58:36        8 root      20   0   21500  16312   6632 R 100.0   0.1   0:56.15 MicroBench
06:58:37        8 root      20   0   21500  16312   6632 R 100.0   0.1   0:56.31 MicroBench
06:58:37        8 root      20   0   21500  16312   6632 R  93.3   0.1   0:56.47 MicroBench
06:58:37        8 root      20   0   21500  16312   6632 R 100.0   0.1   0:56.64 MicroBench
06:58:37        8 root      20   0   21500  16312   6632 R 100.0   0.1   0:56.81 MicroBench
06:58:37        8 root      20   0   21500  16312   6632 R 100.0   0.1   0:56.97 MicroBench
06:58:37        8 root      20   0   21500  16312   6632 R  93.8   0.1   0:57.13 MicroBench
06:58:38        8 root      20   0   21500  16312   6632 R  93.3   0.1   0:57.29 MicroBench
06:58:38        8 root      20   0   21500  16312   6632 R 100.0   0.1   0:57.46 MicroBench
06:58:38        8 root      20   0   21500  16312   6632 R 100.0   0.1   0:57.62 MicroBench
06:58:38        8 root      20   0   21500  16312   6632 R  93.8   0.1   0:57.78 MicroBench
06:58:38        8 root      20   0   21500  16312   6632 R 100.0   0.1   0:57.94 MicroBench
06:58:38        8 root      20   0   21500  16312   6632 R 100.0   0.1   0:58.11 MicroBench
06:58:39        8 root      20   0   21500  16312   6632 R 100.0   0.1   0:58.27 MicroBench
06:58:39        8 root      20   0   21500  16312   6632 R 100.0   0.1   0:58.43 MicroBench
06:58:39        8 root      20   0   21500  16312   6632 R 100.0   0.1   0:58.60 MicroBench
06:58:39        8 root      20   0   21500  16312   6632 R 100.0   0.1   0:58.76 MicroBench
06:58:39        8 root      20   0   21500  16312   6632 R 100.0   0.1   0:58.93 MicroBench
06:58:39        8 root      20   0   21500  16312   6632 R 100.0   0.1   0:59.09 MicroBench
06:58:40        8 root      20   0   21500  16312   6632 R  93.8   0.1   0:59.25 MicroBench
06:58:40        8 root      20   0   21500  16312   6632 R 100.0   0.1   0:59.41 MicroBench
06:58:40        8 root      20   0   21632  16312   6632 R 100.0   0.1   0:59.57 MicroBench
06:58:40        8 root      20   0   21764  16312   6632 R  93.3   0.1   0:59.73 MicroBench
Avg reg. time: 42020909
Avg opt. time: 17997437
Median reg. time: 42018875
Median opt. time: 17956583
06:58:40  MicroBench not found.
MicroBench process has exited. Monitoring script will terminate.
