Args:
  Field size              : 2748779069441
  l                       : 128
  t                       : 40
  Number of parties        : 512
  Number of repeats        : 3
  Monitor sleep time (ms) : 1

Started ./MicroBench with PID: 8
07:00:50        8 root      20   0   13896   8496   6628 R 100.0   0.1   0:00.16 MicroBench
07:00:50        8 root      20   0   13896   8496   6628 R 100.0   0.1   0:00.32 MicroBench
07:00:50        8 root      20   0   13896   8496   6628 R 100.0   0.1   0:00.49 MicroBench
07:00:50        8 root      20   0   13892   8660   6628 R 100.0   0.1   0:00.66 MicroBench
07:00:51        8 root      20   0   13892   8660   6628 R 100.0   0.1   0:00.82 MicroBench
07:00:51        8 root      20   0   13892   8660   6628 R 100.0   0.1   0:00.99 MicroBench
07:00:51        8 root      20   0   13892   8660   6628 R 100.0   0.1   0:01.15 MicroBench
07:00:51        8 root      20   0   13892   8660   6628 R  93.8   0.1   0:01.31 MicroBench
07:00:51        8 root      20   0   13892   8660   6628 R 100.0   0.1   0:01.48 MicroBench
07:00:51        8 root      20   0   13892   8660   6628 R 100.0   0.1   0:01.65 MicroBench
07:00:52        8 root      20   0   13892   8660   6628 R 100.0   0.1   0:01.81 MicroBench
07:00:52        8 root      20   0   13892   8660   6628 R 100.0   0.1   0:01.98 MicroBench
07:00:52        8 root      20   0   13892   8660   6628 R 100.0   0.1   0:02.14 MicroBench
07:00:52        8 root      20   0   13892   8660   6628 R 100.0   0.1   0:02.31 MicroBench
07:00:52        8 root      20   0   13892   8660   6628 R 100.0   0.1   0:02.47 MicroBench
07:00:52        8 root      20   0   13892   8660   6628 R 100.0   0.1   0:02.63 MicroBench
07:00:53        8 root      20   0   13892   8660   6628 R 100.0   0.1   0:02.79 MicroBench
07:00:53        8 root      20   0   13892   8660   6628 R 100.0   0.1   0:02.96 MicroBench
07:00:53        8 root      20   0   13892   8660   6628 R 100.0   0.1   0:03.13 MicroBench
07:00:53        8 root      20   0   13892   8660   6628 R  93.3   0.1   0:03.29 MicroBench
07:00:53        8 root      20   0   13892   8660   6628 R 100.0   0.1   0:03.46 MicroBench
07:00:53        8 root      20   0   13892   8660   6628 R 100.0   0.1   0:03.63 MicroBench
07:00:54        8 root      20   0   13892   8660   6628 R 100.0   0.1   0:03.80 MicroBench
07:00:54        8 root      20   0   17688  12412   6692 R 100.0   0.1   0:03.96 MicroBench
07:00:54        8 root      20   0   17688  12412   6692 R  93.3   0.1   0:04.12 MicroBench
07:00:54        8 root      20   0   17688  12412   6692 R 100.0   0.1   0:04.29 MicroBench
07:00:54        8 root      20   0   17688  12412   6692 R 100.0   0.1   0:04.46 MicroBench
07:00:54        8 root      20   0   17688  12412   6692 R 100.0   0.1   0:04.62 MicroBench
07:00:55        8 root      20   0   17688  12412   6692 R 100.0   0.1   0:04.78 MicroBench
07:00:55        8 root      20   0   17688  12412   6692 R 100.0   0.1   0:04.95 MicroBench
07:00:55        8 root      20   0   17688  12412   6692 R 100.0   0.1   0:05.11 MicroBench
07:00:55        8 root      20   0   17688  12412   6692 R 100.0   0.1   0:05.28 MicroBench
07:00:55        8 root      20   0   17688  12412   6692 R 100.0   0.1   0:05.44 MicroBench
07:00:55        8 root      20   0   17688  12412   6692 R 100.0   0.1   0:05.61 MicroBench
07:00:56        8 root      20   0   17688  12412   6692 R 100.0   0.1   0:05.78 MicroBench
07:00:56        8 root      20   0   17688  12412   6692 R 100.0   0.1   0:05.94 MicroBench
07:00:56        8 root      20   0   17688  12412   6692 R 100.0   0.1   0:06.11 MicroBench
07:00:56        8 root      20   0   17688  12412   6692 R 100.0   0.1   0:06.28 MicroBench
07:00:56        8 root      20   0   17688  12412   6692 R 100.0   0.1   0:06.44 MicroBench
07:00:56        8 root      20   0   17688  12412   6692 R 100.0   0.1   0:06.60 MicroBench
07:00:56        8 root      20   0   17688  12412   6692 R 100.0   0.1   0:06.76 MicroBench
07:00:57        8 root      20   0   17688  12412   6692 R 100.0   0.1   0:06.93 MicroBench
07:00:57        8 root      20   0   17688  12412   6692 R 100.0   0.1   0:07.09 MicroBench
07:00:57        8 root      20   0   17688  12412   6692 R 100.0   0.1   0:07.25 MicroBench
07:00:57        8 root      20   0   17688  12412   6692 R 100.0   0.1   0:07.42 MicroBench
07:00:57        8 root      20   0   17688  12412   6692 R  93.3   0.1   0:07.58 MicroBench
07:00:57        8 root      20   0   17688  12412   6692 R 100.0   0.1   0:07.75 MicroBench
07:00:58        8 root      20   0   17688  12412   6692 R 100.0   0.1   0:07.91 MicroBench
07:00:58        8 root      20   0   17688  12412   6692 R 100.0   0.1   0:08.08 MicroBench
07:00:58        8 root      20   0   17688  12412   6692 R 100.0   0.1   0:08.24 MicroBench
07:00:58        8 root      20   0   17688  12412   6692 R 100.0   0.1   0:08.40 MicroBench
07:00:58        8 root      20   0   17688  12412   6692 R 100.0   0.1   0:08.56 MicroBench
07:00:58        8 root      20   0   17688  12412   6692 R 100.0   0.1   0:08.73 MicroBench
07:00:59        8 root      20   0   17688  12412   6692 R 100.0   0.1   0:08.89 MicroBench
07:00:59        8 root      20   0   17688  12412   6692 R 100.0   0.1   0:09.06 MicroBench
07:00:59        8 root      20   0   17688  12412   6692 R 100.0   0.1   0:09.23 MicroBench
07:00:59        8 root      20   0   17688  12412   6692 R 100.0   0.1   0:09.39 MicroBench
07:00:59        8 root      20   0   17688  12412   6692 R 100.0   0.1   0:09.55 MicroBench
07:00:59        8 root      20   0   17688  12412   6692 R 100.0   0.1   0:09.72 MicroBench
07:01:00        8 root      20   0   17688  12412   6692 R 100.0   0.1   0:09.88 MicroBench
07:01:00        8 root      20   0   17688  12412   6692 R 100.0   0.1   0:10.05 MicroBench
07:01:00        8 root      20   0   17688  12412   6692 R 100.0   0.1   0:10.21 MicroBench
07:01:00        8 root      20   0   17688  12412   6692 R 100.0   0.1   0:10.37 MicroBench
07:01:00        8 root      20   0   17688  12412   6692 R 100.0   0.1   0:10.54 MicroBench
07:01:00        8 root      20   0   17688  12412   6692 R 100.0   0.1   0:10.70 MicroBench
07:01:01        8 root      20   0   17688  12412   6692 R 100.0   0.1   0:10.87 MicroBench
07:01:01        8 root      20   0   17688  12412   6692 R  93.8   0.1   0:11.04 MicroBench
07:01:01        8 root      20   0   17688  12412   6692 R 100.0   0.1   0:11.21 MicroBench
07:01:01        8 root      20   0   17688  12412   6692 R 100.0   0.1   0:11.37 MicroBench
07:01:01        8 root      20   0   17688  12412   6692 R 100.0   0.1   0:11.54 MicroBench
07:01:01        8 root      20   0   17688  12412   6692 R 100.0   0.1   0:11.70 MicroBench
07:01:02        8 root      20   0   17688  12412   6692 R 100.0   0.1   0:11.87 MicroBench
07:01:02        8 root      20   0   17688  12412   6692 R 100.0   0.1   0:12.04 MicroBench
07:01:02        8 root      20   0   17688  12412   6692 R 100.0   0.1   0:12.20 MicroBench
07:01:02        8 root      20   0   17688  12412   6692 R 100.0   0.1   0:12.35 MicroBench
07:01:02        8 root      20   0   17688  12412   6692 R 100.0   0.1   0:12.52 MicroBench
07:01:02        8 root      20   0   17688  12412   6692 R 100.0   0.1   0:12.68 MicroBench
07:01:03        8 root      20   0   17688  12412   6692 R 100.0   0.1   0:12.85 MicroBench
07:01:03        8 root      20   0   17688  12412   6692 R  93.8   0.1   0:13.02 MicroBench
07:01:03        8 root      20   0   17688  12412   6692 R 100.0   0.1   0:13.18 MicroBench
07:01:03        8 root      20   0   17688  12412   6692 R  93.3   0.1   0:13.34 MicroBench
07:01:03        8 root      20   0   17688  12412   6692 R 100.0   0.1   0:13.52 MicroBench
07:01:03        8 root      20   0   17688  12412   6692 R 100.0   0.1   0:13.68 MicroBench
07:01:04        8 root      20   0   17688  12412   6692 R 100.0   0.1   0:13.85 MicroBench
07:01:04        8 root      20   0   17688  12412   6692 R 100.0   0.1   0:14.01 MicroBench
07:01:04        8 root      20   0   17688  12412   6692 R 100.0   0.1   0:14.18 MicroBench
07:01:04        8 root      20   0   17688  12412   6692 R 100.0   0.1   0:14.34 MicroBench
07:01:04        8 root      20   0   17688  12412   6692 R 100.0   0.1   0:14.50 MicroBench
07:01:04        8 root      20   0   17688  12412   6692 R 100.0   0.1   0:14.66 MicroBench
07:01:05        8 root      20   0   17688  12412   6692 R 100.0   0.1   0:14.83 MicroBench
07:01:05        8 root      20   0   17688  12412   6692 R 100.0   0.1   0:14.99 MicroBench
07:01:05        8 root      20   0   17688  12412   6692 R 100.0   0.1   0:15.15 MicroBench
07:01:05        8 root      20   0   17688  12412   6692 R 100.0   0.1   0:15.32 MicroBench
07:01:05        8 root      20   0   17688  12412   6692 R 100.0   0.1   0:15.49 MicroBench
07:01:05        8 root      20   0   17688  12412   6692 R 100.0   0.1   0:15.65 MicroBench
07:01:06        8 root      20   0   17688  12412   6692 R 100.0   0.1   0:15.81 MicroBench
07:01:06        8 root      20   0   17688  12412   6692 R 100.0   0.1   0:15.98 MicroBench
07:01:06        8 root      20   0   17688  12412   6692 R 100.0   0.1   0:16.15 MicroBench
07:01:06        8 root      20   0   17688  12412   6692 R  93.8   0.1   0:16.31 MicroBench
07:01:06        8 root      20   0   17688  12412   6692 R 100.0   0.1   0:16.49 MicroBench
07:01:06        8 root      20   0   17688  12412   6692 R  93.3   0.1   0:16.65 MicroBench
07:01:07        8 root      20   0   17688  12412   6692 R 100.0   0.1   0:16.82 MicroBench
07:01:07        8 root      20   0   17688  12412   6692 R 100.0   0.1   0:16.98 MicroBench
07:01:07        8 root      20   0   17688  12412   6692 R 100.0   0.1   0:17.14 MicroBench
07:01:07        8 root      20   0   17688  12412   6692 R 100.0   0.1   0:17.30 MicroBench
07:01:07        8 root      20   0   17688  12412   6692 R 100.0   0.1   0:17.46 MicroBench
07:01:07        8 root      20   0   17688  12412   6692 R 100.0   0.1   0:17.62 MicroBench
07:01:08        8 root      20   0   17688  12412   6692 R 100.0   0.1   0:17.79 MicroBench
07:01:08        8 root      20   0   17688  12412   6692 R 100.0   0.1   0:17.96 MicroBench
07:01:08        8 root      20   0   17688  12412   6692 R 100.0   0.1   0:18.12 MicroBench
07:01:08        8 root      20   0   17688  12412   6692 R 100.0   0.1   0:18.28 MicroBench
07:01:08        8 root      20   0   17688  12412   6692 R 100.0   0.1   0:18.44 MicroBench
07:01:08        8 root      20   0   17688  12412   6692 R 100.0   0.1   0:18.61 MicroBench
07:01:09        8 root      20   0   17688  12412   6692 R 100.0   0.1   0:18.78 MicroBench
07:01:09        8 root      20   0   17688  12412   6692 R 100.0   0.1   0:18.94 MicroBench
07:01:09        8 root      20   0   17688  12412   6692 R 100.0   0.1   0:19.11 MicroBench
07:01:09        8 root      20   0   17688  12412   6692 R 100.0   0.1   0:19.27 MicroBench
07:01:09        8 root      20   0   17688  12412   6692 R 100.0   0.1   0:19.44 MicroBench
07:01:09        8 root      20   0   17688  12412   6692 R 100.0   0.1   0:19.60 MicroBench
07:01:10        8 root      20   0   17688  12412   6692 R 100.0   0.1   0:19.77 MicroBench
07:01:10        8 root      20   0   17688  12412   6692 R 100.0   0.1   0:19.94 MicroBench
07:01:10        8 root      20   0   17688  12412   6692 R 100.0   0.1   0:20.10 MicroBench
07:01:10        8 root      20   0   17688  12412   6692 R  93.3   0.1   0:20.26 MicroBench
07:01:10        8 root      20   0   17688  12412   6692 R 100.0   0.1   0:20.43 MicroBench
07:01:10        8 root      20   0   17688  12412   6692 R 100.0   0.1   0:20.59 MicroBench
07:01:11        8 root      20   0   17688  12412   6692 R 100.0   0.1   0:20.76 MicroBench
07:01:11        8 root      20   0   17688  12412   6692 R 100.0   0.1   0:20.92 MicroBench
07:01:11        8 root      20   0   17688  12412   6692 R 100.0   0.1   0:21.08 MicroBench
07:01:11        8 root      20   0   17688  12412   6692 R 100.0   0.1   0:21.25 MicroBench
07:01:11        8 root      20   0   17688  12412   6692 R 100.0   0.1   0:21.41 MicroBench
07:01:11        8 root      20   0   17688  12412   6692 R 100.0   0.1   0:21.58 MicroBench
07:01:12        8 root      20   0   17688  12412   6692 R 100.0   0.1   0:21.74 MicroBench
07:01:12        8 root      20   0   17688  12412   6692 R 100.0   0.1   0:21.91 MicroBench
07:01:12        8 root      20   0   17688  12412   6692 R 100.0   0.1   0:22.07 MicroBench
07:01:12        8 root      20   0   17688  12412   6692 R 100.0   0.1   0:22.23 MicroBench
07:01:12        8 root      20   0   17688  12412   6692 R 100.0   0.1   0:22.39 MicroBench
07:01:12        8 root      20   0   17688  12412   6692 R 100.0   0.1   0:22.55 MicroBench
07:01:12        8 root      20   0   17688  12412   6692 R  93.8   0.1   0:22.72 MicroBench
07:01:13        8 root      20   0   17688  12412   6692 R 100.0   0.1   0:22.89 MicroBench
07:01:13        8 root      20   0   17688  12412   6692 R 100.0   0.1   0:23.05 MicroBench
07:01:13        8 root      20   0   17688  12412   6692 R 100.0   0.1   0:23.22 MicroBench
07:01:13        8 root      20   0   17688  12412   6692 R 100.0   0.1   0:23.39 MicroBench
07:01:13        8 root      20   0   17688  12412   6692 R 100.0   0.1   0:23.56 MicroBench
07:01:13        8 root      20   0   17688  12412   6692 R 100.0   0.1   0:23.72 MicroBench
07:01:14        8 root      20   0   17688  12412   6692 R 100.0   0.1   0:23.88 MicroBench
07:01:14        8 root      20   0   17688  12412   6692 R  93.3   0.1   0:24.04 MicroBench
07:01:14        8 root      20   0   17688  12412   6692 R 100.0   0.1   0:24.21 MicroBench
07:01:14        8 root      20   0   17688  12412   6692 R 100.0   0.1   0:24.37 MicroBench
07:01:14        8 root      20   0   17688  12412   6692 R 100.0   0.1   0:24.53 MicroBench
07:01:14        8 root      20   0   17688  12412   6692 R 100.0   0.1   0:24.69 MicroBench
07:01:15        8 root      20   0   17688  12412   6692 R 100.0   0.1   0:24.86 MicroBench
07:01:15        8 root      20   0   17688  12412   6692 R 100.0   0.1   0:25.02 MicroBench
07:01:15        8 root      20   0   17688  12412   6692 R 100.0   0.1   0:25.19 MicroBench
07:01:15        8 root      20   0   17688  12412   6692 R 100.0   0.1   0:25.36 MicroBench
07:01:15        8 root      20   0   17688  12412   6692 R  93.8   0.1   0:25.53 MicroBench
07:01:15        8 root      20   0   17688  12412   6692 R 100.0   0.1   0:25.70 MicroBench
07:01:16        8 root      20   0   17688  12412   6692 R 100.0   0.1   0:25.87 MicroBench
07:01:16        8 root      20   0   17688  12412   6692 R 100.0   0.1   0:26.03 MicroBench
07:01:16        8 root      20   0   17688  12412   6692 R 100.0   0.1   0:26.19 MicroBench
07:01:16        8 root      20   0   17688  12412   6692 R 100.0   0.1   0:26.36 MicroBench
07:01:16        8 root      20   0   17688  12412   6692 R 100.0   0.1   0:26.52 MicroBench
07:01:16        8 root      20   0   17688  12412   6692 R 100.0   0.1   0:26.68 MicroBench
07:01:17        8 root      20   0   17688  12412   6692 R 100.0   0.1   0:26.85 MicroBench
07:01:17        8 root      20   0   17688  12412   6692 R 100.0   0.1   0:27.01 MicroBench
07:01:17        8 root      20   0   17688  12412   6692 R 100.0   0.1   0:27.18 MicroBench
07:01:17        8 root      20   0   17688  12412   6692 R  93.8   0.1   0:27.34 MicroBench
07:01:17        8 root      20   0   17688  12412   6692 R 100.0   0.1   0:27.50 MicroBench
07:01:17        8 root      20   0   17688  12412   6692 R 100.0   0.1   0:27.66 MicroBench
07:01:18        8 root      20   0   17688  12412   6692 R 100.0   0.1   0:27.83 MicroBench
07:01:18        8 root      20   0   17688  12412   6692 R  93.8   0.1   0:27.99 MicroBench
07:01:18        8 root      20   0   17688  12412   6692 R 100.0   0.1   0:28.15 MicroBench
07:01:18        8 root      20   0   17688  12412   6692 R  93.8   0.1   0:28.32 MicroBench
07:01:18        8 root      20   0   17688  12412   6692 R 100.0   0.1   0:28.48 MicroBench
07:01:18        8 root      20   0   17688  12412   6692 R 100.0   0.1   0:28.65 MicroBench
07:01:19        8 root      20   0   17688  12412   6692 R 100.0   0.1   0:28.81 MicroBench
07:01:19        8 root      20   0   17688  12412   6692 R 100.0   0.1   0:28.98 MicroBench
07:01:19        8 root      20   0   17688  12412   6692 R 100.0   0.1   0:29.15 MicroBench
07:01:19        8 root      20   0   17688  12412   6692 R 100.0   0.1   0:29.31 MicroBench
07:01:19        8 root      20   0   17688  12412   6692 R 100.0   0.1   0:29.48 MicroBench
07:01:19        8 root      20   0   17688  12412   6692 R 100.0   0.1   0:29.64 MicroBench
07:01:20        8 root      20   0   17688  12412   6692 R 100.0   0.1   0:29.81 MicroBench
07:01:20        8 root      20   0   17688  12412   6692 R 100.0   0.1   0:29.97 MicroBench
07:01:20        8 root      20   0   17688  12412   6692 R 100.0   0.1   0:30.13 MicroBench
07:01:20        8 root      20   0   17688  12412   6692 R  93.8   0.1   0:30.29 MicroBench
07:01:20        8 root      20   0   17688  12412   6692 R  93.3   0.1   0:30.45 MicroBench
07:01:20        8 root      20   0   17688  12412   6692 R 100.0   0.1   0:30.62 MicroBench
07:01:21        8 root      20   0   17688  12412   6692 R 100.0   0.1   0:30.79 MicroBench
07:01:21        8 root      20   0   17688  12412   6692 R 100.0   0.1   0:30.95 MicroBench
07:01:21        8 root      20   0   17688  12412   6692 R  93.3   0.1   0:31.11 MicroBench
07:01:21        8 root      20   0   17688  12412   6692 R 100.0   0.1   0:31.28 MicroBench
07:01:21        8 root      20   0   17688  12412   6692 R 100.0   0.1   0:31.44 MicroBench
07:01:21        8 root      20   0   17688  12412   6692 R 100.0   0.1   0:31.60 MicroBench
07:01:22        8 root      20   0   17688  12412   6692 R 100.0   0.1   0:31.76 MicroBench
07:01:22        8 root      20   0   17688  12412   6692 R 100.0   0.1   0:31.93 MicroBench
07:01:22        8 root      20   0   17688  12412   6692 R 100.0   0.1   0:32.09 MicroBench
07:01:22        8 root      20   0   17688  12412   6692 R 100.0   0.1   0:32.25 MicroBench
07:01:22        8 root      20   0   17688  12412   6692 R  93.3   0.1   0:32.41 MicroBench
07:01:22        8 root      20   0   17688  12412   6692 R 100.0   0.1   0:32.59 MicroBench
07:01:23        8 root      20   0   17688  12412   6692 R 100.0   0.1   0:32.75 MicroBench
07:01:23        8 root      20   0   17688  12412   6692 R  93.3   0.1   0:32.91 MicroBench
07:01:23        8 root      20   0   17688  12412   6692 R  93.8   0.1   0:33.08 MicroBench
07:01:23        8 root      20   0   17688  12412   6692 R 100.0   0.1   0:33.24 MicroBench
07:01:23        8 root      20   0   17688  12412   6692 R 100.0   0.1   0:33.40 MicroBench
07:01:23        8 root      20   0   17688  12412   6692 R 100.0   0.1   0:33.57 MicroBench
07:01:24        8 root      20   0   17688  12412   6692 R 100.0   0.1   0:33.74 MicroBench
07:01:24        8 root      20   0   17688  12412   6692 R 100.0   0.1   0:33.91 MicroBench
07:01:24        8 root      20   0   17688  12412   6692 R 100.0   0.1   0:34.07 MicroBench
07:01:24        8 root      20   0   17688  12412   6692 R 100.0   0.1   0:34.24 MicroBench
07:01:24        8 root      20   0   17688  12412   6692 R 100.0   0.1   0:34.41 MicroBench
07:01:24        8 root      20   0   17688  12412   6692 R 100.0   0.1   0:34.57 MicroBench
07:01:25        8 root      20   0   17688  12412   6692 R 100.0   0.1   0:34.74 MicroBench
07:01:25        8 root      20   0   17688  12412   6692 R 100.0   0.1   0:34.90 MicroBench
07:01:25        8 root      20   0   17688  12412   6692 R 100.0   0.1   0:35.06 MicroBench
07:01:25        8 root      20   0   17688  12412   6692 R  93.3   0.1   0:35.22 MicroBench
07:01:25        8 root      20   0   17688  12412   6692 R  93.3   0.1   0:35.38 MicroBench
07:01:25        8 root      20   0   21748  16372   6692 R  93.3   0.1   0:35.54 MicroBench
07:01:26        8 root      20   0   21748  16372   6692 R 100.0   0.1   0:35.71 MicroBench
07:01:26        8 root      20   0   21748  16372   6692 R 100.0   0.1   0:35.87 MicroBench
07:01:26        8 root      20   0   21748  16372   6692 R 100.0   0.1   0:36.04 MicroBench
07:01:26        8 root      20   0   21748  16372   6692 R 100.0   0.1   0:36.21 MicroBench
07:01:26        8 root      20   0   21748  16372   6692 R 100.0   0.1   0:36.37 MicroBench
07:01:26        8 root      20   0   21748  16372   6692 R 100.0   0.1   0:36.53 MicroBench
07:01:26        8 root      20   0   21748  16372   6692 R 100.0   0.1   0:36.70 MicroBench
07:01:27        8 root      20   0   21748  16372   6692 R 100.0   0.1   0:36.86 MicroBench
07:01:27        8 root      20   0   21748  16372   6692 R  93.3   0.1   0:37.02 MicroBench
07:01:27        8 root      20   0   21748  16372   6692 R 100.0   0.1   0:37.19 MicroBench
07:01:27        8 root      20   0   21748  16372   6692 R 100.0   0.1   0:37.36 MicroBench
07:01:27        8 root      20   0   21748  16372   6692 R  87.5   0.1   0:37.52 MicroBench
07:01:27        8 root      20   0   21748  16372   6692 R 100.0   0.1   0:37.69 MicroBench
07:01:28        8 root      20   0   21748  16372   6692 R 100.0   0.1   0:37.85 MicroBench
07:01:28        8 root      20   0   21748  16372   6692 R 100.0   0.1   0:38.02 MicroBench
07:01:28        8 root      20   0   21748  16372   6692 R 100.0   0.1   0:38.18 MicroBench
07:01:28        8 root      20   0   21748  16372   6692 R 100.0   0.1   0:38.34 MicroBench
07:01:28        8 root      20   0   21748  16372   6692 R 100.0   0.1   0:38.51 MicroBench
07:01:28        8 root      20   0   21748  16372   6692 R 100.0   0.1   0:38.67 MicroBench
07:01:29        8 root      20   0   21748  16372   6692 R 100.0   0.1   0:38.83 MicroBench
07:01:29        8 root      20   0   21748  16372   6692 R 100.0   0.1   0:38.99 MicroBench
07:01:29        8 root      20   0   21748  16372   6692 R 100.0   0.1   0:39.16 MicroBench
07:01:29        8 root      20   0   21748  16372   6692 R 100.0   0.1   0:39.33 MicroBench
07:01:29        8 root      20   0   21748  16372   6692 R 100.0   0.1   0:39.49 MicroBench
07:01:29        8 root      20   0   21748  16372   6692 R 100.0   0.1   0:39.66 MicroBench
07:01:30        8 root      20   0   21748  16372   6692 R 100.0   0.1   0:39.82 MicroBench
07:01:30        8 root      20   0   21748  16372   6692 R 100.0   0.1   0:39.99 MicroBench
07:01:30        8 root      20   0   21748  16372   6692 R 100.0   0.1   0:40.15 MicroBench
07:01:30        8 root      20   0   21748  16372   6692 R 100.0   0.1   0:40.31 MicroBench
07:01:30        8 root      20   0   21748  16372   6692 R 100.0   0.1   0:40.48 MicroBench
07:01:30        8 root      20   0   21748  16372   6692 R 100.0   0.1   0:40.65 MicroBench
07:01:31        8 root      20   0   21748  16372   6692 R 100.0   0.1   0:40.82 MicroBench
07:01:31        8 root      20   0   21748  16372   6692 R 100.0   0.1   0:40.99 MicroBench
07:01:31        8 root      20   0   21748  16372   6692 R 100.0   0.1   0:41.15 MicroBench
07:01:31        8 root      20   0   21748  16372   6692 R 100.0   0.1   0:41.32 MicroBench
07:01:31        8 root      20   0   21748  16372   6692 R 100.0   0.1   0:41.48 MicroBench
07:01:31        8 root      20   0   21748  16372   6692 R 100.0   0.1   0:41.65 MicroBench
07:01:32        8 root      20   0   21748  16372   6692 R  93.3   0.1   0:41.82 MicroBench
07:01:32        8 root      20   0   21748  16372   6692 R 100.0   0.1   0:41.99 MicroBench
07:01:32        8 root      20   0   21748  16372   6692 R 100.0   0.1   0:42.16 MicroBench
07:01:32        8 root      20   0   21748  16372   6692 R 100.0   0.1   0:42.32 MicroBench
07:01:32        8 root      20   0   21748  16372   6692 R 100.0   0.1   0:42.48 MicroBench
07:01:32        8 root      20   0   21748  16372   6692 R 100.0   0.1   0:42.65 MicroBench
07:01:33        8 root      20   0   21748  16372   6692 R 100.0   0.1   0:42.81 MicroBench
07:01:33        8 root      20   0   21748  16372   6692 R 100.0   0.1   0:42.98 MicroBench
07:01:33        8 root      20   0   21748  16372   6692 R  93.3   0.1   0:43.14 MicroBench
07:01:33        8 root      20   0   21748  16372   6692 R 100.0   0.1   0:43.31 MicroBench
07:01:33        8 root      20   0   21748  16372   6692 R 100.0   0.1   0:43.47 MicroBench
07:01:33        8 root      20   0   21748  16372   6692 R 100.0   0.1   0:43.64 MicroBench
07:01:34        8 root      20   0   21748  16372   6692 R  93.8   0.1   0:43.81 MicroBench
07:01:34        8 root      20   0   21748  16372   6692 R  93.8   0.1   0:43.98 MicroBench
07:01:34        8 root      20   0   21748  16372   6692 R 100.0   0.1   0:44.15 MicroBench
07:01:34        8 root      20   0   21748  16372   6692 R 100.0   0.1   0:44.31 MicroBench
07:01:34        8 root      20   0   21748  16372   6692 R 100.0   0.1   0:44.47 MicroBench
07:01:34        8 root      20   0   21748  16372   6692 R 100.0   0.1   0:44.63 MicroBench
07:01:35        8 root      20   0   21748  16372   6692 R 100.0   0.1   0:44.80 MicroBench
07:01:35        8 root      20   0   21748  16372   6692 R  93.3   0.1   0:44.96 MicroBench
07:01:35        8 root      20   0   21748  16372   6692 R  93.8   0.1   0:45.13 MicroBench
07:01:35        8 root      20   0   21748  16372   6692 R 100.0   0.1   0:45.29 MicroBench
07:01:35        8 root      20   0   21748  16372   6692 R 100.0   0.1   0:45.46 MicroBench
07:01:35        8 root      20   0   21748  16372   6692 R 100.0   0.1   0:45.62 MicroBench
07:01:36        8 root      20   0   21748  16372   6692 R 100.0   0.1   0:45.78 MicroBench
07:01:36        8 root      20   0   21748  16372   6692 R 100.0   0.1   0:45.94 MicroBench
07:01:36        8 root      20   0   21748  16372   6692 R 100.0   0.1   0:46.10 MicroBench
07:01:36        8 root      20   0   21748  16372   6692 R 100.0   0.1   0:46.27 MicroBench
07:01:36        8 root      20   0   21748  16372   6692 R 100.0   0.1   0:46.43 MicroBench
07:01:36        8 root      20   0   21748  16372   6692 R 100.0   0.1   0:46.59 MicroBench
07:01:37        8 root      20   0   21748  16372   6692 R 100.0   0.1   0:46.76 MicroBench
07:01:37        8 root      20   0   21748  16372   6692 R 100.0   0.1   0:46.92 MicroBench
07:01:37        8 root      20   0   21748  16372   6692 R 100.0   0.1   0:47.08 MicroBench
07:01:37        8 root      20   0   21748  16372   6692 R 100.0   0.1   0:47.25 MicroBench
07:01:37        8 root      20   0   21748  16372   6692 R 100.0   0.1   0:47.42 MicroBench
07:01:37        8 root      20   0   21748  16372   6692 R 100.0   0.1   0:47.58 MicroBench
07:01:38        8 root      20   0   21748  16372   6692 R 100.0   0.1   0:47.74 MicroBench
07:01:38        8 root      20   0   21748  16372   6692 R 100.0   0.1   0:47.91 MicroBench
07:01:38        8 root      20   0   21748  16372   6692 R 100.0   0.1   0:48.07 MicroBench
07:01:38        8 root      20   0   21748  16372   6692 R 100.0   0.1   0:48.23 MicroBench
07:01:38        8 root      20   0   21748  16372   6692 R 100.0   0.1   0:48.39 MicroBench
07:01:38        8 root      20   0   21748  16372   6692 R 100.0   0.1   0:48.55 MicroBench
07:01:39        8 root      20   0   21748  16372   6692 R 100.0   0.1   0:48.72 MicroBench
07:01:39        8 root      20   0   21748  16372   6692 R 100.0   0.1   0:48.88 MicroBench
07:01:39        8 root      20   0   21748  16372   6692 R 100.0   0.1   0:49.05 MicroBench
07:01:39        8 root      20   0   21748  16372   6692 R  93.8   0.1   0:49.21 MicroBench
07:01:39        8 root      20   0   21748  16372   6692 R 100.0   0.1   0:49.37 MicroBench
07:01:39        8 root      20   0   21748  16372   6692 R 100.0   0.1   0:49.54 MicroBench
07:01:40        8 root      20   0   21748  16372   6692 R 100.0   0.1   0:49.70 MicroBench
07:01:40        8 root      20   0   21748  16372   6692 R  93.8   0.1   0:49.86 MicroBench
07:01:40        8 root      20   0   21748  16372   6692 R 100.0   0.1   0:50.02 MicroBench
07:01:40        8 root      20   0   21748  16372   6692 R 100.0   0.1   0:50.18 MicroBench
07:01:40        8 root      20   0   21748  16372   6692 R  93.8   0.1   0:50.35 MicroBench
07:01:40        8 root      20   0   21748  16372   6692 R 100.0   0.1   0:50.51 MicroBench
07:01:40        8 root      20   0   21748  16372   6692 R 100.0   0.1   0:50.68 MicroBench
07:01:41        8 root      20   0   21748  16372   6692 R 100.0   0.1   0:50.85 MicroBench
07:01:41        8 root      20   0   21748  16372   6692 R 100.0   0.1   0:51.01 MicroBench
07:01:41        8 root      20   0   21748  16372   6692 R 100.0   0.1   0:51.18 MicroBench
07:01:41        8 root      20   0   21748  16372   6692 R 100.0   0.1   0:51.34 MicroBench
07:01:41        8 root      20   0   21748  16372   6692 R 100.0   0.1   0:51.50 MicroBench
07:01:41        8 root      20   0   21748  16372   6692 R  93.8   0.1   0:51.67 MicroBench
07:01:42        8 root      20   0   21748  16372   6692 R 100.0   0.1   0:51.83 MicroBench
07:01:42        8 root      20   0   21748  16372   6692 R 100.0   0.1   0:51.99 MicroBench
07:01:42        8 root      20   0   21748  16372   6692 R 100.0   0.1   0:52.16 MicroBench
07:01:42        8 root      20   0   21748  16372   6692 R 100.0   0.1   0:52.33 MicroBench
07:01:42        8 root      20   0   21748  16372   6692 R 100.0   0.1   0:52.50 MicroBench
07:01:42        8 root      20   0   21748  16372   6692 R 100.0   0.1   0:52.66 MicroBench
07:01:43        8 root      20   0   21748  16372   6692 R 100.0   0.1   0:52.82 MicroBench
07:01:43        8 root      20   0   21748  16372   6692 R 100.0   0.1   0:52.99 MicroBench
07:01:43        8 root      20   0   21748  16372   6692 R 100.0   0.1   0:53.16 MicroBench
07:01:43        8 root      20   0   21748  16372   6692 R 100.0   0.1   0:53.32 MicroBench
07:01:43        8 root      20   0   21748  16372   6692 R  93.8   0.1   0:53.48 MicroBench
07:01:43        8 root      20   0   21748  16372   6692 R 100.0   0.1   0:53.65 MicroBench
07:01:44        8 root      20   0   21748  16372   6692 R 100.0   0.1   0:53.82 MicroBench
07:01:44        8 root      20   0   21748  16372   6692 R 100.0   0.1   0:53.98 MicroBench
07:01:44        8 root      20   0   21748  16372   6692 R 100.0   0.1   0:54.14 MicroBench
07:01:44        8 root      20   0   21748  16372   6692 R 100.0   0.1   0:54.31 MicroBench
07:01:44        8 root      20   0   21748  16372   6692 R 100.0   0.1   0:54.47 MicroBench
07:01:44        8 root      20   0   21748  16372   6692 R 100.0   0.1   0:54.64 MicroBench
07:01:45        8 root      20   0   21748  16372   6692 R 100.0   0.1   0:54.80 MicroBench
07:01:45        8 root      20   0   21748  16372   6692 R  93.8   0.1   0:54.97 MicroBench
07:01:45        8 root      20   0   21748  16372   6692 R 100.0   0.1   0:55.13 MicroBench
07:01:45        8 root      20   0   21748  16372   6692 R 100.0   0.1   0:55.30 MicroBench
07:01:45        8 root      20   0   21748  16372   6692 R  93.8   0.1   0:55.46 MicroBench
07:01:45        8 root      20   0   21748  16372   6692 R 100.0   0.1   0:55.62 MicroBench
07:01:46        8 root      20   0   21748  16372   6692 R 100.0   0.1   0:55.78 MicroBench
07:01:46        8 root      20   0   21748  16372   6692 R 100.0   0.1   0:55.95 MicroBench
07:01:46        8 root      20   0   21748  16372   6692 R 100.0   0.1   0:56.11 MicroBench
07:01:46        8 root      20   0   21748  16372   6692 R 100.0   0.1   0:56.27 MicroBench
07:01:46        8 root      20   0   21748  16372   6692 R 100.0   0.1   0:56.44 MicroBench
07:01:46        8 root      20   0   21748  16372   6692 R 100.0   0.1   0:56.60 MicroBench
07:01:47        8 root      20   0   21748  16372   6692 R 100.0   0.1   0:56.77 MicroBench
07:01:47        8 root      20   0   21748  16372   6692 R 100.0   0.1   0:56.93 MicroBench
07:01:47        8 root      20   0   21748  16372   6692 R 100.0   0.1   0:57.10 MicroBench
07:01:47        8 root      20   0   21748  16372   6692 R 100.0   0.1   0:57.27 MicroBench
07:01:47        8 root      20   0   21748  16372   6692 R 100.0   0.1   0:57.44 MicroBench
07:01:47        8 root      20   0   21748  16372   6692 R 100.0   0.1   0:57.60 MicroBench
07:01:48        8 root      20   0   21748  16372   6692 R 100.0   0.1   0:57.77 MicroBench
07:01:48        8 root      20   0   21748  16372   6692 R  93.8   0.1   0:57.93 MicroBench
07:01:48        8 root      20   0   21748  16372   6692 R 100.0   0.1   0:58.10 MicroBench
07:01:48        8 root      20   0   21748  16372   6692 R 100.0   0.1   0:58.26 MicroBench
07:01:48        8 root      20   0   21748  16372   6692 R 100.0   0.1   0:58.43 MicroBench
07:01:48        8 root      20   0   21748  16372   6692 R 100.0   0.1   0:58.59 MicroBench
07:01:49        8 root      20   0   21748  16372   6692 R 100.0   0.1   0:58.75 MicroBench
07:01:49        8 root      20   0   21748  16372   6692 R 100.0   0.1   0:58.92 MicroBench
07:01:49        8 root      20   0   21748  16372   6692 R 100.0   0.1   0:59.08 MicroBench
07:01:49        8 root      20   0   21748  16372   6692 R  93.3   0.1   0:59.24 MicroBench
07:01:49        8 root      20   0   21748  16372   6692 R 100.0   0.1   0:59.41 MicroBench
07:01:49        8 root      20   0   21748  16372   6692 R 100.0   0.1   0:59.57 MicroBench
07:01:50        8 root      20   0   21748  16372   6692 R 100.0   0.1   0:59.74 MicroBench
07:01:50        8 root      20   0   21748  16372   6692 R 100.0   0.1   0:59.91 MicroBench
07:01:50        8 root      20   0   21748  16372   6692 R  93.8   0.1   1:00.07 MicroBench
07:01:50        8 root      20   0   21748  16372   6692 R 100.0   0.1   1:00.23 MicroBench
07:01:50        8 root      20   0   21748  16372   6692 R  93.3   0.1   1:00.39 MicroBench
07:01:50        8 root      20   0   21748  16372   6692 R 100.0   0.1   1:00.56 MicroBench
07:01:51        8 root      20   0   21748  16372   6692 R 100.0   0.1   1:00.72 MicroBench
07:01:51        8 root      20   0   21748  16372   6692 R 100.0   0.1   1:00.89 MicroBench
07:01:51        8 root      20   0   21748  16372   6692 R 100.0   0.1   1:01.06 MicroBench
07:01:51        8 root      20   0   21748  16372   6692 R 100.0   0.1   1:01.22 MicroBench
07:01:51        8 root      20   0   21748  16372   6692 R  93.3   0.1   1:01.38 MicroBench
07:01:51        8 root      20   0   21748  16372   6692 R 100.0   0.1   1:01.55 MicroBench
07:01:52        8 root      20   0   21748  16372   6692 R 100.0   0.1   1:01.71 MicroBench
07:01:52        8 root      20   0   21748  16372   6692 R 100.0   0.1   1:01.88 MicroBench
07:01:52        8 root      20   0   21748  16372   6692 R 100.0   0.1   1:02.04 MicroBench
07:01:52        8 root      20   0   21748  16372   6692 R 100.0   0.1   1:02.21 MicroBench
07:01:52        8 root      20   0   21748  16372   6692 R 100.0   0.1   1:02.38 MicroBench
07:01:52        8 root      20   0   21748  16372   6692 R 100.0   0.1   1:02.55 MicroBench
07:01:53        8 root      20   0   21748  16372   6692 R  93.3   0.1   1:02.70 MicroBench
07:01:53        8 root      20   0   21748  16372   6692 R 100.0   0.1   1:02.87 MicroBench
07:01:53        8 root      20   0   21748  16372   6692 R 100.0   0.1   1:03.04 MicroBench
07:01:53        8 root      20   0   21748  16372   6692 R  93.8   0.1   1:03.20 MicroBench
07:01:53        8 root      20   0   21748  16372   6692 R  93.8   0.1   1:03.37 MicroBench
07:01:53        8 root      20   0   21748  16372   6692 R 100.0   0.1   1:03.54 MicroBench
07:01:54        8 root      20   0   21748  16372   6692 R 100.0   0.1   1:03.70 MicroBench
07:01:54        8 root      20   0   21748  16372   6692 R 100.0   0.1   1:03.87 MicroBench
07:01:54        8 root      20   0   21748  16372   6692 R 100.0   0.1   1:04.03 MicroBench
07:01:54        8 root      20   0   21748  16372   6692 R 100.0   0.1   1:04.20 MicroBench
07:01:54        8 root      20   0   21748  16372   6692 R 100.0   0.1   1:04.37 MicroBench
07:01:54        8 root      20   0   21748  16372   6692 R 100.0   0.1   1:04.53 MicroBench
07:01:55        8 root      20   0   21748  16372   6692 R 100.0   0.1   1:04.69 MicroBench
07:01:55        8 root      20   0   21748  16372   6692 R 100.0   0.1   1:04.85 MicroBench
07:01:55        8 root      20   0   21748  16372   6692 R 100.0   0.1   1:05.02 MicroBench
07:01:55        8 root      20   0   21748  16372   6692 R  93.8   0.1   1:05.18 MicroBench
07:01:55        8 root      20   0   21748  16372   6692 R 100.0   0.1   1:05.34 MicroBench
07:01:55        8 root      20   0   21748  16372   6692 R  93.8   0.1   1:05.51 MicroBench
07:01:56        8 root      20   0   21748  16372   6692 R 100.0   0.1   1:05.67 MicroBench
07:01:56        8 root      20   0   21748  16372   6692 R  93.8   0.1   1:05.84 MicroBench
07:01:56        8 root      20   0   21748  16372   6692 R 100.0   0.1   1:06.00 MicroBench
07:01:56        8 root      20   0   21748  16372   6692 R 100.0   0.1   1:06.16 MicroBench
07:01:56        8 root      20   0   21748  16372   6692 R 100.0   0.1   1:06.33 MicroBench
07:01:56        8 root      20   0   21748  16372   6692 R 100.0   0.1   1:06.49 MicroBench
07:01:57        8 root      20   0   21748  16372   6692 R 100.0   0.1   1:06.65 MicroBench
07:01:57        8 root      20   0   21748  16372   6692 R 100.0   0.1   1:06.82 MicroBench
07:01:57        8 root      20   0   21748  16372   6692 R 100.0   0.1   1:06.98 MicroBench
07:01:57        8 root      20   0   21748  16372   6692 R 100.0   0.1   1:07.15 MicroBench
07:01:57        8 root      20   0   21748  16372   6692 R 100.0   0.1   1:07.31 MicroBench
Avg reg. time: 42817270
Avg opt. time: 18147756
Median reg. time: 42865187
Median opt. time: 18100416
07:01:57  MicroBench not found.
MicroBench process has exited. Monitoring script will terminate.
