Args:
  Field size              : 2748779069441
  l                       : 128
  t                       : 30
  Number of parties        : 512
  Number of repeats        : 3
  Monitor sleep time (ms) : 1

Started ./MicroBench with PID: 8
06:59:44        8 root      20   0   13896   8488   6624 R  93.3   0.1   0:00.14 MicroBench
06:59:44        8 root      20   0   13896   8488   6624 R 100.0   0.1   0:00.32 MicroBench
06:59:44        8 root      20   0   13896   8488   6624 R  93.8   0.1   0:00.48 MicroBench
06:59:45        8 root      20   0   13896   8488   6624 R 100.0   0.1   0:00.64 MicroBench
06:59:45        8 root      20   0   13880   8668   6624 R  93.3   0.1   0:00.80 MicroBench
06:59:45        8 root      20   0   13880   8668   6624 R  93.8   0.1   0:00.97 MicroBench
06:59:45        8 root      20   0   13880   8668   6624 R 100.0   0.1   0:01.13 MicroBench
06:59:45        8 root      20   0   13876   8676   6624 R 100.0   0.1   0:01.29 MicroBench
06:59:45        8 root      20   0   13848   8684   6624 R 100.0   0.1   0:01.46 MicroBench
06:59:45        8 root      20   0   13848   8684   6624 R 100.0   0.1   0:01.62 MicroBench
06:59:46        8 root      20   0   13848   8684   6624 R 100.0   0.1   0:01.78 MicroBench
06:59:46        8 root      20   0   13848   8684   6624 R 100.0   0.1   0:01.95 MicroBench
06:59:46        8 root      20   0   13848   8684   6624 R 100.0   0.1   0:02.11 MicroBench
06:59:46        8 root      20   0   13848   8684   6624 R 100.0   0.1   0:02.28 MicroBench
06:59:46        8 root      20   0   13848   8684   6624 R 100.0   0.1   0:02.44 MicroBench
06:59:46        8 root      20   0   13848   8684   6624 R 100.0   0.1   0:02.61 MicroBench
06:59:47        8 root      20   0   13848   8684   6624 R 100.0   0.1   0:02.77 MicroBench
06:59:47        8 root      20   0   13848   8684   6624 R 100.0   0.1   0:02.93 MicroBench
06:59:47        8 root      20   0   13848   8684   6624 R 100.0   0.1   0:03.10 MicroBench
06:59:47        8 root      20   0   13848   8684   6624 R 100.0   0.1   0:03.26 MicroBench
06:59:47        8 root      20   0   13848   8684   6624 R 100.0   0.1   0:03.43 MicroBench
06:59:47        8 root      20   0   13848   8684   6624 R 100.0   0.1   0:03.59 MicroBench
06:59:48        8 root      20   0   17756  12436   6688 R 100.0   0.1   0:03.76 MicroBench
06:59:48        8 root      20   0   17756  12436   6688 R 100.0   0.1   0:03.93 MicroBench
06:59:48        8 root      20   0   17756  12436   6688 R 100.0   0.1   0:04.09 MicroBench
06:59:48        8 root      20   0   17756  12436   6688 R 100.0   0.1   0:04.25 MicroBench
06:59:48        8 root      20   0   17756  12436   6688 R 100.0   0.1   0:04.41 MicroBench
06:59:48        8 root      20   0   17756  12436   6688 R  93.3   0.1   0:04.57 MicroBench
06:59:49        8 root      20   0   17756  12436   6688 R 100.0   0.1   0:04.74 MicroBench
06:59:49        8 root      20   0   17756  12436   6688 R 100.0   0.1   0:04.90 MicroBench
06:59:49        8 root      20   0   17756  12436   6688 R 100.0   0.1   0:05.07 MicroBench
06:59:49        8 root      20   0   17756  12436   6688 R 100.0   0.1   0:05.23 MicroBench
06:59:49        8 root      20   0   17756  12436   6688 R 100.0   0.1   0:05.40 MicroBench
06:59:49        8 root      20   0   17756  12436   6688 R 100.0   0.1   0:05.56 MicroBench
06:59:50        8 root      20   0   17756  12436   6688 R 100.0   0.1   0:05.73 MicroBench
06:59:50        8 root      20   0   17756  12436   6688 R  87.5   0.1   0:05.88 MicroBench
06:59:50        8 root      20   0   17756  12436   6688 R 100.0   0.1   0:06.05 MicroBench
06:59:50        8 root      20   0   17756  12436   6688 R 100.0   0.1   0:06.21 MicroBench
06:59:50        8 root      20   0   17756  12436   6688 R 100.0   0.1   0:06.37 MicroBench
06:59:50        8 root      20   0   17756  12436   6688 R 100.0   0.1   0:06.54 MicroBench
06:59:51        8 root      20   0   17756  12436   6688 R 100.0   0.1   0:06.70 MicroBench
06:59:51        8 root      20   0   17756  12436   6688 R 100.0   0.1   0:06.86 MicroBench
06:59:51        8 root      20   0   17756  12436   6688 R 100.0   0.1   0:07.02 MicroBench
06:59:51        8 root      20   0   17756  12436   6688 R 100.0   0.1   0:07.18 MicroBench
06:59:51        8 root      20   0   17756  12436   6688 R 100.0   0.1   0:07.34 MicroBench
06:59:51        8 root      20   0   17756  12436   6688 R  93.8   0.1   0:07.50 MicroBench
06:59:52        8 root      20   0   17756  12436   6688 R 100.0   0.1   0:07.67 MicroBench
06:59:52        8 root      20   0   17756  12436   6688 R 100.0   0.1   0:07.83 MicroBench
06:59:52        8 root      20   0   17756  12436   6688 R  93.8   0.1   0:07.99 MicroBench
06:59:52        8 root      20   0   17756  12436   6688 R 100.0   0.1   0:08.15 MicroBench
06:59:52        8 root      20   0   17756  12436   6688 R 100.0   0.1   0:08.32 MicroBench
06:59:52        8 root      20   0   17756  12436   6688 R  93.8   0.1   0:08.48 MicroBench
06:59:53        8 root      20   0   17756  12436   6688 R 100.0   0.1   0:08.65 MicroBench
06:59:53        8 root      20   0   17756  12436   6688 R 100.0   0.1   0:08.81 MicroBench
06:59:53        8 root      20   0   17756  12436   6688 R 100.0   0.1   0:08.97 MicroBench
06:59:53        8 root      20   0   17756  12436   6688 R  93.8   0.1   0:09.13 MicroBench
06:59:53        8 root      20   0   17756  12436   6688 R 100.0   0.1   0:09.29 MicroBench
06:59:53        8 root      20   0   17756  12436   6688 R 100.0   0.1   0:09.46 MicroBench
06:59:54        8 root      20   0   17756  12436   6688 R 100.0   0.1   0:09.62 MicroBench
06:59:54        8 root      20   0   17756  12436   6688 R 100.0   0.1   0:09.78 MicroBench
06:59:54        8 root      20   0   17756  12436   6688 R 100.0   0.1   0:09.95 MicroBench
06:59:54        8 root      20   0   17756  12436   6688 R 100.0   0.1   0:10.11 MicroBench
06:59:54        8 root      20   0   17756  12436   6688 R 100.0   0.1   0:10.28 MicroBench
06:59:54        8 root      20   0   17756  12436   6688 R 100.0   0.1   0:10.44 MicroBench
06:59:54        8 root      20   0   17756  12436   6688 R 100.0   0.1   0:10.60 MicroBench
06:59:55        8 root      20   0   17756  12436   6688 R  93.8   0.1   0:10.77 MicroBench
06:59:55        8 root      20   0   17756  12436   6688 R 100.0   0.1   0:10.93 MicroBench
06:59:55        8 root      20   0   17756  12436   6688 R 100.0   0.1   0:11.10 MicroBench
06:59:55        8 root      20   0   17756  12436   6688 R  93.8   0.1   0:11.26 MicroBench
06:59:55        8 root      20   0   17756  12436   6688 R 100.0   0.1   0:11.42 MicroBench
06:59:55        8 root      20   0   17756  12436   6688 R 100.0   0.1   0:11.58 MicroBench
06:59:56        8 root      20   0   17756  12436   6688 R 100.0   0.1   0:11.75 MicroBench
06:59:56        8 root      20   0   17756  12436   6688 R 100.0   0.1   0:11.91 MicroBench
06:59:56        8 root      20   0   17756  12436   6688 R 100.0   0.1   0:12.07 MicroBench
06:59:56        8 root      20   0   17756  12436   6688 R 100.0   0.1   0:12.23 MicroBench
06:59:56        8 root      20   0   17756  12436   6688 R 100.0   0.1   0:12.40 MicroBench
06:59:56        8 root      20   0   17756  12436   6688 R 100.0   0.1   0:12.57 MicroBench
06:59:57        8 root      20   0   17756  12436   6688 R  93.3   0.1   0:12.72 MicroBench
06:59:57        8 root      20   0   17756  12436   6688 R 100.0   0.1   0:12.89 MicroBench
06:59:57        8 root      20   0   17756  12436   6688 R 100.0   0.1   0:13.06 MicroBench
06:59:57        8 root      20   0   17756  12436   6688 R  93.8   0.1   0:13.22 MicroBench
06:59:57        8 root      20   0   17756  12436   6688 R 100.0   0.1   0:13.38 MicroBench
06:59:57        8 root      20   0   17756  12436   6688 R 100.0   0.1   0:13.54 MicroBench
06:59:58        8 root      20   0   17756  12436   6688 R  93.8   0.1   0:13.71 MicroBench
06:59:58        8 root      20   0   17756  12436   6688 R 100.0   0.1   0:13.87 MicroBench
06:59:58        8 root      20   0   17756  12436   6688 R 100.0   0.1   0:14.04 MicroBench
06:59:58        8 root      20   0   17756  12436   6688 R 100.0   0.1   0:14.20 MicroBench
06:59:58        8 root      20   0   17756  12436   6688 R 100.0   0.1   0:14.36 MicroBench
06:59:58        8 root      20   0   17756  12436   6688 R 100.0   0.1   0:14.53 MicroBench
06:59:59        8 root      20   0   17756  12436   6688 R 100.0   0.1   0:14.69 MicroBench
06:59:59        8 root      20   0   17756  12436   6688 R 100.0   0.1   0:14.85 MicroBench
06:59:59        8 root      20   0   17756  12436   6688 R 100.0   0.1   0:15.02 MicroBench
06:59:59        8 root      20   0   17756  12436   6688 R 100.0   0.1   0:15.18 MicroBench
06:59:59        8 root      20   0   17756  12436   6688 R 100.0   0.1   0:15.35 MicroBench
06:59:59        8 root      20   0   17756  12436   6688 R 100.0   0.1   0:15.51 MicroBench
07:00:00        8 root      20   0   17756  12436   6688 R 100.0   0.1   0:15.68 MicroBench
07:00:00        8 root      20   0   17756  12436   6688 R 100.0   0.1   0:15.84 MicroBench
07:00:00        8 root      20   0   17756  12436   6688 R 100.0   0.1   0:16.01 MicroBench
07:00:00        8 root      20   0   17756  12436   6688 R 100.0   0.1   0:16.17 MicroBench
07:00:00        8 root      20   0   17756  12436   6688 R 100.0   0.1   0:16.33 MicroBench
07:00:00        8 root      20   0   17756  12436   6688 R 100.0   0.1   0:16.49 MicroBench
07:00:01        8 root      20   0   17756  12436   6688 R 100.0   0.1   0:16.66 MicroBench
07:00:01        8 root      20   0   17756  12436   6688 R 100.0   0.1   0:16.83 MicroBench
07:00:01        8 root      20   0   17756  12436   6688 R 100.0   0.1   0:16.99 MicroBench
07:00:01        8 root      20   0   17756  12436   6688 R  93.8   0.1   0:17.15 MicroBench
07:00:01        8 root      20   0   17756  12436   6688 R 100.0   0.1   0:17.31 MicroBench
07:00:01        8 root      20   0   17756  12436   6688 R 100.0   0.1   0:17.47 MicroBench
07:00:02        8 root      20   0   17756  12436   6688 R 100.0   0.1   0:17.64 MicroBench
07:00:02        8 root      20   0   17756  12436   6688 R 100.0   0.1   0:17.80 MicroBench
07:00:02        8 root      20   0   17756  12436   6688 R 100.0   0.1   0:17.96 MicroBench
07:00:02        8 root      20   0   17756  12436   6688 R 100.0   0.1   0:18.13 MicroBench
07:00:02        8 root      20   0   17756  12436   6688 R 100.0   0.1   0:18.29 MicroBench
07:00:02        8 root      20   0   17756  12436   6688 R 100.0   0.1   0:18.45 MicroBench
07:00:03        8 root      20   0   17756  12436   6688 R 100.0   0.1   0:18.61 MicroBench
07:00:03        8 root      20   0   17756  12436   6688 R 100.0   0.1   0:18.77 MicroBench
07:00:03        8 root      20   0   17756  12436   6688 R 100.0   0.1   0:18.94 MicroBench
07:00:03        8 root      20   0   17756  12436   6688 R 100.0   0.1   0:19.10 MicroBench
07:00:03        8 root      20   0   17756  12436   6688 R 100.0   0.1   0:19.27 MicroBench
07:00:03        8 root      20   0   17756  12436   6688 R  93.8   0.1   0:19.43 MicroBench
07:00:03        8 root      20   0   17756  12436   6688 R 100.0   0.1   0:19.60 MicroBench
07:00:04        8 root      20   0   17756  12436   6688 R 100.0   0.1   0:19.76 MicroBench
07:00:04        8 root      20   0   17756  12436   6688 R 100.0   0.1   0:19.93 MicroBench
07:00:04        8 root      20   0   17756  12436   6688 R 100.0   0.1   0:20.09 MicroBench
07:00:04        8 root      20   0   17756  12436   6688 R 100.0   0.1   0:20.26 MicroBench
07:00:04        8 root      20   0   17756  12436   6688 R 100.0   0.1   0:20.42 MicroBench
07:00:04        8 root      20   0   17756  12436   6688 R 100.0   0.1   0:20.58 MicroBench
07:00:05        8 root      20   0   17756  12436   6688 R 100.0   0.1   0:20.74 MicroBench
07:00:05        8 root      20   0   17756  12436   6688 R 100.0   0.1   0:20.91 MicroBench
07:00:05        8 root      20   0   17756  12436   6688 R 100.0   0.1   0:21.07 MicroBench
07:00:05        8 root      20   0   17756  12436   6688 R 100.0   0.1   0:21.24 MicroBench
07:00:05        8 root      20   0   17756  12436   6688 R 100.0   0.1   0:21.40 MicroBench
07:00:05        8 root      20   0   17756  12436   6688 R 100.0   0.1   0:21.57 MicroBench
07:00:06        8 root      20   0   17756  12436   6688 R 100.0   0.1   0:21.73 MicroBench
07:00:06        8 root      20   0   17756  12436   6688 R 100.0   0.1   0:21.89 MicroBench
07:00:06        8 root      20   0   17756  12436   6688 R  93.8   0.1   0:22.06 MicroBench
07:00:06        8 root      20   0   17756  12436   6688 R 100.0   0.1   0:22.22 MicroBench
07:00:06        8 root      20   0   17756  12436   6688 R 100.0   0.1   0:22.38 MicroBench
07:00:06        8 root      20   0   17756  12436   6688 R 100.0   0.1   0:22.55 MicroBench
07:00:07        8 root      20   0   17756  12436   6688 R 100.0   0.1   0:22.71 MicroBench
07:00:07        8 root      20   0   17756  12436   6688 R 100.0   0.1   0:22.88 MicroBench
07:00:07        8 root      20   0   17756  12436   6688 R 100.0   0.1   0:23.04 MicroBench
07:00:07        8 root      20   0   17756  12436   6688 R 100.0   0.1   0:23.20 MicroBench
07:00:07        8 root      20   0   17756  12436   6688 R  93.3   0.1   0:23.36 MicroBench
07:00:07        8 root      20   0   17756  12436   6688 R 100.0   0.1   0:23.53 MicroBench
07:00:08        8 root      20   0   17756  12436   6688 R 100.0   0.1   0:23.69 MicroBench
07:00:08        8 root      20   0   17756  12436   6688 R 100.0   0.1   0:23.86 MicroBench
07:00:08        8 root      20   0   17756  12436   6688 R 100.0   0.1   0:24.02 MicroBench
07:00:08        8 root      20   0   17756  12436   6688 R 100.0   0.1   0:24.19 MicroBench
07:00:08        8 root      20   0   17756  12436   6688 R 100.0   0.1   0:24.35 MicroBench
07:00:08        8 root      20   0   17756  12436   6688 R 100.0   0.1   0:24.51 MicroBench
07:00:09        8 root      20   0   17756  12436   6688 R 100.0   0.1   0:24.67 MicroBench
07:00:09        8 root      20   0   17756  12436   6688 R 100.0   0.1   0:24.83 MicroBench
07:00:09        8 root      20   0   17756  12436   6688 R 100.0   0.1   0:25.00 MicroBench
07:00:09        8 root      20   0   17756  12436   6688 R 100.0   0.1   0:25.16 MicroBench
07:00:09        8 root      20   0   17756  12436   6688 R 100.0   0.1   0:25.33 MicroBench
07:00:09        8 root      20   0   17756  12436   6688 R 100.0   0.1   0:25.49 MicroBench
07:00:10        8 root      20   0   17756  12436   6688 R 100.0   0.1   0:25.66 MicroBench
07:00:10        8 root      20   0   17756  12436   6688 R 100.0   0.1   0:25.83 MicroBench
07:00:10        8 root      20   0   17756  12436   6688 R 100.0   0.1   0:25.99 MicroBench
07:00:10        8 root      20   0   17756  12436   6688 R  93.3   0.1   0:26.15 MicroBench
07:00:10        8 root      20   0   17756  12436   6688 R 100.0   0.1   0:26.32 MicroBench
07:00:10        8 root      20   0   17756  12436   6688 R 100.0   0.1   0:26.48 MicroBench
07:00:11        8 root      20   0   17756  12436   6688 R 100.0   0.1   0:26.65 MicroBench
07:00:11        8 root      20   0   17756  12436   6688 R 100.0   0.1   0:26.82 MicroBench
07:00:11        8 root      20   0   17756  12436   6688 R 100.0   0.1   0:26.98 MicroBench
07:00:11        8 root      20   0   17756  12436   6688 R  93.8   0.1   0:27.14 MicroBench
07:00:11        8 root      20   0   17756  12436   6688 R 100.0   0.1   0:27.30 MicroBench
07:00:11        8 root      20   0   17756  12436   6688 R 100.0   0.1   0:27.47 MicroBench
07:00:12        8 root      20   0   17756  12436   6688 R 100.0   0.1   0:27.63 MicroBench
07:00:12        8 root      20   0   17756  12436   6688 R 100.0   0.1   0:27.80 MicroBench
07:00:12        8 root      20   0   17756  12436   6688 R 100.0   0.1   0:27.96 MicroBench
07:00:12        8 root      20   0   17756  12436   6688 R 100.0   0.1   0:28.12 MicroBench
07:00:12        8 root      20   0   17756  12436   6688 R 100.0   0.1   0:28.29 MicroBench
07:00:12        8 root      20   0   17756  12436   6688 R 100.0   0.1   0:28.45 MicroBench
07:00:13        8 root      20   0   17756  12436   6688 R 100.0   0.1   0:28.61 MicroBench
07:00:13        8 root      20   0   17756  12436   6688 R 100.0   0.1   0:28.77 MicroBench
07:00:13        8 root      20   0   17756  12436   6688 R  93.3   0.1   0:28.93 MicroBench
07:00:13        8 root      20   0   17756  12436   6688 R 100.0   0.1   0:29.10 MicroBench
07:00:13        8 root      20   0   17756  12436   6688 R 100.0   0.1   0:29.27 MicroBench
07:00:13        8 root      20   0   17756  12436   6688 R 100.0   0.1   0:29.43 MicroBench
07:00:13        8 root      20   0   17756  12436   6688 R 100.0   0.1   0:29.59 MicroBench
07:00:14        8 root      20   0   17756  12436   6688 R 100.0   0.1   0:29.76 MicroBench
07:00:14        8 root      20   0   17756  12436   6688 R 100.0   0.1   0:29.92 MicroBench
07:00:14        8 root      20   0   17756  12436   6688 R 100.0   0.1   0:30.09 MicroBench
07:00:14        8 root      20   0   17756  12436   6688 R 100.0   0.1   0:30.25 MicroBench
07:00:14        8 root      20   0   17756  12436   6688 R 100.0   0.1   0:30.42 MicroBench
07:00:14        8 root      20   0   17756  12436   6688 R  93.8   0.1   0:30.58 MicroBench
07:00:15        8 root      20   0   17756  12436   6688 R 100.0   0.1   0:30.74 MicroBench
07:00:15        8 root      20   0   17756  12436   6688 R 100.0   0.1   0:30.91 MicroBench
07:00:15        8 root      20   0   17756  12436   6688 R 100.0   0.1   0:31.07 MicroBench
07:00:15        8 root      20   0   17756  12436   6688 R 100.0   0.1   0:31.23 MicroBench
07:00:15        8 root      20   0   17756  12436   6688 R 100.0   0.1   0:31.40 MicroBench
07:00:15        8 root      20   0   17756  12436   6688 R 100.0   0.1   0:31.57 MicroBench
07:00:16        8 root      20   0   17756  12436   6688 R 100.0   0.1   0:31.74 MicroBench
07:00:16        8 root      20   0   17756  12436   6688 R 100.0   0.1   0:31.91 MicroBench
07:00:16        8 root      20   0   17756  12436   6688 R 100.0   0.1   0:32.07 MicroBench
07:00:16        8 root      20   0   17756  12436   6688 R 100.0   0.1   0:32.23 MicroBench
07:00:16        8 root      20   0   17756  12436   6688 R 100.0   0.1   0:32.39 MicroBench
07:00:16        8 root      20   0   17756  12436   6688 R 100.0   0.1   0:32.55 MicroBench
07:00:17        8 root      20   0   17756  12436   6688 R 100.0   0.1   0:32.72 MicroBench
07:00:17        8 root      20   0   17756  12436   6688 R 100.0   0.1   0:32.88 MicroBench
07:00:17        8 root      20   0   17756  12436   6688 R 100.0   0.1   0:33.05 MicroBench
07:00:17        8 root      20   0   17756  12436   6688 R 100.0   0.1   0:33.21 MicroBench
07:00:17        8 root      20   0   17756  12436   6688 R 100.0   0.1   0:33.37 MicroBench
07:00:17        8 root      20   0   17756  12436   6688 R 100.0   0.1   0:33.54 MicroBench
07:00:18        8 root      20   0   17756  12436   6688 R 100.0   0.1   0:33.70 MicroBench
07:00:18        8 root      20   0   17756  12436   6688 R 100.0   0.1   0:33.87 MicroBench
07:00:18        8 root      20   0   17756  12436   6688 R 100.0   0.1   0:34.03 MicroBench
07:00:18        8 root      20   0   17756  12436   6688 R 100.0   0.1   0:34.19 MicroBench
07:00:18        8 root      20   0   21664  16396   6688 R 100.0   0.1   0:34.36 MicroBench
07:00:18        8 root      20   0   21664  16396   6688 R 100.0   0.1   0:34.52 MicroBench
07:00:19        8 root      20   0   21664  16396   6688 R 100.0   0.1   0:34.67 MicroBench
07:00:19        8 root      20   0   21664  16396   6688 R 100.0   0.1   0:34.84 MicroBench
07:00:19        8 root      20   0   21664  16396   6688 R 100.0   0.1   0:35.00 MicroBench
07:00:19        8 root      20   0   21664  16396   6688 R 100.0   0.1   0:35.16 MicroBench
07:00:19        8 root      20   0   21664  16396   6688 R 100.0   0.1   0:35.33 MicroBench
07:00:19        8 root      20   0   21664  16396   6688 R 100.0   0.1   0:35.49 MicroBench
07:00:20        8 root      20   0   21664  16396   6688 R 100.0   0.1   0:35.65 MicroBench
07:00:20        8 root      20   0   21664  16396   6688 R 100.0   0.1   0:35.81 MicroBench
07:00:20        8 root      20   0   21664  16396   6688 R  93.3   0.1   0:35.97 MicroBench
07:00:20        8 root      20   0   21664  16396   6688 R 100.0   0.1   0:36.14 MicroBench
07:00:20        8 root      20   0   21664  16396   6688 R 100.0   0.1   0:36.31 MicroBench
07:00:20        8 root      20   0   21664  16396   6688 R 100.0   0.1   0:36.47 MicroBench
07:00:21        8 root      20   0   21664  16396   6688 R 100.0   0.1   0:36.63 MicroBench
07:00:21        8 root      20   0   21664  16396   6688 R 100.0   0.1   0:36.80 MicroBench
07:00:21        8 root      20   0   21664  16396   6688 R 100.0   0.1   0:36.96 MicroBench
07:00:21        8 root      20   0   21664  16396   6688 R  93.3   0.1   0:37.12 MicroBench
07:00:21        8 root      20   0   21664  16396   6688 R 100.0   0.1   0:37.29 MicroBench
07:00:21        8 root      20   0   21664  16396   6688 R 100.0   0.1   0:37.45 MicroBench
07:00:22        8 root      20   0   21664  16396   6688 R 100.0   0.1   0:37.62 MicroBench
07:00:22        8 root      20   0   21664  16396   6688 R 100.0   0.1   0:37.78 MicroBench
07:00:22        8 root      20   0   21664  16396   6688 R 100.0   0.1   0:37.94 MicroBench
07:00:22        8 root      20   0   21664  16396   6688 R  93.3   0.1   0:38.10 MicroBench
07:00:22        8 root      20   0   21664  16396   6688 R 100.0   0.1   0:38.27 MicroBench
07:00:22        8 root      20   0   21664  16396   6688 R  93.8   0.1   0:38.43 MicroBench
07:00:23        8 root      20   0   21664  16396   6688 R 100.0   0.1   0:38.59 MicroBench
07:00:23        8 root      20   0   21664  16396   6688 R 100.0   0.1   0:38.75 MicroBench
07:00:23        8 root      20   0   21664  16396   6688 R 100.0   0.1   0:38.91 MicroBench
07:00:23        8 root      20   0   21664  16396   6688 R 100.0   0.1   0:39.08 MicroBench
07:00:23        8 root      20   0   21664  16396   6688 R 100.0   0.1   0:39.24 MicroBench
07:00:23        8 root      20   0   21664  16396   6688 R 100.0   0.1   0:39.41 MicroBench
07:00:23        8 root      20   0   21664  16396   6688 R 100.0   0.1   0:39.57 MicroBench
07:00:24        8 root      20   0   21664  16396   6688 R 100.0   0.1   0:39.73 MicroBench
07:00:24        8 root      20   0   21664  16396   6688 R 100.0   0.1   0:39.90 MicroBench
07:00:24        8 root      20   0   21664  16396   6688 R 100.0   0.1   0:40.06 MicroBench
07:00:24        8 root      20   0   21664  16396   6688 R 100.0   0.1   0:40.22 MicroBench
07:00:24        8 root      20   0   21664  16396   6688 R 100.0   0.1   0:40.39 MicroBench
07:00:24        8 root      20   0   21664  16396   6688 R 100.0   0.1   0:40.55 MicroBench
07:00:25        8 root      20   0   21664  16396   6688 R 100.0   0.1   0:40.72 MicroBench
07:00:25        8 root      20   0   21664  16396   6688 R 100.0   0.1   0:40.88 MicroBench
07:00:25        8 root      20   0   21664  16396   6688 R 100.0   0.1   0:41.04 MicroBench
07:00:25        8 root      20   0   21664  16396   6688 R 100.0   0.1   0:41.20 MicroBench
07:00:25        8 root      20   0   21664  16396   6688 R  93.3   0.1   0:41.36 MicroBench
07:00:25        8 root      20   0   21664  16396   6688 R 100.0   0.1   0:41.53 MicroBench
07:00:26        8 root      20   0   21664  16396   6688 R 100.0   0.1   0:41.69 MicroBench
07:00:26        8 root      20   0   21664  16396   6688 R 100.0   0.1   0:41.85 MicroBench
07:00:26        8 root      20   0   21664  16396   6688 R 100.0   0.1   0:42.01 MicroBench
07:00:26        8 root      20   0   21664  16396   6688 R 100.0   0.1   0:42.18 MicroBench
07:00:26        8 root      20   0   21664  16396   6688 R 100.0   0.1   0:42.35 MicroBench
07:00:26        8 root      20   0   21664  16396   6688 R 100.0   0.1   0:42.51 MicroBench
07:00:27        8 root      20   0   21664  16396   6688 R  93.3   0.1   0:42.67 MicroBench
07:00:27        8 root      20   0   21664  16396   6688 R 100.0   0.1   0:42.84 MicroBench
07:00:27        8 root      20   0   21664  16396   6688 R 100.0   0.1   0:43.00 MicroBench
07:00:27        8 root      20   0   21664  16396   6688 R 100.0   0.1   0:43.16 MicroBench
07:00:27        8 root      20   0   21664  16396   6688 R  93.3   0.1   0:43.32 MicroBench
07:00:27        8 root      20   0   21664  16396   6688 R 100.0   0.1   0:43.49 MicroBench
07:00:28        8 root      20   0   21664  16396   6688 R  93.8   0.1   0:43.65 MicroBench
07:00:28        8 root      20   0   21664  16396   6688 R 100.0   0.1   0:43.81 MicroBench
07:00:28        8 root      20   0   21664  16396   6688 R 100.0   0.1   0:43.98 MicroBench
07:00:28        8 root      20   0   21664  16396   6688 R 100.0   0.1   0:44.14 MicroBench
07:00:28        8 root      20   0   21664  16396   6688 R 100.0   0.1   0:44.30 MicroBench
07:00:28        8 root      20   0   21664  16396   6688 R  93.8   0.1   0:44.46 MicroBench
07:00:29        8 root      20   0   21664  16396   6688 R 100.0   0.1   0:44.62 MicroBench
07:00:29        8 root      20   0   21664  16396   6688 R 100.0   0.1   0:44.78 MicroBench
07:00:29        8 root      20   0   21664  16396   6688 R 100.0   0.1   0:44.94 MicroBench
07:00:29        8 root      20   0   21664  16396   6688 R 100.0   0.1   0:45.11 MicroBench
07:00:29        8 root      20   0   21664  16396   6688 R 100.0   0.1   0:45.27 MicroBench
07:00:29        8 root      20   0   21664  16396   6688 R  93.8   0.1   0:45.44 MicroBench
07:00:30        8 root      20   0   21664  16396   6688 R 100.0   0.1   0:45.60 MicroBench
07:00:30        8 root      20   0   21664  16396   6688 R 100.0   0.1   0:45.76 MicroBench
07:00:30        8 root      20   0   21664  16396   6688 R 100.0   0.1   0:45.93 MicroBench
07:00:30        8 root      20   0   21664  16396   6688 R 100.0   0.1   0:46.10 MicroBench
07:00:30        8 root      20   0   21664  16396   6688 R 100.0   0.1   0:46.26 MicroBench
07:00:30        8 root      20   0   21664  16396   6688 R  93.3   0.1   0:46.42 MicroBench
07:00:31        8 root      20   0   21664  16396   6688 R 100.0   0.1   0:46.59 MicroBench
07:00:31        8 root      20   0   21664  16396   6688 R 100.0   0.1   0:46.75 MicroBench
07:00:31        8 root      20   0   21664  16396   6688 R 100.0   0.1   0:46.92 MicroBench
07:00:31        8 root      20   0   21664  16396   6688 R 100.0   0.1   0:47.08 MicroBench
07:00:31        8 root      20   0   21664  16396   6688 R 100.0   0.1   0:47.24 MicroBench
07:00:31        8 root      20   0   21664  16396   6688 R 100.0   0.1   0:47.41 MicroBench
07:00:31        8 root      20   0   21664  16396   6688 R 100.0   0.1   0:47.57 MicroBench
07:00:32        8 root      20   0   21664  16396   6688 R 100.0   0.1   0:47.73 MicroBench
07:00:32        8 root      20   0   21664  16396   6688 R 100.0   0.1   0:47.90 MicroBench
07:00:32        8 root      20   0   21664  16396   6688 R  93.3   0.1   0:48.05 MicroBench
07:00:32        8 root      20   0   21664  16396   6688 R 100.0   0.1   0:48.22 MicroBench
07:00:32        8 root      20   0   21664  16396   6688 R 100.0   0.1   0:48.39 MicroBench
07:00:32        8 root      20   0   21664  16396   6688 R 100.0   0.1   0:48.55 MicroBench
07:00:33        8 root      20   0   21664  16396   6688 R 100.0   0.1   0:48.71 MicroBench
07:00:33        8 root      20   0   21664  16396   6688 R 100.0   0.1   0:48.88 MicroBench
07:00:33        8 root      20   0   21664  16396   6688 R 100.0   0.1   0:49.04 MicroBench
07:00:33        8 root      20   0   21664  16396   6688 R 100.0   0.1   0:49.20 MicroBench
07:00:33        8 root      20   0   21664  16396   6688 R 100.0   0.1   0:49.36 MicroBench
07:00:33        8 root      20   0   21664  16396   6688 R 100.0   0.1   0:49.52 MicroBench
07:00:34        8 root      20   0   21664  16396   6688 R  93.8   0.1   0:49.68 MicroBench
07:00:34        8 root      20   0   21664  16396   6688 R 100.0   0.1   0:49.84 MicroBench
07:00:34        8 root      20   0   21664  16396   6688 R  93.3   0.1   0:50.00 MicroBench
07:00:34        8 root      20   0   21664  16396   6688 R 100.0   0.1   0:50.17 MicroBench
07:00:34        8 root      20   0   21664  16396   6688 R  93.8   0.1   0:50.33 MicroBench
07:00:34        8 root      20   0   21664  16396   6688 R 100.0   0.1   0:50.50 MicroBench
07:00:35        8 root      20   0   21664  16396   6688 R 100.0   0.1   0:50.66 MicroBench
07:00:35        8 root      20   0   21664  16396   6688 R 100.0   0.1   0:50.82 MicroBench
07:00:35        8 root      20   0   21664  16396   6688 R  93.8   0.1   0:50.98 MicroBench
07:00:35        8 root      20   0   21664  16396   6688 R 100.0   0.1   0:51.15 MicroBench
07:00:35        8 root      20   0   21664  16396   6688 R 100.0   0.1   0:51.31 MicroBench
07:00:35        8 root      20   0   21664  16396   6688 R 100.0   0.1   0:51.48 MicroBench
07:00:36        8 root      20   0   21664  16396   6688 R 100.0   0.1   0:51.64 MicroBench
07:00:36        8 root      20   0   21664  16396   6688 R 100.0   0.1   0:51.80 MicroBench
07:00:36        8 root      20   0   21664  16396   6688 R 100.0   0.1   0:51.97 MicroBench
07:00:36        8 root      20   0   21664  16396   6688 R 100.0   0.1   0:52.14 MicroBench
07:00:36        8 root      20   0   21664  16396   6688 R 100.0   0.1   0:52.30 MicroBench
07:00:36        8 root      20   0   21664  16396   6688 R 100.0   0.1   0:52.46 MicroBench
07:00:37        8 root      20   0   21664  16396   6688 R  93.8   0.1   0:52.62 MicroBench
07:00:37        8 root      20   0   21664  16396   6688 R 100.0   0.1   0:52.79 MicroBench
07:00:37        8 root      20   0   21664  16396   6688 R 100.0   0.1   0:52.95 MicroBench
07:00:37        8 root      20   0   21664  16396   6688 R 100.0   0.1   0:53.12 MicroBench
07:00:37        8 root      20   0   21664  16396   6688 R 100.0   0.1   0:53.28 MicroBench
07:00:37        8 root      20   0   21664  16396   6688 R 100.0   0.1   0:53.44 MicroBench
07:00:38        8 root      20   0   21664  16396   6688 R 100.0   0.1   0:53.61 MicroBench
07:00:38        8 root      20   0   21664  16396   6688 R  93.8   0.1   0:53.78 MicroBench
07:00:38        8 root      20   0   21664  16396   6688 R 100.0   0.1   0:53.94 MicroBench
07:00:38        8 root      20   0   21664  16396   6688 R 100.0   0.1   0:54.11 MicroBench
07:00:38        8 root      20   0   21664  16396   6688 R 100.0   0.1   0:54.28 MicroBench
07:00:38        8 root      20   0   21664  16396   6688 R  93.8   0.1   0:54.44 MicroBench
07:00:39        8 root      20   0   21664  16396   6688 R 100.0   0.1   0:54.60 MicroBench
07:00:39        8 root      20   0   21664  16396   6688 R 100.0   0.1   0:54.77 MicroBench
07:00:39        8 root      20   0   21664  16396   6688 R 100.0   0.1   0:54.93 MicroBench
07:00:39        8 root      20   0   21664  16396   6688 R 100.0   0.1   0:55.10 MicroBench
07:00:39        8 root      20   0   21664  16396   6688 R 100.0   0.1   0:55.26 MicroBench
07:00:39        8 root      20   0   21664  16396   6688 R 100.0   0.1   0:55.43 MicroBench
07:00:40        8 root      20   0   21664  16396   6688 R 100.0   0.1   0:55.59 MicroBench
07:00:40        8 root      20   0   21664  16396   6688 R 100.0   0.1   0:55.75 MicroBench
07:00:40        8 root      20   0   21664  16396   6688 R 100.0   0.1   0:55.92 MicroBench
07:00:40        8 root      20   0   21664  16396   6688 R 100.0   0.1   0:56.09 MicroBench
07:00:40        8 root      20   0   21664  16396   6688 R 100.0   0.1   0:56.25 MicroBench
07:00:40        8 root      20   0   21664  16396   6688 R 100.0   0.1   0:56.41 MicroBench
07:00:41        8 root      20   0   21664  16396   6688 R 100.0   0.1   0:56.58 MicroBench
07:00:41        8 root      20   0   21664  16396   6688 R 100.0   0.1   0:56.74 MicroBench
07:00:41        8 root      20   0   21664  16396   6688 R 100.0   0.1   0:56.90 MicroBench
07:00:41        8 root      20   0   21664  16396   6688 R 100.0   0.1   0:57.06 MicroBench
07:00:41        8 root      20   0   21664  16396   6688 R 100.0   0.1   0:57.23 MicroBench
07:00:41        8 root      20   0   21664  16396   6688 R 100.0   0.1   0:57.39 MicroBench
07:00:41        8 root      20   0   21664  16396   6688 R 100.0   0.1   0:57.55 MicroBench
07:00:42        8 root      20   0   21664  16396   6688 R 100.0   0.1   0:57.71 MicroBench
07:00:42        8 root      20   0   21664  16396   6688 R 100.0   0.1   0:57.88 MicroBench
07:00:42        8 root      20   0   21664  16396   6688 R 100.0   0.1   0:58.05 MicroBench
07:00:42        8 root      20   0   21664  16396   6688 R 100.0   0.1   0:58.21 MicroBench
07:00:42        8 root      20   0   21664  16396   6688 R 100.0   0.1   0:58.37 MicroBench
07:00:42        8 root      20   0   21664  16396   6688 R  93.3   0.1   0:58.53 MicroBench
07:00:43        8 root      20   0   21664  16396   6688 R 100.0   0.1   0:58.70 MicroBench
07:00:43        8 root      20   0   21664  16396   6688 R 100.0   0.1   0:58.86 MicroBench
07:00:43        8 root      20   0   21664  16396   6688 R 100.0   0.1   0:59.02 MicroBench
07:00:43        8 root      20   0   21664  16396   6688 R 100.0   0.1   0:59.19 MicroBench
07:00:43        8 root      20   0   21664  16396   6688 R 100.0   0.1   0:59.36 MicroBench
07:00:43        8 root      20   0   21664  16396   6688 R 100.0   0.1   0:59.52 MicroBench
07:00:44        8 root      20   0   21664  16396   6688 R 100.0   0.1   0:59.68 MicroBench
07:00:44        8 root      20   0   21664  16396   6688 R 100.0   0.1   0:59.85 MicroBench
07:00:44        8 root      20   0   21664  16396   6688 R 100.0   0.1   1:00.01 MicroBench
07:00:44        8 root      20   0   21664  16396   6688 R  93.3   0.1   1:00.18 MicroBench
07:00:44        8 root      20   0   21664  16396   6688 R  93.8   0.1   1:00.35 MicroBench
07:00:44        8 root      20   0   21664  16396   6688 R 100.0   0.1   1:00.51 MicroBench
07:00:45        8 root      20   0   21664  16396   6688 R 100.0   0.1   1:00.67 MicroBench
07:00:45        8 root      20   0   21664  16396   6688 R 100.0   0.1   1:00.84 MicroBench
07:00:45        8 root      20   0   21664  16396   6688 R 100.0   0.1   1:01.01 MicroBench
07:00:45        8 root      20   0   21664  16396   6688 R 100.0   0.1   1:01.17 MicroBench
07:00:45        8 root      20   0   21664  16396   6688 R 100.0   0.1   1:01.34 MicroBench
07:00:45        8 root      20   0   21664  16396   6688 R 100.0   0.1   1:01.50 MicroBench
07:00:46        8 root      20   0   21664  16396   6688 R 100.0   0.1   1:01.67 MicroBench
07:00:46        8 root      20   0   21664  16396   6688 R 100.0   0.1   1:01.83 MicroBench
07:00:46        8 root      20   0   21664  16396   6688 R  93.3   0.1   1:01.99 MicroBench
07:00:46        8 root      20   0   21664  16396   6688 R 100.0   0.1   1:02.16 MicroBench
07:00:46        8 root      20   0   21664  16396   6688 R  93.8   0.1   1:02.33 MicroBench
07:00:46        8 root      20   0   21664  16396   6688 R 100.0   0.1   1:02.49 MicroBench
07:00:47        8 root      20   0   21664  16396   6688 R 100.0   0.1   1:02.65 MicroBench
07:00:47        8 root      20   0   21664  16396   6688 R 100.0   0.1   1:02.82 MicroBench
07:00:47        8 root      20   0   21664  16396   6688 R  93.8   0.1   1:02.99 MicroBench
07:00:47        8 root      20   0   21664  16396   6688 R 100.0   0.1   1:03.15 MicroBench
07:00:47        8 root      20   0   21664  16396   6688 R 100.0   0.1   1:03.31 MicroBench
07:00:47        8 root      20   0   21664  16396   6688 R 100.0   0.1   1:03.48 MicroBench
07:00:48        8 root      20   0   21664  16396   6688 R 100.0   0.1   1:03.64 MicroBench
07:00:48        8 root      20   0   21664  16396   6688 R 100.0   0.1   1:03.80 MicroBench
07:00:48        8 root      20   0   21664  16396   6688 R 100.0   0.1   1:03.96 MicroBench
07:00:48        8 root      20   0   21664  16396   6688 R 100.0   0.1   1:04.13 MicroBench
07:00:48        8 root      20   0   21664  16396   6688 R 100.0   0.1   1:04.29 MicroBench
07:00:48        8 root      20   0   21664  16396   6688 R 100.0   0.1   1:04.45 MicroBench
07:00:49        8 root      20   0   21664  16396   6688 R 100.0   0.1   1:04.61 MicroBench
07:00:49        8 root      20   0   21664  16396   6688 R 100.0   0.1   1:04.78 MicroBench
07:00:49        8 root      20   0   21664  16396   6688 R 100.0   0.1   1:04.94 MicroBench
07:00:49        8 root      20   0   21928  16660   6688 R 100.0   0.1   1:05.11 MicroBench
Avg reg. time: 42618826
Avg opt. time: 18266708
Median reg. time: 42514500
Median opt. time: 18313771
07:00:49  MicroBench not found.
MicroBench process has exited. Monitoring script will terminate.
