Args:
  Field size              : 2748779069441
  l                       : 2
  t                       : 30
  Number of parties        : 256
  Number of repeats        : 250
  Monitor sleep time (ms) : 1

Started ./MicroBench with PID: 8
07:00:26        8 root      20   0   13632   8232   6628 R  87.5   0.1   0:00.15 MicroBench
07:00:26        8 root      20   0   13764   8556   6692 R 100.0   0.1   0:00.33 MicroBench
07:00:27        8 root      20   0   13764   8556   6692 R  93.3   0.1   0:00.49 MicroBench
07:00:27        8 root      20   0   13764   8556   6692 R 100.0   0.1   0:00.67 MicroBench
07:00:27        8 root      20   0   13764   8556   6692 R 100.0   0.1   0:00.83 MicroBench
07:00:27        8 root      20   0   14160   8820   6692 R 100.0   0.1   0:01.00 MicroBench
07:00:27        8 root      20   0   14160   8820   6692 R 100.0   0.1   0:01.17 MicroBench
07:00:27        8 root      20   0   14160   8820   6692 R 100.0   0.1   0:01.34 MicroBench
07:00:28        8 root      20   0   14224   9120   6692 R  93.3   0.1   0:01.50 MicroBench
07:00:28        8 root      20   0   14224   9120   6692 R 100.0   0.1   0:01.67 MicroBench
07:00:28        8 root      20   0   14224   9120   6692 R 100.0   0.1   0:01.84 MicroBench
07:00:28        8 root      20   0   14224   9120   6692 R  93.8   0.1   0:02.01 MicroBench
07:00:28        8 root      20   0   14224   9120   6692 R 100.0   0.1   0:02.18 MicroBench
07:00:28        8 root      20   0   14224   9120   6692 R 100.0   0.1   0:02.35 MicroBench
07:00:29        8 root      20   0   14224   9120   6692 R 100.0   0.1   0:02.52 MicroBench
07:00:29        8 root      20   0   14224   9120   6692 R 100.0   0.1   0:02.69 MicroBench
07:00:29        8 root      20   0   14224   9120   6692 R 100.0   0.1   0:02.85 MicroBench
07:00:29        8 root      20   0   14224   9120   6692 R  62.5   0.1   0:02.97 MicroBench
07:00:29        8 root      20   0   14224   9120   6692 R 100.0   0.1   0:03.14 MicroBench
07:00:29        8 root      20   0   14224   9120   6692 R 100.0   0.1   0:03.31 MicroBench
07:00:30        8 root      20   0   14224   9120   6692 R 100.0   0.1   0:03.49 MicroBench
07:00:30        8 root      20   0   14224   9120   6692 R  93.8   0.1   0:03.66 MicroBench
07:00:30        8 root      20   0   14224   9120   6692 R  93.3   0.1   0:03.82 MicroBench
07:00:30        8 root      20   0   14224   9120   6692 R 100.0   0.1   0:04.00 MicroBench
07:00:30        8 root      20   0   14224   9120   6692 R 100.0   0.1   0:04.16 MicroBench
07:00:30        8 root      20   0   14224   9120   6692 R 100.0   0.1   0:04.33 MicroBench
07:00:31        8 root      20   0   14224   9120   6692 R 100.0   0.1   0:04.50 MicroBench
07:00:31        8 root      20   0   14224   9120   6692 R 100.0   0.1   0:04.67 MicroBench
07:00:31        8 root      20   0   14224   9120   6692 R 100.0   0.1   0:04.84 MicroBench
07:00:31        8 root      20   0   14224   9120   6692 R 100.0   0.1   0:05.01 MicroBench
07:00:31        8 root      20   0   14224   9120   6692 R 100.0   0.1   0:05.17 MicroBench
07:00:31        8 root      20   0   14224   9120   6692 R 100.0   0.1   0:05.34 MicroBench
07:00:32        8 root      20   0   14224   9120   6692 R 100.0   0.1   0:05.51 MicroBench
07:00:32        8 root      20   0   14224   9120   6692 R 100.0   0.1   0:05.68 MicroBench
07:00:32        8 root      20   0   14224   9120   6692 R  93.3   0.1   0:05.84 MicroBench
07:00:32        8 root      20   0   14224   9120   6692 R  93.8   0.1   0:06.01 MicroBench
07:00:32        8 root      20   0   14224   9120   6692 R 100.0   0.1   0:06.18 MicroBench
07:00:32        8 root      20   0   14224   9120   6692 R 100.0   0.1   0:06.35 MicroBench
07:00:33        8 root      20   0   14224   9120   6692 R  93.8   0.1   0:06.52 MicroBench
07:00:33        8 root      20   0   14224   9120   6692 R 100.0   0.1   0:06.69 MicroBench
Avg reg. time: 6704536
Avg opt. time: 14815112
Median reg. time: 6617791
Median opt. time: 14669979
07:00:33  MicroBench not found.
MicroBench process has exited. Monitoring script will terminate.
