Args:
  Field size              : 2748779069441
  l                       : 32
  t                       : 20
  Number of parties        : 512
  Number of repeats        : 1
  Monitor sleep time (ms) : 1

Started ./MicroBench with PID: 8
07:03:51        8 root      20   0   13764   8484   6620 R 100.0   0.1   0:00.16 MicroBench
07:03:52        8 root      20   0   13764   8484   6620 R 100.0   0.1   0:00.33 MicroBench
07:03:52        8 root      20   0   13764   8484   6620 R 100.0   0.1   0:00.49 MicroBench
07:03:52        8 root      20   0   13764   8484   6620 R 100.0   0.1   0:00.66 MicroBench
07:03:52        8 root      20   0   13764   8484   6620 R 100.0   0.1   0:00.83 MicroBench
07:03:52        8 root      20   0   13764   8484   6620 R  93.8   0.1   0:01.00 MicroBench
07:03:52        8 root      20   0   13764   8484   6620 R  93.8   0.1   0:01.17 MicroBench
07:03:53        8 root      20   0   13764   8484   6620 R  93.3   0.1   0:01.33 MicroBench
07:03:53        8 root      20   0   13764   8484   6620 R 100.0   0.1   0:01.50 MicroBench
07:03:53        8 root      20   0   13764   8484   6620 R 100.0   0.1   0:01.67 MicroBench
07:03:53        8 root      20   0   13764   8484   6620 R 100.0   0.1   0:01.84 MicroBench
07:03:53        8 root      20   0   13764   8484   6620 R 100.0   0.1   0:02.01 MicroBench
07:03:53        8 root      20   0   15216   9864   6684 R  93.3   0.1   0:02.17 MicroBench
07:03:54        8 root      20   0   15216   9864   6684 R  93.8   0.1   0:02.34 MicroBench
07:03:54        8 root      20   0   15216   9864   6684 R 100.0   0.1   0:02.51 MicroBench
07:03:54        8 root      20   0   15216   9864   6684 R 100.0   0.1   0:02.68 MicroBench
07:03:54        8 root      20   0   15216   9864   6684 R  93.3   0.1   0:02.84 MicroBench
07:03:54        8 root      20   0   15216   9864   6684 R 100.0   0.1   0:03.02 MicroBench
07:03:54        8 root      20   0   15216   9864   6684 R 100.0   0.1   0:03.18 MicroBench
07:03:55        8 root      20   0   15216   9864   6684 R  93.8   0.1   0:03.35 MicroBench
07:03:55        8 root      20   0   15216   9864   6684 R 100.0   0.1   0:03.52 MicroBench
07:03:55        8 root      20   0   15216   9864   6684 R 100.0   0.1   0:03.69 MicroBench
07:03:55        8 root      20   0   15216   9864   6684 R 100.0   0.1   0:03.85 MicroBench
07:03:55        8 root      20   0   15216   9864   6684 R 100.0   0.1   0:04.02 MicroBench
07:03:55        8 root      20   0   15216   9864   6684 R 100.0   0.1   0:04.19 MicroBench
07:03:56        8 root      20   0   15216   9864   6684 R  93.8   0.1   0:04.36 MicroBench
07:03:56        8 root      20   0   15216   9864   6684 R  93.8   0.1   0:04.53 MicroBench
07:03:56        8 root      20   0   15216   9864   6684 R 100.0   0.1   0:04.70 MicroBench
07:03:56        8 root      20   0   15216   9864   6684 R  86.7   0.1   0:04.84 MicroBench
07:03:56        8 root      20   0   15216   9864   6684 R 100.0   0.1   0:05.00 MicroBench
07:03:56        8 root      20   0   15216   9864   6684 R 100.0   0.1   0:05.17 MicroBench
07:03:57        8 root      20   0   15216   9864   6684 R 100.0   0.1   0:05.35 MicroBench
07:03:57        8 root      20   0   15216   9864   6684 R  93.8   0.1   0:05.52 MicroBench
07:03:57        8 root      20   0   15216   9864   6684 R 100.0   0.1   0:05.69 MicroBench
07:03:57        8 root      20   0   15216   9864   6684 R 100.0   0.1   0:05.86 MicroBench
07:03:57        8 root      20   0   15216   9864   6684 R 100.0   0.1   0:06.02 MicroBench
07:03:57        8 root      20   0   15216   9864   6684 R 100.0   0.1   0:06.19 MicroBench
07:03:58        8 root      20   0   15216   9864   6684 R 100.0   0.1   0:06.36 MicroBench
07:03:58        8 root      20   0   15216   9864   6684 R 100.0   0.1   0:06.53 MicroBench
07:03:58        8 root      20   0   15216   9864   6684 R 100.0   0.1   0:06.70 MicroBench
07:03:58        8 root      20   0   15216   9864   6684 R  87.5   0.1   0:06.86 MicroBench
07:03:58        8 root      20   0   15216   9864   6684 R 100.0   0.1   0:07.03 MicroBench
07:03:58        8 root      20   0   15216   9864   6684 R 100.0   0.1   0:07.21 MicroBench
07:03:59        8 root      20   0   15216   9864   6684 R  93.3   0.1   0:07.37 MicroBench
07:03:59        8 root      20   0   15216   9864   6684 R 100.0   0.1   0:07.54 MicroBench
07:03:59        8 root      20   0   15216   9864   6684 R 100.0   0.1   0:07.71 MicroBench
07:03:59        8 root      20   0   15216   9864   6684 R 100.0   0.1   0:07.88 MicroBench
07:03:59        8 root      20   0   15216   9864   6684 R 100.0   0.1   0:08.05 MicroBench
07:04:00        8 root      20   0   15216   9864   6684 R 100.0   0.1   0:08.22 MicroBench
07:04:00        8 root      20   0   15216   9864   6684 R 100.0   0.1   0:08.39 MicroBench
07:04:00        8 root      20   0   15216   9864   6684 R 100.0   0.1   0:08.56 MicroBench
07:04:00        8 root      20   0   15216   9864   6684 R 100.0   0.1   0:08.73 MicroBench
07:04:00        8 root      20   0   15216   9864   6684 R 100.0   0.1   0:08.90 MicroBench
07:04:00        8 root      20   0   16668  11448   6684 R 100.0   0.1   0:09.06 MicroBench
07:04:01        8 root      20   0   16668  11448   6684 R 100.0   0.1   0:09.23 MicroBench
07:04:01        8 root      20   0   16668  11448   6684 R 100.0   0.1   0:09.41 MicroBench
07:04:01        8 root      20   0   16668  11448   6684 R 100.0   0.1   0:09.57 MicroBench
07:04:01        8 root      20   0   16668  11448   6684 R 100.0   0.1   0:09.74 MicroBench
07:04:01        8 root      20   0   16668  11448   6684 R 100.0   0.1   0:09.91 MicroBench
07:04:01        8 root      20   0   16668  11448   6684 R 100.0   0.1   0:10.08 MicroBench
07:04:02        8 root      20   0   16668  11448   6684 R 100.0   0.1   0:10.25 MicroBench
07:04:02        8 root      20   0   16668  11448   6684 R 100.0   0.1   0:10.42 MicroBench
07:04:02        8 root      20   0   16668  11448   6684 R 100.0   0.1   0:10.59 MicroBench
07:04:02        8 root      20   0   16668  11448   6684 R 100.0   0.1   0:10.76 MicroBench
07:04:02        8 root      20   0   16668  11448   6684 R 100.0   0.1   0:10.93 MicroBench
07:04:02        8 root      20   0   16668  11448   6684 R 100.0   0.1   0:11.10 MicroBench
07:04:03        8 root      20   0   16668  11448   6684 R 100.0   0.1   0:11.27 MicroBench
07:04:03        8 root      20   0   16668  11448   6684 R 100.0   0.1   0:11.43 MicroBench
07:04:03        8 root      20   0   16668  11448   6684 R 100.0   0.1   0:11.60 MicroBench
07:04:03        8 root      20   0   16668  11448   6684 R 100.0   0.1   0:11.78 MicroBench
07:04:03        8 root      20   0   16668  11448   6684 R 100.0   0.1   0:11.95 MicroBench
07:04:03        8 root      20   0   16668  11448   6684 R 100.0   0.1   0:12.11 MicroBench
07:04:04        8 root      20   0   16668  11448   6684 R 100.0   0.1   0:12.28 MicroBench
07:04:04        8 root      20   0   16668  11448   6684 R  93.8   0.1   0:12.45 MicroBench
07:04:04        8 root      20   0   16668  11448   6684 R 100.0   0.1   0:12.62 MicroBench
07:04:04        8 root      20   0   16668  11448   6684 R 100.0   0.1   0:12.79 MicroBench
07:04:04        8 root      20   0   16668  11448   6684 R 100.0   0.1   0:12.96 MicroBench
07:04:04        8 root      20   0   16668  11448   6684 R 100.0   0.1   0:13.12 MicroBench
07:04:05        8 root      20   0   16668  11448   6684 R 100.0   0.1   0:13.29 MicroBench
07:04:05        8 root      20   0   16668  11448   6684 R 100.0   0.1   0:13.46 MicroBench
07:04:05        8 root      20   0   16668  11448   6684 R 100.0   0.1   0:13.63 MicroBench
07:04:05        8 root      20   0   16668  11448   6684 R  93.3   0.1   0:13.79 MicroBench
07:04:05        8 root      20   0   16668  11448   6684 R 100.0   0.1   0:13.96 MicroBench
07:04:05        8 root      20   0   16668  11448   6684 R 100.0   0.1   0:14.13 MicroBench
07:04:06        8 root      20   0   16668  11448   6684 R 100.0   0.1   0:14.30 MicroBench
07:04:06        8 root      20   0   16668  11448   6684 R 100.0   0.1   0:14.47 MicroBench
07:04:06        8 root      20   0   16668  11448   6684 R 100.0   0.1   0:14.64 MicroBench
07:04:06        8 root      20   0   16668  11448   6684 R 100.0   0.1   0:14.81 MicroBench
07:04:06        8 root      20   0   16668  11448   6684 R 100.0   0.1   0:14.98 MicroBench
07:04:06        8 root      20   0   16668  11448   6684 R 100.0   0.1   0:15.16 MicroBench
07:04:07        8 root      20   0   16668  11448   6684 R 100.0   0.1   0:15.32 MicroBench
07:04:07        8 root      20   0   16668  11448   6684 R 100.0   0.1   0:15.49 MicroBench
07:04:07        8 root      20   0   16668  11448   6684 R 100.0   0.1   0:15.66 MicroBench
Avg reg. time: 32429625
Avg opt. time: 33165812
Median reg. time: 32429625
Median opt. time: 33165812
07:04:07  MicroBench not found.
MicroBench process has exited. Monitoring script will terminate.
