Args:
  Field size              : 2748779069441
  l                       : 16
  t                       : 40
  Number of parties        : 512
  Number of repeats        : 5
  Monitor sleep time (ms) : 1

Started ./MicroBench with PID: 8
07:03:14        8 root      20   0   13764   8492   6628 R 100.0   0.1   0:00.16 MicroBench
07:03:14        8 root      20   0   13764   8492   6628 R 100.0   0.1   0:00.33 MicroBench
07:03:14        8 root      20   0   13764   8492   6628 R 100.0   0.1   0:00.49 MicroBench
07:03:15        8 root      20   0   13764   8492   6628 R 100.0   0.1   0:00.69 MicroBench
07:03:15        8 root      20   0   13764   8492   6628 R 100.0   0.1   0:00.85 MicroBench
07:03:15        8 root      20   0   13764   8492   6628 R 100.0   0.1   0:01.02 MicroBench
07:03:15        8 root      20   0   13764   8492   6628 R 100.0   0.1   0:01.19 MicroBench
07:03:15        8 root      20   0   13764   8492   6628 R 100.0   0.1   0:01.36 MicroBench
07:03:16        8 root      20   0   13764   8492   6628 R 100.0   0.1   0:01.53 MicroBench
07:03:16        8 root      20   0   14952   9608   6692 R 100.0   0.1   0:01.70 MicroBench
07:03:16        8 root      20   0   14952   9608   6692 R 100.0   0.1   0:01.87 MicroBench
07:03:16        8 root      20   0   14952   9608   6692 R 100.0   0.1   0:02.05 MicroBench
07:03:16        8 root      20   0   14952   9608   6692 R 100.0   0.1   0:02.22 MicroBench
07:03:16        8 root      20   0   14952   9608   6692 R 100.0   0.1   0:02.39 MicroBench
07:03:17        8 root      20   0   14952   9608   6692 R  93.3   0.1   0:02.55 MicroBench
07:03:17        8 root      20   0   14952   9608   6692 R 100.0   0.1   0:02.72 MicroBench
07:03:17        8 root      20   0   14952   9608   6692 R 100.0   0.1   0:02.89 MicroBench
07:03:17        8 root      20   0   14952   9608   6692 R 100.0   0.1   0:03.06 MicroBench
07:03:17        8 root      20   0   14952   9608   6692 R 100.0   0.1   0:03.23 MicroBench
07:03:17        8 root      20   0   14952   9608   6692 R 100.0   0.1   0:03.39 MicroBench
07:03:18        8 root      20   0   14952   9608   6692 R 100.0   0.1   0:03.56 MicroBench
07:03:18        8 root      20   0   14952   9608   6692 R 100.0   0.1   0:03.73 MicroBench
07:03:18        8 root      20   0   14952   9608   6692 R 100.0   0.1   0:03.90 MicroBench
07:03:18        8 root      20   0   14952   9608   6692 R  93.8   0.1   0:04.07 MicroBench
07:03:18        8 root      20   0   14952   9608   6692 R 100.0   0.1   0:04.24 MicroBench
07:03:18        8 root      20   0   14952   9608   6692 R 100.0   0.1   0:04.40 MicroBench
07:03:19        8 root      20   0   14952   9608   6692 R 100.0   0.1   0:04.57 MicroBench
07:03:19        8 root      20   0   14952   9608   6692 R 100.0   0.1   0:04.74 MicroBench
07:03:19        8 root      20   0   14952   9608   6692 R 100.0   0.1   0:04.91 MicroBench
07:03:19        8 root      20   0   14952   9608   6692 R 100.0   0.1   0:05.08 MicroBench
07:03:19        8 root      20   0   14952   9608   6692 R 100.0   0.1   0:05.25 MicroBench
07:03:19        8 root      20   0   14952   9608   6692 R 100.0   0.1   0:05.41 MicroBench
07:03:20        8 root      20   0   14952   9608   6692 R 100.0   0.1   0:05.58 MicroBench
07:03:20        8 root      20   0   14952   9608   6692 R 100.0   0.1   0:05.75 MicroBench
07:03:20        8 root      20   0   14952   9608   6692 R 100.0   0.1   0:05.92 MicroBench
07:03:20        8 root      20   0   14952   9608   6692 R 100.0   0.1   0:06.09 MicroBench
07:03:20        8 root      20   0   14952   9608   6692 R 100.0   0.1   0:06.25 MicroBench
07:03:20        8 root      20   0   14952   9608   6692 R 100.0   0.1   0:06.42 MicroBench
07:03:21        8 root      20   0   16272  10928   6692 R 100.0   0.1   0:06.59 MicroBench
07:03:21        8 root      20   0   16272  10928   6692 R 100.0   0.1   0:06.76 MicroBench
07:03:21        8 root      20   0   16272  10928   6692 R  93.8   0.1   0:06.93 MicroBench
07:03:21        8 root      20   0   16272  10928   6692 R  93.8   0.1   0:07.10 MicroBench
07:03:21        8 root      20   0   16272  10928   6692 R 100.0   0.1   0:07.27 MicroBench
07:03:21        8 root      20   0   16272  10928   6692 R 100.0   0.1   0:07.44 MicroBench
07:03:22        8 root      20   0   16272  10928   6692 R 100.0   0.1   0:07.61 MicroBench
07:03:22        8 root      20   0   16272  10928   6692 R 100.0   0.1   0:07.77 MicroBench
07:03:22        8 root      20   0   16272  10928   6692 R 100.0   0.1   0:07.94 MicroBench
07:03:22        8 root      20   0   16272  10928   6692 R 100.0   0.1   0:08.12 MicroBench
07:03:22        8 root      20   0   16272  10928   6692 R 100.0   0.1   0:08.29 MicroBench
07:03:22        8 root      20   0   16272  10928   6692 R 100.0   0.1   0:08.47 MicroBench
07:03:23        8 root      20   0   16272  10928   6692 R 100.0   0.1   0:08.64 MicroBench
07:03:23        8 root      20   0   16272  10928   6692 R 100.0   0.1   0:08.81 MicroBench
07:03:23        8 root      20   0   16272  10928   6692 R 100.0   0.1   0:08.98 MicroBench
07:03:23        8 root      20   0   16272  10928   6692 R 100.0   0.1   0:09.15 MicroBench
07:03:23        8 root      20   0   16272  10928   6692 R  93.8   0.1   0:09.31 MicroBench
07:03:23        8 root      20   0   16272  10928   6692 R  93.8   0.1   0:09.48 MicroBench
07:03:24        8 root      20   0   16272  10928   6692 R 100.0   0.1   0:09.65 MicroBench
07:03:24        8 root      20   0   16272  10928   6692 R 100.0   0.1   0:09.82 MicroBench
07:03:24        8 root      20   0   16272  10928   6692 R 100.0   0.1   0:09.99 MicroBench
07:03:24        8 root      20   0   16272  10928   6692 R 100.0   0.1   0:10.16 MicroBench
07:03:24        8 root      20   0   16272  10928   6692 R  93.3   0.1   0:10.32 MicroBench
07:03:25        8 root      20   0   16272  10928   6692 R 100.0   0.1   0:10.49 MicroBench
07:03:25        8 root      20   0   16272  10928   6692 R 100.0   0.1   0:10.67 MicroBench
07:03:25        8 root      20   0   16272  10928   6692 R 100.0   0.1   0:10.83 MicroBench
07:03:25        8 root      20   0   16272  10928   6692 R 100.0   0.1   0:11.00 MicroBench
07:03:25        8 root      20   0   16272  10928   6692 R 100.0   0.1   0:11.17 MicroBench
07:03:25        8 root      20   0   16272  10928   6692 R  93.8   0.1   0:11.34 MicroBench
07:03:26        8 root      20   0   16272  10928   6692 R 100.0   0.1   0:11.51 MicroBench
07:03:26        8 root      20   0   16404  11192   6692 R  93.3   0.1   0:11.67 MicroBench
Avg reg. time: 28439571
Avg opt. time: 32836037
Median reg. time: 28458917
Median opt. time: 32872271
07:03:26  MicroBench not found.
MicroBench process has exited. Monitoring script will terminate.
