Args:
  Field size              : 2748779069441
  l                       : 32
  t                       : 30
  Number of parties        : 512
  Number of repeats        : 1
  Monitor sleep time (ms) : 1

Started ./MicroBench with PID: 8
07:04:08        8 root      20   0   13764   8496   6628 R 100.0   0.1   0:00.15 MicroBench
07:04:08        8 root      20   0   13764   8496   6628 R 100.0   0.1   0:00.32 MicroBench
07:04:08        8 root      20   0   13764   8496   6628 R 100.0   0.1   0:00.48 MicroBench
07:04:09        8 root      20   0   13764   8496   6628 R 100.0   0.1   0:00.66 MicroBench
07:04:09        8 root      20   0   13764   8496   6628 R 100.0   0.1   0:00.83 MicroBench
07:04:09        8 root      20   0   13764   8496   6628 R  93.8   0.1   0:01.00 MicroBench
07:04:09        8 root      20   0   13764   8496   6628 R 100.0   0.1   0:01.17 MicroBench
07:04:09        8 root      20   0   13764   8496   6628 R 100.0   0.1   0:01.34 MicroBench
07:04:09        8 root      20   0   13764   8496   6628 R 100.0   0.1   0:01.50 MicroBench
07:04:10        8 root      20   0   13764   8496   6628 R 100.0   0.1   0:01.67 MicroBench
07:04:10        8 root      20   0   13764   8496   6628 R 100.0   0.1   0:01.84 MicroBench
07:04:10        8 root      20   0   13764   8496   6628 R 100.0   0.1   0:02.01 MicroBench
07:04:10        8 root      20   0   13764   8496   6628 R  93.8   0.1   0:02.18 MicroBench
07:04:10        8 root      20   0   15348  10140   6692 R 100.0   0.1   0:02.35 MicroBench
07:04:10        8 root      20   0   15348  10140   6692 R 100.0   0.1   0:02.52 MicroBench
07:04:11        8 root      20   0   15348  10140   6692 R 100.0   0.1   0:02.69 MicroBench
07:04:11        8 root      20   0   15348  10140   6692 R 100.0   0.1   0:02.86 MicroBench
07:04:11        8 root      20   0   15348  10140   6692 R 100.0   0.1   0:03.03 MicroBench
07:04:11        8 root      20   0   15348  10140   6692 R 100.0   0.1   0:03.20 MicroBench
07:04:11        8 root      20   0   15348  10140   6692 R  93.8   0.1   0:03.36 MicroBench
07:04:11        8 root      20   0   15348  10140   6692 R 100.0   0.1   0:03.53 MicroBench
07:04:12        8 root      20   0   15348  10140   6692 R 100.0   0.1   0:03.70 MicroBench
07:04:12        8 root      20   0   15348  10140   6692 R 100.0   0.1   0:03.87 MicroBench
07:04:12        8 root      20   0   15348  10140   6692 R 100.0   0.1   0:04.03 MicroBench
07:04:12        8 root      20   0   15348  10140   6692 R 100.0   0.1   0:04.20 MicroBench
07:04:12        8 root      20   0   15348  10140   6692 R 100.0   0.1   0:04.37 MicroBench
07:04:12        8 root      20   0   15348  10140   6692 R  93.8   0.1   0:04.54 MicroBench
07:04:13        8 root      20   0   15348  10140   6692 R 100.0   0.1   0:04.71 MicroBench
07:04:13        8 root      20   0   15348  10140   6692 R 100.0   0.1   0:04.88 MicroBench
07:04:13        8 root      20   0   15348  10140   6692 R 100.0   0.1   0:05.04 MicroBench
07:04:13        8 root      20   0   15348  10140   6692 R  93.8   0.1   0:05.22 MicroBench
07:04:13        8 root      20   0   15348  10140   6692 R 100.0   0.1   0:05.39 MicroBench
07:04:13        8 root      20   0   15348  10140   6692 R 100.0   0.1   0:05.56 MicroBench
07:04:14        8 root      20   0   15348  10140   6692 R 100.0   0.1   0:05.73 MicroBench
07:04:14        8 root      20   0   15348  10140   6692 R 100.0   0.1   0:05.91 MicroBench
07:04:14        8 root      20   0   15348  10140   6692 R 100.0   0.1   0:06.07 MicroBench
07:04:14        8 root      20   0   15348  10140   6692 R  93.8   0.1   0:06.24 MicroBench
07:04:14        8 root      20   0   15348  10140   6692 R 100.0   0.1   0:06.41 MicroBench
07:04:14        8 root      20   0   15348  10140   6692 R 100.0   0.1   0:06.58 MicroBench
07:04:15        8 root      20   0   15348  10140   6692 R 100.0   0.1   0:06.75 MicroBench
07:04:15        8 root      20   0   15348  10140   6692 R 100.0   0.1   0:06.92 MicroBench
07:04:15        8 root      20   0   15348  10140   6692 R 100.0   0.1   0:07.08 MicroBench
07:04:15        8 root      20   0   15348  10140   6692 R 100.0   0.1   0:07.25 MicroBench
07:04:15        8 root      20   0   15348  10140   6692 R 100.0   0.1   0:07.42 MicroBench
07:04:16        8 root      20   0   15348  10140   6692 R  93.8   0.1   0:07.59 MicroBench
07:04:16        8 root      20   0   15348  10140   6692 R 100.0   0.1   0:07.76 MicroBench
07:04:16        8 root      20   0   15348  10140   6692 R 100.0   0.1   0:07.93 MicroBench
07:04:16        8 root      20   0   15348  10140   6692 R  93.3   0.1   0:08.09 MicroBench
07:04:16        8 root      20   0   15348  10140   6692 R  93.8   0.1   0:08.27 MicroBench
07:04:16        8 root      20   0   15348  10140   6692 R 100.0   0.1   0:08.44 MicroBench
07:04:17        8 root      20   0   15348  10140   6692 R 100.0   0.1   0:08.60 MicroBench
07:04:17        8 root      20   0   15348  10140   6692 R 100.0   0.1   0:08.77 MicroBench
07:04:17        8 root      20   0   15348  10140   6692 R 100.0   0.1   0:08.94 MicroBench
07:04:17        8 root      20   0   15348  10140   6692 R 100.0   0.1   0:09.11 MicroBench
07:04:17        8 root      20   0   15348  10140   6692 R  93.8   0.1   0:09.28 MicroBench
07:04:17        8 root      20   0   15348  10140   6692 R  93.3   0.1   0:09.44 MicroBench
07:04:18        8 root      20   0   15348  10140   6692 R  93.8   0.1   0:09.63 MicroBench
07:04:18        8 root      20   0   15348  10140   6692 R 100.0   0.1   0:09.79 MicroBench
07:04:18        8 root      20   0   15348  10140   6692 R 100.0   0.1   0:09.96 MicroBench
07:04:18        8 root      20   0   15348  10140   6692 R 100.0   0.1   0:10.13 MicroBench
07:04:18        8 root      20   0   15348  10140   6692 R 100.0   0.1   0:10.31 MicroBench
07:04:18        8 root      20   0   15348  10140   6692 R  93.8   0.1   0:10.47 MicroBench
07:04:19        8 root      20   0   15348  10140   6692 R 100.0   0.1   0:10.65 MicroBench
07:04:19        8 root      20   0   17064  11724   6692 R 100.0   0.1   0:10.81 MicroBench
07:04:19        8 root      20   0   17064  11724   6692 R 100.0   0.1   0:10.99 MicroBench
07:04:19        8 root      20   0   17064  11724   6692 R 100.0   0.1   0:11.16 MicroBench
07:04:19        8 root      20   0   17064  11724   6692 R  93.8   0.1   0:11.33 MicroBench
07:04:19        8 root      20   0   17064  11724   6692 R 100.0   0.1   0:11.50 MicroBench
07:04:20        8 root      20   0   17064  11724   6692 R 100.0   0.1   0:11.66 MicroBench
07:04:20        8 root      20   0   17064  11724   6692 R 100.0   0.1   0:11.83 MicroBench
07:04:20        8 root      20   0   17064  11724   6692 R 100.0   0.1   0:12.01 MicroBench
07:04:20        8 root      20   0   17064  11724   6692 R 100.0   0.1   0:12.18 MicroBench
07:04:20        8 root      20   0   17064  11724   6692 R 100.0   0.1   0:12.35 MicroBench
07:04:20        8 root      20   0   17064  11724   6692 R 100.0   0.1   0:12.52 MicroBench
07:04:21        8 root      20   0   17064  11724   6692 R 100.0   0.1   0:12.69 MicroBench
07:04:21        8 root      20   0   17064  11724   6692 R 100.0   0.1   0:12.86 MicroBench
07:04:21        8 root      20   0   17064  11724   6692 R 100.0   0.1   0:13.02 MicroBench
07:04:21        8 root      20   0   17064  11724   6692 R 100.0   0.1   0:13.19 MicroBench
07:04:21        8 root      20   0   17064  11724   6692 R 100.0   0.1   0:13.36 MicroBench
07:04:21        8 root      20   0   17064  11724   6692 R 100.0   0.1   0:13.53 MicroBench
07:04:22        8 root      20   0   17064  11724   6692 R 100.0   0.1   0:13.69 MicroBench
07:04:22        8 root      20   0   17064  11724   6692 R  93.8   0.1   0:13.86 MicroBench
07:04:22        8 root      20   0   17064  11724   6692 R  93.8   0.1   0:14.03 MicroBench
07:04:22        8 root      20   0   17064  11724   6692 R 100.0   0.1   0:14.21 MicroBench
07:04:22        8 root      20   0   17064  11724   6692 R 100.0   0.1   0:14.38 MicroBench
07:04:22        8 root      20   0   17064  11724   6692 R  93.8   0.1   0:14.55 MicroBench
07:04:23        8 root      20   0   17064  11724   6692 R 100.0   0.1   0:14.72 MicroBench
07:04:23        8 root      20   0   17064  11724   6692 R 100.0   0.1   0:14.89 MicroBench
07:04:23        8 root      20   0   17064  11724   6692 R 100.0   0.1   0:15.06 MicroBench
07:04:23        8 root      20   0   17064  11724   6692 R  93.3   0.1   0:15.22 MicroBench
07:04:23        8 root      20   0   17064  11724   6692 R 100.0   0.1   0:15.40 MicroBench
07:04:23        8 root      20   0   17064  11724   6692 R 100.0   0.1   0:15.56 MicroBench
07:04:24        8 root      20   0   17064  11724   6692 R 100.0   0.1   0:15.74 MicroBench
07:04:24        8 root      20   0   17064  11724   6692 R 100.0   0.1   0:15.91 MicroBench
07:04:24        8 root      20   0   17064  11724   6692 R  93.8   0.1   0:16.09 MicroBench
07:04:24        8 root      20   0   17064  11724   6692 R 100.0   0.1   0:16.26 MicroBench
07:04:24        8 root      20   0   17064  11724   6692 R 100.0   0.1   0:16.43 MicroBench
07:04:25        8 root      20   0   17064  11724   6692 R 100.0   0.1   0:16.59 MicroBench
07:04:25        8 root      20   0   17064  11724   6692 R 100.0   0.1   0:16.76 MicroBench
07:04:25        8 root      20   0   17064  11724   6692 R 100.0   0.1   0:16.93 MicroBench
07:04:25        8 root      20   0   17064  11724   6692 R 100.0   0.1   0:17.10 MicroBench
07:04:25        8 root      20   0   17064  11724   6692 R 100.0   0.1   0:17.26 MicroBench
07:04:25        8 root      20   0   17064  11724   6692 R 100.0   0.1   0:17.43 MicroBench
07:04:26        8 root      20   0   17064  11724   6692 R 100.0   0.1   0:17.60 MicroBench
07:04:26        8 root      20   0   17064  11724   6692 R 100.0   0.1   0:17.77 MicroBench
07:04:26        8 root      20   0   17064  11724   6692 R  93.8   0.1   0:17.93 MicroBench
07:04:26        8 root      20   0   17064  11724   6692 R 100.0   0.1   0:18.10 MicroBench
07:04:26        8 root      20   0   17064  11724   6692 R 100.0   0.1   0:18.27 MicroBench
07:04:26        8 root      20   0   17064  11724   6692 R 100.0   0.1   0:18.44 MicroBench
07:04:27        8 root      20   0   17064  11724   6692 R 100.0   0.1   0:18.62 MicroBench
07:04:27        8 root      20   0   17064  11724   6692 R 100.0   0.1   0:18.78 MicroBench
07:04:27        8 root      20   0   17064  11724   6692 R  93.8   0.1   0:18.95 MicroBench
07:04:27        8 root      20   0   17064  11724   6692 R 100.0   0.1   0:19.12 MicroBench
Avg reg. time: 35613292
Avg opt. time: 33957333
Median reg. time: 35613292
Median opt. time: 33957333
07:04:27  MicroBench not found.
MicroBench process has exited. Monitoring script will terminate.
