Args:
  Field size              : 2748779069441
  l                       : 4
  t                       : 30
  Number of parties        : 256
  Number of repeats        : 250
  Monitor sleep time (ms) : 1

Started ./MicroBench with PID: 8
07:01:12        8 root      20   0   13632   8232   6628 R 100.0   0.1   0:00.16 MicroBench
07:01:12        8 root      20   0   13632   8232   6628 R 100.0   0.1   0:00.34 MicroBench
07:01:12        8 root      20   0   13896   8556   6692 R 100.0   0.1   0:00.51 MicroBench
07:01:12        8 root      20   0   13896   8556   6692 R 100.0   0.1   0:00.67 MicroBench
07:01:12        8 root      20   0   13896   8556   6692 R 100.0   0.1   0:00.85 MicroBench
07:01:12        8 root      20   0   13896   8556   6692 R 100.0   0.1   0:01.02 MicroBench
07:01:13        8 root      20   0   14160   8820   6692 R 100.0   0.1   0:01.18 MicroBench
07:01:13        8 root      20   0   14160   8820   6692 R 100.0   0.1   0:01.35 MicroBench
07:01:13        8 root      20   0   14160   8820   6692 R  93.8   0.1   0:01.52 MicroBench
07:01:13        8 root      20   0   14160   8820   6692 R 100.0   0.1   0:01.69 MicroBench
07:01:13        8 root      20   0   14292   9084   6692 R 100.0   0.1   0:01.85 MicroBench
07:01:13        8 root      20   0   14292   9084   6692 R 100.0   0.1   0:02.02 MicroBench
07:01:14        8 root      20   0   14292   9084   6692 R 100.0   0.1   0:02.19 MicroBench
07:01:14        8 root      20   0   14292   9084   6692 R 100.0   0.1   0:02.36 MicroBench
07:01:14        8 root      20   0   14292   9084   6692 R 100.0   0.1   0:02.53 MicroBench
07:01:14        8 root      20   0   14292   9084   6692 R  87.5   0.1   0:02.69 MicroBench
07:01:14        8 root      20   0   14292   9084   6692 R  93.8   0.1   0:02.86 MicroBench
07:01:14        8 root      20   0   14292   9084   6692 R 100.0   0.1   0:03.03 MicroBench
07:01:15        8 root      20   0   14292   9084   6692 R 100.0   0.1   0:03.20 MicroBench
07:01:15        8 root      20   0   14292   9084   6692 R 100.0   0.1   0:03.37 MicroBench
07:01:15        8 root      20   0   14292   9084   6692 R 100.0   0.1   0:03.53 MicroBench
07:01:15        8 root      20   0   14292   9084   6692 R 100.0   0.1   0:03.70 MicroBench
07:01:15        8 root      20   0   14292   9084   6692 R 100.0   0.1   0:03.87 MicroBench
07:01:15        8 root      20   0   14292   9084   6692 R 100.0   0.1   0:04.05 MicroBench
07:01:16        8 root      20   0   14292   9084   6692 R 100.0   0.1   0:04.22 MicroBench
07:01:16        8 root      20   0   14292   9084   6692 R 100.0   0.1   0:04.38 MicroBench
07:01:16        8 root      20   0   14292   9084   6692 R 100.0   0.1   0:04.55 MicroBench
07:01:16        8 root      20   0   14292   9084   6692 R  93.8   0.1   0:04.72 MicroBench
07:01:16        8 root      20   0   14292   9084   6692 R 100.0   0.1   0:04.89 MicroBench
07:01:16        8 root      20   0   14292   9084   6692 R 100.0   0.1   0:05.07 MicroBench
07:01:17        8 root      20   0   14292   9084   6692 R 100.0   0.1   0:05.24 MicroBench
07:01:17        8 root      20   0   14292   9084   6692 R 100.0   0.1   0:05.41 MicroBench
07:01:17        8 root      20   0   14292   9084   6692 R  93.8   0.1   0:05.57 MicroBench
07:01:17        8 root      20   0   14292   9084   6692 R 100.0   0.1   0:05.74 MicroBench
07:01:17        8 root      20   0   14292   9084   6692 R 100.0   0.1   0:05.91 MicroBench
07:01:17        8 root      20   0   14292   9084   6692 R 100.0   0.1   0:06.08 MicroBench
07:01:18        8 root      20   0   14292   9084   6692 R 100.0   0.1   0:06.26 MicroBench
07:01:18        8 root      20   0   14292   9084   6692 R 100.0   0.1   0:06.42 MicroBench
07:01:18        8 root      20   0   14292   9084   6692 R 100.0   0.1   0:06.60 MicroBench
07:01:18        8 root      20   0   14292   9084   6692 R 100.0   0.1   0:06.77 MicroBench
07:01:18        8 root      20   0   14292   9084   6692 R 100.0   0.1   0:06.94 MicroBench
07:01:19        8 root      20   0   14292   9084   6692 R 100.0   0.1   0:07.11 MicroBench
Avg reg. time: 7389473
Avg opt. time: 14807451
Median reg. time: 7358771
Median opt. time: 14789854
07:01:19  MicroBench not found.
MicroBench process has exited. Monitoring script will terminate.
