Args:
  Field size              : 2748779069441
  l                       : 64
  t                       : 30
  Number of parties        : 512
  Number of repeats        : 1
  Monitor sleep time (ms) : 1

Started ./MicroBench with PID: 8
07:06:53        8 root      20   0   13764   8492   6628 R 100.0   0.1   0:00.16 MicroBench
07:06:53        8 root      20   0   13764   8492   6628 R 100.0   0.1   0:00.33 MicroBench
07:06:53        8 root      20   0   13764   8492   6628 R 100.0   0.1   0:00.50 MicroBench
07:06:53        8 root      20   0   13764   8492   6628 R  93.8   0.1   0:00.67 MicroBench
07:06:53        8 root      20   0   13764   8492   6628 R 100.0   0.1   0:00.83 MicroBench
07:06:53        8 root      20   0   13764   8492   6628 R 100.0   0.1   0:01.00 MicroBench
07:06:54        8 root      20   0   13764   8492   6628 R 100.0   0.1   0:01.17 MicroBench
07:06:54        8 root      20   0   13764   8492   6628 R 100.0   0.1   0:01.34 MicroBench
07:06:54        8 root      20   0   13764   8492   6628 R 100.0   0.1   0:01.51 MicroBench
07:06:54        8 root      20   0   13764   8492   6628 R 100.0   0.1   0:01.67 MicroBench
07:06:54        8 root      20   0   13764   8492   6628 R  93.8   0.1   0:01.84 MicroBench
07:06:54        8 root      20   0   13764   8492   6628 R 100.0   0.1   0:02.01 MicroBench
07:06:55        8 root      20   0   13764   8492   6628 R 100.0   0.1   0:02.18 MicroBench
07:06:55        8 root      20   0   13764   8492   6628 R  93.3   0.1   0:02.34 MicroBench
07:06:55        8 root      20   0   13764   8492   6628 R 100.0   0.1   0:02.51 MicroBench
07:06:55        8 root      20   0   13764   8492   6628 R 100.0   0.1   0:02.68 MicroBench
07:06:55        8 root      20   0   13764   8492   6628 R 100.0   0.1   0:02.85 MicroBench
07:06:56        8 root      20   0   13764   8492   6628 R  93.8   0.1   0:03.02 MicroBench
07:06:56        8 root      20   0   13764   8492   6628 R 100.0   0.1   0:03.18 MicroBench
07:06:56        8 root      20   0   13876   8648   6628 R 100.0   0.1   0:03.35 MicroBench
07:06:56        8 root      20   0   13876   8648   6628 R 100.0   0.1   0:03.52 MicroBench
07:06:56        8 root      20   0   13872   8652   6628 R  93.8   0.1   0:03.69 MicroBench
07:06:56        8 root      20   0   13872   8652   6628 R 100.0   0.1   0:03.86 MicroBench
07:06:57        8 root      20   0   16268  11084   6692 R 100.0   0.1   0:04.03 MicroBench
07:06:57        8 root      20   0   16268  11084   6692 R 100.0   0.1   0:04.19 MicroBench
07:06:57        8 root      20   0   16268  11084   6692 R 100.0   0.1   0:04.36 MicroBench
07:06:57        8 root      20   0   16268  11084   6692 R 100.0   0.1   0:04.53 MicroBench
07:06:57        8 root      20   0   16268  11084   6692 R  93.8   0.1   0:04.70 MicroBench
07:06:57        8 root      20   0   16268  11084   6692 R 100.0   0.1   0:04.88 MicroBench
07:06:58        8 root      20   0   16268  11084   6692 R  93.8   0.1   0:05.05 MicroBench
07:06:58        8 root      20   0   16268  11084   6692 R 100.0   0.1   0:05.21 MicroBench
07:06:58        8 root      20   0   16268  11084   6692 R 100.0   0.1   0:05.38 MicroBench
07:06:58        8 root      20   0   16268  11084   6692 R 100.0   0.1   0:05.55 MicroBench
07:06:58        8 root      20   0   16268  11084   6692 R 100.0   0.1   0:05.72 MicroBench
07:06:58        8 root      20   0   16268  11084   6692 R  93.3   0.1   0:05.88 MicroBench
07:06:59        8 root      20   0   16268  11084   6692 R  93.8   0.1   0:06.05 MicroBench
07:06:59        8 root      20   0   16268  11084   6692 R  93.8   0.1   0:06.22 MicroBench
07:06:59        8 root      20   0   16268  11084   6692 R 100.0   0.1   0:06.39 MicroBench
07:06:59        8 root      20   0   16268  11084   6692 R 100.0   0.1   0:06.56 MicroBench
07:06:59        8 root      20   0   16268  11084   6692 R 100.0   0.1   0:06.74 MicroBench
07:06:59        8 root      20   0   16268  11084   6692 R 100.0   0.1   0:06.90 MicroBench
07:07:00        8 root      20   0   16268  11084   6692 R 100.0   0.1   0:07.07 MicroBench
07:07:00        8 root      20   0   16268  11084   6692 R 100.0   0.1   0:07.24 MicroBench
07:07:00        8 root      20   0   16268  11084   6692 R 100.0   0.1   0:07.41 MicroBench
07:07:00        8 root      20   0   16268  11084   6692 R 100.0   0.1   0:07.58 MicroBench
07:07:00        8 root      20   0   16268  11084   6692 R 100.0   0.1   0:07.75 MicroBench
07:07:00        8 root      20   0   16268  11084   6692 R 100.0   0.1   0:07.92 MicroBench
07:07:01        8 root      20   0   16268  11084   6692 R 100.0   0.1   0:08.09 MicroBench
07:07:01        8 root      20   0   16268  11084   6692 R  93.8   0.1   0:08.26 MicroBench
07:07:01        8 root      20   0   16268  11084   6692 R 100.0   0.1   0:08.43 MicroBench
07:07:01        8 root      20   0   16268  11084   6692 R 100.0   0.1   0:08.60 MicroBench
07:07:01        8 root      20   0   16268  11084   6692 R 100.0   0.1   0:08.77 MicroBench
07:07:01        8 root      20   0   16268  11084   6692 R 100.0   0.1   0:08.93 MicroBench
07:07:02        8 root      20   0   16268  11084   6692 R 100.0   0.1   0:09.10 MicroBench
07:07:02        8 root      20   0   16268  11084   6692 R  93.8   0.1   0:09.27 MicroBench
07:07:02        8 root      20   0   16268  11084   6692 R 100.0   0.1   0:09.45 MicroBench
07:07:02        8 root      20   0   16268  11084   6692 R 100.0   0.1   0:09.62 MicroBench
07:07:02        8 root      20   0   16268  11084   6692 R 100.0   0.1   0:09.79 MicroBench
07:07:02        8 root      20   0   16268  11084   6692 R 100.0   0.1   0:09.95 MicroBench
07:07:03        8 root      20   0   16268  11084   6692 R 100.0   0.1   0:10.12 MicroBench
07:07:03        8 root      20   0   16268  11084   6692 R 100.0   0.1   0:10.29 MicroBench
07:07:03        8 root      20   0   16268  11084   6692 R 100.0   0.1   0:10.46 MicroBench
07:07:03        8 root      20   0   16268  11084   6692 R  93.3   0.1   0:10.62 MicroBench
07:07:03        8 root      20   0   16268  11084   6692 R  93.8   0.1   0:10.79 MicroBench
07:07:03        8 root      20   0   16268  11084   6692 R 100.0   0.1   0:10.97 MicroBench
07:07:04        8 root      20   0   16268  11084   6692 R 100.0   0.1   0:11.13 MicroBench
07:07:04        8 root      20   0   16268  11084   6692 R 100.0   0.1   0:11.30 MicroBench
07:07:04        8 root      20   0   16268  11084   6692 R  93.8   0.1   0:11.47 MicroBench
07:07:04        8 root      20   0   16268  11084   6692 R 100.0   0.1   0:11.64 MicroBench
07:07:04        8 root      20   0   16268  11084   6692 R 100.0   0.1   0:11.81 MicroBench
07:07:05        8 root      20   0   16268  11084   6692 R 100.0   0.1   0:11.98 MicroBench
07:07:05        8 root      20   0   16268  11084   6692 R 100.0   0.1   0:12.14 MicroBench
07:07:05        8 root      20   0   16268  11084   6692 R 100.0   0.1   0:12.31 MicroBench
07:07:05        8 root      20   0   16268  11084   6692 R 100.0   0.1   0:12.48 MicroBench
07:07:05        8 root      20   0   16268  11084   6692 R  93.8   0.1   0:12.67 MicroBench
07:07:05        8 root      20   0   16268  11084   6692 R 100.0   0.1   0:12.85 MicroBench
07:07:06        8 root      20   0   16268  11084   6692 R 100.0   0.1   0:13.01 MicroBench
07:07:06        8 root      20   0   16268  11084   6692 R 100.0   0.1   0:13.18 MicroBench
07:07:06        8 root      20   0   16268  11084   6692 R  93.8   0.1   0:13.35 MicroBench
07:07:06        8 root      20   0   16268  11084   6692 R 100.0   0.1   0:13.52 MicroBench
07:07:06        8 root      20   0   16268  11084   6692 R 100.0   0.1   0:13.68 MicroBench
07:07:06        8 root      20   0   16268  11084   6692 R 100.0   0.1   0:13.85 MicroBench
07:07:07        8 root      20   0   16268  11084   6692 R 100.0   0.1   0:14.02 MicroBench
07:07:07        8 root      20   0   16268  11084   6692 R 100.0   0.1   0:14.19 MicroBench
07:07:07        8 root      20   0   16268  11084   6692 R 100.0   0.1   0:14.36 MicroBench
07:07:07        8 root      20   0   16268  11084   6692 R 100.0   0.1   0:14.53 MicroBench
07:07:07        8 root      20   0   16268  11084   6692 R 100.0   0.1   0:14.69 MicroBench
07:07:07        8 root      20   0   16268  11084   6692 R 100.0   0.1   0:14.86 MicroBench
07:07:08        8 root      20   0   16268  11084   6692 R 100.0   0.1   0:15.03 MicroBench
07:07:08        8 root      20   0   16268  11084   6692 R 100.0   0.1   0:15.20 MicroBench
07:07:08        8 root      20   0   16268  11084   6692 R  93.3   0.1   0:15.36 MicroBench
07:07:08        8 root      20   0   16268  11084   6692 R 100.0   0.1   0:15.54 MicroBench
07:07:08        8 root      20   0   16268  11084   6692 R 100.0   0.1   0:15.71 MicroBench
07:07:08        8 root      20   0   16268  11084   6692 R 100.0   0.1   0:15.88 MicroBench
07:07:09        8 root      20   0   16268  11084   6692 R  93.8   0.1   0:16.05 MicroBench
07:07:09        8 root      20   0   16268  11084   6692 R  93.8   0.1   0:16.23 MicroBench
07:07:09        8 root      20   0   16268  11084   6692 R 100.0   0.1   0:16.40 MicroBench
07:07:09        8 root      20   0   16268  11084   6692 R 100.0   0.1   0:16.57 MicroBench
07:07:09        8 root      20   0   16268  11084   6692 R 100.0   0.1   0:16.74 MicroBench
07:07:09        8 root      20   0   16268  11084   6692 R 100.0   0.1   0:16.90 MicroBench
07:07:10        8 root      20   0   16268  11084   6692 R 100.0   0.1   0:17.07 MicroBench
07:07:10        8 root      20   0   16268  11084   6692 R 100.0   0.1   0:17.24 MicroBench
07:07:10        8 root      20   0   16268  11084   6692 R 100.0   0.1   0:17.41 MicroBench
07:07:10        8 root      20   0   16268  11084   6692 R  93.8   0.1   0:17.58 MicroBench
07:07:10        8 root      20   0   16268  11084   6692 R 100.0   0.1   0:17.74 MicroBench
07:07:10        8 root      20   0   16268  11084   6692 R 100.0   0.1   0:17.91 MicroBench
07:07:11        8 root      20   0   16268  11084   6692 R 100.0   0.1   0:18.08 MicroBench
07:07:11        8 root      20   0   16268  11084   6692 R 100.0   0.1   0:18.25 MicroBench
07:07:11        8 root      20   0   16268  11084   6692 R 100.0   0.1   0:18.42 MicroBench
07:07:11        8 root      20   0   16268  11084   6692 R 100.0   0.1   0:18.59 MicroBench
07:07:11        8 root      20   0   16268  11084   6692 R 100.0   0.1   0:18.76 MicroBench
07:07:11        8 root      20   0   16268  11084   6692 R 100.0   0.1   0:18.93 MicroBench
07:07:12        8 root      20   0   16268  11084   6692 R 100.0   0.1   0:19.09 MicroBench
07:07:12        8 root      20   0   16268  11084   6692 R 100.0   0.1   0:19.26 MicroBench
07:07:12        8 root      20   0   16268  11084   6692 R 100.0   0.1   0:19.43 MicroBench
07:07:12        8 root      20   0   16268  11084   6692 R 100.0   0.1   0:19.60 MicroBench
07:07:12        8 root      20   0   16268  11084   6692 R  93.8   0.1   0:19.77 MicroBench
07:07:12        8 root      20   0   16268  11084   6692 R 100.0   0.1   0:19.94 MicroBench
07:07:13        8 root      20   0   16268  11084   6692 R 100.0   0.1   0:20.10 MicroBench
07:07:13        8 root      20   0   16268  11084   6692 R 100.0   0.1   0:20.27 MicroBench
07:07:13        8 root      20   0   16268  11084   6692 R 100.0   0.1   0:20.44 MicroBench
07:07:13        8 root      20   0   16268  11084   6692 R 100.0   0.1   0:20.61 MicroBench
07:07:13        8 root      20   0   16268  11084   6692 R  93.8   0.1   0:20.77 MicroBench
07:07:14        8 root      20   0   16268  11084   6692 R 100.0   0.1   0:20.94 MicroBench
07:07:14        8 root      20   0   16268  11084   6692 R 100.0   0.1   0:21.11 MicroBench
07:07:14        8 root      20   0   16268  11084   6692 R 100.0   0.1   0:21.28 MicroBench
07:07:14        8 root      20   0   16268  11084   6692 R 100.0   0.1   0:21.45 MicroBench
07:07:14        8 root      20   0   16268  11084   6692 R 100.0   0.1   0:21.62 MicroBench
07:07:14        8 root      20   0   16268  11084   6692 R 100.0   0.1   0:21.79 MicroBench
07:07:15        8 root      20   0   16268  11084   6692 R 100.0   0.1   0:21.96 MicroBench
07:07:15        8 root      20   0   16268  11084   6692 R 100.0   0.1   0:22.14 MicroBench
07:07:15        8 root      20   0   16268  11084   6692 R 100.0   0.1   0:22.31 MicroBench
07:07:15        8 root      20   0   16268  11084   6692 R 100.0   0.1   0:22.47 MicroBench
07:07:15        8 root      20   0   16268  11084   6692 R 100.0   0.1   0:22.64 MicroBench
07:07:15        8 root      20   0   16268  11084   6692 R  93.8   0.1   0:22.81 MicroBench
07:07:16        8 root      20   0   16268  11084   6692 R 100.0   0.1   0:22.98 MicroBench
07:07:16        8 root      20   0   16268  11084   6692 R 100.0   0.1   0:23.15 MicroBench
07:07:16        8 root      20   0   16268  11084   6692 R 100.0   0.1   0:23.31 MicroBench
07:07:16        8 root      20   0   16268  11084   6692 R 100.0   0.1   0:23.48 MicroBench
07:07:16        8 root      20   0   16268  11084   6692 R 100.0   0.1   0:23.65 MicroBench
07:07:16        8 root      20   0   16268  11084   6692 R 100.0   0.1   0:23.82 MicroBench
07:07:17        8 root      20   0   16268  11084   6692 R 100.0   0.1   0:23.99 MicroBench
07:07:17        8 root      20   0   16268  11084   6692 R 100.0   0.1   0:24.16 MicroBench
07:07:17        8 root      20   0   16268  11084   6692 R 100.0   0.1   0:24.32 MicroBench
07:07:17        8 root      20   0   16268  11084   6692 R 100.0   0.1   0:24.49 MicroBench
07:07:17        8 root      20   0   16268  11084   6692 R 100.0   0.1   0:24.65 MicroBench
07:07:17        8 root      20   0   16268  11084   6692 R 100.0   0.1   0:24.82 MicroBench
07:07:18        8 root      20   0   16268  11084   6692 R 100.0   0.1   0:24.99 MicroBench
07:07:18        8 root      20   0   16268  11084   6692 R 100.0   0.1   0:25.16 MicroBench
07:07:18        8 root      20   0   16268  11084   6692 R 100.0   0.1   0:25.32 MicroBench
07:07:18        8 root      20   0   16268  11084   6692 R 100.0   0.1   0:25.49 MicroBench
07:07:18        8 root      20   0   16268  11084   6692 R 100.0   0.1   0:25.67 MicroBench
07:07:18        8 root      20   0   16268  11084   6692 R  93.8   0.1   0:25.83 MicroBench
07:07:19        8 root      20   0   18932  13724   6692 R 100.0   0.1   0:26.00 MicroBench
07:07:19        8 root      20   0   18932  13724   6692 R 100.0   0.1   0:26.17 MicroBench
07:07:19        8 root      20   0   18932  13724   6692 R 100.0   0.1   0:26.34 MicroBench
07:07:19        8 root      20   0   18932  13724   6692 R 100.0   0.1   0:26.51 MicroBench
07:07:19        8 root      20   0   18932  13724   6692 R  93.8   0.1   0:26.68 MicroBench
07:07:19        8 root      20   0   18932  13724   6692 R 100.0   0.1   0:26.85 MicroBench
07:07:20        8 root      20   0   18932  13724   6692 R 100.0   0.1   0:27.01 MicroBench
07:07:20        8 root      20   0   18932  13724   6692 R 100.0   0.1   0:27.18 MicroBench
07:07:20        8 root      20   0   18932  13724   6692 R 100.0   0.1   0:27.35 MicroBench
07:07:20        8 root      20   0   18932  13724   6692 R 100.0   0.1   0:27.52 MicroBench
07:07:20        8 root      20   0   18932  13724   6692 R  93.8   0.1   0:27.68 MicroBench
07:07:20        8 root      20   0   18932  13724   6692 R 100.0   0.1   0:27.85 MicroBench
07:07:21        8 root      20   0   18932  13724   6692 R 100.0   0.1   0:28.02 MicroBench
07:07:21        8 root      20   0   18932  13724   6692 R 100.0   0.1   0:28.19 MicroBench
07:07:21        8 root      20   0   18932  13724   6692 R 100.0   0.1   0:28.36 MicroBench
07:07:21        8 root      20   0   18932  13724   6692 R 100.0   0.1   0:28.53 MicroBench
07:07:21        8 root      20   0   18932  13724   6692 R  93.8   0.1   0:28.69 MicroBench
07:07:21        8 root      20   0   18932  13724   6692 R  93.8   0.1   0:28.87 MicroBench
07:07:22        8 root      20   0   18932  13724   6692 R  93.3   0.1   0:29.04 MicroBench
07:07:22        8 root      20   0   18932  13724   6692 R 100.0   0.1   0:29.21 MicroBench
07:07:22        8 root      20   0   18932  13724   6692 R 100.0   0.1   0:29.38 MicroBench
07:07:22        8 root      20   0   18932  13724   6692 R  93.8   0.1   0:29.55 MicroBench
07:07:22        8 root      20   0   18932  13724   6692 R 100.0   0.1   0:29.72 MicroBench
07:07:22        8 root      20   0   18932  13724   6692 R 100.0   0.1   0:29.89 MicroBench
07:07:23        8 root      20   0   18932  13724   6692 R 100.0   0.1   0:30.05 MicroBench
07:07:23        8 root      20   0   18932  13724   6692 R 100.0   0.1   0:30.22 MicroBench
07:07:23        8 root      20   0   18932  13724   6692 R 100.0   0.1   0:30.40 MicroBench
07:07:23        8 root      20   0   18932  13724   6692 R 100.0   0.1   0:30.56 MicroBench
07:07:23        8 root      20   0   18932  13724   6692 R 100.0   0.1   0:30.73 MicroBench
07:07:24        8 root      20   0   18932  13724   6692 R 100.0   0.1   0:30.90 MicroBench
07:07:24        8 root      20   0   18932  13724   6692 R 100.0   0.1   0:31.07 MicroBench
07:07:24        8 root      20   0   18932  13724   6692 R 100.0   0.1   0:31.24 MicroBench
07:07:24        8 root      20   0   18932  13724   6692 R 100.0   0.1   0:31.41 MicroBench
07:07:24        8 root      20   0   18932  13724   6692 R 100.0   0.1   0:31.57 MicroBench
07:07:24        8 root      20   0   18932  13724   6692 R 100.0   0.1   0:31.75 MicroBench
07:07:25        8 root      20   0   18932  13724   6692 R 100.0   0.1   0:31.92 MicroBench
07:07:25        8 root      20   0   18932  13724   6692 R 100.0   0.1   0:32.09 MicroBench
07:07:25        8 root      20   0   18932  13724   6692 R 100.0   0.1   0:32.26 MicroBench
07:07:25        8 root      20   0   18932  13724   6692 R  93.8   0.1   0:32.42 MicroBench
07:07:25        8 root      20   0   18932  13724   6692 R 100.0   0.1   0:32.59 MicroBench
07:07:25        8 root      20   0   18932  13724   6692 R 100.0   0.1   0:32.77 MicroBench
07:07:26        8 root      20   0   18932  13724   6692 R 100.0   0.1   0:32.95 MicroBench
07:07:26        8 root      20   0   18932  13724   6692 R 100.0   0.1   0:33.11 MicroBench
07:07:26        8 root      20   0   18932  13724   6692 R  93.8   0.1   0:33.28 MicroBench
07:07:26        8 root      20   0   18932  13724   6692 R 100.0   0.1   0:33.45 MicroBench
07:07:26        8 root      20   0   18932  13724   6692 R 100.0   0.1   0:33.62 MicroBench
07:07:26        8 root      20   0   18932  13724   6692 R 100.0   0.1   0:33.79 MicroBench
07:07:27        8 root      20   0   18932  13724   6692 R 100.0   0.1   0:33.97 MicroBench
07:07:27        8 root      20   0   18932  13724   6692 R 100.0   0.1   0:34.13 MicroBench
07:07:27        8 root      20   0   18932  13724   6692 R 100.0   0.1   0:34.30 MicroBench
07:07:27        8 root      20   0   18932  13724   6692 R 100.0   0.1   0:34.47 MicroBench
07:07:27        8 root      20   0   18932  13724   6692 R  93.8   0.1   0:34.65 MicroBench
07:07:27        8 root      20   0   18932  13724   6692 R  93.8   0.1   0:34.82 MicroBench
07:07:28        8 root      20   0   18932  13724   6692 R 100.0   0.1   0:34.98 MicroBench
07:07:28        8 root      20   0   18932  13724   6692 R 100.0   0.1   0:35.16 MicroBench
07:07:28        8 root      20   0   18932  13724   6692 R 100.0   0.1   0:35.33 MicroBench
07:07:28        8 root      20   0   18932  13724   6692 R  93.8   0.1   0:35.49 MicroBench
07:07:28        8 root      20   0   18932  13724   6692 R 100.0   0.1   0:35.67 MicroBench
07:07:28        8 root      20   0   18932  13724   6692 R 100.0   0.1   0:35.84 MicroBench
07:07:29        8 root      20   0   18932  13724   6692 R 100.0   0.1   0:36.01 MicroBench
07:07:29        8 root      20   0   18932  13724   6692 R  87.5   0.1   0:36.16 MicroBench
07:07:29        8 root      20   0   18932  13724   6692 R 100.0   0.1   0:36.33 MicroBench
07:07:29        8 root      20   0   18932  13724   6692 R 100.0   0.1   0:36.50 MicroBench
07:07:29        8 root      20   0   18932  13724   6692 R 100.0   0.1   0:36.67 MicroBench
07:07:29        8 root      20   0   18932  13724   6692 R 100.0   0.1   0:36.84 MicroBench
07:07:30        8 root      20   0   18932  13724   6692 R 100.0   0.1   0:37.00 MicroBench
07:07:30        8 root      20   0   18932  13724   6692 R 100.0   0.1   0:37.17 MicroBench
07:07:30        8 root      20   0   18932  13724   6692 R  93.8   0.1   0:37.34 MicroBench
07:07:30        8 root      20   0   18932  13724   6692 R 100.0   0.1   0:37.51 MicroBench
07:07:30        8 root      20   0   18932  13724   6692 R  93.3   0.1   0:37.67 MicroBench
07:07:30        8 root      20   0   18932  13724   6692 R 100.0   0.1   0:37.85 MicroBench
07:07:31        8 root      20   0   18932  13724   6692 R 100.0   0.1   0:38.03 MicroBench
07:07:31        8 root      20   0   18932  13724   6692 R 100.0   0.1   0:38.19 MicroBench
07:07:31        8 root      20   0   18932  13724   6692 R 100.0   0.1   0:38.36 MicroBench
07:07:31        8 root      20   0   18932  13724   6692 R 100.0   0.1   0:38.53 MicroBench
07:07:31        8 root      20   0   18932  13724   6692 R 100.0   0.1   0:38.70 MicroBench
07:07:32        8 root      20   0   18932  13724   6692 R 100.0   0.1   0:38.88 MicroBench
07:07:32        8 root      20   0   18932  13724   6692 R 100.0   0.1   0:39.04 MicroBench
07:07:32        8 root      20   0   18932  13724   6692 R 100.0   0.1   0:39.21 MicroBench
07:07:32        8 root      20   0   18932  13724   6692 R 100.0   0.1   0:39.38 MicroBench
07:07:32        8 root      20   0   18932  13724   6692 R 100.0   0.1   0:39.55 MicroBench
07:07:32        8 root      20   0   18932  13724   6692 R  93.3   0.1   0:39.71 MicroBench
07:07:33        8 root      20   0   18932  13724   6692 R 100.0   0.1   0:39.89 MicroBench
07:07:33        8 root      20   0   18932  13724   6692 R 100.0   0.1   0:40.05 MicroBench
07:07:33        8 root      20   0   18932  13724   6692 R 100.0   0.1   0:40.22 MicroBench
07:07:33        8 root      20   0   18932  13724   6692 R 100.0   0.1   0:40.39 MicroBench
07:07:33        8 root      20   0   18932  13724   6692 R 100.0   0.1   0:40.57 MicroBench
07:07:33        8 root      20   0   18932  13724   6692 R 100.0   0.1   0:40.73 MicroBench
07:07:34        8 root      20   0   18932  13724   6692 R 100.0   0.1   0:40.91 MicroBench
07:07:34        8 root      20   0   18932  13724   6692 R 100.0   0.1   0:41.08 MicroBench
07:07:34        8 root      20   0   18932  13724   6692 R 100.0   0.1   0:41.25 MicroBench
07:07:34        8 root      20   0   18932  13724   6692 R  93.8   0.1   0:41.41 MicroBench
07:07:34        8 root      20   0   18932  13724   6692 R 100.0   0.1   0:41.58 MicroBench
07:07:34        8 root      20   0   18932  13724   6692 R 100.0   0.1   0:41.75 MicroBench
07:07:35        8 root      20   0   18932  13724   6692 R 100.0   0.1   0:41.92 MicroBench
07:07:35        8 root      20   0   18932  13724   6692 R 100.0   0.1   0:42.12 MicroBench
07:07:35        8 root      20   0   18932  13724   6692 R 100.0   0.1   0:42.29 MicroBench
07:07:35        8 root      20   0   18932  13724   6692 R 100.0   0.1   0:42.46 MicroBench
07:07:35        8 root      20   0   18932  13724   6692 R  93.8   0.1   0:42.62 MicroBench
07:07:35        8 root      20   0   18932  13724   6692 R 100.0   0.1   0:42.79 MicroBench
07:07:36        8 root      20   0   18932  13724   6692 R 100.0   0.1   0:42.96 MicroBench
07:07:36        8 root      20   0   18932  13724   6692 R 100.0   0.1   0:43.13 MicroBench
07:07:36        8 root      20   0   18932  13724   6692 R 100.0   0.1   0:43.30 MicroBench
07:07:36        8 root      20   0   18932  13724   6692 R 100.0   0.1   0:43.47 MicroBench
07:07:36        8 root      20   0   18932  13724   6692 R 100.0   0.1   0:43.63 MicroBench
07:07:36        8 root      20   0   18932  13724   6692 R 100.0   0.1   0:43.81 MicroBench
07:07:37        8 root      20   0   18932  13724   6692 R 100.0   0.1   0:43.98 MicroBench
07:07:37        8 root      20   0   18932  13724   6692 R 100.0   0.1   0:44.14 MicroBench
07:07:37        8 root      20   0   18932  13724   6692 R 100.0   0.1   0:44.31 MicroBench
07:07:37        8 root      20   0   18932  13724   6692 R 100.0   0.1   0:44.48 MicroBench
07:07:37        8 root      20   0   18932  13724   6692 R  93.8   0.1   0:44.65 MicroBench
07:07:37        8 root      20   0   18932  13724   6692 R  93.3   0.1   0:44.81 MicroBench
07:07:38        8 root      20   0   18932  13724   6692 R 100.0   0.1   0:44.99 MicroBench
07:07:38        8 root      20   0   18932  13724   6692 R 100.0   0.1   0:45.15 MicroBench
07:07:38        8 root      20   0   18932  13724   6692 R 100.0   0.1   0:45.32 MicroBench
07:07:38        8 root      20   0   18932  13724   6692 R  93.8   0.1   0:45.50 MicroBench
07:07:38        8 root      20   0   18932  13724   6692 R 100.0   0.1   0:45.67 MicroBench
07:07:38        8 root      20   0   18932  13724   6692 R 100.0   0.1   0:45.83 MicroBench
07:07:39        8 root      20   0   18932  13724   6692 R 100.0   0.1   0:46.00 MicroBench
07:07:39        8 root      20   0   18932  13724   6692 R 100.0   0.1   0:46.17 MicroBench
07:07:39        8 root      20   0   18932  13724   6692 R 100.0   0.1   0:46.34 MicroBench
07:07:39        8 root      20   0   18932  13724   6692 R  87.5   0.1   0:46.50 MicroBench
07:07:39        8 root      20   0   18932  13724   6692 R 100.0   0.1   0:46.67 MicroBench
07:07:39        8 root      20   0   18932  13724   6692 R 100.0   0.1   0:46.84 MicroBench
07:07:40        8 root      20   0   18932  13724   6692 R 100.0   0.1   0:47.01 MicroBench
07:07:40        8 root      20   0   18932  13724   6692 R 100.0   0.1   0:47.18 MicroBench
07:07:40        8 root      20   0   18932  13724   6692 R 100.0   0.1   0:47.35 MicroBench
07:07:40        8 root      20   0   18932  13724   6692 R 100.0   0.1   0:47.52 MicroBench
07:07:40        8 root      20   0   18932  13724   6692 R 100.0   0.1   0:47.69 MicroBench
07:07:41        8 root      20   0   18932  13724   6692 R 100.0   0.1   0:47.86 MicroBench
Avg reg. time: 54988062
Avg opt. time: 34620770
Median reg. time: 54988062
Median opt. time: 34620770
07:07:41  MicroBench not found.
MicroBench process has exited. Monitoring script will terminate.
