Args:
  Field size              : 2748779069441
  l                       : 64
  t                       : 10
  Number of parties        : 512
  Number of repeats        : 3
  Monitor sleep time (ms) : 1

Started ./MicroBench with PID: 8
07:05:28        8 root      20   0   13764   8496   6628 R 100.0   0.1   0:00.16 MicroBench
07:05:28        8 root      20   0   13764   8496   6628 R 100.0   0.1   0:00.33 MicroBench
07:05:28        8 root      20   0   13764   8496   6628 R 100.0   0.1   0:00.51 MicroBench
07:05:28        8 root      20   0   13764   8496   6628 R 100.0   0.1   0:00.67 MicroBench
07:05:28        8 root      20   0   13764   8496   6628 R 100.0   0.1   0:00.84 MicroBench
07:05:28        8 root      20   0   13764   8496   6628 R 100.0   0.1   0:01.01 MicroBench
07:05:29        8 root      20   0   13764   8496   6628 R 100.0   0.1   0:01.18 MicroBench
07:05:29        8 root      20   0   13764   8496   6628 R 100.0   0.1   0:01.35 MicroBench
07:05:29        8 root      20   0   13764   8496   6628 R 100.0   0.1   0:01.52 MicroBench
07:05:29        8 root      20   0   13764   8496   6628 R 100.0   0.1   0:01.69 MicroBench
07:05:29        8 root      20   0   13764   8496   6628 R 100.0   0.1   0:01.86 MicroBench
07:05:29        8 root      20   0   13764   8496   6628 R 100.0   0.1   0:02.03 MicroBench
07:05:30        8 root      20   0   13764   8496   6628 R 100.0   0.1   0:02.21 MicroBench
07:05:30        8 root      20   0   13764   8496   6628 R 100.0   0.1   0:02.38 MicroBench
07:05:30        8 root      20   0   13764   8496   6628 R 100.0   0.1   0:02.55 MicroBench
07:05:30        8 root      20   0   13764   8496   6628 R 100.0   0.1   0:02.72 MicroBench
07:05:30        8 root      20   0   13764   8496   6628 R 100.0   0.1   0:02.89 MicroBench
07:05:30        8 root      20   0   13828   8652   6628 R  93.3   0.1   0:03.06 MicroBench
07:05:31        8 root      20   0   13828   8652   6628 R 100.0   0.1   0:03.23 MicroBench
07:05:31        8 root      20   0   13828   8652   6628 R  93.8   0.1   0:03.40 MicroBench
07:05:31        8 root      20   0   13828   8652   6628 R 100.0   0.1   0:03.57 MicroBench
07:05:31        8 root      20   0   16100  10820   6692 R 100.0   0.1   0:03.74 MicroBench
07:05:31        8 root      20   0   16100  10820   6692 R 100.0   0.1   0:03.91 MicroBench
07:05:31        8 root      20   0   16100  10820   6692 R 100.0   0.1   0:04.08 MicroBench
07:05:32        8 root      20   0   16100  10820   6692 R  93.8   0.1   0:04.25 MicroBench
07:05:32        8 root      20   0   16100  10820   6692 R  93.8   0.1   0:04.42 MicroBench
07:05:32        8 root      20   0   16100  10820   6692 R 100.0   0.1   0:04.58 MicroBench
07:05:32        8 root      20   0   16100  10820   6692 R 100.0   0.1   0:04.75 MicroBench
07:05:32        8 root      20   0   16100  10820   6692 R 100.0   0.1   0:04.92 MicroBench
07:05:33        8 root      20   0   16100  10820   6692 R 100.0   0.1   0:05.10 MicroBench
07:05:33        8 root      20   0   16100  10820   6692 R 100.0   0.1   0:05.27 MicroBench
07:05:33        8 root      20   0   16100  10820   6692 R 100.0   0.1   0:05.44 MicroBench
07:05:33        8 root      20   0   16100  10820   6692 R 100.0   0.1   0:05.61 MicroBench
07:05:33        8 root      20   0   16100  10820   6692 R 100.0   0.1   0:05.77 MicroBench
07:05:33        8 root      20   0   16100  10820   6692 R  93.8   0.1   0:05.94 MicroBench
07:05:34        8 root      20   0   16100  10820   6692 R  93.8   0.1   0:06.11 MicroBench
07:05:34        8 root      20   0   16100  10820   6692 R 100.0   0.1   0:06.28 MicroBench
07:05:34        8 root      20   0   16100  10820   6692 R 100.0   0.1   0:06.46 MicroBench
07:05:34        8 root      20   0   16100  10820   6692 R 100.0   0.1   0:06.63 MicroBench
07:05:34        8 root      20   0   16100  10820   6692 R 100.0   0.1   0:06.80 MicroBench
07:05:34        8 root      20   0   16100  10820   6692 R 100.0   0.1   0:06.97 MicroBench
07:05:35        8 root      20   0   16100  10820   6692 R 100.0   0.1   0:07.14 MicroBench
07:05:35        8 root      20   0   16100  10820   6692 R 100.0   0.1   0:07.30 MicroBench
07:05:35        8 root      20   0   16100  10820   6692 R 100.0   0.1   0:07.47 MicroBench
07:05:35        8 root      20   0   16100  10820   6692 R  93.8   0.1   0:07.64 MicroBench
07:05:35        8 root      20   0   16100  10820   6692 R 100.0   0.1   0:07.81 MicroBench
07:05:35        8 root      20   0   16100  10820   6692 R  93.3   0.1   0:07.97 MicroBench
07:05:36        8 root      20   0   16100  10820   6692 R 100.0   0.1   0:08.14 MicroBench
07:05:36        8 root      20   0   16100  10820   6692 R 100.0   0.1   0:08.32 MicroBench
07:05:36        8 root      20   0   16100  10820   6692 R 100.0   0.1   0:08.49 MicroBench
07:05:36        8 root      20   0   16100  10820   6692 R 100.0   0.1   0:08.65 MicroBench
07:05:36        8 root      20   0   16100  10820   6692 R 100.0   0.1   0:08.82 MicroBench
07:05:36        8 root      20   0   16100  10820   6692 R  93.8   0.1   0:08.99 MicroBench
07:05:37        8 root      20   0   16100  10820   6692 R 100.0   0.1   0:09.17 MicroBench
07:05:37        8 root      20   0   16100  10820   6692 R 100.0   0.1   0:09.34 MicroBench
07:05:37        8 root      20   0   16100  10820   6692 R  93.8   0.1   0:09.51 MicroBench
07:05:37        8 root      20   0   16100  10820   6692 R 100.0   0.1   0:09.67 MicroBench
07:05:37        8 root      20   0   16100  10820   6692 R 100.0   0.1   0:09.84 MicroBench
07:05:37        8 root      20   0   16100  10820   6692 R 100.0   0.1   0:10.01 MicroBench
07:05:38        8 root      20   0   16100  10820   6692 R 100.0   0.1   0:10.18 MicroBench
07:05:38        8 root      20   0   16100  10820   6692 R 100.0   0.1   0:10.35 MicroBench
07:05:38        8 root      20   0   16100  10820   6692 R 100.0   0.1   0:10.52 MicroBench
07:05:38        8 root      20   0   16100  10820   6692 R 100.0   0.1   0:10.69 MicroBench
07:05:38        8 root      20   0   16100  10820   6692 R 100.0   0.1   0:10.86 MicroBench
07:05:38        8 root      20   0   16100  10820   6692 R  93.8   0.1   0:11.03 MicroBench
07:05:39        8 root      20   0   16100  10820   6692 R 100.0   0.1   0:11.20 MicroBench
07:05:39        8 root      20   0   16100  10820   6692 R 100.0   0.1   0:11.37 MicroBench
07:05:39        8 root      20   0   16100  10820   6692 R 100.0   0.1   0:11.55 MicroBench
07:05:39        8 root      20   0   16100  10820   6692 R 100.0   0.1   0:11.72 MicroBench
07:05:39        8 root      20   0   16100  10820   6692 R  93.3   0.1   0:11.88 MicroBench
07:05:39        8 root      20   0   16100  10820   6692 R  93.8   0.1   0:12.05 MicroBench
07:05:40        8 root      20   0   16100  10820   6692 R 100.0   0.1   0:12.22 MicroBench
07:05:40        8 root      20   0   16100  10820   6692 R 100.0   0.1   0:12.39 MicroBench
07:05:40        8 root      20   0   16100  10820   6692 R 100.0   0.1   0:12.56 MicroBench
07:05:40        8 root      20   0   16100  10820   6692 R 100.0   0.1   0:12.73 MicroBench
07:05:40        8 root      20   0   16100  10820   6692 R 100.0   0.1   0:12.89 MicroBench
07:05:40        8 root      20   0   16100  10820   6692 R 100.0   0.1   0:13.06 MicroBench
07:05:41        8 root      20   0   16100  10820   6692 R 100.0   0.1   0:13.23 MicroBench
07:05:41        8 root      20   0   16100  10820   6692 R 100.0   0.1   0:13.40 MicroBench
07:05:41        8 root      20   0   16100  10820   6692 R  93.8   0.1   0:13.57 MicroBench
07:05:41        8 root      20   0   16100  10820   6692 R 100.0   0.1   0:13.74 MicroBench
07:05:41        8 root      20   0   16100  10820   6692 R 100.0   0.1   0:13.91 MicroBench
07:05:42        8 root      20   0   16100  10820   6692 R 100.0   0.1   0:14.08 MicroBench
07:05:42        8 root      20   0   16100  10820   6692 R 100.0   0.1   0:14.25 MicroBench
07:05:42        8 root      20   0   16100  10820   6692 R 100.0   0.1   0:14.41 MicroBench
07:05:42        8 root      20   0   16100  10820   6692 R 100.0   0.1   0:14.58 MicroBench
07:05:42        8 root      20   0   16100  10820   6692 R 100.0   0.1   0:14.75 MicroBench
07:05:42        8 root      20   0   16100  10820   6692 R 100.0   0.1   0:14.92 MicroBench
07:05:43        8 root      20   0   16100  10820   6692 R  86.7   0.1   0:15.07 MicroBench
07:05:43        8 root      20   0   16100  10820   6692 R 100.0   0.1   0:15.23 MicroBench
07:05:43        8 root      20   0   16100  10820   6692 R 100.0   0.1   0:15.40 MicroBench
07:05:43        8 root      20   0   16100  10820   6692 R 100.0   0.1   0:15.57 MicroBench
07:05:43        8 root      20   0   16100  10820   6692 R 100.0   0.1   0:15.74 MicroBench
07:05:43        8 root      20   0   16100  10820   6692 R 100.0   0.1   0:15.91 MicroBench
07:05:44        8 root      20   0   16100  10820   6692 R 100.0   0.1   0:16.08 MicroBench
07:05:44        8 root      20   0   16100  10820   6692 R 100.0   0.1   0:16.26 MicroBench
07:05:44        8 root      20   0   16100  10820   6692 R 100.0   0.1   0:16.42 MicroBench
07:05:44        8 root      20   0   16100  10820   6692 R 100.0   0.1   0:16.59 MicroBench
07:05:44        8 root      20   0   16100  10820   6692 R 100.0   0.1   0:16.77 MicroBench
07:05:44        8 root      20   0   16100  10820   6692 R  93.8   0.1   0:16.93 MicroBench
07:05:45        8 root      20   0   16100  10820   6692 R 100.0   0.1   0:17.10 MicroBench
07:05:45        8 root      20   0   16100  10820   6692 R 100.0   0.1   0:17.27 MicroBench
07:05:45        8 root      20   0   16100  10820   6692 R 100.0   0.1   0:17.44 MicroBench
07:05:45        8 root      20   0   16100  10820   6692 R 100.0   0.1   0:17.61 MicroBench
07:05:45        8 root      20   0   16100  10820   6692 R 100.0   0.1   0:17.78 MicroBench
07:05:45        8 root      20   0   16100  10820   6692 R 100.0   0.1   0:17.95 MicroBench
07:05:46        8 root      20   0   16100  10820   6692 R 100.0   0.1   0:18.12 MicroBench
07:05:46        8 root      20   0   16100  10820   6692 R 100.0   0.1   0:18.30 MicroBench
07:05:46        8 root      20   0   16100  10820   6692 R  93.8   0.1   0:18.46 MicroBench
07:05:46        8 root      20   0   16100  10820   6692 R  93.3   0.1   0:18.63 MicroBench
07:05:46        8 root      20   0   16100  10820   6692 R 100.0   0.1   0:18.80 MicroBench
07:05:46        8 root      20   0   16100  10820   6692 R 100.0   0.1   0:18.97 MicroBench
07:05:47        8 root      20   0   16100  10820   6692 R  93.8   0.1   0:19.14 MicroBench
07:05:47        8 root      20   0   16100  10820   6692 R 100.0   0.1   0:19.31 MicroBench
07:05:47        8 root      20   0   16100  10820   6692 R 100.0   0.1   0:19.48 MicroBench
07:05:47        8 root      20   0   16100  10820   6692 R 100.0   0.1   0:19.64 MicroBench
07:05:47        8 root      20   0   16100  10820   6692 R 100.0   0.1   0:19.81 MicroBench
07:05:47        8 root      20   0   16100  10820   6692 R 100.0   0.1   0:19.98 MicroBench
07:05:48        8 root      20   0   16100  10820   6692 R 100.0   0.1   0:20.15 MicroBench
07:05:48        8 root      20   0   16100  10820   6692 R  93.8   0.1   0:20.32 MicroBench
07:05:48        8 root      20   0   16100  10820   6692 R 100.0   0.1   0:20.49 MicroBench
07:05:48        8 root      20   0   16100  10820   6692 R 100.0   0.1   0:20.66 MicroBench
07:05:48        8 root      20   0   16100  10820   6692 R 100.0   0.1   0:20.82 MicroBench
07:05:48        8 root      20   0   16100  10820   6692 R 100.0   0.1   0:21.01 MicroBench
07:05:49        8 root      20   0   16100  10820   6692 R 100.0   0.1   0:21.17 MicroBench
07:05:49        8 root      20   0   16100  10820   6692 R 100.0   0.1   0:21.34 MicroBench
07:05:49        8 root      20   0   16100  10820   6692 R 100.0   0.1   0:21.51 MicroBench
07:05:49        8 root      20   0   18492  13196   6692 R  93.3   0.1   0:21.67 MicroBench
07:05:49        8 root      20   0   18492  13196   6692 R 100.0   0.1   0:21.84 MicroBench
07:05:49        8 root      20   0   18492  13196   6692 R 100.0   0.1   0:22.01 MicroBench
07:05:50        8 root      20   0   18492  13196   6692 R  93.8   0.1   0:22.18 MicroBench
07:05:50        8 root      20   0   18492  13196   6692 R 100.0   0.1   0:22.35 MicroBench
07:05:50        8 root      20   0   18492  13196   6692 R 100.0   0.1   0:22.52 MicroBench
07:05:50        8 root      20   0   18492  13196   6692 R 100.0   0.1   0:22.69 MicroBench
07:05:50        8 root      20   0   18492  13196   6692 R 100.0   0.1   0:22.85 MicroBench
07:05:51        8 root      20   0   18492  13196   6692 R 100.0   0.1   0:23.02 MicroBench
07:05:51        8 root      20   0   18492  13196   6692 R 100.0   0.1   0:23.19 MicroBench
07:05:51        8 root      20   0   18492  13196   6692 R 100.0   0.1   0:23.36 MicroBench
07:05:51        8 root      20   0   18492  13196   6692 R  93.8   0.1   0:23.53 MicroBench
07:05:51        8 root      20   0   18492  13196   6692 R 100.0   0.1   0:23.70 MicroBench
07:05:51        8 root      20   0   18492  13196   6692 R 100.0   0.1   0:23.86 MicroBench
07:05:52        8 root      20   0   18492  13196   6692 R 100.0   0.1   0:24.03 MicroBench
07:05:52        8 root      20   0   18492  13196   6692 R 100.0   0.1   0:24.20 MicroBench
07:05:52        8 root      20   0   18492  13196   6692 R 100.0   0.1   0:24.37 MicroBench
07:05:52        8 root      20   0   18492  13196   6692 R 100.0   0.1   0:24.54 MicroBench
07:05:52        8 root      20   0   18492  13196   6692 R 100.0   0.1   0:24.71 MicroBench
07:05:52        8 root      20   0   18492  13196   6692 R 100.0   0.1   0:24.88 MicroBench
07:05:53        8 root      20   0   18492  13196   6692 R 100.0   0.1   0:25.05 MicroBench
07:05:53        8 root      20   0   18492  13196   6692 R 100.0   0.1   0:25.22 MicroBench
07:05:53        8 root      20   0   18492  13196   6692 R 100.0   0.1   0:25.39 MicroBench
07:05:53        8 root      20   0   18492  13196   6692 R 100.0   0.1   0:25.56 MicroBench
07:05:53        8 root      20   0   18492  13196   6692 R  93.8   0.1   0:25.73 MicroBench
07:05:53        8 root      20   0   18492  13196   6692 R 100.0   0.1   0:25.90 MicroBench
07:05:54        8 root      20   0   18492  13196   6692 R 100.0   0.1   0:26.07 MicroBench
07:05:54        8 root      20   0   18492  13196   6692 R 100.0   0.1   0:26.24 MicroBench
07:05:54        8 root      20   0   18492  13196   6692 R  93.8   0.1   0:26.41 MicroBench
07:05:54        8 root      20   0   18492  13196   6692 R 100.0   0.1   0:26.58 MicroBench
07:05:54        8 root      20   0   18492  13196   6692 R 100.0   0.1   0:26.75 MicroBench
07:05:54        8 root      20   0   18492  13196   6692 R  93.3   0.1   0:26.92 MicroBench
07:05:55        8 root      20   0   18492  13196   6692 R 100.0   0.1   0:27.09 MicroBench
07:05:55        8 root      20   0   18492  13196   6692 R 100.0   0.1   0:27.26 MicroBench
07:05:55        8 root      20   0   18492  13196   6692 R 100.0   0.1   0:27.43 MicroBench
07:05:55        8 root      20   0   18492  13196   6692 R 100.0   0.1   0:27.60 MicroBench
07:05:55        8 root      20   0   18492  13196   6692 R 100.0   0.1   0:27.77 MicroBench
07:05:55        8 root      20   0   18492  13196   6692 R  93.8   0.1   0:27.93 MicroBench
07:05:56        8 root      20   0   18492  13196   6692 R 100.0   0.1   0:28.10 MicroBench
07:05:56        8 root      20   0   18492  13196   6692 R 100.0   0.1   0:28.27 MicroBench
07:05:56        8 root      20   0   18492  13196   6692 R 100.0   0.1   0:28.44 MicroBench
07:05:56        8 root      20   0   18492  13196   6692 R 100.0   0.1   0:28.61 MicroBench
07:05:56        8 root      20   0   18492  13196   6692 R 100.0   0.1   0:28.78 MicroBench
07:05:56        8 root      20   0   18492  13196   6692 R 100.0   0.1   0:28.94 MicroBench
07:05:57        8 root      20   0   18492  13196   6692 R  93.8   0.1   0:29.11 MicroBench
07:05:57        8 root      20   0   18492  13196   6692 R 100.0   0.1   0:29.28 MicroBench
07:05:57        8 root      20   0   18492  13196   6692 R 100.0   0.1   0:29.45 MicroBench
07:05:57        8 root      20   0   18492  13196   6692 R 100.0   0.1   0:29.62 MicroBench
07:05:57        8 root      20   0   18492  13196   6692 R 100.0   0.1   0:29.78 MicroBench
07:05:57        8 root      20   0   18492  13196   6692 R 100.0   0.1   0:29.95 MicroBench
07:05:58        8 root      20   0   18492  13196   6692 R 100.0   0.1   0:30.13 MicroBench
07:05:58        8 root      20   0   18492  13196   6692 R 100.0   0.1   0:30.29 MicroBench
07:05:58        8 root      20   0   18492  13196   6692 R 100.0   0.1   0:30.46 MicroBench
07:05:58        8 root      20   0   18492  13196   6692 R 100.0   0.1   0:30.63 MicroBench
07:05:58        8 root      20   0   18492  13196   6692 R 100.0   0.1   0:30.80 MicroBench
07:05:58        8 root      20   0   18492  13196   6692 R  93.8   0.1   0:30.97 MicroBench
07:05:59        8 root      20   0   18492  13196   6692 R 100.0   0.1   0:31.14 MicroBench
07:05:59        8 root      20   0   18492  13196   6692 R 100.0   0.1   0:31.30 MicroBench
07:05:59        8 root      20   0   18492  13196   6692 R 100.0   0.1   0:31.47 MicroBench
07:05:59        8 root      20   0   18492  13196   6692 R 100.0   0.1   0:31.64 MicroBench
07:05:59        8 root      20   0   18492  13196   6692 R 100.0   0.1   0:31.81 MicroBench
07:05:59        8 root      20   0   18492  13196   6692 R  93.8   0.1   0:31.97 MicroBench
07:06:00        8 root      20   0   18492  13196   6692 R 100.0   0.1   0:32.14 MicroBench
07:06:00        8 root      20   0   18492  13196   6692 R 100.0   0.1   0:32.31 MicroBench
07:06:00        8 root      20   0   18492  13196   6692 R 100.0   0.1   0:32.48 MicroBench
07:06:00        8 root      20   0   18492  13196   6692 R 100.0   0.1   0:32.65 MicroBench
07:06:00        8 root      20   0   18492  13196   6692 R  93.3   0.1   0:32.81 MicroBench
07:06:00        8 root      20   0   18492  13196   6692 R 100.0   0.1   0:32.98 MicroBench
07:06:01        8 root      20   0   18492  13196   6692 R 100.0   0.1   0:33.15 MicroBench
07:06:01        8 root      20   0   18492  13196   6692 R  93.8   0.1   0:33.32 MicroBench
07:06:01        8 root      20   0   18492  13196   6692 R 100.0   0.1   0:33.49 MicroBench
07:06:01        8 root      20   0   18492  13196   6692 R 100.0   0.1   0:33.65 MicroBench
07:06:01        8 root      20   0   18492  13196   6692 R 100.0   0.1   0:33.82 MicroBench
07:06:02        8 root      20   0   18492  13196   6692 R 100.0   0.1   0:33.99 MicroBench
07:06:02        8 root      20   0   18492  13196   6692 R 100.0   0.1   0:34.16 MicroBench
07:06:02        8 root      20   0   18492  13196   6692 R  93.8   0.1   0:34.32 MicroBench
07:06:02        8 root      20   0   18492  13196   6692 R 100.0   0.1   0:34.49 MicroBench
07:06:02        8 root      20   0   18492  13196   6692 R 100.0   0.1   0:34.67 MicroBench
07:06:02        8 root      20   0   18492  13196   6692 R 100.0   0.1   0:34.83 MicroBench
07:06:03        8 root      20   0   18492  13196   6692 R  93.8   0.1   0:35.00 MicroBench
07:06:03        8 root      20   0   18492  13196   6692 R 100.0   0.1   0:35.17 MicroBench
07:06:03        8 root      20   0   18492  13196   6692 R 100.0   0.1   0:35.35 MicroBench
07:06:03        8 root      20   0   18492  13196   6692 R  93.3   0.1   0:35.51 MicroBench
07:06:03        8 root      20   0   18492  13196   6692 R 100.0   0.1   0:35.69 MicroBench
07:06:03        8 root      20   0   18492  13196   6692 R  93.8   0.1   0:35.85 MicroBench
07:06:04        8 root      20   0   18492  13196   6692 R 100.0   0.1   0:36.02 MicroBench
07:06:04        8 root      20   0   18492  13196   6692 R 100.0   0.1   0:36.20 MicroBench
07:06:04        8 root      20   0   18492  13196   6692 R 100.0   0.1   0:36.36 MicroBench
07:06:04        8 root      20   0   18492  13196   6692 R 100.0   0.1   0:36.54 MicroBench
07:06:04        8 root      20   0   18492  13196   6692 R  93.8   0.1   0:36.72 MicroBench
07:06:04        8 root      20   0   18492  13196   6692 R  93.8   0.1   0:36.89 MicroBench
07:06:05        8 root      20   0   18492  13196   6692 R 100.0   0.1   0:37.06 MicroBench
07:06:05        8 root      20   0   18492  13196   6692 R 100.0   0.1   0:37.23 MicroBench
07:06:05        8 root      20   0   18492  13196   6692 R 100.0   0.1   0:37.41 MicroBench
07:06:05        8 root      20   0   18492  13196   6692 R 100.0   0.1   0:37.57 MicroBench
07:06:05        8 root      20   0   18492  13196   6692 R 100.0   0.1   0:37.74 MicroBench
07:06:05        8 root      20   0   18492  13196   6692 R 100.0   0.1   0:37.91 MicroBench
07:06:06        8 root      20   0   18492  13196   6692 R 100.0   0.1   0:38.08 MicroBench
07:06:06        8 root      20   0   18492  13196   6692 R  93.8   0.1   0:38.25 MicroBench
07:06:06        8 root      20   0   18492  13196   6692 R 100.0   0.1   0:38.42 MicroBench
07:06:06        8 root      20   0   18492  13196   6692 R 100.0   0.1   0:38.58 MicroBench
07:06:06        8 root      20   0   18492  13196   6692 R 100.0   0.1   0:38.76 MicroBench
07:06:06        8 root      20   0   18492  13196   6692 R 100.0   0.1   0:38.93 MicroBench
07:06:07        8 root      20   0   18492  13196   6692 R 100.0   0.1   0:39.10 MicroBench
07:06:07        8 root      20   0   18492  13196   6692 R 100.0   0.1   0:39.27 MicroBench
07:06:07        8 root      20   0   18492  13196   6692 R 100.0   0.1   0:39.44 MicroBench
07:06:07        8 root      20   0   18684  13496   6692 R 100.0   0.1   0:39.62 MicroBench
Avg reg. time: 50673194
Avg opt. time: 34622951
Median reg. time: 50641250
Median opt. time: 34517562
07:06:07  MicroBench not found.
MicroBench process has exited. Monitoring script will terminate.
