Args:
  Field size              : 2748779069441
  l                       : 128
  t                       : 10
  Number of parties        : 512
  Number of repeats        : 3
  Monitor sleep time (ms) : 1

Started ./MicroBench with PID: 8
07:10:42        8 root      20   0   13764   8492   6628 R  93.8   0.1   0:00.16 MicroBench
07:10:42        8 root      20   0   13764   8492   6628 R 100.0   0.1   0:00.33 MicroBench
07:10:42        8 root      20   0   13764   8492   6628 R 100.0   0.1   0:00.49 MicroBench
07:10:42        8 root      20   0   13896   8492   6628 R 100.0   0.1   0:00.66 MicroBench
07:10:42        8 root      20   0   13896   8492   6628 R  87.5   0.1   0:00.82 MicroBench
07:10:43        8 root      20   0   13892   8656   6628 R 100.0   0.1   0:00.99 MicroBench
07:10:43        8 root      20   0   13892   8656   6628 R 100.0   0.1   0:01.16 MicroBench
07:10:43        8 root      20   0   13892   8656   6628 R 100.0   0.1   0:01.33 MicroBench
07:10:43        8 root      20   0   13888   8664   6628 R 100.0   0.1   0:01.49 MicroBench
07:10:43        8 root      20   0   13888   8664   6628 R 100.0   0.1   0:01.66 MicroBench
07:10:44        8 root      20   0   13888   8664   6628 R 100.0   0.1   0:01.83 MicroBench
07:10:44        8 root      20   0   13888   8664   6628 R 100.0   0.1   0:02.00 MicroBench
07:10:44        8 root      20   0   13888   8664   6628 R 100.0   0.1   0:02.17 MicroBench
07:10:44        8 root      20   0   13888   8664   6628 R  93.8   0.1   0:02.33 MicroBench
07:10:44        8 root      20   0   13888   8664   6628 R 100.0   0.1   0:02.50 MicroBench
07:10:44        8 root      20   0   13888   8664   6628 R  93.3   0.1   0:02.66 MicroBench
07:10:45        8 root      20   0   13888   8664   6628 R 100.0   0.1   0:02.83 MicroBench
07:10:45        8 root      20   0   13888   8664   6628 R  93.8   0.1   0:03.00 MicroBench
07:10:45        8 root      20   0   13888   8664   6628 R  93.8   0.1   0:03.17 MicroBench
07:10:45        8 root      20   0   13888   8664   6628 R  80.0   0.1   0:03.31 MicroBench
07:10:45        8 root      20   0   13888   8664   6628 R 100.0   0.1   0:03.47 MicroBench
07:10:45        8 root      20   0   13888   8664   6628 R 100.0   0.1   0:03.65 MicroBench
07:10:46        8 root      20   0   13888   8664   6628 R 100.0   0.1   0:03.81 MicroBench
07:10:46        8 root      20   0   13888   8664   6628 R 100.0   0.1   0:03.98 MicroBench
07:10:46        8 root      20   0   13888   8664   6628 R 100.0   0.1   0:04.15 MicroBench
07:10:46        8 root      20   0   13888   8664   6628 R 100.0   0.1   0:04.32 MicroBench
07:10:46        8 root      20   0   13888   8664   6628 R 100.0   0.1   0:04.48 MicroBench
07:10:46        8 root      20   0   13888   8664   6628 R 100.0   0.1   0:04.65 MicroBench
07:10:47        8 root      20   0   13888   8664   6628 R 100.0   0.1   0:04.82 MicroBench
07:10:47        8 root      20   0   13888   8664   6628 R 100.0   0.1   0:04.99 MicroBench
07:10:47        8 root      20   0   13888   8664   6628 R  93.8   0.1   0:05.15 MicroBench
07:10:47        8 root      20   0   13888   8664   6628 R 100.0   0.1   0:05.32 MicroBench
07:10:47        8 root      20   0   13888   8664   6628 R 100.0   0.1   0:05.49 MicroBench
07:10:47        8 root      20   0   13888   8664   6628 R 100.0   0.1   0:05.66 MicroBench
07:10:48        8 root      20   0   13888   8664   6628 R  93.8   0.1   0:05.82 MicroBench
07:10:48        8 root      20   0   13888   8664   6628 R 100.0   0.1   0:05.99 MicroBench
07:10:48        8 root      20   0   13888   8664   6628 R 100.0   0.1   0:06.16 MicroBench
07:10:48        8 root      20   0   13888   8664   6628 R 100.0   0.1   0:06.32 MicroBench
07:10:48        8 root      20   0   13888   8664   6628 R 100.0   0.1   0:06.49 MicroBench
07:10:48        8 root      20   0   13888   8664   6628 R 100.0   0.1   0:06.66 MicroBench
07:10:49        8 root      20   0   13888   8664   6628 R 100.0   0.1   0:06.83 MicroBench
07:10:49        8 root      20   0   13888   8664   6628 R 100.0   0.1   0:06.99 MicroBench
07:10:49        8 root      20   0   13888   8664   6628 R 100.0   0.1   0:07.16 MicroBench
07:10:49        8 root      20   0   17696  12416   6692 R 100.0   0.1   0:07.33 MicroBench
07:10:49        8 root      20   0   17696  12416   6692 R  93.3   0.1   0:07.49 MicroBench
07:10:49        8 root      20   0   17696  12416   6692 R 100.0   0.1   0:07.66 MicroBench
07:10:50        8 root      20   0   17696  12416   6692 R 100.0   0.1   0:07.83 MicroBench
07:10:50        8 root      20   0   17696  12416   6692 R 100.0   0.1   0:08.00 MicroBench
07:10:50        8 root      20   0   17696  12416   6692 R 100.0   0.1   0:08.16 MicroBench
07:10:50        8 root      20   0   17696  12416   6692 R 100.0   0.1   0:08.33 MicroBench
07:10:50        8 root      20   0   17696  12416   6692 R 100.0   0.1   0:08.50 MicroBench
07:10:50        8 root      20   0   17696  12416   6692 R  93.8   0.1   0:08.67 MicroBench
07:10:51        8 root      20   0   17696  12416   6692 R 100.0   0.1   0:08.83 MicroBench
07:10:51        8 root      20   0   17696  12416   6692 R 100.0   0.1   0:09.00 MicroBench
07:10:51        8 root      20   0   17696  12416   6692 R 100.0   0.1   0:09.17 MicroBench
07:10:51        8 root      20   0   17696  12416   6692 R  93.3   0.1   0:09.33 MicroBench
07:10:51        8 root      20   0   17696  12416   6692 R 100.0   0.1   0:09.49 MicroBench
07:10:51        8 root      20   0   17696  12416   6692 R 100.0   0.1   0:09.66 MicroBench
07:10:52        8 root      20   0   17696  12416   6692 R 100.0   0.1   0:09.83 MicroBench
07:10:52        8 root      20   0   17696  12416   6692 R  93.8   0.1   0:10.00 MicroBench
07:10:52        8 root      20   0   17696  12416   6692 R  93.3   0.1   0:10.16 MicroBench
07:10:52        8 root      20   0   17696  12416   6692 R 100.0   0.1   0:10.33 MicroBench
07:10:52        8 root      20   0   17696  12416   6692 R 100.0   0.1   0:10.50 MicroBench
07:10:52        8 root      20   0   17696  12416   6692 R 100.0   0.1   0:10.67 MicroBench
07:10:53        8 root      20   0   17696  12416   6692 R 100.0   0.1   0:10.83 MicroBench
07:10:53        8 root      20   0   17696  12416   6692 R 100.0   0.1   0:11.00 MicroBench
07:10:53        8 root      20   0   17696  12416   6692 R 100.0   0.1   0:11.17 MicroBench
07:10:53        8 root      20   0   17696  12416   6692 R 100.0   0.1   0:11.34 MicroBench
07:10:53        8 root      20   0   17696  12416   6692 R 100.0   0.1   0:11.50 MicroBench
07:10:53        8 root      20   0   17696  12416   6692 R 100.0   0.1   0:11.67 MicroBench
07:10:54        8 root      20   0   17696  12416   6692 R 100.0   0.1   0:11.84 MicroBench
07:10:54        8 root      20   0   17696  12416   6692 R 100.0   0.1   0:12.01 MicroBench
07:10:54        8 root      20   0   17696  12416   6692 R 100.0   0.1   0:12.18 MicroBench
07:10:54        8 root      20   0   17696  12416   6692 R 100.0   0.1   0:12.34 MicroBench
07:10:54        8 root      20   0   17696  12416   6692 R 100.0   0.1   0:12.51 MicroBench
07:10:54        8 root      20   0   17696  12416   6692 R 100.0   0.1   0:12.68 MicroBench
07:10:55        8 root      20   0   17696  12416   6692 R 100.0   0.1   0:12.85 MicroBench
07:10:55        8 root      20   0   17696  12416   6692 R  93.3   0.1   0:13.01 MicroBench
07:10:55        8 root      20   0   17696  12416   6692 R 100.0   0.1   0:13.18 MicroBench
07:10:55        8 root      20   0   17696  12416   6692 R 100.0   0.1   0:13.35 MicroBench
07:10:55        8 root      20   0   17696  12416   6692 R  93.8   0.1   0:13.52 MicroBench
07:10:55        8 root      20   0   17696  12416   6692 R  93.8   0.1   0:13.69 MicroBench
07:10:56        8 root      20   0   17696  12416   6692 R 100.0   0.1   0:13.86 MicroBench
07:10:56        8 root      20   0   17696  12416   6692 R  93.3   0.1   0:14.02 MicroBench
07:10:56        8 root      20   0   17696  12416   6692 R 100.0   0.1   0:14.20 MicroBench
07:10:56        8 root      20   0   17696  12416   6692 R 100.0   0.1   0:14.36 MicroBench
07:10:56        8 root      20   0   17696  12416   6692 R 100.0   0.1   0:14.53 MicroBench
07:10:56        8 root      20   0   17696  12416   6692 R  93.8   0.1   0:14.70 MicroBench
07:10:57        8 root      20   0   17696  12416   6692 R 100.0   0.1   0:14.87 MicroBench
07:10:57        8 root      20   0   17696  12416   6692 R  93.8   0.1   0:15.04 MicroBench
07:10:57        8 root      20   0   17696  12416   6692 R 100.0   0.1   0:15.21 MicroBench
07:10:57        8 root      20   0   17696  12416   6692 R  80.0   0.1   0:15.35 MicroBench
07:10:57        8 root      20   0   17696  12416   6692 R 100.0   0.1   0:15.52 MicroBench
07:10:57        8 root      20   0   17696  12416   6692 R 100.0   0.1   0:15.69 MicroBench
07:10:58        8 root      20   0   17696  12416   6692 R  93.8   0.1   0:15.85 MicroBench
07:10:58        8 root      20   0   17696  12416   6692 R 100.0   0.1   0:16.02 MicroBench
07:10:58        8 root      20   0   17696  12416   6692 R 100.0   0.1   0:16.19 MicroBench
07:10:58        8 root      20   0   17696  12416   6692 R 100.0   0.1   0:16.36 MicroBench
07:10:58        8 root      20   0   17696  12416   6692 R  93.3   0.1   0:16.52 MicroBench
07:10:58        8 root      20   0   17696  12416   6692 R 100.0   0.1   0:16.69 MicroBench
07:10:59        8 root      20   0   17696  12416   6692 R  93.8   0.1   0:16.86 MicroBench
07:10:59        8 root      20   0   17696  12416   6692 R 100.0   0.1   0:17.03 MicroBench
07:10:59        8 root      20   0   17696  12416   6692 R 100.0   0.1   0:17.20 MicroBench
07:10:59        8 root      20   0   17696  12416   6692 R 100.0   0.1   0:17.37 MicroBench
07:10:59        8 root      20   0   17696  12416   6692 R 100.0   0.1   0:17.53 MicroBench
07:10:59        8 root      20   0   17696  12416   6692 R  93.8   0.1   0:17.70 MicroBench
07:11:00        8 root      20   0   17696  12416   6692 R 100.0   0.1   0:17.87 MicroBench
07:11:00        8 root      20   0   17696  12416   6692 R 100.0   0.1   0:18.04 MicroBench
07:11:00        8 root      20   0   17696  12416   6692 R 100.0   0.1   0:18.20 MicroBench
07:11:00        8 root      20   0   17696  12416   6692 R 100.0   0.1   0:18.37 MicroBench
07:11:00        8 root      20   0   17696  12416   6692 R 100.0   0.1   0:18.54 MicroBench
07:11:00        8 root      20   0   17696  12416   6692 R 100.0   0.1   0:18.71 MicroBench
07:11:01        8 root      20   0   17696  12416   6692 R 100.0   0.1   0:18.87 MicroBench
07:11:01        8 root      20   0   17696  12416   6692 R 100.0   0.1   0:19.04 MicroBench
07:11:01        8 root      20   0   17696  12416   6692 R 100.0   0.1   0:19.21 MicroBench
07:11:01        8 root      20   0   17696  12416   6692 R 100.0   0.1   0:19.38 MicroBench
07:11:01        8 root      20   0   17696  12416   6692 R  93.8   0.1   0:19.55 MicroBench
07:11:02        8 root      20   0   17696  12416   6692 R  93.3   0.1   0:19.71 MicroBench
07:11:02        8 root      20   0   17696  12416   6692 R 100.0   0.1   0:19.88 MicroBench
07:11:02        8 root      20   0   17696  12416   6692 R 100.0   0.1   0:20.05 MicroBench
07:11:02        8 root      20   0   17696  12416   6692 R 100.0   0.1   0:20.22 MicroBench
07:11:02        8 root      20   0   17696  12416   6692 R 100.0   0.1   0:20.39 MicroBench
07:11:02        8 root      20   0   17696  12416   6692 R 100.0   0.1   0:20.56 MicroBench
07:11:03        8 root      20   0   17696  12416   6692 R  93.8   0.1   0:20.72 MicroBench
07:11:03        8 root      20   0   17696  12416   6692 R 100.0   0.1   0:20.89 MicroBench
07:11:03        8 root      20   0   17696  12416   6692 R 100.0   0.1   0:21.06 MicroBench
07:11:03        8 root      20   0   17696  12416   6692 R  93.3   0.1   0:21.22 MicroBench
07:11:03        8 root      20   0   17696  12416   6692 R 100.0   0.1   0:21.40 MicroBench
07:11:03        8 root      20   0   17696  12416   6692 R 100.0   0.1   0:21.57 MicroBench
07:11:04        8 root      20   0   17696  12416   6692 R 100.0   0.1   0:21.74 MicroBench
07:11:04        8 root      20   0   17696  12416   6692 R 100.0   0.1   0:21.91 MicroBench
07:11:04        8 root      20   0   17696  12416   6692 R 100.0   0.1   0:22.08 MicroBench
07:11:04        8 root      20   0   17696  12416   6692 R 100.0   0.1   0:22.24 MicroBench
07:11:04        8 root      20   0   17696  12416   6692 R 100.0   0.1   0:22.41 MicroBench
07:11:04        8 root      20   0   17696  12416   6692 R  93.8   0.1   0:22.58 MicroBench
07:11:05        8 root      20   0   17696  12416   6692 R 100.0   0.1   0:22.75 MicroBench
07:11:05        8 root      20   0   17696  12416   6692 R  93.3   0.1   0:22.91 MicroBench
07:11:05        8 root      20   0   17696  12416   6692 R 100.0   0.1   0:23.08 MicroBench
07:11:05        8 root      20   0   17696  12416   6692 R 100.0   0.1   0:23.25 MicroBench
07:11:05        8 root      20   0   17696  12416   6692 R 100.0   0.1   0:23.42 MicroBench
07:11:05        8 root      20   0   17696  12416   6692 R  93.8   0.1   0:23.59 MicroBench
07:11:06        8 root      20   0   17696  12416   6692 R 100.0   0.1   0:23.76 MicroBench
07:11:06        8 root      20   0   17696  12416   6692 R 100.0   0.1   0:23.92 MicroBench
07:11:06        8 root      20   0   17696  12416   6692 R 100.0   0.1   0:24.09 MicroBench
07:11:06        8 root      20   0   17696  12416   6692 R 100.0   0.1   0:24.26 MicroBench
07:11:06        8 root      20   0   17696  12416   6692 R 100.0   0.1   0:24.43 MicroBench
07:11:06        8 root      20   0   17696  12416   6692 R  93.3   0.1   0:24.59 MicroBench
07:11:07        8 root      20   0   17696  12416   6692 R 100.0   0.1   0:24.76 MicroBench
07:11:07        8 root      20   0   17696  12416   6692 R 100.0   0.1   0:24.93 MicroBench
07:11:07        8 root      20   0   17696  12416   6692 R 100.0   0.1   0:25.10 MicroBench
07:11:07        8 root      20   0   17696  12416   6692 R  93.8   0.1   0:25.26 MicroBench
07:11:07        8 root      20   0   17696  12416   6692 R 100.0   0.1   0:25.43 MicroBench
07:11:07        8 root      20   0   17696  12416   6692 R 100.0   0.1   0:25.60 MicroBench
07:11:08        8 root      20   0   17696  12416   6692 R 100.0   0.1   0:25.77 MicroBench
07:11:08        8 root      20   0   17696  12416   6692 R 100.0   0.1   0:25.93 MicroBench
07:11:08        8 root      20   0   17696  12416   6692 R 100.0   0.1   0:26.10 MicroBench
07:11:08        8 root      20   0   17696  12416   6692 R 100.0   0.1   0:26.27 MicroBench
07:11:08        8 root      20   0   17696  12416   6692 R 100.0   0.1   0:26.43 MicroBench
07:11:08        8 root      20   0   17696  12416   6692 R 100.0   0.1   0:26.60 MicroBench
07:11:09        8 root      20   0   17696  12416   6692 R 100.0   0.1   0:26.77 MicroBench
07:11:09        8 root      20   0   17696  12416   6692 R 100.0   0.1   0:26.94 MicroBench
07:11:09        8 root      20   0   17696  12416   6692 R 100.0   0.1   0:27.10 MicroBench
07:11:09        8 root      20   0   17696  12416   6692 R  80.0   0.1   0:27.24 MicroBench
07:11:09        8 root      20   0   17696  12416   6692 R  93.3   0.1   0:27.40 MicroBench
07:11:09        8 root      20   0   17696  12416   6692 R  93.8   0.1   0:27.57 MicroBench
07:11:10        8 root      20   0   17696  12416   6692 R 100.0   0.1   0:27.74 MicroBench
07:11:10        8 root      20   0   17696  12416   6692 R 100.0   0.1   0:27.91 MicroBench
07:11:10        8 root      20   0   17696  12416   6692 R 100.0   0.1   0:28.08 MicroBench
07:11:10        8 root      20   0   17696  12416   6692 R 100.0   0.1   0:28.25 MicroBench
07:11:10        8 root      20   0   17696  12416   6692 R 100.0   0.1   0:28.41 MicroBench
07:11:10        8 root      20   0   17696  12416   6692 R  93.8   0.1   0:28.58 MicroBench
07:11:11        8 root      20   0   17696  12416   6692 R 100.0   0.1   0:28.75 MicroBench
07:11:11        8 root      20   0   17696  12416   6692 R 100.0   0.1   0:28.92 MicroBench
07:11:11        8 root      20   0   17696  12416   6692 R 100.0   0.1   0:29.09 MicroBench
07:11:11        8 root      20   0   17696  12416   6692 R 100.0   0.1   0:29.25 MicroBench
07:11:11        8 root      20   0   17696  12416   6692 R 100.0   0.1   0:29.42 MicroBench
07:11:11        8 root      20   0   17696  12416   6692 R  93.8   0.1   0:29.59 MicroBench
07:11:12        8 root      20   0   17696  12416   6692 R 100.0   0.1   0:29.76 MicroBench
07:11:12        8 root      20   0   17696  12416   6692 R  93.3   0.1   0:29.92 MicroBench
07:11:12        8 root      20   0   17696  12416   6692 R 100.0   0.1   0:30.09 MicroBench
07:11:12        8 root      20   0   17696  12416   6692 R 100.0   0.1   0:30.26 MicroBench
07:11:12        8 root      20   0   17696  12416   6692 R 100.0   0.1   0:30.43 MicroBench
07:11:12        8 root      20   0   17696  12416   6692 R  93.8   0.1   0:30.61 MicroBench
07:11:13        8 root      20   0   17696  12416   6692 R 100.0   0.1   0:30.78 MicroBench
07:11:13        8 root      20   0   17696  12416   6692 R 100.0   0.1   0:30.95 MicroBench
07:11:13        8 root      20   0   17696  12416   6692 R 100.0   0.1   0:31.11 MicroBench
07:11:13        8 root      20   0   17696  12416   6692 R 100.0   0.1   0:31.28 MicroBench
07:11:13        8 root      20   0   17696  12416   6692 R 100.0   0.1   0:31.45 MicroBench
07:11:13        8 root      20   0   17696  12416   6692 R 100.0   0.1   0:31.62 MicroBench
07:11:14        8 root      20   0   17696  12416   6692 R 100.0   0.1   0:31.79 MicroBench
07:11:14        8 root      20   0   17696  12416   6692 R 100.0   0.1   0:31.96 MicroBench
07:11:14        8 root      20   0   17696  12416   6692 R 100.0   0.1   0:32.13 MicroBench
07:11:14        8 root      20   0   17696  12416   6692 R 100.0   0.1   0:32.30 MicroBench
07:11:14        8 root      20   0   17696  12416   6692 R 100.0   0.1   0:32.47 MicroBench
07:11:15        8 root      20   0   17696  12416   6692 R 100.0   0.1   0:32.65 MicroBench
07:11:15        8 root      20   0   17696  12416   6692 R 100.0   0.1   0:32.82 MicroBench
07:11:15        8 root      20   0   17696  12416   6692 R 100.0   0.1   0:32.99 MicroBench
07:11:15        8 root      20   0   17696  12416   6692 R  93.3   0.1   0:33.14 MicroBench
07:11:15        8 root      20   0   17696  12416   6692 R 100.0   0.1   0:33.32 MicroBench
07:11:15        8 root      20   0   17696  12416   6692 R 100.0   0.1   0:33.49 MicroBench
07:11:16        8 root      20   0   17696  12416   6692 R  93.8   0.1   0:33.65 MicroBench
07:11:16        8 root      20   0   17696  12416   6692 R 100.0   0.1   0:33.82 MicroBench
07:11:16        8 root      20   0   17696  12416   6692 R 100.0   0.1   0:33.99 MicroBench
07:11:16        8 root      20   0   17696  12416   6692 R 100.0   0.1   0:34.16 MicroBench
07:11:16        8 root      20   0   17696  12416   6692 R 100.0   0.1   0:34.33 MicroBench
07:11:16        8 root      20   0   17696  12416   6692 R 100.0   0.1   0:34.49 MicroBench
07:11:17        8 root      20   0   17696  12416   6692 R 100.0   0.1   0:34.66 MicroBench
07:11:17        8 root      20   0   17696  12416   6692 R  93.8   0.1   0:34.83 MicroBench
07:11:17        8 root      20   0   17696  12416   6692 R 100.0   0.1   0:35.00 MicroBench
07:11:17        8 root      20   0   17696  12416   6692 R 100.0   0.1   0:35.17 MicroBench
07:11:17        8 root      20   0   17696  12416   6692 R 100.0   0.1   0:35.34 MicroBench
07:11:17        8 root      20   0   17696  12416   6692 R 100.0   0.1   0:35.50 MicroBench
07:11:18        8 root      20   0   17696  12416   6692 R  93.8   0.1   0:35.67 MicroBench
07:11:18        8 root      20   0   17696  12416   6692 R  93.3   0.1   0:35.83 MicroBench
07:11:18        8 root      20   0   17696  12416   6692 R  93.8   0.1   0:36.02 MicroBench
07:11:18        8 root      20   0   17696  12416   6692 R 100.0   0.1   0:36.19 MicroBench
07:11:18        8 root      20   0   17696  12416   6692 R 100.0   0.1   0:36.36 MicroBench
07:11:18        8 root      20   0   17696  12416   6692 R 100.0   0.1   0:36.52 MicroBench
07:11:19        8 root      20   0   17696  12416   6692 R 100.0   0.1   0:36.69 MicroBench
07:11:19        8 root      20   0   17696  12416   6692 R 100.0   0.1   0:36.86 MicroBench
07:11:19        8 root      20   0   17696  12416   6692 R  93.8   0.1   0:37.03 MicroBench
07:11:19        8 root      20   0   17696  12416   6692 R 100.0   0.1   0:37.20 MicroBench
07:11:19        8 root      20   0   17696  12416   6692 R 100.0   0.1   0:37.37 MicroBench
07:11:19        8 root      20   0   17696  12416   6692 R 100.0   0.1   0:37.53 MicroBench
07:11:20        8 root      20   0   17696  12416   6692 R 100.0   0.1   0:37.70 MicroBench
07:11:20        8 root      20   0   17696  12416   6692 R 100.0   0.1   0:37.87 MicroBench
07:11:20        8 root      20   0   17696  12416   6692 R 100.0   0.1   0:38.04 MicroBench
07:11:20        8 root      20   0   17696  12416   6692 R 100.0   0.1   0:38.21 MicroBench
07:11:20        8 root      20   0   17696  12416   6692 R 100.0   0.1   0:38.38 MicroBench
07:11:20        8 root      20   0   17696  12416   6692 R  93.8   0.1   0:38.54 MicroBench
07:11:21        8 root      20   0   17696  12416   6692 R 100.0   0.1   0:38.71 MicroBench
07:11:21        8 root      20   0   17696  12416   6692 R 100.0   0.1   0:38.88 MicroBench
07:11:21        8 root      20   0   17696  12416   6692 R 100.0   0.1   0:39.05 MicroBench
07:11:21        8 root      20   0   17696  12416   6692 R  66.7   0.1   0:39.17 MicroBench
07:11:21        8 root      20   0   17696  12416   6692 R 100.0   0.1   0:39.34 MicroBench
07:11:21        8 root      20   0   17696  12416   6692 R 100.0   0.1   0:39.50 MicroBench
07:11:22        8 root      20   0   17696  12416   6692 R 100.0   0.1   0:39.67 MicroBench
07:11:22        8 root      20   0   17696  12416   6692 R 100.0   0.1   0:39.84 MicroBench
07:11:22        8 root      20   0   17696  12416   6692 R 100.0   0.1   0:40.01 MicroBench
07:11:22        8 root      20   0   17696  12416   6692 R 100.0   0.1   0:40.18 MicroBench
07:11:22        8 root      20   0   17696  12416   6692 R 100.0   0.1   0:40.34 MicroBench
07:11:22        8 root      20   0   17696  12416   6692 R 100.0   0.1   0:40.51 MicroBench
07:11:23        8 root      20   0   17696  12416   6692 R 100.0   0.1   0:40.68 MicroBench
07:11:23        8 root      20   0   17696  12416   6692 R 100.0   0.1   0:40.85 MicroBench
07:11:23        8 root      20   0   17696  12416   6692 R  87.5   0.1   0:41.01 MicroBench
07:11:23        8 root      20   0   17696  12416   6692 R 100.0   0.1   0:41.18 MicroBench
07:11:23        8 root      20   0   17696  12416   6692 R  93.8   0.1   0:41.35 MicroBench
07:11:23        8 root      20   0   17696  12416   6692 R 100.0   0.1   0:41.52 MicroBench
07:11:24        8 root      20   0   17696  12416   6692 R 100.0   0.1   0:41.69 MicroBench
07:11:24        8 root      20   0   17696  12416   6692 R 100.0   0.1   0:41.86 MicroBench
07:11:24        8 root      20   0   17696  12416   6692 R 100.0   0.1   0:42.02 MicroBench
07:11:24        8 root      20   0   17696  12416   6692 R 100.0   0.1   0:42.19 MicroBench
07:11:24        8 root      20   0   17696  12416   6692 R 100.0   0.1   0:42.36 MicroBench
07:11:24        8 root      20   0   17696  12416   6692 R 100.0   0.1   0:42.53 MicroBench
07:11:25        8 root      20   0   17696  12416   6692 R  93.3   0.1   0:42.69 MicroBench
07:11:25        8 root      20   0   17696  12416   6692 R 100.0   0.1   0:42.86 MicroBench
07:11:25        8 root      20   0   17696  12416   6692 R  93.8   0.1   0:43.03 MicroBench
07:11:25        8 root      20   0   17696  12416   6692 R 100.0   0.1   0:43.20 MicroBench
07:11:25        8 root      20   0   17696  12416   6692 R  93.3   0.1   0:43.36 MicroBench
07:11:26        8 root      20   0   17696  12416   6692 R 100.0   0.1   0:43.53 MicroBench
07:11:26        8 root      20   0   17696  12416   6692 R 100.0   0.1   0:43.70 MicroBench
07:11:26        8 root      20   0   17696  12416   6692 R  93.3   0.1   0:43.88 MicroBench
07:11:26        8 root      20   0   17696  12416   6692 R 100.0   0.1   0:44.05 MicroBench
07:11:26        8 root      20   0   17696  12416   6692 R 100.0   0.1   0:44.22 MicroBench
07:11:26        8 root      20   0   17696  12416   6692 R 100.0   0.1   0:44.39 MicroBench
07:11:27        8 root      20   0   17696  12416   6692 R 100.0   0.1   0:44.55 MicroBench
07:11:27        8 root      20   0   17696  12416   6692 R 100.0   0.1   0:44.72 MicroBench
07:11:27        8 root      20   0   17696  12416   6692 R 100.0   0.1   0:44.89 MicroBench
07:11:27        8 root      20   0   17696  12416   6692 R  93.3   0.1   0:45.05 MicroBench
07:11:27        8 root      20   0   17696  12416   6692 R 100.0   0.1   0:45.25 MicroBench
07:11:27        8 root      20   0   17696  12416   6692 R 100.0   0.1   0:45.42 MicroBench
07:11:28        8 root      20   0   17696  12416   6692 R 100.0   0.1   0:45.59 MicroBench
07:11:28        8 root      20   0   17696  12416   6692 R 100.0   0.1   0:45.76 MicroBench
07:11:28        8 root      20   0   17696  12416   6692 R  93.8   0.1   0:45.93 MicroBench
07:11:28        8 root      20   0   17696  12416   6692 R 100.0   0.1   0:46.10 MicroBench
07:11:28        8 root      20   0   17696  12416   6692 R 100.0   0.1   0:46.26 MicroBench
07:11:28        8 root      20   0   17696  12416   6692 R 100.0   0.1   0:46.43 MicroBench
07:11:29        8 root      20   0   17696  12416   6692 R 100.0   0.1   0:46.60 MicroBench
07:11:29        8 root      20   0   17696  12416   6692 R  93.3   0.1   0:46.76 MicroBench
07:11:29        8 root      20   0   17696  12416   6692 R 100.0   0.1   0:46.93 MicroBench
07:11:29        8 root      20   0   17696  12416   6692 R 100.0   0.1   0:47.10 MicroBench
07:11:29        8 root      20   0   17696  12416   6692 R 100.0   0.1   0:47.27 MicroBench
07:11:29        8 root      20   0   17696  12416   6692 R  93.8   0.1   0:47.43 MicroBench
07:11:30        8 root      20   0   17696  12416   6692 R 100.0   0.1   0:47.60 MicroBench
07:11:30        8 root      20   0   17696  12416   6692 R 100.0   0.1   0:47.77 MicroBench
07:11:30        8 root      20   0   17696  12416   6692 R 100.0   0.1   0:47.94 MicroBench
07:11:30        8 root      20   0   17696  12416   6692 R  93.8   0.1   0:48.10 MicroBench
07:11:30        8 root      20   0   17696  12416   6692 R 100.0   0.1   0:48.27 MicroBench
07:11:30        8 root      20   0   17696  12416   6692 R 100.0   0.1   0:48.44 MicroBench
07:11:31        8 root      20   0   17696  12416   6692 R  93.3   0.1   0:48.60 MicroBench
07:11:31        8 root      20   0   17696  12416   6692 R  93.8   0.1   0:48.77 MicroBench
07:11:31        8 root      20   0   17696  12416   6692 R 100.0   0.1   0:48.94 MicroBench
07:11:31        8 root      20   0   17696  12416   6692 R 100.0   0.1   0:49.11 MicroBench
07:11:31        8 root      20   0   17696  12416   6692 R 100.0   0.1   0:49.27 MicroBench
07:11:31        8 root      20   0   17696  12416   6692 R 100.0   0.1   0:49.44 MicroBench
07:11:32        8 root      20   0   17696  12416   6692 R 100.0   0.1   0:49.61 MicroBench
07:11:32        8 root      20   0   17696  12416   6692 R 100.0   0.1   0:49.78 MicroBench
07:11:32        8 root      20   0   17696  12416   6692 R 100.0   0.1   0:49.95 MicroBench
07:11:32        8 root      20   0   17696  12416   6692 R 100.0   0.1   0:50.11 MicroBench
07:11:32        8 root      20   0   17696  12416   6692 R  93.8   0.1   0:50.28 MicroBench
07:11:32        8 root      20   0   17696  12416   6692 R  93.3   0.1   0:50.44 MicroBench
07:11:33        8 root      20   0   17696  12416   6692 R 100.0   0.1   0:50.61 MicroBench
07:11:33        8 root      20   0   17696  12416   6692 R 100.0   0.1   0:50.79 MicroBench
07:11:33        8 root      20   0   17696  12416   6692 R 100.0   0.1   0:50.96 MicroBench
07:11:33        8 root      20   0   17696  12416   6692 R  73.3   0.1   0:51.09 MicroBench
07:11:33        8 root      20   0   17696  12416   6692 R 100.0   0.1   0:51.26 MicroBench
07:11:33        8 root      20   0   17696  12416   6692 R 100.0   0.1   0:51.43 MicroBench
07:11:34        8 root      20   0   17696  12416   6692 R 100.0   0.1   0:51.60 MicroBench
07:11:34        8 root      20   0   17696  12416   6692 R  93.8   0.1   0:51.76 MicroBench
07:11:34        8 root      20   0   17696  12416   6692 R 100.0   0.1   0:51.93 MicroBench
07:11:34        8 root      20   0   17696  12416   6692 R 100.0   0.1   0:52.10 MicroBench
07:11:34        8 root      20   0   17696  12416   6692 R  93.8   0.1   0:52.26 MicroBench
07:11:34        8 root      20   0   17696  12416   6692 R 100.0   0.1   0:52.43 MicroBench
07:11:35        8 root      20   0   17696  12416   6692 R 100.0   0.1   0:52.60 MicroBench
07:11:35        8 root      20   0   17696  12416   6692 R  93.8   0.1   0:52.76 MicroBench
07:11:35        8 root      20   0   17696  12416   6692 R 100.0   0.1   0:52.93 MicroBench
07:11:35        8 root      20   0   17696  12416   6692 R 100.0   0.1   0:53.09 MicroBench
07:11:35        8 root      20   0   17696  12416   6692 R 100.0   0.1   0:53.26 MicroBench
07:11:35        8 root      20   0   17696  12416   6692 R  93.8   0.1   0:53.43 MicroBench
07:11:36        8 root      20   0   17696  12416   6692 R  93.3   0.1   0:53.59 MicroBench
07:11:36        8 root      20   0   17696  12416   6692 R 100.0   0.1   0:53.76 MicroBench
07:11:36        8 root      20   0   17696  12416   6692 R  93.3   0.1   0:53.92 MicroBench
07:11:36        8 root      20   0   17696  12416   6692 R 100.0   0.1   0:54.09 MicroBench
07:11:36        8 root      20   0   17696  12416   6692 R 100.0   0.1   0:54.26 MicroBench
07:11:36        8 root      20   0   17696  12416   6692 R  93.8   0.1   0:54.43 MicroBench
07:11:37        8 root      20   0   17696  12416   6692 R 100.0   0.1   0:54.60 MicroBench
07:11:37        8 root      20   0   17696  12416   6692 R  93.8   0.1   0:54.77 MicroBench
07:11:37        8 root      20   0   17696  12416   6692 R 100.0   0.1   0:54.93 MicroBench
07:11:37        8 root      20   0   17696  12416   6692 R 100.0   0.1   0:55.10 MicroBench
07:11:37        8 root      20   0   17696  12416   6692 R 100.0   0.1   0:55.27 MicroBench
07:11:37        8 root      20   0   17696  12416   6692 R 100.0   0.1   0:55.43 MicroBench
07:11:38        8 root      20   0   17696  12416   6692 R 100.0   0.1   0:55.60 MicroBench
07:11:38        8 root      20   0   17696  12416   6692 R 100.0   0.1   0:55.77 MicroBench
07:11:38        8 root      20   0   17696  12416   6692 R 100.0   0.1   0:55.93 MicroBench
07:11:38        8 root      20   0   17696  12416   6692 R 100.0   0.1   0:56.10 MicroBench
07:11:38        8 root      20   0   17696  12416   6692 R 100.0   0.1   0:56.26 MicroBench
07:11:38        8 root      20   0   17696  12416   6692 R 100.0   0.1   0:56.43 MicroBench
07:11:39        8 root      20   0   17696  12416   6692 R 100.0   0.1   0:56.60 MicroBench
07:11:39        8 root      20   0   17696  12416   6692 R 100.0   0.1   0:56.77 MicroBench
07:11:39        8 root      20   0   17696  12416   6692 R 100.0   0.1   0:56.94 MicroBench
07:11:39        8 root      20   0   17696  12416   6692 R 100.0   0.1   0:57.14 MicroBench
07:11:39        8 root      20   0   17696  12416   6692 R 100.0   0.1   0:57.30 MicroBench
07:11:40        8 root      20   0   17696  12416   6692 R 100.0   0.1   0:57.47 MicroBench
07:11:40        8 root      20   0   17696  12416   6692 R 100.0   0.1   0:57.64 MicroBench
07:11:40        8 root      20   0   17696  12416   6692 R  93.8   0.1   0:57.81 MicroBench
07:11:40        8 root      20   0   17696  12416   6692 R  93.3   0.1   0:57.97 MicroBench
07:11:40        8 root      20   0   17696  12416   6692 R 100.0   0.1   0:58.14 MicroBench
07:11:40        8 root      20   0   17696  12416   6692 R 100.0   0.1   0:58.31 MicroBench
07:11:41        8 root      20   0   17696  12416   6692 R 100.0   0.1   0:58.48 MicroBench
07:11:41        8 root      20   0   17696  12416   6692 R 100.0   0.1   0:58.65 MicroBench
07:11:41        8 root      20   0   17696  12416   6692 R  93.8   0.1   0:58.82 MicroBench
07:11:41        8 root      20   0   17696  12416   6692 R 100.0   0.1   0:58.99 MicroBench
07:11:41        8 root      20   0   17696  12416   6692 R 100.0   0.1   0:59.15 MicroBench
07:11:41        8 root      20   0   17696  12416   6692 R 100.0   0.1   0:59.32 MicroBench
07:11:42        8 root      20   0   17696  12416   6692 R 100.0   0.1   0:59.49 MicroBench
07:11:42        8 root      20   0   17696  12416   6692 R 100.0   0.1   0:59.66 MicroBench
07:11:42        8 root      20   0   17696  12416   6692 R 100.0   0.1   0:59.83 MicroBench
07:11:42        8 root      20   0   17696  12416   6692 R 100.0   0.1   1:00.00 MicroBench
07:11:42        8 root      20   0   17696  12416   6692 R 100.0   0.1   1:00.16 MicroBench
07:11:42        8 root      20   0   17696  12416   6692 R 100.0   0.1   1:00.33 MicroBench
07:11:43        8 root      20   0   17696  12416   6692 R 100.0   0.1   1:00.50 MicroBench
07:11:43        8 root      20   0   17696  12416   6692 R 100.0   0.1   1:00.67 MicroBench
07:11:43        8 root      20   0   17696  12416   6692 R  93.3   0.1   1:00.83 MicroBench
07:11:43        8 root      20   0   17696  12416   6692 R  93.8   0.1   1:01.00 MicroBench
07:11:43        8 root      20   0   17696  12416   6692 R 100.0   0.1   1:01.17 MicroBench
07:11:43        8 root      20   0   17696  12416   6692 R 100.0   0.1   1:01.34 MicroBench
07:11:44        8 root      20   0   17696  12416   6692 R 100.0   0.1   1:01.51 MicroBench
07:11:44        8 root      20   0   17696  12416   6692 R 100.0   0.1   1:01.68 MicroBench
07:11:44        8 root      20   0   17696  12416   6692 R 100.0   0.1   1:01.84 MicroBench
07:11:44        8 root      20   0   17696  12416   6692 R 100.0   0.1   1:02.01 MicroBench
07:11:44        8 root      20   0   17696  12416   6692 R 100.0   0.1   1:02.18 MicroBench
07:11:44        8 root      20   0   17696  12416   6692 R  93.8   0.1   1:02.35 MicroBench
07:11:45        8 root      20   0   17696  12416   6692 R 100.0   0.1   1:02.52 MicroBench
07:11:45        8 root      20   0   17696  12416   6692 R 100.0   0.1   1:02.69 MicroBench
07:11:45        8 root      20   0   17696  12416   6692 R 100.0   0.1   1:02.85 MicroBench
07:11:45        8 root      20   0   21500  16376   6692 R  80.0   0.1   1:02.99 MicroBench
07:11:45        8 root      20   0   21500  16376   6692 R 100.0   0.1   1:03.16 MicroBench
07:11:45        8 root      20   0   21500  16376   6692 R 100.0   0.1   1:03.33 MicroBench
07:11:46        8 root      20   0   21500  16376   6692 R 100.0   0.1   1:03.50 MicroBench
07:11:46        8 root      20   0   21500  16376   6692 R 100.0   0.1   1:03.67 MicroBench
07:11:46        8 root      20   0   21500  16376   6692 R 100.0   0.1   1:03.84 MicroBench
07:11:46        8 root      20   0   21500  16376   6692 R 100.0   0.1   1:04.01 MicroBench
07:11:46        8 root      20   0   21500  16376   6692 R  93.8   0.1   1:04.17 MicroBench
07:11:46        8 root      20   0   21500  16376   6692 R 100.0   0.1   1:04.34 MicroBench
07:11:47        8 root      20   0   21500  16376   6692 R 100.0   0.1   1:04.51 MicroBench
07:11:47        8 root      20   0   21500  16376   6692 R 100.0   0.1   1:04.68 MicroBench
07:11:47        8 root      20   0   21500  16376   6692 R 100.0   0.1   1:04.85 MicroBench
07:11:47        8 root      20   0   21500  16376   6692 R 100.0   0.1   1:05.01 MicroBench
07:11:47        8 root      20   0   21500  16376   6692 R  93.8   0.1   1:05.18 MicroBench
07:11:47        8 root      20   0   21500  16376   6692 R 100.0   0.1   1:05.35 MicroBench
07:11:48        8 root      20   0   21500  16376   6692 R 100.0   0.1   1:05.52 MicroBench
07:11:48        8 root      20   0   21500  16376   6692 R 100.0   0.1   1:05.68 MicroBench
07:11:48        8 root      20   0   21500  16376   6692 R 100.0   0.1   1:05.85 MicroBench
07:11:48        8 root      20   0   21500  16376   6692 R  93.8   0.1   1:06.02 MicroBench
07:11:48        8 root      20   0   21500  16376   6692 R 100.0   0.1   1:06.19 MicroBench
07:11:48        8 root      20   0   21500  16376   6692 R  93.3   0.1   1:06.35 MicroBench
07:11:49        8 root      20   0   21500  16376   6692 R 100.0   0.1   1:06.52 MicroBench
07:11:49        8 root      20   0   21500  16376   6692 R 100.0   0.1   1:06.69 MicroBench
07:11:49        8 root      20   0   21500  16376   6692 R 100.0   0.1   1:06.86 MicroBench
07:11:49        8 root      20   0   21500  16376   6692 R  93.8   0.1   1:07.03 MicroBench
07:11:49        8 root      20   0   21500  16376   6692 R 100.0   0.1   1:07.20 MicroBench
07:11:49        8 root      20   0   21500  16376   6692 R 100.0   0.1   1:07.36 MicroBench
07:11:50        8 root      20   0   21500  16376   6692 R 100.0   0.1   1:07.53 MicroBench
07:11:50        8 root      20   0   21500  16376   6692 R 100.0   0.1   1:07.70 MicroBench
07:11:50        8 root      20   0   21500  16376   6692 R 100.0   0.1   1:07.87 MicroBench
07:11:50        8 root      20   0   21500  16376   6692 R 100.0   0.1   1:08.04 MicroBench
07:11:50        8 root      20   0   21500  16376   6692 R 100.0   0.1   1:08.20 MicroBench
07:11:50        8 root      20   0   21500  16376   6692 R 100.0   0.1   1:08.37 MicroBench
07:11:51        8 root      20   0   21500  16376   6692 R 100.0   0.1   1:08.54 MicroBench
07:11:51        8 root      20   0   21500  16376   6692 R 100.0   0.1   1:08.71 MicroBench
07:11:51        8 root      20   0   21500  16376   6692 R 100.0   0.1   1:08.88 MicroBench
07:11:51        8 root      20   0   21500  16376   6692 R  87.5   0.1   1:09.05 MicroBench
07:11:51        8 root      20   0   21500  16376   6692 R 100.0   0.1   1:09.22 MicroBench
07:11:52        8 root      20   0   21500  16376   6692 R 100.0   0.1   1:09.39 MicroBench
07:11:52        8 root      20   0   21500  16376   6692 R 100.0   0.1   1:09.56 MicroBench
07:11:52        8 root      20   0   21500  16376   6692 R 100.0   0.1   1:09.73 MicroBench
07:11:52        8 root      20   0   21500  16376   6692 R  93.8   0.1   1:09.90 MicroBench
07:11:52        8 root      20   0   21500  16376   6692 R 100.0   0.1   1:10.07 MicroBench
07:11:52        8 root      20   0   21500  16376   6692 R 100.0   0.1   1:10.23 MicroBench
07:11:53        8 root      20   0   21500  16376   6692 R 100.0   0.1   1:10.40 MicroBench
07:11:53        8 root      20   0   21500  16376   6692 R 100.0   0.1   1:10.57 MicroBench
07:11:53        8 root      20   0   21500  16376   6692 R  93.8   0.1   1:10.74 MicroBench
07:11:53        8 root      20   0   21500  16376   6692 R 100.0   0.1   1:10.91 MicroBench
07:11:53        8 root      20   0   21500  16376   6692 R 100.0   0.1   1:11.07 MicroBench
07:11:53        8 root      20   0   21500  16376   6692 R 100.0   0.1   1:11.24 MicroBench
07:11:54        8 root      20   0   21500  16376   6692 R 100.0   0.1   1:11.41 MicroBench
07:11:54        8 root      20   0   21500  16376   6692 R 100.0   0.1   1:11.58 MicroBench
07:11:54        8 root      20   0   21500  16376   6692 R  93.8   0.1   1:11.74 MicroBench
07:11:54        8 root      20   0   21500  16376   6692 R 100.0   0.1   1:11.91 MicroBench
07:11:54        8 root      20   0   21500  16376   6692 R 100.0   0.1   1:12.08 MicroBench
07:11:54        8 root      20   0   21500  16376   6692 R 100.0   0.1   1:12.25 MicroBench
07:11:55        8 root      20   0   21500  16376   6692 R  93.3   0.1   1:12.41 MicroBench
07:11:55        8 root      20   0   21500  16376   6692 R 100.0   0.1   1:12.58 MicroBench
07:11:55        8 root      20   0   21500  16376   6692 R  93.8   0.1   1:12.75 MicroBench
07:11:55        8 root      20   0   21500  16376   6692 R 100.0   0.1   1:12.92 MicroBench
07:11:55        8 root      20   0   21500  16376   6692 R 100.0   0.1   1:13.09 MicroBench
07:11:55        8 root      20   0   21500  16376   6692 R 100.0   0.1   1:13.26 MicroBench
07:11:56        8 root      20   0   21500  16376   6692 R 100.0   0.1   1:13.42 MicroBench
07:11:56        8 root      20   0   21500  16376   6692 R 100.0   0.1   1:13.59 MicroBench
07:11:56        8 root      20   0   21500  16376   6692 R 100.0   0.1   1:13.76 MicroBench
07:11:56        8 root      20   0   21500  16376   6692 R 100.0   0.1   1:13.93 MicroBench
07:11:56        8 root      20   0   21500  16376   6692 R 100.0   0.1   1:14.10 MicroBench
07:11:56        8 root      20   0   21500  16376   6692 R  93.3   0.1   1:14.26 MicroBench
07:11:57        8 root      20   0   21500  16376   6692 R 100.0   0.1   1:14.43 MicroBench
07:11:57        8 root      20   0   21500  16376   6692 R  93.8   0.1   1:14.60 MicroBench
07:11:57        8 root      20   0   21500  16376   6692 R  93.8   0.1   1:14.77 MicroBench
07:11:57        8 root      20   0   21500  16376   6692 R  86.7   0.1   1:14.92 MicroBench
07:11:57        8 root      20   0   21500  16376   6692 R 100.0   0.1   1:15.09 MicroBench
07:11:57        8 root      20   0   21500  16376   6692 R 100.0   0.1   1:15.26 MicroBench
07:11:58        8 root      20   0   21500  16376   6692 R 100.0   0.1   1:15.44 MicroBench
07:11:58        8 root      20   0   21500  16376   6692 R 100.0   0.1   1:15.60 MicroBench
07:11:58        8 root      20   0   21500  16376   6692 R 100.0   0.1   1:15.77 MicroBench
07:11:58        8 root      20   0   21500  16376   6692 R 100.0   0.1   1:15.94 MicroBench
07:11:58        8 root      20   0   21500  16376   6692 R  93.8   0.1   1:16.11 MicroBench
07:11:58        8 root      20   0   21500  16376   6692 R 100.0   0.1   1:16.28 MicroBench
07:11:59        8 root      20   0   21500  16376   6692 R 100.0   0.1   1:16.45 MicroBench
07:11:59        8 root      20   0   21500  16376   6692 R 100.0   0.1   1:16.62 MicroBench
07:11:59        8 root      20   0   21500  16376   6692 R 100.0   0.1   1:16.79 MicroBench
07:11:59        8 root      20   0   21500  16376   6692 R 100.0   0.1   1:16.96 MicroBench
07:11:59        8 root      20   0   21500  16376   6692 R 100.0   0.1   1:17.13 MicroBench
07:11:59        8 root      20   0   21500  16376   6692 R 100.0   0.1   1:17.29 MicroBench
07:12:00        8 root      20   0   21500  16376   6692 R 100.0   0.1   1:17.46 MicroBench
07:12:00        8 root      20   0   21500  16376   6692 R 100.0   0.1   1:17.63 MicroBench
07:12:00        8 root      20   0   21500  16376   6692 R 100.0   0.1   1:17.80 MicroBench
07:12:00        8 root      20   0   21500  16376   6692 R  93.8   0.1   1:17.96 MicroBench
07:12:00        8 root      20   0   21500  16376   6692 R 100.0   0.1   1:18.13 MicroBench
07:12:00        8 root      20   0   21500  16376   6692 R 100.0   0.1   1:18.30 MicroBench
07:12:01        8 root      20   0   21500  16376   6692 R 100.0   0.1   1:18.47 MicroBench
07:12:01        8 root      20   0   21500  16376   6692 R 100.0   0.1   1:18.63 MicroBench
07:12:01        8 root      20   0   21500  16376   6692 R 100.0   0.1   1:18.80 MicroBench
07:12:01        8 root      20   0   21500  16376   6692 R 100.0   0.1   1:18.97 MicroBench
07:12:01        8 root      20   0   21500  16376   6692 R 100.0   0.1   1:19.14 MicroBench
07:12:01        8 root      20   0   21500  16376   6692 R  93.8   0.1   1:19.31 MicroBench
07:12:02        8 root      20   0   21500  16376   6692 R 100.0   0.1   1:19.48 MicroBench
07:12:02        8 root      20   0   21500  16376   6692 R 100.0   0.1   1:19.64 MicroBench
07:12:02        8 root      20   0   21500  16376   6692 R 100.0   0.1   1:19.81 MicroBench
07:12:02        8 root      20   0   21500  16376   6692 R  93.8   0.1   1:19.98 MicroBench
07:12:02        8 root      20   0   21500  16376   6692 R 100.0   0.1   1:20.15 MicroBench
07:12:02        8 root      20   0   21500  16376   6692 R 100.0   0.1   1:20.32 MicroBench
07:12:03        8 root      20   0   21500  16376   6692 R 100.0   0.1   1:20.48 MicroBench
07:12:03        8 root      20   0   21500  16376   6692 R 100.0   0.1   1:20.65 MicroBench
07:12:03        8 root      20   0   21500  16376   6692 R 100.0   0.1   1:20.82 MicroBench
07:12:03        8 root      20   0   21500  16376   6692 R  93.3   0.1   1:20.99 MicroBench
07:12:03        8 root      20   0   21500  16376   6692 R 100.0   0.1   1:21.16 MicroBench
07:12:04        8 root      20   0   21500  16376   6692 R 100.0   0.1   1:21.33 MicroBench
07:12:04        8 root      20   0   21500  16376   6692 R 100.0   0.1   1:21.50 MicroBench
07:12:04        8 root      20   0   21500  16376   6692 R  93.8   0.1   1:21.66 MicroBench
07:12:04        8 root      20   0   21500  16376   6692 R 100.0   0.1   1:21.83 MicroBench
07:12:04        8 root      20   0   21500  16376   6692 R 100.0   0.1   1:22.00 MicroBench
07:12:04        8 root      20   0   21500  16376   6692 R 100.0   0.1   1:22.17 MicroBench
07:12:05        8 root      20   0   21500  16376   6692 R 100.0   0.1   1:22.33 MicroBench
07:12:05        8 root      20   0   21500  16376   6692 R  93.8   0.1   1:22.50 MicroBench
07:12:05        8 root      20   0   21500  16376   6692 R 100.0   0.1   1:22.67 MicroBench
07:12:05        8 root      20   0   21500  16376   6692 R 100.0   0.1   1:22.84 MicroBench
07:12:05        8 root      20   0   21500  16376   6692 R 100.0   0.1   1:23.00 MicroBench
07:12:05        8 root      20   0   21500  16376   6692 R 100.0   0.1   1:23.17 MicroBench
07:12:06        8 root      20   0   21500  16376   6692 R 100.0   0.1   1:23.34 MicroBench
07:12:06        8 root      20   0   21500  16376   6692 R  93.3   0.1   1:23.50 MicroBench
07:12:06        8 root      20   0   21500  16376   6692 R 100.0   0.1   1:23.67 MicroBench
07:12:06        8 root      20   0   21500  16376   6692 R 100.0   0.1   1:23.84 MicroBench
07:12:06        8 root      20   0   21500  16376   6692 R 100.0   0.1   1:24.01 MicroBench
07:12:06        8 root      20   0   21500  16376   6692 R  93.3   0.1   1:24.17 MicroBench
07:12:07        8 root      20   0   21500  16376   6692 R 100.0   0.1   1:24.35 MicroBench
07:12:07        8 root      20   0   21500  16376   6692 R 100.0   0.1   1:24.52 MicroBench
07:12:07        8 root      20   0   21500  16376   6692 R 100.0   0.1   1:24.68 MicroBench
07:12:07        8 root      20   0   21500  16376   6692 R 100.0   0.1   1:24.85 MicroBench
07:12:07        8 root      20   0   21500  16376   6692 R 100.0   0.1   1:25.02 MicroBench
07:12:07        8 root      20   0   21500  16376   6692 R 100.0   0.1   1:25.19 MicroBench
07:12:08        8 root      20   0   21500  16376   6692 R  93.8   0.1   1:25.36 MicroBench
07:12:08        8 root      20   0   21500  16376   6692 R 100.0   0.1   1:25.52 MicroBench
07:12:08        8 root      20   0   21500  16376   6692 R 100.0   0.1   1:25.69 MicroBench
07:12:08        8 root      20   0   21500  16376   6692 R 100.0   0.1   1:25.86 MicroBench
07:12:08        8 root      20   0   21500  16376   6692 R 100.0   0.1   1:26.03 MicroBench
07:12:08        8 root      20   0   21500  16376   6692 R 100.0   0.1   1:26.20 MicroBench
07:12:09        8 root      20   0   21500  16376   6692 R 100.0   0.1   1:26.36 MicroBench
07:12:09        8 root      20   0   21500  16376   6692 R 100.0   0.1   1:26.53 MicroBench
07:12:09        8 root      20   0   21500  16376   6692 R 100.0   0.1   1:26.70 MicroBench
07:12:09        8 root      20   0   21500  16376   6692 R 100.0   0.1   1:26.87 MicroBench
07:12:09        8 root      20   0   21500  16376   6692 R 100.0   0.1   1:27.03 MicroBench
07:12:09        8 root      20   0   21500  16376   6692 R 100.0   0.1   1:27.23 MicroBench
07:12:10        8 root      20   0   21500  16376   6692 R 100.0   0.1   1:27.40 MicroBench
07:12:10        8 root      20   0   21500  16376   6692 R 100.0   0.1   1:27.57 MicroBench
07:12:10        8 root      20   0   21500  16376   6692 R 100.0   0.1   1:27.74 MicroBench
07:12:10        8 root      20   0   21500  16376   6692 R 100.0   0.1   1:27.90 MicroBench
07:12:10        8 root      20   0   21500  16376   6692 R 100.0   0.1   1:28.07 MicroBench
07:12:10        8 root      20   0   21500  16376   6692 R  93.8   0.1   1:28.24 MicroBench
07:12:11        8 root      20   0   21500  16376   6692 R  93.8   0.1   1:28.41 MicroBench
07:12:11        8 root      20   0   21500  16376   6692 R 100.0   0.1   1:28.58 MicroBench
07:12:11        8 root      20   0   21500  16376   6692 R 100.0   0.1   1:28.75 MicroBench
07:12:11        8 root      20   0   21500  16376   6692 R  93.3   0.1   1:28.91 MicroBench
07:12:11        8 root      20   0   21500  16376   6692 R 100.0   0.1   1:29.08 MicroBench
07:12:11        8 root      20   0   21500  16376   6692 R  93.8   0.1   1:29.25 MicroBench
07:12:12        8 root      20   0   21500  16376   6692 R 100.0   0.1   1:29.42 MicroBench
07:12:12        8 root      20   0   21500  16376   6692 R 100.0   0.1   1:29.58 MicroBench
07:12:12        8 root      20   0   21500  16376   6692 R 100.0   0.1   1:29.75 MicroBench
07:12:12        8 root      20   0   21500  16376   6692 R 100.0   0.1   1:29.93 MicroBench
07:12:12        8 root      20   0   21500  16376   6692 R 100.0   0.1   1:30.10 MicroBench
07:12:12        8 root      20   0   21500  16376   6692 R 100.0   0.1   1:30.26 MicroBench
07:12:13        8 root      20   0   21500  16376   6692 R 100.0   0.1   1:30.43 MicroBench
07:12:13        8 root      20   0   21500  16376   6692 R  93.8   0.1   1:30.60 MicroBench
07:12:13        8 root      20   0   21500  16376   6692 R 100.0   0.1   1:30.77 MicroBench
07:12:13        8 root      20   0   21500  16376   6692 R 100.0   0.1   1:30.93 MicroBench
07:12:13        8 root      20   0   21500  16376   6692 R 100.0   0.1   1:31.10 MicroBench
07:12:14        8 root      20   0   21500  16376   6692 R 100.0   0.1   1:31.27 MicroBench
07:12:14        8 root      20   0   21500  16376   6692 R 100.0   0.1   1:31.44 MicroBench
07:12:14        8 root      20   0   21500  16376   6692 R 100.0   0.1   1:31.60 MicroBench
07:12:14        8 root      20   0   21500  16376   6692 R 100.0   0.1   1:31.77 MicroBench
07:12:14        8 root      20   0   21500  16376   6692 R 100.0   0.1   1:31.94 MicroBench
07:12:14        8 root      20   0   21500  16376   6692 R 100.0   0.1   1:32.10 MicroBench
                                                                                                                                                                                                                                                                                                                                                                                                                                                                                                                                                                              