Args:
  Field size              : 2748779069441
  l                       : 64
  t                       : 0
  Number of parties        : 512
  Number of repeats        : 3
  Monitor sleep time (ms) : 1

Started ./MicroBench with PID: 8
07:04:52        8 root      20   0   13764   8496   6628 R 100.0   0.1   0:00.15 MicroBench
07:04:52        8 root      20   0   13764   8496   6628 R 100.0   0.1   0:00.32 MicroBench
07:04:52        8 root      20   0   13764   8496   6628 R 100.0   0.1   0:00.49 MicroBench
07:04:52        8 root      20   0   13764   8496   6628 R  93.8   0.1   0:00.66 MicroBench
07:04:53        8 root      20   0   13764   8496   6628 R 100.0   0.1   0:00.83 MicroBench
07:04:53        8 root      20   0   13764   8496   6628 R 100.0   0.1   0:00.99 MicroBench
07:04:53        8 root      20   0   13764   8496   6628 R 100.0   0.1   0:01.16 MicroBench
07:04:53        8 root      20   0   13764   8496   6628 R 100.0   0.1   0:01.34 MicroBench
07:04:53        8 root      20   0   13764   8496   6628 R 100.0   0.1   0:01.50 MicroBench
07:04:53        8 root      20   0   13764   8496   6628 R 100.0   0.1   0:01.68 MicroBench
07:04:54        8 root      20   0   13764   8496   6628 R 100.0   0.1   0:01.84 MicroBench
07:04:54        8 root      20   0   13764   8496   6628 R  93.8   0.1   0:02.02 MicroBench
07:04:54        8 root      20   0   13764   8496   6628 R 100.0   0.1   0:02.19 MicroBench
07:04:54        8 root      20   0   13764   8496   6628 R 100.0   0.1   0:02.36 MicroBench
07:04:54        8 root      20   0   13764   8496   6628 R 100.0   0.1   0:02.53 MicroBench
07:04:55        8 root      20   0   13764   8496   6628 R  93.8   0.1   0:02.70 MicroBench
07:04:55        8 root      20   0   13880   8648   6628 R 100.0   0.1   0:02.87 MicroBench
07:04:55        8 root      20   0   13872   8648   6628 R 100.0   0.1   0:03.04 MicroBench
07:04:55        8 root      20   0   13860   8648   6628 R 100.0   0.1   0:03.22 MicroBench
07:04:55        8 root      20   0   13852   8652   6628 R 100.0   0.1   0:03.38 MicroBench
07:04:55        8 root      20   0   15964  10556   6692 R  75.0   0.1   0:03.52 MicroBench
07:04:56        8 root      20   0   15964  10556   6692 R 100.0   0.1   0:03.69 MicroBench
07:04:56        8 root      20   0   15964  10556   6692 R 100.0   0.1   0:03.86 MicroBench
07:04:56        8 root      20   0   15964  10556   6692 R 100.0   0.1   0:04.03 MicroBench
07:04:56        8 root      20   0   15964  10556   6692 R 100.0   0.1   0:04.19 MicroBench
07:04:56        8 root      20   0   15964  10556   6692 R 100.0   0.1   0:04.37 MicroBench
07:04:56        8 root      20   0   15964  10556   6692 R 100.0   0.1   0:04.54 MicroBench
07:04:57        8 root      20   0   15964  10556   6692 R 100.0   0.1   0:04.70 MicroBench
07:04:57        8 root      20   0   15964  10556   6692 R 100.0   0.1   0:04.87 MicroBench
07:04:57        8 root      20   0   15964  10556   6692 R 100.0   0.1   0:05.04 MicroBench
07:04:57        8 root      20   0   15964  10556   6692 R 100.0   0.1   0:05.22 MicroBench
07:04:57        8 root      20   0   15964  10556   6692 R  93.3   0.1   0:05.38 MicroBench
07:04:57        8 root      20   0   15964  10556   6692 R 100.0   0.1   0:05.55 MicroBench
07:04:58        8 root      20   0   15964  10556   6692 R 100.0   0.1   0:05.72 MicroBench
07:04:58        8 root      20   0   15964  10556   6692 R 100.0   0.1   0:05.89 MicroBench
07:04:58        8 root      20   0   15964  10556   6692 R 100.0   0.1   0:06.06 MicroBench
07:04:58        8 root      20   0   15964  10556   6692 R 100.0   0.1   0:06.23 MicroBench
07:04:58        8 root      20   0   15964  10556   6692 R 100.0   0.1   0:06.40 MicroBench
07:04:58        8 root      20   0   15964  10556   6692 R 100.0   0.1   0:06.59 MicroBench
07:04:59        8 root      20   0   15964  10556   6692 R 100.0   0.1   0:06.75 MicroBench
07:04:59        8 root      20   0   15964  10556   6692 R 100.0   0.1   0:06.92 MicroBench
07:04:59        8 root      20   0   15964  10556   6692 R 100.0   0.1   0:07.09 MicroBench
07:04:59        8 root      20   0   15964  10556   6692 R 100.0   0.1   0:07.26 MicroBench
07:04:59        8 root      20   0   15964  10556   6692 R 100.0   0.1   0:07.43 MicroBench
07:04:59        8 root      20   0   15964  10556   6692 R 100.0   0.1   0:07.60 MicroBench
07:05:00        8 root      20   0   15964  10556   6692 R 100.0   0.1   0:07.77 MicroBench
07:05:00        8 root      20   0   15964  10556   6692 R 100.0   0.1   0:07.93 MicroBench
07:05:00        8 root      20   0   15964  10556   6692 R  93.8   0.1   0:08.11 MicroBench
07:05:00        8 root      20   0   15964  10556   6692 R 100.0   0.1   0:08.28 MicroBench
07:05:00        8 root      20   0   15964  10556   6692 R 100.0   0.1   0:08.45 MicroBench
07:05:00        8 root      20   0   15964  10556   6692 R 100.0   0.1   0:08.62 MicroBench
07:05:01        8 root      20   0   15964  10556   6692 R 100.0   0.1   0:08.78 MicroBench
07:05:01        8 root      20   0   15964  10556   6692 R 100.0   0.1   0:08.95 MicroBench
07:05:01        8 root      20   0   15964  10556   6692 R  93.8   0.1   0:09.12 MicroBench
07:05:01        8 root      20   0   15964  10556   6692 R 100.0   0.1   0:09.29 MicroBench
07:05:01        8 root      20   0   15964  10556   6692 R 100.0   0.1   0:09.47 MicroBench
07:05:02        8 root      20   0   15964  10556   6692 R 100.0   0.1   0:09.64 MicroBench
07:05:02        8 root      20   0   15964  10556   6692 R 100.0   0.1   0:09.81 MicroBench
07:05:02        8 root      20   0   15964  10556   6692 R  93.8   0.1   0:09.98 MicroBench
07:05:02        8 root      20   0   15964  10556   6692 R  93.3   0.1   0:10.14 MicroBench
07:05:02        8 root      20   0   15964  10556   6692 R 100.0   0.1   0:10.31 MicroBench
07:05:02        8 root      20   0   15964  10556   6692 R 100.0   0.1   0:10.48 MicroBench
07:05:03        8 root      20   0   15964  10556   6692 R 100.0   0.1   0:10.65 MicroBench
07:05:03        8 root      20   0   15964  10556   6692 R 100.0   0.1   0:10.82 MicroBench
07:05:03        8 root      20   0   15964  10556   6692 R 100.0   0.1   0:10.99 MicroBench
07:05:03        8 root      20   0   15964  10556   6692 R  93.8   0.1   0:11.15 MicroBench
07:05:03        8 root      20   0   15964  10556   6692 R 100.0   0.1   0:11.32 MicroBench
07:05:03        8 root      20   0   15964  10556   6692 R 100.0   0.1   0:11.50 MicroBench
07:05:04        8 root      20   0   15964  10556   6692 R  93.3   0.1   0:11.66 MicroBench
07:05:04        8 root      20   0   15964  10556   6692 R 100.0   0.1   0:11.84 MicroBench
07:05:04        8 root      20   0   15964  10556   6692 R  93.8   0.1   0:12.00 MicroBench
07:05:04        8 root      20   0   15964  10556   6692 R  93.8   0.1   0:12.17 MicroBench
07:05:04        8 root      20   0   15964  10556   6692 R  93.8   0.1   0:12.34 MicroBench
07:05:04        8 root      20   0   15964  10556   6692 R 100.0   0.1   0:12.51 MicroBench
07:05:05        8 root      20   0   15964  10556   6692 R 100.0   0.1   0:12.68 MicroBench
07:05:05        8 root      20   0   15964  10556   6692 R 100.0   0.1   0:12.85 MicroBench
07:05:05        8 root      20   0   15964  10556   6692 R 100.0   0.1   0:13.01 MicroBench
07:05:05        8 root      20   0   15964  10556   6692 R 100.0   0.1   0:13.18 MicroBench
07:05:05        8 root      20   0   15964  10556   6692 R 100.0   0.1   0:13.35 MicroBench
07:05:05        8 root      20   0   15964  10556   6692 R  93.8   0.1   0:13.52 MicroBench
07:05:06        8 root      20   0   15964  10556   6692 R 100.0   0.1   0:13.69 MicroBench
07:05:06        8 root      20   0   15964  10556   6692 R 100.0   0.1   0:13.86 MicroBench
07:05:06        8 root      20   0   15964  10556   6692 R 100.0   0.1   0:14.02 MicroBench
07:05:06        8 root      20   0   15964  10556   6692 R 100.0   0.1   0:14.19 MicroBench
07:05:06        8 root      20   0   15964  10556   6692 R 100.0   0.1   0:14.36 MicroBench
07:05:06        8 root      20   0   15964  10556   6692 R 100.0   0.1   0:14.53 MicroBench
07:05:07        8 root      20   0   15964  10556   6692 R 100.0   0.1   0:14.71 MicroBench
07:05:07        8 root      20   0   15964  10556   6692 R 100.0   0.1   0:14.89 MicroBench
07:05:07        8 root      20   0   15964  10556   6692 R 100.0   0.1   0:15.05 MicroBench
07:05:07        8 root      20   0   15964  10556   6692 R 100.0   0.1   0:15.22 MicroBench
07:05:07        8 root      20   0   15964  10556   6692 R 100.0   0.1   0:15.38 MicroBench
07:05:07        8 root      20   0   15964  10556   6692 R  93.8   0.1   0:15.55 MicroBench
07:05:08        8 root      20   0   15964  10556   6692 R 100.0   0.1   0:15.72 MicroBench
07:05:08        8 root      20   0   15964  10556   6692 R 100.0   0.1   0:15.89 MicroBench
07:05:08        8 root      20   0   15964  10556   6692 R 100.0   0.1   0:16.05 MicroBench
07:05:08        8 root      20   0   15964  10556   6692 R 100.0   0.1   0:16.22 MicroBench
07:05:08        8 root      20   0   15964  10556   6692 R 100.0   0.1   0:16.39 MicroBench
07:05:08        8 root      20   0   15964  10556   6692 R 100.0   0.1   0:16.56 MicroBench
07:05:09        8 root      20   0   15964  10556   6692 R  93.8   0.1   0:16.73 MicroBench
07:05:09        8 root      20   0   15964  10556   6692 R  93.8   0.1   0:16.90 MicroBench
07:05:09        8 root      20   0   15964  10556   6692 R 100.0   0.1   0:17.07 MicroBench
07:05:09        8 root      20   0   15964  10556   6692 R 100.0   0.1   0:17.24 MicroBench
07:05:09        8 root      20   0   15964  10556   6692 R  93.3   0.1   0:17.40 MicroBench
07:05:09        8 root      20   0   15964  10556   6692 R 100.0   0.1   0:17.58 MicroBench
07:05:10        8 root      20   0   15964  10556   6692 R 100.0   0.1   0:17.74 MicroBench
07:05:10        8 root      20   0   15964  10556   6692 R 100.0   0.1   0:17.91 MicroBench
07:05:10        8 root      20   0   15964  10556   6692 R 100.0   0.1   0:18.08 MicroBench
07:05:10        8 root      20   0   15964  10556   6692 R 100.0   0.1   0:18.25 MicroBench
07:05:10        8 root      20   0   15964  10556   6692 R  87.5   0.1   0:18.41 MicroBench
07:05:10        8 root      20   0   15964  10556   6692 R 100.0   0.1   0:18.59 MicroBench
07:05:11        8 root      20   0   15964  10556   6692 R 100.0   0.1   0:18.75 MicroBench
07:05:11        8 root      20   0   18208  12932   6692 R 100.0   0.1   0:18.93 MicroBench
07:05:11        8 root      20   0   18208  12932   6692 R 100.0   0.1   0:19.10 MicroBench
07:05:11        8 root      20   0   18208  12932   6692 R  93.8   0.1   0:19.27 MicroBench
07:05:11        8 root      20   0   18208  12932   6692 R 100.0   0.1   0:19.44 MicroBench
07:05:11        8 root      20   0   18208  12932   6692 R 100.0   0.1   0:19.61 MicroBench
07:05:12        8 root      20   0   18208  12932   6692 R 100.0   0.1   0:19.77 MicroBench
07:05:12        8 root      20   0   18208  12932   6692 R 100.0   0.1   0:19.94 MicroBench
07:05:12        8 root      20   0   18208  12932   6692 R 100.0   0.1   0:20.12 MicroBench
07:05:12        8 root      20   0   18208  12932   6692 R 100.0   0.1   0:20.28 MicroBench
07:05:12        8 root      20   0   18208  12932   6692 R 100.0   0.1   0:20.45 MicroBench
07:05:13        8 root      20   0   18208  12932   6692 R 100.0   0.1   0:20.63 MicroBench
07:05:13        8 root      20   0   18208  12932   6692 R 100.0   0.1   0:20.80 MicroBench
07:05:13        8 root      20   0   18208  12932   6692 R 100.0   0.1   0:20.97 MicroBench
07:05:13        8 root      20   0   18208  12932   6692 R 100.0   0.1   0:21.15 MicroBench
07:05:13        8 root      20   0   18208  12932   6692 R 100.0   0.1   0:21.31 MicroBench
07:05:13        8 root      20   0   18208  12932   6692 R  93.8   0.1   0:21.48 MicroBench
07:05:14        8 root      20   0   18208  12932   6692 R  93.8   0.1   0:21.65 MicroBench
07:05:14        8 root      20   0   18208  12932   6692 R 100.0   0.1   0:21.82 MicroBench
07:05:14        8 root      20   0   18208  12932   6692 R 100.0   0.1   0:21.99 MicroBench
07:05:14        8 root      20   0   18208  12932   6692 R 100.0   0.1   0:22.16 MicroBench
07:05:14        8 root      20   0   18208  12932   6692 R  93.8   0.1   0:22.33 MicroBench
07:05:14        8 root      20   0   18208  12932   6692 R  93.8   0.1   0:22.50 MicroBench
07:05:15        8 root      20   0   18208  12932   6692 R 100.0   0.1   0:22.67 MicroBench
07:05:15        8 root      20   0   18208  12932   6692 R 100.0   0.1   0:22.83 MicroBench
07:05:15        8 root      20   0   18208  12932   6692 R 100.0   0.1   0:23.00 MicroBench
07:05:15        8 root      20   0   18208  12932   6692 R 100.0   0.1   0:23.17 MicroBench
07:05:15        8 root      20   0   18208  12932   6692 R 100.0   0.1   0:23.34 MicroBench
07:05:15        8 root      20   0   18208  12932   6692 R 100.0   0.1   0:23.51 MicroBench
07:05:16        8 root      20   0   18208  12932   6692 R 100.0   0.1   0:23.68 MicroBench
07:05:16        8 root      20   0   18208  12932   6692 R  93.8   0.1   0:23.84 MicroBench
07:05:16        8 root      20   0   18208  12932   6692 R 100.0   0.1   0:24.02 MicroBench
07:05:16        8 root      20   0   18208  12932   6692 R 100.0   0.1   0:24.19 MicroBench
07:05:16        8 root      20   0   18208  12932   6692 R 100.0   0.1   0:24.36 MicroBench
07:05:16        8 root      20   0   18208  12932   6692 R  87.5   0.1   0:24.52 MicroBench
07:05:17        8 root      20   0   18208  12932   6692 R 100.0   0.1   0:24.69 MicroBench
07:05:17        8 root      20   0   18208  12932   6692 R 100.0   0.1   0:24.86 MicroBench
07:05:17        8 root      20   0   18208  12932   6692 R 100.0   0.1   0:25.03 MicroBench
07:05:17        8 root      20   0   18208  12932   6692 R 100.0   0.1   0:25.20 MicroBench
07:05:17        8 root      20   0   18208  12932   6692 R 100.0   0.1   0:25.37 MicroBench
07:05:17        8 root      20   0   18208  12932   6692 R  93.8   0.1   0:25.53 MicroBench
07:05:18        8 root      20   0   18208  12932   6692 R  93.8   0.1   0:25.70 MicroBench
07:05:18        8 root      20   0   18208  12932   6692 R 100.0   0.1   0:25.87 MicroBench
07:05:18        8 root      20   0   18208  12932   6692 R 100.0   0.1   0:26.04 MicroBench
07:05:18        8 root      20   0   18208  12932   6692 R 100.0   0.1   0:26.22 MicroBench
07:05:18        8 root      20   0   18208  12932   6692 R 100.0   0.1   0:26.38 MicroBench
07:05:18        8 root      20   0   18208  12932   6692 R 100.0   0.1   0:26.55 MicroBench
07:05:19        8 root      20   0   18208  12932   6692 R  93.8   0.1   0:26.72 MicroBench
07:05:19        8 root      20   0   18208  12932   6692 R 100.0   0.1   0:26.89 MicroBench
07:05:19        8 root      20   0   18208  12932   6692 R 100.0   0.1   0:27.08 MicroBench
07:05:19        8 root      20   0   18208  12932   6692 R 100.0   0.1   0:27.25 MicroBench
07:05:19        8 root      20   0   18208  12932   6692 R 100.0   0.1   0:27.41 MicroBench
07:05:19        8 root      20   0   18208  12932   6692 R 100.0   0.1   0:27.58 MicroBench
07:05:20        8 root      20   0   18208  12932   6692 R 100.0   0.1   0:27.76 MicroBench
07:05:20        8 root      20   0   18208  12932   6692 R 100.0   0.1   0:27.93 MicroBench
07:05:20        8 root      20   0   18208  12932   6692 R 100.0   0.1   0:28.10 MicroBench
07:05:20        8 root      20   0   18208  12932   6692 R 100.0   0.1   0:28.27 MicroBench
07:05:20        8 root      20   0   18208  12932   6692 R 100.0   0.1   0:28.44 MicroBench
07:05:21        8 root      20   0   18208  12932   6692 R  93.8   0.1   0:28.60 MicroBench
07:05:21        8 root      20   0   18208  12932   6692 R 100.0   0.1   0:28.77 MicroBench
07:05:21        8 root      20   0   18208  12932   6692 R 100.0   0.1   0:28.94 MicroBench
07:05:21        8 root      20   0   18208  12932   6692 R 100.0   0.1   0:29.11 MicroBench
07:05:21        8 root      20   0   18208  12932   6692 R 100.0   0.1   0:29.28 MicroBench
07:05:21        8 root      20   0   18208  12932   6692 R 100.0   0.1   0:29.45 MicroBench
07:05:22        8 root      20   0   18208  12932   6692 R 100.0   0.1   0:29.61 MicroBench
07:05:22        8 root      20   0   18208  12932   6692 R 100.0   0.1   0:29.78 MicroBench
07:05:22        8 root      20   0   18208  12932   6692 R 100.0   0.1   0:29.95 MicroBench
07:05:22        8 root      20   0   18208  12932   6692 R 100.0   0.1   0:30.13 MicroBench
07:05:22        8 root      20   0   18208  12932   6692 R 100.0   0.1   0:30.30 MicroBench
07:05:22        8 root      20   0   18208  12932   6692 R 100.0   0.1   0:30.46 MicroBench
07:05:23        8 root      20   0   18208  12932   6692 R  93.8   0.1   0:30.64 MicroBench
07:05:23        8 root      20   0   18208  12932   6692 R  93.8   0.1   0:30.81 MicroBench
07:05:23        8 root      20   0   18208  12932   6692 R 100.0   0.1   0:30.98 MicroBench
07:05:23        8 root      20   0   18208  12932   6692 R 100.0   0.1   0:31.15 MicroBench
07:05:23        8 root      20   0   18208  12932   6692 R 100.0   0.1   0:31.32 MicroBench
07:05:23        8 root      20   0   18208  12932   6692 R  93.8   0.1   0:31.49 MicroBench
07:05:24        8 root      20   0   18208  12932   6692 R  93.3   0.1   0:31.65 MicroBench
07:05:24        8 root      20   0   18208  12932   6692 R 100.0   0.1   0:31.83 MicroBench
07:05:24        8 root      20   0   18208  12932   6692 R 100.0   0.1   0:32.00 MicroBench
07:05:24        8 root      20   0   18208  12932   6692 R 100.0   0.1   0:32.17 MicroBench
07:05:24        8 root      20   0   18208  12932   6692 R  93.3   0.1   0:32.33 MicroBench
07:05:24        8 root      20   0   18208  12932   6692 R 100.0   0.1   0:32.50 MicroBench
07:05:25        8 root      20   0   18208  12932   6692 R 100.0   0.1   0:32.67 MicroBench
07:05:25        8 root      20   0   18208  12932   6692 R 100.0   0.1   0:32.84 MicroBench
07:05:25        8 root      20   0   18208  12932   6692 R 100.0   0.1   0:33.03 MicroBench
07:05:25        8 root      20   0   18208  12932   6692 R 100.0   0.1   0:33.20 MicroBench
07:05:25        8 root      20   0   18208  12932   6692 R  93.8   0.1   0:33.36 MicroBench
07:05:25        8 root      20   0   18208  12932   6692 R 100.0   0.1   0:33.54 MicroBench
07:05:26        8 root      20   0   18208  12932   6692 R 100.0   0.1   0:33.71 MicroBench
07:05:26        8 root      20   0   18208  12932   6692 R 100.0   0.1   0:33.87 MicroBench
07:05:26        8 root      20   0   18208  12932   6692 R  93.8   0.1   0:34.04 MicroBench
07:05:26        8 root      20   0   18208  12932   6692 R 100.0   0.1   0:34.21 MicroBench
07:05:26        8 root      20   0   18208  12932   6692 R 100.0   0.1   0:34.38 MicroBench
07:05:26        8 root      20   0   18340  13196   6692 R 100.0   0.1   0:34.55 MicroBench
Avg reg. time: 47988847
Avg opt. time: 33908125
Median reg. time: 48026229
Median opt. time: 33964980
07:05:27  MicroBench not found.
MicroBench process has exited. Monitoring script will terminate.
