Args:
  Field size              : 2748779069441
  l                       : 32
  t                       : 0
  Number of parties        : 512
  Number of repeats        : 3
  Monitor sleep time (ms) : 1

Started ./MicroBench with PID: 8
07:03:27        8 root      20   0   13764   8484   6620 R 100.0   0.1   0:00.15 MicroBench
07:03:27        8 root      20   0   13764   8484   6620 R 100.0   0.1   0:00.32 MicroBench
07:03:27        8 root      20   0   13764   8484   6620 R 100.0   0.1   0:00.49 MicroBench
07:03:27        8 root      20   0   13764   8484   6620 R 100.0   0.1   0:00.65 MicroBench
07:03:27        8 root      20   0   13764   8484   6620 R 100.0   0.1   0:00.82 MicroBench
07:03:28        8 root      20   0   13764   8484   6620 R 100.0   0.1   0:00.99 MicroBench
07:03:28        8 root      20   0   13764   8484   6620 R 100.0   0.1   0:01.16 MicroBench
07:03:28        8 root      20   0   13764   8484   6620 R 100.0   0.1   0:01.32 MicroBench
07:03:28        8 root      20   0   13764   8484   6620 R 100.0   0.1   0:01.50 MicroBench
07:03:28        8 root      20   0   13764   8484   6620 R 100.0   0.1   0:01.68 MicroBench
07:03:28        8 root      20   0   14820   9600   6684 R 100.0   0.1   0:01.85 MicroBench
07:03:29        8 root      20   0   14820   9600   6684 R 100.0   0.1   0:02.02 MicroBench
07:03:29        8 root      20   0   14820   9600   6684 R 100.0   0.1   0:02.18 MicroBench
07:03:29        8 root      20   0   14820   9600   6684 R 100.0   0.1   0:02.35 MicroBench
07:03:29        8 root      20   0   14820   9600   6684 R 100.0   0.1   0:02.53 MicroBench
07:03:29        8 root      20   0   14820   9600   6684 R 100.0   0.1   0:02.70 MicroBench
07:03:30        8 root      20   0   14820   9600   6684 R 100.0   0.1   0:02.87 MicroBench
07:03:30        8 root      20   0   14820   9600   6684 R 100.0   0.1   0:03.04 MicroBench
07:03:30        8 root      20   0   14820   9600   6684 R  93.8   0.1   0:03.20 MicroBench
07:03:30        8 root      20   0   14820   9600   6684 R 100.0   0.1   0:03.37 MicroBench
07:03:30        8 root      20   0   14820   9600   6684 R 100.0   0.1   0:03.54 MicroBench
07:03:30        8 root      20   0   14820   9600   6684 R 100.0   0.1   0:03.71 MicroBench
07:03:31        8 root      20   0   14820   9600   6684 R 100.0   0.1   0:03.87 MicroBench
07:03:31        8 root      20   0   14820   9600   6684 R 100.0   0.1   0:04.05 MicroBench
07:03:31        8 root      20   0   14820   9600   6684 R 100.0   0.1   0:04.22 MicroBench
07:03:31        8 root      20   0   14820   9600   6684 R 100.0   0.1   0:04.38 MicroBench
07:03:31        8 root      20   0   14820   9600   6684 R 100.0   0.1   0:04.55 MicroBench
07:03:31        8 root      20   0   14820   9600   6684 R 100.0   0.1   0:04.72 MicroBench
07:03:32        8 root      20   0   14820   9600   6684 R  93.8   0.1   0:04.89 MicroBench
07:03:32        8 root      20   0   14820   9600   6684 R 100.0   0.1   0:05.06 MicroBench
07:03:32        8 root      20   0   14820   9600   6684 R 100.0   0.1   0:05.23 MicroBench
07:03:32        8 root      20   0   14820   9600   6684 R 100.0   0.1   0:05.39 MicroBench
07:03:32        8 root      20   0   14820   9600   6684 R 100.0   0.1   0:05.56 MicroBench
07:03:32        8 root      20   0   14820   9600   6684 R 100.0   0.1   0:05.73 MicroBench
07:03:33        8 root      20   0   16008  10920   6684 R 100.0   0.1   0:05.90 MicroBench
07:03:33        8 root      20   0   16008  10920   6684 R 100.0   0.1   0:06.07 MicroBench
07:03:33        8 root      20   0   16008  10920   6684 R  93.3   0.1   0:06.23 MicroBench
07:03:33        8 root      20   0   16008  10920   6684 R  93.8   0.1   0:06.40 MicroBench
07:03:33        8 root      20   0   16008  10920   6684 R 100.0   0.1   0:06.57 MicroBench
07:03:33        8 root      20   0   16008  10920   6684 R 100.0   0.1   0:06.74 MicroBench
07:03:34        8 root      20   0   16008  10920   6684 R 100.0   0.1   0:06.92 MicroBench
07:03:34        8 root      20   0   16008  10920   6684 R 100.0   0.1   0:07.09 MicroBench
07:03:34        8 root      20   0   16008  10920   6684 R 100.0   0.1   0:07.26 MicroBench
07:03:34        8 root      20   0   16008  10920   6684 R 100.0   0.1   0:07.44 MicroBench
07:03:34        8 root      20   0   16008  10920   6684 R 100.0   0.1   0:07.60 MicroBench
07:03:34        8 root      20   0   16008  10920   6684 R 100.0   0.1   0:07.77 MicroBench
07:03:35        8 root      20   0   16008  10920   6684 R 100.0   0.1   0:07.94 MicroBench
07:03:35        8 root      20   0   16008  10920   6684 R  93.8   0.1   0:08.11 MicroBench
07:03:35        8 root      20   0   16008  10920   6684 R 100.0   0.1   0:08.28 MicroBench
07:03:35        8 root      20   0   16008  10920   6684 R 100.0   0.1   0:08.45 MicroBench
07:03:35        8 root      20   0   16008  10920   6684 R 100.0   0.1   0:08.62 MicroBench
07:03:35        8 root      20   0   16008  10920   6684 R 100.0   0.1   0:08.79 MicroBench
07:03:36        8 root      20   0   16008  10920   6684 R 100.0   0.1   0:08.96 MicroBench
07:03:36        8 root      20   0   16008  10920   6684 R  93.3   0.1   0:09.12 MicroBench
07:03:36        8 root      20   0   16008  10920   6684 R 100.0   0.1   0:09.30 MicroBench
07:03:36        8 root      20   0   16008  10920   6684 R 100.0   0.1   0:09.46 MicroBench
07:03:36        8 root      20   0   16008  10920   6684 R 100.0   0.1   0:09.63 MicroBench
07:03:36        8 root      20   0   16008  10920   6684 R 100.0   0.1   0:09.81 MicroBench
07:03:37        8 root      20   0   16140  10920   6684 R 100.0   0.1   0:09.98 MicroBench
Avg reg. time: 26084131
Avg opt. time: 32463888
Median reg. time: 26086208
Median opt. time: 32308562
07:03:37  MicroBench not found.
MicroBench process has exited. Monitoring script will terminate.
