Args:
  Field size              : 2748779069441
  l                       : 2
  t                       : 40
  Number of parties        : 128
  Number of repeats        : 1250
  Monitor sleep time (ms) : 1

Started ./MicroBench with PID: 8
06:58:31        8 root      20   0   13632   8228   6628 R 100.0   0.1   0:00.15 MicroBench
06:58:31        8 root      20   0   13764   8552   6692 R 100.0   0.1   0:00.31 MicroBench
06:58:31        8 root      20   0   13896   8552   6692 R 100.0   0.1   0:00.47 MicroBench
06:58:31        8 root      20   0   13896   8552   6692 R 100.0   0.1   0:00.63 MicroBench
06:58:32        8 root      20   0   13896   8552   6692 R 100.0   0.1   0:00.79 MicroBench
06:58:32        8 root      20   0   13896   8552   6692 R 100.0   0.1   0:00.95 MicroBench
06:58:32        8 root      20   0   13896   8552   6692 R 100.0   0.1   0:01.12 MicroBench
06:58:32        8 root      20   0   13896   8552   6692 R 100.0   0.1   0:01.28 MicroBench
06:58:32        8 root      20   0   13896   8552   6692 R 100.0   0.1   0:01.44 MicroBench
06:58:32        8 root      20   0   13896   8552   6692 R 100.0   0.1   0:01.60 MicroBench
06:58:33        8 root      20   0   13896   8552   6692 R  93.3   0.1   0:01.76 MicroBench
06:58:33        8 root      20   0   13896   8552   6692 R 100.0   0.1   0:01.93 MicroBench
06:58:33        8 root      20   0   13896   8552   6692 R 100.0   0.1   0:02.09 MicroBench
06:58:33        8 root      20   0   13896   8552   6692 R  87.5   0.1   0:02.24 MicroBench
06:58:33        8 root      20   0   13896   8552   6692 R 100.0   0.1   0:02.41 MicroBench
06:58:33        8 root      20   0   13896   8552   6692 R 100.0   0.1   0:02.57 MicroBench
06:58:34        8 root      20   0   13896   8552   6692 R 100.0   0.1   0:02.74 MicroBench
06:58:34        8 root      20   0   13896   8552   6692 R 100.0   0.1   0:02.91 MicroBench
06:58:34        8 root      20   0   13896   8552   6692 R 100.0   0.1   0:03.07 MicroBench
06:58:34        8 root      20   0   13896   8552   6692 R 100.0   0.1   0:03.24 MicroBench
06:58:34        8 root      20   0   13896   8552   6692 R 100.0   0.1   0:03.40 MicroBench
06:58:34        8 root      20   0   13896   8552   6692 R 100.0   0.1   0:03.57 MicroBench
06:58:35        8 root      20   0   13896   8552   6692 R 100.0   0.1   0:03.73 MicroBench
06:58:35        8 root      20   0   13896   8552   6692 R 100.0   0.1   0:03.89 MicroBench
06:58:35        8 root      20   0   13896   8552   6692 R  93.3   0.1   0:04.05 MicroBench
06:58:35        8 root      20   0   13896   8552   6692 R 100.0   0.1   0:04.22 MicroBench
06:58:35        8 root      20   0   13896   8552   6692 R 100.0   0.1   0:04.38 MicroBench
06:58:35        8 root      20   0   13896   8552   6692 R 100.0   0.1   0:04.54 MicroBench
06:58:36        8 root      20   0   13896   8552   6692 R 100.0   0.1   0:04.71 MicroBench
06:58:36        8 root      20   0   13896   8552   6692 R 100.0   0.1   0:04.87 MicroBench
06:58:36        8 root      20   0   13896   8552   6692 R 100.0   0.1   0:05.03 MicroBench
06:58:36        8 root      20   0   13896   8552   6692 R 100.0   0.1   0:05.20 MicroBench
06:58:36        8 root      20   0   13896   8552   6692 R  93.3   0.1   0:05.36 MicroBench
06:58:36        8 root      20   0   13896   8552   6692 R  93.3   0.1   0:05.52 MicroBench
06:58:37        8 root      20   0   13896   8552   6692 R 100.0   0.1   0:05.69 MicroBench
06:58:37        8 root      20   0   13896   8552   6692 R 100.0   0.1   0:05.85 MicroBench
06:58:37        8 root      20   0   13896   8552   6692 R 100.0   0.1   0:06.01 MicroBench
06:58:37        8 root      20   0   13896   8552   6692 R  93.8   0.1   0:06.18 MicroBench
06:58:37        8 root      20   0   13896   8552   6692 R 100.0   0.1   0:06.34 MicroBench
06:58:37        8 root      20   0   13896   8552   6692 R 100.0   0.1   0:06.51 MicroBench
06:58:38        8 root      20   0   13896   8552   6692 R 100.0   0.1   0:06.68 MicroBench
06:58:38        8 root      20   0   13896   8552   6692 R 100.0   0.1   0:06.84 MicroBench
Avg reg. time: 1633620
Avg opt. time: 3586254
Median reg. time: 1625833
Median opt. time: 3576187
06:58:38  MicroBench not found.
MicroBench process has exited. Monitoring script will terminate.
