Args:
  Field size              : 2748779069441
  l                       : 32
  t                       : 40
  Number of parties        : 512
  Number of repeats        : 1
  Monitor sleep time (ms) : 1

Started ./MicroBench with PID: 8
07:04:28        8 root      20   0   13764   8484   6620 R  93.3   0.1   0:00.15 MicroBench
07:04:28        8 root      20   0   13764   8484   6620 R 100.0   0.1   0:00.32 MicroBench
07:04:29        8 root      20   0   13764   8484   6620 R  93.8   0.1   0:00.49 MicroBench
07:04:29        8 root      20   0   13764   8484   6620 R 100.0   0.1   0:00.66 MicroBench
07:04:29        8 root      20   0   13764   8484   6620 R 100.0   0.1   0:00.82 MicroBench
07:04:29        8 root      20   0   13764   8484   6620 R 100.0   0.1   0:01.00 MicroBench
07:04:29        8 root      20   0   13764   8484   6620 R 100.0   0.1   0:01.17 MicroBench
07:04:29        8 root      20   0   13764   8484   6620 R 100.0   0.1   0:01.34 MicroBench
07:04:30        8 root      20   0   13764   8484   6620 R 100.0   0.1   0:01.51 MicroBench
07:04:30        8 root      20   0   13764   8484   6620 R 100.0   0.1   0:01.68 MicroBench
07:04:30        8 root      20   0   13764   8484   6620 R 100.0   0.1   0:01.85 MicroBench
07:04:30        8 root      20   0   13764   8484   6620 R 100.0   0.1   0:02.02 MicroBench
07:04:30        8 root      20   0   13764   8484   6620 R 100.0   0.1   0:02.19 MicroBench
07:04:30        8 root      20   0   13764   8484   6620 R 100.0   0.1   0:02.36 MicroBench
07:04:31        8 root      20   0   15480  10128   6684 R  93.3   0.1   0:02.52 MicroBench
07:04:31        8 root      20   0   15480  10128   6684 R 100.0   0.1   0:02.69 MicroBench
07:04:31        8 root      20   0   15480  10128   6684 R 100.0   0.1   0:02.87 MicroBench
07:04:31        8 root      20   0   15480  10128   6684 R 100.0   0.1   0:03.03 MicroBench
07:04:31        8 root      20   0   15480  10128   6684 R 100.0   0.1   0:03.20 MicroBench
07:04:31        8 root      20   0   15480  10128   6684 R 100.0   0.1   0:03.37 MicroBench
07:04:32        8 root      20   0   15480  10128   6684 R  93.3   0.1   0:03.53 MicroBench
07:04:32        8 root      20   0   15480  10128   6684 R 100.0   0.1   0:03.70 MicroBench
07:04:32        8 root      20   0   15480  10128   6684 R 100.0   0.1   0:03.87 MicroBench
07:04:32        8 root      20   0   15480  10128   6684 R  93.8   0.1   0:04.03 MicroBench
07:04:32        8 root      20   0   15480  10128   6684 R 100.0   0.1   0:04.20 MicroBench
07:04:32        8 root      20   0   15480  10128   6684 R 100.0   0.1   0:04.37 MicroBench
07:04:33        8 root      20   0   15480  10128   6684 R 100.0   0.1   0:04.54 MicroBench
07:04:33        8 root      20   0   15480  10128   6684 R 100.0   0.1   0:04.72 MicroBench
07:04:33        8 root      20   0   15480  10128   6684 R  93.8   0.1   0:04.88 MicroBench
07:04:33        8 root      20   0   15480  10128   6684 R 100.0   0.1   0:05.05 MicroBench
07:04:33        8 root      20   0   15480  10128   6684 R 100.0   0.1   0:05.22 MicroBench
07:04:33        8 root      20   0   15480  10128   6684 R 100.0   0.1   0:05.39 MicroBench
07:04:34        8 root      20   0   15480  10128   6684 R 100.0   0.1   0:05.55 MicroBench
07:04:34        8 root      20   0   15480  10128   6684 R 100.0   0.1   0:05.72 MicroBench
07:04:34        8 root      20   0   15480  10128   6684 R 100.0   0.1   0:05.89 MicroBench
07:04:34        8 root      20   0   15480  10128   6684 R  93.8   0.1   0:06.06 MicroBench
07:04:34        8 root      20   0   15480  10128   6684 R 100.0   0.1   0:06.23 MicroBench
07:04:34        8 root      20   0   15480  10128   6684 R 100.0   0.1   0:06.40 MicroBench
07:04:35        8 root      20   0   15480  10128   6684 R 100.0   0.1   0:06.56 MicroBench
07:04:35        8 root      20   0   15480  10128   6684 R 100.0   0.1   0:06.73 MicroBench
07:04:35        8 root      20   0   15480  10128   6684 R 100.0   0.1   0:06.90 MicroBench
07:04:35        8 root      20   0   15480  10128   6684 R 100.0   0.1   0:07.07 MicroBench
07:04:35        8 root      20   0   15480  10128   6684 R  93.8   0.1   0:07.24 MicroBench
07:04:35        8 root      20   0   15480  10128   6684 R 100.0   0.1   0:07.41 MicroBench
07:04:36        8 root      20   0   15480  10128   6684 R 100.0   0.1   0:07.57 MicroBench
07:04:36        8 root      20   0   15480  10128   6684 R 100.0   0.1   0:07.74 MicroBench
07:04:36        8 root      20   0   15480  10128   6684 R 100.0   0.1   0:07.91 MicroBench
07:04:36        8 root      20   0   15480  10128   6684 R 100.0   0.1   0:08.08 MicroBench
07:04:36        8 root      20   0   15480  10128   6684 R  93.8   0.1   0:08.25 MicroBench
07:04:37        8 root      20   0   15480  10128   6684 R  93.8   0.1   0:08.42 MicroBench
07:04:37        8 root      20   0   15480  10128   6684 R 100.0   0.1   0:08.58 MicroBench
07:04:37        8 root      20   0   15480  10128   6684 R 100.0   0.1   0:08.75 MicroBench
07:04:37        8 root      20   0   15480  10128   6684 R 100.0   0.1   0:08.92 MicroBench
07:04:37        8 root      20   0   15480  10128   6684 R 100.0   0.1   0:09.09 MicroBench
07:04:37        8 root      20   0   15480  10128   6684 R 100.0   0.1   0:09.26 MicroBench
07:04:38        8 root      20   0   15480  10128   6684 R  93.3   0.1   0:09.41 MicroBench
07:04:38        8 root      20   0   15480  10128   6684 R 100.0   0.1   0:09.58 MicroBench
07:04:38        8 root      20   0   15480  10128   6684 R 100.0   0.1   0:09.75 MicroBench
07:04:38        8 root      20   0   15480  10128   6684 R 100.0   0.1   0:09.91 MicroBench
07:04:38        8 root      20   0   15480  10128   6684 R 100.0   0.1   0:10.08 MicroBench
07:04:38        8 root      20   0   15480  10128   6684 R 100.0   0.1   0:10.25 MicroBench
07:04:39        8 root      20   0   15480  10128   6684 R 100.0   0.1   0:10.42 MicroBench
07:04:39        8 root      20   0   15480  10128   6684 R  93.3   0.1   0:10.58 MicroBench
07:04:39        8 root      20   0   15480  10128   6684 R 100.0   0.1   0:10.76 MicroBench
07:04:39        8 root      20   0   15480  10128   6684 R  93.8   0.1   0:10.92 MicroBench
07:04:39        8 root      20   0   15480  10128   6684 R 100.0   0.1   0:11.09 MicroBench
07:04:39        8 root      20   0   15480  10128   6684 R 100.0   0.1   0:11.26 MicroBench
07:04:40        8 root      20   0   15480  10128   6684 R 100.0   0.1   0:11.43 MicroBench
07:04:40        8 root      20   0   15480  10128   6684 R 100.0   0.1   0:11.60 MicroBench
07:04:40        8 root      20   0   15480  10128   6684 R 100.0   0.1   0:11.77 MicroBench
07:04:40        8 root      20   0   15480  10128   6684 R 100.0   0.1   0:11.93 MicroBench
07:04:40        8 root      20   0   15480  10128   6684 R  93.8   0.1   0:12.10 MicroBench
07:04:40        8 root      20   0   15480  10128   6684 R 100.0   0.1   0:12.28 MicroBench
07:04:41        8 root      20   0   15480  10128   6684 R 100.0   0.1   0:12.45 MicroBench
07:04:41        8 root      20   0   15480  10128   6684 R  93.3   0.1   0:12.61 MicroBench
07:04:41        8 root      20   0   17328  11976   6684 R 100.0   0.1   0:12.78 MicroBench
07:04:41        8 root      20   0   17328  11976   6684 R  93.8   0.1   0:12.95 MicroBench
07:04:41        8 root      20   0   17328  11976   6684 R 100.0   0.1   0:13.12 MicroBench
07:04:41        8 root      20   0   17328  11976   6684 R 100.0   0.1   0:13.29 MicroBench
07:04:42        8 root      20   0   17328  11976   6684 R  93.8   0.1   0:13.46 MicroBench
07:04:42        8 root      20   0   17328  11976   6684 R 100.0   0.1   0:13.63 MicroBench
07:04:42        8 root      20   0   17328  11976   6684 R 100.0   0.1   0:13.79 MicroBench
07:04:42        8 root      20   0   17328  11976   6684 R 100.0   0.1   0:13.98 MicroBench
07:04:42        8 root      20   0   17328  11976   6684 R 100.0   0.1   0:14.15 MicroBench
07:04:42        8 root      20   0   17328  11976   6684 R 100.0   0.1   0:14.31 MicroBench
07:04:43        8 root      20   0   17328  11976   6684 R 100.0   0.1   0:14.48 MicroBench
07:04:43        8 root      20   0   17328  11976   6684 R 100.0   0.1   0:14.65 MicroBench
07:04:43        8 root      20   0   17328  11976   6684 R  93.8   0.1   0:14.82 MicroBench
07:04:43        8 root      20   0   17328  11976   6684 R 100.0   0.1   0:14.99 MicroBench
07:04:43        8 root      20   0   17328  11976   6684 R 100.0   0.1   0:15.16 MicroBench
07:04:43        8 root      20   0   17328  11976   6684 R 100.0   0.1   0:15.35 MicroBench
07:04:44        8 root      20   0   17328  11976   6684 R  93.8   0.1   0:15.51 MicroBench
07:04:44        8 root      20   0   17328  11976   6684 R 100.0   0.1   0:15.68 MicroBench
07:04:44        8 root      20   0   17328  11976   6684 R 100.0   0.1   0:15.85 MicroBench
07:04:44        8 root      20   0   17328  11976   6684 R 100.0   0.1   0:16.02 MicroBench
07:04:44        8 root      20   0   17328  11976   6684 R  93.3   0.1   0:16.18 MicroBench
07:04:44        8 root      20   0   17328  11976   6684 R 100.0   0.1   0:16.36 MicroBench
07:04:45        8 root      20   0   17328  11976   6684 R 100.0   0.1   0:16.52 MicroBench
07:04:45        8 root      20   0   17328  11976   6684 R 100.0   0.1   0:16.69 MicroBench
07:04:45        8 root      20   0   17328  11976   6684 R 100.0   0.1   0:16.86 MicroBench
07:04:45        8 root      20   0   17328  11976   6684 R 100.0   0.1   0:17.03 MicroBench
07:04:45        8 root      20   0   17328  11976   6684 R 100.0   0.1   0:17.19 MicroBench
07:04:46        8 root      20   0   17328  11976   6684 R 100.0   0.1   0:17.36 MicroBench
07:04:46        8 root      20   0   17328  11976   6684 R 100.0   0.1   0:17.53 MicroBench
07:04:46        8 root      20   0   17328  11976   6684 R 100.0   0.1   0:17.70 MicroBench
07:04:46        8 root      20   0   17328  11976   6684 R 100.0   0.1   0:17.87 MicroBench
07:04:46        8 root      20   0   17328  11976   6684 R  93.8   0.1   0:18.04 MicroBench
07:04:46        8 root      20   0   17328  11976   6684 R 100.0   0.1   0:18.20 MicroBench
07:04:47        8 root      20   0   17328  11976   6684 R 100.0   0.1   0:18.37 MicroBench
07:04:47        8 root      20   0   17328  11976   6684 R 100.0   0.1   0:18.54 MicroBench
07:04:47        8 root      20   0   17328  11976   6684 R 100.0   0.1   0:18.71 MicroBench
07:04:47        8 root      20   0   17328  11976   6684 R 100.0   0.1   0:18.88 MicroBench
07:04:47        8 root      20   0   17328  11976   6684 R 100.0   0.1   0:19.05 MicroBench
07:04:47        8 root      20   0   17328  11976   6684 R  87.5   0.1   0:19.21 MicroBench
07:04:48        8 root      20   0   17328  11976   6684 R 100.0   0.1   0:19.38 MicroBench
07:04:48        8 root      20   0   17328  11976   6684 R 100.0   0.1   0:19.55 MicroBench
07:04:48        8 root      20   0   17328  11976   6684 R 100.0   0.1   0:19.72 MicroBench
07:04:48        8 root      20   0   17328  11976   6684 R 100.0   0.1   0:19.89 MicroBench
07:04:48        8 root      20   0   17328  11976   6684 R 100.0   0.1   0:20.06 MicroBench
07:04:48        8 root      20   0   17328  11976   6684 R 100.0   0.1   0:20.23 MicroBench
07:04:49        8 root      20   0   17328  11976   6684 R 100.0   0.1   0:20.40 MicroBench
07:04:49        8 root      20   0   17328  11976   6684 R 100.0   0.1   0:20.56 MicroBench
07:04:49        8 root      20   0   17328  11976   6684 R 100.0   0.1   0:20.74 MicroBench
07:04:49        8 root      20   0   17328  11976   6684 R 100.0   0.1   0:20.91 MicroBench
07:04:49        8 root      20   0   17328  11976   6684 R 100.0   0.1   0:21.08 MicroBench
07:04:49        8 root      20   0   17328  11976   6684 R 100.0   0.1   0:21.25 MicroBench
07:04:50        8 root      20   0   17328  11976   6684 R 100.0   0.1   0:21.41 MicroBench
07:04:50        8 root      20   0   17328  11976   6684 R  93.8   0.1   0:21.58 MicroBench
07:04:50        8 root      20   0   17328  11976   6684 R 100.0   0.1   0:21.75 MicroBench
07:04:50        8 root      20   0   17328  11976   6684 R 100.0   0.1   0:21.92 MicroBench
07:04:50        8 root      20   0   17328  11976   6684 R 100.0   0.1   0:22.09 MicroBench
07:04:50        8 root      20   0   17328  11976   6684 R  93.3   0.1   0:22.25 MicroBench
07:04:51        8 root      20   0   17328  11976   6684 R 100.0   0.1   0:22.42 MicroBench
07:04:51        8 root      20   0   17328  11976   6684 R 100.0   0.1   0:22.59 MicroBench
07:04:51        8 root      20   0   17328  11976   6684 R 100.0   0.1   0:22.76 MicroBench
Avg reg. time: 38490605
Avg opt. time: 33681833
Median reg. time: 38490605
Median opt. time: 33681833
07:04:51  MicroBench not found.
MicroBench process has exited. Monitoring script will terminate.
