Args:
  Field size              : 2748779069441
  l                       : 64
  t                       : 40
  Number of parties        : 512
  Number of repeats        : 1
  Monitor sleep time (ms) : 1

Started ./MicroBench with PID: 8
07:07:42        8 root      20   0   13764   8488   6624 R  93.8   0.1   0:00.15 MicroBench
07:07:42        8 root      20   0   13764   8488   6624 R 100.0   0.1   0:00.32 MicroBench
07:07:42        8 root      20   0   13764   8488   6624 R 100.0   0.1   0:00.49 MicroBench
07:07:42        8 root      20   0   13764   8488   6624 R  93.8   0.1   0:00.66 MicroBench
07:07:42        8 root      20   0   13764   8488   6624 R 100.0   0.1   0:00.83 MicroBench
07:07:42        8 root      20   0   13864   8640   6624 R 100.0   0.1   0:01.01 MicroBench
07:07:43        8 root      20   0   13864   8640   6624 R 100.0   0.1   0:01.18 MicroBench
07:07:43        8 root      20   0   13856   8640   6624 R  93.8   0.1   0:01.35 MicroBench
07:07:43        8 root      20   0   13848   8640   6624 R 100.0   0.1   0:01.52 MicroBench
07:07:43        8 root      20   0   13848   8640   6624 R 100.0   0.1   0:01.69 MicroBench
07:07:43        8 root      20   0   13848   8640   6624 R 100.0   0.1   0:01.86 MicroBench
07:07:43        8 root      20   0   13848   8640   6624 R  93.8   0.1   0:02.03 MicroBench
07:07:44        8 root      20   0   13848   8640   6624 R  93.3   0.1   0:02.19 MicroBench
07:07:44        8 root      20   0   13848   8640   6624 R 100.0   0.1   0:02.36 MicroBench
07:07:44        8 root      20   0   13848   8640   6624 R 100.0   0.1   0:02.53 MicroBench
07:07:44        8 root      20   0   13848   8640   6624 R 100.0   0.1   0:02.70 MicroBench
07:07:44        8 root      20   0   13848   8640   6624 R 100.0   0.1   0:02.87 MicroBench
07:07:45        8 root      20   0   13848   8640   6624 R 100.0   0.1   0:03.04 MicroBench
07:07:45        8 root      20   0   13848   8640   6624 R  87.5   0.1   0:03.20 MicroBench
07:07:45        8 root      20   0   13848   8640   6624 R 100.0   0.1   0:03.37 MicroBench
07:07:45        8 root      20   0   13848   8640   6624 R 100.0   0.1   0:03.54 MicroBench
07:07:45        8 root      20   0   13848   8640   6624 R 100.0   0.1   0:03.71 MicroBench
07:07:45        8 root      20   0   13848   8640   6624 R 100.0   0.1   0:03.88 MicroBench
07:07:46        8 root      20   0   13848   8640   6624 R 100.0   0.1   0:04.05 MicroBench
07:07:46        8 root      20   0   16360  11072   6688 R  93.8   0.1   0:04.22 MicroBench
07:07:46        8 root      20   0   16360  11072   6688 R 100.0   0.1   0:04.38 MicroBench
07:07:46        8 root      20   0   16360  11072   6688 R 100.0   0.1   0:04.55 MicroBench
07:07:46        8 root      20   0   16360  11072   6688 R 100.0   0.1   0:04.72 MicroBench
07:07:46        8 root      20   0   16360  11072   6688 R 100.0   0.1   0:04.89 MicroBench
07:07:47        8 root      20   0   16360  11072   6688 R  87.5   0.1   0:05.07 MicroBench
07:07:47        8 root      20   0   16360  11072   6688 R 100.0   0.1   0:05.24 MicroBench
07:07:47        8 root      20   0   16360  11072   6688 R 100.0   0.1   0:05.42 MicroBench
07:07:47        8 root      20   0   16360  11072   6688 R 100.0   0.1   0:05.58 MicroBench
07:07:47        8 root      20   0   16360  11072   6688 R  93.8   0.1   0:05.75 MicroBench
07:07:47        8 root      20   0   16360  11072   6688 R 100.0   0.1   0:05.92 MicroBench
07:07:48        8 root      20   0   16360  11072   6688 R 100.0   0.1   0:06.09 MicroBench
07:07:48        8 root      20   0   16360  11072   6688 R  93.3   0.1   0:06.25 MicroBench
07:07:48        8 root      20   0   16360  11072   6688 R 100.0   0.1   0:06.43 MicroBench
07:07:48        8 root      20   0   16360  11072   6688 R 100.0   0.1   0:06.59 MicroBench
07:07:48        8 root      20   0   16360  11072   6688 R 100.0   0.1   0:06.76 MicroBench
07:07:48        8 root      20   0   16360  11072   6688 R 100.0   0.1   0:06.93 MicroBench
07:07:49        8 root      20   0   16360  11072   6688 R 100.0   0.1   0:07.10 MicroBench
07:07:49        8 root      20   0   16360  11072   6688 R  93.3   0.1   0:07.26 MicroBench
07:07:49        8 root      20   0   16360  11072   6688 R 100.0   0.1   0:07.43 MicroBench
07:07:49        8 root      20   0   16360  11072   6688 R 100.0   0.1   0:07.60 MicroBench
07:07:49        8 root      20   0   16360  11072   6688 R 100.0   0.1   0:07.77 MicroBench
07:07:49        8 root      20   0   16360  11072   6688 R 100.0   0.1   0:07.94 MicroBench
07:07:50        8 root      20   0   16360  11072   6688 R 100.0   0.1   0:08.11 MicroBench
07:07:50        8 root      20   0   16360  11072   6688 R  93.8   0.1   0:08.28 MicroBench
07:07:50        8 root      20   0   16360  11072   6688 R 100.0   0.1   0:08.45 MicroBench
07:07:50        8 root      20   0   16360  11072   6688 R 100.0   0.1   0:08.61 MicroBench
07:07:50        8 root      20   0   16360  11072   6688 R 100.0   0.1   0:08.78 MicroBench
07:07:50        8 root      20   0   16360  11072   6688 R 100.0   0.1   0:08.95 MicroBench
07:07:51        8 root      20   0   16360  11072   6688 R 100.0   0.1   0:09.12 MicroBench
07:07:51        8 root      20   0   16360  11072   6688 R 100.0   0.1   0:09.29 MicroBench
07:07:51        8 root      20   0   16360  11072   6688 R  93.3   0.1   0:09.45 MicroBench
07:07:51        8 root      20   0   16360  11072   6688 R 100.0   0.1   0:09.62 MicroBench
07:07:51        8 root      20   0   16360  11072   6688 R 100.0   0.1   0:09.79 MicroBench
07:07:51        8 root      20   0   16360  11072   6688 R 100.0   0.1   0:09.97 MicroBench
07:07:52        8 root      20   0   16360  11072   6688 R 100.0   0.1   0:10.14 MicroBench
07:07:52        8 root      20   0   16360  11072   6688 R 100.0   0.1   0:10.32 MicroBench
07:07:52        8 root      20   0   16360  11072   6688 R 100.0   0.1   0:10.48 MicroBench
07:07:52        8 root      20   0   16360  11072   6688 R 100.0   0.1   0:10.65 MicroBench
07:07:52        8 root      20   0   16360  11072   6688 R 100.0   0.1   0:10.82 MicroBench
07:07:52        8 root      20   0   16360  11072   6688 R  93.3   0.1   0:10.99 MicroBench
07:07:53        8 root      20   0   16360  11072   6688 R 100.0   0.1   0:11.16 MicroBench
07:07:53        8 root      20   0   16360  11072   6688 R 100.0   0.1   0:11.33 MicroBench
07:07:53        8 root      20   0   16360  11072   6688 R 100.0   0.1   0:11.50 MicroBench
07:07:53        8 root      20   0   16360  11072   6688 R 100.0   0.1   0:11.67 MicroBench
07:07:53        8 root      20   0   16360  11072   6688 R 100.0   0.1   0:11.84 MicroBench
07:07:54        8 root      20   0   16360  11072   6688 R 100.0   0.1   0:12.01 MicroBench
07:07:54        8 root      20   0   16360  11072   6688 R  93.3   0.1   0:12.17 MicroBench
07:07:54        8 root      20   0   16360  11072   6688 R 100.0   0.1   0:12.35 MicroBench
07:07:54        8 root      20   0   16360  11072   6688 R 100.0   0.1   0:12.51 MicroBench
07:07:54        8 root      20   0   16360  11072   6688 R 100.0   0.1   0:12.68 MicroBench
07:07:54        8 root      20   0   16360  11072   6688 R 100.0   0.1   0:12.85 MicroBench
07:07:55        8 root      20   0   16360  11072   6688 R 100.0   0.1   0:13.02 MicroBench
07:07:55        8 root      20   0   16360  11072   6688 R 100.0   0.1   0:13.19 MicroBench
07:07:55        8 root      20   0   16360  11072   6688 R 100.0   0.1   0:13.36 MicroBench
07:07:55        8 root      20   0   16360  11072   6688 R 100.0   0.1   0:13.53 MicroBench
07:07:55        8 root      20   0   16360  11072   6688 R 100.0   0.1   0:13.70 MicroBench
07:07:55        8 root      20   0   16360  11072   6688 R 100.0   0.1   0:13.87 MicroBench
07:07:56        8 root      20   0   16360  11072   6688 R  93.8   0.1   0:14.03 MicroBench
07:07:56        8 root      20   0   16360  11072   6688 R 100.0   0.1   0:14.21 MicroBench
07:07:56        8 root      20   0   16360  11072   6688 R 100.0   0.1   0:14.38 MicroBench
07:07:56        8 root      20   0   16360  11072   6688 R 100.0   0.1   0:14.55 MicroBench
07:07:56        8 root      20   0   16360  11072   6688 R 100.0   0.1   0:14.72 MicroBench
07:07:56        8 root      20   0   16360  11072   6688 R 100.0   0.1   0:14.89 MicroBench
07:07:57        8 root      20   0   16360  11072   6688 R 100.0   0.1   0:15.05 MicroBench
07:07:57        8 root      20   0   16360  11072   6688 R 100.0   0.1   0:15.22 MicroBench
07:07:57        8 root      20   0   16360  11072   6688 R 100.0   0.1   0:15.39 MicroBench
07:07:57        8 root      20   0   16360  11072   6688 R 100.0   0.1   0:15.56 MicroBench
07:07:57        8 root      20   0   16360  11072   6688 R 100.0   0.1   0:15.73 MicroBench
07:07:57        8 root      20   0   16360  11072   6688 R 100.0   0.1   0:15.90 MicroBench
07:07:58        8 root      20   0   16360  11072   6688 R 100.0   0.1   0:16.07 MicroBench
07:07:58        8 root      20   0   16360  11072   6688 R 100.0   0.1   0:16.24 MicroBench
07:07:58        8 root      20   0   16360  11072   6688 R 100.0   0.1   0:16.41 MicroBench
07:07:58        8 root      20   0   16360  11072   6688 R  93.3   0.1   0:16.57 MicroBench
07:07:58        8 root      20   0   16360  11072   6688 R 100.0   0.1   0:16.76 MicroBench
07:07:58        8 root      20   0   16360  11072   6688 R 100.0   0.1   0:16.93 MicroBench
07:07:59        8 root      20   0   16360  11072   6688 R 100.0   0.1   0:17.10 MicroBench
07:07:59        8 root      20   0   16360  11072   6688 R  87.5   0.1   0:17.26 MicroBench
07:07:59        8 root      20   0   16360  11072   6688 R 100.0   0.1   0:17.44 MicroBench
07:07:59        8 root      20   0   16360  11072   6688 R 100.0   0.1   0:17.60 MicroBench
07:07:59        8 root      20   0   16360  11072   6688 R 100.0   0.1   0:17.77 MicroBench
07:07:59        8 root      20   0   16360  11072   6688 R 100.0   0.1   0:17.94 MicroBench
07:08:00        8 root      20   0   16360  11072   6688 R 100.0   0.1   0:18.12 MicroBench
07:08:00        8 root      20   0   16360  11072   6688 R 100.0   0.1   0:18.28 MicroBench
07:08:00        8 root      20   0   16360  11072   6688 R  93.8   0.1   0:18.45 MicroBench
07:08:00        8 root      20   0   16360  11072   6688 R 100.0   0.1   0:18.63 MicroBench
07:08:00        8 root      20   0   16360  11072   6688 R  93.8   0.1   0:18.80 MicroBench
07:08:00        8 root      20   0   16360  11072   6688 R 100.0   0.1   0:18.97 MicroBench
07:08:01        8 root      20   0   16360  11072   6688 R 100.0   0.1   0:19.14 MicroBench
07:08:01        8 root      20   0   16360  11072   6688 R 100.0   0.1   0:19.31 MicroBench
07:08:01        8 root      20   0   16360  11072   6688 R 100.0   0.1   0:19.48 MicroBench
07:08:01        8 root      20   0   16360  11072   6688 R 100.0   0.1   0:19.64 MicroBench
07:08:01        8 root      20   0   16360  11072   6688 R 100.0   0.1   0:19.81 MicroBench
07:08:01        8 root      20   0   16360  11072   6688 R  93.8   0.1   0:19.98 MicroBench
07:08:02        8 root      20   0   16360  11072   6688 R 100.0   0.1   0:20.15 MicroBench
07:08:02        8 root      20   0   16360  11072   6688 R 100.0   0.1   0:20.32 MicroBench
07:08:02        8 root      20   0   16360  11072   6688 R 100.0   0.1   0:20.49 MicroBench
07:08:02        8 root      20   0   16360  11072   6688 R 100.0   0.1   0:20.65 MicroBench
07:08:02        8 root      20   0   16360  11072   6688 R 100.0   0.1   0:20.82 MicroBench
07:08:03        8 root      20   0   16360  11072   6688 R 100.0   0.1   0:20.99 MicroBench
07:08:03        8 root      20   0   16360  11072   6688 R 100.0   0.1   0:21.16 MicroBench
07:08:03        8 root      20   0   16360  11072   6688 R  93.8   0.1   0:21.33 MicroBench
07:08:03        8 root      20   0   16360  11072   6688 R  93.8   0.1   0:21.50 MicroBench
07:08:03        8 root      20   0   16360  11072   6688 R  93.3   0.1   0:21.66 MicroBench
07:08:03        8 root      20   0   16360  11072   6688 R 100.0   0.1   0:21.83 MicroBench
07:08:04        8 root      20   0   16360  11072   6688 R 100.0   0.1   0:22.00 MicroBench
07:08:04        8 root      20   0   16360  11072   6688 R 100.0   0.1   0:22.17 MicroBench
07:08:04        8 root      20   0   16360  11072   6688 R 100.0   0.1   0:22.34 MicroBench
07:08:04        8 root      20   0   16360  11072   6688 R  87.5   0.1   0:22.50 MicroBench
07:08:04        8 root      20   0   16360  11072   6688 R 100.0   0.1   0:22.69 MicroBench
07:08:04        8 root      20   0   16360  11072   6688 R 100.0   0.1   0:22.85 MicroBench
07:08:05        8 root      20   0   16360  11072   6688 R  93.8   0.1   0:23.03 MicroBench
07:08:05        8 root      20   0   16360  11072   6688 R 100.0   0.1   0:23.20 MicroBench
07:08:05        8 root      20   0   16360  11072   6688 R 100.0   0.1   0:23.37 MicroBench
07:08:05        8 root      20   0   16360  11072   6688 R 100.0   0.1   0:23.53 MicroBench
07:08:05        8 root      20   0   16360  11072   6688 R 100.0   0.1   0:23.70 MicroBench
07:08:05        8 root      20   0   16360  11072   6688 R 100.0   0.1   0:23.87 MicroBench
07:08:06        8 root      20   0   16360  11072   6688 R  93.8   0.1   0:24.04 MicroBench
07:08:06        8 root      20   0   16360  11072   6688 R  93.3   0.1   0:24.20 MicroBench
07:08:06        8 root      20   0   16360  11072   6688 R 100.0   0.1   0:24.39 MicroBench
07:08:06        8 root      20   0   16360  11072   6688 R  87.5   0.1   0:24.55 MicroBench
07:08:06        8 root      20   0   16360  11072   6688 R 100.0   0.1   0:24.73 MicroBench
07:08:06        8 root      20   0   16360  11072   6688 R 100.0   0.1   0:24.89 MicroBench
07:08:07        8 root      20   0   16360  11072   6688 R 100.0   0.1   0:25.07 MicroBench
07:08:07        8 root      20   0   16360  11072   6688 R  87.5   0.1   0:25.23 MicroBench
07:08:07        8 root      20   0   16360  11072   6688 R 100.0   0.1   0:25.41 MicroBench
07:08:07        8 root      20   0   16360  11072   6688 R 100.0   0.1   0:25.57 MicroBench
07:08:07        8 root      20   0   16360  11072   6688 R 100.0   0.1   0:25.74 MicroBench
07:08:07        8 root      20   0   16360  11072   6688 R 100.0   0.1   0:25.91 MicroBench
07:08:08        8 root      20   0   16360  11072   6688 R 100.0   0.1   0:26.08 MicroBench
07:08:08        8 root      20   0   16360  11072   6688 R 100.0   0.1   0:26.24 MicroBench
07:08:08        8 root      20   0   16360  11072   6688 R  93.8   0.1   0:26.41 MicroBench
07:08:08        8 root      20   0   16360  11072   6688 R 100.0   0.1   0:26.58 MicroBench
07:08:08        8 root      20   0   16360  11072   6688 R 100.0   0.1   0:26.75 MicroBench
07:08:08        8 root      20   0   16360  11072   6688 R 100.0   0.1   0:26.92 MicroBench
07:08:09        8 root      20   0   16360  11072   6688 R 100.0   0.1   0:27.09 MicroBench
07:08:09        8 root      20   0   16360  11072   6688 R  93.3   0.1   0:27.25 MicroBench
07:08:09        8 root      20   0   16360  11072   6688 R 100.0   0.1   0:27.42 MicroBench
07:08:09        8 root      20   0   16360  11072   6688 R 100.0   0.1   0:27.59 MicroBench
07:08:09        8 root      20   0   16360  11072   6688 R  93.8   0.1   0:27.76 MicroBench
07:08:09        8 root      20   0   16360  11072   6688 R 100.0   0.1   0:27.93 MicroBench
07:08:10        8 root      20   0   16360  11072   6688 R 100.0   0.1   0:28.10 MicroBench
07:08:10        8 root      20   0   16360  11072   6688 R 100.0   0.1   0:28.26 MicroBench
07:08:10        8 root      20   0   16360  11072   6688 R 100.0   0.1   0:28.43 MicroBench
07:08:10        8 root      20   0   19144  13976   6688 R 100.0   0.1   0:28.61 MicroBench
07:08:10        8 root      20   0   19144  13976   6688 R 100.0   0.1   0:28.77 MicroBench
07:08:10        8 root      20   0   19144  13976   6688 R 100.0   0.1   0:28.94 MicroBench
07:08:11        8 root      20   0   19144  13976   6688 R 100.0   0.1   0:29.11 MicroBench
07:08:11        8 root      20   0   19144  13976   6688 R 100.0   0.1   0:29.28 MicroBench
07:08:11        8 root      20   0   19144  13976   6688 R 100.0   0.1   0:29.45 MicroBench
07:08:11        8 root      20   0   19144  13976   6688 R 100.0   0.1   0:29.62 MicroBench
07:08:11        8 root      20   0   19144  13976   6688 R 100.0   0.1   0:29.78 MicroBench
07:08:11        8 root      20   0   19144  13976   6688 R  93.8   0.1   0:29.95 MicroBench
07:08:12        8 root      20   0   19144  13976   6688 R 100.0   0.1   0:30.12 MicroBench
07:08:12        8 root      20   0   19144  13976   6688 R 100.0   0.1   0:30.29 MicroBench
07:08:12        8 root      20   0   19144  13976   6688 R 100.0   0.1   0:30.46 MicroBench
07:08:12        8 root      20   0   19144  13976   6688 R 100.0   0.1   0:30.63 MicroBench
07:08:12        8 root      20   0   19144  13976   6688 R 100.0   0.1   0:30.79 MicroBench
07:08:13        8 root      20   0   19144  13976   6688 R 100.0   0.1   0:30.96 MicroBench
07:08:13        8 root      20   0   19144  13976   6688 R  93.8   0.1   0:31.13 MicroBench
07:08:13        8 root      20   0   19144  13976   6688 R 100.0   0.1   0:31.30 MicroBench
07:08:13        8 root      20   0   19144  13976   6688 R 100.0   0.1   0:31.48 MicroBench
07:08:13        8 root      20   0   19144  13976   6688 R 100.0   0.1   0:31.64 MicroBench
07:08:13        8 root      20   0   19144  13976   6688 R 100.0   0.1   0:31.81 MicroBench
07:08:14        8 root      20   0   19144  13976   6688 R 100.0   0.1   0:31.99 MicroBench
07:08:14        8 root      20   0   19144  13976   6688 R 100.0   0.1   0:32.16 MicroBench
07:08:14        8 root      20   0   19144  13976   6688 R 100.0   0.1   0:32.33 MicroBench
07:08:14        8 root      20   0   19144  13976   6688 R  93.8   0.1   0:32.50 MicroBench
07:08:14        8 root      20   0   19144  13976   6688 R 100.0   0.1   0:32.67 MicroBench
07:08:14        8 root      20   0   19144  13976   6688 R 100.0   0.1   0:32.83 MicroBench
07:08:15        8 root      20   0   19144  13976   6688 R 100.0   0.1   0:33.00 MicroBench
07:08:15        8 root      20   0   19144  13976   6688 R 100.0   0.1   0:33.18 MicroBench
07:08:15        8 root      20   0   19144  13976   6688 R  93.3   0.1   0:33.34 MicroBench
07:08:15        8 root      20   0   19144  13976   6688 R 100.0   0.1   0:33.52 MicroBench
07:08:15        8 root      20   0   19144  13976   6688 R 100.0   0.1   0:33.68 MicroBench
07:08:15        8 root      20   0   19144  13976   6688 R 100.0   0.1   0:33.85 MicroBench
07:08:16        8 root      20   0   19144  13976   6688 R 100.0   0.1   0:34.02 MicroBench
07:08:16        8 root      20   0   19144  13976   6688 R 100.0   0.1   0:34.19 MicroBench
07:08:16        8 root      20   0   19144  13976   6688 R 100.0   0.1   0:34.36 MicroBench
07:08:16        8 root      20   0   19144  13976   6688 R 100.0   0.1   0:34.53 MicroBench
07:08:16        8 root      20   0   19144  13976   6688 R 100.0   0.1   0:34.70 MicroBench
07:08:16        8 root      20   0   19144  13976   6688 R 100.0   0.1   0:34.87 MicroBench
07:08:17        8 root      20   0   19144  13976   6688 R 100.0   0.1   0:35.04 MicroBench
07:08:17        8 root      20   0   19144  13976   6688 R 100.0   0.1   0:35.21 MicroBench
07:08:17        8 root      20   0   19144  13976   6688 R 100.0   0.1   0:35.38 MicroBench
07:08:17        8 root      20   0   19144  13976   6688 R 100.0   0.1   0:35.55 MicroBench
07:08:17        8 root      20   0   19144  13976   6688 R 100.0   0.1   0:35.72 MicroBench
07:08:17        8 root      20   0   19144  13976   6688 R 100.0   0.1   0:35.88 MicroBench
07:08:18        8 root      20   0   19144  13976   6688 R  93.8   0.1   0:36.05 MicroBench
07:08:18        8 root      20   0   19144  13976   6688 R 100.0   0.1   0:36.23 MicroBench
07:08:18        8 root      20   0   19144  13976   6688 R 100.0   0.1   0:36.40 MicroBench
07:08:18        8 root      20   0   19144  13976   6688 R 100.0   0.1   0:36.57 MicroBench
07:08:18        8 root      20   0   19144  13976   6688 R 100.0   0.1   0:36.73 MicroBench
07:08:18        8 root      20   0   19144  13976   6688 R 100.0   0.1   0:36.90 MicroBench
07:08:19        8 root      20   0   19144  13976   6688 R 100.0   0.1   0:37.07 MicroBench
07:08:19        8 root      20   0   19144  13976   6688 R  93.8   0.1   0:37.24 MicroBench
07:08:19        8 root      20   0   19144  13976   6688 R 100.0   0.1   0:37.41 MicroBench
07:08:19        8 root      20   0   19144  13976   6688 R 100.0   0.1   0:37.58 MicroBench
07:08:19        8 root      20   0   19144  13976   6688 R  93.3   0.1   0:37.74 MicroBench
07:08:19        8 root      20   0   19144  13976   6688 R 100.0   0.1   0:37.91 MicroBench
07:08:20        8 root      20   0   19144  13976   6688 R 100.0   0.1   0:38.08 MicroBench
07:08:20        8 root      20   0   19144  13976   6688 R 100.0   0.1   0:38.25 MicroBench
07:08:20        8 root      20   0   19144  13976   6688 R  93.8   0.1   0:38.42 MicroBench
07:08:20        8 root      20   0   19144  13976   6688 R 100.0   0.1   0:38.59 MicroBench
07:08:20        8 root      20   0   19144  13976   6688 R 100.0   0.1   0:38.75 MicroBench
07:08:20        8 root      20   0   19144  13976   6688 R 100.0   0.1   0:38.92 MicroBench
07:08:21        8 root      20   0   19144  13976   6688 R 100.0   0.1   0:39.09 MicroBench
07:08:21        8 root      20   0   19144  13976   6688 R 100.0   0.1   0:39.27 MicroBench
07:08:21        8 root      20   0   19144  13976   6688 R 100.0   0.1   0:39.43 MicroBench
07:08:21        8 root      20   0   19144  13976   6688 R 100.0   0.1   0:39.61 MicroBench
07:08:21        8 root      20   0   19144  13976   6688 R 100.0   0.1   0:39.78 MicroBench
07:08:22        8 root      20   0   19144  13976   6688 R 100.0   0.1   0:39.95 MicroBench
07:08:22        8 root      20   0   19144  13976   6688 R 100.0   0.1   0:40.12 MicroBench
07:08:22        8 root      20   0   19144  13976   6688 R 100.0   0.1   0:40.31 MicroBench
07:08:22        8 root      20   0   19144  13976   6688 R 100.0   0.1   0:40.47 MicroBench
07:08:22        8 root      20   0   19144  13976   6688 R  93.8   0.1   0:40.64 MicroBench
07:08:22        8 root      20   0   19144  13976   6688 R 100.0   0.1   0:40.81 MicroBench
07:08:23        8 root      20   0   19144  13976   6688 R 100.0   0.1   0:40.98 MicroBench
07:08:23        8 root      20   0   19144  13976   6688 R 100.0   0.1   0:41.15 MicroBench
07:08:23        8 root      20   0   19144  13976   6688 R 100.0   0.1   0:41.32 MicroBench
07:08:23        8 root      20   0   19144  13976   6688 R 100.0   0.1   0:41.48 MicroBench
07:08:23        8 root      20   0   19144  13976   6688 R 100.0   0.1   0:41.65 MicroBench
07:08:23        8 root      20   0   19144  13976   6688 R 100.0   0.1   0:41.82 MicroBench
07:08:24        8 root      20   0   19144  13976   6688 R  93.8   0.1   0:41.99 MicroBench
07:08:24        8 root      20   0   19144  13976   6688 R 100.0   0.1   0:42.16 MicroBench
07:08:24        8 root      20   0   19144  13976   6688 R 100.0   0.1   0:42.33 MicroBench
07:08:24        8 root      20   0   19144  13976   6688 R 100.0   0.1   0:42.50 MicroBench
07:08:24        8 root      20   0   19144  13976   6688 R  93.8   0.1   0:42.67 MicroBench
07:08:24        8 root      20   0   19144  13976   6688 R 100.0   0.1   0:42.84 MicroBench
07:08:25        8 root      20   0   19144  13976   6688 R 100.0   0.1   0:43.01 MicroBench
07:08:25        8 root      20   0   19144  13976   6688 R 100.0   0.1   0:43.17 MicroBench
07:08:25        8 root      20   0   19144  13976   6688 R 100.0   0.1   0:43.34 MicroBench
07:08:25        8 root      20   0   19144  13976   6688 R 100.0   0.1   0:43.51 MicroBench
07:08:25        8 root      20   0   19144  13976   6688 R 100.0   0.1   0:43.68 MicroBench
07:08:25        8 root      20   0   19144  13976   6688 R 100.0   0.1   0:43.85 MicroBench
07:08:26        8 root      20   0   19144  13976   6688 R 100.0   0.1   0:44.02 MicroBench
07:08:26        8 root      20   0   19144  13976   6688 R 100.0   0.1   0:44.20 MicroBench
07:08:26        8 root      20   0   19144  13976   6688 R  93.8   0.1   0:44.37 MicroBench
07:08:26        8 root      20   0   19144  13976   6688 R 100.0   0.1   0:44.53 MicroBench
07:08:26        8 root      20   0   19144  13976   6688 R 100.0   0.1   0:44.70 MicroBench
07:08:26        8 root      20   0   19144  13976   6688 R 100.0   0.1   0:44.87 MicroBench
07:08:27        8 root      20   0   19144  13976   6688 R 100.0   0.1   0:45.04 MicroBench
07:08:27        8 root      20   0   19144  13976   6688 R 100.0   0.1   0:45.21 MicroBench
07:08:27        8 root      20   0   19144  13976   6688 R 100.0   0.1   0:45.37 MicroBench
07:08:27        8 root      20   0   19144  13976   6688 R 100.0   0.1   0:45.54 MicroBench
07:08:27        8 root      20   0   19144  13976   6688 R 100.0   0.1   0:45.71 MicroBench
07:08:27        8 root      20   0   19144  13976   6688 R 100.0   0.1   0:45.88 MicroBench
07:08:28        8 root      20   0   19144  13976   6688 R  75.0   0.1   0:46.02 MicroBench
07:08:28        8 root      20   0   19144  13976   6688 R 100.0   0.1   0:46.19 MicroBench
07:08:28        8 root      20   0   19144  13976   6688 R 100.0   0.1   0:46.36 MicroBench
07:08:28        8 root      20   0   19144  13976   6688 R 100.0   0.1   0:46.53 MicroBench
07:08:28        8 root      20   0   19144  13976   6688 R 100.0   0.1   0:46.70 MicroBench
07:08:28        8 root      20   0   19144  13976   6688 R  93.3   0.1   0:46.87 MicroBench
07:08:29        8 root      20   0   19144  13976   6688 R 100.0   0.1   0:47.05 MicroBench
07:08:29        8 root      20   0   19144  13976   6688 R  93.3   0.1   0:47.21 MicroBench
07:08:29        8 root      20   0   19144  13976   6688 R 100.0   0.1   0:47.38 MicroBench
07:08:29        8 root      20   0   19144  13976   6688 R  93.8   0.1   0:47.55 MicroBench
07:08:29        8 root      20   0   19144  13976   6688 R 100.0   0.1   0:47.73 MicroBench
07:08:30        8 root      20   0   19144  13976   6688 R 100.0   0.1   0:47.90 MicroBench
07:08:30        8 root      20   0   19144  13976   6688 R 100.0   0.1   0:48.06 MicroBench
07:08:30        8 root      20   0   19144  13976   6688 R 100.0   0.1   0:48.23 MicroBench
07:08:30        8 root      20   0   19144  13976   6688 R  93.8   0.1   0:48.40 MicroBench
07:08:30        8 root      20   0   19144  13976   6688 R  93.8   0.1   0:48.57 MicroBench
07:08:30        8 root      20   0   19144  13976   6688 R 100.0   0.1   0:48.74 MicroBench
07:08:31        8 root      20   0   19144  13976   6688 R 100.0   0.1   0:48.91 MicroBench
07:08:31        8 root      20   0   19144  13976   6688 R 100.0   0.1   0:49.07 MicroBench
07:08:31        8 root      20   0   19144  13976   6688 R 100.0   0.1   0:49.24 MicroBench
07:08:31        8 root      20   0   19144  13976   6688 R 100.0   0.1   0:49.41 MicroBench
07:08:31        8 root      20   0   19144  13976   6688 R 100.0   0.1   0:49.58 MicroBench
07:08:31        8 root      20   0   19144  13976   6688 R  93.8   0.1   0:49.75 MicroBench
07:08:32        8 root      20   0   19144  13976   6688 R 100.0   0.1   0:49.92 MicroBench
07:08:32        8 root      20   0   19144  13976   6688 R 100.0   0.1   0:50.08 MicroBench
07:08:32        8 root      20   0   19144  13976   6688 R 100.0   0.1   0:50.25 MicroBench
07:08:32        8 root      20   0   19144  13976   6688 R 100.0   0.1   0:50.42 MicroBench
07:08:32        8 root      20   0   19144  13976   6688 R 100.0   0.1   0:50.59 MicroBench
07:08:32        8 root      20   0   19144  13976   6688 R 100.0   0.1   0:50.76 MicroBench
07:08:33        8 root      20   0   19144  13976   6688 R 100.0   0.1   0:50.93 MicroBench
07:08:33        8 root      20   0   19144  13976   6688 R 100.0   0.1   0:51.09 MicroBench
07:08:33        8 root      20   0   19144  13976   6688 R 100.0   0.1   0:51.26 MicroBench
07:08:33        8 root      20   0   19144  13976   6688 R 100.0   0.1   0:51.43 MicroBench
07:08:33        8 root      20   0   19144  13976   6688 R 100.0   0.1   0:51.60 MicroBench
07:08:33        8 root      20   0   19144  13976   6688 R 100.0   0.1   0:51.77 MicroBench
07:08:34        8 root      20   0   19144  13976   6688 R 100.0   0.1   0:51.94 MicroBench
07:08:34        8 root      20   0   19144  13976   6688 R 100.0   0.1   0:52.11 MicroBench
07:08:34        8 root      20   0   19144  13976   6688 R 100.0   0.1   0:52.28 MicroBench
07:08:34        8 root      20   0   19144  13976   6688 R 100.0   0.1   0:52.45 MicroBench
07:08:34        8 root      20   0   19144  13976   6688 R 100.0   0.1   0:52.61 MicroBench
07:08:34        8 root      20   0   19144  13976   6688 R  93.8   0.1   0:52.78 MicroBench
Avg reg. time: 57357667
Avg opt. time: 34925209
Median reg. time: 57357667
Median opt. time: 34925209
07:08:35  MicroBench not found.
MicroBench process has exited. Monitoring script will terminate.
