Args:
  Field size              : 2748779069441
  l                       : 2
  t                       : 10
  Number of parties        : 256
  Number of repeats        : 250
  Monitor sleep time (ms) : 1

Started ./MicroBench with PID: 8
07:00:15        8 root      20   0   13632   8224   6624 R 100.0   0.1   0:00.15 MicroBench
07:00:15        8 root      20   0   13764   8548   6688 R 100.0   0.1   0:00.32 MicroBench
07:00:15        8 root      20   0   13896   8548   6688 R 100.0   0.1   0:00.49 MicroBench
07:00:15        8 root      20   0   13896   8548   6688 R 100.0   0.1   0:00.66 MicroBench
07:00:15        8 root      20   0   13896   8548   6688 R  93.8   0.1   0:00.84 MicroBench
07:00:15        8 root      20   0   13896   8548   6688 R 100.0   0.1   0:01.00 MicroBench
07:00:16        8 root      20   0   13896   8548   6688 R 100.0   0.1   0:01.17 MicroBench
07:00:16        8 root      20   0   13896   8548   6688 R 100.0   0.1   0:01.34 MicroBench
07:00:16        8 root      20   0   13896   8548   6688 R 100.0   0.1   0:01.51 MicroBench
07:00:16        8 root      20   0   13896   8548   6688 R 100.0   0.1   0:01.67 MicroBench
07:00:16        8 root      20   0   13896   8548   6688 R 100.0   0.1   0:01.84 MicroBench
07:00:16        8 root      20   0   13896   8548   6688 R 100.0   0.1   0:02.02 MicroBench
07:00:17        8 root      20   0   13896   8548   6688 R 100.0   0.1   0:02.19 MicroBench
07:00:17        8 root      20   0   13896   8548   6688 R 100.0   0.1   0:02.35 MicroBench
07:00:17        8 root      20   0   13896   8548   6688 R  93.8   0.1   0:02.52 MicroBench
07:00:17        8 root      20   0   13896   8548   6688 R 100.0   0.1   0:02.69 MicroBench
07:00:17        8 root      20   0   13896   8548   6688 R 100.0   0.1   0:02.85 MicroBench
07:00:18        8 root      20   0   13896   8548   6688 R 100.0   0.1   0:03.02 MicroBench
07:00:18        8 root      20   0   13896   8548   6688 R 100.0   0.1   0:03.19 MicroBench
07:00:18        8 root      20   0   13896   8548   6688 R 100.0   0.1   0:03.36 MicroBench
07:00:18        8 root      20   0   13896   8548   6688 R  93.8   0.1   0:03.53 MicroBench
07:00:18        8 root      20   0   13896   8548   6688 R 100.0   0.1   0:03.70 MicroBench
07:00:18        8 root      20   0   13896   8548   6688 R 100.0   0.1   0:03.86 MicroBench
07:00:19        8 root      20   0   13896   8548   6688 R 100.0   0.1   0:04.04 MicroBench
07:00:19        8 root      20   0   13896   8548   6688 R 100.0   0.1   0:04.22 MicroBench
07:00:19        8 root      20   0   13896   8548   6688 R 100.0   0.1   0:04.38 MicroBench
Avg reg. time: 3082043
Avg opt. time: 13759670
Median reg. time: 3066666
Median opt. time: 13750729
07:00:19  MicroBench not found.
MicroBench process has exited. Monitoring script will terminate.
