Args:
  Field size              : 2748779069441
  l                       : 8
  t                       : 0
  Number of parties        : 256
  Number of repeats        : 200
  Monitor sleep time (ms) : 1

Started ./MicroBench with PID: 8
07:01:29        8 root      20   0   13632   8224   6624 R 100.0   0.1   0:00.15 MicroBench
07:01:29        8 root      20   0   13632   8224   6624 R 100.0   0.1   0:00.33 MicroBench
07:01:29        8 root      20   0   13896   8548   6688 R 100.0   0.1   0:00.50 MicroBench
07:01:29        8 root      20   0   13896   8548   6688 R 100.0   0.1   0:00.66 MicroBench
07:01:30        8 root      20   0   13896   8548   6688 R 100.0   0.1   0:00.83 MicroBench
07:01:30        8 root      20   0   13896   8548   6688 R 100.0   0.1   0:01.00 MicroBench
07:01:30        8 root      20   0   13896   8548   6688 R  93.8   0.1   0:01.17 MicroBench
07:01:30        8 root      20   0   13896   8548   6688 R 100.0   0.1   0:01.34 MicroBench
07:01:30        8 root      20   0   13896   8548   6688 R 100.0   0.1   0:01.51 MicroBench
07:01:30        8 root      20   0   13896   8548   6688 R 100.0   0.1   0:01.67 MicroBench
07:01:31        8 root      20   0   13896   8548   6688 R 100.0   0.1   0:01.84 MicroBench
07:01:31        8 root      20   0   13896   8548   6688 R  93.8   0.1   0:02.02 MicroBench
07:01:31        8 root      20   0   13896   8548   6688 R  93.3   0.1   0:02.18 MicroBench
07:01:31        8 root      20   0   13896   8548   6688 R 100.0   0.1   0:02.35 MicroBench
07:01:31        8 root      20   0   13896   8548   6688 R 100.0   0.1   0:02.52 MicroBench
07:01:31        8 root      20   0   13896   8548   6688 R 100.0   0.1   0:02.69 MicroBench
07:01:32        8 root      20   0   13896   8548   6688 R 100.0   0.1   0:02.86 MicroBench
07:01:32        8 root      20   0   13896   8548   6688 R 100.0   0.1   0:03.03 MicroBench
07:01:32        8 root      20   0   13896   8548   6688 R  87.5   0.1   0:03.19 MicroBench
07:01:32        8 root      20   0   13896   8548   6688 R 100.0   0.1   0:03.36 MicroBench
07:01:32        8 root      20   0   13896   8548   6688 R 100.0   0.1   0:03.53 MicroBench
07:01:32        8 root      20   0   13896   8548   6688 R 100.0   0.1   0:03.70 MicroBench
07:01:33        8 root      20   0   13896   8548   6688 R 100.0   0.1   0:03.87 MicroBench
Avg reg. time: 3527843
Avg opt. time: 13920074
Median reg. time: 3508500
Median opt. time: 13914021
07:01:33  MicroBench not found.
MicroBench process has exited. Monitoring script will terminate.
