Args:
  Field size              : 2748779069441
  l                       : 64
  t                       : 20
  Number of parties        : 512
  Number of repeats        : 1
  Monitor sleep time (ms) : 1

Started ./MicroBench with PID: 8
07:06:08        8 root      20   0   13764   8492   6628 R 100.0   0.1   0:00.16 MicroBench
07:06:08        8 root      20   0   13764   8492   6628 R 100.0   0.1   0:00.33 MicroBench
07:06:09        8 root      20   0   13764   8492   6628 R 100.0   0.1   0:00.51 MicroBench
07:06:09        8 root      20   0   13764   8492   6628 R 100.0   0.1   0:00.68 MicroBench
07:06:09        8 root      20   0   13764   8492   6628 R 100.0   0.1   0:00.85 MicroBench
07:06:09        8 root      20   0   13764   8492   6628 R 100.0   0.1   0:01.02 MicroBench
07:06:09        8 root      20   0   13764   8492   6628 R 100.0   0.1   0:01.19 MicroBench
07:06:09        8 root      20   0   13764   8492   6628 R 100.0   0.1   0:01.35 MicroBench
07:06:10        8 root      20   0   13764   8492   6628 R 100.0   0.1   0:01.52 MicroBench
07:06:10        8 root      20   0   13764   8492   6628 R  93.8   0.1   0:01.69 MicroBench
07:06:10        8 root      20   0   13764   8492   6628 R 100.0   0.1   0:01.86 MicroBench
07:06:10        8 root      20   0   13764   8492   6628 R  93.3   0.1   0:02.02 MicroBench
07:06:10        8 root      20   0   13764   8492   6628 R 100.0   0.1   0:02.19 MicroBench
07:06:10        8 root      20   0   13764   8492   6628 R 100.0   0.1   0:02.36 MicroBench
07:06:11        8 root      20   0   13764   8492   6628 R 100.0   0.1   0:02.53 MicroBench
07:06:11        8 root      20   0   13764   8492   6628 R 100.0   0.1   0:02.70 MicroBench
07:06:11        8 root      20   0   13764   8492   6628 R 100.0   0.1   0:02.88 MicroBench
07:06:11        8 root      20   0   13764   8492   6628 R  93.3   0.1   0:03.04 MicroBench
07:06:11        8 root      20   0   13764   8492   6628 R 100.0   0.1   0:03.22 MicroBench
07:06:11        8 root      20   0   13764   8492   6628 R 100.0   0.1   0:03.38 MicroBench
07:06:12        8 root      20   0   13884   8656   6628 R 100.0   0.1   0:03.55 MicroBench
07:06:12        8 root      20   0   13884   8656   6628 R 100.0   0.1   0:03.72 MicroBench
07:06:12        8 root      20   0   16140  10824   6692 R 100.0   0.1   0:03.88 MicroBench
07:06:12        8 root      20   0   16140  10824   6692 R  93.3   0.1   0:04.04 MicroBench
07:06:12        8 root      20   0   16140  10824   6692 R 100.0   0.1   0:04.21 MicroBench
07:06:12        8 root      20   0   16140  10824   6692 R 100.0   0.1   0:04.39 MicroBench
07:06:13        8 root      20   0   16140  10824   6692 R 100.0   0.1   0:04.55 MicroBench
07:06:13        8 root      20   0   16140  10824   6692 R  93.8   0.1   0:04.72 MicroBench
07:06:13        8 root      20   0   16140  10824   6692 R  93.8   0.1   0:04.89 MicroBench
07:06:13        8 root      20   0   16140  10824   6692 R 100.0   0.1   0:05.06 MicroBench
07:06:13        8 root      20   0   16140  10824   6692 R 100.0   0.1   0:05.22 MicroBench
07:06:13        8 root      20   0   16140  10824   6692 R 100.0   0.1   0:05.39 MicroBench
07:06:14        8 root      20   0   16140  10824   6692 R 100.0   0.1   0:05.56 MicroBench
07:06:14        8 root      20   0   16140  10824   6692 R 100.0   0.1   0:05.74 MicroBench
07:06:14        8 root      20   0   16140  10824   6692 R 100.0   0.1   0:05.90 MicroBench
07:06:14        8 root      20   0   16140  10824   6692 R 100.0   0.1   0:06.07 MicroBench
07:06:14        8 root      20   0   16140  10824   6692 R 100.0   0.1   0:06.24 MicroBench
07:06:14        8 root      20   0   16140  10824   6692 R 100.0   0.1   0:06.41 MicroBench
07:06:15        8 root      20   0   16140  10824   6692 R  93.8   0.1   0:06.58 MicroBench
07:06:15        8 root      20   0   16140  10824   6692 R 100.0   0.1   0:06.74 MicroBench
07:06:15        8 root      20   0   16140  10824   6692 R 100.0   0.1   0:06.92 MicroBench
07:06:15        8 root      20   0   16140  10824   6692 R 100.0   0.1   0:07.09 MicroBench
07:06:15        8 root      20   0   16140  10824   6692 R 100.0   0.1   0:07.26 MicroBench
07:06:15        8 root      20   0   16140  10824   6692 R  93.8   0.1   0:07.42 MicroBench
07:06:16        8 root      20   0   16140  10824   6692 R 100.0   0.1   0:07.59 MicroBench
07:06:16        8 root      20   0   16140  10824   6692 R 100.0   0.1   0:07.76 MicroBench
07:06:16        8 root      20   0   16140  10824   6692 R 100.0   0.1   0:07.93 MicroBench
07:06:16        8 root      20   0   16140  10824   6692 R 100.0   0.1   0:08.10 MicroBench
07:06:16        8 root      20   0   16140  10824   6692 R 100.0   0.1   0:08.26 MicroBench
07:06:16        8 root      20   0   16140  10824   6692 R 100.0   0.1   0:08.43 MicroBench
07:06:17        8 root      20   0   16140  10824   6692 R 100.0   0.1   0:08.61 MicroBench
07:06:17        8 root      20   0   16140  10824   6692 R 100.0   0.1   0:08.78 MicroBench
07:06:17        8 root      20   0   16140  10824   6692 R  93.3   0.1   0:08.94 MicroBench
07:06:17        8 root      20   0   16140  10824   6692 R 100.0   0.1   0:09.11 MicroBench
07:06:17        8 root      20   0   16140  10824   6692 R 100.0   0.1   0:09.28 MicroBench
07:06:18        8 root      20   0   16140  10824   6692 R  93.8   0.1   0:09.45 MicroBench
07:06:18        8 root      20   0   16140  10824   6692 R 100.0   0.1   0:09.62 MicroBench
07:06:18        8 root      20   0   16140  10824   6692 R 100.0   0.1   0:09.78 MicroBench
07:06:18        8 root      20   0   16140  10824   6692 R 100.0   0.1   0:09.95 MicroBench
07:06:18        8 root      20   0   16140  10824   6692 R  87.5   0.1   0:10.13 MicroBench
07:06:18        8 root      20   0   16140  10824   6692 R 100.0   0.1   0:10.29 MicroBench
07:06:19        8 root      20   0   16140  10824   6692 R 100.0   0.1   0:10.46 MicroBench
07:06:19        8 root      20   0   16140  10824   6692 R 100.0   0.1   0:10.63 MicroBench
07:06:19        8 root      20   0   16140  10824   6692 R 100.0   0.1   0:10.80 MicroBench
07:06:19        8 root      20   0   16140  10824   6692 R 100.0   0.1   0:10.96 MicroBench
07:06:19        8 root      20   0   16140  10824   6692 R 100.0   0.1   0:11.13 MicroBench
07:06:19        8 root      20   0   16140  10824   6692 R  93.8   0.1   0:11.30 MicroBench
07:06:20        8 root      20   0   16140  10824   6692 R 100.0   0.1   0:11.47 MicroBench
07:06:20        8 root      20   0   16140  10824   6692 R 100.0   0.1   0:11.64 MicroBench
07:06:20        8 root      20   0   16140  10824   6692 R 100.0   0.1   0:11.81 MicroBench
07:06:20        8 root      20   0   16140  10824   6692 R 100.0   0.1   0:11.99 MicroBench
07:06:20        8 root      20   0   16140  10824   6692 R 100.0   0.1   0:12.15 MicroBench
07:06:20        8 root      20   0   16140  10824   6692 R 100.0   0.1   0:12.32 MicroBench
07:06:21        8 root      20   0   16140  10824   6692 R 100.0   0.1   0:12.49 MicroBench
07:06:21        8 root      20   0   16140  10824   6692 R 100.0   0.1   0:12.66 MicroBench
07:06:21        8 root      20   0   16140  10824   6692 R 100.0   0.1   0:12.83 MicroBench
07:06:21        8 root      20   0   16140  10824   6692 R 100.0   0.1   0:13.00 MicroBench
07:06:21        8 root      20   0   16140  10824   6692 R 100.0   0.1   0:13.16 MicroBench
07:06:21        8 root      20   0   16140  10824   6692 R 100.0   0.1   0:13.33 MicroBench
07:06:22        8 root      20   0   16140  10824   6692 R 100.0   0.1   0:13.51 MicroBench
07:06:22        8 root      20   0   16140  10824   6692 R 100.0   0.1   0:13.68 MicroBench
07:06:22        8 root      20   0   16140  10824   6692 R 100.0   0.1   0:13.85 MicroBench
07:06:22        8 root      20   0   16140  10824   6692 R  93.3   0.1   0:14.02 MicroBench
07:06:22        8 root      20   0   16140  10824   6692 R 100.0   0.1   0:14.19 MicroBench
07:06:22        8 root      20   0   16140  10824   6692 R 100.0   0.1   0:14.36 MicroBench
07:06:23        8 root      20   0   16140  10824   6692 R 100.0   0.1   0:14.53 MicroBench
07:06:23        8 root      20   0   16140  10824   6692 R 100.0   0.1   0:14.70 MicroBench
07:06:23        8 root      20   0   16140  10824   6692 R  93.8   0.1   0:14.88 MicroBench
07:06:23        8 root      20   0   16140  10824   6692 R 100.0   0.1   0:15.04 MicroBench
07:06:23        8 root      20   0   16140  10824   6692 R 100.0   0.1   0:15.21 MicroBench
07:06:23        8 root      20   0   16140  10824   6692 R 100.0   0.1   0:15.38 MicroBench
07:06:24        8 root      20   0   16140  10824   6692 R 100.0   0.1   0:15.55 MicroBench
07:06:24        8 root      20   0   16140  10824   6692 R 100.0   0.1   0:15.72 MicroBench
07:06:24        8 root      20   0   16140  10824   6692 R  80.0   0.1   0:15.86 MicroBench
07:06:24        8 root      20   0   16140  10824   6692 R  93.8   0.1   0:16.02 MicroBench
07:06:24        8 root      20   0   16140  10824   6692 R 100.0   0.1   0:16.19 MicroBench
07:06:24        8 root      20   0   16140  10824   6692 R 100.0   0.1   0:16.36 MicroBench
07:06:25        8 root      20   0   16140  10824   6692 R 100.0   0.1   0:16.53 MicroBench
07:06:25        8 root      20   0   16140  10824   6692 R 100.0   0.1   0:16.70 MicroBench
07:06:25        8 root      20   0   16140  10824   6692 R 100.0   0.1   0:16.87 MicroBench
07:06:25        8 root      20   0   16140  10824   6692 R  93.3   0.1   0:17.03 MicroBench
07:06:25        8 root      20   0   16140  10824   6692 R 100.0   0.1   0:17.20 MicroBench
07:06:25        8 root      20   0   16140  10824   6692 R 100.0   0.1   0:17.37 MicroBench
07:06:26        8 root      20   0   16140  10824   6692 R 100.0   0.1   0:17.55 MicroBench
07:06:26        8 root      20   0   16140  10824   6692 R  93.3   0.1   0:17.71 MicroBench
07:06:26        8 root      20   0   16140  10824   6692 R 100.0   0.1   0:17.88 MicroBench
07:06:26        8 root      20   0   16140  10824   6692 R 100.0   0.1   0:18.05 MicroBench
07:06:26        8 root      20   0   16140  10824   6692 R 100.0   0.1   0:18.22 MicroBench
07:06:27        8 root      20   0   16140  10824   6692 R  93.8   0.1   0:18.39 MicroBench
07:06:27        8 root      20   0   16140  10824   6692 R 100.0   0.1   0:18.56 MicroBench
07:06:27        8 root      20   0   16140  10824   6692 R 100.0   0.1   0:18.73 MicroBench
07:06:27        8 root      20   0   16140  10824   6692 R 100.0   0.1   0:18.90 MicroBench
07:06:27        8 root      20   0   16140  10824   6692 R  93.8   0.1   0:19.07 MicroBench
07:06:27        8 root      20   0   16140  10824   6692 R  93.3   0.1   0:19.23 MicroBench
07:06:28        8 root      20   0   16140  10824   6692 R 100.0   0.1   0:19.41 MicroBench
07:06:28        8 root      20   0   16140  10824   6692 R 100.0   0.1   0:19.57 MicroBench
07:06:28        8 root      20   0   16140  10824   6692 R  93.3   0.1   0:19.74 MicroBench
07:06:28        8 root      20   0   16140  10824   6692 R 100.0   0.1   0:19.92 MicroBench
07:06:28        8 root      20   0   16140  10824   6692 R 100.0   0.1   0:20.10 MicroBench
07:06:28        8 root      20   0   16140  10824   6692 R  93.8   0.1   0:20.26 MicroBench
07:06:29        8 root      20   0   16140  10824   6692 R 100.0   0.1   0:20.43 MicroBench
07:06:29        8 root      20   0   16140  10824   6692 R 100.0   0.1   0:20.60 MicroBench
07:06:29        8 root      20   0   16140  10824   6692 R 100.0   0.1   0:20.77 MicroBench
07:06:29        8 root      20   0   16140  10824   6692 R 100.0   0.1   0:20.94 MicroBench
07:06:29        8 root      20   0   16140  10824   6692 R 100.0   0.1   0:21.11 MicroBench
07:06:29        8 root      20   0   16140  10824   6692 R 100.0   0.1   0:21.28 MicroBench
07:06:30        8 root      20   0   16140  10824   6692 R 100.0   0.1   0:21.45 MicroBench
07:06:30        8 root      20   0   16140  10824   6692 R 100.0   0.1   0:21.61 MicroBench
07:06:30        8 root      20   0   16140  10824   6692 R 100.0   0.1   0:21.82 MicroBench
07:06:30        8 root      20   0   16140  10824   6692 R  93.3   0.1   0:21.98 MicroBench
07:06:30        8 root      20   0   16140  10824   6692 R 100.0   0.1   0:22.15 MicroBench
07:06:30        8 root      20   0   16140  10824   6692 R 100.0   0.1   0:22.32 MicroBench
07:06:31        8 root      20   0   16140  10824   6692 R 100.0   0.1   0:22.49 MicroBench
07:06:31        8 root      20   0   16140  10824   6692 R 100.0   0.1   0:22.66 MicroBench
07:06:31        8 root      20   0   16140  10824   6692 R 100.0   0.1   0:22.83 MicroBench
07:06:31        8 root      20   0   16140  10824   6692 R 100.0   0.1   0:23.00 MicroBench
07:06:31        8 root      20   0   16140  10824   6692 R 100.0   0.1   0:23.17 MicroBench
07:06:31        8 root      20   0   16140  10824   6692 R 100.0   0.1   0:23.34 MicroBench
07:06:32        8 root      20   0   16140  10824   6692 R 100.0   0.1   0:23.51 MicroBench
07:06:32        8 root      20   0   18660  13464   6692 R 100.0   0.1   0:23.68 MicroBench
07:06:32        8 root      20   0   18660  13464   6692 R 100.0   0.1   0:23.85 MicroBench
07:06:32        8 root      20   0   18660  13464   6692 R 100.0   0.1   0:24.02 MicroBench
07:06:32        8 root      20   0   18660  13464   6692 R 100.0   0.1   0:24.18 MicroBench
07:06:32        8 root      20   0   18660  13464   6692 R  93.8   0.1   0:24.35 MicroBench
07:06:33        8 root      20   0   18660  13464   6692 R 100.0   0.1   0:24.52 MicroBench
07:06:33        8 root      20   0   18660  13464   6692 R 100.0   0.1   0:24.69 MicroBench
07:06:33        8 root      20   0   18660  13464   6692 R 100.0   0.1   0:24.87 MicroBench
07:06:33        8 root      20   0   18660  13464   6692 R 100.0   0.1   0:25.03 MicroBench
07:06:33        8 root      20   0   18660  13464   6692 R 100.0   0.1   0:25.20 MicroBench
07:06:34        8 root      20   0   18660  13464   6692 R  93.8   0.1   0:25.37 MicroBench
07:06:34        8 root      20   0   18660  13464   6692 R 100.0   0.1   0:25.54 MicroBench
07:06:34        8 root      20   0   18660  13464   6692 R  93.3   0.1   0:25.70 MicroBench
07:06:34        8 root      20   0   18660  13464   6692 R 100.0   0.1   0:25.87 MicroBench
07:06:34        8 root      20   0   18660  13464   6692 R 100.0   0.1   0:26.04 MicroBench
07:06:34        8 root      20   0   18660  13464   6692 R 100.0   0.1   0:26.22 MicroBench
07:06:35        8 root      20   0   18660  13464   6692 R 100.0   0.1   0:26.39 MicroBench
07:06:35        8 root      20   0   18660  13464   6692 R 100.0   0.1   0:26.56 MicroBench
07:06:35        8 root      20   0   18660  13464   6692 R 100.0   0.1   0:26.73 MicroBench
07:06:35        8 root      20   0   18660  13464   6692 R  93.8   0.1   0:26.90 MicroBench
07:06:35        8 root      20   0   18660  13464   6692 R 100.0   0.1   0:27.07 MicroBench
07:06:35        8 root      20   0   18660  13464   6692 R 100.0   0.1   0:27.23 MicroBench
07:06:36        8 root      20   0   18660  13464   6692 R 100.0   0.1   0:27.41 MicroBench
07:06:36        8 root      20   0   18660  13464   6692 R 100.0   0.1   0:27.63 MicroBench
07:06:36        8 root      20   0   18660  13464   6692 R 100.0   0.1   0:27.80 MicroBench
07:06:36        8 root      20   0   18660  13464   6692 R 100.0   0.1   0:27.97 MicroBench
07:06:36        8 root      20   0   18660  13464   6692 R  93.3   0.1   0:28.13 MicroBench
07:06:36        8 root      20   0   18660  13464   6692 R 100.0   0.1   0:28.31 MicroBench
07:06:37        8 root      20   0   18660  13464   6692 R  93.8   0.1   0:28.47 MicroBench
07:06:37        8 root      20   0   18660  13464   6692 R 100.0   0.1   0:28.64 MicroBench
07:06:37        8 root      20   0   18660  13464   6692 R 100.0   0.1   0:28.82 MicroBench
07:06:37        8 root      20   0   18660  13464   6692 R 100.0   0.1   0:28.98 MicroBench
07:06:37        8 root      20   0   18660  13464   6692 R 100.0   0.1   0:29.15 MicroBench
07:06:37        8 root      20   0   18660  13464   6692 R  93.8   0.1   0:29.32 MicroBench
07:06:38        8 root      20   0   18660  13464   6692 R 100.0   0.1   0:29.49 MicroBench
07:06:38        8 root      20   0   18660  13464   6692 R 100.0   0.1   0:29.68 MicroBench
07:06:38        8 root      20   0   18660  13464   6692 R 100.0   0.1   0:29.84 MicroBench
07:06:38        8 root      20   0   18660  13464   6692 R 100.0   0.1   0:30.02 MicroBench
07:06:38        8 root      20   0   18660  13464   6692 R 100.0   0.1   0:30.19 MicroBench
07:06:39        8 root      20   0   18660  13464   6692 R 100.0   0.1   0:30.35 MicroBench
07:06:39        8 root      20   0   18660  13464   6692 R 100.0   0.1   0:30.53 MicroBench
07:06:39        8 root      20   0   18660  13464   6692 R 100.0   0.1   0:30.70 MicroBench
07:06:39        8 root      20   0   18660  13464   6692 R  93.8   0.1   0:30.87 MicroBench
07:06:39        8 root      20   0   18660  13464   6692 R 100.0   0.1   0:31.04 MicroBench
07:06:39        8 root      20   0   18660  13464   6692 R 100.0   0.1   0:31.21 MicroBench
07:06:40        8 root      20   0   18660  13464   6692 R 100.0   0.1   0:31.38 MicroBench
07:06:40        8 root      20   0   18660  13464   6692 R  93.8   0.1   0:31.55 MicroBench
07:06:40        8 root      20   0   18660  13464   6692 R 100.0   0.1   0:31.72 MicroBench
07:06:40        8 root      20   0   18660  13464   6692 R 100.0   0.1   0:31.89 MicroBench
07:06:40        8 root      20   0   18660  13464   6692 R 100.0   0.1   0:32.06 MicroBench
07:06:40        8 root      20   0   18660  13464   6692 R 100.0   0.1   0:32.23 MicroBench
07:06:41        8 root      20   0   18660  13464   6692 R  87.5   0.1   0:32.39 MicroBench
07:06:41        8 root      20   0   18660  13464   6692 R 100.0   0.1   0:32.56 MicroBench
07:06:41        8 root      20   0   18660  13464   6692 R 100.0   0.1   0:32.74 MicroBench
07:06:41        8 root      20   0   18660  13464   6692 R 100.0   0.1   0:32.91 MicroBench
07:06:41        8 root      20   0   18660  13464   6692 R 100.0   0.1   0:33.08 MicroBench
07:06:41        8 root      20   0   18660  13464   6692 R 100.0   0.1   0:33.25 MicroBench
07:06:42        8 root      20   0   18660  13464   6692 R 100.0   0.1   0:33.42 MicroBench
07:06:42        8 root      20   0   18660  13464   6692 R 100.0   0.1   0:33.59 MicroBench
07:06:42        8 root      20   0   18660  13464   6692 R 100.0   0.1   0:33.76 MicroBench
07:06:42        8 root      20   0   18660  13464   6692 R 100.0   0.1   0:33.92 MicroBench
07:06:42        8 root      20   0   18660  13464   6692 R 100.0   0.1   0:34.09 MicroBench
07:06:42        8 root      20   0   18660  13464   6692 R 100.0   0.1   0:34.26 MicroBench
07:06:43        8 root      20   0   18660  13464   6692 R 100.0   0.1   0:34.43 MicroBench
07:06:43        8 root      20   0   18660  13464   6692 R  93.8   0.1   0:34.60 MicroBench
07:06:43        8 root      20   0   18660  13464   6692 R 100.0   0.1   0:34.77 MicroBench
07:06:43        8 root      20   0   18660  13464   6692 R 100.0   0.1   0:34.93 MicroBench
07:06:43        8 root      20   0   18660  13464   6692 R 100.0   0.1   0:35.10 MicroBench
07:06:43        8 root      20   0   18660  13464   6692 R 100.0   0.1   0:35.27 MicroBench
07:06:44        8 root      20   0   18660  13464   6692 R 100.0   0.1   0:35.44 MicroBench
07:06:44        8 root      20   0   18660  13464   6692 R  93.8   0.1   0:35.61 MicroBench
07:06:44        8 root      20   0   18660  13464   6692 R 100.0   0.1   0:35.78 MicroBench
07:06:44        8 root      20   0   18660  13464   6692 R 100.0   0.1   0:35.95 MicroBench
07:06:44        8 root      20   0   18660  13464   6692 R 100.0   0.1   0:36.12 MicroBench
07:06:44        8 root      20   0   18660  13464   6692 R 100.0   0.1   0:36.29 MicroBench
07:06:45        8 root      20   0   18660  13464   6692 R  93.8   0.1   0:36.46 MicroBench
07:06:45        8 root      20   0   18660  13464   6692 R 100.0   0.1   0:36.63 MicroBench
07:06:45        8 root      20   0   18660  13464   6692 R 100.0   0.1   0:36.80 MicroBench
07:06:45        8 root      20   0   18660  13464   6692 R 100.0   0.1   0:36.97 MicroBench
07:06:45        8 root      20   0   18660  13464   6692 R 100.0   0.1   0:37.14 MicroBench
07:06:45        8 root      20   0   18660  13464   6692 R 100.0   0.1   0:37.31 MicroBench
07:06:46        8 root      20   0   18660  13464   6692 R  93.3   0.1   0:37.47 MicroBench
07:06:46        8 root      20   0   18660  13464   6692 R 100.0   0.1   0:37.65 MicroBench
07:06:46        8 root      20   0   18660  13464   6692 R 100.0   0.1   0:37.82 MicroBench
07:06:46        8 root      20   0   18660  13464   6692 R 100.0   0.1   0:37.99 MicroBench
07:06:46        8 root      20   0   18660  13464   6692 R 100.0   0.1   0:38.15 MicroBench
07:06:47        8 root      20   0   18660  13464   6692 R 100.0   0.1   0:38.32 MicroBench
07:06:47        8 root      20   0   18660  13464   6692 R 100.0   0.1   0:38.50 MicroBench
07:06:47        8 root      20   0   18660  13464   6692 R 100.0   0.1   0:38.66 MicroBench
07:06:47        8 root      20   0   18660  13464   6692 R 100.0   0.1   0:38.83 MicroBench
07:06:47        8 root      20   0   18660  13464   6692 R  93.8   0.1   0:39.00 MicroBench
07:06:47        8 root      20   0   18660  13464   6692 R 100.0   0.1   0:39.17 MicroBench
07:06:48        8 root      20   0   18660  13464   6692 R 100.0   0.1   0:39.35 MicroBench
07:06:48        8 root      20   0   18660  13464   6692 R 100.0   0.1   0:39.51 MicroBench
07:06:48        8 root      20   0   18660  13464   6692 R  93.8   0.1   0:39.69 MicroBench
07:06:48        8 root      20   0   18660  13464   6692 R 100.0   0.1   0:39.86 MicroBench
07:06:48        8 root      20   0   18660  13464   6692 R 100.0   0.1   0:40.04 MicroBench
07:06:48        8 root      20   0   18660  13464   6692 R 100.0   0.1   0:40.21 MicroBench
07:06:49        8 root      20   0   18660  13464   6692 R 100.0   0.1   0:40.38 MicroBench
07:06:49        8 root      20   0   18660  13464   6692 R 100.0   0.1   0:40.54 MicroBench
07:06:49        8 root      20   0   18660  13464   6692 R 100.0   0.1   0:40.71 MicroBench
07:06:49        8 root      20   0   18660  13464   6692 R  93.8   0.1   0:40.88 MicroBench
07:06:49        8 root      20   0   18660  13464   6692 R 100.0   0.1   0:41.06 MicroBench
07:06:49        8 root      20   0   18660  13464   6692 R 100.0   0.1   0:41.22 MicroBench
07:06:50        8 root      20   0   18660  13464   6692 R 100.0   0.1   0:41.39 MicroBench
07:06:50        8 root      20   0   18660  13464   6692 R 100.0   0.1   0:41.56 MicroBench
07:06:50        8 root      20   0   18660  13464   6692 R 100.0   0.1   0:41.73 MicroBench
07:06:50        8 root      20   0   18660  13464   6692 R 100.0   0.1   0:41.89 MicroBench
07:06:50        8 root      20   0   18660  13464   6692 R 100.0   0.1   0:42.07 MicroBench
07:06:50        8 root      20   0   18660  13464   6692 R 100.0   0.1   0:42.24 MicroBench
07:06:51        8 root      20   0   18660  13464   6692 R  93.8   0.1   0:42.41 MicroBench
07:06:51        8 root      20   0   18660  13464   6692 R  93.3   0.1   0:42.57 MicroBench
07:06:51        8 root      20   0   18660  13464   6692 R 100.0   0.1   0:42.74 MicroBench
07:06:51        8 root      20   0   18660  13464   6692 R 100.0   0.1   0:42.91 MicroBench
07:06:51        8 root      20   0   18660  13464   6692 R 100.0   0.1   0:43.08 MicroBench
07:06:51        8 root      20   0   18660  13464   6692 R 100.0   0.1   0:43.25 MicroBench
07:06:52        8 root      20   0   18660  13464   6692 R 100.0   0.1   0:43.42 MicroBench
Avg reg. time: 52482583
Avg opt. time: 34935791
Median reg. time: 52482583
Median opt. time: 34935791
07:06:52  MicroBench not found.
MicroBench process has exited. Monitoring script will terminate.
