Args:
  Field size              : 2748779069441
  l                       : 32
  t                       : 10
  Number of parties        : 512
  Number of repeats        : 2
  Monitor sleep time (ms) : 1

Started ./MicroBench with PID: 8
07:03:38        8 root      20   0   13764   8496   6628 R 100.0   0.1   0:00.15 MicroBench
07:03:38        8 root      20   0   13764   8496   6628 R  93.3   0.1   0:00.31 MicroBench
07:03:38        8 root      20   0   13764   8496   6628 R  93.8   0.1   0:00.48 MicroBench
07:03:38        8 root      20   0   13764   8496   6628 R 100.0   0.1   0:00.66 MicroBench
07:03:38        8 root      20   0   13764   8496   6628 R  93.3   0.1   0:00.84 MicroBench
07:03:39        8 root      20   0   13764   8496   6628 R 100.0   0.1   0:01.01 MicroBench
07:03:39        8 root      20   0   13764   8496   6628 R 100.0   0.1   0:01.18 MicroBench
07:03:39        8 root      20   0   13764   8496   6628 R 100.0   0.1   0:01.35 MicroBench
07:03:39        8 root      20   0   13764   8496   6628 R 100.0   0.1   0:01.52 MicroBench
07:03:39        8 root      20   0   13764   8496   6628 R 100.0   0.1   0:01.69 MicroBench
07:03:39        8 root      20   0   13764   8496   6628 R 100.0   0.1   0:01.86 MicroBench
07:03:40        8 root      20   0   14952   9876   6692 R 100.0   0.1   0:02.04 MicroBench
07:03:40        8 root      20   0   14952   9876   6692 R 100.0   0.1   0:02.21 MicroBench
07:03:40        8 root      20   0   14952   9876   6692 R 100.0   0.1   0:02.37 MicroBench
07:03:40        8 root      20   0   14952   9876   6692 R 100.0   0.1   0:02.54 MicroBench
07:03:40        8 root      20   0   14952   9876   6692 R 100.0   0.1   0:02.71 MicroBench
07:03:40        8 root      20   0   14952   9876   6692 R 100.0   0.1   0:02.89 MicroBench
07:03:41        8 root      20   0   14952   9876   6692 R  93.8   0.1   0:03.06 MicroBench
07:03:41        8 root      20   0   14952   9876   6692 R  93.3   0.1   0:03.22 MicroBench
07:03:41        8 root      20   0   14952   9876   6692 R 100.0   0.1   0:03.40 MicroBench
07:03:41        8 root      20   0   14952   9876   6692 R 100.0   0.1   0:03.56 MicroBench
07:03:41        8 root      20   0   14952   9876   6692 R 100.0   0.1   0:03.73 MicroBench
07:03:41        8 root      20   0   14952   9876   6692 R 100.0   0.1   0:03.90 MicroBench
07:03:42        8 root      20   0   14952   9876   6692 R 100.0   0.1   0:04.07 MicroBench
07:03:42        8 root      20   0   14952   9876   6692 R 100.0   0.1   0:04.24 MicroBench
07:03:42        8 root      20   0   14952   9876   6692 R 100.0   0.1   0:04.41 MicroBench
07:03:42        8 root      20   0   14952   9876   6692 R 100.0   0.1   0:04.58 MicroBench
07:03:42        8 root      20   0   14952   9876   6692 R 100.0   0.1   0:04.75 MicroBench
07:03:42        8 root      20   0   14952   9876   6692 R 100.0   0.1   0:04.92 MicroBench
07:03:43        8 root      20   0   14952   9876   6692 R 100.0   0.1   0:05.09 MicroBench
07:03:43        8 root      20   0   14952   9876   6692 R 100.0   0.1   0:05.26 MicroBench
07:03:43        8 root      20   0   14952   9876   6692 R 100.0   0.1   0:05.43 MicroBench
07:03:43        8 root      20   0   14952   9876   6692 R 100.0   0.1   0:05.60 MicroBench
07:03:43        8 root      20   0   14952   9876   6692 R 100.0   0.1   0:05.77 MicroBench
07:03:44        8 root      20   0   14952   9876   6692 R 100.0   0.1   0:05.94 MicroBench
07:03:44        8 root      20   0   14952   9876   6692 R 100.0   0.1   0:06.11 MicroBench
07:03:44        8 root      20   0   14952   9876   6692 R 100.0   0.1   0:06.28 MicroBench
07:03:44        8 root      20   0   14952   9876   6692 R 100.0   0.1   0:06.45 MicroBench
07:03:44        8 root      20   0   14952   9876   6692 R 100.0   0.1   0:06.61 MicroBench
07:03:44        8 root      20   0   14952   9876   6692 R  93.8   0.1   0:06.78 MicroBench
07:03:45        8 root      20   0   14952   9876   6692 R 100.0   0.1   0:06.95 MicroBench
07:03:45        8 root      20   0   14952   9876   6692 R 100.0   0.1   0:07.11 MicroBench
07:03:45        8 root      20   0   14952   9876   6692 R 100.0   0.1   0:07.28 MicroBench
07:03:45        8 root      20   0   16404  11196   6692 R  87.5   0.1   0:07.45 MicroBench
07:03:45        8 root      20   0   16404  11196   6692 R 100.0   0.1   0:07.62 MicroBench
07:03:45        8 root      20   0   16404  11196   6692 R 100.0   0.1   0:07.79 MicroBench
07:03:46        8 root      20   0   16404  11196   6692 R 100.0   0.1   0:07.96 MicroBench
07:03:46        8 root      20   0   16404  11196   6692 R  93.8   0.1   0:08.13 MicroBench
07:03:46        8 root      20   0   16404  11196   6692 R 100.0   0.1   0:08.31 MicroBench
07:03:46        8 root      20   0   16404  11196   6692 R 100.0   0.1   0:08.47 MicroBench
07:03:46        8 root      20   0   16404  11196   6692 R 100.0   0.1   0:08.64 MicroBench
07:03:46        8 root      20   0   16404  11196   6692 R 100.0   0.1   0:08.81 MicroBench
07:03:47        8 root      20   0   16404  11196   6692 R 100.0   0.1   0:08.98 MicroBench
07:03:47        8 root      20   0   16404  11196   6692 R 100.0   0.1   0:09.15 MicroBench
07:03:47        8 root      20   0   16404  11196   6692 R 100.0   0.1   0:09.32 MicroBench
07:03:47        8 root      20   0   16404  11196   6692 R 100.0   0.1   0:09.49 MicroBench
07:03:47        8 root      20   0   16404  11196   6692 R 100.0   0.1   0:09.66 MicroBench
07:03:47        8 root      20   0   16404  11196   6692 R 100.0   0.1   0:09.82 MicroBench
07:03:48        8 root      20   0   16404  11196   6692 R 100.0   0.1   0:09.99 MicroBench
07:03:48        8 root      20   0   16404  11196   6692 R 100.0   0.1   0:10.16 MicroBench
07:03:48        8 root      20   0   16404  11196   6692 R 100.0   0.1   0:10.34 MicroBench
07:03:48        8 root      20   0   16404  11196   6692 R 100.0   0.1   0:10.50 MicroBench
07:03:48        8 root      20   0   16404  11196   6692 R 100.0   0.1   0:10.67 MicroBench
07:03:48        8 root      20   0   16404  11196   6692 R 100.0   0.1   0:10.84 MicroBench
07:03:49        8 root      20   0   16404  11196   6692 R 100.0   0.1   0:11.01 MicroBench
07:03:49        8 root      20   0   16404  11196   6692 R 100.0   0.1   0:11.19 MicroBench
07:03:49        8 root      20   0   16404  11196   6692 R  93.3   0.1   0:11.35 MicroBench
07:03:49        8 root      20   0   16404  11196   6692 R 100.0   0.1   0:11.53 MicroBench
07:03:49        8 root      20   0   16404  11196   6692 R 100.0   0.1   0:11.69 MicroBench
07:03:49        8 root      20   0   16404  11196   6692 R 100.0   0.1   0:11.86 MicroBench
07:03:50        8 root      20   0   16404  11196   6692 R 100.0   0.1   0:12.03 MicroBench
07:03:50        8 root      20   0   16404  11196   6692 R 100.0   0.1   0:12.20 MicroBench
07:03:50        8 root      20   0   16404  11196   6692 R 100.0   0.1   0:12.37 MicroBench
07:03:50        8 root      20   0   16404  11196   6692 R 100.0   0.1   0:12.54 MicroBench
07:03:50        8 root      20   0   16404  11196   6692 R 100.0   0.1   0:12.72 MicroBench
Avg reg. time: 29516281
Avg opt. time: 33510292
Median reg. time: 29550167
Median opt. time: 33667271
07:03:50  MicroBench not found.
MicroBench process has exited. Monitoring script will terminate.
