Args:
  Field size              : 2748779069441
  l                       : 1
  t                       : 40
  Number of parties        : 128
  Number of repeats        : 800
  Monitor sleep time (ms) : 1

Started ./MicroBench with PID: 8
06:58:02        8 root      20   0   13632   8220   6620 R  93.8   0.1   0:00.15 MicroBench
06:58:02        8 root      20   0   13764   8544   6684 R 100.0   0.1   0:00.32 MicroBench
06:58:02        8 root      20   0   13764   8544   6684 R 100.0   0.1   0:00.48 MicroBench
06:58:03        8 root      20   0   13764   8544   6684 R 100.0   0.1   0:00.64 MicroBench
06:58:03        8 root      20   0   13764   8544   6684 R 100.0   0.1   0:00.80 MicroBench
06:58:03        8 root      20   0   13764   8544   6684 R 100.0   0.1   0:00.97 MicroBench
06:58:03        8 root      20   0   13764   8544   6684 R 100.0   0.1   0:01.13 MicroBench
06:58:03        8 root      20   0   13764   8544   6684 R 100.0   0.1   0:01.29 MicroBench
06:58:03        8 root      20   0   13764   8544   6684 R  87.5   0.1   0:01.45 MicroBench
06:58:04        8 root      20   0   13764   8544   6684 R 100.0   0.1   0:01.62 MicroBench
06:58:04        8 root      20   0   13764   8544   6684 R 100.0   0.1   0:01.78 MicroBench
06:58:04        8 root      20   0   13764   8544   6684 R 100.0   0.1   0:01.94 MicroBench
06:58:04        8 root      20   0   13764   8544   6684 R 100.0   0.1   0:02.11 MicroBench
06:58:04        8 root      20   0   13764   8544   6684 R 100.0   0.1   0:02.27 MicroBench
06:58:04        8 root      20   0   13764   8544   6684 R  93.8   0.1   0:02.44 MicroBench
06:58:05        8 root      20   0   13764   8544   6684 R 100.0   0.1   0:02.61 MicroBench
06:58:05        8 root      20   0   13764   8544   6684 R  93.8   0.1   0:02.77 MicroBench
06:58:05        8 root      20   0   13764   8544   6684 R 100.0   0.1   0:02.93 MicroBench
06:58:05        8 root      20   0   13764   8544   6684 R 100.0   0.1   0:03.09 MicroBench
06:58:05        8 root      20   0   13764   8544   6684 R  93.8   0.1   0:03.26 MicroBench
06:58:05        8 root      20   0   13764   8544   6684 R 100.0   0.1   0:03.42 MicroBench
06:58:06        8 root      20   0   13764   8544   6684 R 100.0   0.1   0:03.58 MicroBench
06:58:06        8 root      20   0   13764   8544   6684 R 100.0   0.1   0:03.74 MicroBench
06:58:06        8 root      20   0   13764   8544   6684 R 100.0   0.1   0:03.90 MicroBench
06:58:06        8 root      20   0   13764   8544   6684 R 100.0   0.1   0:04.06 MicroBench
06:58:06        8 root      20   0   13764   8544   6684 R 100.0   0.1   0:04.23 MicroBench
06:58:06        8 root      20   0   13764   8544   6684 R 100.0   0.1   0:04.39 MicroBench
06:58:07        8 root      20   0   13764   8544   6684 R 100.0   0.1   0:04.55 MicroBench
Avg reg. time: 1593126
Avg opt. time: 3631964
Median reg. time: 1578854
Median opt. time: 3607604
06:58:07  MicroBench not found.
MicroBench process has exited. Monitoring script will terminate.
