Args:
  Field size              : 2748779069441
  l                       : 16
  t                       : 40
  Number of parties        : 256
  Number of repeats        : 10
  Monitor sleep time (ms) : 1

Started ./MicroBench with PID: 8
07:02:14        8 root      20   0   13632   8232   6628 R  93.8   0.1   0:00.15 MicroBench
07:02:14        8 root      20   0   13632   8232   6628 R 100.0   0.1   0:00.33 MicroBench
07:02:14        8 root      20   0   13632   8232   6628 R 100.0   0.1   0:00.49 MicroBench
07:02:14        8 root      20   0   13632   8232   6628 R 100.0   0.1   0:00.66 MicroBench
07:02:14        8 root      20   0   14160   8820   6692 R  93.8   0.1   0:00.83 MicroBench
07:02:14        8 root      20   0   14160   8820   6692 R 100.0   0.1   0:01.00 MicroBench
07:02:15        8 root      20   0   14160   8820   6692 R 100.0   0.1   0:01.17 MicroBench
07:02:15        8 root      20   0   14160   8820   6692 R 100.0   0.1   0:01.34 MicroBench
07:02:15        8 root      20   0   14160   8820   6692 R 100.0   0.1   0:01.50 MicroBench
07:02:15        8 root      20   0   14160   8820   6692 R 100.0   0.1   0:01.67 MicroBench
07:02:15        8 root      20   0   14160   8820   6692 R 100.0   0.1   0:01.89 MicroBench
07:02:15        8 root      20   0   14160   8820   6692 R  93.3   0.1   0:02.05 MicroBench
07:02:16        8 root      20   0   14160   8820   6692 R 100.0   0.1   0:02.22 MicroBench
07:02:16        8 root      20   0   14160   8820   6692 R 100.0   0.1   0:02.39 MicroBench
07:02:16        8 root      20   0   14160   8820   6692 R 100.0   0.1   0:02.56 MicroBench
07:02:16        8 root      20   0   14160   8820   6692 R 100.0   0.1   0:02.73 MicroBench
07:02:16        8 root      20   0   14160   8820   6692 R 100.0   0.1   0:02.90 MicroBench
07:02:16        8 root      20   0   14688   9348   6692 R 100.0   0.1   0:03.06 MicroBench
07:02:17        8 root      20   0   14688   9348   6692 R 100.0   0.1   0:03.23 MicroBench
07:02:17        8 root      20   0   14688   9348   6692 R 100.0   0.1   0:03.40 MicroBench
07:02:17        8 root      20   0   14688   9348   6692 R  93.8   0.1   0:03.58 MicroBench
07:02:17        8 root      20   0   14688   9348   6692 R  93.3   0.1   0:03.74 MicroBench
07:02:17        8 root      20   0   14688   9348   6692 R 100.0   0.1   0:03.92 MicroBench
07:02:17        8 root      20   0   14688   9348   6692 R 100.0   0.1   0:04.08 MicroBench
07:02:18        8 root      20   0   14688   9348   6692 R 100.0   0.1   0:04.25 MicroBench
07:02:18        8 root      20   0   14688   9348   6692 R 100.0   0.1   0:04.42 MicroBench
07:02:18        8 root      20   0   14688   9348   6692 R 100.0   0.1   0:04.59 MicroBench
07:02:18        8 root      20   0   14688   9348   6692 R 100.0   0.1   0:04.76 MicroBench
07:02:18        8 root      20   0   14688   9348   6692 R 100.0   0.1   0:04.93 MicroBench
07:02:19        8 root      20   0   14688   9348   6692 R 100.0   0.1   0:05.10 MicroBench
07:02:19        8 root      20   0   14820   9612   6692 R 100.0   0.1   0:05.26 MicroBench
Avg reg. time: 12245503
Avg opt. time: 15513324
Median reg. time: 12283313
Median opt. time: 15499979
07:02:19  MicroBench not found.
MicroBench process has exited. Monitoring script will terminate.
