Args:
  Field size              : 2748779069441
  l                       : 2
  t                       : 10
  Number of parties        : 128
  Number of repeats        : 1250
  Monitor sleep time (ms) : 1

Started ./MicroBench with PID: 8
06:58:12        8 root      20   0   13632   8232   6628 R 100.0   0.1   0:00.15 MicroBench
06:58:12        8 root      20   0   13632   8232   6628 R 100.0   0.1   0:00.31 MicroBench
06:58:12        8 root      20   0   13632   8232   6628 R 100.0   0.1   0:00.48 MicroBench
06:58:12        8 root      20   0   13632   8232   6628 R 100.0   0.1   0:00.64 MicroBench
06:58:13        8 root      20   0   13632   8232   6628 R 100.0   0.1   0:00.80 MicroBench
06:58:13        8 root      20   0   13632   8232   6628 R 100.0   0.1   0:00.96 MicroBench
06:58:13        8 root      20   0   13632   8232   6628 R 100.0   0.1   0:01.12 MicroBench
06:58:13        8 root      20   0   13632   8232   6628 R 100.0   0.1   0:01.29 MicroBench
06:58:13        8 root      20   0   13632   8232   6628 R 100.0   0.1   0:01.46 MicroBench
06:58:13        8 root      20   0   13632   8232   6628 R  93.8   0.1   0:01.62 MicroBench
06:58:14        8 root      20   0   13632   8232   6628 R 100.0   0.1   0:01.78 MicroBench
06:58:14        8 root      20   0   13632   8232   6628 R 100.0   0.1   0:01.95 MicroBench
06:58:14        8 root      20   0   13632   8232   6628 R 100.0   0.1   0:02.11 MicroBench
06:58:14        8 root      20   0   13632   8232   6628 R  93.8   0.1   0:02.28 MicroBench
06:58:14        8 root      20   0   13632   8232   6628 R 100.0   0.1   0:02.44 MicroBench
06:58:14        8 root      20   0   13632   8232   6628 R 100.0   0.1   0:02.61 MicroBench
06:58:15        8 root      20   0   13632   8232   6628 R 100.0   0.1   0:02.77 MicroBench
06:58:15        8 root      20   0   13632   8232   6628 R 100.0   0.1   0:02.94 MicroBench
06:58:15        8 root      20   0   13632   8232   6628 R 100.0   0.1   0:03.10 MicroBench
06:58:15        8 root      20   0   13632   8232   6628 R  93.8   0.1   0:03.27 MicroBench
06:58:15        8 root      20   0   13632   8232   6628 R 100.0   0.1   0:03.43 MicroBench
06:58:15        8 root      20   0   13632   8232   6628 R 100.0   0.1   0:03.59 MicroBench
06:58:16        8 root      20   0   13632   8232   6628 R 100.0   0.1   0:03.75 MicroBench
06:58:16        8 root      20   0   13632   8232   6628 R 100.0   0.1   0:03.92 MicroBench
06:58:16        8 root      20   0   13632   8232   6628 R 100.0   0.1   0:04.08 MicroBench
06:58:16        8 root      20   0   13632   8232   6628 R 100.0   0.1   0:04.25 MicroBench
06:58:16        8 root      20   0   13632   8232   6628 R 100.0   0.1   0:04.42 MicroBench
06:58:16        8 root      20   0   13632   8232   6628 R 100.0   0.1   0:04.59 MicroBench
06:58:17        8 root      20   0   13632   8232   6628 R  93.3   0.1   0:04.75 MicroBench
06:58:17        8 root      20   0   13632   8232   6628 R 100.0   0.1   0:04.92 MicroBench
Avg reg. time: 717888
Avg opt. time: 3260976
Median reg. time: 714667
Median opt. time: 3253250
06:58:17  MicroBench not found.
MicroBench process has exited. Monitoring script will terminate.
