Args:
  Field size              : 2748779069441
  l                       : 128
  t                       : 0
  Number of parties        : 512
  Number of repeats        : 3
  Monitor sleep time (ms) : 1

Started ./MicroBench with PID: 8
07:08:35        8 root      20   0   13768   8492   6628 R 100.0   0.1   0:00.15 MicroBench
07:08:36        8 root      20   0   13768   8492   6628 R 100.0   0.1   0:00.32 MicroBench
07:08:36        8 root      20   0   13768   8492   6628 R 100.0   0.1   0:00.49 MicroBench
07:08:36        8 root      20   0   13768   8492   6628 R  93.3   0.1   0:00.65 MicroBench
07:08:36        8 root      20   0   13768   8492   6628 R 100.0   0.1   0:00.83 MicroBench
07:08:36        8 root      20   0   13768   8492   6628 R 100.0   0.1   0:01.00 MicroBench
07:08:36        8 root      20   0   13904   8492   6628 R 100.0   0.1   0:01.18 MicroBench
07:08:37        8 root      20   0   13880   8652   6628 R 100.0   0.1   0:01.34 MicroBench
07:08:37        8 root      20   0   13876   8652   6628 R 100.0   0.1   0:01.51 MicroBench
07:08:37        8 root      20   0   13876   8652   6628 R 100.0   0.1   0:01.68 MicroBench
07:08:37        8 root      20   0   13876   8652   6628 R 100.0   0.1   0:01.85 MicroBench
07:08:37        8 root      20   0   13876   8652   6628 R 100.0   0.1   0:02.02 MicroBench
07:08:38        8 root      20   0   13876   8652   6628 R 100.0   0.1   0:02.19 MicroBench
07:08:38        8 root      20   0   13876   8652   6628 R  93.8   0.1   0:02.36 MicroBench
07:08:38        8 root      20   0   13876   8652   6628 R 100.0   0.1   0:02.52 MicroBench
07:08:38        8 root      20   0   13876   8652   6628 R 100.0   0.1   0:02.69 MicroBench
07:08:38        8 root      20   0   13876   8652   6628 R 100.0   0.1   0:02.86 MicroBench
07:08:38        8 root      20   0   13876   8652   6628 R 100.0   0.1   0:03.03 MicroBench
07:08:39        8 root      20   0   13876   8652   6628 R 100.0   0.1   0:03.20 MicroBench
07:08:39        8 root      20   0   13876   8652   6628 R 100.0   0.1   0:03.37 MicroBench
07:08:39        8 root      20   0   13876   8652   6628 R 100.0   0.1   0:03.53 MicroBench
07:08:39        8 root      20   0   13876   8652   6628 R 100.0   0.1   0:03.70 MicroBench
07:08:39        8 root      20   0   13876   8652   6628 R 100.0   0.1   0:03.87 MicroBench
07:08:39        8 root      20   0   13876   8652   6628 R  93.3   0.1   0:04.03 MicroBench
07:08:40        8 root      20   0   13876   8652   6628 R 100.0   0.1   0:04.20 MicroBench
07:08:40        8 root      20   0   13876   8652   6628 R  93.8   0.1   0:04.37 MicroBench
07:08:40        8 root      20   0   13876   8652   6628 R 100.0   0.1   0:04.54 MicroBench
07:08:40        8 root      20   0   13876   8652   6628 R  93.3   0.1   0:04.70 MicroBench
07:08:40        8 root      20   0   13876   8652   6628 R 100.0   0.1   0:04.88 MicroBench
07:08:40        8 root      20   0   13876   8652   6628 R 100.0   0.1   0:05.04 MicroBench
07:08:41        8 root      20   0   13876   8652   6628 R 100.0   0.1   0:05.21 MicroBench
07:08:41        8 root      20   0   13876   8652   6628 R 100.0   0.1   0:05.38 MicroBench
07:08:41        8 root      20   0   13876   8652   6628 R  93.8   0.1   0:05.55 MicroBench
07:08:41        8 root      20   0   13876   8652   6628 R 100.0   0.1   0:05.73 MicroBench
07:08:41        8 root      20   0   13876   8652   6628 R  93.8   0.1   0:05.90 MicroBench
07:08:41        8 root      20   0   13876   8652   6628 R 100.0   0.1   0:06.07 MicroBench
07:08:42        8 root      20   0   13876   8652   6628 R 100.0   0.1   0:06.24 MicroBench
07:08:42        8 root      20   0   13876   8652   6628 R 100.0   0.1   0:06.41 MicroBench
07:08:42        8 root      20   0   13876   8652   6628 R 100.0   0.1   0:06.58 MicroBench
07:08:42        8 root      20   0   13876   8652   6628 R  93.8   0.1   0:06.74 MicroBench
07:08:42        8 root      20   0   13876   8652   6628 R 100.0   0.1   0:06.92 MicroBench
07:08:42        8 root      20   0   17592  12404   6692 R  93.3   0.1   0:07.08 MicroBench
07:08:43        8 root      20   0   17592  12404   6692 R 100.0   0.1   0:07.25 MicroBench
07:08:43        8 root      20   0   17592  12404   6692 R  93.8   0.1   0:07.42 MicroBench
07:08:43        8 root      20   0   17592  12404   6692 R  93.8   0.1   0:07.59 MicroBench
07:08:43        8 root      20   0   17592  12404   6692 R 100.0   0.1   0:07.76 MicroBench
07:08:43        8 root      20   0   17592  12404   6692 R 100.0   0.1   0:07.93 MicroBench
07:08:43        8 root      20   0   17592  12404   6692 R 100.0   0.1   0:08.09 MicroBench
07:08:44        8 root      20   0   17592  12404   6692 R 100.0   0.1   0:08.26 MicroBench
07:08:44        8 root      20   0   17592  12404   6692 R 100.0   0.1   0:08.44 MicroBench
07:08:44        8 root      20   0   17592  12404   6692 R 100.0   0.1   0:08.61 MicroBench
07:08:44        8 root      20   0   17592  12404   6692 R 100.0   0.1   0:08.78 MicroBench
07:08:44        8 root      20   0   17592  12404   6692 R 100.0   0.1   0:08.95 MicroBench
07:08:44        8 root      20   0   17592  12404   6692 R  93.8   0.1   0:09.11 MicroBench
07:08:45        8 root      20   0   17592  12404   6692 R 100.0   0.1   0:09.28 MicroBench
07:08:45        8 root      20   0   17592  12404   6692 R 100.0   0.1   0:09.45 MicroBench
07:08:45        8 root      20   0   17592  12404   6692 R 100.0   0.1   0:09.62 MicroBench
07:08:45        8 root      20   0   17592  12404   6692 R 100.0   0.1   0:09.79 MicroBench
07:08:45        8 root      20   0   17592  12404   6692 R 100.0   0.1   0:09.98 MicroBench
07:08:46        8 root      20   0   17592  12404   6692 R 100.0   0.1   0:10.15 MicroBench
07:08:46        8 root      20   0   17592  12404   6692 R 100.0   0.1   0:10.33 MicroBench
07:08:46        8 root      20   0   17592  12404   6692 R 100.0   0.1   0:10.49 MicroBench
07:08:46        8 root      20   0   17592  12404   6692 R 100.0   0.1   0:10.66 MicroBench
07:08:46        8 root      20   0   17592  12404   6692 R 100.0   0.1   0:10.83 MicroBench
07:08:46        8 root      20   0   17592  12404   6692 R  93.8   0.1   0:11.00 MicroBench
07:08:47        8 root      20   0   17592  12404   6692 R 100.0   0.1   0:11.17 MicroBench
07:08:47        8 root      20   0   17592  12404   6692 R 100.0   0.1   0:11.34 MicroBench
07:08:47        8 root      20   0   17592  12404   6692 R 100.0   0.1   0:11.51 MicroBench
07:08:47        8 root      20   0   17592  12404   6692 R 100.0   0.1   0:11.68 MicroBench
07:08:47        8 root      20   0   17592  12404   6692 R 100.0   0.1   0:11.85 MicroBench
07:08:47        8 root      20   0   17592  12404   6692 R 100.0   0.1   0:12.02 MicroBench
07:08:48        8 root      20   0   17592  12404   6692 R 100.0   0.1   0:12.19 MicroBench
07:08:48        8 root      20   0   17592  12404   6692 R 100.0   0.1   0:12.36 MicroBench
07:08:48        8 root      20   0   17592  12404   6692 R 100.0   0.1   0:12.53 MicroBench
07:08:48        8 root      20   0   17592  12404   6692 R 100.0   0.1   0:12.69 MicroBench
07:08:48        8 root      20   0   17592  12404   6692 R 100.0   0.1   0:12.86 MicroBench
07:08:48        8 root      20   0   17592  12404   6692 R 100.0   0.1   0:13.03 MicroBench
07:08:49        8 root      20   0   17592  12404   6692 R 100.0   0.1   0:13.20 MicroBench
07:08:49        8 root      20   0   17592  12404   6692 R 100.0   0.1   0:13.37 MicroBench
07:08:49        8 root      20   0   17592  12404   6692 R 100.0   0.1   0:13.54 MicroBench
07:08:49        8 root      20   0   17592  12404   6692 R 100.0   0.1   0:13.70 MicroBench
07:08:49        8 root      20   0   17592  12404   6692 R  93.8   0.1   0:13.87 MicroBench
07:08:49        8 root      20   0   17592  12404   6692 R 100.0   0.1   0:14.04 MicroBench
07:08:50        8 root      20   0   17592  12404   6692 R 100.0   0.1   0:14.21 MicroBench
07:08:50        8 root      20   0   17592  12404   6692 R 100.0   0.1   0:14.37 MicroBench
07:08:50        8 root      20   0   17592  12404   6692 R 100.0   0.1   0:14.54 MicroBench
07:08:50        8 root      20   0   17592  12404   6692 R 100.0   0.1   0:14.71 MicroBench
07:08:50        8 root      20   0   17592  12404   6692 R 100.0   0.1   0:14.88 MicroBench
07:08:50        8 root      20   0   17592  12404   6692 R 100.0   0.1   0:15.05 MicroBench
07:08:51        8 root      20   0   17592  12404   6692 R 100.0   0.1   0:15.22 MicroBench
07:08:51        8 root      20   0   17592  12404   6692 R 100.0   0.1   0:15.40 MicroBench
07:08:51        8 root      20   0   17592  12404   6692 R 100.0   0.1   0:15.56 MicroBench
07:08:51        8 root      20   0   17592  12404   6692 R  80.0   0.1   0:15.70 MicroBench
07:08:51        8 root      20   0   17592  12404   6692 R 100.0   0.1   0:15.90 MicroBench
07:08:51        8 root      20   0   17592  12404   6692 R  93.8   0.1   0:16.07 MicroBench
07:08:52        8 root      20   0   17592  12404   6692 R 100.0   0.1   0:16.24 MicroBench
07:08:52        8 root      20   0   17592  12404   6692 R 100.0   0.1   0:16.41 MicroBench
07:08:52        8 root      20   0   17592  12404   6692 R 100.0   0.1   0:16.58 MicroBench
07:08:52        8 root      20   0   17592  12404   6692 R 100.0   0.1   0:16.75 MicroBench
07:08:52        8 root      20   0   17592  12404   6692 R 100.0   0.1   0:16.92 MicroBench
07:08:52        8 root      20   0   17592  12404   6692 R 100.0   0.1   0:17.09 MicroBench
07:08:53        8 root      20   0   17592  12404   6692 R 100.0   0.1   0:17.26 MicroBench
07:08:53        8 root      20   0   17592  12404   6692 R 100.0   0.1   0:17.43 MicroBench
07:08:53        8 root      20   0   17592  12404   6692 R 100.0   0.1   0:17.60 MicroBench
07:08:53        8 root      20   0   17592  12404   6692 R 100.0   0.1   0:17.77 MicroBench
07:08:53        8 root      20   0   17592  12404   6692 R 100.0   0.1   0:17.94 MicroBench
07:08:54        8 root      20   0   17592  12404   6692 R 100.0   0.1   0:18.11 MicroBench
07:08:54        8 root      20   0   17592  12404   6692 R 100.0   0.1   0:18.28 MicroBench
07:08:54        8 root      20   0   17592  12404   6692 R 100.0   0.1   0:18.45 MicroBench
07:08:54        8 root      20   0   17592  12404   6692 R  93.3   0.1   0:18.61 MicroBench
07:08:54        8 root      20   0   17592  12404   6692 R 100.0   0.1   0:18.79 MicroBench
07:08:54        8 root      20   0   17592  12404   6692 R 100.0   0.1   0:18.96 MicroBench
07:08:55        8 root      20   0   17592  12404   6692 R 100.0   0.1   0:19.15 MicroBench
07:08:55        8 root      20   0   17592  12404   6692 R  93.3   0.1   0:19.33 MicroBench
07:08:55        8 root      20   0   17592  12404   6692 R 100.0   0.1   0:19.51 MicroBench
07:08:55        8 root      20   0   17592  12404   6692 R  93.8   0.1   0:19.68 MicroBench
07:08:55        8 root      20   0   17592  12404   6692 R  87.5   0.1   0:19.84 MicroBench
07:08:55        8 root      20   0   17592  12404   6692 R 100.0   0.1   0:20.02 MicroBench
07:08:56        8 root      20   0   17592  12404   6692 R 100.0   0.1   0:20.19 MicroBench
07:08:56        8 root      20   0   17592  12404   6692 R 100.0   0.1   0:20.35 MicroBench
07:08:56        8 root      20   0   17592  12404   6692 R 100.0   0.1   0:20.52 MicroBench
07:08:56        8 root      20   0   17592  12404   6692 R 100.0   0.1   0:20.70 MicroBench
07:08:56        8 root      20   0   17592  12404   6692 R 100.0   0.1   0:20.87 MicroBench
07:08:56        8 root      20   0   17592  12404   6692 R 100.0   0.1   0:21.04 MicroBench
07:08:57        8 root      20   0   17592  12404   6692 R 100.0   0.1   0:21.21 MicroBench
07:08:57        8 root      20   0   17592  12404   6692 R 100.0   0.1   0:21.38 MicroBench
07:08:57        8 root      20   0   17592  12404   6692 R 100.0   0.1   0:21.56 MicroBench
07:08:57        8 root      20   0   17592  12404   6692 R 100.0   0.1   0:21.77 MicroBench
07:08:57        8 root      20   0   17592  12404   6692 R  93.3   0.1   0:21.95 MicroBench
07:08:58        8 root      20   0   17592  12404   6692 R 100.0   0.1   0:22.17 MicroBench
07:08:58        8 root      20   0   17592  12404   6692 R 100.0   0.1   0:22.34 MicroBench
07:08:58        8 root      20   0   17592  12404   6692 R  93.3   0.1   0:22.50 MicroBench
07:08:58        8 root      20   0   17592  12404   6692 R 100.0   0.1   0:22.67 MicroBench
07:08:58        8 root      20   0   17592  12404   6692 R 100.0   0.1   0:22.84 MicroBench
07:08:58        8 root      20   0   17592  12404   6692 R 100.0   0.1   0:23.01 MicroBench
07:08:59        8 root      20   0   17592  12404   6692 R 100.0   0.1   0:23.18 MicroBench
07:08:59        8 root      20   0   17592  12404   6692 R 100.0   0.1   0:23.35 MicroBench
07:08:59        8 root      20   0   17592  12404   6692 R 100.0   0.1   0:23.52 MicroBench
07:08:59        8 root      20   0   17592  12404   6692 R 100.0   0.1   0:23.69 MicroBench
07:08:59        8 root      20   0   17592  12404   6692 R 100.0   0.1   0:23.86 MicroBench
07:08:59        8 root      20   0   17592  12404   6692 R 100.0   0.1   0:24.03 MicroBench
07:09:00        8 root      20   0   17592  12404   6692 R 100.0   0.1   0:24.20 MicroBench
07:09:00        8 root      20   0   17592  12404   6692 R 100.0   0.1   0:24.37 MicroBench
07:09:00        8 root      20   0   17592  12404   6692 R 100.0   0.1   0:24.54 MicroBench
07:09:00        8 root      20   0   17592  12404   6692 R 100.0   0.1   0:24.71 MicroBench
07:09:00        8 root      20   0   17592  12404   6692 R 100.0   0.1   0:24.88 MicroBench
07:09:01        8 root      20   0   17592  12404   6692 R 100.0   0.1   0:25.05 MicroBench
07:09:01        8 root      20   0   17592  12404   6692 R 100.0   0.1   0:25.22 MicroBench
07:09:01        8 root      20   0   17592  12404   6692 R 100.0   0.1   0:25.39 MicroBench
07:09:01        8 root      20   0   17592  12404   6692 R 100.0   0.1   0:25.56 MicroBench
07:09:01        8 root      20   0   17592  12404   6692 R 100.0   0.1   0:25.73 MicroBench
07:09:01        8 root      20   0   17592  12404   6692 R 100.0   0.1   0:25.90 MicroBench
07:09:02        8 root      20   0   17592  12404   6692 R 100.0   0.1   0:26.07 MicroBench
07:09:02        8 root      20   0   17592  12404   6692 R 100.0   0.1   0:26.24 MicroBench
07:09:02        8 root      20   0   17592  12404   6692 R 100.0   0.1   0:26.41 MicroBench
07:09:02        8 root      20   0   17592  12404   6692 R 100.0   0.1   0:26.58 MicroBench
07:09:02        8 root      20   0   17592  12404   6692 R  93.8   0.1   0:26.75 MicroBench
07:09:02        8 root      20   0   17592  12404   6692 R 100.0   0.1   0:26.92 MicroBench
07:09:03        8 root      20   0   17592  12404   6692 R 100.0   0.1   0:27.09 MicroBench
07:09:03        8 root      20   0   17592  12404   6692 R  93.8   0.1   0:27.26 MicroBench
07:09:03        8 root      20   0   17592  12404   6692 R 100.0   0.1   0:27.47 MicroBench
07:09:03        8 root      20   0   17592  12404   6692 R  73.3   0.1   0:27.60 MicroBench
07:09:03        8 root      20   0   17592  12404   6692 R 100.0   0.1   0:27.77 MicroBench
07:09:03        8 root      20   0   17592  12404   6692 R 100.0   0.1   0:27.94 MicroBench
07:09:04        8 root      20   0   17592  12404   6692 R  93.3   0.1   0:28.10 MicroBench
07:09:04        8 root      20   0   17592  12404   6692 R 100.0   0.1   0:28.28 MicroBench
07:09:04        8 root      20   0   17592  12404   6692 R  93.3   0.1   0:28.44 MicroBench
07:09:04        8 root      20   0   17592  12404   6692 R 100.0   0.1   0:28.61 MicroBench
07:09:04        8 root      20   0   17592  12404   6692 R 100.0   0.1   0:28.78 MicroBench
07:09:04        8 root      20   0   17592  12404   6692 R 100.0   0.1   0:28.95 MicroBench
07:09:05        8 root      20   0   17592  12404   6692 R 100.0   0.1   0:29.13 MicroBench
07:09:05        8 root      20   0   17592  12404   6692 R 100.0   0.1   0:29.29 MicroBench
07:09:05        8 root      20   0   17592  12404   6692 R 100.0   0.1   0:29.47 MicroBench
07:09:05        8 root      20   0   17592  12404   6692 R 100.0   0.1   0:29.64 MicroBench
07:09:05        8 root      20   0   17592  12404   6692 R 100.0   0.1   0:29.81 MicroBench
07:09:06        8 root      20   0   17592  12404   6692 R 100.0   0.1   0:29.98 MicroBench
07:09:06        8 root      20   0   17592  12404   6692 R 100.0   0.1   0:30.15 MicroBench
07:09:06        8 root      20   0   17592  12404   6692 R 100.0   0.1   0:30.32 MicroBench
07:09:06        8 root      20   0   17592  12404   6692 R 100.0   0.1   0:30.51 MicroBench
07:09:06        8 root      20   0   17592  12404   6692 R 100.0   0.1   0:30.67 MicroBench
07:09:06        8 root      20   0   17592  12404   6692 R  86.7   0.1   0:30.82 MicroBench
07:09:07        8 root      20   0   17592  12404   6692 R  93.8   0.1   0:31.00 MicroBench
07:09:07        8 root      20   0   17592  12404   6692 R 100.0   0.1   0:31.17 MicroBench
07:09:07        8 root      20   0   17592  12404   6692 R  93.8   0.1   0:31.35 MicroBench
07:09:07        8 root      20   0   17592  12404   6692 R  87.5   0.1   0:31.51 MicroBench
07:09:07        8 root      20   0   17592  12404   6692 R  93.8   0.1   0:31.68 MicroBench
07:09:07        8 root      20   0   17592  12404   6692 R  93.8   0.1   0:31.85 MicroBench
07:09:08        8 root      20   0   17592  12404   6692 R 100.0   0.1   0:32.02 MicroBench
07:09:08        8 root      20   0   17592  12404   6692 R 100.0   0.1   0:32.19 MicroBench
07:09:08        8 root      20   0   17592  12404   6692 R 100.0   0.1   0:32.36 MicroBench
07:09:08        8 root      20   0   17592  12404   6692 R 100.0   0.1   0:32.53 MicroBench
07:09:08        8 root      20   0   17592  12404   6692 R  93.8   0.1   0:32.69 MicroBench
07:09:08        8 root      20   0   17592  12404   6692 R 100.0   0.1   0:32.86 MicroBench
07:09:09        8 root      20   0   17592  12404   6692 R 100.0   0.1   0:33.03 MicroBench
07:09:09        8 root      20   0   17592  12404   6692 R 100.0   0.1   0:33.20 MicroBench
07:09:09        8 root      20   0   17592  12404   6692 R  93.8   0.1   0:33.38 MicroBench
07:09:09        8 root      20   0   17592  12404   6692 R  86.7   0.1   0:33.52 MicroBench
07:09:09        8 root      20   0   17592  12404   6692 R 100.0   0.1   0:33.72 MicroBench
07:09:10        8 root      20   0   17592  12404   6692 R 100.0   0.1   0:33.90 MicroBench
07:09:10        8 root      20   0   17592  12404   6692 R 100.0   0.1   0:34.07 MicroBench
07:09:10        8 root      20   0   17592  12404   6692 R 100.0   0.1   0:34.24 MicroBench
07:09:10        8 root      20   0   17592  12404   6692 R 100.0   0.1   0:34.41 MicroBench
07:09:10        8 root      20   0   17592  12404   6692 R 100.0   0.1   0:34.58 MicroBench
07:09:10        8 root      20   0   17592  12404   6692 R 100.0   0.1   0:34.75 MicroBench
07:09:11        8 root      20   0   17592  12404   6692 R  93.3   0.1   0:34.91 MicroBench
07:09:11        8 root      20   0   17592  12404   6692 R 100.0   0.1   0:35.09 MicroBench
07:09:11        8 root      20   0   17592  12404   6692 R 100.0   0.1   0:35.26 MicroBench
07:09:11        8 root      20   0   17592  12404   6692 R 100.0   0.1   0:35.43 MicroBench
07:09:11        8 root      20   0   17592  12404   6692 R 100.0   0.1   0:35.60 MicroBench
07:09:11        8 root      20   0   17592  12404   6692 R 100.0   0.1   0:35.77 MicroBench
07:09:12        8 root      20   0   17592  12404   6692 R 100.0   0.1   0:35.94 MicroBench
07:09:12        8 root      20   0   17592  12404   6692 R  93.8   0.1   0:36.11 MicroBench
07:09:12        8 root      20   0   17592  12404   6692 R  93.8   0.1   0:36.28 MicroBench
07:09:12        8 root      20   0   17592  12404   6692 R 100.0   0.1   0:36.45 MicroBench
07:09:12        8 root      20   0   17592  12404   6692 R 100.0   0.1   0:36.62 MicroBench
07:09:12        8 root      20   0   17592  12404   6692 R  93.8   0.1   0:36.79 MicroBench
07:09:13        8 root      20   0   17592  12404   6692 R 100.0   0.1   0:36.96 MicroBench
07:09:13        8 root      20   0   17592  12404   6692 R 100.0   0.1   0:37.13 MicroBench
07:09:13        8 root      20   0   17592  12404   6692 R 100.0   0.1   0:37.30 MicroBench
07:09:13        8 root      20   0   17592  12404   6692 R 100.0   0.1   0:37.47 MicroBench
07:09:13        8 root      20   0   17592  12404   6692 R 100.0   0.1   0:37.64 MicroBench
07:09:13        8 root      20   0   17592  12404   6692 R 100.0   0.1   0:37.81 MicroBench
07:09:14        8 root      20   0   17592  12404   6692 R  93.3   0.1   0:37.97 MicroBench
07:09:14        8 root      20   0   17592  12404   6692 R 100.0   0.1   0:38.14 MicroBench
07:09:14        8 root      20   0   17592  12404   6692 R 100.0   0.1   0:38.31 MicroBench
07:09:14        8 root      20   0   17592  12404   6692 R 100.0   0.1   0:38.48 MicroBench
07:09:14        8 root      20   0   17592  12404   6692 R 100.0   0.1   0:38.65 MicroBench
07:09:14        8 root      20   0   17592  12404   6692 R 100.0   0.1   0:38.81 MicroBench
07:09:15        8 root      20   0   17592  12404   6692 R 100.0   0.1   0:38.98 MicroBench
07:09:15        8 root      20   0   17592  12404   6692 R 100.0   0.1   0:39.15 MicroBench
07:09:15        8 root      20   0   17592  12404   6692 R 100.0   0.1   0:39.32 MicroBench
07:09:15        8 root      20   0   17592  12404   6692 R  73.3   0.1   0:39.45 MicroBench
07:09:15        8 root      20   0   17592  12404   6692 R  93.8   0.1   0:39.62 MicroBench
07:09:15        8 root      20   0   17592  12404   6692 R 100.0   0.1   0:39.79 MicroBench
07:09:16        8 root      20   0   17592  12404   6692 R 100.0   0.1   0:39.95 MicroBench
07:09:16        8 root      20   0   17592  12404   6692 R 100.0   0.1   0:40.12 MicroBench
07:09:16        8 root      20   0   17592  12404   6692 R 100.0   0.1   0:40.29 MicroBench
07:09:16        8 root      20   0   17592  12404   6692 R 100.0   0.1   0:40.46 MicroBench
07:09:16        8 root      20   0   17592  12404   6692 R  87.5   0.1   0:40.62 MicroBench
07:09:16        8 root      20   0   17592  12404   6692 R 100.0   0.1   0:40.79 MicroBench
07:09:17        8 root      20   0   17592  12404   6692 R 100.0   0.1   0:40.96 MicroBench
07:09:17        8 root      20   0   17592  12404   6692 R 100.0   0.1   0:41.13 MicroBench
07:09:17        8 root      20   0   17592  12404   6692 R 100.0   0.1   0:41.30 MicroBench
07:09:17        8 root      20   0   17592  12404   6692 R 100.0   0.1   0:41.47 MicroBench
07:09:17        8 root      20   0   17592  12404   6692 R  93.8   0.1   0:41.63 MicroBench
07:09:17        8 root      20   0   17592  12404   6692 R 100.0   0.1   0:41.80 MicroBench
07:09:18        8 root      20   0   17592  12404   6692 R  93.8   0.1   0:41.97 MicroBench
07:09:18        8 root      20   0   17592  12404   6692 R 100.0   0.1   0:42.14 MicroBench
07:09:18        8 root      20   0   17592  12404   6692 R 100.0   0.1   0:42.31 MicroBench
07:09:18        8 root      20   0   17592  12404   6692 R 100.0   0.1   0:42.48 MicroBench
07:09:18        8 root      20   0   17592  12404   6692 R  93.3   0.1   0:42.64 MicroBench
07:09:19        8 root      20   0   17592  12404   6692 R 100.0   0.1   0:42.81 MicroBench
07:09:19        8 root      20   0   17592  12404   6692 R  93.8   0.1   0:42.98 MicroBench
07:09:19        8 root      20   0   17592  12404   6692 R 100.0   0.1   0:43.15 MicroBench
07:09:19        8 root      20   0   17592  12404   6692 R 100.0   0.1   0:43.32 MicroBench
07:09:19        8 root      20   0   17592  12404   6692 R  93.3   0.1   0:43.48 MicroBench
07:09:19        8 root      20   0   17592  12404   6692 R 100.0   0.1   0:43.65 MicroBench
07:09:20        8 root      20   0   17592  12404   6692 R 100.0   0.1   0:43.82 MicroBench
07:09:20        8 root      20   0   17592  12404   6692 R 100.0   0.1   0:43.99 MicroBench
07:09:20        8 root      20   0   17592  12404   6692 R  93.3   0.1   0:44.15 MicroBench
07:09:20        8 root      20   0   17592  12404   6692 R 100.0   0.1   0:44.32 MicroBench
07:09:20        8 root      20   0   17592  12404   6692 R 100.0   0.1   0:44.49 MicroBench
07:09:20        8 root      20   0   17592  12404   6692 R 100.0   0.1   0:44.66 MicroBench
07:09:21        8 root      20   0   17592  12404   6692 R  93.8   0.1   0:44.83 MicroBench
07:09:21        8 root      20   0   17592  12404   6692 R 100.0   0.1   0:45.00 MicroBench
07:09:21        8 root      20   0   17592  12404   6692 R  93.8   0.1   0:45.17 MicroBench
07:09:21        8 root      20   0   17592  12404   6692 R  93.3   0.1   0:45.34 MicroBench
07:09:21        8 root      20   0   17592  12404   6692 R  93.8   0.1   0:45.51 MicroBench
07:09:21        8 root      20   0   17592  12404   6692 R 100.0   0.1   0:45.68 MicroBench
07:09:22        8 root      20   0   17592  12404   6692 R 100.0   0.1   0:45.85 MicroBench
07:09:22        8 root      20   0   17592  12404   6692 R  93.3   0.1   0:46.01 MicroBench
07:09:22        8 root      20   0   17592  12404   6692 R 100.0   0.1   0:46.19 MicroBench
07:09:22        8 root      20   0   17592  12404   6692 R 100.0   0.1   0:46.35 MicroBench
07:09:22        8 root      20   0   17592  12404   6692 R 100.0   0.1   0:46.52 MicroBench
07:09:22        8 root      20   0   17592  12404   6692 R  93.8   0.1   0:46.69 MicroBench
07:09:23        8 root      20   0   17592  12404   6692 R 100.0   0.1   0:46.86 MicroBench
07:09:23        8 root      20   0   17592  12404   6692 R 100.0   0.1   0:47.02 MicroBench
07:09:23        8 root      20   0   17592  12404   6692 R 100.0   0.1   0:47.19 MicroBench
07:09:23        8 root      20   0   17592  12404   6692 R 100.0   0.1   0:47.36 MicroBench
07:09:23        8 root      20   0   17592  12404   6692 R  93.8   0.1   0:47.53 MicroBench
07:09:23        8 root      20   0   17592  12404   6692 R 100.0   0.1   0:47.70 MicroBench
07:09:24        8 root      20   0   17592  12404   6692 R 100.0   0.1   0:47.86 MicroBench
07:09:24        8 root      20   0   17592  12404   6692 R 100.0   0.1   0:48.03 MicroBench
07:09:24        8 root      20   0   17592  12404   6692 R 100.0   0.1   0:48.20 MicroBench
07:09:24        8 root      20   0   17592  12404   6692 R 100.0   0.1   0:48.37 MicroBench
07:09:24        8 root      20   0   17592  12404   6692 R 100.0   0.1   0:48.53 MicroBench
07:09:24        8 root      20   0   17592  12404   6692 R 100.0   0.1   0:48.70 MicroBench
07:09:25        8 root      20   0   17592  12404   6692 R 100.0   0.1   0:48.87 MicroBench
07:09:25        8 root      20   0   17592  12404   6692 R 100.0   0.1   0:49.04 MicroBench
07:09:25        8 root      20   0   17592  12404   6692 R 100.0   0.1   0:49.20 MicroBench
07:09:25        8 root      20   0   17592  12404   6692 R  93.8   0.1   0:49.37 MicroBench
07:09:25        8 root      20   0   17592  12404   6692 R 100.0   0.1   0:49.54 MicroBench
07:09:25        8 root      20   0   17592  12404   6692 R 100.0   0.1   0:49.71 MicroBench
07:09:26        8 root      20   0   17592  12404   6692 R 100.0   0.1   0:49.88 MicroBench
07:09:26        8 root      20   0   17592  12404   6692 R  93.3   0.1   0:50.04 MicroBench
07:09:26        8 root      20   0   17592  12404   6692 R 100.0   0.1   0:50.22 MicroBench
07:09:26        8 root      20   0   17592  12404   6692 R  93.8   0.1   0:50.38 MicroBench
07:09:26        8 root      20   0   17592  12404   6692 R 100.0   0.1   0:50.55 MicroBench
07:09:26        8 root      20   0   17592  12404   6692 R 100.0   0.1   0:50.72 MicroBench
07:09:27        8 root      20   0   17592  12404   6692 R 100.0   0.1   0:50.89 MicroBench
07:09:27        8 root      20   0   17592  12404   6692 R 100.0   0.1   0:51.05 MicroBench
07:09:27        8 root      20   0   17592  12404   6692 R 100.0   0.1   0:51.23 MicroBench
07:09:27        8 root      20   0   17592  12404   6692 R  80.0   0.1   0:51.37 MicroBench
07:09:27        8 root      20   0   17592  12404   6692 R 100.0   0.1   0:51.54 MicroBench
07:09:27        8 root      20   0   17592  12404   6692 R  93.8   0.1   0:51.71 MicroBench
07:09:28        8 root      20   0   17592  12404   6692 R 100.0   0.1   0:51.88 MicroBench
07:09:28        8 root      20   0   17592  12404   6692 R 100.0   0.1   0:52.04 MicroBench
07:09:28        8 root      20   0   17592  12404   6692 R 100.0   0.1   0:52.21 MicroBench
07:09:28        8 root      20   0   17592  12404   6692 R 100.0   0.1   0:52.38 MicroBench
07:09:28        8 root      20   0   17592  12404   6692 R 100.0   0.1   0:52.55 MicroBench
07:09:28        8 root      20   0   17592  12404   6692 R  93.8   0.1   0:52.71 MicroBench
07:09:29        8 root      20   0   17592  12404   6692 R 100.0   0.1   0:52.88 MicroBench
07:09:29        8 root      20   0   17592  12404   6692 R 100.0   0.1   0:53.05 MicroBench
07:09:29        8 root      20   0   17592  12404   6692 R 100.0   0.1   0:53.22 MicroBench
07:09:29        8 root      20   0   17592  12404   6692 R 100.0   0.1   0:53.39 MicroBench
07:09:29        8 root      20   0   17592  12404   6692 R 100.0   0.1   0:53.56 MicroBench
07:09:29        8 root      20   0   17592  12404   6692 R 100.0   0.1   0:53.72 MicroBench
07:09:30        8 root      20   0   17592  12404   6692 R 100.0   0.1   0:53.89 MicroBench
07:09:30        8 root      20   0   17592  12404   6692 R 100.0   0.1   0:54.06 MicroBench
07:09:30        8 root      20   0   17592  12404   6692 R 100.0   0.1   0:54.23 MicroBench
07:09:30        8 root      20   0   17592  12404   6692 R 100.0   0.1   0:54.40 MicroBench
07:09:30        8 root      20   0   17592  12404   6692 R  93.3   0.1   0:54.56 MicroBench
07:09:30        8 root      20   0   17592  12404   6692 R  93.8   0.1   0:54.73 MicroBench
07:09:31        8 root      20   0   17592  12404   6692 R 100.0   0.1   0:54.90 MicroBench
07:09:31        8 root      20   0   17592  12404   6692 R 100.0   0.1   0:55.07 MicroBench
07:09:31        8 root      20   0   17592  12404   6692 R 100.0   0.1   0:55.24 MicroBench
07:09:31        8 root      20   0   17592  12404   6692 R 100.0   0.1   0:55.41 MicroBench
07:09:31        8 root      20   0   17592  12404   6692 R 100.0   0.1   0:55.57 MicroBench
07:09:32        8 root      20   0   17592  12404   6692 R  93.8   0.1   0:55.74 MicroBench
07:09:32        8 root      20   0   17592  12404   6692 R 100.0   0.1   0:55.91 MicroBench
07:09:32        8 root      20   0   17592  12404   6692 R 100.0   0.1   0:56.08 MicroBench
07:09:32        8 root      20   0   17592  12404   6692 R 100.0   0.1   0:56.24 MicroBench
07:09:32        8 root      20   0   17592  12404   6692 R 100.0   0.1   0:56.41 MicroBench
07:09:32        8 root      20   0   17592  12404   6692 R 100.0   0.1   0:56.58 MicroBench
07:09:33        8 root      20   0   17592  12404   6692 R  93.8   0.1   0:56.75 MicroBench
07:09:33        8 root      20   0   17592  12404   6692 R  93.3   0.1   0:56.91 MicroBench
07:09:33        8 root      20   0   17592  12404   6692 R 100.0   0.1   0:57.09 MicroBench
07:09:33        8 root      20   0   17592  12404   6692 R  87.5   0.1   0:57.25 MicroBench
07:09:33        8 root      20   0   17592  12404   6692 R 100.0   0.1   0:57.42 MicroBench
07:09:33        8 root      20   0   17592  12404   6692 R 100.0   0.1   0:57.59 MicroBench
07:09:34        8 root      20   0   17592  12404   6692 R 100.0   0.1   0:57.76 MicroBench
07:09:34        8 root      20   0   17592  12404   6692 R 100.0   0.1   0:57.93 MicroBench
07:09:34        8 root      20   0   17592  12404   6692 R 100.0   0.1   0:58.10 MicroBench
07:09:34        8 root      20   0   17592  12404   6692 R  87.5   0.1   0:58.26 MicroBench
07:09:34        8 root      20   0   17592  12404   6692 R 100.0   0.1   0:58.43 MicroBench
07:09:34        8 root      20   0   17592  12404   6692 R 100.0   0.1   0:58.60 MicroBench
07:09:35        8 root      20   0   17592  12404   6692 R 100.0   0.1   0:58.77 MicroBench
07:09:35        8 root      20   0   17592  12404   6692 R 100.0   0.1   0:58.94 MicroBench
07:09:35        8 root      20   0   17592  12404   6692 R 100.0   0.1   0:59.11 MicroBench
07:09:35        8 root      20   0   17592  12404   6692 R 100.0   0.1   0:59.27 MicroBench
07:09:35        8 root      20   0   17592  12404   6692 R  93.8   0.1   0:59.44 MicroBench
07:09:35        8 root      20   0   17592  12404   6692 R 100.0   0.1   0:59.61 MicroBench
07:09:36        8 root      20   0   17592  12404   6692 R 100.0   0.1   0:59.78 MicroBench
07:09:36        8 root      20   0   17592  12404   6692 R 100.0   0.1   0:59.95 MicroBench
07:09:36        8 root      20   0   21448  16100   6692 R 100.0   0.1   1:00.12 MicroBench
07:09:36        8 root      20   0   21448  16100   6692 R  93.3   0.1   1:00.28 MicroBench
07:09:36        8 root      20   0   21448  16100   6692 R 100.0   0.1   1:00.45 MicroBench
07:09:36        8 root      20   0   21448  16100   6692 R 100.0   0.1   1:00.62 MicroBench
07:09:37        8 root      20   0   21448  16100   6692 R 100.0   0.1   1:00.79 MicroBench
07:09:37        8 root      20   0   21448  16100   6692 R 100.0   0.1   1:00.96 MicroBench
07:09:37        8 root      20   0   21448  16100   6692 R 100.0   0.1   1:01.13 MicroBench
07:09:37        8 root      20   0   21448  16100   6692 R  93.8   0.1   1:01.29 MicroBench
07:09:37        8 root      20   0   21448  16100   6692 R 100.0   0.1   1:01.46 MicroBench
07:09:37        8 root      20   0   21448  16100   6692 R 100.0   0.1   1:01.63 MicroBench
07:09:38        8 root      20   0   21448  16100   6692 R 100.0   0.1   1:01.80 MicroBench
07:09:38        8 root      20   0   21448  16100   6692 R 100.0   0.1   1:01.96 MicroBench
07:09:38        8 root      20   0   21448  16100   6692 R  93.8   0.1   1:02.13 MicroBench
07:09:38        8 root      20   0   21448  16100   6692 R 100.0   0.1   1:02.30 MicroBench
07:09:38        8 root      20   0   21448  16100   6692 R 100.0   0.1   1:02.47 MicroBench
07:09:38        8 root      20   0   21448  16100   6692 R 100.0   0.1   1:02.63 MicroBench
07:09:39        8 root      20   0   21448  16100   6692 R 100.0   0.1   1:02.80 MicroBench
07:09:39        8 root      20   0   21448  16100   6692 R 100.0   0.1   1:02.97 MicroBench
07:09:39        8 root      20   0   21448  16100   6692 R 100.0   0.1   1:03.14 MicroBench
07:09:39        8 root      20   0   21448  16100   6692 R  86.7   0.1   1:03.29 MicroBench
07:09:39        8 root      20   0   21448  16100   6692 R 100.0   0.1   1:03.46 MicroBench
07:09:39        8 root      20   0   21448  16100   6692 R 100.0   0.1   1:03.63 MicroBench
07:09:40        8 root      20   0   21448  16100   6692 R 100.0   0.1   1:03.80 MicroBench
07:09:40        8 root      20   0   21448  16100   6692 R 100.0   0.1   1:03.96 MicroBench
07:09:40        8 root      20   0   21448  16100   6692 R  93.8   0.1   1:04.13 MicroBench
07:09:40        8 root      20   0   21448  16100   6692 R 100.0   0.1   1:04.30 MicroBench
07:09:40        8 root      20   0   21448  16100   6692 R 100.0   0.1   1:04.47 MicroBench
07:09:40        8 root      20   0   21448  16100   6692 R  93.3   0.1   1:04.63 MicroBench
07:09:41        8 root      20   0   21448  16100   6692 R 100.0   0.1   1:04.81 MicroBench
07:09:41        8 root      20   0   21448  16100   6692 R 100.0   0.1   1:04.97 MicroBench
07:09:41        8 root      20   0   21448  16100   6692 R  93.8   0.1   1:05.14 MicroBench
07:09:41        8 root      20   0   21448  16100   6692 R 100.0   0.1   1:05.31 MicroBench
07:09:41        8 root      20   0   21448  16100   6692 R 100.0   0.1   1:05.48 MicroBench
07:09:41        8 root      20   0   21448  16100   6692 R 100.0   0.1   1:05.65 MicroBench
07:09:42        8 root      20   0   21448  16100   6692 R 100.0   0.1   1:05.81 MicroBench
07:09:42        8 root      20   0   21448  16100   6692 R 100.0   0.1   1:05.98 MicroBench
07:09:42        8 root      20   0   21448  16100   6692 R 100.0   0.1   1:06.15 MicroBench
07:09:42        8 root      20   0   21448  16100   6692 R  93.8   0.1   1:06.32 MicroBench
07:09:42        8 root      20   0   21448  16100   6692 R 100.0   0.1   1:06.49 MicroBench
07:09:42        8 root      20   0   21448  16100   6692 R 100.0   0.1   1:06.66 MicroBench
07:09:43        8 root      20   0   21448  16100   6692 R 100.0   0.1   1:06.82 MicroBench
07:09:43        8 root      20   0   21448  16100   6692 R 100.0   0.1   1:06.99 MicroBench
07:09:43        8 root      20   0   21448  16100   6692 R  93.8   0.1   1:07.16 MicroBench
07:09:43        8 root      20   0   21448  16100   6692 R 100.0   0.1   1:07.33 MicroBench
07:09:43        8 root      20   0   21448  16100   6692 R 100.0   0.1   1:07.49 MicroBench
07:09:43        8 root      20   0   21448  16100   6692 R 100.0   0.1   1:07.66 MicroBench
07:09:44        8 root      20   0   21448  16100   6692 R 100.0   0.1   1:07.83 MicroBench
07:09:44        8 root      20   0   21448  16100   6692 R 100.0   0.1   1:08.00 MicroBench
07:09:44        8 root      20   0   21448  16100   6692 R 100.0   0.1   1:08.16 MicroBench
07:09:44        8 root      20   0   21448  16100   6692 R 100.0   0.1   1:08.33 MicroBench
07:09:44        8 root      20   0   21448  16100   6692 R 100.0   0.1   1:08.50 MicroBench
07:09:45        8 root      20   0   21448  16100   6692 R 100.0   0.1   1:08.67 MicroBench
07:09:45        8 root      20   0   21448  16100   6692 R 100.0   0.1   1:08.84 MicroBench
07:09:45        8 root      20   0   21448  16100   6692 R  93.8   0.1   1:09.00 MicroBench
07:09:45        8 root      20   0   21448  16100   6692 R  93.8   0.1   1:09.17 MicroBench
07:09:45        8 root      20   0   21448  16100   6692 R 100.0   0.1   1:09.38 MicroBench
07:09:45        8 root      20   0   21448  16100   6692 R  93.8   0.1   1:09.55 MicroBench
07:09:46        8 root      20   0   21448  16100   6692 R  93.8   0.1   1:09.72 MicroBench
07:09:46        8 root      20   0   21448  16100   6692 R 100.0   0.1   1:09.89 MicroBench
07:09:46        8 root      20   0   21448  16100   6692 R 100.0   0.1   1:10.06 MicroBench
07:09:46        8 root      20   0   21448  16100   6692 R 100.0   0.1   1:10.22 MicroBench
07:09:46        8 root      20   0   21448  16100   6692 R 100.0   0.1   1:10.39 MicroBench
07:09:46        8 root      20   0   21448  16100   6692 R 100.0   0.1   1:10.56 MicroBench
07:09:47        8 root      20   0   21448  16100   6692 R  93.3   0.1   1:10.72 MicroBench
07:09:47        8 root      20   0   21448  16100   6692 R 100.0   0.1   1:10.89 MicroBench
07:09:47        8 root      20   0   21448  16100   6692 R 100.0   0.1   1:11.06 MicroBench
07:09:47        8 root      20   0   21448  16100   6692 R 100.0   0.1   1:11.23 MicroBench
07:09:47        8 root      20   0   21448  16100   6692 R 100.0   0.1   1:11.39 MicroBench
07:09:47        8 root      20   0   21448  16100   6692 R 100.0   0.1   1:11.56 MicroBench
07:09:48        8 root      20   0   21448  16100   6692 R 100.0   0.1   1:11.73 MicroBench
07:09:48        8 root      20   0   21448  16100   6692 R 100.0   0.1   1:11.90 MicroBench
07:09:48        8 root      20   0   21448  16100   6692 R 100.0   0.1   1:12.06 MicroBench
07:09:48        8 root      20   0   21448  16100   6692 R 100.0   0.1   1:12.23 MicroBench
07:09:48        8 root      20   0   21448  16100   6692 R 100.0   0.1   1:12.40 MicroBench
07:09:48        8 root      20   0   21448  16100   6692 R 100.0   0.1   1:12.58 MicroBench
07:09:49        8 root      20   0   21448  16100   6692 R 100.0   0.1   1:12.75 MicroBench
07:09:49        8 root      20   0   21448  16100   6692 R 100.0   0.1   1:12.92 MicroBench
07:09:49        8 root      20   0   21448  16100   6692 R 100.0   0.1   1:13.09 MicroBench
07:09:49        8 root      20   0   21448  16100   6692 R  93.8   0.1   1:13.26 MicroBench
07:09:49        8 root      20   0   21448  16100   6692 R  93.8   0.1   1:13.43 MicroBench
07:09:49        8 root      20   0   21448  16100   6692 R 100.0   0.1   1:13.61 MicroBench
07:09:50        8 root      20   0   21448  16100   6692 R  93.8   0.1   1:13.77 MicroBench
07:09:50        8 root      20   0   21448  16100   6692 R 100.0   0.1   1:13.96 MicroBench
07:09:50        8 root      20   0   21448  16100   6692 R  93.8   0.1   1:14.13 MicroBench
07:09:50        8 root      20   0   21448  16100   6692 R 100.0   0.1   1:14.30 MicroBench
07:09:50        8 root      20   0   21448  16100   6692 R 100.0   0.1   1:14.47 MicroBench
07:09:50        8 root      20   0   21448  16100   6692 R 100.0   0.1   1:14.63 MicroBench
07:09:51        8 root      20   0   21448  16100   6692 R 100.0   0.1   1:14.80 MicroBench
07:09:51        8 root      20   0   21448  16100   6692 R 100.0   0.1   1:14.97 MicroBench
07:09:51        8 root      20   0   21448  16100   6692 R  93.3   0.1   1:15.13 MicroBench
07:09:51        8 root      20   0   21448  16100   6692 R 100.0   0.1   1:15.32 MicroBench
07:09:51        8 root      20   0   21448  16100   6692 R 100.0   0.1   1:15.49 MicroBench
07:09:52        8 root      20   0   21448  16100   6692 R 100.0   0.1   1:15.66 MicroBench
07:09:52        8 root      20   0   21448  16100   6692 R 100.0   0.1   1:15.83 MicroBench
07:09:52        8 root      20   0   21448  16100   6692 R  93.8   0.1   1:15.99 MicroBench
07:09:52        8 root      20   0   21448  16100   6692 R 100.0   0.1   1:16.16 MicroBench
07:09:52        8 root      20   0   21448  16100   6692 R 100.0   0.1   1:16.33 MicroBench
07:09:52        8 root      20   0   21448  16100   6692 R 100.0   0.1   1:16.50 MicroBench
07:09:53        8 root      20   0   21448  16100   6692 R 100.0   0.1   1:16.67 MicroBench
07:09:53        8 root      20   0   21448  16100   6692 R 100.0   0.1   1:16.83 MicroBench
07:09:53        8 root      20   0   21448  16100   6692 R 100.0   0.1   1:17.00 MicroBench
07:09:53        8 root      20   0   21448  16100   6692 R 100.0   0.1   1:17.17 MicroBench
07:09:53        8 root      20   0   21448  16100   6692 R 100.0   0.1   1:17.34 MicroBench
07:09:53        8 root      20   0   21448  16100   6692 R  93.3   0.1   1:17.50 MicroBench
07:09:54        8 root      20   0   21448  16100   6692 R  93.8   0.1   1:17.67 MicroBench
07:09:54        8 root      20   0   21448  16100   6692 R 100.0   0.1   1:17.84 MicroBench
07:09:54        8 root      20   0   21448  16100   6692 R 100.0   0.1   1:18.01 MicroBench
07:09:54        8 root      20   0   21448  16100   6692 R 100.0   0.1   1:18.18 MicroBench
07:09:54        8 root      20   0   21448  16100   6692 R 100.0   0.1   1:18.35 MicroBench
07:09:54        8 root      20   0   21448  16100   6692 R 100.0   0.1   1:18.51 MicroBench
07:09:55        8 root      20   0   21448  16100   6692 R  93.8   0.1   1:18.68 MicroBench
07:09:55        8 root      20   0   21448  16100   6692 R 100.0   0.1   1:18.85 MicroBench
07:09:55        8 root      20   0   21448  16100   6692 R 100.0   0.1   1:19.02 MicroBench
07:09:55        8 root      20   0   21448  16100   6692 R 100.0   0.1   1:19.19 MicroBench
07:09:55        8 root      20   0   21448  16100   6692 R 100.0   0.1   1:19.35 MicroBench
07:09:55        8 root      20   0   21448  16100   6692 R  93.8   0.1   1:19.52 MicroBench
07:09:56        8 root      20   0   21448  16100   6692 R 100.0   0.1   1:19.69 MicroBench
07:09:56        8 root      20   0   21448  16100   6692 R 100.0   0.1   1:19.86 MicroBench
07:09:56        8 root      20   0   21448  16100   6692 R 100.0   0.1   1:20.02 MicroBench
07:09:56        8 root      20   0   21448  16100   6692 R 100.0   0.1   1:20.19 MicroBench
07:09:56        8 root      20   0   21448  16100   6692 R  93.3   0.1   1:20.35 MicroBench
07:09:56        8 root      20   0   21448  16100   6692 R 100.0   0.1   1:20.53 MicroBench
07:09:57        8 root      20   0   21448  16100   6692 R 100.0   0.1   1:20.69 MicroBench
07:09:57        8 root      20   0   21448  16100   6692 R 100.0   0.1   1:20.86 MicroBench
07:09:57        8 root      20   0   21448  16100   6692 R 100.0   0.1   1:21.03 MicroBench
07:09:57        8 root      20   0   21448  16100   6692 R  93.3   0.1   1:21.19 MicroBench
07:09:57        8 root      20   0   21448  16100   6692 R 100.0   0.1   1:21.35 MicroBench
07:09:57        8 root      20   0   21448  16100   6692 R 100.0   0.1   1:21.52 MicroBench
07:09:58        8 root      20   0   21448  16100   6692 R 100.0   0.1   1:21.70 MicroBench
07:09:58        8 root      20   0   21448  16100   6692 R 100.0   0.1   1:21.86 MicroBench
07:09:58        8 root      20   0   21448  16100   6692 R 100.0   0.1   1:22.03 MicroBench
07:09:58        8 root      20   0   21448  16100   6692 R 100.0   0.1   1:22.20 MicroBench
07:09:58        8 root      20   0   21448  16100   6692 R 100.0   0.1   1:22.37 MicroBench
07:09:58        8 root      20   0   21448  16100   6692 R 100.0   0.1   1:22.53 MicroBench
07:09:59        8 root      20   0   21448  16100   6692 R 100.0   0.1   1:22.70 MicroBench
07:09:59        8 root      20   0   21448  16100   6692 R 100.0   0.1   1:22.87 MicroBench
07:09:59        8 root      20   0   21448  16100   6692 R 100.0   0.1   1:23.03 MicroBench
07:09:59        8 root      20   0   21448  16100   6692 R 100.0   0.1   1:23.20 MicroBench
07:09:59        8 root      20   0   21448  16100   6692 R 100.0   0.1   1:23.37 MicroBench
07:09:59        8 root      20   0   21448  16100   6692 R 100.0   0.1   1:23.54 MicroBench
07:10:00        8 root      20   0   21448  16100   6692 R 100.0   0.1   1:23.70 MicroBench
07:10:00        8 root      20   0   21448  16100   6692 R 100.0   0.1   1:23.87 MicroBench
07:10:00        8 root      20   0   21448  16100   6692 R  93.8   0.1   1:24.04 MicroBench
07:10:00        8 root      20   0   21448  16100   6692 R  93.3   0.1   1:24.20 MicroBench
07:10:00        8 root      20   0   21448  16100   6692 R 100.0   0.1   1:24.37 MicroBench
07:10:00        8 root      20   0   21448  16100   6692 R 100.0   0.1   1:24.54 MicroBench
07:10:01        8 root      20   0   21448  16100   6692 R 100.0   0.1   1:24.71 MicroBench
07:10:01        8 root      20   0   21448  16100   6692 R 100.0   0.1   1:24.87 MicroBench
07:10:01        8 root      20   0   21448  16100   6692 R 100.0   0.1   1:25.04 MicroBench
07:10:01        8 root      20   0   21448  16100   6692 R 100.0   0.1   1:25.21 MicroBench
07:10:01        8 root      20   0   21448  16100   6692 R 100.0   0.1   1:25.38 MicroBench
07:10:01        8 root      20   0   21448  16100   6692 R 100.0   0.1   1:25.55 MicroBench
07:10:02        8 root      20   0   21448  16100   6692 R 100.0   0.1   1:25.71 MicroBench
07:10:02        8 root      20   0   21448  16100   6692 R 100.0   0.1   1:25.88 MicroBench
07:10:02        8 root      20   0   21448  16100   6692 R 100.0   0.1   1:26.05 MicroBench
07:10:02        8 root      20   0   21448  16100   6692 R 100.0   0.1   1:26.22 MicroBench
07:10:02        8 root      20   0   21448  16100   6692 R 100.0   0.1   1:26.38 MicroBench
07:10:02        8 root      20   0   21448  16100   6692 R 100.0   0.1   1:26.55 MicroBench
07:10:03        8 root      20   0   21448  16100   6692 R 100.0   0.1   1:26.72 MicroBench
07:10:03        8 root      20   0   21448  16100   6692 R  93.8   0.1   1:26.89 MicroBench
07:10:03        8 root      20   0   21448  16100   6692 R 100.0   0.1   1:27.06 MicroBench
07:10:03        8 root      20   0   21448  16100   6692 R  66.7   0.1   1:27.18 MicroBench
07:10:03        8 root      20   0   21448  16100   6692 R 100.0   0.1   1:27.35 MicroBench
07:10:03        8 root      20   0   21448  16100   6692 R 100.0   0.1   1:27.52 MicroBench
07:10:04        8 root      20   0   21448  16100   6692 R 100.0   0.1   1:27.69 MicroBench
07:10:04        8 root      20   0   21448  16100   6692 R 100.0   0.1   1:27.86 MicroBench
07:10:04        8 root      20   0   21448  16100   6692 R 100.0   0.1   1:28.03 MicroBench
07:10:04        8 root      20   0   21448  16100   6692 R 100.0   0.1   1:28.19 MicroBench
07:10:04        8 root      20   0   21448  16100   6692 R 100.0   0.1   1:28.36 MicroBench
07:10:04        8 root      20   0   21448  16100   6692 R 100.0   0.1   1:28.53 MicroBench
07:10:05        8 root      20   0   21448  16100   6692 R 100.0   0.1   1:28.70 MicroBench
07:10:05        8 root      20   0   21448  16100   6692 R 100.0   0.1   1:28.86 MicroBench
07:10:05        8 root      20   0   21448  16100   6692 R 100.0   0.1   1:29.03 MicroBench
07:10:05        8 root      20   0   21448  16100   6692 R 100.0   0.1   1:29.20 MicroBench
07:10:05        8 root      20   0   21448  16100   6692 R  93.3   0.1   1:29.36 MicroBench
07:10:05        8 root      20   0   21448  16100   6692 R 100.0   0.1   1:29.53 MicroBench
07:10:06        8 root      20   0   21448  16100   6692 R 100.0   0.1   1:29.70 MicroBench
07:10:06        8 root      20   0   21448  16100   6692 R 100.0   0.1   1:29.87 MicroBench
07:10:06        8 root      20   0   21448  16100   6692 R 100.0   0.1   1:30.04 MicroBench
07:10:06        8 root      20   0   21448  16100   6692 R 100.0   0.1   1:30.21 MicroBench
07:10:06        8 root      20   0   21448  16100   6692 R 100.0   0.1   1:30.37 MicroBench
07:10:06        8 root      20   0   21448  16100   6692 R  93.8   0.1   1:30.54 MicroBench
07:10:07        8 root      20   0   21448  16100   6692 R 100.0   0.1   1:30.71 MicroBench
07:10:07        8 root      20   0   21448  16100   6692 R 100.0   0.1   1:30.88 MicroBench
07:10:07        8 root      20   0   21448  16100   6692 R 100.0   0.1   1:31.04 MicroBench
07:10:07        8 root      20   0   21448  16100   6692 R 100.0   0.1   1:31.21 MicroBench
07:10:07        8 root      20   0   21448  16100   6692 R 100.0   0.1   1:31.38 MicroBench
07:10:07        8 root      20   0   21448  16100   6692 R 100.0   0.1   1:31.55 MicroBench
07:10:08        8 root      20   0   21448  16100   6692 R  93.8   0.1   1:31.72 MicroBench
07:10:08        8 root      20   0   21448  16100   6692 R 100.0   0.1   1:31.89 MicroBench
07:10:08        8 root      20   0   21448  16100   6692 R 100.0   0.1   1:32.05 MicroBench
07:10:08        8 root      20   0   21448  16100   6692 R 100.0   0.1   1:32.22 MicroBench
07:10:08        8 root      20   0   21448  16100   6692 R 100.0   0.1   1:32.39 MicroBench
07:10:09        8 root      20   0   21448  16100   6692 R 100.0   0.1   1:32.56 MicroBench
07:10:09        8 root      20   0   21448  16100   6692 R 100.0   0.1   1:32.73 MicroBench
07:10:09        8 root      20   0   21448  16100   6692 R 100.0   0.1   1:32.90 MicroBench
07:10:09        8 root      20   0   21448  16100   6692 R  93.3   0.1   1:33.06 MicroBench
07:10:09        8 root      20   0   21448  16100   6692 R 100.0   0.1   1:33.25 MicroBench
07:10:09        8 root      20   0   21448  16100   6692 R 100.0   0.1   1:33.42 MicroBench
07:10:10        8 root      20   0   21448  16100   6692 R  93.3   0.1   1:33.58 MicroBench
07:10:10        8 root      20   0   21448  16100   6692 R 100.0   0.1   1:33.76 MicroBench
07:10:10        8 root      20   0   21448  16100   6692 R 100.0   0.1   1:33.93 MicroBench
07:10:10        8 root      20   0   21448  16100   6692 R 100.0   0.1   1:34.09 MicroBench
07:10:10        8 root      20   0   21448  16100   6692 R 100.0   0.1   1:34.26 MicroBench
07:10:10        8 root      20   0   21448  16100   6692 R 100.0   0.1   1:34.43 MicroBench
07:10:11        8 root      20   0   21448  16100   6692 R 100.0   0.1   1:34.60 MicroBench
07:10:11        8 root      20   0   21448  16100   6692 R 100.0   0.1   1:34.77 MicroBench
07:10:11        8 root      20   0   21448  16100   6692 R 100.0   0.1   1:34.94 MicroBench
07:10:11        8 root      20   0   21448  16100   6692 R 100.0   0.1   1:35.10 MicroBench
07:10:11        8 root      20   0   21448  16100   6692 R 100.0   0.1   1:35.27 MicroBench
07:10:11        8 root      20   0   21448  16100   6692 R 100.0   0.1   1:35.44 MicroBench
07:10:12        8 root      20   0   21448  16100   6692 R  93.8   0.1   1:35.61 MicroBench
07:10:12        8 root      20   0   21448  16100   6692 R 100.0   0.1   1:35.78 MicroBench
07:10:12        8 root      20   0   21448  16100   6692 R 100.0   0.1   1:35.94 MicroBench
07:10:12        8 root      20   0   21448  16100   6692 R 100.0   0.1   1:36.11 MicroBench
07:10:12        8 root      20   0   21448  16100   6692 R 100.0   0.1   1:36.29 MicroBench
07:10:12        8 root      20   0   21448  16100   6692 R 100.0   0.1   1:36.45 MicroBench
07:10:13        8 root      20   0   21448  16100   6692 R 100.0   0.1   1:36.62 MicroBench
07:10:13        8 root      20   0   21448  16100   6692 R 100.0   0.1   1:36.79 MicroBench
07:10:13        8 root      20   0   21448  16100   6692 R  93.8   0.1   1:36.95 MicroBench
07:10:13        8 root      20   0   21448  16100   6692 R 100.0   0.1   1:37.12 MicroBench
07:10:13        8 root      20   0   21448  16100   6692 R 100.0   0.1   1:37.29 MicroBench
07:10:13        8 root      20   0   21448  16100   6692 R 100.0   0.1   1:37.46 MicroBench
07:10:14        8 root      20   0   21448  16100   6692 R 100.0   0.1   1:37.62 MicroBench
07:10:14        8 root      20   0   21448  16100   6692 R 100.0   0.1   1:37.79 MicroBench
07:10:14        8 root      20   0   21448  16100   6692 R 100.0   0.1   1:37.96 MicroBench
07:10:14        8 root      20   0   21448  16100   6692 R 100.0   0.1   1:38.13 MicroBench
07:10:14        8 root      20   0   21448  16100   6692 R 100.0   0.1   1:38.30 MicroBench
07:10:14        8 root      20   0   21448  16100   6692 R 100.0   0.1   1:38.46 MicroBench
07:10:15        8 root      20   0   21448  16100   6692 R 100.0   0.1   1:38.63 MicroBench
07:10:15        8 root      20   0   21448  16100   6692 R 100.0   0.1   1:38.80 MicroBench
07:10:15        8 root      20   0   21448  16100   6692 R 100.0   0.1   1:38.97 MicroBench
07:10:15        8 root      20   0   21448  16100   6692 R  86.7   0.1   1:39.12 MicroBench
07:10:15        8 root      20   0   21448  16100   6692 R 100.0   0.1   1:39.29 MicroBench
07:10:15        8 root      20   0   21448  16100   6692 R 100.0   0.1   1:39.46 MicroBench
07:10:16        8 root      20   0   21448  16100   6692 R 100.0   0.1   1:39.62 MicroBench
07:10:16        8 root      20   0   21448  16100   6692 R 100.0   0.1   1:39.79 MicroBench
07:10:16        8 root      20   0   21448  16100   6692 R 100.0   0.1   1:39.96 MicroBench
07:10:16        8 root      20   0   21448  16100   6692 R 100.0   0.1   1:40.13 MicroBench
07:10:16        8 root      20   0   21448  16100   6692 R 100.0   0.1   1:40.30 MicroBench
07:10:16        8 root      20   0   21448  16100   6692 R  93.8   0.1   1:40.47 MicroBench
07:10:17        8 root      20   0   21448  16100   6692 R  93.8   0.1   1:40.64 MicroBench
07:10:17        8 root      20   0   21448  16100   6692 R 100.0   0.1   1:40.81 MicroBench
07:10:17        8 root      20   0   21448  16100   6692 R 100.0   0.1   1:40.97 MicroBench
07:10:17        8 root      20   0   21448  16100   6692 R 100.0   0.1   1:41.14 MicroBench
07:10:17        8 root      20   0   21448  16100   6692 R 100.0   0.1   1:41.31 MicroBench
07:10:17        8 root      20   0   21448  16100   6692 R 100.0   0.1   1:41.48 MicroBench
07:10:18        8 root      20   0   21448  16100   6692 R 100.0   0.1   1:41.65 MicroBench
07:10:18        8 root      20   0   21448  16100   6692 R 100.0   0.1   1:41.81 MicroBench
07:10:18        8 root      20   0   21448  16100   6692 R 100.0   0.1   1:41.98 MicroBench
07:10:18        8 root      20   0   21448  16100   6692 R 100.0   0.1   1:42.15 MicroBench
07:10:18        8 root      20   0   21448  16100   6692 R 100.0   0.1   1:42.32 MicroBench
07:10:18        8 root      20   0   21448  16100   6692 R 100.0   0.1   1:42.49 MicroBench
07:10:19        8 root      20   0   21448  16100   6692 R 100.0   0.1   1:42.66 MicroBench
07:10:19        8 root      20   0   21448  16100   6692 R 100.0   0.1   1:42.82 MicroBench
07:10:19        8 root      20   0   21448  16100   6692 R 100.0   0.1   1:42.99 MicroBench
07:10:19        8 root      20   0   21448  16100   6692 R 100.0   0.1   1:43.16 MicroBench
07:10:19        8 root      20   0   21448  16100   6692 R 100.0   0.1   1:43.33 MicroBench
07:10:20        8 root      20   0   21448  16100   6692 R 100.0   0.1   1:43.50 MicroBench
07:10:20        8 root      20   0   21448  16100   6692 R 100.0   0.1   1:43.67 MicroBench
07:10:20        8 root      20   0   21448  16100   6692 R 100.0   0.1   1:43.84 MicroBench
07:10:20        8 root      20   0   21448  16100   6692 R 100.0   0.1   1:44.00 MicroBench
07:10:20        8 root      20   0   21448  16100   6692 R 100.0   0.1   1:44.17 MicroBench
07:10:20        8 root      20   0   21448  16100   6692 R  93.8   0.1   1:44.34 MicroBench
07:10:21        8 root      20   0   21448  16100   6692 R 100.0   0.1   1:44.51 MicroBench
07:10:21        8 root      20   0   21448  16100   6692 R 100.0   0.1   1:44.68 MicroBench
07:10:21        8 root      20   0   21448  16100   6692 R 100.0   0.1   1:44.85 MicroBench
07:10:21        8 root      20   0   21448  16100   6692 R  93.3   0.1   1:45.01 MicroBench
07:10:21        8 root      20   0   21448  16100   6692 R 100.0   0.1   1:45.22 MicroBench
07:10:21        8 root      20   0   21448  16100   6692 R  93.3   0.1   1:45.38 MicroBench
07:10:22        8 root      20   0   21448  16100   6692 R 100.0   0.1   1:45.55 MicroBench
07:10:22        8 root      20   0   21448  16100   6692 R 100.0   0.1   1:45.72 MicroBench
07:10:22        8 root      20   0   21448  16100   6692 R 100.0   0.1   1:45.89 MicroBench
07:10:22        8 root      20   0   21448  16100   6692 R  93.8   0.1   1:46.06 MicroBench
07:10:22        8 root      20   0   21448  16100   6692 R 100.0   0.1   1:46.23 MicroBench
07:10:22        8 root      20   0   21448  16100   6692 R 100.0   0.1   1:46.39 MicroBench
07:10:23        8 root      20   0   21448  16100   6692 R  93.8   0.1   1:46.57 MicroBench
07:10:23        8 root      20   0   21448  16100   6692 R  93.8   0.1   1:46.74 MicroBench
07:10:23        8 root      20   0   21448  16100   6692 R 100.0   0.1   1:46.91 MicroBench
07:10:23        8 root      20   0   21448  16100   6692 R 100.0   0.1   1:47.07 MicroBench
07:10:23        8 root      20   0   21448  16100   6692 R 100.0   0.1   1:47.24 MicroBench
07:10:23        8 root      20   0   21448  16100   6692 R  93.3   0.1   1:47.40 MicroBench
07:10:24        8 root      20   0   21448  16100   6692 R 100.0   0.1   1:47.57 MicroBench
07:10:24        8 root      20   0   21448  16100   6692 R 100.0   0.1   1:47.74 MicroBench
07:10:24        8 root      20   0   21448  16100   6692 R 100.0   0.1   1:47.91 MicroBench
07:10:24        8 root      20   0   21448  16100   6692 R 100.0   0.1   1:48.08 MicroBench
07:10:24        8 root      20   0   21448  16100   6692 R  93.8   0.1   1:48.24 MicroBench
07:10:24        8 root      20   0   21448  16100   6692 R 100.0   0.1   1:48.42 MicroBench
07:10:25        8 root      20   0   21448  16100   6692 R 100.0   0.1   1:48.59 MicroBench
07:10:25        8 root      20   0   21448  16100   6692 R 100.0   0.1   1:48.76 MicroBench
07:10:25        8 root      20   0   21448  16100   6692 R 100.0   0.1   1:48.93 MicroBench
07:10:25        8 root      20   0   21448  16100   6692 R  93.8   0.1   1:49.09 MicroBench
07:10:25        8 root      20   0   21448  16100   6692 R 100.0   0.1   1:49.26 MicroBench
07:10:25        8 root      20   0   21448  16100   6692 R 100.0   0.1   1:49.43 MicroBench
07:10:26        8 root      20   0   21448  16100   6692 R 100.0   0.1   1:49.60 MicroBench
07:10:26        8 root      20   0   21448  16100   6692 R  93.3   0.1   1:49.76 MicroBench
07:10:26        8 root      20   0   21448  16100   6692 R 100.0   0.1   1:49.94 MicroBench
07:10:26        8 root      20   0   21448  16100   6692 R 100.0   0.1   1:50.10 MicroBench
07:10:26        8 root      20   0   21448  16100   6692 R  93.8   0.1   1:50.27 MicroBench
07:10:26        8 root      20   0   21448  16100   6692 R 100.0   0.1   1:50.44 MicroBench
07:10:27        8 root      20   0   21448  16100   6692 R 100.0   0.1   1:50.61 MicroBench
07:10:27        8 root      20   0   21448  16100   6692 R  93.3   0.1   1:50.77 MicroBench
07:10:27        8 root      20   0   21448  16100   6692 R 100.0   0.1   1:50.95 MicroBench
07:10:27        8 root      20   0   21448  16100   6692 R  88.2   0.1   1:51.12 MicroBench
07:10:27        8 root      20   0   21448  16100   6692 R  93.8   0.1   1:51.30 MicroBench
07:10:28        8 root      20   0   21448  16100   6692 R  93.3   0.1   1:51.46 MicroBench
07:10:28        8 root      20   0   21448  16100   6692 R 100.0   0.1   1:51.63 MicroBench
07:10:28        8 root      20   0   21448  16100   6692 R 100.0   0.1   1:51.81 MicroBench
07:10:28        8 root      20   0   21448  16100   6692 R 100.0   0.1   1:51.97 MicroBench
07:10:28        8 root      20   0   21448  16100   6692 R 100.0   0.1   1:52.14 MicroBench
07:10:28        8 root      20   0   21448  16100   6692 R 100.0   0.1   1:52.31 MicroBench
07:10:29        8 root      20   0   21448  16100   6692 R 100.0   0.1   1:52.48 MicroBench
07:10:29        8 root      20   0   21448  16100   6692 R 100.0   0.1   1:52.66 MicroBench
07:10:29        8 root      20   0   21448  16100   6692 R 100.0   0.1   1:52.82 MicroBench
07:10:29        8 root      20   0   21448  16100   6692 R 100.0   0.1   1:52.99 MicroBench
07:10:29        8 root      20   0   21448  16100   6692 R 100.0   0.1   1:53.16 MicroBench
07:10:29        8 root      20   0   21580  16364   6692 R 100.0   0.1   1:53.33 MicroBench
Avg reg. time: 81546458
Avg opt. time: 35625257
Median reg. time: 81753750
Median opt. time: 35591542
07:10:30  MicroBench not found.
MicroBench process has exited. Monitoring script will terminate.
