Args:
  Number of session tables    : 1024
  Parameter of LOCA           : 64
  Monitor sleep time (ms) : 100

Started ./src/main with PID: 8
Initializing curve parameters...
Number of sessions (N): 1024
Number of secrets (K): 64
06:57:43        8 root      20   0   49816  38304   3940 R 100.0   0.2   0:00.15 main
06:57:43        8 root      20   0   74844  64100   3940 R 100.0   0.4   0:00.42 main
06:57:43        8 root      20   0  100956  88236   3940 R 100.0   0.5   0:00.69 main
06:57:44        8 root      20   0  116136 107372   3940 R  93.3   0.7   0:00.94 main
06:57:44        8 root      20   0  181728 132048   3940 R 100.0   0.8   0:01.21 main
06:57:44        8 root      20   0  180520 149324   3940 R  93.3   0.9   0:01.47 main
06:57:44        8 root      20   0  197680 172616   3940 R  93.3   1.1   0:01.73 main
06:57:45        8 root      20   0  214840 195908   3940 R 100.0   1.2   0:02.00 main
06:57:45        8 root      20   0  229888 216364   3940 R  93.3   1.3   0:02.26 main
06:57:45        8 root      20   0  281140 235504   3940 R 100.0   1.4   0:02.53 main
06:57:46        8 root      20   0  295396 256156   3940 R 100.0   1.6   0:02.79 main
06:57:46        8 root      20   0  310180 277072   3940 R 100.0   1.7   0:03.05 main
06:57:46        8 root      20   0  326416 299308   3940 R  87.5   1.8   0:03.31 main
06:57:46        8 root      20   0  342388 320292   3940 R 100.0   2.0   0:03.58 main
06:57:47        8 root      20   0  389412 341928   3940 R 100.0   2.1   0:03.83 main
06:57:47        8 root      20   0  405648 362384   3940 R 100.0   2.2   0:04.09 main
06:57:47        8 root      20   0  421752 384356   3940 R 100.0   2.4   0:04.37 main
06:57:47        8 root      20   0  436008 403756   3940 R 100.0   2.5   0:04.63 main
06:57:48        8 root      20   0  524124 425336   3940 R 100.0   2.6   0:04.89 main
06:57:48        8 root      20   0  538512 443944   3940 R 100.0   2.7   0:05.16 main
06:57:48        8 root      20   0  552768 462288   3940 R 100.0   2.8   0:05.42 main
06:57:48        8 root      20   0  567684 483468   3940 R 100.0   3.0   0:05.68 main
06:57:49        8 root      20   0  583656 507488   3940 R  93.3   3.1   0:05.93 main
06:57:49        8 root      20   0  599364 529456   3940 R 100.0   3.3   0:06.20 main
06:57:49        8 root      20   0  615468 551692   3940 R 100.0   3.4   0:06.46 main
06:57:49        8 root      20   0  631704 571884   3940 R  93.8   3.5   0:06.72 main
06:57:50        8 root      20   0  646092 592536   3940 R 100.0   3.6   0:06.98 main
06:57:50        8 root      20   0  660348 612928   3940 R 100.0   3.8   0:07.24 main
06:57:50        8 root      20   0  674736 631268   3940 R  93.3   3.9   0:07.50 main
06:57:51        8 root      20   0  689784 652448   3940 R 100.0   4.0   0:07.77 main
06:57:51        8 root      20   0  704832 677980   3940 R  93.3   4.2   0:08.02 main
06:57:51        8 root      20   0  734400 717768   3940 R 100.0   4.4   0:08.29 main
06:57:51        8 root      20   0  901128 745196   3940 R 100.0   4.6   0:08.55 main
06:57:52        8 root      20   0  930432 784720   3940 R 100.0   4.8   0:08.81 main
06:57:52        8 root      20   0  959868 826288   3940 R 100.0   5.1   0:09.06 main
06:57:52        8 root      20   0  989304 866076   3940 R 100.0   5.3   0:09.33 main
06:57:52        8 root      20   0 1019004 908172   3940 R 100.0   5.6   0:09.59 main
06:57:53        8 root      20   0 1048044 947432   3940 R 100.0   5.8   0:09.85 main
06:57:53        8 root      20   0 1077348 986956   3940 R 100.0   6.1   0:10.11 main
06:57:53        8 root      20   0 1106784   1.0g   3940 R 100.0   6.3   0:10.37 main
06:57:53        8 root      20   0 1136352   1.0g   3940 R 100.0   6.6   0:10.63 main
06:57:54        8 root      20   0 1166184   1.1g   3940 R 100.0   6.8   0:10.89 main
06:57:54        8 root      20   0 1196808   1.1g   3940 R 100.0   7.1   0:11.16 main
06:57:54        8 root      20   0 1226112   1.1g   3940 R 100.0   7.3   0:11.42 main
06:57:54        8 root      20   0 1255944   1.2g   3940 R 100.0   7.6   0:11.68 main
06:57:55        8 root      20   0 1285380   1.2g   3940 R 100.0   7.8   0:11.94 main
06:57:55        8 root      20   0 1589928   1.2g   3940 R 100.0   7.9   0:12.21 main
06:57:55        8 root      20   0 1619760   1.3g   3940 R 100.0   8.2   0:12.47 main
06:57:55        8 root      20   0 1649724   1.3g   3940 R 100.0   8.4   0:12.74 main
06:57:56        8 root      20   0 1679424   1.3g   3940 R 100.0   8.7   0:12.99 main
06:57:56        8 root      20   0 1708860   1.4g   3940 R 100.0   8.9   0:13.26 main
06:57:56        8 root      20   0 1738428   1.4g   3940 R 100.0   9.2   0:13.52 main
06:57:57        8 root      20   0 1767732   1.5g   3940 R 100.0   9.4   0:13.78 main
06:57:57        8 root      20   0 1797168   1.5g   3940 R  87.5   9.7   0:14.03 main
06:57:57        8 root      20   0 1826736   1.5g   3940 R 100.0   9.9   0:14.30 main
06:57:57        8 root      20   0 1856172   1.6g   3940 R 100.0  10.2   0:14.56 main
06:57:58        8 root      20   0 1885608   1.6g   3940 R  93.3  10.4   0:14.82 main
06:57:58        8 root      20   0 1916364   1.7g   3940 R 100.0  10.7   0:15.09 main
06:57:58        8 root      20   0 1946592   1.7g   3940 R 100.0  10.9   0:15.36 main
06:57:58        8 root      20   0 1976160   1.7g   3940 R 100.0  11.2   0:15.62 main
06:57:59        8 root      20   0 2005596   1.8g   3940 R 100.0  11.4   0:15.88 main
06:57:59        8 root      20   0 2035560   1.8g   3940 R 100.0  11.7   0:16.14 main
06:57:59        8 root      20   0 2066316   1.9g   3940 R 100.0  11.9   0:16.41 main
06:57:59        8 root      20   0 2095488   1.9g   3940 R 100.0  12.2   0:16.68 main
06:58:00        8 root      20   0 2125056   1.9g   3940 R  93.3  12.4   0:16.93 main
06:58:00        8 root      20   0 2155284   2.0g   3940 R 100.0  12.7   0:17.20 main
06:58:00        8 root      20   0 2184984   2.0g   3940 R 100.0  12.9   0:17.47 main
06:58:00        8 root      20   0 2214420   2.0g   3940 R 100.0  13.2   0:17.73 main
06:58:01        8 root      20   0 2243856   2.1g   3940 R  93.8  13.4   0:17.98 main
06:58:01        8 root      20   0 2273952   2.1g   3940 R 100.0  13.7   0:18.26 main
06:58:01        8 root      20   0 2303652   2.2g   3940 R 100.0  13.9   0:18.51 main
06:58:02        8 root      20   0 2333088   2.2g   3940 R 100.0  14.2   0:18.78 main
06:58:02        8 root      20   0 2362392   2.2g   3940 R 100.0  14.4   0:19.04 main
06:58:02        8 root      20   0 3549568   2.6g   3940 R 100.0  16.6   0:19.30 main
06:58:02        8 root      20   0 2971752   2.3g   3940 R  93.3  14.6   0:19.55 main
06:58:03        8 root      20   0 3001188   2.3g   3940 R 100.0  14.9   0:19.82 main
06:58:03        8 root      20   0 3030492   2.3g   3940 R 100.0  15.1   0:20.08 main
06:58:03        8 root      20   0 3060060   2.4g   3940 R 100.0  15.4   0:20.34 main
06:58:03        8 root      20   0 3089496   2.4g   3940 R 100.0  15.6   0:20.61 main
06:58:04        8 root      20   0 3119064   2.5g   3940 R 100.0  15.8   0:20.86 main
06:58:04        8 root      20   0 3148368   2.5g   3940 R 100.0  16.1   0:21.12 main
06:58:04        8 root      20   0 3177804   2.5g   3940 R 100.0  16.3   0:21.38 main
06:58:04        8 root      20   0 3207372   2.6g   3940 R 100.0  16.6   0:21.64 main
06:58:05        8 root      20   0 3235092   2.6g   3940 R  86.7  16.8   0:21.88 main
06:58:05        8 root      20   0 3264924   2.7g   3940 R  87.5  17.1   0:22.14 main
06:58:05        8 root      20   0 3294228   2.7g   3940 R 100.0  17.3   0:22.41 main
06:58:05        8 root      20   0 3323664   2.7g   3940 R 100.0  17.6   0:22.68 main
06:58:06        8 root      20   0 3352968   2.8g   3940 R 100.0  17.8   0:22.93 main
06:58:06        8 root      20   0 3382536   2.8g   3940 R 100.0  18.1   0:23.19 main
06:58:06        8 root      20   0 3412104   2.8g   3940 R 100.0  18.3   0:23.45 main
06:58:07        8 root      20   0 3441936   2.9g   3940 R  93.8  18.6   0:23.71 main
06:58:07        8 root      20   0 3471636   2.9g   3940 R  93.3  18.8   0:23.97 main
06:58:07        8 root      20   0 3501072   3.0g   3940 R 100.0  19.1   0:24.24 main
06:58:07        8 root      20   0 3530640   3.0g   3940 R 100.0  19.3   0:24.51 main
06:58:08        8 root      20   0 3560340   3.0g   3940 R 100.0  19.6   0:24.77 main
06:58:08        8 root      20   0 3590436   3.1g   3940 R 100.0  19.8   0:25.03 main
06:58:08        8 root      20   0 3620004   3.1g   3940 R 100.0  20.1   0:25.29 main
06:58:08        8 root      20   0 3650496   3.2g   3940 R 100.0  20.3   0:25.56 main
06:58:09        8 root      20   0 3679800   3.2g   3940 R 100.0  20.6   0:25.82 main
06:58:09        8 root      20   0 3709632   3.2g   3940 R  93.3  20.9   0:26.08 main
06:58:09        8 root      20   0 3739068   3.3g   3940 R 100.0  21.1   0:26.35 main
06:58:09        8 root      20   0 3768768   3.3g   3940 R  93.3  21.4   0:26.60 main
06:58:10        8 root      20   0 3798072   3.4g   3940 R  87.5  21.6   0:26.86 main
06:58:10        8 root      20   0 3828036   3.4g   3940 R 100.0  21.9   0:27.13 main
06:58:10        8 root      20   0 3858792   3.4g   3940 R  93.8  22.1   0:27.40 main
06:58:11        8 root      20   0 3888360   3.5g   3940 R 100.0  22.4   0:27.67 main
06:58:11        8 root      20   0 3917664   3.5g   3940 R 100.0  22.6   0:27.92 main
06:58:11        8 root      20   0 3948288   3.6g   3940 R 100.0  22.9   0:28.20 main
06:58:11        8 root      20   0 3977724   3.6g   3940 R 100.0  23.1   0:28.45 main
06:58:12        8 root      20   0 4007292   3.6g   3940 R 100.0  23.4   0:28.72 main
06:58:12        8 root      20   0 4038312   3.7g   3940 R 100.0  23.6   0:28.99 main
06:58:12        8 root      20   0 4067616   3.7g   3940 R 100.0  23.9   0:29.25 main
06:58:12        8 root      20   0 4097052   3.7g   3940 R 100.0  24.1   0:29.51 main
06:58:13        8 root      20   0 4126884   3.8g   3940 R  93.8  24.4   0:29.77 main
06:58:13        8 root      20   0 4156848   3.8g   3940 R 100.0  24.6   0:30.04 main
06:58:13        8 root      20   0 4187604   3.9g   3940 R 100.0  24.9   0:30.31 main
06:58:13        8 root      20   0 4217172   3.9g   3940 R 100.0  25.1   0:30.57 main
06:58:14        8 root      20   0 4247400   3.9g   3940 R 100.0  25.4   0:30.85 main
06:58:14        8 root      20   0 4277232   4.0g   3940 R 100.0  25.6   0:31.11 main
06:58:14        8 root      20   0 4307328   4.0g   3940 R  93.8  25.9   0:31.37 main
06:58:14        8 root      20   0 4337556   4.1g   3940 R 100.0  26.2   0:31.64 main
06:58:15        8 root      20   0 4367520   4.1g   3940 R  93.3  26.4   0:31.90 main
06:58:15        8 root      20   0 4397088   4.1g   3940 R 100.0  26.7   0:32.16 main
06:58:15        8 root      20   0 4426788   4.2g   3940 R  93.8  26.9   0:32.43 main
06:58:16        8 root      20   0 4456752   4.2g   3940 R  93.3  27.2   0:32.69 main
06:58:16        8 root      20   0 4490148   4.3g   3940 R  87.5  27.4   0:32.98 main
06:58:16        8 root      20   0 4519848   4.3g   3940 R 100.0  27.7   0:33.25 main
06:58:16        8 root      20   0 6888784   4.6g   3940 R 100.0  29.6   0:33.52 main
06:58:17        8 root      20   0 6888784   5.0g   3940 R 100.0  32.3   0:33.78 main
06:58:17        8 root      20   0 6888784   4.3g   3940 R 100.0  27.8   0:34.05 main
06:58:17        8 root      20   0 5738568   4.4g   3940 R  93.8  28.0   0:34.31 main
06:58:17        8 root      20   0 5768136   4.4g   3940 R 100.0  28.3   0:34.57 main
06:58:18        8 root      20   0 5798100   4.4g   3940 R 100.0  28.5   0:34.84 main
06:58:18        8 root      20   0 5827668   4.5g   3940 R 100.0  28.8   0:35.10 main
06:58:18        8 root      20   0 5857896   4.5g   3940 R 100.0  29.0   0:35.37 main
06:58:18        8 root      20   0 5888388   4.5g   3940 R 100.0  29.3   0:35.64 main
06:58:19        8 root      20   0 5917956   4.6g   3940 R 100.0  29.5   0:35.89 main
06:58:19        8 root      20   0 5948052   4.6g   3940 R  93.3  29.8   0:36.16 main
06:58:19        8 root      20   0 5977620   4.7g   3940 R 100.0  30.1   0:36.42 main
06:58:20        8 root      20   0 6007584   4.7g   3940 R 100.0  30.3   0:36.69 main
06:58:20        8 root      20   0 6037548   4.7g   3940 R 100.0  30.5   0:36.96 main
06:58:20        8 root      20   0 6067380   4.8g   3940 R 100.0  30.8   0:37.22 main
06:58:20        8 root      20   0 7524616   5.0g   3940 R 100.0  31.9   0:37.48 main
06:58:21        8 root      20   0 7694500   5.2g   3940 R 100.0  33.2   0:37.74 main
06:58:21        8 root      20   0 7861876   5.4g   3940 R 100.0  34.5   0:38.00 main
06:58:21        8 root      20   0 8013280   5.6g   3940 R 100.0  35.8   0:38.26 main
06:58:21        8 root      20   0 8171284   5.8g   3940 R 100.0  37.2   0:38.53 main
06:58:22        8 root      20   0 8322688   6.0g   3940 R 100.0  38.4   0:38.79 main
06:58:22        8 root      20   0 8474884   6.2g   3940 R 100.0  39.7   0:39.05 main
06:58:22        8 root      20   0 8629852   6.4g   3940 R 100.0  41.0   0:39.31 main
06:58:22        8 root      20   0 8783104   6.6g   3940 R 100.0  42.3   0:39.58 main
06:58:23        8 root      20   0 8936356   6.8g   3940 R  93.8  43.6   0:39.84 main
06:58:23        8 root      20   0 9088420   7.0g   3940 R 100.0  44.9   0:40.10 main
06:58:23        8 root      20   0 9241144   7.2g   3940 R 100.0  46.2   0:40.36 main
06:58:24        8 root      20   0 9395848   7.4g   3940 R  93.8  47.5   0:40.63 main
06:58:24        8 root      20   0 9550024   7.6g   3940 R 100.0  48.8   0:40.89 main
06:58:24        8 root      20   0 9703804   7.8g   3940 R 100.0  50.1   0:41.16 main
06:58:24        8 root      20   0 9856396   8.0g   3940 R 100.0  51.4   0:41.42 main
06:58:25        8 root      20   0 9774.8m   8.2g   3940 R 100.0  52.7   0:41.68 main
06:58:25        8 root      20   0 9925.6m   8.4g   3940 R 100.0  54.0   0:41.94 main
06:58:25        8 root      20   0    9.8g   8.6g   3940 R  93.8  55.3   0:42.21 main
06:58:25        8 root      20   0   10.0g   8.8g   3940 R 100.0  56.6   0:42.47 main
06:58:26        8 root      20   0   10.1g   9.0g   3940 R 100.0  57.9   0:42.73 main
06:58:26        8 root      20   0   10.3g   9.2g   3940 R 100.0  59.2   0:43.00 main
06:58:26        8 root      20   0   10.4g   9.4g   3940 R 100.0  60.5   0:43.26 main
(enter) Call to r1cs_gg_ppzksnark_generator	[             ]	(1747033106.9679s x0.00 from start)
06:58:26        8 root      20   0   11.8g   9.6g   4068 R  93.8  61.8   0:43.52 main
06:58:27        8 root      20   0   12.0g   9.8g   4068 R  93.3  63.1   0:43.78 main
06:58:27        8 root      20   0   12.2g  10.0g   4068 R 100.0  64.5   0:44.05 main
06:58:27        8 root      20   0   12.3g  10.2g   4068 R 100.0  65.8   0:44.31 main
06:58:27        8 root      20   0   12.5g  10.4g   4068 R 100.0  67.1   0:44.58 main
06:58:28        8 root      20   0   12.6g  10.6g   4068 R  87.5  68.3   0:44.84 main
06:58:28        8 root      20   0   12.7g  10.8g   4068 R 100.0  69.6   0:45.11 main
06:58:28        8 root      20   0   12.9g  11.0g   4068 R 100.0  70.9   0:45.38 main
06:58:29        8 root      20   0   13.0g  11.2g   4068 R 100.0  72.1   0:45.64 main
06:58:29        8 root      20   0   13.2g  11.4g   4068 R 100.0  73.3   0:45.90 main
06:58:29        8 root      20   0   13.3g  11.6g   4068 R 100.0  74.6   0:46.17 main
06:58:29        8 root      20   0   13.4g  11.8g   4068 R  93.3  75.8   0:46.42 main
06:58:30        8 root      20   0   13.6g  12.0g   4068 R 100.0  77.1   0:46.69 main
06:58:30        8 root      20   0   13.7g  12.2g   4068 R 100.0  78.3   0:46.95 main
06:58:30        8 root      20   0   13.9g  12.4g   4068 R 100.0  79.5   0:47.21 main
06:58:30        8 root      20   0   13.9g  12.4g   4068 R  87.5  80.1   0:47.47 main
06:58:31        8 root      20   0   14.0g  12.5g   4068 R  80.0  80.5   0:47.71 main
06:58:31        8 root      20   0   14.0g  12.6g   4068 R  86.7  81.1   0:47.96 main
06:58:31        8 root      20   0   14.1g  12.7g   4068 R 100.0  81.7   0:48.21 main
06:58:31        8 root      20   0   14.2g  12.8g   4068 R  93.3  82.6   0:48.46 main
06:58:32        8 root      20   0   14.3g  12.9g   4068 R  93.3  83.3   0:48.72 main
06:58:32        8 root      20   0   14.4g  13.0g   4068 R  86.7  84.0   0:48.96 main
06:58:32        8 root      20   0   14.5g  13.2g   4068 R 100.0  84.8   0:49.22 main
06:58:33        8 root      20   0   14.5g  13.3g   4068 R  93.3  85.6   0:49.47 main
06:58:33        8 root      20   0   14.6g  13.4g   4068 R  86.7  86.3   0:49.72 main
06:58:33        8 root      20   0   14.7g  13.6g   4068 R  93.3  87.3   0:49.98 main
06:58:33        8 root      20   0   14.8g  13.7g   4068 R  93.3  88.1   0:50.22 main
06:58:34        8 root      20   0   14.9g  13.8g   4068 R  93.3  89.0   0:50.47 main
06:58:34        8 root      20   0   15.0g  14.0g   4068 R  93.3  89.9   0:50.73 main
06:58:34        8 root      20   0   15.2g  14.1g   4068 R 100.0  91.1   0:51.00 main
  (enter) Call to r1cs_constraint_system::swap_AB_if_beneficial	[             ]	(1747033114.9722s x0.00 from start)
    (enter) Estimate densities                 	[             ]	(1747033114.9722s x0.00 from start)
06:58:34        8 root      20   0   15.2g  14.2g   4068 R  93.3  91.7   0:51.26 main
06:58:35        8 root      20   0   15.2g  14.2g   4068 R 100.0  91.7   0:51.53 main
06:58:35        8 root      20   0   15.2g  14.2g   4068 R 100.0  91.7   0:51.79 main
06:58:35        8 root      20   0   15.2g  14.2g   4068 R 100.0  91.7   0:52.05 main
06:58:36        8 root      20   0   15.2g  14.2g   4068 R 100.0  91.7   0:52.32 main
      * Non-zero A-count (estimate): 1434370
      * Non-zero B-count (estimate): 1315073
    (leave) Estimate densities                 	[1.3629s x0.99]	(1747033116.3352s x0.00 from start)
    Swap is not beneficial, not performing
  (leave) Call to r1cs_constraint_system::swap_AB_if_beneficial	[1.3631s x0.99]	(1747033116.3352s x0.00 from start)
  (enter) Call to r1cs_to_qap_instance_map_with_evaluation	[             ]	(1747033116.3354s x0.00 from start)
06:58:36        8 root      20   0   15.4g  14.4g   4200 R 100.0  92.5   0:52.58 main
    (enter) Compute evaluations of A, B, C, H at t	[             ]	(1747033116.4827s x0.00 from start)
06:58:36        8 root      20   0   16.5g  14.7g   4200 R 100.0  94.6   0:52.85 main
06:58:36        8 root      20   0   16.5g  14.9g   1252 R  93.8  96.1   0:53.18 main
06:58:37        8 root      20   0   16.5g  14.9g   1252 R 100.0  96.1   0:53.48 main
06:58:37        8 root      20   0   16.5g  14.9g   1556 R  93.8  96.1   0:53.74 main
06:58:37        8 root      20   0   16.5g  14.9g   1308 R  93.8  96.1   0:54.01 main
06:58:38        8 root      20   0   16.5g  14.9g   1308 R  93.8  96.1   0:54.34 main
06:58:38        8 root      20   0   16.5g  14.9g   1308 R 100.0  96.1   0:54.62 main
06:58:38        8 root      20   0   16.5g  14.9g   1308 R 100.0  96.1   0:54.88 main
06:58:38        8 root      20   0   16.5g  14.9g   1240 R  93.8  96.1   0:55.27 main
06:58:39        8 root      20   0   16.5g  14.9g   1144 R 100.0  96.1   0:55.67 main
06:58:39        8 root      20   0   16.5g  14.9g    172 R  95.2  96.1   0:56.35 main
06:58:40        8 root      20   0   16.5g  14.9g    152 R  94.1  96.1   0:57.12 main
06:58:41        8 root      20   0   16.5g  14.9g    104 R 100.0  96.1   0:58.28 main
06:58:42        8 root      20   0   16.5g  14.9g     88 R  69.2  96.1   0:59.42 main
06:58:43        8 root      20   0   16.5g  14.9g     88 R  76.2  96.1   1:00.51 main
06:58:45        8 root      20   0   16.5g  14.9g     84 R  88.2  96.1   1:02.04 main
06:58:46        8 root      20   0   16.5g  14.9g     84 R  93.8  96.1   1:02.37 main
06:58:46        8 root      20   0   16.5g  14.9g     84 R 100.0  96.1   1:02.68 main
06:58:46        8 root      20   0   16.5g  14.9g     84 R 100.0  96.1   1:02.94 main
06:58:46        8 root      20   0   16.5g  14.9g     84 R 100.0  96.1   1:03.22 main
06:58:47        8 root      20   0   16.5g  14.9g     84 R 100.0  96.1   1:03.49 main
06:58:47        8 root      20   0   16.5g  14.9g     84 R 100.0  96.1   1:03.75 main
06:58:47        8 root      20   0   16.5g  14.9g     84 R 100.0  96.1   1:04.01 main
06:58:48        8 root      20   0   16.5g  14.9g     84 R  87.5  96.1   1:04.27 main
06:58:48        8 root      20   0   16.5g  14.9g     84 R 100.0  96.1   1:04.54 main
06:58:48        8 root      20   0   16.5g  14.9g     84 R 100.0  96.1   1:04.80 main
06:58:48        8 root      20   0   16.5g  14.9g     84 R 100.0  96.1   1:05.06 main
06:58:49        8 root      20   0   16.5g  14.9g     84 R  93.3  96.1   1:05.31 main
06:58:49        8 root      20   0   16.5g  14.9g     84 R 100.0  96.1   1:05.58 main
06:58:49        8 root      20   0   16.5g  14.9g     84 R  93.8  96.1   1:05.84 main
06:58:49        8 root      20   0   16.5g  14.9g     84 R 100.0  96.1   1:06.11 main
06:58:50        8 root      20   0   16.5g  14.9g     84 R 100.0  96.1   1:06.44 main
06:58:50        8 root      20   0   16.5g  14.9g     84 R 100.0  96.1   1:06.70 main
06:58:50        8 root      20   0   16.5g  14.9g     84 R 100.0  96.1   1:06.97 main
06:58:51        8 root      20   0   16.5g  14.9g     84 R 100.0  96.1   1:07.33 main
06:58:51        8 root      20   0   16.5g  14.9g     84 R 100.0  96.1   1:07.84 main
06:58:52        8 root      20   0   16.5g  14.9g     84 R  84.2  96.1   1:08.58 main
06:58:52        8 root      20   0   16.5g  14.9g     84 R  94.1  96.1   1:09.11 main
06:58:53        8 root      20   0   16.5g  14.9g     84 R  89.5  96.1   1:09.98 main
06:58:54        8 root      20   0   16.5g  14.9g     84 R  90.5  96.1   1:10.73 main
06:58:55        8 root      20   0   16.5g  14.9g     84 R  93.8  96.1   1:12.49 main
06:58:56        8 root      20   0   16.5g  14.9g     84 R  93.8  96.1   1:12.91 main
06:58:56        8 root      20   0   16.5g  14.9g     84 R 100.0  96.1   1:13.21 main
06:58:57        8 root      20   0   16.5g  14.9g     84 R 100.0  96.1   1:13.47 main
06:58:57        8 root      20   0   16.5g  14.9g     84 R 100.0  96.1   1:13.73 main
06:58:57        8 root      20   0   16.5g  14.9g     84 R  87.5  96.1   1:14.02 main
06:58:58        8 root      20   0   16.5g  14.9g     84 R 100.0  96.1   1:14.29 main
06:58:58        8 root      20   0   16.5g  14.9g     84 R 100.0  96.1   1:14.55 main
06:58:58        8 root      20   0   16.5g  14.9g     84 R 100.0  96.1   1:14.81 main
06:58:58        8 root      20   0   16.5g  14.9g     84 R 100.0  96.1   1:15.07 main
06:58:59        8 root      20   0   16.5g  14.9g     84 R 100.0  96.1   1:15.34 main
06:58:59        8 root      20   0   16.5g  14.9g     84 R 100.0  96.1   1:15.61 main
06:58:59        8 root      20   0   16.5g  14.9g     84 R 100.0  96.1   1:15.87 main
06:58:59        8 root      20   0   16.5g  14.9g     84 R 100.0  96.1   1:16.13 main
06:59:00        8 root      20   0   16.5g  14.9g     84 R 100.0  96.1   1:16.40 main
06:59:00        8 root      20   0   16.5g  14.9g     84 R 100.0  96.1   1:16.66 main
06:59:00        8 root      20   0   16.5g  14.9g     84 R 100.0  96.1   1:16.93 main
06:59:00        8 root      20   0   16.5g  14.9g     84 R 100.0  96.1   1:17.19 main
06:59:01        8 root      20   0   16.5g  14.9g     84 R 100.0  96.1   1:17.45 main
06:59:01        8 root      20   0   16.5g  14.9g     84 R  93.8  96.1   1:17.79 main
06:59:01        8 root      20   0   16.5g  14.9g     84 R  93.8  96.1   1:18.18 main
06:59:02        8 root      20   0   16.5g  14.9g     84 R  88.2  96.1   1:18.75 main
06:59:02        8 root      20   0   16.5g  14.9g     84 R  93.8  96.1   1:19.25 main
06:59:03        8 root      20   0   16.5g  14.9g     84 R  93.8  96.1   1:19.88 main
06:59:04        8 root      20   0   16.5g  14.9g     84 R  72.7  96.1   1:20.70 main
06:59:05        8 root      20   0   16.5g  14.9g     84 R  94.1  96.1   1:21.42 main
06:59:05        8 root      20   0   16.5g  14.9g     84 R  78.9  96.1   1:22.34 main
06:59:06        8 root      20   0   16.5g  14.9g     84 R  93.8  96.1   1:22.70 main
06:59:06        8 root      20   0   16.5g  14.9g     84 R  93.8  96.1   1:23.00 main
06:59:07        8 root      20   0   16.5g  14.9g     84 R 100.0  96.1   1:23.29 main
06:59:07        8 root      20   0   16.5g  14.9g     84 R 100.0  96.1   1:23.55 main
06:59:07        8 root      20   0   16.5g  14.9g     84 R 100.0  96.1   1:23.81 main
06:59:07        8 root      20   0   16.5g  14.9g     84 R 100.0  96.1   1:24.08 main
06:59:08        8 root      20   0   16.5g  14.9g     84 R 100.0  96.1   1:24.35 main
06:59:08        8 root      20   0   16.5g  14.9g     84 R 100.0  96.1   1:24.60 main
06:59:08        8 root      20   0   16.5g  14.9g     84 R 100.0  96.1   1:24.87 main
06:59:08        8 root      20   0   16.5g  14.9g     84 R 100.0  96.1   1:25.13 main
06:59:09        8 root      20   0   16.5g  14.9g     84 R 100.0  96.1   1:25.40 main
06:59:09        8 root      20   0   16.5g  14.9g     84 R 100.0  96.1   1:25.66 main
06:59:09        8 root      20   0   16.5g  14.9g     84 R 100.0  96.1   1:25.97 main
06:59:10        8 root      20   0   16.5g  14.9g     84 R 100.0  96.1   1:26.24 main
06:59:10        8 root      20   0   16.5g  14.9g     84 R 100.0  96.1   1:26.50 main
06:59:10        8 root      20   0   16.5g  14.9g     84 R 100.0  96.1   1:26.77 main
06:59:10        8 root      20   0   16.5g  14.9g     84 R 100.0  96.1   1:27.06 main
06:59:11        8 root      20   0   16.5g  14.9g     84 R 100.0  96.1   1:27.32 main
06:59:11        8 root      20   0   16.5g  14.9g     84 R  93.8  96.1   1:27.74 main
06:59:11        8 root      20   0   16.5g  14.9g     84 R  95.0  96.1   1:28.41 main
06:59:12        8 root      20   0   16.5g  14.9g     84 R  84.2  96.1   1:29.13 main
06:59:13        8 root      20   0   16.5g  14.9g     84 R  84.2  96.1   1:29.93 main
06:59:14        8 root      20   0   16.5g  14.9g     84 R 100.0  96.1   1:30.73 main
06:59:15        8 root      20   0   16.5g  14.9g     84 R  86.4  96.1   1:31.56 main
06:59:15        8 root      20   0   16.5g  14.9g     84 R  87.5  96.1   1:32.01 main
06:59:16        8 root      20   0   16.5g  14.9g     84 R 100.0  96.1   1:32.40 main
06:59:16        8 root      20   0   16.5g  14.9g     84 R 100.0  96.1   1:32.67 main
06:59:16        8 root      20   0   16.5g  14.9g     84 R 100.0  96.1   1:32.94 main
06:59:16        8 root      20   0   16.5g  14.9g     84 R 100.0  96.1   1:33.21 main
06:59:17        8 root      20   0   16.5g  14.9g     84 R 100.0  96.1   1:33.47 main
06:59:17        8 root      20   0   16.5g  14.9g     84 R 100.0  96.1   1:33.74 main
06:59:17        8 root      20   0   16.5g  14.9g     84 R  93.8  96.1   1:34.00 main
06:59:18        8 root      20   0   16.5g  14.9g     84 R 100.0  96.1   1:34.26 main
06:59:18        8 root      20   0   16.5g  14.9g     84 R  93.3  96.1   1:34.52 main
06:59:18        8 root      20   0   16.5g  14.9g     84 R  93.3  96.1   1:34.78 main
06:59:18        8 root      20   0   16.5g  14.9g     84 R 100.0  96.1   1:35.05 main
06:59:19        8 root      20   0   16.5g  14.9g     84 R 100.0  96.1   1:35.31 main
06:59:19        8 root      20   0   16.5g  14.9g     84 R  93.3  96.1   1:35.57 main
06:59:19        8 root      20   0   16.5g  14.9g     84 R 100.0  96.1   1:35.84 main
06:59:19        8 root      20   0   16.5g  14.9g     84 R 100.0  96.1   1:36.11 main
06:59:20        8 root      20   0   16.5g  14.9g     84 R 100.0  96.1   1:36.41 main
06:59:20        8 root      20   0   16.5g  14.9g     84 R 100.0  96.1   1:36.68 main
06:59:20        8 root      20   0   16.5g  14.9g     84 R 100.0  96.1   1:36.98 main
06:59:21        8 root      20   0   16.5g  14.9g     84 R 100.0  96.1   1:37.37 main
06:59:21        8 root      20   0   16.5g  14.9g     84 R  88.2  96.1   1:38.09 main
06:59:22        8 root      20   0   16.5g  14.9g     84 R  80.0  96.1   1:38.99 main
06:59:23        8 root      20   0   16.5g  14.9g     84 R  75.0  96.1   1:40.03 main
06:59:24        8 root      20   0   16.5g  14.9g     84 R 100.0  96.1   1:40.54 main
06:59:24        8 root      20   0   16.5g  14.9g     84 R 100.0  96.1   1:40.82 main
06:59:24        8 root      20   0   16.5g  14.9g     84 R  93.8  96.1   1:41.16 main
06:59:25        8 root      20   0   16.5g  14.9g     84 R 100.0  96.1   1:41.47 main
06:59:25        8 root      20   0   16.5g  14.9g     84 R 100.0  96.1   1:41.73 main
06:59:25        8 root      20   0   16.5g  14.9g     84 R 100.0  96.1   1:41.99 main
06:59:26        8 root      20   0   16.5g  14.9g     84 R 100.0  96.1   1:42.25 main
06:59:26        8 root      20   0   16.5g  14.9g     84 R 100.0  96.1   1:42.52 main
06:59:26        8 root      20   0   16.5g  14.9g     84 R 100.0  96.1   1:42.78 main
06:59:26        8 root      20   0   16.5g  14.9g     84 R 100.0  96.1   1:43.04 main
06:59:27        8 root      20   0   16.5g  14.9g     84 R 100.0  96.1   1:43.31 main
06:59:27        8 root      20   0   16.5g  14.9g     84 R 100.0  96.1   1:43.57 main
06:59:27        8 root      20   0   16.5g  14.9g     84 R 100.0  96.1   1:43.84 main
06:59:27        8 root      20   0   16.5g  14.9g     84 R 100.0  96.1   1:44.10 main
06:59:28        8 root      20   0   16.5g  14.9g     84 R 100.0  96.1   1:44.37 main
06:59:28        8 root      20   0   16.5g  14.9g     84 R 100.0  96.1   1:44.63 main
06:59:28        8 root      20   0   16.5g  14.9g     84 R 100.0  96.1   1:44.89 main
06:59:28        8 root      20   0   16.5g  14.9g     84 R  93.8  96.1   1:45.16 main
06:59:29        8 root      20   0   16.5g  14.9g     84 R 100.0  96.1   1:45.42 main
06:59:29        8 root      20   0   16.5g  14.9g     84 R  83.3  96.1   1:45.99 main
06:59:30        8 root      20   0   16.5g  14.9g     84 R  80.0  96.1   1:46.59 main
06:59:30        8 root      20   0   16.5g  14.9g     84 R  88.9  96.1   1:47.24 main
06:59:31        8 root      20   0   16.5g  14.9g     84 R  88.9  96.1   1:48.14 main
06:59:32        8 root      20   0   16.5g  14.9g     84 R  89.5  96.1   1:48.89 main
06:59:33        8 root      20   0   16.5g  14.9g     84 R  94.1  96.1   1:49.89 main
06:59:34        8 root      20   0   16.5g  14.9g     84 R  83.3  96.1   1:50.54 main
06:59:34        8 root      20   0   16.5g  14.9g     84 R  93.3  96.1   1:50.87 main
06:59:34        8 root      20   0   16.5g  14.9g     84 R 100.0  96.1   1:51.18 main
06:59:35        8 root      20   0   16.5g  14.9g     84 R 100.0  96.1   1:51.46 main
06:59:35        8 root      20   0   16.5g  14.9g     84 R 100.0  96.1   1:51.72 main
06:59:35        8 root      20   0   16.5g  14.9g     84 R 100.0  96.1   1:51.98 main
06:59:36        8 root      20   0   16.5g  14.9g     84 R 100.0  96.1   1:52.24 main
06:59:36        8 root      20   0   16.5g  14.9g     84 R 100.0  96.1   1:52.51 main
06:59:36        8 root      20   0   16.5g  14.9g     84 R 100.0  96.1   1:52.77 main
06:59:36        8 root      20   0   16.5g  14.9g     84 R 100.0  96.1   1:53.03 main
06:59:37        8 root      20   0   16.5g  14.9g     84 R  87.5  96.1   1:53.29 main
06:59:37        8 root      20   0   16.5g  14.9g     84 R 100.0  96.1   1:53.56 main
06:59:37        8 root      20   0   16.5g  14.9g     84 R 100.0  96.1   1:53.83 main
06:59:37        8 root      20   0   16.5g  14.9g     84 R 100.0  96.1   1:54.09 main
06:59:38        8 root      20   0   16.5g  14.9g     84 R 100.0  96.1   1:54.35 main
06:59:38        8 root      20   0       0      0      0 R  96.3   0.0   1:54.72 main
06:59:39        8 root      20   0       0      0      0 R  88.2   0.0   1:55.28 main
06:59:39        8 root      20   0       0      0      0 R  93.3   0.0   1:55.54 main
06:59:39        8 root      20   0       0      0      0 R 100.0   0.0   1:55.81 main
06:59:39  ./src/main not found.
src/main process has exited. Monitoring script will terminate.
